#
# There is insufficient memory for the Java Runtime Environment to continue.
# Native memory allocation (malloc) failed to allocate 1048176 bytes for Chunk::new
# Possible reasons:
#   The system is out of physical RAM or swap space
#   The process is running with CompressedOops enabled, and the Java Heap may be blocking the growth of the native heap
# Possible solutions:
#   Reduce memory load on the system
#   Increase physical memory or swap space
#   Check if swap backing store is full
#   Decrease Java heap size (-Xmx/-Xms)
#   Decrease number of Java threads
#   Decrease Java thread stack sizes (-Xss)
#   Set larger code cache with -XX:ReservedCodeCacheSize=
#   JVM is running with Unscaled Compressed Oops mode in which the Java heap is
#     placed in the first 4GB address space. The Java Heap base address is the
#     maximum limit for the native heap growth. Please use -XX:HeapBaseMinAddress
#     to set the Java Heap base and to place the Java Heap above 4GB virtual address.
# This output file may be truncated or incomplete.
#
#  Out of Memory Error (arena.cpp:189), pid=25500, tid=31168
#
# JRE version: Java(TM) SE Runtime Environment (17.0.9+11) (build 17.0.9+11-LTS-201)
# Java VM: Java HotSpot(TM) 64-Bit Server VM (17.0.9+11-LTS-201, mixed mode, sharing, tiered, compressed oops, compressed class ptrs, g1 gc, windows-amd64)
# No core dump will be written. Minidumps are not enabled by default on client versions of Windows
#

---------------  S U M M A R Y ------------

Command Line: -Dcom.sun.management.jmxremote -Dcom.sun.management.jmxremote.port=51036 -Dcom.sun.management.jmxremote.authenticate=false -Dcom.sun.management.jmxremote.ssl=false -Dspring.jmx.enabled=true -Djava.rmi.server.hostname=localhost -Dspring.application.admin.enabled=true -Dspring.boot.project.name=LMS_DoAn -XX:+ShowCodeDetailsInExceptionMessages -Dmanagement.endpoints.jmx.exposure.include=* vn.doan.lms.LMSApplication

Host: 11th Gen Intel(R) Core(TM) i7-11370H @ 3.30GHz, 8 cores, 7G,  Windows 11 , 64 bit Build 22621 (10.0.22621.5262)
Time: Sat Jun  7 23:34:40 2025 SE Asia Standard Time elapsed time: 9.382899 seconds (0d 0h 0m 9s)

---------------  T H R E A D  ---------------

Current thread (0x0000020fb54b3490):  JavaThread "C2 CompilerThread0" daemon [_thread_in_native, id=31168, stack(0x000000ff38b00000,0x000000ff38c00000)]


Current CompileTask:
C2:   9383 7945       4       java.lang.Class::getMethodsRecursive (99 bytes)

Stack: [0x000000ff38b00000,0x000000ff38c00000]
Native frames: (J=compiled Java code, j=interpreted, Vv=VM code, C=native code)
V  [jvm.dll+0x678a4a]
V  [jvm.dll+0x7d9cfd]
V  [jvm.dll+0x7db60e]
V  [jvm.dll+0x7dbc73]
V  [jvm.dll+0x245e1f]
V  [jvm.dll+0xaaafb]
V  [jvm.dll+0xab09c]
V  [jvm.dll+0x36232f]
V  [jvm.dll+0x1bbb3a]
V  [jvm.dll+0x218287]
V  [jvm.dll+0x217561]
V  [jvm.dll+0x1a3bc0]
V  [jvm.dll+0x2272de]
V  [jvm.dll+0x22548b]
V  [jvm.dll+0x78f58c]
V  [jvm.dll+0x78998a]
V  [jvm.dll+0x677875]
C  [ucrtbase.dll+0x29333]
C  [KERNEL32.DLL+0x1259d]
C  [ntdll.dll+0x5af58]


---------------  P R O C E S S  ---------------

Threads class SMR info:
_java_thread_list=0x0000020ffe2e9020, length=27, elements={
0x0000020f9758da20, 0x0000020fb5499010, 0x0000020fb549b9e0, 0x0000020fb54ad990,
0x0000020fb54ae350, 0x0000020fb54b0d20, 0x0000020fb54b26f0, 0x0000020fb54b3490,
0x0000020fb54b7440, 0x0000020fb54d3e50, 0x0000020fb5485730, 0x0000020fb5743a60,
0x0000020ffb305d90, 0x0000020ffb308bd0, 0x0000020ffb4cf390, 0x0000020ffb4f8e50,
0x0000020ffb521b60, 0x0000020ffbade100, 0x0000020ffb8c4160, 0x0000020ffb8c5ab0,
0x0000020ffb8c4b80, 0x0000020ffd8f0f90, 0x0000020ffd8f4740, 0x0000020ffd8f5b80,
0x0000020ffd8f5160, 0x0000020ffd8f4c50, 0x0000020ffd8f23d0
}

Java Threads: ( => current thread )
  0x0000020f9758da20 JavaThread "main" [_thread_blocked, id=11644, stack(0x000000ff37e00000,0x000000ff37f00000)]
  0x0000020fb5499010 JavaThread "Reference Handler" daemon [_thread_blocked, id=30036, stack(0x000000ff38500000,0x000000ff38600000)]
  0x0000020fb549b9e0 JavaThread "Finalizer" daemon [_thread_blocked, id=29756, stack(0x000000ff38600000,0x000000ff38700000)]
  0x0000020fb54ad990 JavaThread "Signal Dispatcher" daemon [_thread_blocked, id=24640, stack(0x000000ff38700000,0x000000ff38800000)]
  0x0000020fb54ae350 JavaThread "Attach Listener" daemon [_thread_blocked, id=28000, stack(0x000000ff38800000,0x000000ff38900000)]
  0x0000020fb54b0d20 JavaThread "Service Thread" daemon [_thread_blocked, id=29536, stack(0x000000ff38900000,0x000000ff38a00000)]
  0x0000020fb54b26f0 JavaThread "Monitor Deflation Thread" daemon [_thread_blocked, id=10988, stack(0x000000ff38a00000,0x000000ff38b00000)]
=>0x0000020fb54b3490 JavaThread "C2 CompilerThread0" daemon [_thread_in_native, id=31168, stack(0x000000ff38b00000,0x000000ff38c00000)]
  0x0000020fb54b7440 JavaThread "C1 CompilerThread0" daemon [_thread_blocked, id=20260, stack(0x000000ff38c00000,0x000000ff38d00000)]
  0x0000020fb54d3e50 JavaThread "Sweeper thread" daemon [_thread_blocked, id=12436, stack(0x000000ff38d00000,0x000000ff38e00000)]
  0x0000020fb5485730 JavaThread "Common-Cleaner" daemon [_thread_blocked, id=11664, stack(0x000000ff38e00000,0x000000ff38f00000)]
  0x0000020fb5743a60 JavaThread "Notification Thread" daemon [_thread_blocked, id=15652, stack(0x000000ff38f00000,0x000000ff39000000)]
  0x0000020ffb305d90 JavaThread "RMI TCP Accept-0" daemon [_thread_in_native, id=5736, stack(0x000000ff39000000,0x000000ff39100000)]
  0x0000020ffb308bd0 JavaThread "RMI TCP Accept-51036" daemon [_thread_in_native, id=23416, stack(0x000000ff39100000,0x000000ff39200000)]
  0x0000020ffb4cf390 JavaThread "RMI TCP Accept-0" daemon [_thread_in_native, id=6664, stack(0x000000ff39200000,0x000000ff39300000)]
  0x0000020ffb4f8e50 JavaThread "RMI TCP Connection(1)-127.0.0.1" daemon [_thread_in_native, id=3712, stack(0x000000ff39400000,0x000000ff39500000)]
  0x0000020ffb521b60 JavaThread "RMI Scheduler(0)" daemon [_thread_blocked, id=30540, stack(0x000000ff39500000,0x000000ff39600000)]
  0x0000020ffbade100 JavaThread "RMI TCP Connection(2)-127.0.0.1" daemon [_thread_in_native, id=19864, stack(0x000000ff39600000,0x000000ff39700000)]
  0x0000020ffb8c4160 JavaThread "JMX server connection timeout 22" daemon [_thread_blocked, id=29916, stack(0x000000ff39700000,0x000000ff39800000)]
  0x0000020ffb8c5ab0 JavaThread "Thread-0" [_thread_blocked, id=5100, stack(0x000000ff39f00000,0x000000ff3a000000)]
  0x0000020ffb8c4b80 JavaThread "restartedMain" [_thread_in_Java, id=27764, stack(0x000000ff3a000000,0x000000ff3a100000)]
  0x0000020ffd8f0f90 JavaThread "Catalina-utility-1" [_thread_blocked, id=22492, stack(0x000000ff3a200000,0x000000ff3a300000)]
  0x0000020ffd8f4740 JavaThread "Catalina-utility-2" [_thread_blocked, id=13820, stack(0x000000ff3a400000,0x000000ff3a500000)]
  0x0000020ffd8f5b80 JavaThread "container-0" [_thread_blocked, id=23132, stack(0x000000ff3a500000,0x000000ff3a600000)]
  0x0000020ffd8f5160 JavaThread "mysql-cj-abandoned-connection-cleanup" daemon [_thread_blocked, id=31236, stack(0x000000ff3a600000,0x000000ff3a700000)]
  0x0000020ffd8f4c50 JavaThread "HikariPool-1 housekeeper" daemon [_thread_blocked, id=17012, stack(0x000000ff3a800000,0x000000ff3a900000)]
  0x0000020ffd8f23d0 JavaThread "HikariPool-1 connection adder" daemon [_thread_blocked, id=6936, stack(0x000000ff3a900000,0x000000ff3aa00000)]

Other Threads:
  0x0000020fb5493560 VMThread "VM Thread" [stack: 0x000000ff38400000,0x000000ff38500000] [id=23916]
  0x0000020f9760b1d0 WatcherThread [stack: 0x000000ff39300000,0x000000ff39400000] [id=11476]
  0x0000020f975ef330 GCTaskThread "GC Thread#0" [stack: 0x000000ff37f00000,0x000000ff38000000] [id=2464]
  0x0000020ffbf62820 GCTaskThread "GC Thread#1" [stack: 0x000000ff39800000,0x000000ff39900000] [id=29108]
  0x0000020ffbd83a00 GCTaskThread "GC Thread#2" [stack: 0x000000ff39900000,0x000000ff39a00000] [id=28544]
  0x0000020ffb76cb90 GCTaskThread "GC Thread#3" [stack: 0x000000ff39a00000,0x000000ff39b00000] [id=16936]
  0x0000020ffbe1e470 GCTaskThread "GC Thread#4" [stack: 0x000000ff39b00000,0x000000ff39c00000] [id=28768]
  0x0000020ffbe1ef40 GCTaskThread "GC Thread#5" [stack: 0x000000ff39c00000,0x000000ff39d00000] [id=14080]
  0x0000020ffbe33210 GCTaskThread "GC Thread#6" [stack: 0x000000ff39d00000,0x000000ff39e00000] [id=7456]
  0x0000020ffb7f2af0 GCTaskThread "GC Thread#7" [stack: 0x000000ff3a100000,0x000000ff3a200000] [id=15888]
  0x0000020f975ff900 ConcurrentGCThread "G1 Main Marker" [stack: 0x000000ff38000000,0x000000ff38100000] [id=15700]
  0x0000020f97600310 ConcurrentGCThread "G1 Conc#0" [stack: 0x000000ff38100000,0x000000ff38200000] [id=18188]
  0x0000020ffc275060 ConcurrentGCThread "G1 Conc#1" [stack: 0x000000ff3a300000,0x000000ff3a400000] [id=7584]
  0x0000020f9763e3a0 ConcurrentGCThread "G1 Refine#0" [stack: 0x000000ff38200000,0x000000ff38300000] [id=3260]
  0x0000020ffbe4d4b0 ConcurrentGCThread "G1 Refine#1" [stack: 0x000000ff39e00000,0x000000ff39f00000] [id=23716]
  0x0000020fb5350130 ConcurrentGCThread "G1 Service" [stack: 0x000000ff38300000,0x000000ff38400000] [id=30464]

Threads with active compile tasks:
C2 CompilerThread0     9404 7945       4       java.lang.Class::getMethodsRecursive (99 bytes)

VM state: not at safepoint (normal execution)

VM Mutex/Monitor currently owned by a thread: None

Heap address: 0x0000000084c00000, size: 1972 MB, Compressed Oops mode: 32-bit

CDS archive(s) mapped at: [0x0000020fb6000000-0x0000020fb6bd0000-0x0000020fb6bd0000), size 12386304, SharedBaseAddress: 0x0000020fb6000000, ArchiveRelocationMode: 1.
Compressed class space mapped at: 0x0000020fb7000000-0x0000020ff7000000, reserved size: 1073741824
Narrow klass base: 0x0000020fb6000000, Narrow klass shift: 0, Narrow klass range: 0x100000000

GC Precious Log:
 CPUs: 8 total, 8 available
 Memory: 7883M
 Large Page Support: Disabled
 NUMA Support: Disabled
 Compressed Oops: Enabled (32-bit)
 Heap Region Size: 1M
 Heap Min Capacity: 8M
 Heap Initial Capacity: 124M
 Heap Max Capacity: 1972M
 Pre-touch: Disabled
 Parallel Workers: 8
 Concurrent Workers: 2
 Concurrent Refinement Workers: 8
 Periodic GC: Disabled

Heap:
 garbage-first heap   total 86016K, used 58481K [0x0000000084c00000, 0x0000000100000000)
  region size 1024K, 24 young (24576K), 2 survivors (2048K)
 Metaspace       used 73483K, committed 74048K, reserved 1114112K
  class space    used 9896K, committed 10176K, reserved 1048576K

Heap Regions: E=young(eden), S=young(survivor), O=old, HS=humongous(starts), HC=humongous(continues), CS=collection set, F=free, OA=open archive, CA=closed archive, TAMS=top-at-mark-start (previous, next)
|   0|0x0000000084c00000, 0x0000000084d00000, 0x0000000084d00000|100%|HS|  |TAMS 0x0000000084d00000, 0x0000000084c00000| Complete 
|   1|0x0000000084d00000, 0x0000000084e00000, 0x0000000084e00000|100%| O|  |TAMS 0x0000000084e00000, 0x0000000084d00000| Untracked 
|   2|0x0000000084e00000, 0x0000000084f00000, 0x0000000084f00000|100%| O|  |TAMS 0x0000000084f00000, 0x0000000084e00000| Untracked 
|   3|0x0000000084f00000, 0x0000000085000000, 0x0000000085000000|100%| O|  |TAMS 0x0000000085000000, 0x0000000084f00000| Untracked 
|   4|0x0000000085000000, 0x0000000085100000, 0x0000000085100000|100%| O|  |TAMS 0x0000000085100000, 0x0000000085000000| Untracked 
|   5|0x0000000085100000, 0x0000000085200000, 0x0000000085200000|100%| O|  |TAMS 0x0000000085200000, 0x0000000085100000| Untracked 
|   6|0x0000000085200000, 0x0000000085300000, 0x0000000085300000|100%| O|  |TAMS 0x0000000085300000, 0x0000000085200000| Untracked 
|   7|0x0000000085300000, 0x00000000853f6e00, 0x0000000085400000| 96%| O|  |TAMS 0x00000000853f6e00, 0x0000000085300000| Untracked 
|   8|0x0000000085400000, 0x0000000085500000, 0x0000000085500000|100%| O|  |TAMS 0x0000000085500000, 0x0000000085400000| Untracked 
|   9|0x0000000085500000, 0x0000000085600000, 0x0000000085600000|100%| O|  |TAMS 0x0000000085600000, 0x0000000085500000| Untracked 
|  10|0x0000000085600000, 0x0000000085700000, 0x0000000085700000|100%| O|  |TAMS 0x0000000085700000, 0x0000000085600000| Untracked 
|  11|0x0000000085700000, 0x0000000085800000, 0x0000000085800000|100%| O|  |TAMS 0x0000000085800000, 0x0000000085700000| Untracked 
|  12|0x0000000085800000, 0x0000000085900000, 0x0000000085900000|100%| O|  |TAMS 0x0000000085900000, 0x0000000085800000| Untracked 
|  13|0x0000000085900000, 0x0000000085a00000, 0x0000000085a00000|100%| O|  |TAMS 0x0000000085a00000, 0x0000000085900000| Untracked 
|  14|0x0000000085a00000, 0x0000000085b00000, 0x0000000085b00000|100%| O|  |TAMS 0x0000000085b00000, 0x0000000085a00000| Untracked 
|  15|0x0000000085b00000, 0x0000000085c00000, 0x0000000085c00000|100%| O|  |TAMS 0x0000000085c00000, 0x0000000085b00000| Untracked 
|  16|0x0000000085c00000, 0x0000000085d00000, 0x0000000085d00000|100%| O|  |TAMS 0x0000000085d00000, 0x0000000085c00000| Untracked 
|  17|0x0000000085d00000, 0x0000000085e00000, 0x0000000085e00000|100%| O|  |TAMS 0x0000000085e00000, 0x0000000085d00000| Untracked 
|  18|0x0000000085e00000, 0x0000000085f00000, 0x0000000085f00000|100%| O|  |TAMS 0x0000000085f00000, 0x0000000085e00000| Untracked 
|  19|0x0000000085f00000, 0x0000000086000000, 0x0000000086000000|100%| O|  |TAMS 0x0000000086000000, 0x0000000085f00000| Untracked 
|  20|0x0000000086000000, 0x0000000086100000, 0x0000000086100000|100%| O|  |TAMS 0x0000000086100000, 0x0000000086000000| Untracked 
|  21|0x0000000086100000, 0x0000000086200000, 0x0000000086200000|100%| O|  |TAMS 0x0000000086200000, 0x0000000086100000| Complete 
|  22|0x0000000086200000, 0x0000000086300000, 0x0000000086300000|100%| O|  |TAMS 0x0000000086300000, 0x0000000086200000| Untracked 
|  23|0x0000000086300000, 0x0000000086400000, 0x0000000086400000|100%| O|  |TAMS 0x0000000086400000, 0x0000000086300000| Untracked 
|  24|0x0000000086400000, 0x0000000086500000, 0x0000000086500000|100%| O|  |TAMS 0x0000000086500000, 0x0000000086400000| Untracked 
|  25|0x0000000086500000, 0x0000000086600000, 0x0000000086600000|100%| O|  |TAMS 0x0000000086600000, 0x0000000086500000| Untracked 
|  26|0x0000000086600000, 0x0000000086700000, 0x0000000086700000|100%| O|  |TAMS 0x0000000086700000, 0x0000000086600000| Untracked 
|  27|0x0000000086700000, 0x0000000086800000, 0x0000000086800000|100%| O|  |TAMS 0x0000000086800000, 0x0000000086700000| Untracked 
|  28|0x0000000086800000, 0x0000000086900000, 0x0000000086900000|100%| O|  |TAMS 0x0000000086900000, 0x0000000086800000| Untracked 
|  29|0x0000000086900000, 0x0000000086a00000, 0x0000000086a00000|100%| O|  |TAMS 0x0000000086a00000, 0x0000000086900000| Untracked 
|  30|0x0000000086a00000, 0x0000000086b00000, 0x0000000086b00000|100%| O|  |TAMS 0x0000000086b00000, 0x0000000086a00000| Untracked 
|  31|0x0000000086b00000, 0x0000000086c00000, 0x0000000086c00000|100%| O|  |TAMS 0x0000000086c00000, 0x0000000086b00000| Untracked 
|  32|0x0000000086c00000, 0x0000000086d00000, 0x0000000086d00000|100%| O|  |TAMS 0x0000000086d00000, 0x0000000086c00000| Untracked 
|  33|0x0000000086d00000, 0x0000000086e00000, 0x0000000086e00000|100%| O|  |TAMS 0x0000000086e00000, 0x0000000086d00000| Untracked 
|  34|0x0000000086e00000, 0x0000000086f00000, 0x0000000086f00000|100%| O|  |TAMS 0x0000000086f00000, 0x0000000086e00000| Untracked 
|  35|0x0000000086f00000, 0x0000000086f00000, 0x0000000087000000|  0%| F|  |TAMS 0x0000000086f00000, 0x0000000086f00000| Untracked 
|  36|0x0000000087000000, 0x0000000087000000, 0x0000000087100000|  0%| F|  |TAMS 0x0000000087000000, 0x0000000087000000| Untracked 
|  37|0x0000000087100000, 0x0000000087100000, 0x0000000087200000|  0%| F|  |TAMS 0x0000000087100000, 0x0000000087100000| Untracked 
|  38|0x0000000087200000, 0x0000000087200000, 0x0000000087300000|  0%| F|  |TAMS 0x0000000087200000, 0x0000000087200000| Untracked 
|  39|0x0000000087300000, 0x0000000087300000, 0x0000000087400000|  0%| F|  |TAMS 0x0000000087300000, 0x0000000087300000| Untracked 
|  40|0x0000000087400000, 0x0000000087400000, 0x0000000087500000|  0%| F|  |TAMS 0x0000000087400000, 0x0000000087400000| Untracked 
|  41|0x0000000087500000, 0x0000000087500000, 0x0000000087600000|  0%| F|  |TAMS 0x0000000087500000, 0x0000000087500000| Untracked 
|  42|0x0000000087600000, 0x0000000087600000, 0x0000000087700000|  0%| F|  |TAMS 0x0000000087600000, 0x0000000087600000| Untracked 
|  43|0x0000000087700000, 0x0000000087700000, 0x0000000087800000|  0%| F|  |TAMS 0x0000000087700000, 0x0000000087700000| Untracked 
|  44|0x0000000087800000, 0x0000000087800000, 0x0000000087900000|  0%| F|  |TAMS 0x0000000087800000, 0x0000000087800000| Untracked 
|  45|0x0000000087900000, 0x00000000879258c0, 0x0000000087a00000| 14%| S|CS|TAMS 0x0000000087900000, 0x0000000087900000| Complete 
|  46|0x0000000087a00000, 0x0000000087b00000, 0x0000000087b00000|100%| S|CS|TAMS 0x0000000087a00000, 0x0000000087a00000| Complete 
|  47|0x0000000087b00000, 0x0000000087b00000, 0x0000000087c00000|  0%| F|  |TAMS 0x0000000087b00000, 0x0000000087b00000| Untracked 
|  48|0x0000000087c00000, 0x0000000087c00000, 0x0000000087d00000|  0%| F|  |TAMS 0x0000000087c00000, 0x0000000087c00000| Untracked 
|  49|0x0000000087d00000, 0x0000000087d00000, 0x0000000087e00000|  0%| F|  |TAMS 0x0000000087d00000, 0x0000000087d00000| Untracked 
|  50|0x0000000087e00000, 0x0000000087e00000, 0x0000000087f00000|  0%| F|  |TAMS 0x0000000087e00000, 0x0000000087e00000| Untracked 
|  51|0x0000000087f00000, 0x0000000087f00000, 0x0000000088000000|  0%| F|  |TAMS 0x0000000087f00000, 0x0000000087f00000| Untracked 
|  52|0x0000000088000000, 0x0000000088000000, 0x0000000088100000|  0%| F|  |TAMS 0x0000000088000000, 0x0000000088000000| Untracked 
|  53|0x0000000088100000, 0x0000000088100000, 0x0000000088200000|  0%| F|  |TAMS 0x0000000088100000, 0x0000000088100000| Untracked 
|  54|0x0000000088200000, 0x0000000088200000, 0x0000000088300000|  0%| F|  |TAMS 0x0000000088200000, 0x0000000088200000| Untracked 
|  55|0x0000000088300000, 0x0000000088300000, 0x0000000088400000|  0%| F|  |TAMS 0x0000000088300000, 0x0000000088300000| Untracked 
|  56|0x0000000088400000, 0x0000000088400000, 0x0000000088500000|  0%| F|  |TAMS 0x0000000088400000, 0x0000000088400000| Untracked 
|  57|0x0000000088500000, 0x0000000088500000, 0x0000000088600000|  0%| F|  |TAMS 0x0000000088500000, 0x0000000088500000| Untracked 
|  58|0x0000000088600000, 0x0000000088600000, 0x0000000088700000|  0%| F|  |TAMS 0x0000000088600000, 0x0000000088600000| Untracked 
|  59|0x0000000088700000, 0x0000000088700000, 0x0000000088800000|  0%| F|  |TAMS 0x0000000088700000, 0x0000000088700000| Untracked 
|  60|0x0000000088800000, 0x0000000088800000, 0x0000000088900000|  0%| F|  |TAMS 0x0000000088800000, 0x0000000088800000| Untracked 
|  61|0x0000000088900000, 0x0000000088900000, 0x0000000088a00000|  0%| F|  |TAMS 0x0000000088900000, 0x0000000088900000| Untracked 
|  62|0x0000000088a00000, 0x0000000088a80800, 0x0000000088b00000| 50%| E|  |TAMS 0x0000000088a00000, 0x0000000088a00000| Complete 
|  63|0x0000000088b00000, 0x0000000088c00000, 0x0000000088c00000|100%| E|CS|TAMS 0x0000000088b00000, 0x0000000088b00000| Complete 
|  64|0x0000000088c00000, 0x0000000088d00000, 0x0000000088d00000|100%| E|CS|TAMS 0x0000000088c00000, 0x0000000088c00000| Complete 
|  65|0x0000000088d00000, 0x0000000088e00000, 0x0000000088e00000|100%| E|CS|TAMS 0x0000000088d00000, 0x0000000088d00000| Complete 
|  66|0x0000000088e00000, 0x0000000088f00000, 0x0000000088f00000|100%| E|CS|TAMS 0x0000000088e00000, 0x0000000088e00000| Complete 
|  67|0x0000000088f00000, 0x0000000089000000, 0x0000000089000000|100%| E|CS|TAMS 0x0000000088f00000, 0x0000000088f00000| Complete 
|  68|0x0000000089000000, 0x0000000089100000, 0x0000000089100000|100%| E|CS|TAMS 0x0000000089000000, 0x0000000089000000| Complete 
|  69|0x0000000089100000, 0x0000000089200000, 0x0000000089200000|100%| E|CS|TAMS 0x0000000089100000, 0x0000000089100000| Complete 
|  70|0x0000000089200000, 0x0000000089300000, 0x0000000089300000|100%| E|CS|TAMS 0x0000000089200000, 0x0000000089200000| Complete 
|  71|0x0000000089300000, 0x0000000089400000, 0x0000000089400000|100%| E|CS|TAMS 0x0000000089300000, 0x0000000089300000| Complete 
|  72|0x0000000089400000, 0x0000000089500000, 0x0000000089500000|100%| E|CS|TAMS 0x0000000089400000, 0x0000000089400000| Complete 
|  73|0x0000000089500000, 0x0000000089600000, 0x0000000089600000|100%| E|CS|TAMS 0x0000000089500000, 0x0000000089500000| Complete 
|  74|0x0000000089600000, 0x0000000089700000, 0x0000000089700000|100%| E|CS|TAMS 0x0000000089600000, 0x0000000089600000| Complete 
|  75|0x0000000089700000, 0x0000000089800000, 0x0000000089800000|100%| E|CS|TAMS 0x0000000089700000, 0x0000000089700000| Complete 
|  76|0x0000000089800000, 0x0000000089900000, 0x0000000089900000|100%| E|CS|TAMS 0x0000000089800000, 0x0000000089800000| Complete 
|  77|0x0000000089900000, 0x0000000089a00000, 0x0000000089a00000|100%| E|CS|TAMS 0x0000000089900000, 0x0000000089900000| Complete 
|  78|0x0000000089a00000, 0x0000000089b00000, 0x0000000089b00000|100%| E|CS|TAMS 0x0000000089a00000, 0x0000000089a00000| Complete 
|  79|0x0000000089b00000, 0x0000000089c00000, 0x0000000089c00000|100%| E|CS|TAMS 0x0000000089b00000, 0x0000000089b00000| Complete 
|  80|0x0000000089c00000, 0x0000000089d00000, 0x0000000089d00000|100%| E|CS|TAMS 0x0000000089c00000, 0x0000000089c00000| Complete 
|  81|0x0000000089d00000, 0x0000000089e00000, 0x0000000089e00000|100%| E|CS|TAMS 0x0000000089d00000, 0x0000000089d00000| Complete 
|  82|0x0000000089e00000, 0x0000000089f00000, 0x0000000089f00000|100%| E|CS|TAMS 0x0000000089e00000, 0x0000000089e00000| Complete 
| 123|0x000000008c700000, 0x000000008c800000, 0x000000008c800000|100%| E|CS|TAMS 0x000000008c700000, 0x000000008c700000| Complete 

Card table byte_map: [0x0000020fae530000,0x0000020fae910000] _byte_map_base: 0x0000020fae10a000

Marking Bits (Prev, Next): (CMBitMap*) 0x0000020f975ef990, (CMBitMap*) 0x0000020f975ef950
 Prev Bits: [0x0000020fb0bc0000, 0x0000020fb2a90000)
 Next Bits: [0x0000020faecf0000, 0x0000020fb0bc0000)

Polling page: 0x0000020f95520000

Metaspace:

Usage:
  Non-class:     62.10 MB used.
      Class:      9.67 MB used.
       Both:     71.77 MB used.

Virtual space:
  Non-class space:       64.00 MB reserved,      62.38 MB ( 97%) committed,  1 nodes.
      Class space:        1.00 GB reserved,       9.94 MB ( <1%) committed,  1 nodes.
             Both:        1.06 GB reserved,      72.31 MB (  7%) committed. 

Chunk freelists:
   Non-Class:  1.39 MB
       Class:  6.06 MB
        Both:  7.45 MB

MaxMetaspaceSize: unlimited
CompressedClassSpaceSize: 1.00 GB
Initial GC threshold: 21.00 MB
Current GC threshold: 119.94 MB
CDS: on
MetaspaceReclaimPolicy: balanced
 - commit_granule_bytes: 65536.
 - commit_granule_words: 8192.
 - virtual_space_node_default_size: 8388608.
 - enlarge_chunks_in_place: 1.
 - new_chunks_are_fully_committed: 0.
 - uncommit_free_chunks: 1.
 - use_allocation_guard: 0.
 - handle_deallocations: 1.


Internal statistics:

num_allocs_failed_limit: 12.
num_arena_births: 856.
num_arena_deaths: 0.
num_vsnodes_births: 2.
num_vsnodes_deaths: 0.
num_space_committed: 1157.
num_space_uncommitted: 0.
num_chunks_returned_to_freelist: 12.
num_chunks_taken_from_freelist: 3439.
num_chunk_merges: 9.
num_chunk_splits: 2461.
num_chunks_enlarged: 1878.
num_inconsistent_stats: 0.

CodeHeap 'non-profiled nmethods': size=120000Kb used=2816Kb max_used=2860Kb free=117183Kb
 bounds [0x0000020fa68e0000, 0x0000020fa6bd0000, 0x0000020fade10000]
CodeHeap 'profiled nmethods': size=120000Kb used=13363Kb max_used=13505Kb free=106636Kb
 bounds [0x0000020f9ee10000, 0x0000020f9fb50000, 0x0000020fa6340000]
CodeHeap 'non-nmethods': size=5760Kb used=1390Kb max_used=1446Kb free=4369Kb
 bounds [0x0000020fa6340000, 0x0000020fa65b0000, 0x0000020fa68e0000]
 total_blobs=7728 nmethods=7015 adapters=624
 compilation: enabled
              stopped_count=0, restarted_count=0
 full_count=0

Compilation events (20 events):
Event: 9.351 Thread 0x0000020fb54b7440 8025       2       org.springframework.beans.CachedIntrospectionResults::getPropertyDescriptor (65 bytes)
Event: 9.351 Thread 0x0000020fb54b7440 nmethod 8025 0x0000020f9f43f510 code [0x0000020f9f43f700, 0x0000020f9f43fa28]
Event: 9.368 Thread 0x0000020fb54b7440 8032 %     3       org.springframework.data.repository.core.RepositoryInformationSupport::getQueryMethods @ 22 (77 bytes)
Event: 9.369 Thread 0x0000020fb54b7440 nmethod 8032% 0x0000020f9f43cb10 code [0x0000020f9f43cec0, 0x0000020f9f43eb98]
Event: 9.370 Thread 0x0000020fb54b7440 8033       2       sun.reflect.generics.parser.SignatureParser::parseMethodTypeSignature (41 bytes)
Event: 9.370 Thread 0x0000020fb54b7440 nmethod 8033 0x0000020f9f43c210 code [0x0000020f9f43c400, 0x0000020f9f43c6d8]
Event: 9.372 Thread 0x0000020fb54b7440 8034       2       org.hibernate.query.sqm.tree.domain.AbstractSqmPath::getReferencedPathSource (8 bytes)
Event: 9.372 Thread 0x0000020fb54b7440 nmethod 8034 0x0000020f9f5eff10 code [0x0000020f9f5f00a0, 0x0000020f9f5f01f8]
Event: 9.372 Thread 0x0000020fb54b7440 8036       2       org.hibernate.query.sqm.tree.domain.SqmBasicValuedSimplePath::getNodeType (5 bytes)
Event: 9.372 Thread 0x0000020fb54b7440 nmethod 8036 0x0000020f9f5ef990 code [0x0000020f9f5efb40, 0x0000020f9f5efd98]
Event: 9.372 Thread 0x0000020fb54b7440 8035       1       org.springframework.data.repository.query.parser.Part::shouldIgnoreCase (5 bytes)
Event: 9.372 Thread 0x0000020fb54b7440 nmethod 8035 0x0000020fa69c6b90 code [0x0000020fa69c6d20, 0x0000020fa69c6df8]
Event: 9.372 Thread 0x0000020fb54b7440 8037   !   2       jdk.internal.reflect.GeneratedMethodAccessor3::invoke (63 bytes)
Event: 9.372 Thread 0x0000020fb54b7440 nmethod 8037 0x0000020f9f5ef010 code [0x0000020f9f5ef220, 0x0000020f9f5ef6d8]
Event: 9.372 Thread 0x0000020fb54b7440 8038       2       java.util.regex.Pattern$BranchConn::match (11 bytes)
Event: 9.373 Thread 0x0000020fb54b7440 nmethod 8038 0x0000020f9f5eec90 code [0x0000020f9f5eee20, 0x0000020f9f5eef48]
Event: 9.373 Thread 0x0000020fb54b7440 8039       3       java.util.regex.Pattern$CharPredicate$$Lambda$23/0x80000002d::is (11 bytes)
Event: 9.373 Thread 0x0000020fb54b7440 nmethod 8039 0x0000020f9f5ee690 code [0x0000020f9f5ee840, 0x0000020f9f5eeba8]
Event: 9.373 Thread 0x0000020fb54b7440 8040       2       java.lang.invoke.LambdaForm$MH/0x0000020fb7406c00::invoke (48 bytes)
Event: 9.373 Thread 0x0000020fb54b7440 nmethod 8040 0x0000020f9f5ee090 code [0x0000020f9f5ee260, 0x0000020f9f5ee4b8]

GC Heap History (20 events):
Event: 7.051 GC heap before
{Heap before GC invocations=17 (full 0):
 garbage-first heap   total 65536K, used 51737K [0x0000000084c00000, 0x0000000100000000)
  region size 1024K, 28 young (28672K), 4 survivors (4096K)
 Metaspace       used 55115K, committed 55680K, reserved 1114112K
  class space    used 7233K, committed 7488K, reserved 1048576K
}
Event: 7.057 GC heap after
{Heap after GC invocations=18 (full 0):
 garbage-first heap   total 65536K, used 29346K [0x0000000084c00000, 0x0000000100000000)
  region size 1024K, 4 young (4096K), 4 survivors (4096K)
 Metaspace       used 55115K, committed 55680K, reserved 1114112K
  class space    used 7233K, committed 7488K, reserved 1048576K
}
Event: 7.418 GC heap before
{Heap before GC invocations=18 (full 0):
 garbage-first heap   total 65536K, used 52898K [0x0000000084c00000, 0x0000000100000000)
  region size 1024K, 27 young (27648K), 4 survivors (4096K)
 Metaspace       used 58804K, committed 59328K, reserved 1114112K
  class space    used 7666K, committed 7936K, reserved 1048576K
}
Event: 7.421 GC heap after
{Heap after GC invocations=19 (full 0):
 garbage-first heap   total 65536K, used 30590K [0x0000000084c00000, 0x0000000100000000)
  region size 1024K, 4 young (4096K), 4 survivors (4096K)
 Metaspace       used 58804K, committed 59328K, reserved 1114112K
  class space    used 7666K, committed 7936K, reserved 1048576K
}
Event: 7.470 GC heap before
{Heap before GC invocations=19 (full 0):
 garbage-first heap   total 65536K, used 32638K [0x0000000084c00000, 0x0000000100000000)
  region size 1024K, 8 young (8192K), 4 survivors (4096K)
 Metaspace       used 59739K, committed 60160K, reserved 1114112K
  class space    used 7789K, committed 8000K, reserved 1048576K
}
Event: 7.473 GC heap after
{Heap after GC invocations=20 (full 0):
 garbage-first heap   total 65536K, used 30949K [0x0000000084c00000, 0x0000000100000000)
  region size 1024K, 2 young (2048K), 2 survivors (2048K)
 Metaspace       used 59739K, committed 60160K, reserved 1114112K
  class space    used 7789K, committed 8000K, reserved 1048576K
}
Event: 7.866 GC heap before
{Heap before GC invocations=21 (full 0):
 garbage-first heap   total 65536K, used 53477K [0x0000000084c00000, 0x0000000100000000)
  region size 1024K, 24 young (24576K), 2 survivors (2048K)
 Metaspace       used 64613K, committed 65152K, reserved 1114112K
  class space    used 8697K, committed 8960K, reserved 1048576K
}
Event: 7.869 GC heap after
{Heap after GC invocations=22 (full 0):
 garbage-first heap   total 65536K, used 31288K [0x0000000084c00000, 0x0000000100000000)
  region size 1024K, 3 young (3072K), 3 survivors (3072K)
 Metaspace       used 64613K, committed 65152K, reserved 1114112K
  class space    used 8697K, committed 8960K, reserved 1048576K
}
Event: 8.263 GC heap before
{Heap before GC invocations=23 (full 0):
 garbage-first heap   total 65536K, used 52792K [0x0000000084c00000, 0x0000000100000000)
  region size 1024K, 24 young (24576K), 3 survivors (3072K)
 Metaspace       used 68089K, committed 68672K, reserved 1114112K
  class space    used 9214K, committed 9472K, reserved 1048576K
}
Event: 8.266 GC heap after
{Heap after GC invocations=24 (full 0):
 garbage-first heap   total 65536K, used 32282K [0x0000000084c00000, 0x0000000100000000)
  region size 1024K, 2 young (2048K), 2 survivors (2048K)
 Metaspace       used 68089K, committed 68672K, reserved 1114112K
  class space    used 9214K, committed 9472K, reserved 1048576K
}
Event: 8.663 GC heap before
{Heap before GC invocations=24 (full 0):
 garbage-first heap   total 65536K, used 53786K [0x0000000084c00000, 0x0000000100000000)
  region size 1024K, 23 young (23552K), 2 survivors (2048K)
 Metaspace       used 69219K, committed 69760K, reserved 1114112K
  class space    used 9314K, committed 9600K, reserved 1048576K
}
Event: 8.667 GC heap after
{Heap after GC invocations=25 (full 0):
 garbage-first heap   total 65536K, used 33943K [0x0000000084c00000, 0x0000000100000000)
  region size 1024K, 3 young (3072K), 3 survivors (3072K)
 Metaspace       used 69219K, committed 69760K, reserved 1114112K
  class space    used 9314K, committed 9600K, reserved 1048576K
}
Event: 8.897 GC heap before
{Heap before GC invocations=26 (full 0):
 garbage-first heap   total 65536K, used 52375K [0x0000000084c00000, 0x0000000100000000)
  region size 1024K, 22 young (22528K), 3 survivors (3072K)
 Metaspace       used 71284K, committed 71936K, reserved 1114112K
  class space    used 9590K, committed 9920K, reserved 1048576K
}
Event: 8.901 GC heap after
{Heap after GC invocations=27 (full 0):
 garbage-first heap   total 65536K, used 35970K [0x0000000084c00000, 0x0000000100000000)
  region size 1024K, 2 young (2048K), 2 survivors (2048K)
 Metaspace       used 71284K, committed 71936K, reserved 1114112K
  class space    used 9590K, committed 9920K, reserved 1048576K
}
Event: 9.062 GC heap before
{Heap before GC invocations=27 (full 0):
 garbage-first heap   total 65536K, used 53378K [0x0000000084c00000, 0x0000000100000000)
  region size 1024K, 19 young (19456K), 2 survivors (2048K)
 Metaspace       used 72610K, committed 73216K, reserved 1114112K
  class space    used 9789K, committed 10112K, reserved 1048576K
}
Event: 9.065 GC heap after
{Heap after GC invocations=28 (full 0):
 garbage-first heap   total 65536K, used 36517K [0x0000000084c00000, 0x0000000100000000)
  region size 1024K, 1 young (1024K), 1 survivors (1024K)
 Metaspace       used 72610K, committed 73216K, reserved 1114112K
  class space    used 9789K, committed 10112K, reserved 1048576K
}
Event: 9.151 GC heap before
{Heap before GC invocations=29 (full 0):
 garbage-first heap   total 71680K, used 53925K [0x0000000084c00000, 0x0000000100000000)
  region size 1024K, 18 young (18432K), 1 survivors (1024K)
 Metaspace       used 72700K, committed 73344K, reserved 1114112K
  class space    used 9803K, committed 10112K, reserved 1048576K
}
Event: 9.155 GC heap after
{Heap after GC invocations=30 (full 0):
 garbage-first heap   total 71680K, used 36603K [0x0000000084c00000, 0x0000000100000000)
  region size 1024K, 1 young (1024K), 1 survivors (1024K)
 Metaspace       used 72700K, committed 73344K, reserved 1114112K
  class space    used 9803K, committed 10112K, reserved 1048576K
}
Event: 9.271 GC heap before
{Heap before GC invocations=30 (full 0):
 garbage-first heap   total 71680K, used 59131K [0x0000000084c00000, 0x0000000100000000)
  region size 1024K, 23 young (23552K), 1 survivors (1024K)
 Metaspace       used 72959K, committed 73600K, reserved 1114112K
  class space    used 9843K, committed 10176K, reserved 1048576K
}
Event: 9.273 GC heap after
{Heap after GC invocations=31 (full 0):
 garbage-first heap   total 86016K, used 36977K [0x0000000084c00000, 0x0000000100000000)
  region size 1024K, 2 young (2048K), 2 survivors (2048K)
 Metaspace       used 72959K, committed 73600K, reserved 1114112K
  class space    used 9843K, committed 10176K, reserved 1048576K
}

Deoptimization events (20 events):
Event: 9.134 Thread 0x0000020ffb8c4b80 Uncommon trap: trap_request=0xffffff45 fr.pc=0x0000020fa6b23234 relative=0x0000000000000134
Event: 9.134 Thread 0x0000020ffb8c4b80 Uncommon trap: reason=unstable_if action=reinterpret pc=0x0000020fa6b23234 method=org.springframework.core.annotation.AnnotationsScanner.processMethodHierarchy(Ljava/lang/Object;[ILjava/lang/Class;Lorg/springframework/core/annotation/AnnotationsProcessor;
Event: 9.134 Thread 0x0000020ffb8c4b80 DEOPT PACKING pc=0x0000020fa6b23234 sp=0x000000ff3a0fbb40
Event: 9.134 Thread 0x0000020ffb8c4b80 DEOPT UNPACKING pc=0x0000020fa6395ba3 sp=0x000000ff3a0fbbc8 mode 2
Event: 9.134 Thread 0x0000020ffb8c4b80 Uncommon trap: trap_request=0xffffff45 fr.pc=0x0000020fa6b26484 relative=0x0000000000003384
Event: 9.134 Thread 0x0000020ffb8c4b80 Uncommon trap: reason=unstable_if action=reinterpret pc=0x0000020fa6b26484 method=org.springframework.core.annotation.AnnotationsScanner.processMethodHierarchy(Ljava/lang/Object;[ILjava/lang/Class;Lorg/springframework/core/annotation/AnnotationsProcessor;
Event: 9.134 Thread 0x0000020ffb8c4b80 DEOPT PACKING pc=0x0000020fa6b26484 sp=0x000000ff3a0fbcc0
Event: 9.134 Thread 0x0000020ffb8c4b80 DEOPT UNPACKING pc=0x0000020fa6395ba3 sp=0x000000ff3a0fbd48 mode 2
Event: 9.209 Thread 0x0000020ffb8c4b80 DEOPT PACKING pc=0x0000020f9f710c56 sp=0x000000ff3a0fbde0
Event: 9.209 Thread 0x0000020ffb8c4b80 DEOPT UNPACKING pc=0x0000020fa63966e3 sp=0x000000ff3a0fb2f0 mode 0
Event: 9.211 Thread 0x0000020ffb8c4b80 DEOPT PACKING pc=0x0000020f9f710c56 sp=0x000000ff3a0fb9b0
Event: 9.211 Thread 0x0000020ffb8c4b80 DEOPT UNPACKING pc=0x0000020fa63966e3 sp=0x000000ff3a0faec0 mode 0
Event: 9.212 Thread 0x0000020ffb8c4b80 DEOPT PACKING pc=0x0000020f9f710c56 sp=0x000000ff3a0fb9b0
Event: 9.213 Thread 0x0000020ffb8c4b80 DEOPT UNPACKING pc=0x0000020fa63966e3 sp=0x000000ff3a0faec0 mode 0
Event: 9.220 Thread 0x0000020ffb8c4b80 DEOPT PACKING pc=0x0000020f9f710c56 sp=0x000000ff3a0fb500
Event: 9.220 Thread 0x0000020ffb8c4b80 DEOPT UNPACKING pc=0x0000020fa63966e3 sp=0x000000ff3a0faa10 mode 0
Event: 9.221 Thread 0x0000020ffb8c4b80 DEOPT PACKING pc=0x0000020f9f710c56 sp=0x000000ff3a0fb660
Event: 9.221 Thread 0x0000020ffb8c4b80 DEOPT UNPACKING pc=0x0000020fa63966e3 sp=0x000000ff3a0fab70 mode 0
Event: 9.337 Thread 0x0000020ffb8c4b80 DEOPT PACKING pc=0x0000020f9f78ce16 sp=0x000000ff3a0fc670
Event: 9.337 Thread 0x0000020ffb8c4b80 DEOPT UNPACKING pc=0x0000020fa63966e3 sp=0x000000ff3a0fbba0 mode 0

Classes unloaded (0 events):
No events

Classes redefined (0 events):
No events

Internal exceptions (20 events):
Event: 8.944 Thread 0x0000020ffb8c4b80 Exception <a 'java/lang/reflect/InvocationTargetException'{0x000000008860d680}> (0x000000008860d680) 
thrown [s\open\src\hotspot\share\runtime\reflection.cpp, line 1121]
Event: 8.952 Thread 0x0000020ffb8c4b80 Exception <a 'java/lang/NoSuchMethodError'{0x0000000088677140}: 'int java.lang.invoke.DirectMethodHandle$Holder.invokeStatic(java.lang.Object, java.lang.Object, int)'> (0x0000000088677140) 
thrown [s\open\src\hotspot\share\interpreter\linkResolver.cpp, line 759]
Event: 8.959 Thread 0x0000020ffb8c4b80 Exception <a 'java/lang/IncompatibleClassChangeError'{0x00000000886c39e8}: Found class java.lang.Object, but interface was expected> (0x00000000886c39e8) 
thrown [s\open\src\hotspot\share\interpreter\linkResolver.cpp, line 826]
Event: 8.993 Thread 0x0000020ffb8c4b80 Exception <a 'java/lang/NoSuchMethodError'{0x000000008849fa18}: 'java.lang.Object java.lang.invoke.DirectMethodHandle$Holder.invokeStatic(java.lang.Object, int, java.lang.Object)'> (0x000000008849fa18) 
thrown [s\open\src\hotspot\share\interpreter\linkResolver.cpp, line 759]
Event: 9.050 Thread 0x0000020ffb8c4b80 Implicit null exception at 0x0000020fa6a5e7da to 0x0000020fa6a5ea10
Event: 9.088 Thread 0x0000020ffb8c4b80 Exception <a 'java/lang/reflect/InvocationTargetException'{0x000000008864d710}> (0x000000008864d710) 
thrown [s\open\src\hotspot\share\runtime\reflection.cpp, line 1121]
Event: 9.091 Thread 0x0000020ffb8c4b80 Exception <a 'java/lang/reflect/InvocationTargetException'{0x000000008865f600}> (0x000000008865f600) 
thrown [s\open\src\hotspot\share\runtime\reflection.cpp, line 1121]
Event: 9.095 Thread 0x0000020ffb8c4b80 Exception <a 'java/lang/reflect/InvocationTargetException'{0x00000000886907a0}> (0x00000000886907a0) 
thrown [s\open\src\hotspot\share\runtime\reflection.cpp, line 1121]
Event: 9.098 Thread 0x0000020ffb8c4b80 Exception <a 'java/lang/reflect/InvocationTargetException'{0x000000008869bbf8}> (0x000000008869bbf8) 
thrown [s\open\src\hotspot\share\runtime\reflection.cpp, line 1121]
Event: 9.102 Thread 0x0000020ffb8c4b80 Exception <a 'java/lang/reflect/InvocationTargetException'{0x00000000886ad1e8}> (0x00000000886ad1e8) 
thrown [s\open\src\hotspot\share\runtime\reflection.cpp, line 1121]
Event: 9.168 Thread 0x0000020ffb8c4b80 Exception <a 'java/lang/reflect/InvocationTargetException'{0x0000000088b889b0}> (0x0000000088b889b0) 
thrown [s\open\src\hotspot\share\runtime\reflection.cpp, line 1121]
Event: 9.173 Thread 0x0000020ffb8c4b80 Exception <a 'java/lang/reflect/InvocationTargetException'{0x0000000088ba54d0}> (0x0000000088ba54d0) 
thrown [s\open\src\hotspot\share\runtime\reflection.cpp, line 1121]
Event: 9.174 Thread 0x0000020ffb8c4b80 Exception <a 'java/lang/reflect/InvocationTargetException'{0x0000000088bb5e40}> (0x0000000088bb5e40) 
thrown [s\open\src\hotspot\share\runtime\reflection.cpp, line 1121]
Event: 9.175 Thread 0x0000020ffb8c4b80 Exception <a 'java/lang/reflect/InvocationTargetException'{0x0000000088bc5af0}> (0x0000000088bc5af0) 
thrown [s\open\src\hotspot\share\runtime\reflection.cpp, line 1121]
Event: 9.176 Thread 0x0000020ffb8c4b80 Exception <a 'java/lang/reflect/InvocationTargetException'{0x0000000088bd2500}> (0x0000000088bd2500) 
thrown [s\open\src\hotspot\share\runtime\reflection.cpp, line 1121]
Event: 9.178 Thread 0x0000020ffb8c4b80 Exception <a 'java/lang/reflect/InvocationTargetException'{0x0000000088beb868}> (0x0000000088beb868) 
thrown [s\open\src\hotspot\share\runtime\reflection.cpp, line 1121]
Event: 9.193 Thread 0x0000020ffb8c4b80 Exception <a 'java/lang/reflect/InvocationTargetException'{0x0000000088af6518}> (0x0000000088af6518) 
thrown [s\open\src\hotspot\share\runtime\reflection.cpp, line 1121]
Event: 9.198 Thread 0x0000020ffb8c4b80 Exception <a 'java/lang/reflect/InvocationTargetException'{0x000000008891ba58}> (0x000000008891ba58) 
thrown [s\open\src\hotspot\share\runtime\reflection.cpp, line 1121]
Event: 9.201 Thread 0x0000020ffb8c4b80 Exception <a 'java/lang/reflect/InvocationTargetException'{0x0000000088947e28}> (0x0000000088947e28) 
thrown [s\open\src\hotspot\share\runtime\reflection.cpp, line 1121]
Event: 9.203 Thread 0x0000020ffb8c4b80 Exception <a 'java/lang/reflect/InvocationTargetException'{0x0000000088955870}> (0x0000000088955870) 
thrown [s\open\src\hotspot\share\runtime\reflection.cpp, line 1121]

VM Operations (20 events):
Event: 8.897 Executing VM operation: G1CollectForAllocation
Event: 8.901 Executing VM operation: G1CollectForAllocation done
Event: 8.915 Executing VM operation: HandshakeAllThreads
Event: 8.915 Executing VM operation: HandshakeAllThreads done
Event: 8.916 Executing VM operation: HandshakeAllThreads
Event: 8.916 Executing VM operation: HandshakeAllThreads done
Event: 9.062 Executing VM operation: G1CollectForAllocation
Event: 9.065 Executing VM operation: G1CollectForAllocation done
Event: 9.099 Executing VM operation: G1Concurrent
Event: 9.101 Executing VM operation: G1Concurrent done
Event: 9.116 Executing VM operation: G1Concurrent
Event: 9.116 Executing VM operation: G1Concurrent done
Event: 9.151 Executing VM operation: G1CollectForAllocation
Event: 9.155 Executing VM operation: G1CollectForAllocation done
Event: 9.270 Executing VM operation: G1CollectForAllocation
Event: 9.273 Executing VM operation: G1CollectForAllocation done
Event: 9.298 Executing VM operation: G1Concurrent
Event: 9.301 Executing VM operation: G1Concurrent done
Event: 9.315 Executing VM operation: G1Concurrent
Event: 9.315 Executing VM operation: G1Concurrent done

Events (20 events):
Event: 8.925 loading class java/util/stream/ReduceOps$5
Event: 8.926 loading class java/util/stream/ReduceOps$5 done
Event: 8.926 loading class java/util/stream/ReduceOps$CountingSink$OfRef
Event: 8.926 loading class java/util/stream/ReduceOps$CountingSink
Event: 8.926 loading class java/util/stream/ReduceOps$CountingSink done
Event: 8.926 loading class java/util/stream/ReduceOps$CountingSink$OfRef done
Event: 8.957 loading class java/util/regex/Pattern$1
Event: 8.957 loading class java/util/regex/Pattern$1 done
Event: 8.979 loading class java/util/regex/Pattern$Bound
Event: 8.979 loading class java/util/regex/Pattern$Bound done
Event: 8.980 loading class java/util/regex/Pattern$Behind
Event: 8.980 loading class java/util/regex/Pattern$Behind done
Event: 9.027 loading class java/lang/invoke/MethodHandleImpl$CountingWrapper$1
Event: 9.027 loading class java/lang/invoke/MethodHandleImpl$CountingWrapper$1 done
Event: 9.035 loading class sun/reflect/ReflectionFactory
Event: 9.035 loading class sun/reflect/ReflectionFactory done
Event: 9.035 loading class sun/reflect/ReflectionFactory$1
Event: 9.035 loading class sun/reflect/ReflectionFactory$1 done
Event: 9.035 loading class java/io/OptionalDataException
Event: 9.035 loading class java/io/OptionalDataException done


Dynamic libraries:
0x00007ff799940000 - 0x00007ff799950000 	D:\downApp\bin\java.exe
0x00007ff9a8bf0000 - 0x00007ff9a8e07000 	C:\WINDOWS\SYSTEM32\ntdll.dll
0x00007ff9a6ec0000 - 0x00007ff9a6f84000 	C:\WINDOWS\System32\KERNEL32.DLL
0x00007ff9a6290000 - 0x00007ff9a6663000 	C:\WINDOWS\System32\KERNELBASE.dll
0x00007ff9a6670000 - 0x00007ff9a6781000 	C:\WINDOWS\System32\ucrtbase.dll
0x00007ff983e10000 - 0x00007ff983e2b000 	D:\downApp\bin\VCRUNTIME140.dll
0x00007ff99f030000 - 0x00007ff99f049000 	D:\downApp\bin\jli.dll
0x00007ff9a69f0000 - 0x00007ff9a6aa1000 	C:\WINDOWS\System32\ADVAPI32.dll
0x00007ff9a6880000 - 0x00007ff9a6927000 	C:\WINDOWS\System32\msvcrt.dll
0x00007ff9a6930000 - 0x00007ff9a69d7000 	C:\WINDOWS\System32\sechost.dll
0x00007ff9a6790000 - 0x00007ff9a67b8000 	C:\WINDOWS\System32\bcrypt.dll
0x00007ff9a7440000 - 0x00007ff9a7554000 	C:\WINDOWS\System32\RPCRT4.dll
0x00007ff9a7260000 - 0x00007ff9a7411000 	C:\WINDOWS\System32\USER32.dll
0x00007ff9a5ce0000 - 0x00007ff9a5d06000 	C:\WINDOWS\System32\win32u.dll
0x00007ff99bc00000 - 0x00007ff99be9b000 	C:\WINDOWS\WinSxS\amd64_microsoft.windows.common-controls_6595b64144ccf1df_6.0.22621.5262_none_2712bde373830908\COMCTL32.dll
0x00007ff9a7120000 - 0x00007ff9a7149000 	C:\WINDOWS\System32\GDI32.dll
0x00007ff9a6160000 - 0x00007ff9a6282000 	C:\WINDOWS\System32\gdi32full.dll
0x00007ff9a5d90000 - 0x00007ff9a5e2a000 	C:\WINDOWS\System32\msvcp_win.dll
0x00007ff99f550000 - 0x00007ff99f55a000 	C:\WINDOWS\SYSTEM32\VERSION.dll
0x00007ff9a7a20000 - 0x00007ff9a7a51000 	C:\WINDOWS\System32\IMM32.DLL
0x00007ff983e00000 - 0x00007ff983e0c000 	D:\downApp\bin\vcruntime140_1.dll
0x00007ff983d70000 - 0x00007ff983dfe000 	D:\downApp\bin\msvcp140.dll
0x00007ff92c230000 - 0x00007ff92ce11000 	D:\downApp\bin\server\jvm.dll
0x00007ff9a8ba0000 - 0x00007ff9a8ba8000 	C:\WINDOWS\System32\PSAPI.DLL
0x00007ff997bf0000 - 0x00007ff997c24000 	C:\WINDOWS\SYSTEM32\WINMM.dll
0x00007ff99f390000 - 0x00007ff99f399000 	C:\WINDOWS\SYSTEM32\WSOCK32.dll
0x00007ff9a8b20000 - 0x00007ff9a8b91000 	C:\WINDOWS\System32\WS2_32.dll
0x00007ff9a4de0000 - 0x00007ff9a4df8000 	C:\WINDOWS\SYSTEM32\kernel.appcore.dll
0x00007ff99f2a0000 - 0x00007ff99f2aa000 	D:\downApp\bin\jimage.dll
0x00007ff9a3280000 - 0x00007ff9a34b2000 	C:\WINDOWS\SYSTEM32\DBGHELP.DLL
0x00007ff9a6b20000 - 0x00007ff9a6eb3000 	C:\WINDOWS\System32\combase.dll
0x00007ff9a7a80000 - 0x00007ff9a7b57000 	C:\WINDOWS\System32\OLEAUT32.dll
0x00007ff997040000 - 0x00007ff997072000 	C:\WINDOWS\SYSTEM32\dbgcore.DLL
0x00007ff9a5f70000 - 0x00007ff9a5feb000 	C:\WINDOWS\System32\bcryptPrimitives.dll
0x00007ff993b90000 - 0x00007ff993bb5000 	D:\downApp\bin\java.dll
0x00007ff991db0000 - 0x00007ff991e87000 	D:\downApp\bin\jsvml.dll
0x00007ff9a8280000 - 0x00007ff9a8b1d000 	C:\WINDOWS\System32\SHELL32.dll
0x00007ff9a5e30000 - 0x00007ff9a5f6f000 	C:\WINDOWS\System32\wintypes.dll
0x00007ff9a3be0000 - 0x00007ff9a44fd000 	C:\WINDOWS\SYSTEM32\windows.storage.dll
0x00007ff9a6f90000 - 0x00007ff9a709b000 	C:\WINDOWS\System32\SHCORE.dll
0x00007ff9a7b60000 - 0x00007ff9a7bc6000 	C:\WINDOWS\System32\shlwapi.dll
0x00007ff9a5c10000 - 0x00007ff9a5c3b000 	C:\WINDOWS\SYSTEM32\profapi.dll
0x00007ff99f000000 - 0x00007ff99f019000 	D:\downApp\bin\net.dll
0x00007ff99f8c0000 - 0x00007ff99f9ec000 	C:\WINDOWS\SYSTEM32\WINHTTP.dll
0x00007ff9a5290000 - 0x00007ff9a52fa000 	C:\WINDOWS\system32\mswsock.dll
0x00007ff9938b0000 - 0x00007ff9938c6000 	D:\downApp\bin\nio.dll
0x00007ff993b70000 - 0x00007ff993b88000 	D:\downApp\bin\zip.dll
0x00007ff99aea0000 - 0x00007ff99aeaa000 	D:\downApp\bin\management.dll
0x00007ff9925e0000 - 0x00007ff9925eb000 	D:\downApp\bin\management_ext.dll
0x00007ff9808c0000 - 0x00007ff9808d7000 	C:\WINDOWS\system32\napinsp.dll
0x00007ff980450000 - 0x00007ff98046b000 	C:\WINDOWS\system32\pnrpnsp.dll
0x00007ff9a4780000 - 0x00007ff9a4878000 	C:\WINDOWS\SYSTEM32\DNSAPI.dll
0x00007ff9a4750000 - 0x00007ff9a477d000 	C:\WINDOWS\SYSTEM32\IPHLPAPI.DLL
0x00007ff9a7a60000 - 0x00007ff9a7a69000 	C:\WINDOWS\System32\NSI.dll
0x00007ff980320000 - 0x00007ff980331000 	C:\WINDOWS\System32\winrnr.dll
0x00007ff980300000 - 0x00007ff98031f000 	C:\WINDOWS\system32\wshbth.dll
0x00007ff9802d0000 - 0x00007ff9802f1000 	C:\WINDOWS\system32\nlansp_c.dll
0x00007ff98bce0000 - 0x00007ff98bcea000 	C:\Windows\System32\rasadhlp.dll
0x00007ff99f600000 - 0x00007ff99f683000 	C:\WINDOWS\System32\fwpuclnt.dll
0x00007ff9a54f0000 - 0x00007ff9a550b000 	C:\WINDOWS\SYSTEM32\CRYPTSP.dll
0x00007ff9a4d40000 - 0x00007ff9a4d77000 	C:\WINDOWS\system32\rsaenh.dll
0x00007ff9a5380000 - 0x00007ff9a53a8000 	C:\WINDOWS\SYSTEM32\USERENV.dll
0x00007ff9a54e0000 - 0x00007ff9a54ec000 	C:\WINDOWS\SYSTEM32\CRYPTBASE.dll
0x00007ff99fd20000 - 0x00007ff99fd39000 	C:\WINDOWS\SYSTEM32\dhcpcsvc6.DLL
0x00007ff99f8a0000 - 0x00007ff99f8bf000 	C:\WINDOWS\SYSTEM32\dhcpcsvc.DLL
0x00007ff9938a0000 - 0x00007ff9938ae000 	D:\downApp\bin\sunmscapi.dll
0x00007ff9a5ff0000 - 0x00007ff9a6157000 	C:\WINDOWS\System32\CRYPT32.dll
0x00007ff9a5680000 - 0x00007ff9a56ad000 	C:\WINDOWS\SYSTEM32\ncrypt.dll
0x00007ff9a5640000 - 0x00007ff9a5677000 	C:\WINDOWS\SYSTEM32\NTASN1.dll
0x00007ff99efb0000 - 0x00007ff99efc0000 	D:\downApp\bin\verify.dll

dbghelp: loaded successfully - version: 4.0.5 - missing functions: none
symbol engine: initialized successfully - sym options: 0x614 - pdb path: .;D:\downApp\bin;C:\WINDOWS\SYSTEM32;C:\WINDOWS\WinSxS\amd64_microsoft.windows.common-controls_6595b64144ccf1df_6.0.22621.5262_none_2712bde373830908;D:\downApp\bin\server

VM Arguments:
jvm_args: -Dcom.sun.management.jmxremote -Dcom.sun.management.jmxremote.port=51036 -Dcom.sun.management.jmxremote.authenticate=false -Dcom.sun.management.jmxremote.ssl=false -Dspring.jmx.enabled=true -Djava.rmi.server.hostname=localhost -Dspring.application.admin.enabled=true -Dspring.boot.project.name=LMS_DoAn -XX:+ShowCodeDetailsInExceptionMessages -Dmanagement.endpoints.jmx.exposure.include=* 
java_command: vn.doan.lms.LMSApplication
java_class_path (initial): D:\java\vscodejava\doan\LMS_DoAn\build\resources\main;D:\java\vscodejava\doan\LMS_DoAn\build\classes\java\main;C:\Users\ASUS\.gradle\caches\modules-2\files-2.1\org.hibernate.validator\hibernate-validator\8.0.1.Final\e49e116b3d3928060599b176b3538bb848718e95\hibernate-validator-8.0.1.Final.jar;C:\Users\ASUS\.gradle\caches\modules-2\files-2.1\org.springframework\spring-orm\6.1.5\d2dc2b996680fcc8ae5aea294f0ce6bda5577c7c\spring-orm-6.1.5.jar;C:\Users\ASUS\.gradle\caches\modules-2\files-2.1\org.thymeleaf\thymeleaf-spring6\3.1.2.RELEASE\6030c7b4e260c41336f378e53da6e8531263f24b\thymeleaf-spring6-3.1.2.RELEASE.jar;C:\Users\ASUS\.gradle\caches\modules-2\files-2.1\io.micrometer\micrometer-commons\1.12.4\a57f10c78956b38087f97beae66cf14cb8b08d34\micrometer-commons-1.12.4.jar;C:\Users\ASUS\.gradle\caches\modules-2\files-2.1\org.springframework.data\spring-data-jpa\3.2.4\1932f90c487999575b57ad41986de96c8ebf5843\spring-data-jpa-3.2.4.jar;C:\Users\ASUS\.gradle\caches\modules-2\files-2.1\org.yaml\snakeyaml\2.2\3af797a25458550a16bf89acc8e4ab2b7f2bfce0\snakeyaml-2.2.jar;C:\Users\ASUS\.gradle\caches\modules-2\files-2.1\com.zaxxer\HikariCP\5.0.1\a74c7f0a37046846e88d54f7cb6ea6d565c65f9c\HikariCP-5.0.1.jar;C:\Users\ASUS\.gradle\caches\modules-2\files-2.1\ch.qos.logback\logback-core\1.4.14\4d3c2248219ac0effeb380ed4c5280a80bf395e8\logback-core-1.4.14.jar;C:\Users\ASUS\.gradle\caches\modules-2\files-2.1\org.springframework.boot\spring-boot-actuator-autoconfigure\3.2.4\fc5d94aa9b147786d60379f7365cb4bf6766cdad\spring-boot-actuator-autoconfigure-3.2.4.jar;C:\Users\ASUS\.gradle\caches\modules-2\files-2.1\org.glassfish.jaxb\jaxb-core\4.0.5\7b4b11ea5542eea4ad55e1080b23be436795b3\jaxb-core-4.0.5.jar;C:\Users\ASUS\.gradle\caches\modules-2\files-2.1\org.apache.tomcat.embed\tomcat-embed-core\10.1.19\3dbbca8acbd4dd6a137c3d6f934a2931512b42ce\tomcat-embed-core-10.1.19.jar;C:\Users\ASUS\.gradle\caches\modules-2\files-2.1\org.springframework\spring-aop\6.1.5\a4f596bd3c55b6cec93f
Launcher Type: SUN_STANDARD

[Global flags]
     intx CICompilerCount                          = 4                                         {product} {ergonomic}
     uint ConcGCThreads                            = 2                                         {product} {ergonomic}
     uint G1ConcRefinementThreads                  = 8                                         {product} {ergonomic}
   size_t G1HeapRegionSize                         = 1048576                                   {product} {ergonomic}
    uintx GCDrainStackTargetSize                   = 64                                        {product} {ergonomic}
   size_t InitialHeapSize                          = 130023424                                 {product} {ergonomic}
     bool ManagementServer                         = true                                      {product} {command line}
   size_t MarkStackSize                            = 4194304                                   {product} {ergonomic}
   size_t MaxHeapSize                              = 2067791872                                {product} {ergonomic}
   size_t MaxNewSize                               = 1240465408                                {product} {ergonomic}
   size_t MinHeapDeltaBytes                        = 1048576                                   {product} {ergonomic}
   size_t MinHeapSize                              = 8388608                                   {product} {ergonomic}
    uintx NonNMethodCodeHeapSize                   = 5839372                                {pd product} {ergonomic}
    uintx NonProfiledCodeHeapSize                  = 122909434                              {pd product} {ergonomic}
    uintx ProfiledCodeHeapSize                     = 122909434                              {pd product} {ergonomic}
    uintx ReservedCodeCacheSize                    = 251658240                              {pd product} {ergonomic}
     bool SegmentedCodeCache                       = true                                      {product} {ergonomic}
     bool ShowCodeDetailsInExceptionMessages       = true                                   {manageable} {command line}
   size_t SoftMaxHeapSize                          = 2067791872                             {manageable} {ergonomic}
     bool UseCompressedClassPointers               = true                           {product lp64_product} {ergonomic}
     bool UseCompressedOops                        = true                           {product lp64_product} {ergonomic}
     bool UseG1GC                                  = true                                      {product} {ergonomic}
     bool UseLargePagesIndividualAllocation        = false                                  {pd product} {ergonomic}

Logging:
Log output configuration:
 #0: stdout all=warning uptime,level,tags
 #1: stderr all=off uptime,level,tags

Environment Variables:
JAVA_HOME=D:\downApp
PATH=C:\Program Files\Common Files\Oracle\Java\javapath;D:\downApp\Scripts\;D:\downApp\;C:\Program Files\Microsoft MPI\Bin\;C:\Program Files (x86)\Common Files\Oracle\Java\javapath;C:\Windows\system32;C:\Windows;C:\Windows\System32\Wbem;C:\Windows\System32\WindowsPowerShell\v1.0\;C:\Windows\System32\OpenSSH\;C:\Program Files (x86)\NVIDIA Corporation\PhysX\Common;C:\Program Files\NVIDIA Corporation\NVIDIA NvDLISR;C:\WINDOWS\system32;C:\WINDOWS;C:\WINDOWS\System32\Wbem;C:\WINDOWS\System32\WindowsPowerShell\v1.0\;C:\WINDOWS\System32\OpenSSH\;C:\MinGW\bin;C:\Program Files\dotnet\;C:\Program Files\Microsoft SQL Server\150\Tools\Binn\;C:\Program Files\Microsoft SQL Server\Client SDK\ODBC\170\Tools\Binn\;C:\Program Files (x86)\Microsoft SQL Server\150\Tools\Binn\;C:\Program Files\Microsoft SQL Server\150\DTS\Binn\;C:\Program Files\Azure Data Studio\bin;C:\WINDOWS\system32;C:\WINDOWS;C:\WINDOWS\System32\Wbem;C:\WINDOWS\System32\WindowsPowerShell\v1.0\;C:\WINDOWS\System32\OpenSSH\;C:\laragon\bin\php\php-8.1.10-Win32-vs16-x64;D:\Git\Git\cmd;D:\laragon\laragon\bin\php\php-8.1.10-Win32-vs16-x64;D:\laragon\laragon;C:\Program Files (x86)\Microsoft SQL Server\160\Tools\Binn\;C:\Program Files\Microsoft SQL Server\160\Tools\Binn\;C:\Program Files\Microsoft SQL Server\160\DTS\Binn\;C:\Program Files\Java\apache-maven-3.9.9\bin;C:\Program Files\MySQL\MySQL Shell 8.0\bin\;C:\Users\ASUS\AppData\Local\Programs\Python\Python312\Scripts\;C:\Users\ASUS\AppData\Local\Programs\Python\Python312\;C:\Users\ASUS\AppData\Local\Programs\Python\Python311\Scripts\;C:\Users\ASUS\AppData\Local\Programs\Python\Python311\;D:\python\Scripts\;D:\python\;C:\Users\ASUS\AppData\Local\Microsoft\WindowsApps;D:\Microsoft VS Code\bin;C:\Program Files (x86)\Dev-Cpp\MinGW64\bin;C:\msys64\mingw64\bin;C:\Users\ASUS\.dotnet\tools;C:\Program Files\Azure Data Studio\bin;C:\Users\ASUS\AppData\Local\JetBrains\Toolbox\scripts;C:\Users\ASUS\AppData\Roaming\Composer\vendor\bin;C:\Users\ASUS\AppData\Local\Microsoft\WindowsApps;D:
USERNAME=ASUS
LANG=en_US.UTF-8
OS=Windows_NT
PROCESSOR_IDENTIFIER=Intel64 Family 6 Model 140 Stepping 1, GenuineIntel



---------------  S Y S T E M  ---------------

OS:
 Windows 11 , 64 bit Build 22621 (10.0.22621.5262)
OS uptime: 2 days 10:59 hours
Hyper-V role detected

CPU: total 8 (initial active 8) (4 cores per cpu, 2 threads per core) family 6 model 140 stepping 1 microcode 0x86, cx8, cmov, fxsr, ht, mmx, 3dnowpref, sse, sse2, sse3, ssse3, sse4.1, sse4.2, popcnt, lzcnt, tsc, tscinvbit, avx, avx2, aes, erms, clmul, bmi1, bmi2, adx, avx512f, avx512dq, avx512cd, avx512bw, avx512vl, sha, fma, vzeroupper, avx512_vpopcntdq, avx512_vpclmulqdq, avx512_vaes, avx512_vnni, clflush, clflushopt, clwb, avx512_vbmi2, avx512_vbmi, hv

Memory: 4k page, system-wide physical 7883M (130M free)
TotalPageFile size 28638M (AvailPageFile size 2M)
current process WorkingSet (physical memory assigned to process): 283M, peak: 283M
current process commit charge ("private bytes"): 319M, peak: 320M

vm_info: Java HotSpot(TM) 64-Bit Server VM (17.0.9+11-LTS-201) for windows-amd64 JRE (17.0.9+11-LTS-201), built on Oct 10 2023 23:16:06 by "mach5one" with MS VC++ 17.1 (VS2022)

END.
