#
# There is insufficient memory for the Java Runtime Environment to continue.
# Native memory allocation (malloc) failed to allocate 1624976 bytes. Error detail: Chunk::new
# Possible reasons:
#   The system is out of physical RAM or swap space
#   This process is running with CompressedOops enabled, and the Java Heap may be blocking the growth of the native heap
# Possible solutions:
#   Reduce memory load on the system
#   Increase physical memory or swap space
#   Check if swap backing store is full
#   Decrease Java heap size (-Xmx/-Xms)
#   Decrease number of Java threads
#   Decrease Java thread stack sizes (-Xss)
#   Set larger code cache with -XX:ReservedCodeCacheSize=
#   JVM is running with Unscaled Compressed Oops mode in which the Java heap is
#     placed in the first 4GB address space. The Java Heap base address is the
#     maximum limit for the native heap growth. Please use -XX:HeapBaseMinAddress
#     to set the Java Heap base and to place the Java Heap above 4GB virtual address.
# This output file may be truncated or incomplete.
#
#  Out of Memory Error (arena.cpp:168), pid=10260, tid=18232
#
# JRE version: OpenJDK Runtime Environment Temurin-21.0.7+6 (21.0.7+6) (build 21.0.7+6-LTS)
# Java VM: OpenJDK 64-Bit Server VM Temurin-21.0.7+6 (21.0.7+6-LTS, mixed mode, sharing, tiered, compressed oops, compressed class ptrs, parallel gc, windows-amd64)
# No core dump will be written. Minidumps are not enabled by default on client versions of Windows
#

---------------  S U M M A R Y ------------

Command Line: --add-modules=ALL-SYSTEM --add-opens=java.base/java.util=ALL-UNNAMED --add-opens=java.base/java.lang=ALL-UNNAMED --add-opens=java.base/sun.nio.fs=ALL-UNNAMED -Declipse.application=org.eclipse.jdt.ls.core.id1 -Dosgi.bundles.defaultStartLevel=4 -Declipse.product=org.eclipse.jdt.ls.core.product -Djava.import.generatesMetadataFilesAtProjectRoot=false -DDetectVMInstallationsJob.disabled=true -Dfile.encoding=utf8 -XX:+UseParallelGC -XX:GCTimeRatio=4 -XX:AdaptiveSizePolicyWeight=90 -Dsun.zip.disableMemoryMapping=true -Xmx2G -Xms100m -Xlog:disable -javaagent:c:\Users\ASUS\.vscode\extensions\redhat.java-1.43.0-win32-x64\lombok\lombok-1.18.39-4050.jar -XX:+HeapDumpOnOutOfMemoryError -XX:HeapDumpPath=c:\Users\ASUS\AppData\Roaming\Code\User\workspaceStorage\64c5fc09bacb5b4f7dcb981332d43b0f\redhat.java -Daether.dependencyCollector.impl=bf c:\Users\ASUS\.vscode\extensions\redhat.java-1.43.0-win32-x64\server\plugins\org.eclipse.equinox.launcher_1.7.0.v20250519-0528.jar -configuration c:\Users\ASUS\AppData\Roaming\Code\User\globalStorage\redhat.java\1.43.0\config_win -data c:\Users\ASUS\AppData\Roaming\Code\User\workspaceStorage\64c5fc09bacb5b4f7dcb981332d43b0f\redhat.java\jdt_ws --pipe=\\.\pipe\lsp-6dede18866f26904f6a1c38f976923b6-sock

Host: 11th Gen Intel(R) Core(TM) i7-11370H @ 3.30GHz, 8 cores, 7G,  Windows 11 , 64 bit Build 22621 (10.0.22621.5415)
Time: Sun Jun 29 16:47:28 2025 SE Asia Standard Time elapsed time: 23.576287 seconds (0d 0h 0m 23s)

---------------  T H R E A D  ---------------

Current thread (0x00000205d88ec330):  JavaThread "C2 CompilerThread0" daemon [_thread_in_native, id=18232, stack(0x000000309ed00000,0x000000309ee00000) (1024K)]


Current CompileTask:
C2:23576 9521   !   4       lombok.core.FieldAugment$ReflectionFieldAugment::getAndSet (80 bytes)

Stack: [0x000000309ed00000,0x000000309ee00000]
Native frames: (J=compiled Java code, j=interpreted, Vv=VM code, C=native code)
V  [jvm.dll+0x6ce119]
V  [jvm.dll+0x8a84a1]
V  [jvm.dll+0x8aa9ce]
V  [jvm.dll+0x8ab0b3]
V  [jvm.dll+0x27f8a6]
V  [jvm.dll+0xc507d]
V  [jvm.dll+0xc55b3]
V  [jvm.dll+0x3b68f2]
V  [jvm.dll+0x1dfe33]
V  [jvm.dll+0x247c42]
V  [jvm.dll+0x2470cf]
V  [jvm.dll+0x1c760e]
V  [jvm.dll+0x25695a]
V  [jvm.dll+0x254efa]
V  [jvm.dll+0x3f03f6]
V  [jvm.dll+0x851f6b]
V  [jvm.dll+0x6cc7dd]
C  [ucrtbase.dll+0x29333]
C  [KERNEL32.DLL+0x1259d]
C  [ntdll.dll+0x5af78]


---------------  P R O C E S S  ---------------

Threads class SMR info:
_java_thread_list=0x00000205f5a22e40, length=52, elements={
0x00000205d8831270, 0x00000205d87a9370, 0x00000205d87aada0, 0x00000205d87abcb0,
0x00000205d88e6f70, 0x00000205d88e7a90, 0x00000205d88eb500, 0x00000205d88ec330,
0x00000205f0aadbd0, 0x00000205f0b086a0, 0x00000205f0c19de0, 0x00000205f55fc300,
0x00000205f516f430, 0x00000205f555d1e0, 0x00000205f5550650, 0x00000205f53c1d00,
0x00000205f5ad57a0, 0x00000205f5a6de60, 0x00000205f5a6bd90, 0x00000205f5a6d7d0,
0x00000205f5a6cab0, 0x00000205f5a6d140, 0x00000205f5a6e4f0, 0x00000205f5a6eb80,
0x00000205f5a6c420, 0x00000205f5f7e5c0, 0x00000205f5f813b0, 0x00000205f5f7f970,
0x00000205f5f820d0, 0x00000205f5f7f2e0, 0x00000205f5f7ec50, 0x00000205f5f81a40,
0x00000205f5f82760, 0x00000205f5f80d20, 0x00000205f5f80000, 0x00000205f5f7b7d0,
0x00000205f5f80690, 0x00000205f5f7be60, 0x00000205f5f7d8a0, 0x00000205f5f7cb80,
0x00000205f5f82df0, 0x00000205f5f7c4f0, 0x00000205f5f7d210, 0x00000205f5f7df30,
0x00000205f78a9c50, 0x00000205f78a67d0, 0x00000205f78a4d90, 0x00000205f78a88a0,
0x00000205f78a8f30, 0x00000205f78a95c0, 0x00000205f78a6e60, 0x00000205f78a5420
}

Java Threads: ( => current thread )
  0x00000205d8831270 JavaThread "main"                              [_thread_blocked, id=21556, stack(0x000000309e300000,0x000000309e400000) (1024K)]
  0x00000205d87a9370 JavaThread "Reference Handler"          daemon [_thread_blocked, id=22604, stack(0x000000309e700000,0x000000309e800000) (1024K)]
  0x00000205d87aada0 JavaThread "Finalizer"                  daemon [_thread_blocked, id=22024, stack(0x000000309e800000,0x000000309e900000) (1024K)]
  0x00000205d87abcb0 JavaThread "Signal Dispatcher"          daemon [_thread_blocked, id=7604, stack(0x000000309e900000,0x000000309ea00000) (1024K)]
  0x00000205d88e6f70 JavaThread "Attach Listener"            daemon [_thread_blocked, id=21828, stack(0x000000309ea00000,0x000000309eb00000) (1024K)]
  0x00000205d88e7a90 JavaThread "Service Thread"             daemon [_thread_blocked, id=25512, stack(0x000000309eb00000,0x000000309ec00000) (1024K)]
  0x00000205d88eb500 JavaThread "Monitor Deflation Thread"   daemon [_thread_blocked, id=11420, stack(0x000000309ec00000,0x000000309ed00000) (1024K)]
=>0x00000205d88ec330 JavaThread "C2 CompilerThread0"         daemon [_thread_in_native, id=18232, stack(0x000000309ed00000,0x000000309ee00000) (1024K)]
  0x00000205f0aadbd0 JavaThread "C1 CompilerThread0"         daemon [_thread_in_native, id=17844, stack(0x000000309ee00000,0x000000309ef00000) (1024K)]
  0x00000205f0b086a0 JavaThread "Common-Cleaner"             daemon [_thread_blocked, id=19696, stack(0x000000309ef00000,0x000000309f000000) (1024K)]
  0x00000205f0c19de0 JavaThread "Notification Thread"        daemon [_thread_blocked, id=12664, stack(0x000000309f000000,0x000000309f100000) (1024K)]
  0x00000205f55fc300 JavaThread "Active Thread: Equinox Container: 58ba97e4-cb28-489b-93a7-f7dfc84e7e44"        [_thread_blocked, id=21708, stack(0x000000309f700000,0x000000309f800000) (1024K)]
  0x00000205f516f430 JavaThread "Refresh Thread: Equinox Container: 58ba97e4-cb28-489b-93a7-f7dfc84e7e44" daemon [_thread_blocked, id=18500, stack(0x000000309f800000,0x000000309f900000) (1024K)]
  0x00000205f555d1e0 JavaThread "Framework Event Dispatcher: Equinox Container: 58ba97e4-cb28-489b-93a7-f7dfc84e7e44" daemon [_thread_blocked, id=17032, stack(0x000000309fa00000,0x000000309fb00000) (1024K)]
  0x00000205f5550650 JavaThread "Start Level: Equinox Container: 58ba97e4-cb28-489b-93a7-f7dfc84e7e44" daemon [_thread_blocked, id=23428, stack(0x000000309fb00000,0x000000309fc00000) (1024K)]
  0x00000205f53c1d00 JavaThread "Bundle File Closer"         daemon [_thread_blocked, id=8628, stack(0x000000309fc00000,0x000000309fd00000) (1024K)]
  0x00000205f5ad57a0 JavaThread "SCR Component Actor"        daemon [_thread_blocked, id=19180, stack(0x000000309fd00000,0x000000309fe00000) (1024K)]
  0x00000205f5a6de60 JavaThread "Worker-JM"                         [_thread_blocked, id=11920, stack(0x000000309ff00000,0x00000030a0000000) (1024K)]
  0x00000205f5a6bd90 JavaThread "JNA Cleaner"                daemon [_thread_blocked, id=24540, stack(0x00000030a0000000,0x00000030a0100000) (1024K)]
  0x00000205f5a6d7d0 JavaThread "Worker-0"                          [_thread_blocked, id=15928, stack(0x00000030a0100000,0x00000030a0200000) (1024K)]
  0x00000205f5a6cab0 JavaThread "Worker-1"                          [_thread_blocked, id=15960, stack(0x00000030a0200000,0x00000030a0300000) (1024K)]
  0x00000205f5a6d140 JavaThread "Worker-2: Java indexing... "        [_thread_blocked, id=12956, stack(0x00000030a0300000,0x00000030a0400000) (1024K)]
  0x00000205f5a6e4f0 JavaThread "Java indexing"              daemon [_thread_in_Java, id=22408, stack(0x00000030a0400000,0x00000030a0500000) (1024K)]
  0x00000205f5a6eb80 JavaThread "Worker-3"                          [_thread_blocked, id=21716, stack(0x00000030a0500000,0x00000030a0600000) (1024K)]
  0x00000205f5a6c420 JavaThread "Worker-4: Building"                [_thread_in_Java, id=22824, stack(0x00000030a0600000,0x00000030a0700000) (1024K)]
  0x00000205f5f7e5c0 JavaThread "Worker-5"                          [_thread_blocked, id=23200, stack(0x00000030a0700000,0x00000030a0800000) (1024K)]
  0x00000205f5f813b0 JavaThread "Thread-2"                   daemon [_thread_in_native, id=20880, stack(0x00000030a0800000,0x00000030a0900000) (1024K)]
  0x00000205f5f7f970 JavaThread "Thread-3"                   daemon [_thread_in_native, id=23836, stack(0x00000030a0900000,0x00000030a0a00000) (1024K)]
  0x00000205f5f820d0 JavaThread "Thread-4"                   daemon [_thread_in_native, id=11324, stack(0x00000030a0a00000,0x00000030a0b00000) (1024K)]
  0x00000205f5f7f2e0 JavaThread "Thread-5"                   daemon [_thread_in_native, id=11780, stack(0x00000030a0b00000,0x00000030a0c00000) (1024K)]
  0x00000205f5f7ec50 JavaThread "Thread-6"                   daemon [_thread_in_native, id=13368, stack(0x00000030a0c00000,0x00000030a0d00000) (1024K)]
  0x00000205f5f81a40 JavaThread "Thread-7"                   daemon [_thread_in_native, id=7220, stack(0x00000030a0d00000,0x00000030a0e00000) (1024K)]
  0x00000205f5f82760 JavaThread "Thread-8"                   daemon [_thread_in_native, id=5880, stack(0x00000030a0e00000,0x00000030a0f00000) (1024K)]
  0x00000205f5f80d20 JavaThread "Thread-9"                   daemon [_thread_in_native, id=8216, stack(0x00000030a0f00000,0x00000030a1000000) (1024K)]
  0x00000205f5f80000 JavaThread "Thread-10"                  daemon [_thread_in_native, id=22816, stack(0x00000030a1000000,0x00000030a1100000) (1024K)]
  0x00000205f5f7b7d0 JavaThread "pool-2-thread-1"                   [_thread_blocked, id=13716, stack(0x00000030a1100000,0x00000030a1200000) (1024K)]
  0x00000205f5f80690 JavaThread "WorkspaceEventsHandler"            [_thread_blocked, id=1540, stack(0x00000030a1200000,0x00000030a1300000) (1024K)]
  0x00000205f5f7be60 JavaThread "pool-1-thread-1"                   [_thread_blocked, id=15832, stack(0x00000030a1300000,0x00000030a1400000) (1024K)]
  0x00000205f5f7d8a0 JavaThread "LocalFile Deleter"          daemon [_thread_blocked, id=24752, stack(0x000000309fe00000,0x000000309ff00000) (1024K)]
  0x00000205f5f7cb80 JavaThread "LocalFile Deleter"          daemon [_thread_blocked, id=3668, stack(0x00000030a1400000,0x00000030a1500000) (1024K)]
  0x00000205f5f82df0 JavaThread "LocalFile Deleter"          daemon [_thread_blocked, id=23036, stack(0x00000030a1500000,0x00000030a1600000) (1024K)]
  0x00000205f5f7c4f0 JavaThread "LocalFile Deleter"          daemon [_thread_blocked, id=12124, stack(0x00000030a1600000,0x00000030a1700000) (1024K)]
  0x00000205f5f7d210 JavaThread "LocalFile Deleter"          daemon [_thread_blocked, id=21212, stack(0x00000030a1700000,0x00000030a1800000) (1024K)]
  0x00000205f5f7df30 JavaThread "LocalFile Deleter"          daemon [_thread_blocked, id=25036, stack(0x00000030a1800000,0x00000030a1900000) (1024K)]
  0x00000205f78a9c50 JavaThread "LocalFile Deleter"          daemon [_thread_blocked, id=3320, stack(0x00000030a1900000,0x00000030a1a00000) (1024K)]
  0x00000205f78a67d0 JavaThread "LocalFile Deleter"          daemon [_thread_blocked, id=5568, stack(0x00000030a1a00000,0x00000030a1b00000) (1024K)]
  0x00000205f78a4d90 JavaThread "Compiler Source File Reader" daemon [_thread_blocked, id=6204, stack(0x00000030a1b00000,0x00000030a1c00000) (1024K)]
  0x00000205f78a88a0 JavaThread "Compiler Source File Reader" daemon [_thread_blocked, id=21280, stack(0x00000030a1c00000,0x00000030a1d00000) (1024K)]
  0x00000205f78a8f30 JavaThread "Compiler Source File Reader" daemon [_thread_blocked, id=14484, stack(0x00000030a1d00000,0x00000030a1e00000) (1024K)]
  0x00000205f78a95c0 JavaThread "Compiler Source File Reader" daemon [_thread_blocked, id=17940, stack(0x00000030a1e00000,0x00000030a1f00000) (1024K)]
  0x00000205f78a6e60 JavaThread "Compiler Source File Reader" daemon [_thread_blocked, id=25464, stack(0x00000030a1f00000,0x00000030a2000000) (1024K)]
  0x00000205f78a5420 JavaThread "Compiler Source File Reader" daemon [_thread_blocked, id=10604, stack(0x00000030a2000000,0x00000030a2100000) (1024K)]
Total: 52

Other Threads:
  0x00000205d88ce9d0 VMThread "VM Thread"                           [id=5012, stack(0x000000309e600000,0x000000309e700000) (1024K)]
  0x00000205d86bc950 WatcherThread "VM Periodic Task Thread"        [id=8568, stack(0x000000309e500000,0x000000309e600000) (1024K)]
  0x00000205d8850500 WorkerThread "GC Thread#0"                     [id=24836, stack(0x000000309e400000,0x000000309e500000) (1024K)]
  0x00000205f51fd720 WorkerThread "GC Thread#1"                     [id=13132, stack(0x000000309f100000,0x000000309f200000) (1024K)]
  0x00000205f51fdac0 WorkerThread "GC Thread#2"                     [id=23756, stack(0x000000309f200000,0x000000309f300000) (1024K)]
  0x00000205f51fde60 WorkerThread "GC Thread#3"                     [id=2840, stack(0x000000309f300000,0x000000309f400000) (1024K)]
  0x00000205f51fe200 WorkerThread "GC Thread#4"                     [id=14976, stack(0x000000309f400000,0x000000309f500000) (1024K)]
  0x00000205f5184d00 WorkerThread "GC Thread#5"                     [id=2584, stack(0x000000309f500000,0x000000309f600000) (1024K)]
  0x00000205f51850a0 WorkerThread "GC Thread#6"                     [id=25196, stack(0x000000309f600000,0x000000309f700000) (1024K)]
  0x00000205f5561640 WorkerThread "GC Thread#7"                     [id=23244, stack(0x000000309f900000,0x000000309fa00000) (1024K)]
Total: 10

Threads with active compile tasks:
C2 CompilerThread0  23610 9521   !   4       lombok.core.FieldAugment$ReflectionFieldAugment::getAndSet (80 bytes)
Total: 1

VM state: not at safepoint (normal execution)

VM Mutex/Monitor currently owned by a thread: None

Heap address: 0x0000000080000000, size: 2048 MB, Compressed Oops mode: 32-bit

CDS archive(s) mapped at: [0x0000020580000000-0x0000020580ba0000-0x0000020580ba0000), size 12189696, SharedBaseAddress: 0x0000020580000000, ArchiveRelocationMode: 1.
Compressed class space mapped at: 0x0000020581000000-0x00000205c1000000, reserved size: 1073741824
Narrow klass base: 0x0000020580000000, Narrow klass shift: 0, Narrow klass range: 0x100000000

GC Precious Log:
 CardTable entry size: 512
 CPUs: 8 total, 8 available
 Memory: 7883M
 Large Page Support: Disabled
 NUMA Support: Disabled
 Compressed Oops: Enabled (32-bit)
 Alignments: Space 512K, Generation 512K, Heap 2M
 Heap Min Capacity: 100M
 Heap Initial Capacity: 100M
 Heap Max Capacity: 2G
 Pre-touch: Disabled
 Parallel Workers: 8

Heap:
 PSYoungGen      total 18432K, used 4624K [0x00000000d5580000, 0x00000000d6a00000, 0x0000000100000000)
  eden space 16896K, 18% used [0x00000000d5580000,0x00000000d58840c0,0x00000000d6600000)
  from space 1536K, 100% used [0x00000000d6700000,0x00000000d6880000,0x00000000d6880000)
  to   space 1536K, 0% used [0x00000000d6880000,0x00000000d6880000,0x00000000d6a00000)
 ParOldGen       total 98816K, used 98390K [0x0000000080000000, 0x0000000086080000, 0x00000000d5580000)
  object space 98816K, 99% used [0x0000000080000000,0x0000000086015910,0x0000000086080000)
 Metaspace       used 57826K, committed 59136K, reserved 1114112K
  class space    used 5918K, committed 6464K, reserved 1048576K

Card table byte_map: [0x00000205d81d0000,0x00000205d85e0000] _byte_map_base: 0x00000205d7dd0000

Marking Bits: (ParMarkBitMap*) 0x00007ff88c6831f0
 Begin Bits: [0x00000205eacd0000, 0x00000205eccd0000)
 End Bits:   [0x00000205eccd0000, 0x00000205eecd0000)

Polling page: 0x00000205d6660000

Metaspace:

Usage:
  Non-class:     50.69 MB used.
      Class:      5.78 MB used.
       Both:     56.47 MB used.

Virtual space:
  Non-class space:       64.00 MB reserved,      51.44 MB ( 80%) committed,  1 nodes.
      Class space:        1.00 GB reserved,       6.31 MB ( <1%) committed,  1 nodes.
             Both:        1.06 GB reserved,      57.75 MB (  5%) committed. 

Chunk freelists:
   Non-Class:  12.23 MB
       Class:  9.70 MB
        Both:  21.94 MB

MaxMetaspaceSize: unlimited
CompressedClassSpaceSize: 1.00 GB
Initial GC threshold: 21.00 MB
Current GC threshold: 58.38 MB
CDS: on
 - commit_granule_bytes: 65536.
 - commit_granule_words: 8192.
 - virtual_space_node_default_size: 8388608.
 - enlarge_chunks_in_place: 1.
 - use_allocation_guard: 0.


Internal statistics:

num_allocs_failed_limit: 6.
num_arena_births: 1022.
num_arena_deaths: 20.
num_vsnodes_births: 2.
num_vsnodes_deaths: 0.
num_space_committed: 924.
num_space_uncommitted: 0.
num_chunks_returned_to_freelist: 28.
num_chunks_taken_from_freelist: 3710.
num_chunk_merges: 12.
num_chunk_splits: 2296.
num_chunks_enlarged: 1301.
num_inconsistent_stats: 0.

CodeHeap 'non-profiled nmethods': size=120000Kb used=4785Kb max_used=4785Kb free=115214Kb
 bounds [0x00000205e34f0000, 0x00000205e39a0000, 0x00000205eaa20000]
CodeHeap 'profiled nmethods': size=120000Kb used=21526Kb max_used=21526Kb free=98473Kb
 bounds [0x00000205dba20000, 0x00000205dcf30000, 0x00000205e2f50000]
CodeHeap 'non-nmethods': size=5760Kb used=1420Kb max_used=1480Kb free=4339Kb
 bounds [0x00000205e2f50000, 0x00000205e31c0000, 0x00000205e34f0000]
 total_blobs=10352 nmethods=9631 adapters=627
 compilation: enabled
              stopped_count=0, restarted_count=0
 full_count=0

Compilation events (20 events):
Event: 23.499 Thread 0x00000205f0aadbd0 10239       2       org.eclipse.jdt.internal.compiler.util.JrtFileSystem::getClassfileFromModule (93 bytes)
Event: 23.500 Thread 0x00000205f0aadbd0 nmethod 10239 0x00000205dceffa90 code [0x00000205dceffd00, 0x00000205dcf003e8]
Event: 23.500 Thread 0x00000205f0aadbd0 10238       2       org.eclipse.jdt.internal.compiler.lookup.ModuleBinding::getDeclaredPackage (12 bytes)
Event: 23.500 Thread 0x00000205f0aadbd0 nmethod 10238 0x00000205dcf00890 code [0x00000205dcf00a60, 0x00000205dcf00ca8]
Event: 23.500 Thread 0x00000205f0aadbd0 10240       3       org.eclipse.jdt.internal.core.builder.ClasspathJrt::hashCode (22 bytes)
Event: 23.501 Thread 0x00000205f0aadbd0 nmethod 10240 0x00000205dcf00e10 code [0x00000205dcf00fe0, 0x00000205dcf011d0]
Event: 23.501 Thread 0x00000205f0aadbd0 10241       2       java.util.stream.Collectors$$Lambda/0x0000020581346af0::accept (14 bytes)
Event: 23.501 Thread 0x00000205f0aadbd0 nmethod 10241 0x00000205dcf01290 code [0x00000205dcf01440, 0x00000205dcf016c8]
Event: 23.504 Thread 0x00000205f0aadbd0 10242       2       org.eclipse.jdt.internal.compiler.lookup.LookupEnvironment::javaBaseModule (68 bytes)
Event: 23.504 Thread 0x00000205f0aadbd0 nmethod 10242 0x00000205dcf01890 code [0x00000205dcf01a60, 0x00000205dcf01cb0]
Event: 23.504 Thread 0x00000205f0aadbd0 10243       2       java.util.Arrays$ArrayList::spliterator (10 bytes)
Event: 23.504 Thread 0x00000205f0aadbd0 nmethod 10243 0x00000205dcf01d90 code [0x00000205dcf01f60, 0x00000205dcf021b8]
Event: 23.504 Thread 0x00000205f0aadbd0 10244       2       org.eclipse.jdt.internal.compiler.lookup.BinaryModuleBinding::getDeclaredPackage (18 bytes)
Event: 23.505 Thread 0x00000205f0aadbd0 nmethod 10244 0x00000205dcf02310 code [0x00000205dcf02500, 0x00000205dcf02830]
Event: 23.524 Thread 0x00000205f0aadbd0 10245       3       java.util.Arrays::equals (43 bytes)
Event: 23.524 Thread 0x00000205f0aadbd0 nmethod 10245 0x00000205dcf02a90 code [0x00000205dcf02c60, 0x00000205dcf02f28]
Event: 23.549 Thread 0x00000205f0aadbd0 10246       3       org.eclipse.jdt.internal.compiler.lookup.BinaryTypeBinding::enclosingType (54 bytes)
Event: 23.550 Thread 0x00000205f0aadbd0 nmethod 10246 0x00000205dcf03010 code [0x00000205dcf031c0, 0x00000205dcf034b0]
Event: 23.552 Thread 0x00000205f0aadbd0 10247       2       org.eclipse.jdt.internal.compiler.lookup.ModuleBinding::combineWithPackagesFromOtherRelevantModules (71 bytes)
Event: 23.552 Thread 0x00000205f0aadbd0 nmethod 10247 0x00000205dcf03590 code [0x00000205dcf037e0, 0x00000205dcf03c30]

GC Heap History (20 events):
Event: 22.132 GC heap before
{Heap before GC invocations=48 (full 2):
 PSYoungGen      total 19456K, used 19116K [0x00000000d5580000, 0x00000000d6b00000, 0x0000000100000000)
  eden space 16896K, 100% used [0x00000000d5580000,0x00000000d6600000,0x00000000d6600000)
  from space 2560K, 86% used [0x00000000d6600000,0x00000000d682b328,0x00000000d6880000)
  to   space 2560K, 0% used [0x00000000d6880000,0x00000000d6880000,0x00000000d6b00000)
 ParOldGen       total 78848K, used 78377K [0x0000000080000000, 0x0000000084d00000, 0x00000000d5580000)
  object space 78848K, 99% used [0x0000000080000000,0x0000000084c8a7d8,0x0000000084d00000)
 Metaspace       used 56564K, committed 57856K, reserved 1114112K
  class space    used 5836K, committed 6400K, reserved 1048576K
}
Event: 22.138 GC heap after
{Heap after GC invocations=48 (full 2):
 PSYoungGen      total 18944K, used 1882K [0x00000000d5580000, 0x00000000d6a80000, 0x0000000100000000)
  eden space 16896K, 0% used [0x00000000d5580000,0x00000000d5580000,0x00000000d6600000)
  from space 2048K, 91% used [0x00000000d6880000,0x00000000d6a569b0,0x00000000d6a80000)
  to   space 2048K, 0% used [0x00000000d6680000,0x00000000d6680000,0x00000000d6880000)
 ParOldGen       total 80896K, used 80418K [0x0000000080000000, 0x0000000084f00000, 0x00000000d5580000)
  object space 80896K, 99% used [0x0000000080000000,0x0000000084e889d0,0x0000000084f00000)
 Metaspace       used 56564K, committed 57856K, reserved 1114112K
  class space    used 5836K, committed 6400K, reserved 1048576K
}
Event: 22.200 GC heap before
{Heap before GC invocations=49 (full 2):
 PSYoungGen      total 18944K, used 18778K [0x00000000d5580000, 0x00000000d6a80000, 0x0000000100000000)
  eden space 16896K, 100% used [0x00000000d5580000,0x00000000d6600000,0x00000000d6600000)
  from space 2048K, 91% used [0x00000000d6880000,0x00000000d6a569b0,0x00000000d6a80000)
  to   space 2048K, 0% used [0x00000000d6680000,0x00000000d6680000,0x00000000d6880000)
 ParOldGen       total 80896K, used 80418K [0x0000000080000000, 0x0000000084f00000, 0x00000000d5580000)
  object space 80896K, 99% used [0x0000000080000000,0x0000000084e889d0,0x0000000084f00000)
 Metaspace       used 56578K, committed 57856K, reserved 1114112K
  class space    used 5837K, committed 6400K, reserved 1048576K
}
Event: 22.207 GC heap after
{Heap after GC invocations=49 (full 2):
 PSYoungGen      total 18944K, used 2019K [0x00000000d5580000, 0x00000000d6f00000, 0x0000000100000000)
  eden space 16896K, 0% used [0x00000000d5580000,0x00000000d5580000,0x00000000d6600000)
  from space 2048K, 98% used [0x00000000d6680000,0x00000000d6878ce0,0x00000000d6880000)
  to   space 4608K, 0% used [0x00000000d6a80000,0x00000000d6a80000,0x00000000d6f00000)
 ParOldGen       total 82432K, used 82225K [0x0000000080000000, 0x0000000085080000, 0x00000000d5580000)
  object space 82432K, 99% used [0x0000000080000000,0x000000008504c568,0x0000000085080000)
 Metaspace       used 56578K, committed 57856K, reserved 1114112K
  class space    used 5837K, committed 6400K, reserved 1048576K
}
Event: 22.324 GC heap before
{Heap before GC invocations=50 (full 2):
 PSYoungGen      total 18944K, used 18915K [0x00000000d5580000, 0x00000000d6f00000, 0x0000000100000000)
  eden space 16896K, 100% used [0x00000000d5580000,0x00000000d6600000,0x00000000d6600000)
  from space 2048K, 98% used [0x00000000d6680000,0x00000000d6878ce0,0x00000000d6880000)
  to   space 4608K, 0% used [0x00000000d6a80000,0x00000000d6a80000,0x00000000d6f00000)
 ParOldGen       total 82432K, used 82225K [0x0000000080000000, 0x0000000085080000, 0x00000000d5580000)
  object space 82432K, 99% used [0x0000000080000000,0x000000008504c568,0x0000000085080000)
 Metaspace       used 56597K, committed 57856K, reserved 1114112K
  class space    used 5838K, committed 6400K, reserved 1048576K
}
Event: 22.330 GC heap after
{Heap after GC invocations=50 (full 2):
 PSYoungGen      total 18944K, used 2031K [0x00000000d5580000, 0x00000000d6c80000, 0x0000000100000000)
  eden space 16896K, 0% used [0x00000000d5580000,0x00000000d5580000,0x00000000d6600000)
  from space 2048K, 99% used [0x00000000d6a80000,0x00000000d6c7bf78,0x00000000d6c80000)
  to   space 3072K, 0% used [0x00000000d6680000,0x00000000d6680000,0x00000000d6980000)
 ParOldGen       total 84480K, used 84193K [0x0000000080000000, 0x0000000085280000, 0x00000000d5580000)
  object space 84480K, 99% used [0x0000000080000000,0x00000000852386b0,0x0000000085280000)
 Metaspace       used 56597K, committed 57856K, reserved 1114112K
  class space    used 5838K, committed 6400K, reserved 1048576K
}
Event: 22.438 GC heap before
{Heap before GC invocations=51 (full 2):
 PSYoungGen      total 18944K, used 18927K [0x00000000d5580000, 0x00000000d6c80000, 0x0000000100000000)
  eden space 16896K, 100% used [0x00000000d5580000,0x00000000d6600000,0x00000000d6600000)
  from space 2048K, 99% used [0x00000000d6a80000,0x00000000d6c7bf78,0x00000000d6c80000)
  to   space 3072K, 0% used [0x00000000d6680000,0x00000000d6680000,0x00000000d6980000)
 ParOldGen       total 84480K, used 84193K [0x0000000080000000, 0x0000000085280000, 0x00000000d5580000)
  object space 84480K, 99% used [0x0000000080000000,0x00000000852386b0,0x0000000085280000)
 Metaspace       used 56629K, committed 57920K, reserved 1114112K
  class space    used 5840K, committed 6400K, reserved 1048576K
}
Event: 22.443 GC heap after
{Heap after GC invocations=51 (full 2):
 PSYoungGen      total 18944K, used 1632K [0x00000000d5580000, 0x00000000d6b00000, 0x0000000100000000)
  eden space 16896K, 0% used [0x00000000d5580000,0x00000000d5580000,0x00000000d6600000)
  from space 2048K, 79% used [0x00000000d6680000,0x00000000d6818040,0x00000000d6880000)
  to   space 2048K, 0% used [0x00000000d6900000,0x00000000d6900000,0x00000000d6b00000)
 ParOldGen       total 86528K, used 86089K [0x0000000080000000, 0x0000000085480000, 0x00000000d5580000)
  object space 86528K, 99% used [0x0000000080000000,0x0000000085412428,0x0000000085480000)
 Metaspace       used 56629K, committed 57920K, reserved 1114112K
  class space    used 5840K, committed 6400K, reserved 1048576K
}
Event: 22.507 GC heap before
{Heap before GC invocations=52 (full 2):
 PSYoungGen      total 18944K, used 18528K [0x00000000d5580000, 0x00000000d6b00000, 0x0000000100000000)
  eden space 16896K, 100% used [0x00000000d5580000,0x00000000d6600000,0x00000000d6600000)
  from space 2048K, 79% used [0x00000000d6680000,0x00000000d6818040,0x00000000d6880000)
  to   space 2048K, 0% used [0x00000000d6900000,0x00000000d6900000,0x00000000d6b00000)
 ParOldGen       total 86528K, used 86089K [0x0000000080000000, 0x0000000085480000, 0x00000000d5580000)
  object space 86528K, 99% used [0x0000000080000000,0x0000000085412428,0x0000000085480000)
 Metaspace       used 56658K, committed 57920K, reserved 1114112K
  class space    used 5840K, committed 6400K, reserved 1048576K
}
Event: 22.511 GC heap after
{Heap after GC invocations=52 (full 2):
 PSYoungGen      total 18432K, used 1280K [0x00000000d5580000, 0x00000000d6a80000, 0x0000000100000000)
  eden space 16896K, 0% used [0x00000000d5580000,0x00000000d5580000,0x00000000d6600000)
  from space 1536K, 83% used [0x00000000d6900000,0x00000000d6a40020,0x00000000d6a80000)
  to   space 1536K, 0% used [0x00000000d6780000,0x00000000d6780000,0x00000000d6900000)
 ParOldGen       total 88064K, used 87641K [0x0000000080000000, 0x0000000085600000, 0x00000000d5580000)
  object space 88064K, 99% used [0x0000000080000000,0x0000000085596688,0x0000000085600000)
 Metaspace       used 56658K, committed 57920K, reserved 1114112K
  class space    used 5840K, committed 6400K, reserved 1048576K
}
Event: 22.588 GC heap before
{Heap before GC invocations=53 (full 2):
 PSYoungGen      total 18432K, used 18176K [0x00000000d5580000, 0x00000000d6a80000, 0x0000000100000000)
  eden space 16896K, 100% used [0x00000000d5580000,0x00000000d6600000,0x00000000d6600000)
  from space 1536K, 83% used [0x00000000d6900000,0x00000000d6a40020,0x00000000d6a80000)
  to   space 1536K, 0% used [0x00000000d6780000,0x00000000d6780000,0x00000000d6900000)
 ParOldGen       total 88064K, used 87641K [0x0000000080000000, 0x0000000085600000, 0x00000000d5580000)
  object space 88064K, 99% used [0x0000000080000000,0x0000000085596688,0x0000000085600000)
 Metaspace       used 56682K, committed 57984K, reserved 1114112K
  class space    used 5840K, committed 6400K, reserved 1048576K
}
Event: 22.592 GC heap after
{Heap after GC invocations=53 (full 2):
 PSYoungGen      total 18432K, used 1527K [0x00000000d5580000, 0x00000000d6d00000, 0x0000000100000000)
  eden space 16896K, 0% used [0x00000000d5580000,0x00000000d5580000,0x00000000d6600000)
  from space 1536K, 99% used [0x00000000d6780000,0x00000000d68fddb0,0x00000000d6900000)
  to   space 3584K, 0% used [0x00000000d6980000,0x00000000d6980000,0x00000000d6d00000)
 ParOldGen       total 89088K, used 88945K [0x0000000080000000, 0x0000000085700000, 0x00000000d5580000)
  object space 89088K, 99% used [0x0000000080000000,0x00000000856dc6a8,0x0000000085700000)
 Metaspace       used 56682K, committed 57984K, reserved 1114112K
  class space    used 5840K, committed 6400K, reserved 1048576K
}
Event: 22.719 GC heap before
{Heap before GC invocations=54 (full 2):
 PSYoungGen      total 18432K, used 18423K [0x00000000d5580000, 0x00000000d6d00000, 0x0000000100000000)
  eden space 16896K, 100% used [0x00000000d5580000,0x00000000d6600000,0x00000000d6600000)
  from space 1536K, 99% used [0x00000000d6780000,0x00000000d68fddb0,0x00000000d6900000)
  to   space 3584K, 0% used [0x00000000d6980000,0x00000000d6980000,0x00000000d6d00000)
 ParOldGen       total 89088K, used 88945K [0x0000000080000000, 0x0000000085700000, 0x00000000d5580000)
  object space 89088K, 99% used [0x0000000080000000,0x00000000856dc6a8,0x0000000085700000)
 Metaspace       used 56694K, committed 57984K, reserved 1114112K
  class space    used 5840K, committed 6400K, reserved 1048576K
}
Event: 22.722 GC heap after
{Heap after GC invocations=54 (full 2):
 PSYoungGen      total 18432K, used 1456K [0x00000000d5580000, 0x00000000d6b00000, 0x0000000100000000)
  eden space 16896K, 0% used [0x00000000d5580000,0x00000000d5580000,0x00000000d6600000)
  from space 1536K, 94% used [0x00000000d6980000,0x00000000d6aec030,0x00000000d6b00000)
  to   space 2048K, 0% used [0x00000000d6700000,0x00000000d6700000,0x00000000d6900000)
 ParOldGen       total 90624K, used 90490K [0x0000000080000000, 0x0000000085880000, 0x00000000d5580000)
  object space 90624K, 99% used [0x0000000080000000,0x000000008585e928,0x0000000085880000)
 Metaspace       used 56694K, committed 57984K, reserved 1114112K
  class space    used 5840K, committed 6400K, reserved 1048576K
}
Event: 22.841 GC heap before
{Heap before GC invocations=55 (full 2):
 PSYoungGen      total 18432K, used 18352K [0x00000000d5580000, 0x00000000d6b00000, 0x0000000100000000)
  eden space 16896K, 100% used [0x00000000d5580000,0x00000000d6600000,0x00000000d6600000)
  from space 1536K, 94% used [0x00000000d6980000,0x00000000d6aec030,0x00000000d6b00000)
  to   space 2048K, 0% used [0x00000000d6700000,0x00000000d6700000,0x00000000d6900000)
 ParOldGen       total 90624K, used 90490K [0x0000000080000000, 0x0000000085880000, 0x00000000d5580000)
  object space 90624K, 99% used [0x0000000080000000,0x000000008585e928,0x0000000085880000)
 Metaspace       used 56707K, committed 57984K, reserved 1114112K
  class space    used 5840K, committed 6400K, reserved 1048576K
}
Event: 22.846 GC heap after
{Heap after GC invocations=55 (full 2):
 PSYoungGen      total 18432K, used 1451K [0x00000000d5580000, 0x00000000d6a00000, 0x0000000100000000)
  eden space 16896K, 0% used [0x00000000d5580000,0x00000000d5580000,0x00000000d6600000)
  from space 1536K, 94% used [0x00000000d6700000,0x00000000d686ac00,0x00000000d6880000)
  to   space 1536K, 0% used [0x00000000d6880000,0x00000000d6880000,0x00000000d6a00000)
 ParOldGen       total 92160K, used 91878K [0x0000000080000000, 0x0000000085a00000, 0x00000000d5580000)
  object space 92160K, 99% used [0x0000000080000000,0x00000000859b9980,0x0000000085a00000)
 Metaspace       used 56707K, committed 57984K, reserved 1114112K
  class space    used 5840K, committed 6400K, reserved 1048576K
}
Event: 23.219 GC heap before
{Heap before GC invocations=56 (full 2):
 PSYoungGen      total 18432K, used 18347K [0x00000000d5580000, 0x00000000d6a00000, 0x0000000100000000)
  eden space 16896K, 100% used [0x00000000d5580000,0x00000000d6600000,0x00000000d6600000)
  from space 1536K, 94% used [0x00000000d6700000,0x00000000d686ac00,0x00000000d6880000)
  to   space 1536K, 0% used [0x00000000d6880000,0x00000000d6880000,0x00000000d6a00000)
 ParOldGen       total 92160K, used 91878K [0x0000000080000000, 0x0000000085a00000, 0x00000000d5580000)
  object space 92160K, 99% used [0x0000000080000000,0x00000000859b9980,0x0000000085a00000)
 Metaspace       used 57311K, committed 58624K, reserved 1114112K
  class space    used 5889K, committed 6464K, reserved 1048576K
}
Event: 23.224 GC heap after
{Heap after GC invocations=56 (full 2):
 PSYoungGen      total 18432K, used 1508K [0x00000000d5580000, 0x00000000d6a00000, 0x0000000100000000)
  eden space 16896K, 0% used [0x00000000d5580000,0x00000000d5580000,0x00000000d6600000)
  from space 1536K, 98% used [0x00000000d6880000,0x00000000d69f91b8,0x00000000d6a00000)
  to   space 1536K, 0% used [0x00000000d6700000,0x00000000d6700000,0x00000000d6880000)
 ParOldGen       total 94208K, used 94104K [0x0000000080000000, 0x0000000085c00000, 0x00000000d5580000)
  object space 94208K, 99% used [0x0000000080000000,0x0000000085be61c0,0x0000000085c00000)
 Metaspace       used 57311K, committed 58624K, reserved 1114112K
  class space    used 5889K, committed 6464K, reserved 1048576K
}
Event: 23.542 GC heap before
{Heap before GC invocations=57 (full 2):
 PSYoungGen      total 18432K, used 18404K [0x00000000d5580000, 0x00000000d6a00000, 0x0000000100000000)
  eden space 16896K, 100% used [0x00000000d5580000,0x00000000d6600000,0x00000000d6600000)
  from space 1536K, 98% used [0x00000000d6880000,0x00000000d69f91b8,0x00000000d6a00000)
  to   space 1536K, 0% used [0x00000000d6700000,0x00000000d6700000,0x00000000d6880000)
 ParOldGen       total 94208K, used 94104K [0x0000000080000000, 0x0000000085c00000, 0x00000000d5580000)
  object space 94208K, 99% used [0x0000000080000000,0x0000000085be61c0,0x0000000085c00000)
 Metaspace       used 57798K, committed 59072K, reserved 1114112K
  class space    used 5918K, committed 6464K, reserved 1048576K
}
Event: 23.549 GC heap after
{Heap after GC invocations=57 (full 2):
 PSYoungGen      total 18432K, used 1536K [0x00000000d5580000, 0x00000000d6a00000, 0x0000000100000000)
  eden space 16896K, 0% used [0x00000000d5580000,0x00000000d5580000,0x00000000d6600000)
  from space 1536K, 100% used [0x00000000d6700000,0x00000000d6880000,0x00000000d6880000)
  to   space 1536K, 0% used [0x00000000d6880000,0x00000000d6880000,0x00000000d6a00000)
 ParOldGen       total 98816K, used 98390K [0x0000000080000000, 0x0000000086080000, 0x00000000d5580000)
  object space 98816K, 99% used [0x0000000080000000,0x0000000086015910,0x0000000086080000)
 Metaspace       used 57798K, committed 59072K, reserved 1114112K
  class space    used 5918K, committed 6464K, reserved 1048576K
}

Dll operation events (10 events):
Event: 0.040 Loaded shared library c:\Users\ASUS\.vscode\extensions\redhat.java-1.43.0-win32-x64\jre\21.0.7-win32-x86_64\bin\java.dll
Event: 0.083 Loaded shared library c:\Users\ASUS\.vscode\extensions\redhat.java-1.43.0-win32-x64\jre\21.0.7-win32-x86_64\bin\zip.dll
Event: 0.228 Loaded shared library C:\Users\ASUS\.vscode\extensions\redhat.java-1.43.0-win32-x64\jre\21.0.7-win32-x86_64\bin\instrument.dll
Event: 0.239 Loaded shared library C:\Users\ASUS\.vscode\extensions\redhat.java-1.43.0-win32-x64\jre\21.0.7-win32-x86_64\bin\net.dll
Event: 0.242 Loaded shared library C:\Users\ASUS\.vscode\extensions\redhat.java-1.43.0-win32-x64\jre\21.0.7-win32-x86_64\bin\nio.dll
Event: 0.246 Loaded shared library C:\Users\ASUS\.vscode\extensions\redhat.java-1.43.0-win32-x64\jre\21.0.7-win32-x86_64\bin\zip.dll
Event: 0.270 Loaded shared library C:\Users\ASUS\.vscode\extensions\redhat.java-1.43.0-win32-x64\jre\21.0.7-win32-x86_64\bin\jimage.dll
Event: 0.451 Loaded shared library c:\Users\ASUS\.vscode\extensions\redhat.java-1.43.0-win32-x64\jre\21.0.7-win32-x86_64\bin\verify.dll
Event: 2.830 Loaded shared library C:\Users\ASUS\AppData\Roaming\Code\User\globalStorage\redhat.java\1.43.0\config_win\org.eclipse.equinox.launcher\org.eclipse.equinox.launcher.win32.win32.x86_64_1.2.1300.v20250331-1702\eclipse_11911.dll
Event: 7.228 Loaded shared library C:\Users\ASUS\AppData\Local\Temp\jna-2018896\jna18088014454972225230.dll

Deoptimization events (20 events):
Event: 23.304 Thread 0x00000205f5a6c420 DEOPT PACKING pc=0x00000205e38bac80 sp=0x00000030a06fcdd0
Event: 23.304 Thread 0x00000205f5a6c420 DEOPT UNPACKING pc=0x00000205e2fa6da2 sp=0x00000030a06fcd68 mode 2
Event: 23.305 Thread 0x00000205f5a6c420 Uncommon trap: trap_request=0xffffffd6 fr.pc=0x00000205e38bab7c relative=0x000000000000051c
Event: 23.305 Thread 0x00000205f5a6c420 Uncommon trap: reason=array_check action=maybe_recompile pc=0x00000205e38bab7c method=java.util.TimSort.binarySort([Ljava/lang/Object;IIILjava/util/Comparator;)V @ 193 c2
Event: 23.305 Thread 0x00000205f5a6c420 DEOPT PACKING pc=0x00000205e38bab7c sp=0x00000030a06fdcd0
Event: 23.305 Thread 0x00000205f5a6c420 DEOPT UNPACKING pc=0x00000205e2fa6da2 sp=0x00000030a06fdc68 mode 2
Event: 23.320 Thread 0x00000205f5a6c420 Uncommon trap: trap_request=0xffffff45 fr.pc=0x00000205e398bb28 relative=0x0000000000001b68
Event: 23.320 Thread 0x00000205f5a6c420 Uncommon trap: reason=unstable_if action=reinterpret pc=0x00000205e398bb28 method=org.eclipse.jdt.internal.compiler.classfmt.MethodInfo.decodeLocalVariableAttribute(II)V @ 14 c2
Event: 23.320 Thread 0x00000205f5a6c420 DEOPT PACKING pc=0x00000205e398bb28 sp=0x00000030a06fc510
Event: 23.320 Thread 0x00000205f5a6c420 DEOPT UNPACKING pc=0x00000205e2fa6da2 sp=0x00000030a06fc430 mode 2
Event: 23.341 Thread 0x00000205f5a6c420 DEOPT PACKING pc=0x00000205dce1de0a sp=0x00000030a06fd560
Event: 23.341 Thread 0x00000205f5a6c420 DEOPT UNPACKING pc=0x00000205e2fa78e2 sp=0x00000030a06fca90 mode 0
Event: 23.450 Thread 0x00000205f5a6e4f0 DEOPT PACKING pc=0x00000205dce630d3 sp=0x00000030a04fe8c0
Event: 23.450 Thread 0x00000205f5a6e4f0 DEOPT UNPACKING pc=0x00000205e2fa78e2 sp=0x00000030a04fde28 mode 0
Event: 23.476 Thread 0x00000205f5a6e4f0 DEOPT PACKING pc=0x00000205dce630d3 sp=0x00000030a04fe8c0
Event: 23.476 Thread 0x00000205f5a6e4f0 DEOPT UNPACKING pc=0x00000205e2fa78e2 sp=0x00000030a04fde28 mode 0
Event: 23.524 Thread 0x00000205f5a6c420 Uncommon trap: trap_request=0xffffff45 fr.pc=0x00000205e37f5cbc relative=0x000000000000021c
Event: 23.524 Thread 0x00000205f5a6c420 Uncommon trap: reason=unstable_if action=reinterpret pc=0x00000205e37f5cbc method=java.util.Arrays.equals([C[C)Z @ 8 c2
Event: 23.524 Thread 0x00000205f5a6c420 DEOPT PACKING pc=0x00000205e37f5cbc sp=0x00000030a06fd4f0
Event: 23.524 Thread 0x00000205f5a6c420 DEOPT UNPACKING pc=0x00000205e2fa6da2 sp=0x00000030a06fd4a8 mode 2

Classes loaded (20 events):
Event: 15.320 Loading class java/nio/channels/Channels$ReadableByteChannelImpl
Event: 15.320 Loading class java/nio/channels/Channels$ReadableByteChannelImpl done
Event: 15.320 Loading class java/nio/channels/NonWritableChannelException
Event: 15.320 Loading class java/nio/channels/NonWritableChannelException done
Event: 16.850 Loading class java/util/WeakHashMap$KeyIterator
Event: 16.850 Loading class java/util/WeakHashMap$KeyIterator done
Event: 17.056 Loading class jdk/internal/math/FormattedFPDecimal
Event: 17.056 Loading class jdk/internal/math/FormattedFPDecimal done
Event: 18.230 Loading class java/util/concurrent/ForkJoinTask$AdaptedCallable
Event: 18.231 Loading class java/util/concurrent/ForkJoinTask$AdaptedCallable done
Event: 18.969 Loading class java/util/Vector$1
Event: 18.970 Loading class java/util/Vector$1 done
Event: 19.507 Loading class java/util/regex/Pattern$Caret
Event: 19.508 Loading class java/util/regex/Pattern$Caret done
Event: 23.006 Loading class java/util/stream/ReduceOps$4
Event: 23.006 Loading class java/util/stream/ReduceOps$4 done
Event: 23.006 Loading class java/util/stream/ReduceOps$4ReducingSink
Event: 23.007 Loading class java/util/stream/ReduceOps$4ReducingSink done
Event: 23.013 Loading class java/nio/file/Files$2
Event: 23.013 Loading class java/nio/file/Files$2 done

Classes unloaded (10 events):
Event: 8.540 Thread 0x00000205d88ce9d0 Unloading class 0x000002058119c400 'java/lang/invoke/LambdaForm$MH+0x000002058119c400'
Event: 8.540 Thread 0x00000205d88ce9d0 Unloading class 0x000002058119c000 'java/lang/invoke/LambdaForm$MH+0x000002058119c000'
Event: 8.540 Thread 0x00000205d88ce9d0 Unloading class 0x000002058119bc00 'java/lang/invoke/LambdaForm$MH+0x000002058119bc00'
Event: 8.540 Thread 0x00000205d88ce9d0 Unloading class 0x000002058119b800 'java/lang/invoke/LambdaForm$MH+0x000002058119b800'
Event: 8.540 Thread 0x00000205d88ce9d0 Unloading class 0x000002058119b400 'java/lang/invoke/LambdaForm$BMH+0x000002058119b400'
Event: 8.540 Thread 0x00000205d88ce9d0 Unloading class 0x000002058119b000 'java/lang/invoke/LambdaForm$DMH+0x000002058119b000'
Event: 8.540 Thread 0x00000205d88ce9d0 Unloading class 0x000002058119a000 'java/lang/invoke/LambdaForm$DMH+0x000002058119a000'
Event: 10.924 Thread 0x00000205d88ce9d0 Unloading class 0x00000205812de400 'java/lang/invoke/LambdaForm$MH+0x00000205812de400'
Event: 10.924 Thread 0x00000205d88ce9d0 Unloading class 0x00000205812dd800 'java/lang/invoke/LambdaForm$MH+0x00000205812dd800'
Event: 10.924 Thread 0x00000205d88ce9d0 Unloading class 0x00000205812d8400 'java/lang/invoke/LambdaForm$MH+0x00000205812d8400'

Classes redefined (0 events):
No events

Internal exceptions (20 events):
Event: 18.263 Thread 0x00000205f5f7d8a0 Exception <a 'sun/nio/fs/WindowsException'{0x00000000d5ac3c00}> (0x00000000d5ac3c00) 
thrown [s\src\hotspot\share\prims\jni.cpp, line 520]
Event: 18.268 Thread 0x00000205f5f82df0 Exception <a 'sun/nio/fs/WindowsException'{0x00000000d5acbbe0}> (0x00000000d5acbbe0) 
thrown [s\src\hotspot\share\prims\jni.cpp, line 520]
Event: 18.277 Thread 0x00000205f5f7c4f0 Exception <a 'sun/nio/fs/WindowsException'{0x00000000d5ae0fb0}> (0x00000000d5ae0fb0) 
thrown [s\src\hotspot\share\prims\jni.cpp, line 520]
Event: 18.279 Thread 0x00000205f5f7c4f0 Exception <a 'sun/nio/fs/WindowsException'{0x00000000d5afa128}> (0x00000000d5afa128) 
thrown [s\src\hotspot\share\prims\jni.cpp, line 520]
Event: 18.305 Thread 0x00000205f5f7c4f0 Exception <a 'sun/nio/fs/WindowsException'{0x00000000d5b0d600}> (0x00000000d5b0d600) 
thrown [s\src\hotspot\share\prims\jni.cpp, line 520]
Event: 18.306 Thread 0x00000205f5f7c4f0 Exception <a 'sun/nio/fs/WindowsException'{0x00000000d5b0ead8}> (0x00000000d5b0ead8) 
thrown [s\src\hotspot\share\prims\jni.cpp, line 520]
Event: 18.310 Thread 0x00000205f5f7cb80 Exception <a 'sun/nio/fs/WindowsException'{0x00000000d5b20548}> (0x00000000d5b20548) 
thrown [s\src\hotspot\share\prims\jni.cpp, line 520]
Event: 18.311 Thread 0x00000205f5f7cb80 Exception <a 'sun/nio/fs/WindowsException'{0x00000000d5b219b8}> (0x00000000d5b219b8) 
thrown [s\src\hotspot\share\prims\jni.cpp, line 520]
Event: 18.321 Thread 0x00000205f5f7c4f0 Exception <a 'sun/nio/fs/WindowsException'{0x00000000d5b416a0}> (0x00000000d5b416a0) 
thrown [s\src\hotspot\share\prims\jni.cpp, line 520]
Event: 18.365 Thread 0x00000205f5f7cb80 Exception <a 'sun/nio/fs/WindowsException'{0x00000000d5b563a8}> (0x00000000d5b563a8) 
thrown [s\src\hotspot\share\prims\jni.cpp, line 520]
Event: 18.448 Thread 0x00000205f5a6c420 Exception <a 'sun/nio/fs/WindowsException'{0x00000000d5bd87d0}> (0x00000000d5bd87d0) 
thrown [s\src\hotspot\share\prims\jni.cpp, line 520]
Event: 18.462 Thread 0x00000205f5a6c420 Exception <a 'sun/nio/fs/WindowsException'{0x00000000d5c01050}> (0x00000000d5c01050) 
thrown [s\src\hotspot\share\prims\jni.cpp, line 520]
Event: 18.474 Thread 0x00000205f5a6c420 Exception <a 'sun/nio/fs/WindowsException'{0x00000000d5c15dc0}> (0x00000000d5c15dc0) 
thrown [s\src\hotspot\share\prims\jni.cpp, line 520]
Event: 18.520 Thread 0x00000205f5a6c420 Implicit null exception at 0x00000205e387b3a0 to 0x00000205e387b52c
Event: 18.723 Thread 0x00000205f5a6e4f0 Implicit null exception at 0x00000205e382d2da to 0x00000205e382d3d8
Event: 21.389 Thread 0x00000205f5a6c420 Exception <a 'java/lang/NoSuchMethodError'{0x00000000d59875c0}: 'java.lang.Object java.lang.invoke.DirectMethodHandle$Holder.invokeStatic(java.lang.Object, java.lang.Object, int, int)'> (0x00000000d59875c0) 
thrown [s\src\hotspot\share\interpreter\linkResolver.cpp, line 773]
Event: 21.389 Thread 0x00000205f5a6c420 Exception <a 'java/lang/NoSuchMethodError'{0x00000000d598b8d0}: 'java.lang.Object java.lang.invoke.DirectMethodHandle$Holder.invokeSpecial(java.lang.Object, java.lang.Object, java.lang.Object, int, int)'> (0x00000000d598b8d0) 
thrown [s\src\hotspot\share\interpreter\linkResolver.cpp, line 773]
Event: 21.485 Thread 0x00000205f5a6c420 Exception <a 'java/lang/NoSuchMethodError'{0x00000000d55f6190}: 'void java.lang.invoke.DelegatingMethodHandle$Holder.reinvoke_L(java.lang.Object, java.lang.Object, java.lang.Object, int, java.lang.Object, int, int)'> (0x00000000d55f6190) 
thrown [s\src\hotspot\share\interpreter\linkResolver.cpp, line 773]
Event: 23.015 Thread 0x00000205f5a6c420 Exception <a 'java/lang/NoSuchMethodError'{0x00000000d6131f00}: 'int java.lang.invoke.DirectMethodHandle$Holder.invokeSpecialIFC(java.lang.Object, java.lang.Object, java.lang.Object)'> (0x00000000d6131f00) 
thrown [s\src\hotspot\share\interpreter\linkResolver.cpp, line 773]
Event: 23.524 Thread 0x00000205f5a6c420 Implicit null exception at 0x00000205e37f5ad5 to 0x00000205e37f5ca8

ZGC Phase Switch (0 events):
No events

VM Operations (20 events):
Event: 22.438 Executing VM operation: ParallelGCFailedAllocation (Allocation Failure)
Event: 22.443 Executing VM operation: ParallelGCFailedAllocation (Allocation Failure) done
Event: 22.506 Executing VM operation: ParallelGCFailedAllocation (Allocation Failure)
Event: 22.511 Executing VM operation: ParallelGCFailedAllocation (Allocation Failure) done
Event: 22.577 Executing VM operation: ParallelGCFailedAllocation (Allocation Failure)
Event: 22.592 Executing VM operation: ParallelGCFailedAllocation (Allocation Failure) done
Event: 22.719 Executing VM operation: ParallelGCFailedAllocation (Allocation Failure)
Event: 22.722 Executing VM operation: ParallelGCFailedAllocation (Allocation Failure) done
Event: 22.841 Executing VM operation: ParallelGCFailedAllocation (Allocation Failure)
Event: 22.846 Executing VM operation: ParallelGCFailedAllocation (Allocation Failure) done
Event: 23.175 Executing VM operation: HandshakeAllThreads (Deoptimize)
Event: 23.178 Executing VM operation: HandshakeAllThreads (Deoptimize) done
Event: 23.219 Executing VM operation: ParallelGCFailedAllocation (Allocation Failure)
Event: 23.224 Executing VM operation: ParallelGCFailedAllocation (Allocation Failure) done
Event: 23.309 Executing VM operation: HandshakeAllThreads (Deoptimize)
Event: 23.309 Executing VM operation: HandshakeAllThreads (Deoptimize) done
Event: 23.458 Executing VM operation: HandshakeAllThreads (Deoptimize)
Event: 23.458 Executing VM operation: HandshakeAllThreads (Deoptimize) done
Event: 23.526 Executing VM operation: ParallelGCFailedAllocation (Allocation Failure)
Event: 23.549 Executing VM operation: ParallelGCFailedAllocation (Allocation Failure) done

Memory protections (0 events):
No events

Nmethod flushes (20 events):
Event: 10.936 Thread 0x00000205d88ce9d0 flushing  nmethod 0x00000205dc0e0b10
Event: 10.936 Thread 0x00000205d88ce9d0 flushing  nmethod 0x00000205dc0ed110
Event: 10.936 Thread 0x00000205d88ce9d0 flushing  nmethod 0x00000205dc117e90
Event: 10.936 Thread 0x00000205d88ce9d0 flushing  nmethod 0x00000205dc118290
Event: 10.936 Thread 0x00000205d88ce9d0 flushing  nmethod 0x00000205dc118b90
Event: 10.936 Thread 0x00000205d88ce9d0 flushing  nmethod 0x00000205dc119d90
Event: 10.936 Thread 0x00000205d88ce9d0 flushing  nmethod 0x00000205dc11a590
Event: 10.936 Thread 0x00000205d88ce9d0 flushing  nmethod 0x00000205dc11ce10
Event: 10.936 Thread 0x00000205d88ce9d0 flushing  nmethod 0x00000205dc11d310
Event: 10.936 Thread 0x00000205d88ce9d0 flushing  nmethod 0x00000205dc11e810
Event: 10.936 Thread 0x00000205d88ce9d0 flushing  nmethod 0x00000205dc11f210
Event: 10.936 Thread 0x00000205d88ce9d0 flushing  nmethod 0x00000205dc128910
Event: 10.936 Thread 0x00000205d88ce9d0 flushing  nmethod 0x00000205dc12fc10
Event: 10.936 Thread 0x00000205d88ce9d0 flushing  nmethod 0x00000205dc17f490
Event: 10.936 Thread 0x00000205d88ce9d0 flushing  nmethod 0x00000205dc182f90
Event: 10.936 Thread 0x00000205d88ce9d0 flushing  nmethod 0x00000205dc183690
Event: 10.936 Thread 0x00000205d88ce9d0 flushing  nmethod 0x00000205dc188f10
Event: 10.936 Thread 0x00000205d88ce9d0 flushing  nmethod 0x00000205dc1d1010
Event: 10.936 Thread 0x00000205d88ce9d0 flushing  nmethod 0x00000205dc1d3310
Event: 10.936 Thread 0x00000205d88ce9d0 flushing  nmethod 0x00000205dc1faf90

Events (20 events):
Event: 11.054 Thread 0x00000205d8831270 Thread added: 0x00000205f5f80d20
Event: 11.054 Thread 0x00000205d8831270 Thread added: 0x00000205f5f80000
Event: 11.117 Thread 0x00000205d8831270 Thread added: 0x00000205f5f7b7d0
Event: 11.323 Thread 0x00000205d8831270 Thread added: 0x00000205f5f80690
Event: 11.323 Thread 0x00000205d8831270 Thread added: 0x00000205f5f7be60
Event: 13.541 Thread 0x00000205f5a41950 Thread exited: 0x00000205f5a41950
Event: 18.233 Thread 0x00000205f5a6c420 Thread added: 0x00000205f5f7d8a0
Event: 18.249 Thread 0x00000205f5f7d8a0 Thread added: 0x00000205f5f7cb80
Event: 18.255 Thread 0x00000205f5f7d8a0 Thread added: 0x00000205f5f82df0
Event: 18.268 Thread 0x00000205f5f82df0 Thread added: 0x00000205f5f7c4f0
Event: 18.269 Thread 0x00000205f5f82df0 Thread added: 0x00000205f5f7d210
Event: 18.277 Thread 0x00000205f5f7c4f0 Thread added: 0x00000205f5f7df30
Event: 18.278 Thread 0x00000205f5f7c4f0 Thread added: 0x00000205f78a9c50
Event: 18.278 Thread 0x00000205f5f7c4f0 Thread added: 0x00000205f78a67d0
Event: 18.539 Thread 0x00000205f5a6c420 Thread added: 0x00000205f78a4d90
Event: 18.539 Thread 0x00000205f5a6c420 Thread added: 0x00000205f78a88a0
Event: 18.539 Thread 0x00000205f5a6c420 Thread added: 0x00000205f78a8f30
Event: 18.540 Thread 0x00000205f5a6c420 Thread added: 0x00000205f78a95c0
Event: 18.540 Thread 0x00000205f5a6c420 Thread added: 0x00000205f78a6e60
Event: 18.540 Thread 0x00000205f5a6c420 Thread added: 0x00000205f78a5420


Dynamic libraries:
0x00007ff637aa0000 - 0x00007ff637aae000 	c:\Users\ASUS\.vscode\extensions\redhat.java-1.43.0-win32-x64\jre\21.0.7-win32-x86_64\bin\java.exe
0x00007ff8ed190000 - 0x00007ff8ed3a7000 	C:\WINDOWS\SYSTEM32\ntdll.dll
0x00007ff8ec620000 - 0x00007ff8ec6e4000 	C:\WINDOWS\System32\KERNEL32.DLL
0x00007ff8ea580000 - 0x00007ff8ea952000 	C:\WINDOWS\System32\KERNELBASE.dll
0x00007ff8eac80000 - 0x00007ff8ead91000 	C:\WINDOWS\System32\ucrtbase.dll
0x00007ff8c2fc0000 - 0x00007ff8c2fd8000 	c:\Users\ASUS\.vscode\extensions\redhat.java-1.43.0-win32-x64\jre\21.0.7-win32-x86_64\bin\jli.dll
0x00007ff8c4690000 - 0x00007ff8c46ae000 	c:\Users\ASUS\.vscode\extensions\redhat.java-1.43.0-win32-x64\jre\21.0.7-win32-x86_64\bin\VCRUNTIME140.dll
0x00007ff8ec9a0000 - 0x00007ff8ecb51000 	C:\WINDOWS\System32\USER32.dll
0x00007ff8ea3f0000 - 0x00007ff8ea416000 	C:\WINDOWS\System32\win32u.dll
0x00007ff8ec6f0000 - 0x00007ff8ec719000 	C:\WINDOWS\System32\GDI32.dll
0x00007ff8eab50000 - 0x00007ff8eac73000 	C:\WINDOWS\System32\gdi32full.dll
0x00007ff8dcfa0000 - 0x00007ff8dd23b000 	C:\WINDOWS\WinSxS\amd64_microsoft.windows.common-controls_6595b64144ccf1df_6.0.22621.5415_none_270d77d17387d7da\COMCTL32.dll
0x00007ff8ea420000 - 0x00007ff8ea4ba000 	C:\WINDOWS\System32\msvcp_win.dll
0x00007ff8eaf00000 - 0x00007ff8eafa7000 	C:\WINDOWS\System32\msvcrt.dll
0x00007ff8ecff0000 - 0x00007ff8ed021000 	C:\WINDOWS\System32\IMM32.DLL
0x00007ff8d4ed0000 - 0x00007ff8d4edc000 	c:\Users\ASUS\.vscode\extensions\redhat.java-1.43.0-win32-x64\jre\21.0.7-win32-x86_64\bin\vcruntime140_1.dll
0x00007ff8983f0000 - 0x00007ff89847d000 	c:\Users\ASUS\.vscode\extensions\redhat.java-1.43.0-win32-x64\jre\21.0.7-win32-x86_64\bin\msvcp140.dll
0x00007ff88b9d0000 - 0x00007ff88c760000 	c:\Users\ASUS\.vscode\extensions\redhat.java-1.43.0-win32-x64\jre\21.0.7-win32-x86_64\bin\server\jvm.dll
0x00007ff8ec490000 - 0x00007ff8ec541000 	C:\WINDOWS\System32\ADVAPI32.dll
0x00007ff8ec550000 - 0x00007ff8ec5f8000 	C:\WINDOWS\System32\sechost.dll
0x00007ff8eaaa0000 - 0x00007ff8eaac8000 	C:\WINDOWS\System32\bcrypt.dll
0x00007ff8ed030000 - 0x00007ff8ed144000 	C:\WINDOWS\System32\RPCRT4.dll
0x00007ff8ec8d0000 - 0x00007ff8ec941000 	C:\WINDOWS\System32\WS2_32.dll
0x00007ff8e90c0000 - 0x00007ff8e910d000 	C:\WINDOWS\SYSTEM32\POWRPROF.dll
0x00007ff8ddc90000 - 0x00007ff8ddcc4000 	C:\WINDOWS\SYSTEM32\WINMM.dll
0x00007ff8e0510000 - 0x00007ff8e051a000 	C:\WINDOWS\SYSTEM32\VERSION.dll
0x00007ff8e90a0000 - 0x00007ff8e90b3000 	C:\WINDOWS\SYSTEM32\UMPDC.dll
0x00007ff8e9300000 - 0x00007ff8e9318000 	C:\WINDOWS\SYSTEM32\kernel.appcore.dll
0x00007ff8cdb30000 - 0x00007ff8cdb3a000 	c:\Users\ASUS\.vscode\extensions\redhat.java-1.43.0-win32-x64\jre\21.0.7-win32-x86_64\bin\jimage.dll
0x00007ff8e7c80000 - 0x00007ff8e7eb3000 	C:\WINDOWS\SYSTEM32\DBGHELP.DLL
0x00007ff8ecb60000 - 0x00007ff8ecef3000 	C:\WINDOWS\System32\combase.dll
0x00007ff8eae20000 - 0x00007ff8eaef7000 	C:\WINDOWS\System32\OLEAUT32.dll
0x00007ff8cb700000 - 0x00007ff8cb732000 	C:\WINDOWS\SYSTEM32\dbgcore.DLL
0x00007ff8eada0000 - 0x00007ff8eae1b000 	C:\WINDOWS\System32\bcryptPrimitives.dll
0x00007ff8e2870000 - 0x00007ff8e287f000 	c:\Users\ASUS\.vscode\extensions\redhat.java-1.43.0-win32-x64\jre\21.0.7-win32-x86_64\bin\instrument.dll
0x00007ff8bc6e0000 - 0x00007ff8bc6ff000 	c:\Users\ASUS\.vscode\extensions\redhat.java-1.43.0-win32-x64\jre\21.0.7-win32-x86_64\bin\java.dll
0x00007ff8eafb0000 - 0x00007ff8eb852000 	C:\WINDOWS\System32\SHELL32.dll
0x00007ff8ea960000 - 0x00007ff8eaa9f000 	C:\WINDOWS\System32\wintypes.dll
0x00007ff8e8160000 - 0x00007ff8e8a7e000 	C:\WINDOWS\SYSTEM32\windows.storage.dll
0x00007ff8ec7c0000 - 0x00007ff8ec8cb000 	C:\WINDOWS\System32\SHCORE.dll
0x00007ff8ecf80000 - 0x00007ff8ecfe9000 	C:\WINDOWS\System32\shlwapi.dll
0x00007ff8ea1b0000 - 0x00007ff8ea1db000 	C:\WINDOWS\SYSTEM32\profapi.dll
0x00007ff8d30f0000 - 0x00007ff8d3108000 	c:\Users\ASUS\.vscode\extensions\redhat.java-1.43.0-win32-x64\jre\21.0.7-win32-x86_64\bin\zip.dll
0x00007ff8e2880000 - 0x00007ff8e2890000 	C:\Users\ASUS\.vscode\extensions\redhat.java-1.43.0-win32-x64\jre\21.0.7-win32-x86_64\bin\net.dll
0x00007ff8e3190000 - 0x00007ff8e32bc000 	C:\WINDOWS\SYSTEM32\WINHTTP.dll
0x00007ff8e97d0000 - 0x00007ff8e9839000 	C:\WINDOWS\system32\mswsock.dll
0x00007ff8d2400000 - 0x00007ff8d2416000 	C:\Users\ASUS\.vscode\extensions\redhat.java-1.43.0-win32-x64\jre\21.0.7-win32-x86_64\bin\nio.dll
0x00007ff8d9660000 - 0x00007ff8d9670000 	c:\Users\ASUS\.vscode\extensions\redhat.java-1.43.0-win32-x64\jre\21.0.7-win32-x86_64\bin\verify.dll
0x00007ff8ab990000 - 0x00007ff8ab9d5000 	C:\Users\ASUS\AppData\Roaming\Code\User\globalStorage\redhat.java\1.43.0\config_win\org.eclipse.equinox.launcher\org.eclipse.equinox.launcher.win32.win32.x86_64_1.2.1300.v20250331-1702\eclipse_11911.dll
0x00007ff8ebaa0000 - 0x00007ff8ebc40000 	C:\WINDOWS\System32\ole32.dll
0x00007ff8e9a10000 - 0x00007ff8e9a2b000 	C:\WINDOWS\SYSTEM32\CRYPTSP.dll
0x00007ff8e92c0000 - 0x00007ff8e92f7000 	C:\WINDOWS\system32\rsaenh.dll
0x00007ff8e9880000 - 0x00007ff8e98a8000 	C:\WINDOWS\SYSTEM32\USERENV.dll
0x00007ff8e9a00000 - 0x00007ff8e9a0c000 	C:\WINDOWS\SYSTEM32\CRYPTBASE.dll
0x00007ff8e8da0000 - 0x00007ff8e8dcd000 	C:\WINDOWS\SYSTEM32\IPHLPAPI.DLL
0x00007ff8ebc40000 - 0x00007ff8ebc49000 	C:\WINDOWS\System32\NSI.dll
0x00007ff89a900000 - 0x00007ff89a949000 	C:\Users\ASUS\AppData\Local\Temp\jna-2018896\jna18088014454972225230.dll
0x00007ff8ec720000 - 0x00007ff8ec728000 	C:\WINDOWS\System32\PSAPI.DLL
0x00007ff8e35f0000 - 0x00007ff8e3609000 	C:\WINDOWS\SYSTEM32\dhcpcsvc6.DLL
0x00007ff8e2f60000 - 0x00007ff8e2f7f000 	C:\WINDOWS\SYSTEM32\dhcpcsvc.DLL

dbghelp: loaded successfully - version: 4.0.5 - missing functions: none
symbol engine: initialized successfully - sym options: 0x614 - pdb path: .;c:\Users\ASUS\.vscode\extensions\redhat.java-1.43.0-win32-x64\jre\21.0.7-win32-x86_64\bin;C:\WINDOWS\SYSTEM32;C:\WINDOWS\WinSxS\amd64_microsoft.windows.common-controls_6595b64144ccf1df_6.0.22621.5415_none_270d77d17387d7da;c:\Users\ASUS\.vscode\extensions\redhat.java-1.43.0-win32-x64\jre\21.0.7-win32-x86_64\bin\server;C:\Users\ASUS\AppData\Roaming\Code\User\globalStorage\redhat.java\1.43.0\config_win\org.eclipse.equinox.launcher\org.eclipse.equinox.launcher.win32.win32.x86_64_1.2.1300.v20250331-1702;C:\Users\ASUS\AppData\Local\Temp\jna-2018896

VM Arguments:
jvm_args: --add-modules=ALL-SYSTEM --add-opens=java.base/java.util=ALL-UNNAMED --add-opens=java.base/java.lang=ALL-UNNAMED --add-opens=java.base/sun.nio.fs=ALL-UNNAMED -Declipse.application=org.eclipse.jdt.ls.core.id1 -Dosgi.bundles.defaultStartLevel=4 -Declipse.product=org.eclipse.jdt.ls.core.product -Djava.import.generatesMetadataFilesAtProjectRoot=false -DDetectVMInstallationsJob.disabled=true -Dfile.encoding=utf8 -XX:+UseParallelGC -XX:GCTimeRatio=4 -XX:AdaptiveSizePolicyWeight=90 -Dsun.zip.disableMemoryMapping=true -Xmx2G -Xms100m -Xlog:disable -javaagent:c:\Users\ASUS\.vscode\extensions\redhat.java-1.43.0-win32-x64\lombok\lombok-1.18.39-4050.jar -XX:+HeapDumpOnOutOfMemoryError -XX:HeapDumpPath=c:\Users\ASUS\AppData\Roaming\Code\User\workspaceStorage\64c5fc09bacb5b4f7dcb981332d43b0f\redhat.java -Daether.dependencyCollector.impl=bf 
java_command: c:\Users\ASUS\.vscode\extensions\redhat.java-1.43.0-win32-x64\server\plugins\org.eclipse.equinox.launcher_1.7.0.v20250519-0528.jar -configuration c:\Users\ASUS\AppData\Roaming\Code\User\globalStorage\redhat.java\1.43.0\config_win -data c:\Users\ASUS\AppData\Roaming\Code\User\workspaceStorage\64c5fc09bacb5b4f7dcb981332d43b0f\redhat.java\jdt_ws --pipe=\\.\pipe\lsp-6dede18866f26904f6a1c38f976923b6-sock
java_class_path (initial): c:\Users\ASUS\.vscode\extensions\redhat.java-1.43.0-win32-x64\server\plugins\org.eclipse.equinox.launcher_1.7.0.v20250519-0528.jar
Launcher Type: SUN_STANDARD

[Global flags]
    uintx AdaptiveSizePolicyWeight                 = 90                                        {product} {command line}
     intx CICompilerCount                          = 4                                         {product} {ergonomic}
    uintx GCTimeRatio                              = 4                                         {product} {command line}
     bool HeapDumpOnOutOfMemoryError               = true                                   {manageable} {command line}
    ccstr HeapDumpPath                             = c:\Users\ASUS\AppData\Roaming\Code\User\workspaceStorage\64c5fc09bacb5b4f7dcb981332d43b0f\redhat.java         {manageable} {command line}
   size_t InitialHeapSize                          = 104857600                                 {product} {command line}
   size_t MaxHeapSize                              = 2147483648                                {product} {command line}
   size_t MaxNewSize                               = 715653120                                 {product} {ergonomic}
   size_t MinHeapDeltaBytes                        = 524288                                    {product} {ergonomic}
   size_t MinHeapSize                              = 104857600                                 {product} {command line}
   size_t NewSize                                  = 34603008                                  {product} {ergonomic}
    uintx NonNMethodCodeHeapSize                   = 5839372                                {pd product} {ergonomic}
    uintx NonProfiledCodeHeapSize                  = 122909434                              {pd product} {ergonomic}
   size_t OldSize                                  = 70254592                                  {product} {ergonomic}
    uintx ProfiledCodeHeapSize                     = 122909434                              {pd product} {ergonomic}
    uintx ReservedCodeCacheSize                    = 251658240                              {pd product} {ergonomic}
     bool SegmentedCodeCache                       = true                                      {product} {ergonomic}
   size_t SoftMaxHeapSize                          = 2147483648                             {manageable} {ergonomic}
     bool UseCompressedOops                        = true                           {product lp64_product} {ergonomic}
     bool UseLargePagesIndividualAllocation        = false                                  {pd product} {ergonomic}
     bool UseParallelGC                            = true                                      {product} {command line}

Logging:
Log output configuration:
 #0: stdout all=off uptime,level,tags foldmultilines=false
 #1: stderr all=off uptime,level,tags foldmultilines=false

Environment Variables:
JAVA_HOME=D:\downApp
PATH=C:\Program Files\Common Files\Oracle\Java\javapath;D:\downApp\Scripts\;D:\downApp\;C:\Program Files\Microsoft MPI\Bin\;C:\Program Files (x86)\Common Files\Oracle\Java\javapath;C:\Windows\system32;C:\Windows;C:\Windows\System32\Wbem;C:\Windows\System32\WindowsPowerShell\v1.0\;C:\Windows\System32\OpenSSH\;C:\Program Files (x86)\NVIDIA Corporation\PhysX\Common;C:\Program Files\NVIDIA Corporation\NVIDIA NvDLISR;C:\WINDOWS\system32;C:\WINDOWS;C:\WINDOWS\System32\Wbem;C:\WINDOWS\System32\WindowsPowerShell\v1.0\;C:\WINDOWS\System32\OpenSSH\;C:\MinGW\bin;C:\Program Files\dotnet\;C:\Program Files\Microsoft SQL Server\150\Tools\Binn\;C:\Program Files\Microsoft SQL Server\Client SDK\ODBC\170\Tools\Binn\;C:\Program Files (x86)\Microsoft SQL Server\150\Tools\Binn\;C:\Program Files\Microsoft SQL Server\150\DTS\Binn\;C:\Program Files\Azure Data Studio\bin;C:\WINDOWS\system32;C:\WINDOWS;C:\WINDOWS\System32\Wbem;C:\WINDOWS\System32\WindowsPowerShell\v1.0\;C:\WINDOWS\System32\OpenSSH\;C:\laragon\bin\php\php-8.1.10-Win32-vs16-x64;D:\Git\Git\cmd;D:\laragon\laragon\bin\php\php-8.1.10-Win32-vs16-x64;D:\laragon\laragon;C:\Program Files (x86)\Microsoft SQL Server\160\Tools\Binn\;C:\Program Files\Microsoft SQL Server\160\Tools\Binn\;C:\Program Files\Microsoft SQL Server\160\DTS\Binn\;C:\Program Files\Java\apache-maven-3.9.9\bin;C:\Program Files\MySQL\MySQL Shell 8.0\bin\;C:\Users\ASUS\AppData\Local\Programs\Python\Python312\Scripts\;C:\Users\ASUS\AppData\Local\Programs\Python\Python312\;C:\Users\ASUS\AppData\Local\Programs\Python\Python311\Scripts\;C:\Users\ASUS\AppData\Local\Programs\Python\Python311\;D:\python\Scripts\;D:\python\;C:\Users\ASUS\AppData\Local\Microsoft\WindowsApps;D:\Microsoft VS Code\bin;C:\Program Files (x86)\Dev-Cpp\MinGW64\bin;C:\msys64\mingw64\bin;C:\Users\ASUS\.dotnet\tools;C:\Program Files\Azure Data Studio\bin;C:\Users\ASUS\AppData\Local\JetBrains\Toolbox\scripts;C:\Users\ASUS\AppData\Roaming\Composer\vendor\bin;C:\Users\ASUS\AppData\Local\Microsoft\WindowsApps;D:\downApp\winlibs-x86_64-posix-seh-gcc-12.1.0-mingw-w64msvcrt-10.0.0-r3\mingw64\bin;C:\Users\ASUS\AppData\Roaming\npm;C:\Users\ASUS\AppData\Local\Programs\cursor\resources\app\bin
USERNAME=ASUS
OS=Windows_NT
PROCESSOR_IDENTIFIER=Intel64 Family 6 Model 140 Stepping 1, GenuineIntel
TMP=C:\Users\ASUS\AppData\Local\Temp
TEMP=C:\Users\ASUS\AppData\Local\Temp




Periodic native trim disabled

---------------  S Y S T E M  ---------------

OS:
 Windows 11 , 64 bit Build 22621 (10.0.22621.5415)
OS uptime: 0 days 22:57 hours
Hyper-V role detected

CPU: total 8 (initial active 8) (4 cores per cpu, 2 threads per core) family 6 model 140 stepping 1 microcode 0x86, cx8, cmov, fxsr, ht, mmx, 3dnowpref, sse, sse2, sse3, ssse3, sse4.1, sse4.2, popcnt, lzcnt, tsc, tscinvbit, avx, avx2, aes, erms, clmul, bmi1, bmi2, adx, avx512f, avx512dq, avx512cd, avx512bw, avx512vl, sha, fma, vzeroupper, avx512_vpopcntdq, avx512_vpclmulqdq, avx512_vaes, avx512_vnni, clflush, clflushopt, clwb, avx512_vbmi2, avx512_vbmi, hv, rdtscp, rdpid, fsrm, gfni, avx512_bitalg, f16c, cet_ibt, cet_ss, avx512_ifma
Processor Information for the first 8 processors :
  Max Mhz: 3302, Current Mhz: 3302, Mhz Limit: 3302

Memory: 4k page, system-wide physical 7883M (174M free)
TotalPageFile size 28638M (AvailPageFile size 34M)
current process WorkingSet (physical memory assigned to process): 323M, peak: 323M
current process commit charge ("private bytes"): 384M, peak: 393M

vm_info: OpenJDK 64-Bit Server VM (21.0.7+6-LTS) for windows-amd64 JRE (21.0.7+6-LTS), built on 2025-04-15T00:00:00Z by "admin" with MS VC++ 17.7 (VS2022)

END.
