#
# There is insufficient memory for the Java Runtime Environment to continue.
# Native memory allocation (malloc) failed to allocate 1147360 bytes for Chunk::new
# Possible reasons:
#   The system is out of physical RAM or swap space
#   The process is running with CompressedOops enabled, and the Java Heap may be blocking the growth of the native heap
# Possible solutions:
#   Reduce memory load on the system
#   Increase physical memory or swap space
#   Check if swap backing store is full
#   Decrease Java heap size (-Xmx/-Xms)
#   Decrease number of Java threads
#   Decrease Java thread stack sizes (-Xss)
#   Set larger code cache with -XX:ReservedCodeCacheSize=
#   JVM is running with Unscaled Compressed Oops mode in which the Java heap is
#     placed in the first 4GB address space. The Java Heap base address is the
#     maximum limit for the native heap growth. Please use -XX:HeapBaseMinAddress
#     to set the Java Heap base and to place the Java Heap above 4GB virtual address.
# This output file may be truncated or incomplete.
#
#  Out of Memory Error (arena.cpp:189), pid=9428, tid=15072
#
# JRE version: Java(TM) SE Runtime Environment (17.0.9+11) (build 17.0.9+11-LTS-201)
# Java VM: Java HotSpot(TM) 64-Bit Server VM (17.0.9+11-LTS-201, mixed mode, sharing, tiered, compressed oops, compressed class ptrs, g1 gc, windows-amd64)
# No core dump will be written. Minidumps are not enabled by default on client versions of Windows
#

---------------  S U M M A R Y ------------

Command Line: -Dcom.sun.management.jmxremote -Dcom.sun.management.jmxremote.port=51036 -Dcom.sun.management.jmxremote.authenticate=false -Dcom.sun.management.jmxremote.ssl=false -Dspring.jmx.enabled=true -Djava.rmi.server.hostname=localhost -Dspring.application.admin.enabled=true -Dspring.boot.project.name=LMS_DoAn -XX:+ShowCodeDetailsInExceptionMessages -Dmanagement.endpoints.jmx.exposure.include=* vn.doan.lms.LMSApplication

Host: 11th Gen Intel(R) Core(TM) i7-11370H @ 3.30GHz, 8 cores, 7G,  Windows 11 , 64 bit Build 22621 (10.0.22621.5262)
Time: Sat Jun  7 23:33:41 2025 SE Asia Standard Time elapsed time: 1.726873 seconds (0d 0h 0m 1s)

---------------  T H R E A D  ---------------

Current thread (0x000002b07292efa0):  JavaThread "C2 CompilerThread0" daemon [_thread_in_native, id=15072, stack(0x000000b532400000,0x000000b532500000)]


Current CompileTask:
C2:   1726 1024   !   4       jdk.internal.loader.URLClassPath$JarLoader::getResource (65 bytes)

Stack: [0x000000b532400000,0x000000b532500000]
Native frames: (J=compiled Java code, j=interpreted, Vv=VM code, C=native code)
V  [jvm.dll+0x678a4a]
V  [jvm.dll+0x7d9cfd]
V  [jvm.dll+0x7db60e]
V  [jvm.dll+0x7dbc73]
V  [jvm.dll+0x245e1f]
V  [jvm.dll+0xaaafb]
V  [jvm.dll+0xab09c]
V  [jvm.dll+0x36237e]
V  [jvm.dll+0x1bb94a]
V  [jvm.dll+0x218287]
V  [jvm.dll+0x217561]
V  [jvm.dll+0x1a3bc0]
V  [jvm.dll+0x2272de]
V  [jvm.dll+0x22548b]
V  [jvm.dll+0x78f58c]
V  [jvm.dll+0x78998a]
V  [jvm.dll+0x677875]
C  [ucrtbase.dll+0x29333]
C  [KERNEL32.DLL+0x1259d]
C  [ntdll.dll+0x5af58]


---------------  P R O C E S S  ---------------

Threads class SMR info:
_java_thread_list=0x000002b077703ae0, length=15, elements={
0x000002b052d5e480, 0x000002b072915240, 0x000002b072915b10, 0x000002b07292b920,
0x000002b07292c1f0, 0x000002b07292dad0, 0x000002b07292e3a0, 0x000002b07292efa0,
0x000002b07292f960, 0x000002b07293b780, 0x000002b072901c90, 0x000002b077164710,
0x000002b0772e7fc0, 0x000002b0772e84a0, 0x000002b07774cf90
}

Java Threads: ( => current thread )
  0x000002b052d5e480 JavaThread "main" [_thread_in_Java, id=16272, stack(0x000000b531700000,0x000000b531800000)]
  0x000002b072915240 JavaThread "Reference Handler" daemon [_thread_blocked, id=14476, stack(0x000000b531e00000,0x000000b531f00000)]
  0x000002b072915b10 JavaThread "Finalizer" daemon [_thread_blocked, id=19868, stack(0x000000b531f00000,0x000000b532000000)]
  0x000002b07292b920 JavaThread "Signal Dispatcher" daemon [_thread_blocked, id=6808, stack(0x000000b532000000,0x000000b532100000)]
  0x000002b07292c1f0 JavaThread "Attach Listener" daemon [_thread_blocked, id=6336, stack(0x000000b532100000,0x000000b532200000)]
  0x000002b07292dad0 JavaThread "Service Thread" daemon [_thread_blocked, id=6536, stack(0x000000b532200000,0x000000b532300000)]
  0x000002b07292e3a0 JavaThread "Monitor Deflation Thread" daemon [_thread_blocked, id=9828, stack(0x000000b532300000,0x000000b532400000)]
=>0x000002b07292efa0 JavaThread "C2 CompilerThread0" daemon [_thread_in_native, id=15072, stack(0x000000b532400000,0x000000b532500000)]
  0x000002b07292f960 JavaThread "C1 CompilerThread0" daemon [_thread_in_native, id=26144, stack(0x000000b532500000,0x000000b532600000)]
  0x000002b07293b780 JavaThread "Sweeper thread" daemon [_thread_blocked, id=25828, stack(0x000000b532600000,0x000000b532700000)]
  0x000002b072901c90 JavaThread "Common-Cleaner" daemon [_thread_blocked, id=16284, stack(0x000000b532700000,0x000000b532800000)]
  0x000002b077164710 JavaThread "Notification Thread" daemon [_thread_blocked, id=17716, stack(0x000000b532800000,0x000000b532900000)]
  0x000002b0772e7fc0 JavaThread "RMI TCP Accept-0" daemon [_thread_in_native, id=3140, stack(0x000000b532900000,0x000000b532a00000)]
  0x000002b0772e84a0 JavaThread "RMI TCP Accept-51036" daemon [_thread_in_native, id=12208, stack(0x000000b532a00000,0x000000b532b00000)]
  0x000002b07774cf90 JavaThread "RMI TCP Accept-0" daemon [_thread_in_native, id=1360, stack(0x000000b532b00000,0x000000b532c00000)]

Other Threads:
  0x000002b072910570 VMThread "VM Thread" [stack: 0x000000b531d00000,0x000000b531e00000] [id=26600]
  0x000002b07773c020 WatcherThread [stack: 0x000000b532c00000,0x000000b532d00000] [id=2284]
  0x000002b054e7f3a0 GCTaskThread "GC Thread#0" [stack: 0x000000b531800000,0x000000b531900000] [id=27104]
  0x000002b054e8f880 ConcurrentGCThread "G1 Main Marker" [stack: 0x000000b531900000,0x000000b531a00000] [id=26644]
  0x000002b054e901a0 ConcurrentGCThread "G1 Conc#0" [stack: 0x000000b531a00000,0x000000b531b00000] [id=12900]
  0x000002b0727cd1c0 ConcurrentGCThread "G1 Refine#0" [stack: 0x000000b531b00000,0x000000b531c00000] [id=19388]
  0x000002b0727cda00 ConcurrentGCThread "G1 Service" [stack: 0x000000b531c00000,0x000000b531d00000] [id=21412]

Threads with active compile tasks:
C2 CompilerThread0     1740 1024   !   4       jdk.internal.loader.URLClassPath$JarLoader::getResource (65 bytes)
C1 CompilerThread0     1740 1218       3       sun.invoke.util.VerifyAccess::isTypeVisible (47 bytes)

VM state: not at safepoint (normal execution)

VM Mutex/Monitor currently owned by a thread: None

Heap address: 0x0000000084c00000, size: 1972 MB, Compressed Oops mode: 32-bit

CDS archive(s) mapped at: [0x000002b000000000-0x000002b000bd0000-0x000002b000bd0000), size 12386304, SharedBaseAddress: 0x000002b000000000, ArchiveRelocationMode: 1.
Compressed class space mapped at: 0x000002b001000000-0x000002b041000000, reserved size: 1073741824
Narrow klass base: 0x000002b000000000, Narrow klass shift: 0, Narrow klass range: 0x100000000

GC Precious Log:
 CPUs: 8 total, 8 available
 Memory: 7883M
 Large Page Support: Disabled
 NUMA Support: Disabled
 Compressed Oops: Enabled (32-bit)
 Heap Region Size: 1M
 Heap Min Capacity: 8M
 Heap Initial Capacity: 124M
 Heap Max Capacity: 1972M
 Pre-touch: Disabled
 Parallel Workers: 8
 Concurrent Workers: 2
 Concurrent Refinement Workers: 8
 Periodic GC: Disabled

Heap:
 garbage-first heap   total 126976K, used 21504K [0x0000000084c00000, 0x0000000100000000)
  region size 1024K, 21 young (21504K), 0 survivors (0K)
 Metaspace       used 7187K, committed 7360K, reserved 1114112K
  class space    used 806K, committed 896K, reserved 1048576K

Heap Regions: E=young(eden), S=young(survivor), O=old, HS=humongous(starts), HC=humongous(continues), CS=collection set, F=free, OA=open archive, CA=closed archive, TAMS=top-at-mark-start (previous, next)
|   0|0x0000000084c00000, 0x0000000084d00000, 0x0000000084d00000|100%|HS|  |TAMS 0x0000000084c00000, 0x0000000084c00000| Complete 
|   1|0x0000000084d00000, 0x0000000084d00000, 0x0000000084e00000|  0%| F|  |TAMS 0x0000000084d00000, 0x0000000084d00000| Untracked 
|   2|0x0000000084e00000, 0x0000000084e00000, 0x0000000084f00000|  0%| F|  |TAMS 0x0000000084e00000, 0x0000000084e00000| Untracked 
|   3|0x0000000084f00000, 0x0000000084f00000, 0x0000000085000000|  0%| F|  |TAMS 0x0000000084f00000, 0x0000000084f00000| Untracked 
|   4|0x0000000085000000, 0x0000000085000000, 0x0000000085100000|  0%| F|  |TAMS 0x0000000085000000, 0x0000000085000000| Untracked 
|   5|0x0000000085100000, 0x0000000085100000, 0x0000000085200000|  0%| F|  |TAMS 0x0000000085100000, 0x0000000085100000| Untracked 
|   6|0x0000000085200000, 0x0000000085200000, 0x0000000085300000|  0%| F|  |TAMS 0x0000000085200000, 0x0000000085200000| Untracked 
|   7|0x0000000085300000, 0x0000000085300000, 0x0000000085400000|  0%| F|  |TAMS 0x0000000085300000, 0x0000000085300000| Untracked 
|   8|0x0000000085400000, 0x0000000085400000, 0x0000000085500000|  0%| F|  |TAMS 0x0000000085400000, 0x0000000085400000| Untracked 
|   9|0x0000000085500000, 0x0000000085500000, 0x0000000085600000|  0%| F|  |TAMS 0x0000000085500000, 0x0000000085500000| Untracked 
|  10|0x0000000085600000, 0x0000000085600000, 0x0000000085700000|  0%| F|  |TAMS 0x0000000085600000, 0x0000000085600000| Untracked 
|  11|0x0000000085700000, 0x0000000085700000, 0x0000000085800000|  0%| F|  |TAMS 0x0000000085700000, 0x0000000085700000| Untracked 
|  12|0x0000000085800000, 0x0000000085800000, 0x0000000085900000|  0%| F|  |TAMS 0x0000000085800000, 0x0000000085800000| Untracked 
|  13|0x0000000085900000, 0x0000000085900000, 0x0000000085a00000|  0%| F|  |TAMS 0x0000000085900000, 0x0000000085900000| Untracked 
|  14|0x0000000085a00000, 0x0000000085a00000, 0x0000000085b00000|  0%| F|  |TAMS 0x0000000085a00000, 0x0000000085a00000| Untracked 
|  15|0x0000000085b00000, 0x0000000085b00000, 0x0000000085c00000|  0%| F|  |TAMS 0x0000000085b00000, 0x0000000085b00000| Untracked 
|  16|0x0000000085c00000, 0x0000000085c00000, 0x0000000085d00000|  0%| F|  |TAMS 0x0000000085c00000, 0x0000000085c00000| Untracked 
|  17|0x0000000085d00000, 0x0000000085d00000, 0x0000000085e00000|  0%| F|  |TAMS 0x0000000085d00000, 0x0000000085d00000| Untracked 
|  18|0x0000000085e00000, 0x0000000085e00000, 0x0000000085f00000|  0%| F|  |TAMS 0x0000000085e00000, 0x0000000085e00000| Untracked 
|  19|0x0000000085f00000, 0x0000000085f00000, 0x0000000086000000|  0%| F|  |TAMS 0x0000000085f00000, 0x0000000085f00000| Untracked 
|  20|0x0000000086000000, 0x0000000086000000, 0x0000000086100000|  0%| F|  |TAMS 0x0000000086000000, 0x0000000086000000| Untracked 
|  21|0x0000000086100000, 0x0000000086100000, 0x0000000086200000|  0%| F|  |TAMS 0x0000000086100000, 0x0000000086100000| Untracked 
|  22|0x0000000086200000, 0x0000000086200000, 0x0000000086300000|  0%| F|  |TAMS 0x0000000086200000, 0x0000000086200000| Untracked 
|  23|0x0000000086300000, 0x0000000086300000, 0x0000000086400000|  0%| F|  |TAMS 0x0000000086300000, 0x0000000086300000| Untracked 
|  24|0x0000000086400000, 0x0000000086400000, 0x0000000086500000|  0%| F|  |TAMS 0x0000000086400000, 0x0000000086400000| Untracked 
|  25|0x0000000086500000, 0x0000000086500000, 0x0000000086600000|  0%| F|  |TAMS 0x0000000086500000, 0x0000000086500000| Untracked 
|  26|0x0000000086600000, 0x0000000086600000, 0x0000000086700000|  0%| F|  |TAMS 0x0000000086600000, 0x0000000086600000| Untracked 
|  27|0x0000000086700000, 0x0000000086700000, 0x0000000086800000|  0%| F|  |TAMS 0x0000000086700000, 0x0000000086700000| Untracked 
|  28|0x0000000086800000, 0x0000000086800000, 0x0000000086900000|  0%| F|  |TAMS 0x0000000086800000, 0x0000000086800000| Untracked 
|  29|0x0000000086900000, 0x0000000086900000, 0x0000000086a00000|  0%| F|  |TAMS 0x0000000086900000, 0x0000000086900000| Untracked 
|  30|0x0000000086a00000, 0x0000000086a00000, 0x0000000086b00000|  0%| F|  |TAMS 0x0000000086a00000, 0x0000000086a00000| Untracked 
|  31|0x0000000086b00000, 0x0000000086b00000, 0x0000000086c00000|  0%| F|  |TAMS 0x0000000086b00000, 0x0000000086b00000| Untracked 
|  32|0x0000000086c00000, 0x0000000086c00000, 0x0000000086d00000|  0%| F|  |TAMS 0x0000000086c00000, 0x0000000086c00000| Untracked 
|  33|0x0000000086d00000, 0x0000000086d00000, 0x0000000086e00000|  0%| F|  |TAMS 0x0000000086d00000, 0x0000000086d00000| Untracked 
|  34|0x0000000086e00000, 0x0000000086e00000, 0x0000000086f00000|  0%| F|  |TAMS 0x0000000086e00000, 0x0000000086e00000| Untracked 
|  35|0x0000000086f00000, 0x0000000086f00000, 0x0000000087000000|  0%| F|  |TAMS 0x0000000086f00000, 0x0000000086f00000| Untracked 
|  36|0x0000000087000000, 0x0000000087000000, 0x0000000087100000|  0%| F|  |TAMS 0x0000000087000000, 0x0000000087000000| Untracked 
|  37|0x0000000087100000, 0x0000000087100000, 0x0000000087200000|  0%| F|  |TAMS 0x0000000087100000, 0x0000000087100000| Untracked 
|  38|0x0000000087200000, 0x0000000087200000, 0x0000000087300000|  0%| F|  |TAMS 0x0000000087200000, 0x0000000087200000| Untracked 
|  39|0x0000000087300000, 0x0000000087300000, 0x0000000087400000|  0%| F|  |TAMS 0x0000000087300000, 0x0000000087300000| Untracked 
|  40|0x0000000087400000, 0x0000000087400000, 0x0000000087500000|  0%| F|  |TAMS 0x0000000087400000, 0x0000000087400000| Untracked 
|  41|0x0000000087500000, 0x0000000087500000, 0x0000000087600000|  0%| F|  |TAMS 0x0000000087500000, 0x0000000087500000| Untracked 
|  42|0x0000000087600000, 0x0000000087600000, 0x0000000087700000|  0%| F|  |TAMS 0x0000000087600000, 0x0000000087600000| Untracked 
|  43|0x0000000087700000, 0x0000000087700000, 0x0000000087800000|  0%| F|  |TAMS 0x0000000087700000, 0x0000000087700000| Untracked 
|  44|0x0000000087800000, 0x0000000087800000, 0x0000000087900000|  0%| F|  |TAMS 0x0000000087800000, 0x0000000087800000| Untracked 
|  45|0x0000000087900000, 0x0000000087900000, 0x0000000087a00000|  0%| F|  |TAMS 0x0000000087900000, 0x0000000087900000| Untracked 
|  46|0x0000000087a00000, 0x0000000087a00000, 0x0000000087b00000|  0%| F|  |TAMS 0x0000000087a00000, 0x0000000087a00000| Untracked 
|  47|0x0000000087b00000, 0x0000000087b00000, 0x0000000087c00000|  0%| F|  |TAMS 0x0000000087b00000, 0x0000000087b00000| Untracked 
|  48|0x0000000087c00000, 0x0000000087c00000, 0x0000000087d00000|  0%| F|  |TAMS 0x0000000087c00000, 0x0000000087c00000| Untracked 
|  49|0x0000000087d00000, 0x0000000087d00000, 0x0000000087e00000|  0%| F|  |TAMS 0x0000000087d00000, 0x0000000087d00000| Untracked 
|  50|0x0000000087e00000, 0x0000000087e00000, 0x0000000087f00000|  0%| F|  |TAMS 0x0000000087e00000, 0x0000000087e00000| Untracked 
|  51|0x0000000087f00000, 0x0000000087f00000, 0x0000000088000000|  0%| F|  |TAMS 0x0000000087f00000, 0x0000000087f00000| Untracked 
|  52|0x0000000088000000, 0x0000000088000000, 0x0000000088100000|  0%| F|  |TAMS 0x0000000088000000, 0x0000000088000000| Untracked 
|  53|0x0000000088100000, 0x0000000088100000, 0x0000000088200000|  0%| F|  |TAMS 0x0000000088100000, 0x0000000088100000| Untracked 
|  54|0x0000000088200000, 0x0000000088200000, 0x0000000088300000|  0%| F|  |TAMS 0x0000000088200000, 0x0000000088200000| Untracked 
|  55|0x0000000088300000, 0x0000000088300000, 0x0000000088400000|  0%| F|  |TAMS 0x0000000088300000, 0x0000000088300000| Untracked 
|  56|0x0000000088400000, 0x0000000088400000, 0x0000000088500000|  0%| F|  |TAMS 0x0000000088400000, 0x0000000088400000| Untracked 
|  57|0x0000000088500000, 0x0000000088500000, 0x0000000088600000|  0%| F|  |TAMS 0x0000000088500000, 0x0000000088500000| Untracked 
|  58|0x0000000088600000, 0x0000000088600000, 0x0000000088700000|  0%| F|  |TAMS 0x0000000088600000, 0x0000000088600000| Untracked 
|  59|0x0000000088700000, 0x0000000088700000, 0x0000000088800000|  0%| F|  |TAMS 0x0000000088700000, 0x0000000088700000| Untracked 
|  60|0x0000000088800000, 0x0000000088800000, 0x0000000088900000|  0%| F|  |TAMS 0x0000000088800000, 0x0000000088800000| Untracked 
|  61|0x0000000088900000, 0x0000000088900000, 0x0000000088a00000|  0%| F|  |TAMS 0x0000000088900000, 0x0000000088900000| Untracked 
|  62|0x0000000088a00000, 0x0000000088a00000, 0x0000000088b00000|  0%| F|  |TAMS 0x0000000088a00000, 0x0000000088a00000| Untracked 
|  63|0x0000000088b00000, 0x0000000088b00000, 0x0000000088c00000|  0%| F|  |TAMS 0x0000000088b00000, 0x0000000088b00000| Untracked 
|  64|0x0000000088c00000, 0x0000000088c00000, 0x0000000088d00000|  0%| F|  |TAMS 0x0000000088c00000, 0x0000000088c00000| Untracked 
|  65|0x0000000088d00000, 0x0000000088d00000, 0x0000000088e00000|  0%| F|  |TAMS 0x0000000088d00000, 0x0000000088d00000| Untracked 
|  66|0x0000000088e00000, 0x0000000088e00000, 0x0000000088f00000|  0%| F|  |TAMS 0x0000000088e00000, 0x0000000088e00000| Untracked 
|  67|0x0000000088f00000, 0x0000000088f00000, 0x0000000089000000|  0%| F|  |TAMS 0x0000000088f00000, 0x0000000088f00000| Untracked 
|  68|0x0000000089000000, 0x0000000089000000, 0x0000000089100000|  0%| F|  |TAMS 0x0000000089000000, 0x0000000089000000| Untracked 
|  69|0x0000000089100000, 0x0000000089100000, 0x0000000089200000|  0%| F|  |TAMS 0x0000000089100000, 0x0000000089100000| Untracked 
|  70|0x0000000089200000, 0x0000000089200000, 0x0000000089300000|  0%| F|  |TAMS 0x0000000089200000, 0x0000000089200000| Untracked 
|  71|0x0000000089300000, 0x0000000089300000, 0x0000000089400000|  0%| F|  |TAMS 0x0000000089300000, 0x0000000089300000| Untracked 
|  72|0x0000000089400000, 0x0000000089400000, 0x0000000089500000|  0%| F|  |TAMS 0x0000000089400000, 0x0000000089400000| Untracked 
|  73|0x0000000089500000, 0x0000000089500000, 0x0000000089600000|  0%| F|  |TAMS 0x0000000089500000, 0x0000000089500000| Untracked 
|  74|0x0000000089600000, 0x0000000089600000, 0x0000000089700000|  0%| F|  |TAMS 0x0000000089600000, 0x0000000089600000| Untracked 
|  75|0x0000000089700000, 0x0000000089700000, 0x0000000089800000|  0%| F|  |TAMS 0x0000000089700000, 0x0000000089700000| Untracked 
|  76|0x0000000089800000, 0x0000000089800000, 0x0000000089900000|  0%| F|  |TAMS 0x0000000089800000, 0x0000000089800000| Untracked 
|  77|0x0000000089900000, 0x0000000089900000, 0x0000000089a00000|  0%| F|  |TAMS 0x0000000089900000, 0x0000000089900000| Untracked 
|  78|0x0000000089a00000, 0x0000000089a00000, 0x0000000089b00000|  0%| F|  |TAMS 0x0000000089a00000, 0x0000000089a00000| Untracked 
|  79|0x0000000089b00000, 0x0000000089b00000, 0x0000000089c00000|  0%| F|  |TAMS 0x0000000089b00000, 0x0000000089b00000| Untracked 
|  80|0x0000000089c00000, 0x0000000089c00000, 0x0000000089d00000|  0%| F|  |TAMS 0x0000000089c00000, 0x0000000089c00000| Untracked 
|  81|0x0000000089d00000, 0x0000000089d00000, 0x0000000089e00000|  0%| F|  |TAMS 0x0000000089d00000, 0x0000000089d00000| Untracked 
|  82|0x0000000089e00000, 0x0000000089e00000, 0x0000000089f00000|  0%| F|  |TAMS 0x0000000089e00000, 0x0000000089e00000| Untracked 
|  83|0x0000000089f00000, 0x0000000089f00000, 0x000000008a000000|  0%| F|  |TAMS 0x0000000089f00000, 0x0000000089f00000| Untracked 
|  84|0x000000008a000000, 0x000000008a000000, 0x000000008a100000|  0%| F|  |TAMS 0x000000008a000000, 0x000000008a000000| Untracked 
|  85|0x000000008a100000, 0x000000008a100000, 0x000000008a200000|  0%| F|  |TAMS 0x000000008a100000, 0x000000008a100000| Untracked 
|  86|0x000000008a200000, 0x000000008a200000, 0x000000008a300000|  0%| F|  |TAMS 0x000000008a200000, 0x000000008a200000| Untracked 
|  87|0x000000008a300000, 0x000000008a300000, 0x000000008a400000|  0%| F|  |TAMS 0x000000008a300000, 0x000000008a300000| Untracked 
|  88|0x000000008a400000, 0x000000008a400000, 0x000000008a500000|  0%| F|  |TAMS 0x000000008a400000, 0x000000008a400000| Untracked 
|  89|0x000000008a500000, 0x000000008a500000, 0x000000008a600000|  0%| F|  |TAMS 0x000000008a500000, 0x000000008a500000| Untracked 
|  90|0x000000008a600000, 0x000000008a600000, 0x000000008a700000|  0%| F|  |TAMS 0x000000008a600000, 0x000000008a600000| Untracked 
|  91|0x000000008a700000, 0x000000008a700000, 0x000000008a800000|  0%| F|  |TAMS 0x000000008a700000, 0x000000008a700000| Untracked 
|  92|0x000000008a800000, 0x000000008a800000, 0x000000008a900000|  0%| F|  |TAMS 0x000000008a800000, 0x000000008a800000| Untracked 
|  93|0x000000008a900000, 0x000000008a900000, 0x000000008aa00000|  0%| F|  |TAMS 0x000000008a900000, 0x000000008a900000| Untracked 
|  94|0x000000008aa00000, 0x000000008aa00000, 0x000000008ab00000|  0%| F|  |TAMS 0x000000008aa00000, 0x000000008aa00000| Untracked 
|  95|0x000000008ab00000, 0x000000008ab00000, 0x000000008ac00000|  0%| F|  |TAMS 0x000000008ab00000, 0x000000008ab00000| Untracked 
|  96|0x000000008ac00000, 0x000000008ac00000, 0x000000008ad00000|  0%| F|  |TAMS 0x000000008ac00000, 0x000000008ac00000| Untracked 
|  97|0x000000008ad00000, 0x000000008ad00000, 0x000000008ae00000|  0%| F|  |TAMS 0x000000008ad00000, 0x000000008ad00000| Untracked 
|  98|0x000000008ae00000, 0x000000008ae00000, 0x000000008af00000|  0%| F|  |TAMS 0x000000008ae00000, 0x000000008ae00000| Untracked 
|  99|0x000000008af00000, 0x000000008af00000, 0x000000008b000000|  0%| F|  |TAMS 0x000000008af00000, 0x000000008af00000| Untracked 
| 100|0x000000008b000000, 0x000000008b000000, 0x000000008b100000|  0%| F|  |TAMS 0x000000008b000000, 0x000000008b000000| Untracked 
| 101|0x000000008b100000, 0x000000008b100000, 0x000000008b200000|  0%| F|  |TAMS 0x000000008b100000, 0x000000008b100000| Untracked 
| 102|0x000000008b200000, 0x000000008b200000, 0x000000008b300000|  0%| F|  |TAMS 0x000000008b200000, 0x000000008b200000| Untracked 
| 103|0x000000008b300000, 0x000000008b376a00, 0x000000008b400000| 46%| E|  |TAMS 0x000000008b300000, 0x000000008b300000| Complete 
| 104|0x000000008b400000, 0x000000008b500000, 0x000000008b500000|100%| E|CS|TAMS 0x000000008b400000, 0x000000008b400000| Complete 
| 105|0x000000008b500000, 0x000000008b600000, 0x000000008b600000|100%| E|CS|TAMS 0x000000008b500000, 0x000000008b500000| Complete 
| 106|0x000000008b600000, 0x000000008b700000, 0x000000008b700000|100%| E|CS|TAMS 0x000000008b600000, 0x000000008b600000| Complete 
| 107|0x000000008b700000, 0x000000008b800000, 0x000000008b800000|100%| E|CS|TAMS 0x000000008b700000, 0x000000008b700000| Complete 
| 108|0x000000008b800000, 0x000000008b900000, 0x000000008b900000|100%| E|CS|TAMS 0x000000008b800000, 0x000000008b800000| Complete 
| 109|0x000000008b900000, 0x000000008ba00000, 0x000000008ba00000|100%| E|CS|TAMS 0x000000008b900000, 0x000000008b900000| Complete 
| 110|0x000000008ba00000, 0x000000008bb00000, 0x000000008bb00000|100%| E|CS|TAMS 0x000000008ba00000, 0x000000008ba00000| Complete 
| 111|0x000000008bb00000, 0x000000008bc00000, 0x000000008bc00000|100%| E|CS|TAMS 0x000000008bb00000, 0x000000008bb00000| Complete 
| 112|0x000000008bc00000, 0x000000008bd00000, 0x000000008bd00000|100%| E|CS|TAMS 0x000000008bc00000, 0x000000008bc00000| Complete 
| 113|0x000000008bd00000, 0x000000008be00000, 0x000000008be00000|100%| E|CS|TAMS 0x000000008bd00000, 0x000000008bd00000| Complete 
| 114|0x000000008be00000, 0x000000008bf00000, 0x000000008bf00000|100%| E|CS|TAMS 0x000000008be00000, 0x000000008be00000| Complete 
| 115|0x000000008bf00000, 0x000000008c000000, 0x000000008c000000|100%| E|CS|TAMS 0x000000008bf00000, 0x000000008bf00000| Complete 
| 116|0x000000008c000000, 0x000000008c100000, 0x000000008c100000|100%| E|CS|TAMS 0x000000008c000000, 0x000000008c000000| Complete 
| 117|0x000000008c100000, 0x000000008c200000, 0x000000008c200000|100%| E|CS|TAMS 0x000000008c100000, 0x000000008c100000| Complete 
| 118|0x000000008c200000, 0x000000008c300000, 0x000000008c300000|100%| E|CS|TAMS 0x000000008c200000, 0x000000008c200000| Complete 
| 119|0x000000008c300000, 0x000000008c400000, 0x000000008c400000|100%| E|CS|TAMS 0x000000008c300000, 0x000000008c300000| Complete 
| 120|0x000000008c400000, 0x000000008c500000, 0x000000008c500000|100%| E|CS|TAMS 0x000000008c400000, 0x000000008c400000| Complete 
| 121|0x000000008c500000, 0x000000008c600000, 0x000000008c600000|100%| E|CS|TAMS 0x000000008c500000, 0x000000008c500000| Complete 
| 122|0x000000008c600000, 0x000000008c700000, 0x000000008c700000|100%| E|CS|TAMS 0x000000008c600000, 0x000000008c600000| Complete 
| 123|0x000000008c700000, 0x000000008c800000, 0x000000008c800000|100%| E|CS|TAMS 0x000000008c700000, 0x000000008c700000| Complete 

Card table byte_map: [0x000002b06bdb0000,0x000002b06c190000] _byte_map_base: 0x000002b06b98a000

Marking Bits (Prev, Next): (CMBitMap*) 0x000002b054e7f8d0, (CMBitMap*) 0x000002b054e7f910
 Prev Bits: [0x000002b06c570000, 0x000002b06e440000)
 Next Bits: [0x000002b06e440000, 0x000002b070310000)

Polling page: 0x000002b0545d0000

Metaspace:

Usage:
  Non-class:      6.25 MB used.
      Class:    810.61 KB used.
       Both:      7.05 MB used.

Virtual space:
  Non-class space:       64.00 MB reserved,       6.38 MB ( 10%) committed,  1 nodes.
      Class space:        1.00 GB reserved,     896.00 KB ( <1%) committed,  1 nodes.
             Both:        1.06 GB reserved,       7.25 MB ( <1%) committed. 

Chunk freelists:
   Non-Class:  9.52 MB
       Class:  15.03 MB
        Both:  24.55 MB

MaxMetaspaceSize: unlimited
CompressedClassSpaceSize: 1.00 GB
Initial GC threshold: 21.00 MB
Current GC threshold: 21.00 MB
CDS: on
MetaspaceReclaimPolicy: balanced
 - commit_granule_bytes: 65536.
 - commit_granule_words: 8192.
 - virtual_space_node_default_size: 8388608.
 - enlarge_chunks_in_place: 1.
 - new_chunks_are_fully_committed: 0.
 - uncommit_free_chunks: 1.
 - use_allocation_guard: 0.
 - handle_deallocations: 1.


Internal statistics:

num_allocs_failed_limit: 0.
num_arena_births: 132.
num_arena_deaths: 0.
num_vsnodes_births: 2.
num_vsnodes_deaths: 0.
num_space_committed: 116.
num_space_uncommitted: 0.
num_chunks_returned_to_freelist: 0.
num_chunks_taken_from_freelist: 227.
num_chunk_merges: 0.
num_chunk_splits: 151.
num_chunks_enlarged: 100.
num_inconsistent_stats: 0.

CodeHeap 'non-profiled nmethods': size=120000Kb used=399Kb max_used=399Kb free=119600Kb
 bounds [0x000002b064170000, 0x000002b0643e0000, 0x000002b06b6a0000]
CodeHeap 'profiled nmethods': size=120000Kb used=2219Kb max_used=2219Kb free=117780Kb
 bounds [0x000002b05c6a0000, 0x000002b05c910000, 0x000002b063bd0000]
CodeHeap 'non-nmethods': size=5760Kb used=1180Kb max_used=1198Kb free=4579Kb
 bounds [0x000002b063bd0000, 0x000002b063e40000, 0x000002b064170000]
 total_blobs=1671 nmethods=1208 adapters=376
 compilation: enabled
              stopped_count=0, restarted_count=0
 full_count=0

Compilation events (20 events):
Event: 1.721 Thread 0x000002b07292f960 1203       3       java.util.zip.ZipFile$ZipFileInputStream::initDataOffset (117 bytes)
Event: 1.721 Thread 0x000002b07292f960 nmethod 1203 0x000002b05c8c1d90 code [0x000002b05c8c1fa0, 0x000002b05c8c2748]
Event: 1.721 Thread 0x000002b07292f960 1204   !   3       java.util.zip.ZipFile$Source::readAt (39 bytes)
Event: 1.722 Thread 0x000002b07292f960 nmethod 1204 0x000002b05c8c2a90 code [0x000002b05c8c2c80, 0x000002b05c8c30e8]
Event: 1.722 Thread 0x000002b07292f960 1205   !   3       java.util.zip.Inflater::setInput (69 bytes)
Event: 1.722 Thread 0x000002b07292f960 nmethod 1205 0x000002b05c8c3410 code [0x000002b05c8c35e0, 0x000002b05c8c39e8]
Event: 1.722 Thread 0x000002b07292f960 1208       3       java.util.zip.ZipFile$ZipFileInflaterInputStream::<init> (14 bytes)
Event: 1.722 Thread 0x000002b07292f960 nmethod 1208 0x000002b05c8c3b90 code [0x000002b05c8c3d40, 0x000002b05c8c3ed8]
Event: 1.722 Thread 0x000002b07292f960 1209   !   3       java.util.zip.ZipFile$CleanableResource::getInflater (47 bytes)
Event: 1.722 Thread 0x000002b07292f960 nmethod 1209 0x000002b05c8c4010 code [0x000002b05c8c41e0, 0x000002b05c8c46d8]
Event: 1.722 Thread 0x000002b07292f960 1210       3       java.util.zip.ZipFile$ZipFileInflaterInputStream::<init> (41 bytes)
Event: 1.722 Thread 0x000002b07292f960 nmethod 1210 0x000002b05c8c4890 code [0x000002b05c8c4a60, 0x000002b05c8c4f18]
Event: 1.722 Thread 0x000002b07292f960 1206       3       java.util.zip.CRC32::<init> (5 bytes)
Event: 1.722 Thread 0x000002b07292f960 nmethod 1206 0x000002b05c8c5110 code [0x000002b05c8c52a0, 0x000002b05c8c53f8]
Event: 1.722 Thread 0x000002b07292f960 1211       3       java.util.zip.ZipFile$InflaterCleanupAction::<init> (15 bytes)
Event: 1.722 Thread 0x000002b07292f960 nmethod 1211 0x000002b05c8c5490 code [0x000002b05c8c5640, 0x000002b05c8c5858]
Event: 1.722 Thread 0x000002b07292f960 1207       3       jdk.internal.loader.URLClassPath$JarLoader$2::getCodeSourceURL (8 bytes)
Event: 1.723 Thread 0x000002b07292f960 nmethod 1207 0x000002b05c8c5910 code [0x000002b05c8c5aa0, 0x000002b05c8c5bb8]
Event: 1.723 Thread 0x000002b07292f960 1212       1       java.util.concurrent.CopyOnWriteArrayList::getArray (5 bytes)
Event: 1.723 Thread 0x000002b07292f960 nmethod 1212 0x000002b0641d3190 code [0x000002b0641d3320, 0x000002b0641d33f8]

GC Heap History (0 events):
No events

Deoptimization events (20 events):
Event: 1.220 Thread 0x000002b052d5e480 Uncommon trap: trap_request=0xffffffde fr.pc=0x000002b0641a687c relative=0x000000000000133c
Event: 1.220 Thread 0x000002b052d5e480 Uncommon trap: reason=class_check action=maybe_recompile pc=0x000002b0641a687c method=java.util.HashMap.putVal(ILjava/lang/Object;Ljava/lang/Object;ZZ)Ljava/lang/Object; @ 91 c2
Event: 1.220 Thread 0x000002b052d5e480 DEOPT PACKING pc=0x000002b0641a687c sp=0x000000b5317fe760
Event: 1.220 Thread 0x000002b052d5e480 DEOPT UNPACKING pc=0x000002b063c25ba3 sp=0x000000b5317fe6b8 mode 2
Event: 1.285 Thread 0x000002b052d5e480 DEOPT PACKING pc=0x000002b05c6e04e8 sp=0x000000b5317fc980
Event: 1.285 Thread 0x000002b052d5e480 DEOPT UNPACKING pc=0x000002b063c266e3 sp=0x000000b5317fbe10 mode 0
Event: 1.309 Thread 0x000002b052d5e480 Uncommon trap: trap_request=0xffffff45 fr.pc=0x000002b064187664 relative=0x0000000000000064
Event: 1.309 Thread 0x000002b052d5e480 Uncommon trap: reason=unstable_if action=reinterpret pc=0x000002b064187664 method=java.io.WinNTFileSystem.isSlash(C)Z @ 9 c2
Event: 1.309 Thread 0x000002b052d5e480 DEOPT PACKING pc=0x000002b064187664 sp=0x000000b5317fd9e0
Event: 1.309 Thread 0x000002b052d5e480 DEOPT UNPACKING pc=0x000002b063c25ba3 sp=0x000000b5317fd968 mode 2
Event: 1.312 Thread 0x000002b052d5e480 DEOPT PACKING pc=0x000002b05c6ed80c sp=0x000000b5317fcec0
Event: 1.312 Thread 0x000002b052d5e480 DEOPT UNPACKING pc=0x000002b063c266e3 sp=0x000000b5317fc370 mode 0
Event: 1.327 Thread 0x000002b052d5e480 DEOPT PACKING pc=0x000002b05c6f2a43 sp=0x000000b5317fd1e0
Event: 1.327 Thread 0x000002b052d5e480 DEOPT UNPACKING pc=0x000002b063c266e3 sp=0x000000b5317fc630 mode 0
Event: 1.427 Thread 0x000002b052d5e480 DEOPT PACKING pc=0x000002b05c6db3be sp=0x000000b5317fce70
Event: 1.427 Thread 0x000002b052d5e480 DEOPT UNPACKING pc=0x000002b063c266e3 sp=0x000000b5317fc2e8 mode 0
Event: 1.517 Thread 0x000002b052d5e480 Uncommon trap: trap_request=0xffffff45 fr.pc=0x000002b0641a68bc relative=0x000000000000137c
Event: 1.517 Thread 0x000002b052d5e480 Uncommon trap: reason=unstable_if action=reinterpret pc=0x000002b0641a68bc method=java.util.HashMap.hash(Ljava/lang/Object;)I @ 1 c2
Event: 1.517 Thread 0x000002b052d5e480 DEOPT PACKING pc=0x000002b0641a68bc sp=0x000000b5317fd1b0
Event: 1.517 Thread 0x000002b052d5e480 DEOPT UNPACKING pc=0x000002b063c25ba3 sp=0x000000b5317fd160 mode 2

Classes unloaded (0 events):
No events

Classes redefined (0 events):
No events

Internal exceptions (20 events):
Event: 0.577 Thread 0x000002b052d5e480 Exception <a 'java/lang/NoSuchMethodError'{0x000000008c0d6378}: 'java.lang.Object java.lang.invoke.DirectMethodHandle$Holder.invokeStaticInit(java.lang.Object)'> (0x000000008c0d6378) 
thrown [s\open\src\hotspot\share\interpreter\linkResolver.cpp, line 759]
Event: 0.703 Thread 0x000002b052d5e480 Exception <a 'java/lang/NoSuchMethodError'{0x000000008c0f1728}: 'int java.lang.invoke.DirectMethodHandle$Holder.invokeInterface(java.lang.Object, java.lang.Object)'> (0x000000008c0f1728) 
thrown [s\open\src\hotspot\share\interpreter\linkResolver.cpp, line 759]
Event: 0.703 Thread 0x000002b052d5e480 Exception <a 'java/lang/IncompatibleClassChangeError'{0x000000008c0f4fa0}: Found class java.lang.Object, but interface was expected> (0x000000008c0f4fa0) 
thrown [s\open\src\hotspot\share\interpreter\linkResolver.cpp, line 826]
Event: 0.704 Thread 0x000002b052d5e480 Exception <a 'java/lang/NoSuchMethodError'{0x000000008c0fabe0}: 'void java.lang.invoke.DirectMethodHandle$Holder.invokeStatic(java.lang.Object, java.lang.Object)'> (0x000000008c0fabe0) 
thrown [s\open\src\hotspot\share\interpreter\linkResolver.cpp, line 759]
Event: 0.752 Thread 0x000002b052d5e480 Exception <a 'java/lang/NoSuchMethodError'{0x000000008bfc7f58}: 'int java.lang.invoke.DirectMethodHandle$Holder.invokeSpecial(java.lang.Object, java.lang.Object, java.lang.Object)'> (0x000000008bfc7f58) 
thrown [s\open\src\hotspot\share\interpreter\linkResolver.cpp, line 759]
Event: 0.807 Thread 0x000002b052d5e480 Exception <a 'java/lang/NoSuchMethodError'{0x000000008bec9c60}: 'void java.lang.invoke.DirectMethodHandle$Holder.invokeStatic(java.lang.Object, java.lang.Object, java.lang.Object)'> (0x000000008bec9c60) 
thrown [s\open\src\hotspot\share\interpreter\linkResolver.cpp, line 759]
Event: 0.857 Thread 0x000002b052d5e480 Exception <a 'java/lang/NoSuchMethodError'{0x000000008bd0e610}: 'int java.lang.invoke.DirectMethodHandle$Holder.invokeSpecialIFC(java.lang.Object, java.lang.Object, java.lang.Object)'> (0x000000008bd0e610) 
thrown [s\open\src\hotspot\share\interpreter\linkResolver.cpp, line 759]
Event: 0.892 Thread 0x000002b052d5e480 Exception <a 'java/lang/NoSuchMethodError'{0x000000008bd85c08}: 'java.lang.Object java.lang.invoke.DirectMethodHandle$Holder.invokeStaticInit(java.lang.Object, int, int, int, int)'> (0x000000008bd85c08) 
thrown [s\open\src\hotspot\share\interpreter\linkResolver.cpp, line 759]
Event: 1.141 Thread 0x000002b052d5e480 Exception <a 'java/lang/NoSuchMethodError'{0x000000008bc792f0}: 'java.lang.Object java.lang.invoke.DirectMethodHandle$Holder.invokeStaticInit(java.lang.Object, java.lang.Object, int, int, int, int)'> (0x000000008bc792f0) 
thrown [s\open\src\hotspot\share\interpreter\linkResolver.cpp, line 759]
Event: 1.160 Thread 0x000002b052d5e480 Exception <a 'java/lang/ClassNotFoundException'{0x000000008bc94a68}: javax/management/remote/rmi/RMIServerImpl_Skel> (0x000000008bc94a68) 
thrown [s\open\src\hotspot\share\classfile\systemDictionary.cpp, line 256]
Event: 1.197 Thread 0x000002b052d5e480 Implicit null exception at 0x000002b0641b3b56 to 0x000002b0641b4568
Event: 1.211 Thread 0x000002b052d5e480 Exception <a 'java/lang/ClassNotFoundException'{0x000000008bcd95a8}: jdk/internal/agent/resources/spi/agentProvider> (0x000000008bcd95a8) 
thrown [s\open\src\hotspot\share\classfile\systemDictionary.cpp, line 256]
Event: 1.393 Thread 0x000002b052d5e480 Exception <a 'java/lang/ClassNotFoundException'{0x000000008b9bb7e8}: javax/smartcardio/CardPermission> (0x000000008b9bb7e8) 
thrown [s\open\src\hotspot\share\classfile\systemDictionary.cpp, line 256]
Event: 1.417 Thread 0x000002b052d5e480 Exception <a 'java/io/FileNotFoundException'{0x000000008b9c9888}> (0x000000008b9c9888) 
thrown [s\open\src\hotspot\share\prims\jni.cpp, line 516]
Event: 1.434 Thread 0x000002b052d5e480 Exception <a 'java/lang/NoSuchMethodError'{0x000000008b82ed98}: 'java.lang.Object java.lang.invoke.DirectMethodHandle$Holder.invokeSpecial(java.lang.Object, java.lang.Object, java.lang.Object, long, java.lang.Object)'> (0x000000008b82ed98) 
thrown [s\open\src\hotspot\share\interpreter\linkResolver.cpp, line 759]
Event: 1.434 Thread 0x000002b052d5e480 Exception <a 'java/lang/NoSuchMethodError'{0x000000008b832968}: 'java.lang.Object java.lang.invoke.Invokers$Holder.linkToTargetMethod(java.lang.Object, long, java.lang.Object, java.lang.Object)'> (0x000000008b832968) 
thrown [s\open\src\hotspot\share\interpreter\linkResolver.cpp, line 759]
Event: 1.517 Thread 0x000002b052d5e480 Implicit null exception at 0x000002b0641a557e to 0x000002b0641a68a8
Event: 1.562 Thread 0x000002b052d5e480 Exception <a 'java/lang/NoSuchMethodError'{0x000000008b641118}: 'void java.lang.invoke.DirectMethodHandle$Holder.invokeStatic(java.lang.Object, java.lang.Object, java.lang.Object, java.lang.Object)'> (0x000000008b641118) 
thrown [s\open\src\hotspot\share\interpreter\linkResolver.cpp, line 759]
Event: 1.672 Thread 0x000002b052d5e480 Exception <a 'java/lang/NoSuchMethodError'{0x000000008b573ea0}: 'int java.lang.invoke.DirectMethodHandle$Holder.invokeStaticInit(java.lang.Object, java.lang.Object)'> (0x000000008b573ea0) 
thrown [s\open\src\hotspot\share\interpreter\linkResolver.cpp, line 759]
Event: 1.687 Thread 0x000002b052d5e480 Exception <a 'java/lang/NoSuchMethodError'{0x000000008b5cb310}: 'void java.lang.invoke.DirectMethodHandle$Holder.invokeInterface(java.lang.Object, java.lang.Object, java.lang.Object, java.lang.Object)'> (0x000000008b5cb310) 
thrown [s\open\src\hotspot\share\interpreter\linkResolver.cpp, line 759]

VM Operations (14 events):
Event: 0.818 Executing VM operation: HandshakeAllThreads
Event: 0.818 Executing VM operation: HandshakeAllThreads done
Event: 0.877 Executing VM operation: HandshakeAllThreads
Event: 0.877 Executing VM operation: HandshakeAllThreads done
Event: 1.160 Executing VM operation: HandshakeAllThreads
Event: 1.160 Executing VM operation: HandshakeAllThreads done
Event: 1.160 Executing VM operation: Cleanup
Event: 1.160 Executing VM operation: Cleanup done
Event: 1.303 Executing VM operation: HandshakeAllThreads
Event: 1.303 Executing VM operation: HandshakeAllThreads done
Event: 1.309 Executing VM operation: HandshakeAllThreads
Event: 1.309 Executing VM operation: HandshakeAllThreads done
Event: 1.524 Executing VM operation: HandshakeAllThreads
Event: 1.524 Executing VM operation: HandshakeAllThreads done

Events (20 events):
Event: 1.581 loading class java/net/HttpURLConnection
Event: 1.582 loading class java/net/HttpURLConnection done
Event: 1.585 loading class java/net/URLDecoder
Event: 1.589 loading class java/net/URLDecoder done
Event: 1.589 loading class java/net/URLEncoder
Event: 1.589 loading class java/net/URLEncoder done
Event: 1.634 loading class java/util/ImmutableCollections$Access
Event: 1.634 loading class java/util/ImmutableCollections$Access done
Event: 1.634 loading class java/util/ImmutableCollections$Access$1
Event: 1.634 loading class jdk/internal/access/JavaUtilCollectionAccess
Event: 1.634 loading class jdk/internal/access/JavaUtilCollectionAccess done
Event: 1.634 loading class java/util/ImmutableCollections$Access$1 done
Event: 1.671 loading class java/lang/reflect/UndeclaredThrowableException
Event: 1.671 loading class java/lang/reflect/UndeclaredThrowableException done
Event: 1.715 loading class java/lang/NoSuchFieldError
Event: 1.715 loading class java/lang/NoSuchFieldError done
Event: 1.716 loading class java/lang/FunctionalInterface
Event: 1.716 loading class java/lang/FunctionalInterface done
Event: 1.719 loading class java/util/NoSuchElementException
Event: 1.719 loading class java/util/NoSuchElementException done


Dynamic libraries:
0x00007ff799940000 - 0x00007ff799950000 	D:\downApp\bin\java.exe
0x00007ff9a8bf0000 - 0x00007ff9a8e07000 	C:\WINDOWS\SYSTEM32\ntdll.dll
0x00007ff9a6ec0000 - 0x00007ff9a6f84000 	C:\WINDOWS\System32\KERNEL32.DLL
0x00007ff9a6290000 - 0x00007ff9a6663000 	C:\WINDOWS\System32\KERNELBASE.dll
0x00007ff9a6670000 - 0x00007ff9a6781000 	C:\WINDOWS\System32\ucrtbase.dll
0x00007ff99f030000 - 0x00007ff99f049000 	D:\downApp\bin\jli.dll
0x00007ff983e10000 - 0x00007ff983e2b000 	D:\downApp\bin\VCRUNTIME140.dll
0x00007ff9a69f0000 - 0x00007ff9a6aa1000 	C:\WINDOWS\System32\ADVAPI32.dll
0x00007ff9a6880000 - 0x00007ff9a6927000 	C:\WINDOWS\System32\msvcrt.dll
0x00007ff9a6930000 - 0x00007ff9a69d7000 	C:\WINDOWS\System32\sechost.dll
0x00007ff9a6790000 - 0x00007ff9a67b8000 	C:\WINDOWS\System32\bcrypt.dll
0x00007ff9a7440000 - 0x00007ff9a7554000 	C:\WINDOWS\System32\RPCRT4.dll
0x00007ff9a7260000 - 0x00007ff9a7411000 	C:\WINDOWS\System32\USER32.dll
0x00007ff99bc00000 - 0x00007ff99be9b000 	C:\WINDOWS\WinSxS\amd64_microsoft.windows.common-controls_6595b64144ccf1df_6.0.22621.5262_none_2712bde373830908\COMCTL32.dll
0x00007ff9a5ce0000 - 0x00007ff9a5d06000 	C:\WINDOWS\System32\win32u.dll
0x00007ff9a7120000 - 0x00007ff9a7149000 	C:\WINDOWS\System32\GDI32.dll
0x00007ff9a6160000 - 0x00007ff9a6282000 	C:\WINDOWS\System32\gdi32full.dll
0x00007ff9a5d90000 - 0x00007ff9a5e2a000 	C:\WINDOWS\System32\msvcp_win.dll
0x00007ff99f550000 - 0x00007ff99f55a000 	C:\WINDOWS\SYSTEM32\VERSION.dll
0x00007ff9a7a20000 - 0x00007ff9a7a51000 	C:\WINDOWS\System32\IMM32.DLL
0x00007ff983e00000 - 0x00007ff983e0c000 	D:\downApp\bin\vcruntime140_1.dll
0x00007ff983d70000 - 0x00007ff983dfe000 	D:\downApp\bin\msvcp140.dll
0x00007ff92c230000 - 0x00007ff92ce11000 	D:\downApp\bin\server\jvm.dll
0x00007ff9a8ba0000 - 0x00007ff9a8ba8000 	C:\WINDOWS\System32\PSAPI.DLL
0x00007ff99f390000 - 0x00007ff99f399000 	C:\WINDOWS\SYSTEM32\WSOCK32.dll
0x00007ff997bf0000 - 0x00007ff997c24000 	C:\WINDOWS\SYSTEM32\WINMM.dll
0x00007ff9a8b20000 - 0x00007ff9a8b91000 	C:\WINDOWS\System32\WS2_32.dll
0x00007ff9a4de0000 - 0x00007ff9a4df8000 	C:\WINDOWS\SYSTEM32\kernel.appcore.dll
0x00007ff99f2a0000 - 0x00007ff99f2aa000 	D:\downApp\bin\jimage.dll
0x00007ff9a3280000 - 0x00007ff9a34b2000 	C:\WINDOWS\SYSTEM32\DBGHELP.DLL
0x00007ff9a6b20000 - 0x00007ff9a6eb3000 	C:\WINDOWS\System32\combase.dll
0x00007ff9a7a80000 - 0x00007ff9a7b57000 	C:\WINDOWS\System32\OLEAUT32.dll
0x00007ff997040000 - 0x00007ff997072000 	C:\WINDOWS\SYSTEM32\dbgcore.DLL
0x00007ff9a5f70000 - 0x00007ff9a5feb000 	C:\WINDOWS\System32\bcryptPrimitives.dll
0x00007ff993b90000 - 0x00007ff993bb5000 	D:\downApp\bin\java.dll
0x00007ff991db0000 - 0x00007ff991e87000 	D:\downApp\bin\jsvml.dll
0x00007ff9a8280000 - 0x00007ff9a8b1d000 	C:\WINDOWS\System32\SHELL32.dll
0x00007ff9a5e30000 - 0x00007ff9a5f6f000 	C:\WINDOWS\System32\wintypes.dll
0x00007ff9a3be0000 - 0x00007ff9a44fd000 	C:\WINDOWS\SYSTEM32\windows.storage.dll
0x00007ff9a6f90000 - 0x00007ff9a709b000 	C:\WINDOWS\System32\SHCORE.dll
0x00007ff9a7b60000 - 0x00007ff9a7bc6000 	C:\WINDOWS\System32\shlwapi.dll
0x00007ff9a5c10000 - 0x00007ff9a5c3b000 	C:\WINDOWS\SYSTEM32\profapi.dll
0x00007ff99f000000 - 0x00007ff99f019000 	D:\downApp\bin\net.dll
0x00007ff99f8c0000 - 0x00007ff99f9ec000 	C:\WINDOWS\SYSTEM32\WINHTTP.dll
0x00007ff9a5290000 - 0x00007ff9a52fa000 	C:\WINDOWS\system32\mswsock.dll
0x00007ff9938b0000 - 0x00007ff9938c6000 	D:\downApp\bin\nio.dll
0x00007ff993b70000 - 0x00007ff993b88000 	D:\downApp\bin\zip.dll
0x00007ff99aea0000 - 0x00007ff99aeaa000 	D:\downApp\bin\management.dll
0x00007ff9925e0000 - 0x00007ff9925eb000 	D:\downApp\bin\management_ext.dll
0x00007ff9808c0000 - 0x00007ff9808d7000 	C:\WINDOWS\system32\napinsp.dll
0x00007ff980450000 - 0x00007ff98046b000 	C:\WINDOWS\system32\pnrpnsp.dll
0x00007ff9a4780000 - 0x00007ff9a4878000 	C:\WINDOWS\SYSTEM32\DNSAPI.dll
0x00007ff9a4750000 - 0x00007ff9a477d000 	C:\WINDOWS\SYSTEM32\IPHLPAPI.DLL
0x00007ff9a7a60000 - 0x00007ff9a7a69000 	C:\WINDOWS\System32\NSI.dll
0x00007ff980320000 - 0x00007ff980331000 	C:\WINDOWS\System32\winrnr.dll
0x00007ff980300000 - 0x00007ff98031f000 	C:\WINDOWS\system32\wshbth.dll
0x00007ff9802d0000 - 0x00007ff9802f1000 	C:\WINDOWS\system32\nlansp_c.dll
0x00007ff98bce0000 - 0x00007ff98bcea000 	C:\Windows\System32\rasadhlp.dll
0x00007ff99f600000 - 0x00007ff99f683000 	C:\WINDOWS\System32\fwpuclnt.dll
0x00007ff9a54f0000 - 0x00007ff9a550b000 	C:\WINDOWS\SYSTEM32\CRYPTSP.dll
0x00007ff9a4d40000 - 0x00007ff9a4d77000 	C:\WINDOWS\system32\rsaenh.dll
0x00007ff9a5380000 - 0x00007ff9a53a8000 	C:\WINDOWS\SYSTEM32\USERENV.dll
0x00007ff9a54e0000 - 0x00007ff9a54ec000 	C:\WINDOWS\SYSTEM32\CRYPTBASE.dll
0x00007ff99fd20000 - 0x00007ff99fd39000 	C:\WINDOWS\SYSTEM32\dhcpcsvc6.DLL
0x00007ff99f8a0000 - 0x00007ff99f8bf000 	C:\WINDOWS\SYSTEM32\dhcpcsvc.DLL

dbghelp: loaded successfully - version: 4.0.5 - missing functions: none
symbol engine: initialized successfully - sym options: 0x614 - pdb path: .;D:\downApp\bin;C:\WINDOWS\SYSTEM32;C:\WINDOWS\WinSxS\amd64_microsoft.windows.common-controls_6595b64144ccf1df_6.0.22621.5262_none_2712bde373830908;D:\downApp\bin\server

VM Arguments:
jvm_args: -Dcom.sun.management.jmxremote -Dcom.sun.management.jmxremote.port=51036 -Dcom.sun.management.jmxremote.authenticate=false -Dcom.sun.management.jmxremote.ssl=false -Dspring.jmx.enabled=true -Djava.rmi.server.hostname=localhost -Dspring.application.admin.enabled=true -Dspring.boot.project.name=LMS_DoAn -XX:+ShowCodeDetailsInExceptionMessages -Dmanagement.endpoints.jmx.exposure.include=* 
java_command: vn.doan.lms.LMSApplication
java_class_path (initial): D:\java\vscodejava\doan\LMS_DoAn\build\resources\main;D:\java\vscodejava\doan\LMS_DoAn\build\classes\java\main;C:\Users\ASUS\.gradle\caches\modules-2\files-2.1\org.hibernate.validator\hibernate-validator\8.0.1.Final\e49e116b3d3928060599b176b3538bb848718e95\hibernate-validator-8.0.1.Final.jar;C:\Users\ASUS\.gradle\caches\modules-2\files-2.1\org.springframework\spring-orm\6.1.5\d2dc2b996680fcc8ae5aea294f0ce6bda5577c7c\spring-orm-6.1.5.jar;C:\Users\ASUS\.gradle\caches\modules-2\files-2.1\org.thymeleaf\thymeleaf-spring6\3.1.2.RELEASE\6030c7b4e260c41336f378e53da6e8531263f24b\thymeleaf-spring6-3.1.2.RELEASE.jar;C:\Users\ASUS\.gradle\caches\modules-2\files-2.1\io.micrometer\micrometer-commons\1.12.4\a57f10c78956b38087f97beae66cf14cb8b08d34\micrometer-commons-1.12.4.jar;C:\Users\ASUS\.gradle\caches\modules-2\files-2.1\org.springframework.data\spring-data-jpa\3.2.4\1932f90c487999575b57ad41986de96c8ebf5843\spring-data-jpa-3.2.4.jar;C:\Users\ASUS\.gradle\caches\modules-2\files-2.1\org.yaml\snakeyaml\2.2\3af797a25458550a16bf89acc8e4ab2b7f2bfce0\snakeyaml-2.2.jar;C:\Users\ASUS\.gradle\caches\modules-2\files-2.1\com.zaxxer\HikariCP\5.0.1\a74c7f0a37046846e88d54f7cb6ea6d565c65f9c\HikariCP-5.0.1.jar;C:\Users\ASUS\.gradle\caches\modules-2\files-2.1\ch.qos.logback\logback-core\1.4.14\4d3c2248219ac0effeb380ed4c5280a80bf395e8\logback-core-1.4.14.jar;C:\Users\ASUS\.gradle\caches\modules-2\files-2.1\org.springframework.boot\spring-boot-actuator-autoconfigure\3.2.4\fc5d94aa9b147786d60379f7365cb4bf6766cdad\spring-boot-actuator-autoconfigure-3.2.4.jar;C:\Users\ASUS\.gradle\caches\modules-2\files-2.1\org.glassfish.jaxb\jaxb-core\4.0.5\7b4b11ea5542eea4ad55e1080b23be436795b3\jaxb-core-4.0.5.jar;C:\Users\ASUS\.gradle\caches\modules-2\files-2.1\org.apache.tomcat.embed\tomcat-embed-core\10.1.19\3dbbca8acbd4dd6a137c3d6f934a2931512b42ce\tomcat-embed-core-10.1.19.jar;C:\Users\ASUS\.gradle\caches\modules-2\files-2.1\org.springframework\spring-aop\6.1.5\a4f596bd3c55b6cec93f
Launcher Type: SUN_STANDARD

[Global flags]
     intx CICompilerCount                          = 4                                         {product} {ergonomic}
     uint ConcGCThreads                            = 2                                         {product} {ergonomic}
     uint G1ConcRefinementThreads                  = 8                                         {product} {ergonomic}
   size_t G1HeapRegionSize                         = 1048576                                   {product} {ergonomic}
    uintx GCDrainStackTargetSize                   = 64                                        {product} {ergonomic}
   size_t InitialHeapSize                          = 130023424                                 {product} {ergonomic}
     bool ManagementServer                         = true                                      {product} {command line}
   size_t MarkStackSize                            = 4194304                                   {product} {ergonomic}
   size_t MaxHeapSize                              = 2067791872                                {product} {ergonomic}
   size_t MaxNewSize                               = 1240465408                                {product} {ergonomic}
   size_t MinHeapDeltaBytes                        = 1048576                                   {product} {ergonomic}
   size_t MinHeapSize                              = 8388608                                   {product} {ergonomic}
    uintx NonNMethodCodeHeapSize                   = 5839372                                {pd product} {ergonomic}
    uintx NonProfiledCodeHeapSize                  = 122909434                              {pd product} {ergonomic}
    uintx ProfiledCodeHeapSize                     = 122909434                              {pd product} {ergonomic}
    uintx ReservedCodeCacheSize                    = 251658240                              {pd product} {ergonomic}
     bool SegmentedCodeCache                       = true                                      {product} {ergonomic}
     bool ShowCodeDetailsInExceptionMessages       = true                                   {manageable} {command line}
   size_t SoftMaxHeapSize                          = 2067791872                             {manageable} {ergonomic}
     bool UseCompressedClassPointers               = true                           {product lp64_product} {ergonomic}
     bool UseCompressedOops                        = true                           {product lp64_product} {ergonomic}
     bool UseG1GC                                  = true                                      {product} {ergonomic}
     bool UseLargePagesIndividualAllocation        = false                                  {pd product} {ergonomic}

Logging:
Log output configuration:
 #0: stdout all=warning uptime,level,tags
 #1: stderr all=off uptime,level,tags

Environment Variables:
JAVA_HOME=D:\downApp
PATH=C:\Program Files\Common Files\Oracle\Java\javapath;D:\downApp\Scripts\;D:\downApp\;C:\Program Files\Microsoft MPI\Bin\;C:\Program Files (x86)\Common Files\Oracle\Java\javapath;C:\Windows\system32;C:\Windows;C:\Windows\System32\Wbem;C:\Windows\System32\WindowsPowerShell\v1.0\;C:\Windows\System32\OpenSSH\;C:\Program Files (x86)\NVIDIA Corporation\PhysX\Common;C:\Program Files\NVIDIA Corporation\NVIDIA NvDLISR;C:\WINDOWS\system32;C:\WINDOWS;C:\WINDOWS\System32\Wbem;C:\WINDOWS\System32\WindowsPowerShell\v1.0\;C:\WINDOWS\System32\OpenSSH\;C:\MinGW\bin;C:\Program Files\dotnet\;C:\Program Files\Microsoft SQL Server\150\Tools\Binn\;C:\Program Files\Microsoft SQL Server\Client SDK\ODBC\170\Tools\Binn\;C:\Program Files (x86)\Microsoft SQL Server\150\Tools\Binn\;C:\Program Files\Microsoft SQL Server\150\DTS\Binn\;C:\Program Files\Azure Data Studio\bin;C:\WINDOWS\system32;C:\WINDOWS;C:\WINDOWS\System32\Wbem;C:\WINDOWS\System32\WindowsPowerShell\v1.0\;C:\WINDOWS\System32\OpenSSH\;C:\laragon\bin\php\php-8.1.10-Win32-vs16-x64;D:\Git\Git\cmd;D:\laragon\laragon\bin\php\php-8.1.10-Win32-vs16-x64;D:\laragon\laragon;C:\Program Files (x86)\Microsoft SQL Server\160\Tools\Binn\;C:\Program Files\Microsoft SQL Server\160\Tools\Binn\;C:\Program Files\Microsoft SQL Server\160\DTS\Binn\;C:\Program Files\Java\apache-maven-3.9.9\bin;C:\Program Files\MySQL\MySQL Shell 8.0\bin\;C:\Users\ASUS\AppData\Local\Programs\Python\Python312\Scripts\;C:\Users\ASUS\AppData\Local\Programs\Python\Python312\;C:\Users\ASUS\AppData\Local\Programs\Python\Python311\Scripts\;C:\Users\ASUS\AppData\Local\Programs\Python\Python311\;D:\python\Scripts\;D:\python\;C:\Users\ASUS\AppData\Local\Microsoft\WindowsApps;D:\Microsoft VS Code\bin;C:\Program Files (x86)\Dev-Cpp\MinGW64\bin;C:\msys64\mingw64\bin;C:\Users\ASUS\.dotnet\tools;C:\Program Files\Azure Data Studio\bin;C:\Users\ASUS\AppData\Local\JetBrains\Toolbox\scripts;C:\Users\ASUS\AppData\Roaming\Composer\vendor\bin;C:\Users\ASUS\AppData\Local\Microsoft\WindowsApps;D:
USERNAME=ASUS
LANG=en_US.UTF-8
OS=Windows_NT
PROCESSOR_IDENTIFIER=Intel64 Family 6 Model 140 Stepping 1, GenuineIntel



---------------  S Y S T E M  ---------------

OS:
 Windows 11 , 64 bit Build 22621 (10.0.22621.5262)
OS uptime: 2 days 10:58 hours
Hyper-V role detected

CPU: total 8 (initial active 8) (4 cores per cpu, 2 threads per core) family 6 model 140 stepping 1 microcode 0x86, cx8, cmov, fxsr, ht, mmx, 3dnowpref, sse, sse2, sse3, ssse3, sse4.1, sse4.2, popcnt, lzcnt, tsc, tscinvbit, avx, avx2, aes, erms, clmul, bmi1, bmi2, adx, avx512f, avx512dq, avx512cd, avx512bw, avx512vl, sha, fma, vzeroupper, avx512_vpopcntdq, avx512_vpclmulqdq, avx512_vaes, avx512_vnni, clflush, clflushopt, clwb, avx512_vbmi2, avx512_vbmi, hv

Memory: 4k page, system-wide physical 7883M (134M free)
TotalPageFile size 28638M (AvailPageFile size 3M)
current process WorkingSet (physical memory assigned to process): 82M, peak: 82M
current process commit charge ("private bytes"): 232M, peak: 232M

vm_info: Java HotSpot(TM) 64-Bit Server VM (17.0.9+11-LTS-201) for windows-amd64 JRE (17.0.9+11-LTS-201), built on Oct 10 2023 23:16:06 by "mach5one" with MS VC++ 17.1 (VS2022)

END.
