#
# There is insufficient memory for the Java Runtime Environment to continue.
# Native memory allocation (malloc) failed to allocate 1519856 bytes for Chunk::new
# Possible reasons:
#   The system is out of physical RAM or swap space
#   The process is running with CompressedOops enabled, and the Java Heap may be blocking the growth of the native heap
# Possible solutions:
#   Reduce memory load on the system
#   Increase physical memory or swap space
#   Check if swap backing store is full
#   Decrease Java heap size (-Xmx/-Xms)
#   Decrease number of Java threads
#   Decrease Java thread stack sizes (-Xss)
#   Set larger code cache with -XX:ReservedCodeCacheSize=
#   JVM is running with Unscaled Compressed Oops mode in which the Java heap is
#     placed in the first 4GB address space. The Java Heap base address is the
#     maximum limit for the native heap growth. Please use -XX:HeapBaseMinAddress
#     to set the Java Heap base and to place the Java Heap above 4GB virtual address.
# This output file may be truncated or incomplete.
#
#  Out of Memory Error (arena.cpp:189), pid=33476, tid=22560
#
# JRE version: Java(TM) SE Runtime Environment (17.0.9+11) (build 17.0.9+11-LTS-201)
# Java VM: Java HotSpot(TM) 64-Bit Server VM (17.0.9+11-LTS-201, mixed mode, sharing, tiered, compressed oops, compressed class ptrs, g1 gc, windows-amd64)
# No core dump will be written. Minidumps are not enabled by default on client versions of Windows
#

---------------  S U M M A R Y ------------

Command Line: -Dcom.sun.management.jmxremote -Dcom.sun.management.jmxremote.port=53781 -Dcom.sun.management.jmxremote.authenticate=false -Dcom.sun.management.jmxremote.ssl=false -Dspring.jmx.enabled=true -Djava.rmi.server.hostname=localhost -Dspring.application.admin.enabled=true -Dspring.boot.project.name=jobhunter-lms -XX:+ShowCodeDetailsInExceptionMessages -Dmanagement.endpoints.jmx.exposure.include=* vn.doan.lms.LMSApplication

Host: 11th Gen Intel(R) Core(TM) i7-11370H @ 3.30GHz, 8 cores, 7G,  Windows 11 , 64 bit Build 22621 (10.0.22621.5415)
Time: Wed Jun 25 11:02:15 2025 SE Asia Standard Time elapsed time: 20.380351 seconds (0d 0h 0m 20s)

---------------  T H R E A D  ---------------

Current thread (0x0000026364311660):  JavaThread "C2 CompilerThread0" daemon [_thread_in_native, id=22560, stack(0x00000096d0400000,0x00000096d0500000)]


Current CompileTask:
C2:  20380 10383   !   4       org.springframework.aop.aspectj.AspectJExpressionPointcut::getShadowMatch (292 bytes)

Stack: [0x00000096d0400000,0x00000096d0500000]
Native frames: (J=compiled Java code, j=interpreted, Vv=VM code, C=native code)
V  [jvm.dll+0x678a4a]
V  [jvm.dll+0x7d9cfd]
V  [jvm.dll+0x7db60e]
V  [jvm.dll+0x7dbc73]
V  [jvm.dll+0x245e1f]
V  [jvm.dll+0xaaafb]
V  [jvm.dll+0xab09c]
V  [jvm.dll+0x2ab7ef]
V  [jvm.dll+0x5812e5]
V  [jvm.dll+0x220c52]
V  [jvm.dll+0x219c3f]
V  [jvm.dll+0x217459]
V  [jvm.dll+0x1a3bc0]
V  [jvm.dll+0x2272de]
V  [jvm.dll+0x22548b]
V  [jvm.dll+0x78f58c]
V  [jvm.dll+0x78998a]
V  [jvm.dll+0x677875]
C  [ucrtbase.dll+0x29333]
C  [KERNEL32.DLL+0x1259d]
C  [ntdll.dll+0x5af78]


---------------  P R O C E S S  ---------------

Threads class SMR info:
_java_thread_list=0x000002636b788010, length=40, elements={
0x00000263642f9150, 0x00000263642f9b10, 0x000002636430bb60, 0x000002636430c520,
0x000002636430eef0, 0x000002636430f8b0, 0x0000026364311660, 0x0000026364312110,
0x00000263644a0000, 0x0000026364558970, 0x0000026364557f50, 0x0000026364557020,
0x000002636455a2c0, 0x000002636455a7d0, 0x00000263645598a0, 0x0000026364557a40,
0x0000026364557530, 0x0000026364559390, 0x0000026369c26390, 0x0000026369c29630,
0x0000026369c2b490, 0x0000026369c28700, 0x0000026369c28c10, 0x000002636a6863d0,
0x0000026369c29b40, 0x0000026369c2c8d0, 0x0000026369c2af80, 0x0000026369c24f50,
0x0000026369c25460, 0x0000026369c25970, 0x0000026369c272c0, 0x0000026375a42ee0,
0x0000026375a44320, 0x0000026375a45250, 0x0000026375a46180, 0x0000026375a41fb0,
0x0000026375a424c0, 0x0000026375a484f0, 0x0000026375a45760, 0x0000026375a46690
}

Java Threads: ( => current thread )
  0x00000263642f9150 JavaThread "Reference Handler" daemon [_thread_blocked, id=14936, stack(0x00000096cfe00000,0x00000096cff00000)]
  0x00000263642f9b10 JavaThread "Finalizer" daemon [_thread_blocked, id=21036, stack(0x00000096cff00000,0x00000096d0000000)]
  0x000002636430bb60 JavaThread "Signal Dispatcher" daemon [_thread_blocked, id=34372, stack(0x00000096d0000000,0x00000096d0100000)]
  0x000002636430c520 JavaThread "Attach Listener" daemon [_thread_blocked, id=21156, stack(0x00000096d0100000,0x00000096d0200000)]
  0x000002636430eef0 JavaThread "Service Thread" daemon [_thread_blocked, id=13860, stack(0x00000096d0200000,0x00000096d0300000)]
  0x000002636430f8b0 JavaThread "Monitor Deflation Thread" daemon [_thread_blocked, id=33676, stack(0x00000096d0300000,0x00000096d0400000)]
=>0x0000026364311660 JavaThread "C2 CompilerThread0" daemon [_thread_in_native, id=22560, stack(0x00000096d0400000,0x00000096d0500000)]
  0x0000026364312110 JavaThread "C1 CompilerThread0" daemon [_thread_blocked, id=9652, stack(0x00000096d0500000,0x00000096d0600000)]
  0x00000263644a0000 JavaThread "Sweeper thread" daemon [_thread_blocked, id=1436, stack(0x00000096d0600000,0x00000096d0700000)]
  0x0000026364558970 JavaThread "Common-Cleaner" daemon [_thread_blocked, id=2488, stack(0x00000096d0700000,0x00000096d0800000)]
  0x0000026364557f50 JavaThread "Notification Thread" daemon [_thread_blocked, id=10356, stack(0x00000096d0800000,0x00000096d0900000)]
  0x0000026364557020 JavaThread "RMI TCP Accept-0" daemon [_thread_in_native, id=31096, stack(0x00000096d0a00000,0x00000096d0b00000)]
  0x000002636455a2c0 JavaThread "RMI TCP Accept-53781" daemon [_thread_in_native, id=31056, stack(0x00000096d0b00000,0x00000096d0c00000)]
  0x000002636455a7d0 JavaThread "RMI TCP Accept-0" daemon [_thread_in_native, id=14636, stack(0x00000096d0c00000,0x00000096d0d00000)]
  0x00000263645598a0 JavaThread "RMI TCP Connection(1)-127.0.0.1" daemon [_thread_in_native, id=6900, stack(0x00000096d0e00000,0x00000096d0f00000)]
  0x0000026364557a40 JavaThread "RMI Scheduler(0)" daemon [_thread_blocked, id=22988, stack(0x00000096d0f00000,0x00000096d1000000)]
  0x0000026364557530 JavaThread "RMI TCP Connection(2)-127.0.0.1" daemon [_thread_in_native, id=11452, stack(0x00000096d1000000,0x00000096d1100000)]
  0x0000026364559390 JavaThread "JMX server connection timeout 22" daemon [_thread_blocked, id=32764, stack(0x00000096d1100000,0x00000096d1200000)]
  0x0000026369c26390 JavaThread "Catalina-utility-1" [_thread_blocked, id=34600, stack(0x00000096d1c00000,0x00000096d1d00000)]
  0x0000026369c29630 JavaThread "Catalina-utility-2" [_thread_blocked, id=5376, stack(0x00000096d1e00000,0x00000096d1f00000)]
  0x0000026369c2b490 JavaThread "container-0" [_thread_blocked, id=22200, stack(0x00000096d1f00000,0x00000096d2000000)]
  0x0000026369c28700 JavaThread "mysql-cj-abandoned-connection-cleanup" daemon [_thread_blocked, id=34748, stack(0x00000096d2000000,0x00000096d2100000)]
  0x0000026369c28c10 JavaThread "HikariPool-1 housekeeper" daemon [_thread_blocked, id=13156, stack(0x00000096d2200000,0x00000096d2300000)]
  0x000002636a6863d0 JavaThread "C2 CompilerThread1" daemon [_thread_in_native, id=30856, stack(0x00000096d0900000,0x00000096d0a00000)]
  0x0000026369c29b40 JavaThread "File Watcher" daemon [_thread_blocked, id=33896, stack(0x00000096d2400000,0x00000096d2500000)]
  0x0000026369c2c8d0 JavaThread "Live Reload Server" daemon [_thread_in_native, id=33368, stack(0x00000096d2600000,0x00000096d2700000)]
  0x0000026369c2af80 JavaThread "http-nio-8080-exec-1" daemon [_thread_blocked, id=33744, stack(0x00000096d2500000,0x00000096d2600000)]
  0x0000026369c24f50 JavaThread "http-nio-8080-exec-2" daemon [_thread_blocked, id=23848, stack(0x00000096d2700000,0x00000096d2800000)]
  0x0000026369c25460 JavaThread "http-nio-8080-exec-3" daemon [_thread_blocked, id=25548, stack(0x00000096d2800000,0x00000096d2900000)]
  0x0000026369c25970 JavaThread "http-nio-8080-exec-4" daemon [_thread_blocked, id=33268, stack(0x00000096d2900000,0x00000096d2a00000)]
  0x0000026369c272c0 JavaThread "http-nio-8080-exec-5" daemon [_thread_blocked, id=6068, stack(0x00000096d2a00000,0x00000096d2b00000)]
  0x0000026375a42ee0 JavaThread "http-nio-8080-exec-6" daemon [_thread_blocked, id=18716, stack(0x00000096d2b00000,0x00000096d2c00000)]
  0x0000026375a44320 JavaThread "http-nio-8080-exec-7" daemon [_thread_blocked, id=33608, stack(0x00000096d2c00000,0x00000096d2d00000)]
  0x0000026375a45250 JavaThread "http-nio-8080-exec-8" daemon [_thread_blocked, id=30580, stack(0x00000096d2d00000,0x00000096d2e00000)]
  0x0000026375a46180 JavaThread "http-nio-8080-exec-9" daemon [_thread_blocked, id=25820, stack(0x00000096d2e00000,0x00000096d2f00000)]
  0x0000026375a41fb0 JavaThread "http-nio-8080-exec-10" daemon [_thread_blocked, id=34700, stack(0x00000096d2f00000,0x00000096d3000000)]
  0x0000026375a424c0 JavaThread "http-nio-8080-Poller" daemon [_thread_in_native, id=28560, stack(0x00000096d3000000,0x00000096d3100000)]
  0x0000026375a484f0 JavaThread "http-nio-8080-Acceptor" daemon [_thread_in_native, id=6716, stack(0x00000096d3100000,0x00000096d3200000)]
  0x0000026375a45760 JavaThread "DestroyJavaVM" [_thread_blocked, id=5424, stack(0x00000096cf700000,0x00000096cf800000)]
  0x0000026375a46690 JavaThread "RMI TCP Connection(3)-127.0.0.1" daemon [_thread_in_native, id=34404, stack(0x00000096d1900000,0x00000096d1a00000)]

Other Threads:
  0x00000263642f1790 VMThread "VM Thread" [stack: 0x00000096cfd00000,0x00000096cfe00000] [id=28252]
  0x0000026346437e80 WatcherThread [stack: 0x00000096d0d00000,0x00000096d0e00000] [id=34528]
  0x0000026346420170 GCTaskThread "GC Thread#0" [stack: 0x00000096cf800000,0x00000096cf900000] [id=6424]
  0x0000026369992520 GCTaskThread "GC Thread#1" [stack: 0x00000096d1200000,0x00000096d1300000] [id=11992]
  0x0000026369771680 GCTaskThread "GC Thread#2" [stack: 0x00000096d1300000,0x00000096d1400000] [id=29084]
  0x0000026369a095a0 GCTaskThread "GC Thread#3" [stack: 0x00000096d1400000,0x00000096d1500000] [id=22076]
  0x0000026369990180 GCTaskThread "GC Thread#4" [stack: 0x00000096d1500000,0x00000096d1600000] [id=12600]
  0x0000026369ae0840 GCTaskThread "GC Thread#5" [stack: 0x00000096d1600000,0x00000096d1700000] [id=33344]
  0x0000026369b29a40 GCTaskThread "GC Thread#6" [stack: 0x00000096d1700000,0x00000096d1800000] [id=33472]
  0x0000026369b289c0 GCTaskThread "GC Thread#7" [stack: 0x00000096d1b00000,0x00000096d1c00000] [id=9472]
  0x0000026346430740 ConcurrentGCThread "G1 Main Marker" [stack: 0x00000096cf900000,0x00000096cfa00000] [id=2864]
  0x0000026346431150 ConcurrentGCThread "G1 Conc#0" [stack: 0x00000096cfa00000,0x00000096cfb00000] [id=34712]
  0x0000026369b294c0 ConcurrentGCThread "G1 Conc#1" [stack: 0x00000096d1d00000,0x00000096d1e00000] [id=16008]
  0x00000263641adb40 ConcurrentGCThread "G1 Refine#0" [stack: 0x00000096cfb00000,0x00000096cfc00000] [id=28440]
  0x0000026369930ad0 ConcurrentGCThread "G1 Refine#1" [stack: 0x00000096d1800000,0x00000096d1900000] [id=28472]
  0x000002636bdea780 ConcurrentGCThread "G1 Refine#2" [stack: 0x00000096d2300000,0x00000096d2400000] [id=16660]
  0x00000263641ae570 ConcurrentGCThread "G1 Service" [stack: 0x00000096cfc00000,0x00000096cfd00000] [id=34216]

Threads with active compile tasks:
C2 CompilerThread0    20408 10383   !   4       org.springframework.aop.aspectj.AspectJExpressionPointcut::getShadowMatch (292 bytes)
C2 CompilerThread1    20408 10386       4       org.springframework.aop.support.AopUtils::canApply (210 bytes)

VM state: not at safepoint (normal execution)

VM Mutex/Monitor currently owned by a thread: None

Heap address: 0x0000000084c00000, size: 1972 MB, Compressed Oops mode: 32-bit

CDS archive(s) mapped at: [0x0000026300000000-0x0000026300bd0000-0x0000026300bd0000), size 12386304, SharedBaseAddress: 0x0000026300000000, ArchiveRelocationMode: 1.
Compressed class space mapped at: 0x0000026301000000-0x0000026341000000, reserved size: 1073741824
Narrow klass base: 0x0000026300000000, Narrow klass shift: 0, Narrow klass range: 0x100000000

GC Precious Log:
 CPUs: 8 total, 8 available
 Memory: 7883M
 Large Page Support: Disabled
 NUMA Support: Disabled
 Compressed Oops: Enabled (32-bit)
 Heap Region Size: 1M
 Heap Min Capacity: 8M
 Heap Initial Capacity: 124M
 Heap Max Capacity: 1972M
 Pre-touch: Disabled
 Parallel Workers: 8
 Concurrent Workers: 2
 Concurrent Refinement Workers: 8
 Periodic GC: Disabled

Heap:
 garbage-first heap   total 129024K, used 63509K [0x0000000084c00000, 0x0000000100000000)
  region size 1024K, 11 young (11264K), 5 survivors (5120K)
 Metaspace       used 88828K, committed 89536K, reserved 1179648K
  class space    used 12174K, committed 12480K, reserved 1048576K

Heap Regions: E=young(eden), S=young(survivor), O=old, HS=humongous(starts), HC=humongous(continues), CS=collection set, F=free, OA=open archive, CA=closed archive, TAMS=top-at-mark-start (previous, next)
|   0|0x0000000084c00000, 0x0000000084d00000, 0x0000000084d00000|100%|HS|  |TAMS 0x0000000084d00000, 0x0000000084c00000| Complete 
|   1|0x0000000084d00000, 0x0000000084e00000, 0x0000000084e00000|100%| O|  |TAMS 0x0000000084e00000, 0x0000000084d00000| Untracked 
|   2|0x0000000084e00000, 0x0000000084f00000, 0x0000000084f00000|100%| O|  |TAMS 0x0000000084f00000, 0x0000000084e00000| Untracked 
|   3|0x0000000084f00000, 0x0000000085000000, 0x0000000085000000|100%| O|  |TAMS 0x0000000085000000, 0x0000000084f00000| Untracked 
|   4|0x0000000085000000, 0x0000000085100000, 0x0000000085100000|100%| O|  |TAMS 0x0000000085100000, 0x0000000085000000| Untracked 
|   5|0x0000000085100000, 0x0000000085200000, 0x0000000085200000|100%| O|  |TAMS 0x0000000085200000, 0x0000000085100000| Untracked 
|   6|0x0000000085200000, 0x0000000085300000, 0x0000000085300000|100%| O|  |TAMS 0x0000000085300000, 0x0000000085200000| Untracked 
|   7|0x0000000085300000, 0x0000000085400000, 0x0000000085400000|100%| O|  |TAMS 0x0000000085400000, 0x0000000085300000| Untracked 
|   8|0x0000000085400000, 0x00000000854f2400, 0x0000000085500000| 94%| O|  |TAMS 0x00000000854f2400, 0x0000000085400000| Untracked 
|   9|0x0000000085500000, 0x0000000085600000, 0x0000000085600000|100%| O|  |TAMS 0x0000000085600000, 0x0000000085500000| Untracked 
|  10|0x0000000085600000, 0x0000000085700000, 0x0000000085700000|100%| O|  |TAMS 0x0000000085700000, 0x0000000085600000| Untracked 
|  11|0x0000000085700000, 0x0000000085800000, 0x0000000085800000|100%| O|  |TAMS 0x0000000085800000, 0x0000000085700000| Untracked 
|  12|0x0000000085800000, 0x0000000085900000, 0x0000000085900000|100%| O|  |TAMS 0x0000000085900000, 0x0000000085800000| Untracked 
|  13|0x0000000085900000, 0x0000000085a00000, 0x0000000085a00000|100%| O|  |TAMS 0x0000000085a00000, 0x0000000085900000| Untracked 
|  14|0x0000000085a00000, 0x0000000085b00000, 0x0000000085b00000|100%| O|  |TAMS 0x0000000085b00000, 0x0000000085a00000| Untracked 
|  15|0x0000000085b00000, 0x0000000085c00000, 0x0000000085c00000|100%| O|  |TAMS 0x0000000085c00000, 0x0000000085b00000| Untracked 
|  16|0x0000000085c00000, 0x0000000085d00000, 0x0000000085d00000|100%| O|  |TAMS 0x0000000085d00000, 0x0000000085c00000| Untracked 
|  17|0x0000000085d00000, 0x0000000085e00000, 0x0000000085e00000|100%| O|  |TAMS 0x0000000085e00000, 0x0000000085d00000| Untracked 
|  18|0x0000000085e00000, 0x0000000085f00000, 0x0000000085f00000|100%| O|  |TAMS 0x0000000085f00000, 0x0000000085e00000| Untracked 
|  19|0x0000000085f00000, 0x0000000086000000, 0x0000000086000000|100%| O|  |TAMS 0x0000000086000000, 0x0000000085f00000| Untracked 
|  20|0x0000000086000000, 0x0000000086100000, 0x0000000086100000|100%| O|  |TAMS 0x0000000086100000, 0x0000000086000000| Untracked 
|  21|0x0000000086100000, 0x0000000086200000, 0x0000000086200000|100%| O|  |TAMS 0x0000000086200000, 0x0000000086100000| Untracked 
|  22|0x0000000086200000, 0x0000000086300000, 0x0000000086300000|100%| O|  |TAMS 0x0000000086300000, 0x0000000086200000| Untracked 
|  23|0x0000000086300000, 0x0000000086400000, 0x0000000086400000|100%| O|  |TAMS 0x0000000086400000, 0x0000000086300000| Untracked 
|  24|0x0000000086400000, 0x0000000086500000, 0x0000000086500000|100%| O|  |TAMS 0x0000000086500000, 0x0000000086400000| Untracked 
|  25|0x0000000086500000, 0x0000000086600000, 0x0000000086600000|100%| O|  |TAMS 0x0000000086600000, 0x0000000086500000| Untracked 
|  26|0x0000000086600000, 0x0000000086700000, 0x0000000086700000|100%| O|  |TAMS 0x0000000086700000, 0x0000000086600000| Untracked 
|  27|0x0000000086700000, 0x0000000086800000, 0x0000000086800000|100%| O|  |TAMS 0x0000000086800000, 0x0000000086700000| Untracked 
|  28|0x0000000086800000, 0x0000000086900000, 0x0000000086900000|100%| O|  |TAMS 0x0000000086900000, 0x0000000086800000| Untracked 
|  29|0x0000000086900000, 0x0000000086a00000, 0x0000000086a00000|100%| O|  |TAMS 0x0000000086a00000, 0x0000000086900000| Untracked 
|  30|0x0000000086a00000, 0x0000000086b00000, 0x0000000086b00000|100%| O|  |TAMS 0x0000000086b00000, 0x0000000086a00000| Untracked 
|  31|0x0000000086b00000, 0x0000000086c00000, 0x0000000086c00000|100%| O|  |TAMS 0x0000000086c00000, 0x0000000086b00000| Untracked 
|  32|0x0000000086c00000, 0x0000000086d00000, 0x0000000086d00000|100%| O|  |TAMS 0x0000000086d00000, 0x0000000086c00000| Untracked 
|  33|0x0000000086d00000, 0x0000000086e00000, 0x0000000086e00000|100%| O|  |TAMS 0x0000000086e00000, 0x0000000086d00000| Untracked 
|  34|0x0000000086e00000, 0x0000000086f00000, 0x0000000086f00000|100%| O|  |TAMS 0x0000000086f00000, 0x0000000086e00000| Untracked 
|  35|0x0000000086f00000, 0x0000000087000000, 0x0000000087000000|100%| O|  |TAMS 0x0000000087000000, 0x0000000086f00000| Untracked 
|  36|0x0000000087000000, 0x0000000087100000, 0x0000000087100000|100%| O|  |TAMS 0x0000000087100000, 0x0000000087000000| Untracked 
|  37|0x0000000087100000, 0x0000000087200000, 0x0000000087200000|100%| O|  |TAMS 0x0000000087200000, 0x0000000087100000| Untracked 
|  38|0x0000000087200000, 0x0000000087300000, 0x0000000087300000|100%| O|  |TAMS 0x0000000087200000, 0x0000000087200000| Untracked 
|  39|0x0000000087300000, 0x0000000087400000, 0x0000000087400000|100%| O|  |TAMS 0x0000000087400000, 0x0000000087300000| Untracked 
|  40|0x0000000087400000, 0x0000000087400000, 0x0000000087500000|  0%| F|  |TAMS 0x0000000087400000, 0x0000000087400000| Untracked 
|  41|0x0000000087500000, 0x0000000087600000, 0x0000000087600000|100%| O|  |TAMS 0x0000000087600000, 0x0000000087500000| Untracked 
|  42|0x0000000087600000, 0x0000000087700000, 0x0000000087700000|100%| O|  |TAMS 0x0000000087700000, 0x0000000087600000| Untracked 
|  43|0x0000000087700000, 0x0000000087700000, 0x0000000087800000|  0%| F|  |TAMS 0x0000000087700000, 0x0000000087700000| Untracked 
|  44|0x0000000087800000, 0x0000000087900000, 0x0000000087900000|100%| O|  |TAMS 0x0000000087800000, 0x0000000087800000| Untracked 
|  45|0x0000000087900000, 0x0000000087a00000, 0x0000000087a00000|100%| O|  |TAMS 0x0000000087900000, 0x0000000087900000| Untracked 
|  46|0x0000000087a00000, 0x0000000087b00000, 0x0000000087b00000|100%| O|  |TAMS 0x0000000087a00000, 0x0000000087a00000| Untracked 
|  47|0x0000000087b00000, 0x0000000087c00000, 0x0000000087c00000|100%| O|  |TAMS 0x0000000087b00000, 0x0000000087b00000| Untracked 
|  48|0x0000000087c00000, 0x0000000087c1da00, 0x0000000087d00000| 11%| O|  |TAMS 0x0000000087c00000, 0x0000000087c00000| Untracked 
|  49|0x0000000087d00000, 0x0000000087d00000, 0x0000000087e00000|  0%| F|  |TAMS 0x0000000087d00000, 0x0000000087d00000| Untracked 
|  50|0x0000000087e00000, 0x0000000087f00000, 0x0000000087f00000|100%| O|  |TAMS 0x0000000087f00000, 0x0000000087e00000| Untracked 
|  51|0x0000000087f00000, 0x0000000088000000, 0x0000000088000000|100%| O|  |TAMS 0x0000000088000000, 0x0000000087f00000| Untracked 
|  52|0x0000000088000000, 0x0000000088100000, 0x0000000088100000|100%| O|  |TAMS 0x0000000088100000, 0x0000000088000000| Untracked 
|  53|0x0000000088100000, 0x0000000088100000, 0x0000000088200000|  0%| F|  |TAMS 0x0000000088100000, 0x0000000088100000| Untracked 
|  54|0x0000000088200000, 0x0000000088200000, 0x0000000088300000|  0%| F|  |TAMS 0x0000000088200000, 0x0000000088200000| Untracked 
|  55|0x0000000088300000, 0x0000000088300000, 0x0000000088400000|  0%| F|  |TAMS 0x0000000088300000, 0x0000000088300000| Untracked 
|  56|0x0000000088400000, 0x0000000088400000, 0x0000000088500000|  0%| F|  |TAMS 0x0000000088400000, 0x0000000088400000| Untracked 
|  57|0x0000000088500000, 0x0000000088500000, 0x0000000088600000|  0%| F|  |TAMS 0x0000000088500000, 0x0000000088500000| Untracked 
|  58|0x0000000088600000, 0x0000000088700000, 0x0000000088700000|100%| O|  |TAMS 0x0000000088700000, 0x0000000088600000| Untracked 
|  59|0x0000000088700000, 0x0000000088800000, 0x0000000088800000|100%| O|  |TAMS 0x0000000088800000, 0x0000000088700000| Untracked 
|  60|0x0000000088800000, 0x0000000088900000, 0x0000000088900000|100%| O|  |TAMS 0x0000000088900000, 0x0000000088800000| Untracked 
|  61|0x0000000088900000, 0x0000000088900000, 0x0000000088a00000|  0%| F|  |TAMS 0x0000000088900000, 0x0000000088900000| Untracked 
|  62|0x0000000088a00000, 0x0000000088b00000, 0x0000000088b00000|100%| O|  |TAMS 0x0000000088a6c800, 0x0000000088a00000| Untracked 
|  63|0x0000000088b00000, 0x0000000088b00000, 0x0000000088c00000|  0%| F|  |TAMS 0x0000000088b00000, 0x0000000088b00000| Untracked 
|  64|0x0000000088c00000, 0x0000000088c00000, 0x0000000088d00000|  0%| F|  |TAMS 0x0000000088c00000, 0x0000000088c00000| Untracked 
|  65|0x0000000088d00000, 0x0000000088d00000, 0x0000000088e00000|  0%| F|  |TAMS 0x0000000088d00000, 0x0000000088d00000| Untracked 
|  66|0x0000000088e00000, 0x0000000088e00000, 0x0000000088f00000|  0%| F|  |TAMS 0x0000000088e00000, 0x0000000088e00000| Untracked 
|  67|0x0000000088f00000, 0x0000000088f00000, 0x0000000089000000|  0%| F|  |TAMS 0x0000000088f00000, 0x0000000088f00000| Untracked 
|  68|0x0000000089000000, 0x0000000089000000, 0x0000000089100000|  0%| F|  |TAMS 0x0000000089000000, 0x0000000089000000| Untracked 
|  69|0x0000000089100000, 0x0000000089100000, 0x0000000089200000|  0%| F|  |TAMS 0x0000000089100000, 0x0000000089100000| Untracked 
|  70|0x0000000089200000, 0x0000000089200000, 0x0000000089300000|  0%| F|  |TAMS 0x0000000089200000, 0x0000000089200000| Untracked 
|  71|0x0000000089300000, 0x0000000089300000, 0x0000000089400000|  0%| F|  |TAMS 0x0000000089300000, 0x0000000089300000| Untracked 
|  72|0x0000000089400000, 0x0000000089400000, 0x0000000089500000|  0%| F|  |TAMS 0x0000000089400000, 0x0000000089400000| Untracked 
|  73|0x0000000089500000, 0x0000000089500000, 0x0000000089600000|  0%| F|  |TAMS 0x0000000089500000, 0x0000000089500000| Untracked 
|  74|0x0000000089600000, 0x00000000896f5700, 0x0000000089700000| 95%| S|CS|TAMS 0x0000000089600000, 0x0000000089600000| Complete 
|  75|0x0000000089700000, 0x0000000089800000, 0x0000000089800000|100%| S|CS|TAMS 0x0000000089700000, 0x0000000089700000| Complete 
|  76|0x0000000089800000, 0x0000000089900000, 0x0000000089900000|100%| S|CS|TAMS 0x0000000089800000, 0x0000000089800000| Complete 
|  77|0x0000000089900000, 0x0000000089900000, 0x0000000089a00000|  0%| F|  |TAMS 0x0000000089900000, 0x0000000089900000| Untracked 
|  78|0x0000000089a00000, 0x0000000089a00000, 0x0000000089b00000|  0%| F|  |TAMS 0x0000000089a00000, 0x0000000089a00000| Untracked 
|  79|0x0000000089b00000, 0x0000000089b00000, 0x0000000089c00000|  0%| F|  |TAMS 0x0000000089b00000, 0x0000000089b00000| Untracked 
|  80|0x0000000089c00000, 0x0000000089c00000, 0x0000000089d00000|  0%| F|  |TAMS 0x0000000089c00000, 0x0000000089c00000| Untracked 
|  81|0x0000000089d00000, 0x0000000089e00000, 0x0000000089e00000|100%| S|CS|TAMS 0x0000000089d00000, 0x0000000089d00000| Complete 
|  82|0x0000000089e00000, 0x0000000089f00000, 0x0000000089f00000|100%| S|CS|TAMS 0x0000000089e00000, 0x0000000089e00000| Complete 
|  83|0x0000000089f00000, 0x0000000089f00000, 0x000000008a000000|  0%| F|  |TAMS 0x0000000089f00000, 0x0000000089f00000| Untracked 
|  84|0x000000008a000000, 0x000000008a000000, 0x000000008a100000|  0%| F|  |TAMS 0x000000008a000000, 0x000000008a000000| Untracked 
|  85|0x000000008a100000, 0x000000008a100000, 0x000000008a200000|  0%| F|  |TAMS 0x000000008a100000, 0x000000008a100000| Untracked 
|  86|0x000000008a200000, 0x000000008a200000, 0x000000008a300000|  0%| F|  |TAMS 0x000000008a200000, 0x000000008a200000| Untracked 
|  87|0x000000008a300000, 0x000000008a300000, 0x000000008a400000|  0%| F|  |TAMS 0x000000008a300000, 0x000000008a300000| Untracked 
|  88|0x000000008a400000, 0x000000008a400000, 0x000000008a500000|  0%| F|  |TAMS 0x000000008a400000, 0x000000008a400000| Untracked 
|  89|0x000000008a500000, 0x000000008a500000, 0x000000008a600000|  0%| F|  |TAMS 0x000000008a500000, 0x000000008a500000| Untracked 
|  90|0x000000008a600000, 0x000000008a600000, 0x000000008a700000|  0%| F|  |TAMS 0x000000008a600000, 0x000000008a600000| Untracked 
|  91|0x000000008a700000, 0x000000008a700000, 0x000000008a800000|  0%| F|  |TAMS 0x000000008a700000, 0x000000008a700000| Untracked 
|  92|0x000000008a800000, 0x000000008a800000, 0x000000008a900000|  0%| F|  |TAMS 0x000000008a800000, 0x000000008a800000| Untracked 
|  93|0x000000008a900000, 0x000000008a900000, 0x000000008aa00000|  0%| F|  |TAMS 0x000000008a900000, 0x000000008a900000| Untracked 
|  94|0x000000008aa00000, 0x000000008aa00000, 0x000000008ab00000|  0%| F|  |TAMS 0x000000008aa00000, 0x000000008aa00000| Untracked 
|  95|0x000000008ab00000, 0x000000008ab00000, 0x000000008ac00000|  0%| F|  |TAMS 0x000000008ab00000, 0x000000008ab00000| Untracked 
|  96|0x000000008ac00000, 0x000000008ac00000, 0x000000008ad00000|  0%| F|  |TAMS 0x000000008ac00000, 0x000000008ac00000| Untracked 
|  97|0x000000008ad00000, 0x000000008ad00000, 0x000000008ae00000|  0%| F|  |TAMS 0x000000008ad00000, 0x000000008ad00000| Untracked 
|  98|0x000000008ae00000, 0x000000008ae00000, 0x000000008af00000|  0%| F|  |TAMS 0x000000008ae00000, 0x000000008ae00000| Untracked 
|  99|0x000000008af00000, 0x000000008af00000, 0x000000008b000000|  0%| F|  |TAMS 0x000000008af00000, 0x000000008af00000| Untracked 
| 100|0x000000008b000000, 0x000000008b000000, 0x000000008b100000|  0%| F|  |TAMS 0x000000008b000000, 0x000000008b000000| Untracked 
| 101|0x000000008b100000, 0x000000008b100000, 0x000000008b200000|  0%| F|  |TAMS 0x000000008b100000, 0x000000008b100000| Untracked 
| 102|0x000000008b200000, 0x000000008b200000, 0x000000008b300000|  0%| F|  |TAMS 0x000000008b200000, 0x000000008b200000| Untracked 
| 103|0x000000008b300000, 0x000000008b300000, 0x000000008b400000|  0%| F|  |TAMS 0x000000008b300000, 0x000000008b300000| Untracked 
| 104|0x000000008b400000, 0x000000008b400000, 0x000000008b500000|  0%| F|  |TAMS 0x000000008b400000, 0x000000008b400000| Untracked 
| 105|0x000000008b500000, 0x000000008b500000, 0x000000008b600000|  0%| F|  |TAMS 0x000000008b500000, 0x000000008b500000| Untracked 
| 106|0x000000008b600000, 0x000000008b600000, 0x000000008b700000|  0%| F|  |TAMS 0x000000008b600000, 0x000000008b600000| Untracked 
| 107|0x000000008b700000, 0x000000008b700000, 0x000000008b800000|  0%| F|  |TAMS 0x000000008b700000, 0x000000008b700000| Untracked 
| 108|0x000000008b800000, 0x000000008b800000, 0x000000008b900000|  0%| F|  |TAMS 0x000000008b800000, 0x000000008b800000| Untracked 
| 109|0x000000008b900000, 0x000000008b900000, 0x000000008ba00000|  0%| F|  |TAMS 0x000000008b900000, 0x000000008b900000| Untracked 
| 110|0x000000008ba00000, 0x000000008ba00000, 0x000000008bb00000|  0%| F|  |TAMS 0x000000008ba00000, 0x000000008ba00000| Untracked 
| 111|0x000000008bb00000, 0x000000008bb00000, 0x000000008bc00000|  0%| F|  |TAMS 0x000000008bb00000, 0x000000008bb00000| Untracked 
| 112|0x000000008bc00000, 0x000000008bc00000, 0x000000008bd00000|  0%| F|  |TAMS 0x000000008bc00000, 0x000000008bc00000| Untracked 
| 113|0x000000008bd00000, 0x000000008bd00000, 0x000000008be00000|  0%| F|  |TAMS 0x000000008bd00000, 0x000000008bd00000| Untracked 
| 114|0x000000008be00000, 0x000000008be00000, 0x000000008bf00000|  0%| F|  |TAMS 0x000000008be00000, 0x000000008be00000| Untracked 
| 115|0x000000008bf00000, 0x000000008bf00000, 0x000000008c000000|  0%| F|  |TAMS 0x000000008bf00000, 0x000000008bf00000| Untracked 
| 116|0x000000008c000000, 0x000000008c000000, 0x000000008c100000|  0%| F|  |TAMS 0x000000008c000000, 0x000000008c000000| Untracked 
| 117|0x000000008c100000, 0x000000008c100000, 0x000000008c200000|  0%| F|  |TAMS 0x000000008c100000, 0x000000008c100000| Untracked 
| 118|0x000000008c200000, 0x000000008c200000, 0x000000008c300000|  0%| F|  |TAMS 0x000000008c200000, 0x000000008c200000| Untracked 
| 119|0x000000008c300000, 0x000000008c300000, 0x000000008c400000|  0%| F|  |TAMS 0x000000008c300000, 0x000000008c300000| Untracked 
| 120|0x000000008c400000, 0x000000008c494c58, 0x000000008c500000| 58%| E|  |TAMS 0x000000008c400000, 0x000000008c400000| Complete 
| 121|0x000000008c500000, 0x000000008c600000, 0x000000008c600000|100%| E|CS|TAMS 0x000000008c500000, 0x000000008c500000| Complete 
| 122|0x000000008c600000, 0x000000008c700000, 0x000000008c700000|100%| E|CS|TAMS 0x000000008c600000, 0x000000008c600000| Complete 
| 123|0x000000008c700000, 0x000000008c800000, 0x000000008c800000|100%| E|CS|TAMS 0x000000008c700000, 0x000000008c700000| Complete 
| 124|0x000000008c800000, 0x000000008c900000, 0x000000008c900000|100%| E|  |TAMS 0x000000008c800000, 0x000000008c800000| Complete 
| 125|0x000000008c900000, 0x000000008ca00000, 0x000000008ca00000|100%| E|CS|TAMS 0x000000008c900000, 0x000000008c900000| Complete 

Card table byte_map: [0x000002635d350000,0x000002635d730000] _byte_map_base: 0x000002635cf2a000

Marking Bits (Prev, Next): (CMBitMap*) 0x00000263464207d0, (CMBitMap*) 0x0000026346420790
 Prev Bits: [0x000002635f9e0000, 0x00000263618b0000)
 Next Bits: [0x000002635db10000, 0x000002635f9e0000)

Polling page: 0x0000026345b70000

Metaspace:

Usage:
  Non-class:     74.86 MB used.
      Class:     11.89 MB used.
       Both:     86.75 MB used.

Virtual space:
  Non-class space:      128.00 MB reserved,      75.25 MB ( 59%) committed,  2 nodes.
      Class space:        1.00 GB reserved,      12.19 MB (  1%) committed,  1 nodes.
             Both:        1.12 GB reserved,      87.44 MB (  8%) committed. 

Chunk freelists:
   Non-Class:  4.58 MB
       Class:  3.82 MB
        Both:  8.40 MB

MaxMetaspaceSize: unlimited
CompressedClassSpaceSize: 1.00 GB
Initial GC threshold: 21.00 MB
Current GC threshold: 136.25 MB
CDS: on
MetaspaceReclaimPolicy: balanced
 - commit_granule_bytes: 65536.
 - commit_granule_words: 8192.
 - virtual_space_node_default_size: 8388608.
 - enlarge_chunks_in_place: 1.
 - new_chunks_are_fully_committed: 0.
 - uncommit_free_chunks: 1.
 - use_allocation_guard: 0.
 - handle_deallocations: 1.


Internal statistics:

num_allocs_failed_limit: 6.
num_arena_births: 1106.
num_arena_deaths: 8.
num_vsnodes_births: 3.
num_vsnodes_deaths: 0.
num_space_committed: 1399.
num_space_uncommitted: 0.
num_chunks_returned_to_freelist: 18.
num_chunks_taken_from_freelist: 4431.
num_chunk_merges: 3.
num_chunk_splits: 3043.
num_chunks_enlarged: 2252.
num_inconsistent_stats: 0.

CodeHeap 'non-profiled nmethods': size=120000Kb used=6085Kb max_used=6085Kb free=113915Kb
 bounds [0x0000026355710000, 0x0000026355d10000, 0x000002635cc40000]
CodeHeap 'profiled nmethods': size=120000Kb used=17324Kb max_used=17324Kb free=102675Kb
 bounds [0x000002634dc40000, 0x000002634ed30000, 0x0000026355170000]
CodeHeap 'non-nmethods': size=5760Kb used=1400Kb max_used=1469Kb free=4359Kb
 bounds [0x0000026355170000, 0x00000263553e0000, 0x0000026355710000]
 total_blobs=10146 nmethods=9417 adapters=640
 compilation: enabled
              stopped_count=0, restarted_count=0
 full_count=0

Compilation events (20 events):
Event: 20.349 Thread 0x0000026364312110 10974       2       com.fasterxml.jackson.databind.ser.impl.StringArraySerializer::serialize (11 bytes)
Event: 20.349 Thread 0x0000026364312110 nmethod 10974 0x000002634ed29910 code [0x000002634ed29aa0, 0x000002634ed29c08]
Event: 20.349 Thread 0x0000026364312110 10981       2       com.fasterxml.jackson.databind.deser.std.UntypedObjectDeserializerNR$Scope::addValue (30 bytes)
Event: 20.349 Thread 0x0000026364312110 nmethod 10981 0x000002634ed29d10 code [0x000002634ed29ec0, 0x000002634ed2a128]
Event: 20.349 Thread 0x0000026364312110 10968       1       org.springframework.boot.actuate.beans.BeansEndpoint$BeanDescriptor::getAliases (5 bytes)
Event: 20.349 Thread 0x0000026364312110 nmethod 10968 0x0000026355d00510 code [0x0000026355d006a0, 0x0000026355d00778]
Event: 20.349 Thread 0x0000026364312110 10969       1       org.springframework.boot.actuate.beans.BeansEndpoint$BeanDescriptor::getScope (5 bytes)
Event: 20.349 Thread 0x0000026364312110 nmethod 10969 0x0000026355d00810 code [0x0000026355d009a0, 0x0000026355d00a78]
Event: 20.349 Thread 0x0000026364312110 10970       1       org.springframework.boot.actuate.beans.BeansEndpoint$BeanDescriptor::getType (5 bytes)
Event: 20.349 Thread 0x0000026364312110 nmethod 10970 0x0000026355d00b10 code [0x0000026355d00ca0, 0x0000026355d00d78]
Event: 20.349 Thread 0x0000026364312110 10971       1       org.springframework.boot.actuate.beans.BeansEndpoint$BeanDescriptor::getResource (5 bytes)
Event: 20.349 Thread 0x0000026364312110 nmethod 10971 0x0000026355d00e10 code [0x0000026355d00fa0, 0x0000026355d01078]
Event: 20.349 Thread 0x0000026364312110 10972       1       org.springframework.boot.actuate.beans.BeansEndpoint$BeanDescriptor::getDependencies (5 bytes)
Event: 20.349 Thread 0x0000026364312110 nmethod 10972 0x0000026355d01110 code [0x0000026355d012a0, 0x0000026355d01378]
Event: 20.349 Thread 0x0000026364312110 10977       2       com.fasterxml.jackson.databind.ser.std.ClassSerializer::serialize (11 bytes)
Event: 20.350 Thread 0x0000026364312110 nmethod 10977 0x000002634ed2a210 code [0x000002634ed2a3e0, 0x000002634ed2a608]
Event: 20.350 Thread 0x0000026364312110 10978       2       com.fasterxml.jackson.databind.ser.std.ClassSerializer::serialize (9 bytes)
Event: 20.350 Thread 0x0000026364312110 nmethod 10978 0x000002634ed2a790 code [0x000002634ed2a960, 0x000002634ed2ab28]
Event: 20.357 Thread 0x0000026364312110 10986       3       java.util.ArrayList::writeObject (60 bytes)
Event: 20.357 Thread 0x0000026364312110 nmethod 10986 0x000002634ed2ac90 code [0x000002634ed2ae80, 0x000002634ed2b3d8]

GC Heap History (20 events):
Event: 16.318 GC heap before
{Heap before GC invocations=38 (full 0):
 garbage-first heap   total 105472K, used 87547K [0x0000000084c00000, 0x0000000100000000)
  region size 1024K, 44 young (45056K), 4 survivors (4096K)
 Metaspace       used 79763K, committed 80384K, reserved 1179648K
  class space    used 10865K, committed 11200K, reserved 1048576K
}
Event: 16.323 GC heap after
{Heap after GC invocations=39 (full 0):
 garbage-first heap   total 105472K, used 47851K [0x0000000084c00000, 0x0000000100000000)
  region size 1024K, 4 young (4096K), 4 survivors (4096K)
 Metaspace       used 79763K, committed 80384K, reserved 1179648K
  class space    used 10865K, committed 11200K, reserved 1048576K
}
Event: 16.487 GC heap before
{Heap before GC invocations=39 (full 0):
 garbage-first heap   total 105472K, used 87787K [0x0000000084c00000, 0x0000000100000000)
  region size 1024K, 43 young (44032K), 4 survivors (4096K)
 Metaspace       used 79772K, committed 80384K, reserved 1179648K
  class space    used 10865K, committed 11200K, reserved 1048576K
}
Event: 16.498 GC heap after
{Heap after GC invocations=40 (full 0):
 garbage-first heap   total 105472K, used 57522K [0x0000000084c00000, 0x0000000100000000)
  region size 1024K, 6 young (6144K), 6 survivors (6144K)
 Metaspace       used 79772K, committed 80384K, reserved 1179648K
  class space    used 10865K, committed 11200K, reserved 1048576K
}
Event: 16.583 GC heap before
{Heap before GC invocations=40 (full 0):
 garbage-first heap   total 105472K, used 82098K [0x0000000084c00000, 0x0000000100000000)
  region size 1024K, 30 young (30720K), 6 survivors (6144K)
 Metaspace       used 79775K, committed 80384K, reserved 1179648K
  class space    used 10865K, committed 11200K, reserved 1048576K
}
Event: 16.591 GC heap after
{Heap after GC invocations=41 (full 0):
 garbage-first heap   total 129024K, used 61815K [0x0000000084c00000, 0x0000000100000000)
  region size 1024K, 4 young (4096K), 4 survivors (4096K)
 Metaspace       used 79775K, committed 80384K, reserved 1179648K
  class space    used 10865K, committed 11200K, reserved 1048576K
}
Event: 16.935 GC heap before
{Heap before GC invocations=42 (full 0):
 garbage-first heap   total 129024K, used 96631K [0x0000000084c00000, 0x0000000100000000)
  region size 1024K, 38 young (38912K), 4 survivors (4096K)
 Metaspace       used 80784K, committed 81408K, reserved 1179648K
  class space    used 10999K, committed 11328K, reserved 1048576K
}
Event: 16.941 GC heap after
{Heap after GC invocations=43 (full 0):
 garbage-first heap   total 129024K, used 63414K [0x0000000084c00000, 0x0000000100000000)
  region size 1024K, 2 young (2048K), 2 survivors (2048K)
 Metaspace       used 80784K, committed 81408K, reserved 1179648K
  class space    used 10999K, committed 11328K, reserved 1048576K
}
Event: 16.966 GC heap before
{Heap before GC invocations=43 (full 0):
 garbage-first heap   total 129024K, used 67510K [0x0000000084c00000, 0x0000000100000000)
  region size 1024K, 6 young (6144K), 2 survivors (2048K)
 Metaspace       used 80815K, committed 81472K, reserved 1179648K
  class space    used 11001K, committed 11328K, reserved 1048576K
}
Event: 16.969 GC heap after
{Heap after GC invocations=44 (full 0):
 garbage-first heap   total 129024K, used 63243K [0x0000000084c00000, 0x0000000100000000)
  region size 1024K, 1 young (1024K), 1 survivors (1024K)
 Metaspace       used 80815K, committed 81472K, reserved 1179648K
  class space    used 11001K, committed 11328K, reserved 1048576K
}
Event: 17.402 GC heap before
{Heap before GC invocations=44 (full 0):
 garbage-first heap   total 129024K, used 99083K [0x0000000084c00000, 0x0000000100000000)
  region size 1024K, 36 young (36864K), 1 survivors (1024K)
 Metaspace       used 82914K, committed 83520K, reserved 1179648K
  class space    used 11293K, committed 11584K, reserved 1048576K
}
Event: 17.406 GC heap after
{Heap after GC invocations=45 (full 0):
 garbage-first heap   total 129024K, used 64776K [0x0000000084c00000, 0x0000000100000000)
  region size 1024K, 2 young (2048K), 2 survivors (2048K)
 Metaspace       used 82914K, committed 83520K, reserved 1179648K
  class space    used 11293K, committed 11584K, reserved 1048576K
}
Event: 18.045 GC heap before
{Heap before GC invocations=46 (full 0):
 garbage-first heap   total 129024K, used 95496K [0x0000000084c00000, 0x0000000100000000)
  region size 1024K, 38 young (38912K), 2 survivors (2048K)
 Metaspace       used 84205K, committed 84928K, reserved 1179648K
  class space    used 11494K, committed 11840K, reserved 1048576K
}
Event: 18.050 GC heap after
{Heap after GC invocations=47 (full 0):
 garbage-first heap   total 129024K, used 60292K [0x0000000084c00000, 0x0000000100000000)
  region size 1024K, 4 young (4096K), 4 survivors (4096K)
 Metaspace       used 84205K, committed 84928K, reserved 1179648K
  class space    used 11494K, committed 11840K, reserved 1048576K
}
Event: 18.066 GC heap before
{Heap before GC invocations=47 (full 0):
 garbage-first heap   total 129024K, used 62340K [0x0000000084c00000, 0x0000000100000000)
  region size 1024K, 6 young (6144K), 4 survivors (4096K)
 Metaspace       used 84215K, committed 84928K, reserved 1179648K
  class space    used 11495K, committed 11840K, reserved 1048576K
}
Event: 18.072 GC heap after
{Heap after GC invocations=48 (full 0):
 garbage-first heap   total 129024K, used 54933K [0x0000000084c00000, 0x0000000100000000)
  region size 1024K, 1 young (1024K), 1 survivors (1024K)
 Metaspace       used 84215K, committed 84928K, reserved 1179648K
  class space    used 11495K, committed 11840K, reserved 1048576K
}
Event: 18.719 GC heap before
{Heap before GC invocations=48 (full 0):
 garbage-first heap   total 129024K, used 99989K [0x0000000084c00000, 0x0000000100000000)
  region size 1024K, 45 young (46080K), 1 survivors (1024K)
 Metaspace       used 86031K, committed 86656K, reserved 1179648K
  class space    used 11755K, committed 12032K, reserved 1048576K
}
Event: 18.724 GC heap after
{Heap after GC invocations=49 (full 0):
 garbage-first heap   total 129024K, used 57447K [0x0000000084c00000, 0x0000000100000000)
  region size 1024K, 4 young (4096K), 4 survivors (4096K)
 Metaspace       used 86031K, committed 86656K, reserved 1179648K
  class space    used 11755K, committed 12032K, reserved 1048576K
}
Event: 19.917 GC heap before
{Heap before GC invocations=49 (full 0):
 garbage-first heap   total 129024K, used 101479K [0x0000000084c00000, 0x0000000100000000)
  region size 1024K, 47 young (48128K), 4 survivors (4096K)
 Metaspace       used 88462K, committed 89088K, reserved 1179648K
  class space    used 12128K, committed 12416K, reserved 1048576K
}
Event: 19.923 GC heap after
{Heap after GC invocations=50 (full 0):
 garbage-first heap   total 129024K, used 59413K [0x0000000084c00000, 0x0000000100000000)
  region size 1024K, 5 young (5120K), 5 survivors (5120K)
 Metaspace       used 88462K, committed 89088K, reserved 1179648K
  class space    used 12128K, committed 12416K, reserved 1048576K
}

Deoptimization events (20 events):
Event: 19.163 Thread 0x0000026364559db0 DEOPT PACKING pc=0x000002634eaf93c6 sp=0x00000096d1afe0b0
Event: 19.163 Thread 0x0000026364559db0 DEOPT UNPACKING pc=0x00000263551c66e3 sp=0x00000096d1afd578 mode 0
Event: 19.815 Thread 0x0000026364557530 DEOPT PACKING pc=0x000002634deaba23 sp=0x00000096d10fc650
Event: 19.815 Thread 0x0000026364557530 DEOPT UNPACKING pc=0x00000263551c66e3 sp=0x00000096d10fbac0 mode 0
Event: 19.822 Thread 0x0000026364557530 Uncommon trap: trap_request=0xffffff45 fr.pc=0x00000263557a4c50 relative=0x00000000000001d0
Event: 19.822 Thread 0x0000026364557530 Uncommon trap: reason=unstable_if action=reinterpret pc=0x00000263557a4c50 method=java.lang.String.indexOf(Ljava/lang/String;)I @ 10 c2
Event: 19.822 Thread 0x0000026364557530 DEOPT PACKING pc=0x00000263557a4c50 sp=0x00000096d10fc930
Event: 19.822 Thread 0x0000026364557530 DEOPT UNPACKING pc=0x00000263551c5ba3 sp=0x00000096d10fc8c0 mode 2
Event: 19.822 Thread 0x0000026364557530 Uncommon trap: trap_request=0xffffff45 fr.pc=0x00000263557a50b0 relative=0x00000000000001b0
Event: 19.822 Thread 0x0000026364557530 Uncommon trap: reason=unstable_if action=reinterpret pc=0x00000263557a50b0 method=java.lang.StringLatin1.indexOf([B[B)I @ 9 c2
Event: 19.822 Thread 0x0000026364557530 DEOPT PACKING pc=0x00000263557a50b0 sp=0x00000096d10fc8b0
Event: 19.822 Thread 0x0000026364557530 DEOPT UNPACKING pc=0x00000263551c5ba3 sp=0x00000096d10fc850 mode 2
Event: 20.221 Thread 0x0000026364557530 Uncommon trap: trap_request=0xffffffc6 fr.pc=0x00000263558393bc relative=0x000000000000059c
Event: 20.221 Thread 0x0000026364557530 Uncommon trap: reason=bimorphic_or_optimized_type_check action=maybe_recompile pc=0x00000263558393bc method=java.util.stream.FindOps$FindOp.evaluateSequential(Ljava/util/stream/PipelineHelper;Ljava/util/Spliterator;)Ljava/lang/Object; @ 14 c2
Event: 20.221 Thread 0x0000026364557530 DEOPT PACKING pc=0x00000263558393bc sp=0x00000096d10fcb00
Event: 20.221 Thread 0x0000026364557530 DEOPT UNPACKING pc=0x00000263551c5ba3 sp=0x00000096d10fcab0 mode 2
Event: 20.244 Thread 0x0000026364557530 DEOPT PACKING pc=0x000002634eacf4fe sp=0x00000096d10fb0a0
Event: 20.244 Thread 0x0000026364557530 DEOPT UNPACKING pc=0x00000263551c66e3 sp=0x00000096d10fa510 mode 0
Event: 20.339 Thread 0x0000026364557530 DEOPT PACKING pc=0x000002634ed0236c sp=0x00000096d10fc4e0
Event: 20.340 Thread 0x0000026364557530 DEOPT UNPACKING pc=0x00000263551c66e3 sp=0x00000096d10fb9a0 mode 0

Classes unloaded (4 events):
Event: 16.646 Thread 0x00000263642f1790 Unloading class 0x0000026301ad9000 'jdk/internal/reflect/GeneratedSerializationConstructorAccessor24'
Event: 17.464 Thread 0x00000263642f1790 Unloading class 0x0000026301b02c00 'jdk/internal/reflect/GeneratedSerializationConstructorAccessor27'
Event: 17.464 Thread 0x00000263642f1790 Unloading class 0x0000026301aec800 'jdk/internal/reflect/GeneratedSerializationConstructorAccessor26'
Event: 17.464 Thread 0x00000263642f1790 Unloading class 0x0000026301aec000 'jdk/internal/reflect/GeneratedSerializationConstructorAccessor25'

Classes redefined (0 events):
No events

Internal exceptions (20 events):
Event: 19.793 Thread 0x0000026364557530 Exception <a 'java/lang/ClassNotFoundException'{0x000000008a35d4e8}: org/springframework/boot/actuate/endpoint/jmx/DataEndpointMBean> (0x000000008a35d4e8) 
thrown [s\open\src\hotspot\share\classfile\systemDictionary.cpp, line 256]
Event: 19.793 Thread 0x0000026364557530 Exception <a 'java/lang/ClassNotFoundException'{0x000000008a35d8a0}: org/springframework/context/support/LiveBeansView> (0x000000008a35d8a0) 
thrown [s\open\src\hotspot\share\classfile\systemDictionary.cpp, line 256]
Event: 19.793 Thread 0x0000026364557530 Exception <a 'java/lang/ClassNotFoundException'{0x000000008a35dc50}: org/springframework/boot/actuate/endpoint/jmx/EndpointMBean> (0x000000008a35dc50) 
thrown [s\open\src\hotspot\share\classfile\systemDictionary.cpp, line 256]
Event: 19.793 Thread 0x0000026364557530 Exception <a 'java/lang/ClassNotFoundException'{0x000000008a35e000}: org/springframework/boot/actuate/endpoint/jmx/DataEndpointMBean> (0x000000008a35e000) 
thrown [s\open\src\hotspot\share\classfile\systemDictionary.cpp, line 256]
Event: 19.793 Thread 0x0000026364557530 Exception <a 'java/lang/ClassNotFoundException'{0x000000008a35e5e8}: org/springframework/context/support/LiveBeansView> (0x000000008a35e5e8) 
thrown [s\open\src\hotspot\share\classfile\systemDictionary.cpp, line 256]
Event: 19.796 Thread 0x0000026364557530 Exception <a 'java/lang/ClassNotFoundException'{0x000000008a3b1530}: org/springframework/boot/actuate/endpoint/jmx/EndpointMBean> (0x000000008a3b1530) 
thrown [s\open\src\hotspot\share\classfile\systemDictionary.cpp, line 256]
Event: 19.798 Thread 0x0000026364557530 Exception <a 'java/lang/ClassNotFoundException'{0x000000008a3ff4f8}: org/springframework/boot/actuate/endpoint/jmx/DataEndpointMBean> (0x000000008a3ff4f8) 
thrown [s\open\src\hotspot\share\classfile\systemDictionary.cpp, line 256]
Event: 19.800 Thread 0x0000026364557530 Exception <a 'java/lang/ClassNotFoundException'{0x000000008a24d7b0}: org/springframework/context/support/LiveBeansView> (0x000000008a24d7b0) 
thrown [s\open\src\hotspot\share\classfile\systemDictionary.cpp, line 256]
Event: 19.800 Thread 0x0000026364557530 Exception <a 'java/lang/ClassNotFoundException'{0x000000008a252898}: org/springframework/boot/actuate/endpoint/jmx/EndpointMBean> (0x000000008a252898) 
thrown [s\open\src\hotspot\share\classfile\systemDictionary.cpp, line 256]
Event: 19.800 Thread 0x0000026364557530 Exception <a 'java/lang/ClassNotFoundException'{0x000000008a252ee8}: org/springframework/boot/actuate/endpoint/jmx/DataEndpointMBean> (0x000000008a252ee8) 
thrown [s\open\src\hotspot\share\classfile\systemDictionary.cpp, line 256]
Event: 19.800 Thread 0x0000026364557530 Exception <a 'java/lang/ClassNotFoundException'{0x000000008a2532b0}: org/springframework/context/support/LiveBeansView> (0x000000008a2532b0) 
thrown [s\open\src\hotspot\share\classfile\systemDictionary.cpp, line 256]
Event: 19.800 Thread 0x0000026364557530 Exception <a 'java/lang/ClassNotFoundException'{0x000000008a253668}: org/springframework/boot/actuate/endpoint/jmx/EndpointMBean> (0x000000008a253668) 
thrown [s\open\src\hotspot\share\classfile\systemDictionary.cpp, line 256]
Event: 19.800 Thread 0x0000026364557530 Exception <a 'java/lang/ClassNotFoundException'{0x000000008a253a20}: org/springframework/boot/actuate/endpoint/jmx/DataEndpointMBean> (0x000000008a253a20) 
thrown [s\open\src\hotspot\share\classfile\systemDictionary.cpp, line 256]
Event: 19.800 Thread 0x0000026364557530 Exception <a 'java/lang/ClassNotFoundException'{0x000000008a253dd0}: org/springframework/context/support/LiveBeansView> (0x000000008a253dd0) 
thrown [s\open\src\hotspot\share\classfile\systemDictionary.cpp, line 256]
Event: 19.800 Thread 0x0000026364557530 Exception <a 'java/lang/ClassNotFoundException'{0x000000008a254188}: org/springframework/boot/actuate/endpoint/jmx/EndpointMBean> (0x000000008a254188) 
thrown [s\open\src\hotspot\share\classfile\systemDictionary.cpp, line 256]
Event: 19.800 Thread 0x0000026364557530 Exception <a 'java/lang/ClassNotFoundException'{0x000000008a254540}: org/springframework/boot/actuate/endpoint/jmx/DataEndpointMBean> (0x000000008a254540) 
thrown [s\open\src\hotspot\share\classfile\systemDictionary.cpp, line 256]
Event: 19.800 Thread 0x0000026364557530 Exception <a 'java/lang/ClassNotFoundException'{0x000000008a254b60}: org/springframework/context/support/LiveBeansView> (0x000000008a254b60) 
thrown [s\open\src\hotspot\share\classfile\systemDictionary.cpp, line 256]
Event: 19.820 Thread 0x0000026364557530 Exception <a 'java/lang/NoSuchMethodError'{0x000000008a28fab0}: 'java.lang.Object java.lang.invoke.DirectMethodHandle$Holder.newInvokeSpecial(java.lang.Object, java.lang.Object, java.lang.Object, java.lang.Object, int)'> (0x000000008a28fab0) 
thrown [s\open\src\hotspot\share\interpreter\linkResolver.cpp, line 759]
Event: 19.820 Thread 0x0000026364557530 Exception <a 'java/lang/NoSuchMethodError'{0x000000008a294158}: 'java.lang.Object java.lang.invoke.DirectMethodHandle$Holder.invokeSpecial(java.lang.Object, java.lang.Object, java.lang.Object, java.lang.Object, java.lang.Object, int)'> (0x000000008a294158) 
thrown [s\open\src\hotspot\share\interpreter\linkResolver.cpp, line 759]
Event: 19.820 Thread 0x0000026364557530 Exception <a 'java/lang/NoSuchMethodError'{0x000000008a2980a8}: 'java.lang.Object java.lang.invoke.Invokers$Holder.linkToTargetMethod(java.lang.Object, java.lang.Object, java.lang.Object, int, java.lang.Object)'> (0x000000008a2980a8) 
thrown [s\open\src\hotspot\share\interpreter\linkResolver.cpp, line 759]

VM Operations (20 events):
Event: 18.673 Executing VM operation: HandshakeAllThreads
Event: 18.673 Executing VM operation: HandshakeAllThreads done
Event: 18.719 Executing VM operation: G1CollectForAllocation
Event: 18.724 Executing VM operation: G1CollectForAllocation done
Event: 18.867 Executing VM operation: HandshakeAllThreads
Event: 18.867 Executing VM operation: HandshakeAllThreads done
Event: 19.067 Executing VM operation: HandshakeAllThreads
Event: 19.067 Executing VM operation: HandshakeAllThreads done
Event: 19.095 Executing VM operation: HandshakeAllThreads
Event: 19.095 Executing VM operation: HandshakeAllThreads done
Event: 19.182 Executing VM operation: HandshakeAllThreads
Event: 19.182 Executing VM operation: HandshakeAllThreads done
Event: 19.801 Executing VM operation: ICBufferFull
Event: 19.801 Executing VM operation: ICBufferFull done
Event: 19.843 Executing VM operation: HandshakeAllThreads
Event: 19.843 Executing VM operation: HandshakeAllThreads done
Event: 19.917 Executing VM operation: G1CollectForAllocation
Event: 19.923 Executing VM operation: G1CollectForAllocation done
Event: 20.339 Executing VM operation: HandshakeAllThreads
Event: 20.339 Executing VM operation: HandshakeAllThreads done

Events (20 events):
Event: 19.198 loading class com/sun/beans/util/Cache$Kind$2
Event: 19.199 loading class com/sun/beans/util/Cache$Kind$2 done
Event: 19.199 loading class com/sun/beans/util/Cache$Kind$3
Event: 19.199 loading class com/sun/beans/util/Cache$Kind$3 done
Event: 19.199 loading class com/sun/beans/util/Cache$CacheEntry
Event: 19.199 loading class com/sun/beans/util/Cache$CacheEntry done
Event: 19.200 Thread 0x0000026364558460 Thread exited: 0x0000026364558460
Event: 19.201 Thread 0x00000263463be860 Thread exited: 0x00000263463be860
Event: 19.201 Thread 0x0000026375a45760 Thread added: 0x0000026375a45760
Event: 19.807 loading class javax/management/remote/rmi/RMIConnectionImpl$7
Event: 19.808 loading class javax/management/remote/rmi/RMIConnectionImpl$7 done
Event: 19.808 loading class com/sun/jmx/remote/util/OrderClassLoaders
Event: 19.809 loading class com/sun/jmx/remote/util/OrderClassLoaders done
Event: 19.859 loading class org/w3c/dom/Node
Event: 19.860 loading class org/w3c/dom/Node done
Event: 19.860 loading class org/w3c/dom/Document
Event: 19.861 loading class org/w3c/dom/Document done
Event: 20.097 Thread 0x0000026375a46690 Thread added: 0x0000026375a46690
Event: 20.332 loading class jdk/internal/vm/annotation/ForceInline
Event: 20.333 loading class jdk/internal/vm/annotation/ForceInline done


Dynamic libraries:
0x00007ff6f1b60000 - 0x00007ff6f1b70000 	D:\downApp\bin\java.exe
0x00007fff55e50000 - 0x00007fff56067000 	C:\WINDOWS\SYSTEM32\ntdll.dll
0x00007fff54e70000 - 0x00007fff54f34000 	C:\WINDOWS\System32\KERNEL32.DLL
0x00007fff53350000 - 0x00007fff53722000 	C:\WINDOWS\System32\KERNELBASE.dll
0x00007fff53730000 - 0x00007fff53841000 	C:\WINDOWS\System32\ucrtbase.dll
0x00007fff360c0000 - 0x00007fff360db000 	D:\downApp\bin\VCRUNTIME140.dll
0x00007fff416e0000 - 0x00007fff416f9000 	D:\downApp\bin\jli.dll
0x00007fff54db0000 - 0x00007fff54e61000 	C:\WINDOWS\System32\ADVAPI32.dll
0x00007fff55b10000 - 0x00007fff55bb7000 	C:\WINDOWS\System32\msvcrt.dll
0x00007fff543c0000 - 0x00007fff54468000 	C:\WINDOWS\System32\sechost.dll
0x00007fff538d0000 - 0x00007fff538f8000 	C:\WINDOWS\System32\bcrypt.dll
0x00007fff54f40000 - 0x00007fff55054000 	C:\WINDOWS\System32\RPCRT4.dll
0x00007fff55950000 - 0x00007fff55b01000 	C:\WINDOWS\System32\USER32.dll
0x00007fff52f40000 - 0x00007fff52f66000 	C:\WINDOWS\System32\win32u.dll
0x00007fff408a0000 - 0x00007fff40b3b000 	C:\WINDOWS\WinSxS\amd64_microsoft.windows.common-controls_6595b64144ccf1df_6.0.22621.5415_none_270d77d17387d7da\COMCTL32.dll
0x00007fff55d90000 - 0x00007fff55db9000 	C:\WINDOWS\System32\GDI32.dll
0x00007fff530e0000 - 0x00007fff53203000 	C:\WINDOWS\System32\gdi32full.dll
0x00007fff539c0000 - 0x00007fff53a5a000 	C:\WINDOWS\System32\msvcp_win.dll
0x00007fff4cb50000 - 0x00007fff4cb5a000 	C:\WINDOWS\SYSTEM32\VERSION.dll
0x00007fff55dc0000 - 0x00007fff55df1000 	C:\WINDOWS\System32\IMM32.DLL
0x00007fff360b0000 - 0x00007fff360bc000 	D:\downApp\bin\vcruntime140_1.dll
0x00007fff360e0000 - 0x00007fff3616e000 	D:\downApp\bin\msvcp140.dll
0x00007ffe9bb30000 - 0x00007ffe9c711000 	D:\downApp\bin\server\jvm.dll
0x00007fff55e00000 - 0x00007fff55e08000 	C:\WINDOWS\System32\PSAPI.DLL
0x00007fff46600000 - 0x00007fff46634000 	C:\WINDOWS\SYSTEM32\WINMM.dll
0x00007fff4c9a0000 - 0x00007fff4c9a9000 	C:\WINDOWS\SYSTEM32\WSOCK32.dll
0x00007fff55400000 - 0x00007fff55471000 	C:\WINDOWS\System32\WS2_32.dll
0x00007fff52020000 - 0x00007fff52038000 	C:\WINDOWS\SYSTEM32\kernel.appcore.dll
0x00007fff4cf50000 - 0x00007fff4cf5a000 	D:\downApp\bin\jimage.dll
0x00007fff50940000 - 0x00007fff50b73000 	C:\WINDOWS\SYSTEM32\DBGHELP.DLL
0x00007fff54010000 - 0x00007fff543a3000 	C:\WINDOWS\System32\combase.dll
0x00007fff55060000 - 0x00007fff55137000 	C:\WINDOWS\System32\OLEAUT32.dll
0x00007fff35af0000 - 0x00007fff35b22000 	C:\WINDOWS\SYSTEM32\dbgcore.DLL
0x00007fff53a60000 - 0x00007fff53adb000 	C:\WINDOWS\System32\bcryptPrimitives.dll
0x00007fff40750000 - 0x00007fff40775000 	D:\downApp\bin\java.dll
0x00007ffeffff0000 - 0x00007fff000c7000 	D:\downApp\bin\jsvml.dll
0x00007fff54500000 - 0x00007fff54da2000 	C:\WINDOWS\System32\SHELL32.dll
0x00007fff53210000 - 0x00007fff5334f000 	C:\WINDOWS\System32\wintypes.dll
0x00007fff50e20000 - 0x00007fff5173e000 	C:\WINDOWS\SYSTEM32\windows.storage.dll
0x00007fff55530000 - 0x00007fff5563b000 	C:\WINDOWS\System32\SHCORE.dll
0x00007fff55640000 - 0x00007fff556a9000 	C:\WINDOWS\System32\shlwapi.dll
0x00007fff52e70000 - 0x00007fff52e9b000 	C:\WINDOWS\SYSTEM32\profapi.dll
0x00007fff40670000 - 0x00007fff40689000 	D:\downApp\bin\net.dll
0x00007fff4c200000 - 0x00007fff4c32c000 	C:\WINDOWS\SYSTEM32\WINHTTP.dll
0x00007fff52490000 - 0x00007fff524f9000 	C:\WINDOWS\system32\mswsock.dll
0x00007fff40650000 - 0x00007fff40666000 	D:\downApp\bin\nio.dll
0x00007fff40630000 - 0x00007fff40648000 	D:\downApp\bin\zip.dll
0x00007fff424e0000 - 0x00007fff424ea000 	D:\downApp\bin\management.dll
0x00007fff420e0000 - 0x00007fff420eb000 	D:\downApp\bin\management_ext.dll
0x00007fff2d820000 - 0x00007fff2d837000 	C:\WINDOWS\system32\napinsp.dll
0x00007fff232b0000 - 0x00007fff232cb000 	C:\WINDOWS\system32\pnrpnsp.dll
0x00007fff51a90000 - 0x00007fff51b88000 	C:\WINDOWS\SYSTEM32\DNSAPI.dll
0x00007fff51a60000 - 0x00007fff51a8d000 	C:\WINDOWS\SYSTEM32\IPHLPAPI.DLL
0x00007fff552e0000 - 0x00007fff552e9000 	C:\WINDOWS\System32\NSI.dll
0x00007fff23290000 - 0x00007fff232a1000 	C:\WINDOWS\System32\winrnr.dll
0x00007fff23270000 - 0x00007fff2328f000 	C:\WINDOWS\system32\wshbth.dll
0x00007fff23240000 - 0x00007fff23261000 	C:\WINDOWS\system32\nlansp_c.dll
0x00007fff40230000 - 0x00007fff4023a000 	C:\Windows\System32\rasadhlp.dll
0x00007fff4a780000 - 0x00007fff4a804000 	C:\WINDOWS\System32\fwpuclnt.dll
0x00007fff526d0000 - 0x00007fff526eb000 	C:\WINDOWS\SYSTEM32\CRYPTSP.dll
0x00007fff51f80000 - 0x00007fff51fb7000 	C:\WINDOWS\system32\rsaenh.dll
0x00007fff52540000 - 0x00007fff52568000 	C:\WINDOWS\SYSTEM32\USERENV.dll
0x00007fff526c0000 - 0x00007fff526cc000 	C:\WINDOWS\SYSTEM32\CRYPTBASE.dll
0x00007fff4cf70000 - 0x00007fff4cf89000 	C:\WINDOWS\SYSTEM32\dhcpcsvc6.DLL
0x00007fff4cb60000 - 0x00007fff4cb7f000 	C:\WINDOWS\SYSTEM32\dhcpcsvc.DLL
0x00007fff4c960000 - 0x00007fff4c970000 	D:\downApp\bin\verify.dll
0x00007fff41b10000 - 0x00007fff41b1e000 	D:\downApp\bin\sunmscapi.dll
0x00007fff52f70000 - 0x00007fff530d7000 	C:\WINDOWS\System32\CRYPT32.dll
0x00007fff528d0000 - 0x00007fff528fd000 	C:\WINDOWS\SYSTEM32\ncrypt.dll
0x00007fff52890000 - 0x00007fff528c7000 	C:\WINDOWS\SYSTEM32\NTASN1.dll
0x00007fff2d770000 - 0x00007fff2d778000 	C:\WINDOWS\system32\wshunix.dll

dbghelp: loaded successfully - version: 4.0.5 - missing functions: none
symbol engine: initialized successfully - sym options: 0x614 - pdb path: .;D:\downApp\bin;C:\WINDOWS\SYSTEM32;C:\WINDOWS\WinSxS\amd64_microsoft.windows.common-controls_6595b64144ccf1df_6.0.22621.5415_none_270d77d17387d7da;D:\downApp\bin\server

VM Arguments:
jvm_args: -Dcom.sun.management.jmxremote -Dcom.sun.management.jmxremote.port=53781 -Dcom.sun.management.jmxremote.authenticate=false -Dcom.sun.management.jmxremote.ssl=false -Dspring.jmx.enabled=true -Djava.rmi.server.hostname=localhost -Dspring.application.admin.enabled=true -Dspring.boot.project.name=jobhunter-lms -XX:+ShowCodeDetailsInExceptionMessages -Dmanagement.endpoints.jmx.exposure.include=* 
java_command: vn.doan.lms.LMSApplication
java_class_path (initial): D:\java\vscodejava\doan\be\new\lms\bin\main;D:\java\vscodejava\doan\be\new\lms\bin\test;D:\java\vscodejava\doan\be\new\lms\bin\default;C:\Users\ASUS\.gradle\caches\modules-2\files-2.1\org.springframework.boot\spring-boot-starter-actuator\3.2.4\a26cd0ab56f912d2aa44504042af06f15d3d1a80\spring-boot-starter-actuator-3.2.4.jar;C:\Users\ASUS\.gradle\caches\modules-2\files-2.1\org.springframework.boot\spring-boot-starter-data-jpa\3.2.4\d8c5f393d9b18d96021b3e02d80e4356c5cbe0f7\spring-boot-starter-data-jpa-3.2.4.jar;C:\Users\ASUS\.gradle\caches\modules-2\files-2.1\org.springframework.boot\spring-boot-starter-security\3.2.4\a1b9f09832c42c6c079be67bf3e7989c54a338ff\spring-boot-starter-security-3.2.4.jar;C:\Users\ASUS\.gradle\caches\modules-2\files-2.1\org.springframework.boot\spring-boot-starter-thymeleaf\3.2.4\db900acbd0bbeb7a8682fe6aeb477d17fe501ac1\spring-boot-starter-thymeleaf-3.2.4.jar;C:\Users\ASUS\.gradle\caches\modules-2\files-2.1\org.springframework.boot\spring-boot-starter-validation\3.2.4\5f43697d1f24a19414bcaec3733dab5b6c24d1da\spring-boot-starter-validation-3.2.4.jar;C:\Users\ASUS\.gradle\caches\modules-2\files-2.1\org.springframework.boot\spring-boot-starter-web\3.2.4\a74df12b71060da7c8e87f9a8c2ef4ea43fc8017\spring-boot-starter-web-3.2.4.jar;C:\Users\ASUS\.gradle\caches\modules-2\files-2.1\org.modelmapper\modelmapper\3.1.1\6636e94590e9d98e5e7db7e4fafcc15e9390e18d\modelmapper-3.1.1.jar;C:\Users\ASUS\.gradle\caches\modules-2\files-2.1\com.cloudinary\cloudinary-http44\1.37.0\21dcbe47daf03c1856278793f15c9680636516e5\cloudinary-http44-1.37.0.jar;C:\Users\ASUS\.gradle\caches\modules-2\files-2.1\commons-io\commons-io\2.11.0\a2503f302b11ebde7ebc3df41daebe0e4eea3689\commons-io-2.11.0.jar;C:\Users\ASUS\.gradle\caches\modules-2\files-2.1\org.thymeleaf.extras\thymeleaf-extras-springsecurity6\3.1.2.RELEASE\574c188eb147191e2f162419e9fc780fcf3256d7\thymeleaf-extras-springsecurity6-3.1.2.RELEASE.jar;C:\Users\ASUS\.gradle\caches\modules-2\files-2.1\or
Launcher Type: SUN_STANDARD

[Global flags]
     intx CICompilerCount                          = 4                                         {product} {ergonomic}
     uint ConcGCThreads                            = 2                                         {product} {ergonomic}
     uint G1ConcRefinementThreads                  = 8                                         {product} {ergonomic}
   size_t G1HeapRegionSize                         = 1048576                                   {product} {ergonomic}
    uintx GCDrainStackTargetSize                   = 64                                        {product} {ergonomic}
   size_t InitialHeapSize                          = 130023424                                 {product} {ergonomic}
     bool ManagementServer                         = true                                      {product} {command line}
   size_t MarkStackSize                            = 4194304                                   {product} {ergonomic}
   size_t MaxHeapSize                              = 2067791872                                {product} {ergonomic}
   size_t MaxNewSize                               = 1240465408                                {product} {ergonomic}
   size_t MinHeapDeltaBytes                        = 1048576                                   {product} {ergonomic}
   size_t MinHeapSize                              = 8388608                                   {product} {ergonomic}
    uintx NonNMethodCodeHeapSize                   = 5839372                                {pd product} {ergonomic}
    uintx NonProfiledCodeHeapSize                  = 122909434                              {pd product} {ergonomic}
    uintx ProfiledCodeHeapSize                     = 122909434                              {pd product} {ergonomic}
    uintx ReservedCodeCacheSize                    = 251658240                              {pd product} {ergonomic}
     bool SegmentedCodeCache                       = true                                      {product} {ergonomic}
     bool ShowCodeDetailsInExceptionMessages       = true                                   {manageable} {command line}
   size_t SoftMaxHeapSize                          = 2067791872                             {manageable} {ergonomic}
     bool UseCompressedClassPointers               = true                           {product lp64_product} {ergonomic}
     bool UseCompressedOops                        = true                           {product lp64_product} {ergonomic}
     bool UseG1GC                                  = true                                      {product} {ergonomic}
     bool UseLargePagesIndividualAllocation        = false                                  {pd product} {ergonomic}

Logging:
Log output configuration:
 #0: stdout all=warning uptime,level,tags
 #1: stderr all=off uptime,level,tags

Environment Variables:
JAVA_HOME=D:\downApp
PATH=C:\Program Files\Common Files\Oracle\Java\javapath;D:\downApp\Scripts\;D:\downApp\;C:\Program Files\Microsoft MPI\Bin\;C:\Program Files (x86)\Common Files\Oracle\Java\javapath;C:\Windows\system32;C:\Windows;C:\Windows\System32\Wbem;C:\Windows\System32\WindowsPowerShell\v1.0\;C:\Windows\System32\OpenSSH\;C:\Program Files (x86)\NVIDIA Corporation\PhysX\Common;C:\Program Files\NVIDIA Corporation\NVIDIA NvDLISR;C:\WINDOWS\system32;C:\WINDOWS;C:\WINDOWS\System32\Wbem;C:\WINDOWS\System32\WindowsPowerShell\v1.0\;C:\WINDOWS\System32\OpenSSH\;C:\MinGW\bin;C:\Program Files\dotnet\;C:\Program Files\Microsoft SQL Server\150\Tools\Binn\;C:\Program Files\Microsoft SQL Server\Client SDK\ODBC\170\Tools\Binn\;C:\Program Files (x86)\Microsoft SQL Server\150\Tools\Binn\;C:\Program Files\Microsoft SQL Server\150\DTS\Binn\;C:\Program Files\Azure Data Studio\bin;C:\WINDOWS\system32;C:\WINDOWS;C:\WINDOWS\System32\Wbem;C:\WINDOWS\System32\WindowsPowerShell\v1.0\;C:\WINDOWS\System32\OpenSSH\;C:\laragon\bin\php\php-8.1.10-Win32-vs16-x64;D:\Git\Git\cmd;D:\laragon\laragon\bin\php\php-8.1.10-Win32-vs16-x64;D:\laragon\laragon;C:\Program Files (x86)\Microsoft SQL Server\160\Tools\Binn\;C:\Program Files\Microsoft SQL Server\160\Tools\Binn\;C:\Program Files\Microsoft SQL Server\160\DTS\Binn\;C:\Program Files\Java\apache-maven-3.9.9\bin;C:\Program Files\MySQL\MySQL Shell 8.0\bin\;C:\Users\ASUS\AppData\Local\Programs\Python\Python312\Scripts\;C:\Users\ASUS\AppData\Local\Programs\Python\Python312\;C:\Users\ASUS\AppData\Local\Programs\Python\Python311\Scripts\;C:\Users\ASUS\AppData\Local\Programs\Python\Python311\;D:\python\Scripts\;D:\python\;C:\Users\ASUS\AppData\Local\Microsoft\WindowsApps;D:\Microsoft VS Code\bin;C:\Program Files (x86)\Dev-Cpp\MinGW64\bin;C:\msys64\mingw64\bin;C:\Users\ASUS\.dotnet\tools;C:\Program Files\Azure Data Studio\bin;C:\Users\ASUS\AppData\Local\JetBrains\Toolbox\scripts;C:\Users\ASUS\AppData\Roaming\Composer\vendor\bin;C:\Users\ASUS\AppData\Local\Microsoft\WindowsApps;D:
USERNAME=ASUS
LANG=en_US.UTF-8
OS=Windows_NT
PROCESSOR_IDENTIFIER=Intel64 Family 6 Model 140 Stepping 1, GenuineIntel



---------------  S Y S T E M  ---------------

OS:
 Windows 11 , 64 bit Build 22621 (10.0.22621.5415)
OS uptime: 9 days 1:52 hours
Hyper-V role detected

CPU: total 8 (initial active 8) (4 cores per cpu, 2 threads per core) family 6 model 140 stepping 1 microcode 0x86, cx8, cmov, fxsr, ht, mmx, 3dnowpref, sse, sse2, sse3, ssse3, sse4.1, sse4.2, popcnt, lzcnt, tsc, tscinvbit, avx, avx2, aes, erms, clmul, bmi1, bmi2, adx, avx512f, avx512dq, avx512cd, avx512bw, avx512vl, sha, fma, vzeroupper, avx512_vpopcntdq, avx512_vpclmulqdq, avx512_vaes, avx512_vnni, clflush, clflushopt, clwb, avx512_vbmi2, avx512_vbmi, hv

Memory: 4k page, system-wide physical 7883M (417M free)
TotalPageFile size 28638M (AvailPageFile size 5M)
current process WorkingSet (physical memory assigned to process): 409M, peak: 417M
current process commit charge ("private bytes"): 447M, peak: 458M

vm_info: Java HotSpot(TM) 64-Bit Server VM (17.0.9+11-LTS-201) for windows-amd64 JRE (17.0.9+11-LTS-201), built on Oct 10 2023 23:16:06 by "mach5one" with MS VC++ 17.1 (VS2022)

END.
