#
# There is insufficient memory for the Java Runtime Environment to continue.
# Native memory allocation (malloc) failed to allocate 973296 bytes for Chunk::new
# Possible reasons:
#   The system is out of physical RAM or swap space
#   The process is running with CompressedOops enabled, and the Java Heap may be blocking the growth of the native heap
# Possible solutions:
#   Reduce memory load on the system
#   Increase physical memory or swap space
#   Check if swap backing store is full
#   Decrease Java heap size (-Xmx/-Xms)
#   Decrease number of Java threads
#   Decrease Java thread stack sizes (-Xss)
#   Set larger code cache with -XX:ReservedCodeCacheSize=
#   JVM is running with Unscaled Compressed Oops mode in which the Java heap is
#     placed in the first 4GB address space. The Java Heap base address is the
#     maximum limit for the native heap growth. Please use -XX:HeapBaseMinAddress
#     to set the Java Heap base and to place the Java Heap above 4GB virtual address.
# This output file may be truncated or incomplete.
#
#  Out of Memory Error (arena.cpp:189), pid=26572, tid=13552
#
# JRE version: Java(TM) SE Runtime Environment (17.0.9+11) (build 17.0.9+11-LTS-201)
# Java VM: Java HotSpot(TM) 64-Bit Server VM (17.0.9+11-LTS-201, mixed mode, sharing, tiered, compressed oops, compressed class ptrs, g1 gc, windows-amd64)
# No core dump will be written. Minidumps are not enabled by default on client versions of Windows
#

---------------  S U M M A R Y ------------

Command Line: -XX:+ShowCodeDetailsInExceptionMessages -Dspring.jmx.enabled=true -Dmanagement.endpoints.jmx.exposure.include=* -Dspring.application.admin.enabled=true -Dspring.boot.project.name=LMS_DoAn -Djava.rmi.server.hostname=localhost -Dcom.sun.management.jmxremote.port=45556 -Dcom.sun.management.jmxremote.authenticate=false -Dcom.sun.management.jmxremote.ssl=false vn.doan.lms.LMSApplication

Host: 11th Gen Intel(R) Core(TM) i7-11370H @ 3.30GHz, 8 cores, 7G,  Windows 11 , 64 bit Build 22621 (10.0.22621.5262)
Time: Sat Jun  7 15:32:13 2025 SE Asia Standard Time elapsed time: 185.062895 seconds (0d 0h 3m 5s)

---------------  T H R E A D  ---------------

Current thread (0x000002934ffb5120):  JavaThread "C2 CompilerThread1" daemon [_thread_in_native, id=13552, stack(0x000000ab12600000,0x000000ab12700000)]


Current CompileTask:
C2: 185062 11549       4       org.springframework.boot.context.properties.source.SpringConfigurationPropertySources$SourcesIterator::fetchNext (139 bytes)

Stack: [0x000000ab12600000,0x000000ab12700000]
Native frames: (J=compiled Java code, j=interpreted, Vv=VM code, C=native code)
V  [jvm.dll+0x678a4a]
V  [jvm.dll+0x7d9cfd]
V  [jvm.dll+0x7db60e]
V  [jvm.dll+0x7dbc73]
V  [jvm.dll+0x245e1f]
V  [jvm.dll+0xaaafb]
V  [jvm.dll+0xab09c]
V  [jvm.dll+0x2ab7ef]
V  [jvm.dll+0x5812e5]
V  [jvm.dll+0x220c52]
V  [jvm.dll+0x22102f]
V  [jvm.dll+0x219f86]
V  [jvm.dll+0x217459]
V  [jvm.dll+0x1a3bc0]
V  [jvm.dll+0x2272de]
V  [jvm.dll+0x22548b]
V  [jvm.dll+0x78f58c]
V  [jvm.dll+0x78998a]
V  [jvm.dll+0x677875]
C  [ucrtbase.dll+0x29333]
C  [KERNEL32.DLL+0x1259d]
C  [ntdll.dll+0x5af58]


---------------  P R O C E S S  ---------------

Threads class SMR info:
_java_thread_list=0x0000029398e8bb70, length=24, elements={
0x000002934ff8b1b0, 0x000002934ff8bb70, 0x000002934ffa0970, 0x000002934ffa3250,
0x000002934ffa3c10, 0x000002934ffa45d0, 0x000002934ffa99d0, 0x000002934ffb4680,
0x000002934ffbabe0, 0x00000293952158f0, 0x000002939525ec90, 0x000002939584dfb0,
0x000002939581ac70, 0x000002939581b370, 0x00000293966313e0, 0x000002939662fa90,
0x00000293966304b0, 0x00000293990c97a0, 0x00000293990c6a10, 0x00000293990c8870,
0x00000293990cabe0, 0x00000293990c7e50, 0x000002934ffb5120, 0x000002934ffb6110
}

Java Threads: ( => current thread )
  0x000002934ff8b1b0 JavaThread "Reference Handler" daemon [_thread_blocked, id=1764, stack(0x000000ab12e00000,0x000000ab12f00000)]
  0x000002934ff8bb70 JavaThread "Finalizer" daemon [_thread_blocked, id=8352, stack(0x000000ab12f00000,0x000000ab13000000)]
  0x000002934ffa0970 JavaThread "Signal Dispatcher" daemon [_thread_blocked, id=28836, stack(0x000000ab13000000,0x000000ab13100000)]
  0x000002934ffa3250 JavaThread "Attach Listener" daemon [_thread_blocked, id=16780, stack(0x000000ab13100000,0x000000ab13200000)]
  0x000002934ffa3c10 JavaThread "Service Thread" daemon [_thread_blocked, id=4936, stack(0x000000ab13200000,0x000000ab13300000)]
  0x000002934ffa45d0 JavaThread "Monitor Deflation Thread" daemon [_thread_blocked, id=17104, stack(0x000000ab13300000,0x000000ab13400000)]
  0x000002934ffa99d0 JavaThread "C2 CompilerThread0" daemon [_thread_in_native, id=11176, stack(0x000000ab13400000,0x000000ab13500000)]
  0x000002934ffb4680 JavaThread "C1 CompilerThread0" daemon [_thread_blocked, id=1876, stack(0x000000ab13500000,0x000000ab13600000)]
  0x000002934ffbabe0 JavaThread "Sweeper thread" daemon [_thread_blocked, id=4460, stack(0x000000ab13600000,0x000000ab13700000)]
  0x00000293952158f0 JavaThread "Common-Cleaner" daemon [_thread_blocked, id=11260, stack(0x000000ab13700000,0x000000ab13800000)]
  0x000002939525ec90 JavaThread "Notification Thread" daemon [_thread_blocked, id=11240, stack(0x000000ab13800000,0x000000ab13900000)]
  0x000002939584dfb0 JavaThread "RMI TCP Accept-0" daemon [_thread_in_native, id=15436, stack(0x000000ab13900000,0x000000ab13a00000)]
  0x000002939581ac70 JavaThread "RMI TCP Accept-45556" daemon [_thread_in_native, id=13828, stack(0x000000ab13a00000,0x000000ab13b00000)]
  0x000002939581b370 JavaThread "RMI TCP Accept-0" daemon [_thread_in_native, id=4048, stack(0x000000ab13b00000,0x000000ab13c00000)]
  0x00000293966313e0 JavaThread "RMI Scheduler(0)" daemon [_thread_blocked, id=12672, stack(0x000000ab14800000,0x000000ab14900000)]
  0x000002939662fa90 JavaThread "RMI TCP Connection(2)-127.0.0.1" daemon [_thread_in_native, id=10648, stack(0x000000ab14900000,0x000000ab14a00000)]
  0x00000293966304b0 JavaThread "JMX server connection timeout 27" daemon [_thread_blocked, id=29920, stack(0x000000ab14a00000,0x000000ab14b00000)]
  0x00000293990c97a0 JavaThread "mysql-cj-abandoned-connection-cleanup" daemon [_thread_blocked, id=7464, stack(0x000000ab14e00000,0x000000ab14f00000)]
  0x00000293990c6a10 JavaThread "Live Reload Server" daemon [_thread_in_native, id=13748, stack(0x000000ab15400000,0x000000ab15500000)]
  0x00000293990c8870 JavaThread "DestroyJavaVM" [_thread_blocked, id=7452, stack(0x000000ab12700000,0x000000ab12800000)]
  0x00000293990cabe0 JavaThread "Thread-5" [_thread_blocked, id=28016, stack(0x000000ab12400000,0x000000ab12500000)]
  0x00000293990c7e50 JavaThread "restartedMain" [_thread_in_vm, id=30724, stack(0x000000ab12500000,0x000000ab12600000)]
=>0x000002934ffb5120 JavaThread "C2 CompilerThread1" daemon [_thread_in_native, id=13552, stack(0x000000ab12600000,0x000000ab12700000)]
  0x000002934ffb6110 JavaThread "C2 CompilerThread2" daemon [_thread_in_native, id=25472, stack(0x000000ab14300000,0x000000ab14400000)]

Other Threads:
  0x000002934ff833b0 VMThread "VM Thread" [stack: 0x000000ab12d00000,0x000000ab12e00000] [id=14316]
  0x00000293959e2020 WatcherThread [stack: 0x000000ab13c00000,0x000000ab13d00000] [id=13020]
  0x00000293320e0520 GCTaskThread "GC Thread#0" [stack: 0x000000ab12800000,0x000000ab12900000] [id=12952]
  0x0000029395d29290 GCTaskThread "GC Thread#1" [stack: 0x000000ab13d00000,0x000000ab13e00000] [id=19388]
  0x0000029395a05910 GCTaskThread "GC Thread#2" [stack: 0x000000ab13e00000,0x000000ab13f00000] [id=21508]
  0x0000029395b237c0 GCTaskThread "GC Thread#3" [stack: 0x000000ab13f00000,0x000000ab14000000] [id=2096]
  0x0000029395b23e90 GCTaskThread "GC Thread#4" [stack: 0x000000ab14000000,0x000000ab14100000] [id=612]
  0x0000029395b24150 GCTaskThread "GC Thread#5" [stack: 0x000000ab14100000,0x000000ab14200000] [id=12388]
  0x0000029395b24410 GCTaskThread "GC Thread#6" [stack: 0x000000ab14200000,0x000000ab14300000] [id=12636]
  0x0000029396301180 GCTaskThread "GC Thread#7" [stack: 0x000000ab14600000,0x000000ab14700000] [id=7960]
  0x00000293320f0af0 ConcurrentGCThread "G1 Main Marker" [stack: 0x000000ab12900000,0x000000ab12a00000] [id=19768]
  0x00000293320f1500 ConcurrentGCThread "G1 Conc#0" [stack: 0x000000ab12a00000,0x000000ab12b00000] [id=16188]
  0x0000029397290c90 ConcurrentGCThread "G1 Conc#1" [stack: 0x000000ab14b00000,0x000000ab14c00000] [id=23068]
  0x000002933212ebf0 ConcurrentGCThread "G1 Refine#0" [stack: 0x000000ab12b00000,0x000000ab12c00000] [id=25040]
  0x000002934fe3a750 ConcurrentGCThread "G1 Service" [stack: 0x000000ab12c00000,0x000000ab12d00000] [id=20320]

Threads with active compile tasks:
C2 CompilerThread0   185081 11674       4       org.springframework.util.StringUtils::cleanPath (322 bytes)
C2 CompilerThread1   185081 11549       4       org.springframework.boot.context.properties.source.SpringConfigurationPropertySources$SourcesIterator::fetchNext (139 bytes)
C2 CompilerThread2   185081 11661  s    4       java.util.jar.JarFile::getInputStream (72 bytes)

VM state: not at safepoint (normal execution)

VM Mutex/Monitor currently owned by a thread: None

Heap address: 0x0000000084c00000, size: 1972 MB, Compressed Oops mode: 32-bit

CDS archive(s) mapped at: [0x0000029350000000-0x0000029350bd0000-0x0000029350bd0000), size 12386304, SharedBaseAddress: 0x0000029350000000, ArchiveRelocationMode: 1.
Compressed class space mapped at: 0x0000029351000000-0x0000029391000000, reserved size: 1073741824
Narrow klass base: 0x0000029350000000, Narrow klass shift: 0, Narrow klass range: 0x100000000

GC Precious Log:
 CPUs: 8 total, 8 available
 Memory: 7883M
 Large Page Support: Disabled
 NUMA Support: Disabled
 Compressed Oops: Enabled (32-bit)
 Heap Region Size: 1M
 Heap Min Capacity: 8M
 Heap Initial Capacity: 124M
 Heap Max Capacity: 1972M
 Pre-touch: Disabled
 Parallel Workers: 8
 Concurrent Workers: 2
 Concurrent Refinement Workers: 8
 Periodic GC: Disabled

Heap:
 garbage-first heap   total 114688K, used 58478K [0x0000000084c00000, 0x0000000100000000)
  region size 1024K, 19 young (19456K), 0 survivors (0K)
 Metaspace       used 92823K, committed 93632K, reserved 1179648K
  class space    used 12724K, committed 13120K, reserved 1048576K

Heap Regions: E=young(eden), S=young(survivor), O=old, HS=humongous(starts), HC=humongous(continues), CS=collection set, F=free, OA=open archive, CA=closed archive, TAMS=top-at-mark-start (previous, next)
|   0|0x0000000084c00000, 0x0000000084d00000, 0x0000000084d00000|100%|HS|  |TAMS 0x0000000084d00000, 0x0000000084c00000| Untracked 
|   1|0x0000000084d00000, 0x0000000084e00000, 0x0000000084e00000|100%| O|  |TAMS 0x0000000084e00000, 0x0000000084d00000| Untracked 
|   2|0x0000000084e00000, 0x0000000084efff98, 0x0000000084f00000| 99%| O|  |TAMS 0x0000000084e00000, 0x0000000084e00000| Untracked 
|   3|0x0000000084f00000, 0x0000000085000000, 0x0000000085000000|100%| O|  |TAMS 0x0000000085000000, 0x0000000084f00000| Untracked 
|   4|0x0000000085000000, 0x00000000850ffff0, 0x0000000085100000| 99%| O|  |TAMS 0x0000000085000000, 0x0000000085000000| Untracked 
|   5|0x0000000085100000, 0x00000000851ffff8, 0x0000000085200000| 99%| O|  |TAMS 0x0000000085100000, 0x0000000085100000| Untracked 
|   6|0x0000000085200000, 0x0000000085300000, 0x0000000085300000|100%| O|  |TAMS 0x0000000085200000, 0x0000000085200000| Untracked 
|   7|0x0000000085300000, 0x00000000853fffd0, 0x0000000085400000| 99%| O|  |TAMS 0x0000000085300000, 0x0000000085300000| Untracked 
|   8|0x0000000085400000, 0x00000000854ffff0, 0x0000000085500000| 99%| O|  |TAMS 0x0000000085400000, 0x0000000085400000| Untracked 
|   9|0x0000000085500000, 0x00000000855ffff0, 0x0000000085600000| 99%| O|  |TAMS 0x0000000085500000, 0x0000000085500000| Untracked 
|  10|0x0000000085600000, 0x0000000085700000, 0x0000000085700000|100%| O|  |TAMS 0x0000000085600000, 0x0000000085600000| Untracked 
|  11|0x0000000085700000, 0x00000000857fffe0, 0x0000000085800000| 99%| O|  |TAMS 0x0000000085700000, 0x0000000085700000| Untracked 
|  12|0x0000000085800000, 0x00000000858ffff8, 0x0000000085900000| 99%| O|  |TAMS 0x0000000085800000, 0x0000000085800000| Untracked 
|  13|0x0000000085900000, 0x0000000085a00000, 0x0000000085a00000|100%| O|  |TAMS 0x0000000085900000, 0x0000000085900000| Untracked 
|  14|0x0000000085a00000, 0x0000000085affff8, 0x0000000085b00000| 99%| O|  |TAMS 0x0000000085a00000, 0x0000000085a00000| Untracked 
|  15|0x0000000085b00000, 0x0000000085bfca00, 0x0000000085c00000| 98%| O|  |TAMS 0x0000000085b00000, 0x0000000085b00000| Untracked 
|  16|0x0000000085c00000, 0x0000000085cffff0, 0x0000000085d00000| 99%| O|  |TAMS 0x0000000085c00000, 0x0000000085c00000| Untracked 
|  17|0x0000000085d00000, 0x0000000085dffff0, 0x0000000085e00000| 99%| O|  |TAMS 0x0000000085d00000, 0x0000000085d00000| Untracked 
|  18|0x0000000085e00000, 0x0000000085effff8, 0x0000000085f00000| 99%| O|  |TAMS 0x0000000085e00000, 0x0000000085e00000| Untracked 
|  19|0x0000000085f00000, 0x0000000085ffffe8, 0x0000000086000000| 99%| O|  |TAMS 0x0000000085f00000, 0x0000000085f00000| Untracked 
|  20|0x0000000086000000, 0x00000000860fffc0, 0x0000000086100000| 99%| O|  |TAMS 0x0000000086000000, 0x0000000086000000| Untracked 
|  21|0x0000000086100000, 0x0000000086200000, 0x0000000086200000|100%| O|  |TAMS 0x0000000086100000, 0x0000000086100000| Untracked 
|  22|0x0000000086200000, 0x00000000862fcb90, 0x0000000086300000| 98%| O|  |TAMS 0x0000000086200000, 0x0000000086200000| Untracked 
|  23|0x0000000086300000, 0x00000000863ffff8, 0x0000000086400000| 99%| O|  |TAMS 0x0000000086300000, 0x0000000086300000| Untracked 
|  24|0x0000000086400000, 0x0000000086500000, 0x0000000086500000|100%| O|  |TAMS 0x0000000086400000, 0x0000000086400000| Untracked 
|  25|0x0000000086500000, 0x00000000865fff48, 0x0000000086600000| 99%| O|  |TAMS 0x0000000086500000, 0x0000000086500000| Untracked 
|  26|0x0000000086600000, 0x00000000866ffff8, 0x0000000086700000| 99%| O|  |TAMS 0x0000000086600000, 0x0000000086600000| Untracked 
|  27|0x0000000086700000, 0x00000000867ffff0, 0x0000000086800000| 99%| O|  |TAMS 0x0000000086700000, 0x0000000086700000| Untracked 
|  28|0x0000000086800000, 0x00000000868ffff8, 0x0000000086900000| 99%| O|  |TAMS 0x0000000086800000, 0x0000000086800000| Untracked 
|  29|0x0000000086900000, 0x00000000869fffb0, 0x0000000086a00000| 99%| O|  |TAMS 0x0000000086900000, 0x0000000086900000| Untracked 
|  30|0x0000000086a00000, 0x0000000086b00000, 0x0000000086b00000|100%| O|  |TAMS 0x0000000086a00000, 0x0000000086a00000| Untracked 
|  31|0x0000000086b00000, 0x0000000086c00000, 0x0000000086c00000|100%| O|  |TAMS 0x0000000086b00000, 0x0000000086b00000| Untracked 
|  32|0x0000000086c00000, 0x0000000086c0fc10, 0x0000000086d00000|  6%| O|  |TAMS 0x0000000086c00000, 0x0000000086c00000| Untracked 
|  33|0x0000000086d00000, 0x0000000086dffff0, 0x0000000086e00000| 99%| O|  |TAMS 0x0000000086d00000, 0x0000000086d00000| Untracked 
|  34|0x0000000086e00000, 0x0000000086f00000, 0x0000000086f00000|100%| O|  |TAMS 0x0000000086e00000, 0x0000000086e00000| Untracked 
|  35|0x0000000086f00000, 0x0000000086fffff8, 0x0000000087000000| 99%| O|  |TAMS 0x0000000086f00000, 0x0000000086f00000| Untracked 
|  36|0x0000000087000000, 0x000000008709ba20, 0x0000000087100000| 60%| O|  |TAMS 0x0000000087000000, 0x0000000087000000| Untracked 
|  37|0x0000000087100000, 0x0000000087200000, 0x0000000087200000|100%| O|  |TAMS 0x0000000087200000, 0x0000000087100000| Untracked 
|  38|0x0000000087200000, 0x0000000087300000, 0x0000000087300000|100%| O|  |TAMS 0x0000000087300000, 0x0000000087200000| Untracked 
|  39|0x0000000087300000, 0x0000000087300000, 0x0000000087400000|  0%| F|  |TAMS 0x0000000087300000, 0x0000000087300000| Untracked 
|  40|0x0000000087400000, 0x0000000087500000, 0x0000000087500000|100%| O|  |TAMS 0x0000000087500000, 0x0000000087400000| Untracked 
|  41|0x0000000087500000, 0x0000000087567148, 0x0000000087600000| 40%| O|  |TAMS 0x0000000087500000, 0x0000000087500000| Untracked 
|  42|0x0000000087600000, 0x0000000087600000, 0x0000000087700000|  0%| F|  |TAMS 0x0000000087600000, 0x0000000087600000| Untracked 
|  43|0x0000000087700000, 0x00000000877717b8, 0x0000000087800000| 44%| O|  |TAMS 0x0000000087700000, 0x0000000087700000| Untracked 
|  44|0x0000000087800000, 0x000000008789e638, 0x0000000087900000| 61%| O|  |TAMS 0x0000000087800000, 0x0000000087800000| Untracked 
|  45|0x0000000087900000, 0x0000000087900000, 0x0000000087a00000|  0%| F|  |TAMS 0x0000000087900000, 0x0000000087900000| Untracked 
|  46|0x0000000087a00000, 0x0000000087a00000, 0x0000000087b00000|  0%| F|  |TAMS 0x0000000087a00000, 0x0000000087a00000| Untracked 
|  47|0x0000000087b00000, 0x0000000087b00000, 0x0000000087c00000|  0%| F|  |TAMS 0x0000000087b00000, 0x0000000087b00000| Untracked 
|  48|0x0000000087c00000, 0x0000000087c00000, 0x0000000087d00000|  0%| F|  |TAMS 0x0000000087c00000, 0x0000000087c00000| Untracked 
|  49|0x0000000087d00000, 0x0000000087d00000, 0x0000000087e00000|  0%| F|  |TAMS 0x0000000087d00000, 0x0000000087d00000| Untracked 
|  50|0x0000000087e00000, 0x0000000087e00000, 0x0000000087f00000|  0%| F|  |TAMS 0x0000000087e00000, 0x0000000087e00000| Untracked 
|  51|0x0000000087f00000, 0x0000000087f00000, 0x0000000088000000|  0%| F|  |TAMS 0x0000000087f00000, 0x0000000087f00000| Untracked 
|  52|0x0000000088000000, 0x0000000088000000, 0x0000000088100000|  0%| F|  |TAMS 0x0000000088000000, 0x0000000088000000| Untracked 
|  53|0x0000000088100000, 0x0000000088100000, 0x0000000088200000|  0%| F|  |TAMS 0x0000000088100000, 0x0000000088100000| Untracked 
|  54|0x0000000088200000, 0x0000000088200000, 0x0000000088300000|  0%| F|  |TAMS 0x0000000088200000, 0x0000000088200000| Untracked 
|  55|0x0000000088300000, 0x0000000088300000, 0x0000000088400000|  0%| F|  |TAMS 0x0000000088300000, 0x0000000088300000| Untracked 
|  56|0x0000000088400000, 0x0000000088400000, 0x0000000088500000|  0%| F|  |TAMS 0x0000000088400000, 0x0000000088400000| Untracked 
|  57|0x0000000088500000, 0x0000000088500000, 0x0000000088600000|  0%| F|  |TAMS 0x0000000088500000, 0x0000000088500000| Untracked 
|  58|0x0000000088600000, 0x0000000088600000, 0x0000000088700000|  0%| F|  |TAMS 0x0000000088600000, 0x0000000088600000| Untracked 
|  59|0x0000000088700000, 0x0000000088700000, 0x0000000088800000|  0%| F|  |TAMS 0x0000000088700000, 0x0000000088700000| Untracked 
|  60|0x0000000088800000, 0x0000000088800000, 0x0000000088900000|  0%| F|  |TAMS 0x0000000088800000, 0x0000000088800000| Untracked 
|  61|0x0000000088900000, 0x0000000088900000, 0x0000000088a00000|  0%| F|  |TAMS 0x0000000088900000, 0x0000000088900000| Untracked 
|  62|0x0000000088a00000, 0x0000000088a00000, 0x0000000088b00000|  0%| F|  |TAMS 0x0000000088a00000, 0x0000000088a00000| Untracked 
|  63|0x0000000088b00000, 0x0000000088b00000, 0x0000000088c00000|  0%| F|  |TAMS 0x0000000088b00000, 0x0000000088b00000| Untracked 
|  64|0x0000000088c00000, 0x0000000088c00000, 0x0000000088d00000|  0%| F|  |TAMS 0x0000000088c00000, 0x0000000088c00000| Untracked 
|  65|0x0000000088d00000, 0x0000000088d00000, 0x0000000088e00000|  0%| F|  |TAMS 0x0000000088d00000, 0x0000000088d00000| Untracked 
|  66|0x0000000088e00000, 0x0000000088e00000, 0x0000000088f00000|  0%| F|  |TAMS 0x0000000088e00000, 0x0000000088e00000| Untracked 
|  67|0x0000000088f00000, 0x0000000088f00000, 0x0000000089000000|  0%| F|  |TAMS 0x0000000088f00000, 0x0000000088f00000| Untracked 
|  68|0x0000000089000000, 0x0000000089000000, 0x0000000089100000|  0%| F|  |TAMS 0x0000000089000000, 0x0000000089000000| Untracked 
|  69|0x0000000089100000, 0x0000000089100000, 0x0000000089200000|  0%| F|  |TAMS 0x0000000089100000, 0x0000000089100000| Untracked 
|  70|0x0000000089200000, 0x0000000089200000, 0x0000000089300000|  0%| F|  |TAMS 0x0000000089200000, 0x0000000089200000| Untracked 
|  71|0x0000000089300000, 0x0000000089300000, 0x0000000089400000|  0%| F|  |TAMS 0x0000000089300000, 0x0000000089300000| Untracked 
|  72|0x0000000089400000, 0x0000000089400000, 0x0000000089500000|  0%| F|  |TAMS 0x0000000089400000, 0x0000000089400000| Untracked 
|  73|0x0000000089500000, 0x0000000089500000, 0x0000000089600000|  0%| F|  |TAMS 0x0000000089500000, 0x0000000089500000| Untracked 
|  74|0x0000000089600000, 0x0000000089600000, 0x0000000089700000|  0%| F|  |TAMS 0x0000000089600000, 0x0000000089600000| Untracked 
|  75|0x0000000089700000, 0x0000000089700000, 0x0000000089800000|  0%| F|  |TAMS 0x0000000089700000, 0x0000000089700000| Untracked 
|  76|0x0000000089800000, 0x0000000089800000, 0x0000000089900000|  0%| F|  |TAMS 0x0000000089800000, 0x0000000089800000| Untracked 
|  77|0x0000000089900000, 0x0000000089900000, 0x0000000089a00000|  0%| F|  |TAMS 0x0000000089900000, 0x0000000089900000| Untracked 
|  78|0x0000000089a00000, 0x0000000089a00000, 0x0000000089b00000|  0%| F|  |TAMS 0x0000000089a00000, 0x0000000089a00000| Untracked 
|  79|0x0000000089b00000, 0x0000000089b00000, 0x0000000089c00000|  0%| F|  |TAMS 0x0000000089b00000, 0x0000000089b00000| Untracked 
|  80|0x0000000089c00000, 0x0000000089c00000, 0x0000000089d00000|  0%| F|  |TAMS 0x0000000089c00000, 0x0000000089c00000| Untracked 
|  81|0x0000000089d00000, 0x0000000089d00000, 0x0000000089e00000|  0%| F|  |TAMS 0x0000000089d00000, 0x0000000089d00000| Untracked 
|  82|0x0000000089e00000, 0x0000000089e00000, 0x0000000089f00000|  0%| F|  |TAMS 0x0000000089e00000, 0x0000000089e00000| Untracked 
|  83|0x0000000089f00000, 0x0000000089f00000, 0x000000008a000000|  0%| F|  |TAMS 0x0000000089f00000, 0x0000000089f00000| Untracked 
|  84|0x000000008a000000, 0x000000008a000000, 0x000000008a100000|  0%| F|  |TAMS 0x000000008a000000, 0x000000008a000000| Untracked 
|  85|0x000000008a100000, 0x000000008a100000, 0x000000008a200000|  0%| F|  |TAMS 0x000000008a100000, 0x000000008a100000| Untracked 
|  86|0x000000008a200000, 0x000000008a200000, 0x000000008a300000|  0%| F|  |TAMS 0x000000008a200000, 0x000000008a200000| Untracked 
|  87|0x000000008a300000, 0x000000008a300000, 0x000000008a400000|  0%| F|  |TAMS 0x000000008a300000, 0x000000008a300000| Untracked 
|  88|0x000000008a400000, 0x000000008a400000, 0x000000008a500000|  0%| F|  |TAMS 0x000000008a400000, 0x000000008a400000| Untracked 
|  89|0x000000008a500000, 0x000000008a500000, 0x000000008a600000|  0%| F|  |TAMS 0x000000008a500000, 0x000000008a500000| Untracked 
|  90|0x000000008a600000, 0x000000008a600000, 0x000000008a700000|  0%| F|  |TAMS 0x000000008a600000, 0x000000008a600000| Untracked 
|  91|0x000000008a700000, 0x000000008a700000, 0x000000008a800000|  0%| F|  |TAMS 0x000000008a700000, 0x000000008a700000| Untracked 
|  92|0x000000008a800000, 0x000000008a800000, 0x000000008a900000|  0%| F|  |TAMS 0x000000008a800000, 0x000000008a800000| Untracked 
|  93|0x000000008a900000, 0x000000008a91c638, 0x000000008aa00000| 11%| E|  |TAMS 0x000000008a900000, 0x000000008a900000| Complete 
|  94|0x000000008aa00000, 0x000000008ab00000, 0x000000008ab00000|100%| E|CS|TAMS 0x000000008aa00000, 0x000000008aa00000| Complete 
|  95|0x000000008ab00000, 0x000000008ac00000, 0x000000008ac00000|100%| E|CS|TAMS 0x000000008ab00000, 0x000000008ab00000| Complete 
|  96|0x000000008ac00000, 0x000000008ad00000, 0x000000008ad00000|100%| E|CS|TAMS 0x000000008ac00000, 0x000000008ac00000| Complete 
|  97|0x000000008ad00000, 0x000000008ae00000, 0x000000008ae00000|100%| E|CS|TAMS 0x000000008ad00000, 0x000000008ad00000| Complete 
|  98|0x000000008ae00000, 0x000000008af00000, 0x000000008af00000|100%| E|CS|TAMS 0x000000008ae00000, 0x000000008ae00000| Complete 
|  99|0x000000008af00000, 0x000000008b000000, 0x000000008b000000|100%| E|CS|TAMS 0x000000008af00000, 0x000000008af00000| Complete 
| 100|0x000000008b000000, 0x000000008b100000, 0x000000008b100000|100%| E|CS|TAMS 0x000000008b000000, 0x000000008b000000| Complete 
| 101|0x000000008b100000, 0x000000008b200000, 0x000000008b200000|100%| E|CS|TAMS 0x000000008b100000, 0x000000008b100000| Complete 
| 102|0x000000008b200000, 0x000000008b300000, 0x000000008b300000|100%| E|CS|TAMS 0x000000008b200000, 0x000000008b200000| Complete 
| 103|0x000000008b300000, 0x000000008b400000, 0x000000008b400000|100%| E|CS|TAMS 0x000000008b300000, 0x000000008b300000| Complete 
| 104|0x000000008b400000, 0x000000008b500000, 0x000000008b500000|100%| E|CS|TAMS 0x000000008b400000, 0x000000008b400000| Complete 
| 105|0x000000008b500000, 0x000000008b600000, 0x000000008b600000|100%| E|CS|TAMS 0x000000008b500000, 0x000000008b500000| Complete 
| 106|0x000000008b600000, 0x000000008b700000, 0x000000008b700000|100%| E|CS|TAMS 0x000000008b600000, 0x000000008b600000| Complete 
| 107|0x000000008b700000, 0x000000008b800000, 0x000000008b800000|100%| E|  |TAMS 0x000000008b700000, 0x000000008b700000| Complete 
| 108|0x000000008b800000, 0x000000008b900000, 0x000000008b900000|100%| E|CS|TAMS 0x000000008b800000, 0x000000008b800000| Complete 
| 109|0x000000008b900000, 0x000000008ba00000, 0x000000008ba00000|100%| E|CS|TAMS 0x000000008b900000, 0x000000008b900000| Complete 
| 110|0x000000008ba00000, 0x000000008bb00000, 0x000000008bb00000|100%| E|CS|TAMS 0x000000008ba00000, 0x000000008ba00000| Complete 
| 123|0x000000008c700000, 0x000000008c800000, 0x000000008c800000|100%| E|CS|TAMS 0x000000008c700000, 0x000000008c700000| Complete 

Card table byte_map: [0x0000029349010000,0x00000293493f0000] _byte_map_base: 0x0000029348bea000

Marking Bits (Prev, Next): (CMBitMap*) 0x00000293320e0b40, (CMBitMap*) 0x00000293320e0b80
 Prev Bits: [0x00000293497d0000, 0x000002934b6a0000)
 Next Bits: [0x000002934b6a0000, 0x000002934d570000)

Polling page: 0x0000029331830000

Metaspace:

Usage:
  Non-class:     78.22 MB used.
      Class:     12.43 MB used.
       Both:     90.65 MB used.

Virtual space:
  Non-class space:      128.00 MB reserved,      78.62 MB ( 61%) committed,  2 nodes.
      Class space:        1.00 GB reserved,      12.81 MB (  1%) committed,  1 nodes.
             Both:        1.12 GB reserved,      91.44 MB (  8%) committed. 

Chunk freelists:
   Non-Class:  1.17 MB
       Class:  3.09 MB
        Both:  4.27 MB

MaxMetaspaceSize: unlimited
CompressedClassSpaceSize: 1.00 GB
Initial GC threshold: 21.00 MB
Current GC threshold: 152.12 MB
CDS: on
MetaspaceReclaimPolicy: balanced
 - commit_granule_bytes: 65536.
 - commit_granule_words: 8192.
 - virtual_space_node_default_size: 8388608.
 - enlarge_chunks_in_place: 1.
 - new_chunks_are_fully_committed: 0.
 - uncommit_free_chunks: 1.
 - use_allocation_guard: 0.
 - handle_deallocations: 1.


Internal statistics:

num_allocs_failed_limit: 8.
num_arena_births: 1100.
num_arena_deaths: 4.
num_vsnodes_births: 3.
num_vsnodes_deaths: 0.
num_space_committed: 1463.
num_space_uncommitted: 0.
num_chunks_returned_to_freelist: 14.
num_chunks_taken_from_freelist: 4468.
num_chunk_merges: 8.
num_chunk_splits: 3154.
num_chunks_enlarged: 2398.
num_inconsistent_stats: 0.

CodeHeap 'non-profiled nmethods': size=120000Kb used=5607Kb max_used=5607Kb free=114392Kb
 bounds [0x00000293413d0000, 0x0000029341950000, 0x0000029348900000]
CodeHeap 'profiled nmethods': size=120000Kb used=17754Kb max_used=17754Kb free=102245Kb
 bounds [0x0000029339900000, 0x000002933aa60000, 0x0000029340e30000]
CodeHeap 'non-nmethods': size=5760Kb used=1410Kb max_used=1466Kb free=4349Kb
 bounds [0x0000029340e30000, 0x00000293410a0000, 0x00000293413d0000]
 total_blobs=10650 nmethods=9909 adapters=652
 compilation: enabled
              stopped_count=0, restarted_count=0
 full_count=0

Compilation events (20 events):
Event: 185.035 Thread 0x000002934ffa99d0 nmethod 11645 0x0000029341946b10 code [0x0000029341946ce0, 0x00000293419474b8]
Event: 185.036 Thread 0x000002934ffb4680 11667       3       org.springframework.context.annotation.ConditionEvaluator::shouldSkip (256 bytes)
Event: 185.036 Thread 0x000002934ffa99d0 11666       4       org.springframework.util.ConcurrentReferenceHashMap$ReferenceManager::createReference (43 bytes)
Event: 185.037 Thread 0x000002934ffb4680 nmethod 11667 0x000002933aa51490 code [0x000002933aa51880, 0x000002933aa53b58]
Event: 185.038 Thread 0x000002934ffb4680 11668       3       org.springframework.context.annotation.BeanMethod::hashCode (8 bytes)
Event: 185.038 Thread 0x000002934ffb4680 nmethod 11668 0x000002933aa54490 code [0x000002933aa54640, 0x000002933aa54808]
Event: 185.040 Thread 0x000002934ffa99d0 nmethod 11666 0x0000029341947990 code [0x0000029341947b20, 0x0000029341948098]
Event: 185.040 Thread 0x000002934ffa99d0 11669 %     4       org.springframework.asm.ClassReader::<init> @ 97 (359 bytes)
Event: 185.042 Thread 0x000002934ffb4680 11671   !   3       org.springframework.context.annotation.ConfigurationClassParser::processConfigurationClass (154 bytes)
Event: 185.043 Thread 0x000002934ffb4680 nmethod 11671 0x000002933aa54910 code [0x000002933aa54c20, 0x000002933aa55d68]
Event: 185.046 Thread 0x000002934ffa99d0 nmethod 11669% 0x0000029341948210 code [0x00000293419483c0, 0x0000029341948928]
Event: 185.046 Thread 0x000002934ffa99d0 11670       4       java.util.RegularEnumSet$EnumSetIterator::hasNext (15 bytes)
Event: 185.046 Thread 0x000002934ffa99d0 nmethod 11670 0x0000029341948c10 code [0x0000029341948d80, 0x0000029341948e18]
Event: 185.046 Thread 0x000002934ffa99d0 11490       4       sun.reflect.generics.reflectiveObjects.TypeVariableImpl::hashCode (16 bytes)
Event: 185.047 Thread 0x000002934ffb4680 11672       3       org.springframework.core.type.AnnotatedTypeMetadata$$Lambda$467/0x0000029351318498::apply (8 bytes)
Event: 185.048 Thread 0x000002934ffb4680 nmethod 11672 0x000002933aa56390 code [0x000002933aa56540, 0x000002933aa568e8]
Event: 185.048 Thread 0x000002934ffb4680 11673       3       org.springframework.core.type.AnnotatedTypeMetadata::lambda$getAllAnnotationAttributes$0 (15 bytes)
Event: 185.048 Thread 0x000002934ffb4680 nmethod 11673 0x000002933aa56a10 code [0x000002933aa56bc0, 0x000002933aa56de8]
Event: 185.048 Thread 0x000002934ffb4680 11675       3       org.springframework.context.annotation.ConditionEvaluator::getConditionClasses (45 bytes)
Event: 185.049 Thread 0x000002934ffb4680 nmethod 11675 0x000002933aa56e90 code [0x000002933aa57080, 0x000002933aa57648]

GC Heap History (20 events):
Event: 11.849 GC heap before
{Heap before GC invocations=31 (full 0):
 garbage-first heap   total 76800K, used 62532K [0x0000000084c00000, 0x0000000100000000)
  region size 1024K, 30 young (30720K), 4 survivors (4096K)
 Metaspace       used 72772K, committed 73344K, reserved 1114112K
  class space    used 9784K, committed 10048K, reserved 1048576K
}
Event: 11.854 GC heap after
{Heap after GC invocations=32 (full 0):
 garbage-first heap   total 76800K, used 36719K [0x0000000084c00000, 0x0000000100000000)
  region size 1024K, 1 young (1024K), 1 survivors (1024K)
 Metaspace       used 72772K, committed 73344K, reserved 1114112K
  class space    used 9784K, committed 10048K, reserved 1048576K
}
Event: 12.005 GC heap before
{Heap before GC invocations=32 (full 0):
 garbage-first heap   total 76800K, used 63343K [0x0000000084c00000, 0x0000000100000000)
  region size 1024K, 27 young (27648K), 1 survivors (1024K)
 Metaspace       used 73134K, committed 73728K, reserved 1114112K
  class space    used 9836K, committed 10112K, reserved 1048576K
}
Event: 12.007 GC heap after
{Heap after GC invocations=33 (full 0):
 garbage-first heap   total 76800K, used 37137K [0x0000000084c00000, 0x0000000100000000)
  region size 1024K, 2 young (2048K), 2 survivors (2048K)
 Metaspace       used 73134K, committed 73728K, reserved 1114112K
  class space    used 9836K, committed 10112K, reserved 1048576K
}
Event: 12.253 GC heap before
{Heap before GC invocations=34 (full 0):
 garbage-first heap   total 76800K, used 63761K [0x0000000084c00000, 0x0000000100000000)
  region size 1024K, 28 young (28672K), 2 survivors (2048K)
 Metaspace       used 73241K, committed 73856K, reserved 1114112K
  class space    used 9842K, committed 10112K, reserved 1048576K
}
Event: 12.255 GC heap after
{Heap after GC invocations=35 (full 0):
 garbage-first heap   total 76800K, used 37492K [0x0000000084c00000, 0x0000000100000000)
  region size 1024K, 2 young (2048K), 2 survivors (2048K)
 Metaspace       used 73241K, committed 73856K, reserved 1114112K
  class space    used 9842K, committed 10112K, reserved 1048576K
}
Event: 12.268 GC heap before
{Heap before GC invocations=35 (full 0):
 garbage-first heap   total 76800K, used 38516K [0x0000000084c00000, 0x0000000100000000)
  region size 1024K, 3 young (3072K), 2 survivors (2048K)
 Metaspace       used 73251K, committed 73856K, reserved 1114112K
  class space    used 9848K, committed 10112K, reserved 1048576K
}
Event: 12.270 GC heap after
{Heap after GC invocations=36 (full 0):
 garbage-first heap   total 76800K, used 36778K [0x0000000084c00000, 0x0000000100000000)
  region size 1024K, 1 young (1024K), 1 survivors (1024K)
 Metaspace       used 73251K, committed 73856K, reserved 1114112K
  class space    used 9848K, committed 10112K, reserved 1048576K
}
Event: 12.603 GC heap before
{Heap before GC invocations=36 (full 0):
 garbage-first heap   total 76800K, used 63402K [0x0000000084c00000, 0x0000000100000000)
  region size 1024K, 27 young (27648K), 1 survivors (1024K)
 Metaspace       used 76237K, committed 76800K, reserved 1179648K
  class space    used 10482K, committed 10752K, reserved 1048576K
}
Event: 12.606 GC heap after
{Heap after GC invocations=37 (full 0):
 garbage-first heap   total 114688K, used 38751K [0x0000000084c00000, 0x0000000100000000)
  region size 1024K, 3 young (3072K), 3 survivors (3072K)
 Metaspace       used 76237K, committed 76800K, reserved 1179648K
  class space    used 10482K, committed 10752K, reserved 1048576K
}
Event: 13.201 GC heap before
{Heap before GC invocations=38 (full 0):
 garbage-first heap   total 114688K, used 91999K [0x0000000084c00000, 0x0000000100000000)
  region size 1024K, 55 young (56320K), 3 survivors (3072K)
 Metaspace       used 79844K, committed 80384K, reserved 1179648K
  class space    used 11000K, committed 11264K, reserved 1048576K
}
Event: 13.205 GC heap after
{Heap after GC invocations=39 (full 0):
 garbage-first heap   total 114688K, used 40676K [0x0000000084c00000, 0x0000000100000000)
  region size 1024K, 5 young (5120K), 5 survivors (5120K)
 Metaspace       used 79844K, committed 80384K, reserved 1179648K
  class space    used 11000K, committed 11264K, reserved 1048576K
}
Event: 13.821 GC heap before
{Heap before GC invocations=39 (full 0):
 garbage-first heap   total 114688K, used 93924K [0x0000000084c00000, 0x0000000100000000)
  region size 1024K, 57 young (58368K), 5 survivors (5120K)
 Metaspace       used 82337K, committed 83008K, reserved 1179648K
  class space    used 11346K, committed 11648K, reserved 1048576K
}
Event: 13.827 GC heap after
{Heap after GC invocations=40 (full 0):
 garbage-first heap   total 114688K, used 43749K [0x0000000084c00000, 0x0000000100000000)
  region size 1024K, 7 young (7168K), 7 survivors (7168K)
 Metaspace       used 82337K, committed 83008K, reserved 1179648K
  class space    used 11346K, committed 11648K, reserved 1048576K
}
Event: 14.376 GC heap before
{Heap before GC invocations=40 (full 0):
 garbage-first heap   total 114688K, used 93925K [0x0000000084c00000, 0x0000000100000000)
  region size 1024K, 56 young (57344K), 7 survivors (7168K)
 Metaspace       used 83725K, committed 84416K, reserved 1179648K
  class space    used 11557K, committed 11904K, reserved 1048576K
}
Event: 14.383 GC heap after
{Heap after GC invocations=41 (full 0):
 garbage-first heap   total 114688K, used 46867K [0x0000000084c00000, 0x0000000100000000)
  region size 1024K, 7 young (7168K), 7 survivors (7168K)
 Metaspace       used 83725K, committed 84416K, reserved 1179648K
  class space    used 11557K, committed 11904K, reserved 1048576K
}
Event: 40.145 GC heap before
{Heap before GC invocations=41 (full 0):
 garbage-first heap   total 114688K, used 91923K [0x0000000084c00000, 0x0000000100000000)
  region size 1024K, 52 young (53248K), 7 survivors (7168K)
 Metaspace       used 91134K, committed 91840K, reserved 1179648K
  class space    used 12577K, committed 12928K, reserved 1048576K
}
Event: 40.156 GC heap after
{Heap after GC invocations=42 (full 0):
 garbage-first heap   total 114688K, used 49394K [0x0000000084c00000, 0x0000000100000000)
  region size 1024K, 6 young (6144K), 6 survivors (6144K)
 Metaspace       used 91134K, committed 91840K, reserved 1179648K
  class space    used 12577K, committed 12928K, reserved 1048576K
}
Event: 184.269 GC heap before
{Heap before GC invocations=42 (full 0):
 garbage-first heap   total 114688K, used 83186K [0x0000000084c00000, 0x0000000100000000)
  region size 1024K, 40 young (40960K), 6 survivors (6144K)
 Metaspace       used 92731K, committed 93440K, reserved 1179648K
  class space    used 12712K, committed 13056K, reserved 1048576K
}
Event: 184.553 GC heap after
{Heap after GC invocations=43 (full 1):
 garbage-first heap   total 114688K, used 41070K [0x0000000084c00000, 0x0000000100000000)
  region size 1024K, 0 young (0K), 0 survivors (0K)
 Metaspace       used 92728K, committed 93440K, reserved 1179648K
  class space    used 12712K, committed 13056K, reserved 1048576K
}

Deoptimization events (20 events):
Event: 184.853 Thread 0x00000293990c7e50 DEOPT PACKING pc=0x000002933a4e9d2a sp=0x000000ab125fde90
Event: 184.853 Thread 0x00000293990c7e50 DEOPT UNPACKING pc=0x0000029340e866e3 sp=0x000000ab125fd3b8 mode 0
Event: 184.855 Thread 0x00000293990c7e50 DEOPT PACKING pc=0x000002933a3dc231 sp=0x000000ab125fdfa0
Event: 184.855 Thread 0x00000293990c7e50 DEOPT UNPACKING pc=0x0000029340e866e3 sp=0x000000ab125fd458 mode 0
Event: 184.859 Thread 0x00000293990c7e50 DEOPT PACKING pc=0x000002933a4e9d2a sp=0x000000ab125fdcf0
Event: 184.859 Thread 0x00000293990c7e50 DEOPT UNPACKING pc=0x0000029340e866e3 sp=0x000000ab125fd200 mode 0
Event: 184.860 Thread 0x00000293990c7e50 DEOPT PACKING pc=0x000002933a4e9d4b sp=0x000000ab125fde90
Event: 184.860 Thread 0x00000293990c7e50 DEOPT UNPACKING pc=0x0000029340e866e3 sp=0x000000ab125fd3b8 mode 0
Event: 184.860 Thread 0x00000293990c7e50 Uncommon trap: trap_request=0xffffff45 fr.pc=0x00000293414ed360 relative=0x0000000000000060
Event: 184.860 Thread 0x00000293990c7e50 Uncommon trap: reason=unstable_if action=reinterpret pc=0x00000293414ed360 method=org.springframework.boot.autoconfigure.AutoConfigurationSorter$AutoConfigurationClass.getBefore()Ljava/util/Set; @ 4 c2
Event: 184.860 Thread 0x00000293990c7e50 DEOPT PACKING pc=0x00000293414ed360 sp=0x000000ab125fe0a0
Event: 184.860 Thread 0x00000293990c7e50 DEOPT UNPACKING pc=0x0000029340e85ba3 sp=0x000000ab125fe040 mode 2
Event: 185.030 Thread 0x00000293990c7e50 Uncommon trap: trap_request=0xffffffbe fr.pc=0x000002934194226c relative=0x0000000000000f6c
Event: 185.030 Thread 0x00000293990c7e50 Uncommon trap: reason=profile_predicate action=maybe_recompile pc=0x000002934194226c method=org.springframework.core.annotation.MergedAnnotationsCollection.find(Ljava/lang/Object;Ljava/util/function/Predicate;Lorg/springframework/core/annotation/MergedAnn
Event: 185.030 Thread 0x00000293990c7e50 DEOPT PACKING pc=0x000002934194226c sp=0x000000ab125fdcc0
Event: 185.030 Thread 0x00000293990c7e50 DEOPT UNPACKING pc=0x0000029340e85ba3 sp=0x000000ab125fdc90 mode 2
Event: 185.040 Thread 0x00000293990c7e50 Uncommon trap: trap_request=0xffffffbe fr.pc=0x000002934194226c relative=0x0000000000000f6c
Event: 185.040 Thread 0x00000293990c7e50 Uncommon trap: reason=profile_predicate action=maybe_recompile pc=0x000002934194226c method=org.springframework.core.annotation.MergedAnnotationsCollection.find(Ljava/lang/Object;Ljava/util/function/Predicate;Lorg/springframework/core/annotation/MergedAnn
Event: 185.040 Thread 0x00000293990c7e50 DEOPT PACKING pc=0x000002934194226c sp=0x000000ab125fdc70
Event: 185.040 Thread 0x00000293990c7e50 DEOPT UNPACKING pc=0x0000029340e85ba3 sp=0x000000ab125fdc40 mode 2

Classes unloaded (2 events):
Event: 12.643 Thread 0x000002934ff833b0 Unloading class 0x00000293519c8400 'jdk/internal/reflect/GeneratedSerializationConstructorAccessor24'
Event: 184.344 Thread 0x000002934ff833b0 Unloading class 0x0000029351aacc00 'jdk/internal/reflect/GeneratedSerializationConstructorAccessor25'

Classes redefined (0 events):
No events

Internal exceptions (20 events):
Event: 25.383 Thread 0x00000293990c8d80 Exception <a 'java/lang/NoSuchMethodError'{0x000000008a624a00}: 'java.lang.Object java.lang.invoke.Invokers$Holder.linkToTargetMethod(java.lang.Object, java.lang.Object, java.lang.Object, long, java.lang.Object)'> (0x000000008a624a00) 
thrown [s\open\src\hotspot\share\interpreter\linkResolver.cpp, line 759]
Event: 25.692 Thread 0x00000293990c9290 Exception <a 'java/lang/NoSuchMethodError'{0x0000000089a67fc0}: 'void java.lang.invoke.DirectMethodHandle$Holder.invokeSpecialIFC(java.lang.Object, java.lang.Object, int, java.lang.Object, java.lang.Object, java.lang.Object, java.lang.Object)'> (0x0000000089a67fc0) 
thrown [s\open\src\hotspot\share\interpreter\linkResolver.cpp, line 759]
Event: 25.758 Thread 0x00000293990c9290 Exception <a 'java/lang/NoSuchMethodError'{0x00000000899fc628}: 'java.lang.Object java.lang.invoke.DirectMethodHandle$Holder.newInvokeSpecial(java.lang.Object, java.lang.Object, java.lang.Object, long)'> (0x00000000899fc628) 
thrown [s\open\src\hotspot\share\interpreter\linkResolver.cpp, line 759]
Event: 25.759 Thread 0x00000293990c9290 Exception <a 'java/lang/NoSuchMethodError'{0x00000000898016b0}: 'java.lang.Object java.lang.invoke.DirectMethodHandle$Holder.invokeSpecial(java.lang.Object, java.lang.Object, java.lang.Object, java.lang.Object, long)'> (0x00000000898016b0) 
thrown [s\open\src\hotspot\share\interpreter\linkResolver.cpp, line 759]
Event: 25.759 Thread 0x00000293990c9290 Exception <a 'java/lang/NoSuchMethodError'{0x0000000089805b30}: 'java.lang.Object java.lang.invoke.Invokers$Holder.linkToTargetMethod(java.lang.Object, java.lang.Object, long, java.lang.Object)'> (0x0000000089805b30) 
thrown [s\open\src\hotspot\share\interpreter\linkResolver.cpp, line 759]
Event: 25.785 Thread 0x00000293990c9290 Exception <a 'java/lang/reflect/InvocationTargetException'{0x0000000089846110}> (0x0000000089846110) 
thrown [s\open\src\hotspot\share\runtime\reflection.cpp, line 1121]
Event: 25.785 Thread 0x00000293990c9290 Exception <a 'java/lang/reflect/InvocationTargetException'{0x0000000089846e80}> (0x0000000089846e80) 
thrown [s\open\src\hotspot\share\runtime\reflection.cpp, line 1121]
Event: 39.981 Thread 0x00000293990ca6d0 Exception <a 'java/lang/NoSuchMethodError'{0x00000000892da290}: 'void java.lang.invoke.DirectMethodHandle$Holder.invokeStaticInit(java.lang.Object, java.lang.Object, java.lang.Object, java.lang.Object)'> (0x00000000892da290) 
thrown [s\open\src\hotspot\share\interpreter\linkResolver.cpp, line 759]
Event: 40.084 Thread 0x00000293990ca6d0 Exception <a 'java/lang/NoSuchMethodError'{0x0000000088f1dcf0}: 'int java.lang.invoke.DirectMethodHandle$Holder.invokeStatic(java.lang.Object, java.lang.Object, int, int)'> (0x0000000088f1dcf0) 
thrown [s\open\src\hotspot\share\interpreter\linkResolver.cpp, line 759]
Event: 40.254 Thread 0x00000293990ca6d0 Exception <a 'java/lang/IncompatibleClassChangeError'{0x000000008baf4408}: Found class java.lang.Object, but interface was expected> (0x000000008baf4408) 
thrown [s\open\src\hotspot\share\interpreter\linkResolver.cpp, line 826]
Event: 129.552 Thread 0x00000293990c5ff0 Exception <a 'java/io/IOException'{0x000000008a9a9808}> (0x000000008a9a9808) 
thrown [s\open\src\hotspot\share\prims\jni.cpp, line 516]
Event: 131.138 Thread 0x00000293990c46a0 Exception <a 'java/lang/NoSuchMethodError'{0x000000008a7fdbc0}: 'java.lang.Object java.lang.invoke.DirectMethodHandle$Holder.newInvokeSpecial(java.lang.Object, long)'> (0x000000008a7fdbc0) 
thrown [s\open\src\hotspot\share\interpreter\linkResolver.cpp, line 759]
Event: 170.832 Thread 0x00000293990c4bb0 Exception <a 'java/io/IOException'{0x0000000089f2f220}> (0x0000000089f2f220) 
thrown [s\open\src\hotspot\share\prims\jni.cpp, line 516]
Event: 183.645 Thread 0x00000293990c5ae0 Implicit null exception at 0x00000293418d0483 to 0x00000293418d0544
Event: 184.151 Thread 0x00000293990ca6d0 Exception <a 'java/io/IOException'{0x0000000089a47478}> (0x0000000089a47478) 
thrown [s\open\src\hotspot\share\prims\jni.cpp, line 516]
Event: 184.153 Thread 0x00000293990ca6d0 Exception <a 'java/io/IOException'{0x0000000089a48048}> (0x0000000089a48048) 
thrown [s\open\src\hotspot\share\prims\jni.cpp, line 516]
Event: 184.267 Thread 0x0000029396633240 Exception <a 'java/lang/InterruptedException'{0x0000000089a9f038}: sleep interrupted> (0x0000000089a9f038) 
thrown [s\open\src\hotspot\share\prims\jvm.cpp, line 3064]
Event: 184.569 Thread 0x00000293990c7e50 Exception <a 'sun/nio/fs/WindowsException'{0x000000008c7a0d30}> (0x000000008c7a0d30) 
thrown [s\open\src\hotspot\share\prims\jni.cpp, line 516]
Event: 184.615 Thread 0x00000293990c7e50 Exception <a 'sun/nio/fs/WindowsException'{0x000000008b84b790}> (0x000000008b84b790) 
thrown [s\open\src\hotspot\share\prims\jni.cpp, line 516]
Event: 184.808 Thread 0x00000293990c8d80 Exception <a 'java/lang/NoClassDefFoundError'{0x000000008b2db638}: org/glassfish/jersey/server/monitoring/ApplicationEventListener> (0x000000008b2db638) 
thrown [s\open\src\hotspot\share\classfile\systemDictionary.cpp, line 245]

VM Operations (20 events):
Event: 134.967 Executing VM operation: Cleanup
Event: 134.967 Executing VM operation: Cleanup done
Event: 137.975 Executing VM operation: Cleanup
Event: 137.976 Executing VM operation: Cleanup done
Event: 160.110 Executing VM operation: Cleanup
Event: 160.111 Executing VM operation: Cleanup done
Event: 163.126 Executing VM operation: Cleanup
Event: 163.126 Executing VM operation: Cleanup done
Event: 165.136 Executing VM operation: Cleanup
Event: 165.138 Executing VM operation: Cleanup done
Event: 170.184 Executing VM operation: Cleanup
Event: 170.199 Executing VM operation: Cleanup done
Event: 171.208 Executing VM operation: Cleanup
Event: 171.208 Executing VM operation: Cleanup done
Event: 183.274 Executing VM operation: Cleanup
Event: 183.274 Executing VM operation: Cleanup done
Event: 184.268 Executing VM operation: G1CollectFull
Event: 184.553 Executing VM operation: G1CollectFull done
Event: 184.747 Executing VM operation: HandshakeAllThreads
Event: 184.747 Executing VM operation: HandshakeAllThreads done

Events (20 events):
Event: 184.149 loading class sun/security/ssl/Alert$Level
Event: 184.150 loading class sun/security/ssl/Alert$Level done
Event: 184.153 loading class sun/net/ConnectionResetException
Event: 184.154 loading class sun/net/ConnectionResetException done
Event: 184.185 Thread 0x00000293990ca6d0 Thread exited: 0x00000293990ca6d0
Event: 184.266 Thread 0x000002939662ffa0 Thread exited: 0x000002939662ffa0
Event: 184.267 Thread 0x0000029396633240 Thread exited: 0x0000029396633240
Event: 184.268 Thread 0x0000029396632310 Thread exited: 0x0000029396632310
Event: 184.553 loading class java/lang/ref/Finalizer$2
Event: 184.553 loading class java/lang/ref/Finalizer$2 done
Event: 184.553 loading class java/lang/ref/Finalizer$1
Event: 184.554 loading class java/lang/ref/Finalizer$1 done
Event: 184.554 Thread 0x00000293990c46a0 Thread added: 0x00000293990c46a0
Event: 184.554 Thread 0x00000293990c46a0 Thread exited: 0x00000293990c46a0
Event: 184.554 Thread 0x00000293990c7e50 Thread added: 0x00000293990c7e50
Event: 184.572 Thread 0x000002934ffb5120 Thread added: 0x000002934ffb5120
Event: 184.572 Thread 0x000002934ffb6110 Thread added: 0x000002934ffb6110
Event: 184.761 Thread 0x000002934ffbabe0 flushing nmethod 0x000002933a60b210
Event: 184.780 Thread 0x00000293990c8d80 Thread added: 0x00000293990c8d80
Event: 184.842 Thread 0x00000293990c8d80 Thread exited: 0x00000293990c8d80


Dynamic libraries:
0x00007ff799940000 - 0x00007ff799950000 	D:\downApp\bin\java.exe
0x00007ff9a8bf0000 - 0x00007ff9a8e07000 	C:\WINDOWS\SYSTEM32\ntdll.dll
0x00007ff9a6ec0000 - 0x00007ff9a6f84000 	C:\WINDOWS\System32\KERNEL32.DLL
0x00007ff9a6290000 - 0x00007ff9a6663000 	C:\WINDOWS\System32\KERNELBASE.dll
0x00007ff9a6670000 - 0x00007ff9a6781000 	C:\WINDOWS\System32\ucrtbase.dll
0x00007ff983e10000 - 0x00007ff983e2b000 	D:\downApp\bin\VCRUNTIME140.dll
0x00007ff99f030000 - 0x00007ff99f049000 	D:\downApp\bin\jli.dll
0x00007ff9a69f0000 - 0x00007ff9a6aa1000 	C:\WINDOWS\System32\ADVAPI32.dll
0x00007ff9a6880000 - 0x00007ff9a6927000 	C:\WINDOWS\System32\msvcrt.dll
0x00007ff9a6930000 - 0x00007ff9a69d7000 	C:\WINDOWS\System32\sechost.dll
0x00007ff9a6790000 - 0x00007ff9a67b8000 	C:\WINDOWS\System32\bcrypt.dll
0x00007ff9a7440000 - 0x00007ff9a7554000 	C:\WINDOWS\System32\RPCRT4.dll
0x00007ff9a7260000 - 0x00007ff9a7411000 	C:\WINDOWS\System32\USER32.dll
0x00007ff9a5ce0000 - 0x00007ff9a5d06000 	C:\WINDOWS\System32\win32u.dll
0x00007ff9a7120000 - 0x00007ff9a7149000 	C:\WINDOWS\System32\GDI32.dll
0x00007ff99bc00000 - 0x00007ff99be9b000 	C:\WINDOWS\WinSxS\amd64_microsoft.windows.common-controls_6595b64144ccf1df_6.0.22621.5262_none_2712bde373830908\COMCTL32.dll
0x00007ff9a6160000 - 0x00007ff9a6282000 	C:\WINDOWS\System32\gdi32full.dll
0x00007ff9a5d90000 - 0x00007ff9a5e2a000 	C:\WINDOWS\System32\msvcp_win.dll
0x00007ff99f550000 - 0x00007ff99f55a000 	C:\WINDOWS\SYSTEM32\VERSION.dll
0x00007ff9a7a20000 - 0x00007ff9a7a51000 	C:\WINDOWS\System32\IMM32.DLL
0x00007ff983e00000 - 0x00007ff983e0c000 	D:\downApp\bin\vcruntime140_1.dll
0x00007ff983d70000 - 0x00007ff983dfe000 	D:\downApp\bin\msvcp140.dll
0x00007ff92c230000 - 0x00007ff92ce11000 	D:\downApp\bin\server\jvm.dll
0x00007ff9a8ba0000 - 0x00007ff9a8ba8000 	C:\WINDOWS\System32\PSAPI.DLL
0x00007ff99f390000 - 0x00007ff99f399000 	C:\WINDOWS\SYSTEM32\WSOCK32.dll
0x00007ff9a8b20000 - 0x00007ff9a8b91000 	C:\WINDOWS\System32\WS2_32.dll
0x00007ff997bf0000 - 0x00007ff997c24000 	C:\WINDOWS\SYSTEM32\WINMM.dll
0x00007ff9a4de0000 - 0x00007ff9a4df8000 	C:\WINDOWS\SYSTEM32\kernel.appcore.dll
0x00007ff99f2a0000 - 0x00007ff99f2aa000 	D:\downApp\bin\jimage.dll
0x00007ff9a3280000 - 0x00007ff9a34b2000 	C:\WINDOWS\SYSTEM32\DBGHELP.DLL
0x00007ff9a6b20000 - 0x00007ff9a6eb3000 	C:\WINDOWS\System32\combase.dll
0x00007ff9a7a80000 - 0x00007ff9a7b57000 	C:\WINDOWS\System32\OLEAUT32.dll
0x00007ff997040000 - 0x00007ff997072000 	C:\WINDOWS\SYSTEM32\dbgcore.DLL
0x00007ff9a5f70000 - 0x00007ff9a5feb000 	C:\WINDOWS\System32\bcryptPrimitives.dll
0x00007ff993b90000 - 0x00007ff993bb5000 	D:\downApp\bin\java.dll
0x00007ff991db0000 - 0x00007ff991e87000 	D:\downApp\bin\jsvml.dll
0x00007ff9a8280000 - 0x00007ff9a8b1d000 	C:\WINDOWS\System32\SHELL32.dll
0x00007ff9a5e30000 - 0x00007ff9a5f6f000 	C:\WINDOWS\System32\wintypes.dll
0x00007ff9a3be0000 - 0x00007ff9a44fd000 	C:\WINDOWS\SYSTEM32\windows.storage.dll
0x00007ff9a6f90000 - 0x00007ff9a709b000 	C:\WINDOWS\System32\SHCORE.dll
0x00007ff9a7b60000 - 0x00007ff9a7bc6000 	C:\WINDOWS\System32\shlwapi.dll
0x00007ff9a5c10000 - 0x00007ff9a5c3b000 	C:\WINDOWS\SYSTEM32\profapi.dll
0x00007ff99f000000 - 0x00007ff99f019000 	D:\downApp\bin\net.dll
0x00007ff99f8c0000 - 0x00007ff99f9ec000 	C:\WINDOWS\SYSTEM32\WINHTTP.dll
0x00007ff9a5290000 - 0x00007ff9a52fa000 	C:\WINDOWS\system32\mswsock.dll
0x00007ff9938b0000 - 0x00007ff9938c6000 	D:\downApp\bin\nio.dll
0x00007ff993b70000 - 0x00007ff993b88000 	D:\downApp\bin\zip.dll
0x00007ff99aea0000 - 0x00007ff99aeaa000 	D:\downApp\bin\management.dll
0x00007ff9925e0000 - 0x00007ff9925eb000 	D:\downApp\bin\management_ext.dll
0x00007ff9808c0000 - 0x00007ff9808d7000 	C:\WINDOWS\system32\napinsp.dll
0x00007ff980450000 - 0x00007ff98046b000 	C:\WINDOWS\system32\pnrpnsp.dll
0x00007ff9a4780000 - 0x00007ff9a4878000 	C:\WINDOWS\SYSTEM32\DNSAPI.dll
0x00007ff9a4750000 - 0x00007ff9a477d000 	C:\WINDOWS\SYSTEM32\IPHLPAPI.DLL
0x00007ff9a7a60000 - 0x00007ff9a7a69000 	C:\WINDOWS\System32\NSI.dll
0x00007ff980320000 - 0x00007ff980331000 	C:\WINDOWS\System32\winrnr.dll
0x00007ff980300000 - 0x00007ff98031f000 	C:\WINDOWS\system32\wshbth.dll
0x00007ff9802d0000 - 0x00007ff9802f1000 	C:\WINDOWS\system32\nlansp_c.dll
0x00007ff98bce0000 - 0x00007ff98bcea000 	C:\Windows\System32\rasadhlp.dll
0x00007ff99f600000 - 0x00007ff99f683000 	C:\WINDOWS\System32\fwpuclnt.dll
0x00007ff9a54f0000 - 0x00007ff9a550b000 	C:\WINDOWS\SYSTEM32\CRYPTSP.dll
0x00007ff9a4d40000 - 0x00007ff9a4d77000 	C:\WINDOWS\system32\rsaenh.dll
0x00007ff9a5380000 - 0x00007ff9a53a8000 	C:\WINDOWS\SYSTEM32\USERENV.dll
0x00007ff9a54e0000 - 0x00007ff9a54ec000 	C:\WINDOWS\SYSTEM32\CRYPTBASE.dll
0x00007ff99fd20000 - 0x00007ff99fd39000 	C:\WINDOWS\SYSTEM32\dhcpcsvc6.DLL
0x00007ff99f8a0000 - 0x00007ff99f8bf000 	C:\WINDOWS\SYSTEM32\dhcpcsvc.DLL
0x00007ff9938a0000 - 0x00007ff9938ae000 	D:\downApp\bin\sunmscapi.dll
0x00007ff9a5ff0000 - 0x00007ff9a6157000 	C:\WINDOWS\System32\CRYPT32.dll
0x00007ff9a5680000 - 0x00007ff9a56ad000 	C:\WINDOWS\SYSTEM32\ncrypt.dll
0x00007ff9a5640000 - 0x00007ff9a5677000 	C:\WINDOWS\SYSTEM32\NTASN1.dll
0x00007ff99efb0000 - 0x00007ff99efc0000 	D:\downApp\bin\verify.dll
0x00007ff99bea0000 - 0x00007ff99bea8000 	C:\WINDOWS\system32\wshunix.dll

dbghelp: loaded successfully - version: 4.0.5 - missing functions: none
symbol engine: initialized successfully - sym options: 0x614 - pdb path: .;D:\downApp\bin;C:\WINDOWS\SYSTEM32;C:\WINDOWS\WinSxS\amd64_microsoft.windows.common-controls_6595b64144ccf1df_6.0.22621.5262_none_2712bde373830908;D:\downApp\bin\server

VM Arguments:
jvm_args: -XX:+ShowCodeDetailsInExceptionMessages -Dspring.jmx.enabled=true -Dmanagement.endpoints.jmx.exposure.include=* -Dspring.application.admin.enabled=true -Dspring.boot.project.name=LMS_DoAn -Djava.rmi.server.hostname=localhost -Dcom.sun.management.jmxremote.port=45556 -Dcom.sun.management.jmxremote.authenticate=false -Dcom.sun.management.jmxremote.ssl=false 
java_command: vn.doan.lms.LMSApplication
java_class_path (initial): D:\java\vscodejava\doan\LMS_DoAn\build\resources\main;D:\java\vscodejava\doan\LMS_DoAn\build\classes\java\main;C:\Users\ASUS\.gradle\caches\modules-2\files-2.1\org.hibernate.validator\hibernate-validator\8.0.1.Final\e49e116b3d3928060599b176b3538bb848718e95\hibernate-validator-8.0.1.Final.jar;C:\Users\ASUS\.gradle\caches\modules-2\files-2.1\org.springframework\spring-orm\6.1.5\d2dc2b996680fcc8ae5aea294f0ce6bda5577c7c\spring-orm-6.1.5.jar;C:\Users\ASUS\.gradle\caches\modules-2\files-2.1\org.thymeleaf\thymeleaf-spring6\3.1.2.RELEASE\6030c7b4e260c41336f378e53da6e8531263f24b\thymeleaf-spring6-3.1.2.RELEASE.jar;C:\Users\ASUS\.gradle\caches\modules-2\files-2.1\io.micrometer\micrometer-commons\1.12.4\a57f10c78956b38087f97beae66cf14cb8b08d34\micrometer-commons-1.12.4.jar;C:\Users\ASUS\.gradle\caches\modules-2\files-2.1\org.springframework.data\spring-data-jpa\3.2.4\1932f90c487999575b57ad41986de96c8ebf5843\spring-data-jpa-3.2.4.jar;C:\Users\ASUS\.gradle\caches\modules-2\files-2.1\org.yaml\snakeyaml\2.2\3af797a25458550a16bf89acc8e4ab2b7f2bfce0\snakeyaml-2.2.jar;C:\Users\ASUS\.gradle\caches\modules-2\files-2.1\com.zaxxer\HikariCP\5.0.1\a74c7f0a37046846e88d54f7cb6ea6d565c65f9c\HikariCP-5.0.1.jar;C:\Users\ASUS\.gradle\caches\modules-2\files-2.1\ch.qos.logback\logback-core\1.4.14\4d3c2248219ac0effeb380ed4c5280a80bf395e8\logback-core-1.4.14.jar;C:\Users\ASUS\.gradle\caches\modules-2\files-2.1\org.springframework.boot\spring-boot-actuator-autoconfigure\3.2.4\fc5d94aa9b147786d60379f7365cb4bf6766cdad\spring-boot-actuator-autoconfigure-3.2.4.jar;C:\Users\ASUS\.gradle\caches\modules-2\files-2.1\org.glassfish.jaxb\jaxb-core\4.0.5\7b4b11ea5542eea4ad55e1080b23be436795b3\jaxb-core-4.0.5.jar;C:\Users\ASUS\.gradle\caches\modules-2\files-2.1\org.apache.tomcat.embed\tomcat-embed-core\10.1.19\3dbbca8acbd4dd6a137c3d6f934a2931512b42ce\tomcat-embed-core-10.1.19.jar;C:\Users\ASUS\.gradle\caches\modules-2\files-2.1\org.springframework\spring-aop\6.1.5\a4f596bd3c55b6cec93f
Launcher Type: SUN_STANDARD

[Global flags]
     intx CICompilerCount                          = 4                                         {product} {ergonomic}
     uint ConcGCThreads                            = 2                                         {product} {ergonomic}
     uint G1ConcRefinementThreads                  = 8                                         {product} {ergonomic}
   size_t G1HeapRegionSize                         = 1048576                                   {product} {ergonomic}
    uintx GCDrainStackTargetSize                   = 64                                        {product} {ergonomic}
   size_t InitialHeapSize                          = 130023424                                 {product} {ergonomic}
     bool ManagementServer                         = true                                      {product} {command line}
   size_t MarkStackSize                            = 4194304                                   {product} {ergonomic}
   size_t MaxHeapSize                              = 2067791872                                {product} {ergonomic}
   size_t MaxNewSize                               = 1240465408                                {product} {ergonomic}
   size_t MinHeapDeltaBytes                        = 1048576                                   {product} {ergonomic}
   size_t MinHeapSize                              = 8388608                                   {product} {ergonomic}
    uintx NonNMethodCodeHeapSize                   = 5839372                                {pd product} {ergonomic}
    uintx NonProfiledCodeHeapSize                  = 122909434                              {pd product} {ergonomic}
    uintx ProfiledCodeHeapSize                     = 122909434                              {pd product} {ergonomic}
    uintx ReservedCodeCacheSize                    = 251658240                              {pd product} {ergonomic}
     bool SegmentedCodeCache                       = true                                      {product} {ergonomic}
     bool ShowCodeDetailsInExceptionMessages       = true                                   {manageable} {command line}
   size_t SoftMaxHeapSize                          = 2067791872                             {manageable} {ergonomic}
     bool UseCompressedClassPointers               = true                           {product lp64_product} {ergonomic}
     bool UseCompressedOops                        = true                           {product lp64_product} {ergonomic}
     bool UseG1GC                                  = true                                      {product} {ergonomic}
     bool UseLargePagesIndividualAllocation        = false                                  {pd product} {ergonomic}

Logging:
Log output configuration:
 #0: stdout all=warning uptime,level,tags
 #1: stderr all=off uptime,level,tags

Environment Variables:
JAVA_HOME=D:\downApp
PATH=C:\Program Files\Common Files\Oracle\Java\javapath;D:\downApp\Scripts\;D:\downApp\;C:\Program Files\Microsoft MPI\Bin\;C:\Program Files (x86)\Common Files\Oracle\Java\javapath;C:\Windows\system32;C:\Windows;C:\Windows\System32\Wbem;C:\Windows\System32\WindowsPowerShell\v1.0\;C:\Windows\System32\OpenSSH\;C:\Program Files (x86)\NVIDIA Corporation\PhysX\Common;C:\Program Files\NVIDIA Corporation\NVIDIA NvDLISR;C:\WINDOWS\system32;C:\WINDOWS;C:\WINDOWS\System32\Wbem;C:\WINDOWS\System32\WindowsPowerShell\v1.0\;C:\WINDOWS\System32\OpenSSH\;C:\MinGW\bin;C:\Program Files\dotnet\;C:\Program Files\Microsoft SQL Server\150\Tools\Binn\;C:\Program Files\Microsoft SQL Server\Client SDK\ODBC\170\Tools\Binn\;C:\Program Files (x86)\Microsoft SQL Server\150\Tools\Binn\;C:\Program Files\Microsoft SQL Server\150\DTS\Binn\;C:\Program Files\Azure Data Studio\bin;C:\WINDOWS\system32;C:\WINDOWS;C:\WINDOWS\System32\Wbem;C:\WINDOWS\System32\WindowsPowerShell\v1.0\;C:\WINDOWS\System32\OpenSSH\;C:\laragon\bin\php\php-8.1.10-Win32-vs16-x64;D:\Git\Git\cmd;D:\laragon\laragon\bin\php\php-8.1.10-Win32-vs16-x64;D:\laragon\laragon;C:\Program Files (x86)\Microsoft SQL Server\160\Tools\Binn\;C:\Program Files\Microsoft SQL Server\160\Tools\Binn\;C:\Program Files\Microsoft SQL Server\160\DTS\Binn\;C:\Program Files\Java\apache-maven-3.9.9\bin;C:\Program Files\MySQL\MySQL Shell 8.0\bin\;C:\Users\ASUS\AppData\Local\Programs\Python\Python312\Scripts\;C:\Users\ASUS\AppData\Local\Programs\Python\Python312\;C:\Users\ASUS\AppData\Local\Programs\Python\Python311\Scripts\;C:\Users\ASUS\AppData\Local\Programs\Python\Python311\;D:\python\Scripts\;D:\python\;C:\Users\ASUS\AppData\Local\Microsoft\WindowsApps;D:\Microsoft VS Code\bin;C:\Program Files (x86)\Dev-Cpp\MinGW64\bin;C:\msys64\mingw64\bin;C:\Users\ASUS\.dotnet\tools;C:\Program Files\Azure Data Studio\bin;C:\Users\ASUS\AppData\Local\JetBrains\Toolbox\scripts;C:\Users\ASUS\AppData\Roaming\Composer\vendor\bin;C:\Users\ASUS\AppData\Local\Microsoft\WindowsApps;D:
USERNAME=ASUS
LANG=en_US.UTF-8
OS=Windows_NT
PROCESSOR_IDENTIFIER=Intel64 Family 6 Model 140 Stepping 1, GenuineIntel



---------------  S Y S T E M  ---------------

OS:
 Windows 11 , 64 bit Build 22621 (10.0.22621.5262)
OS uptime: 2 days 2:56 hours
Hyper-V role detected

CPU: total 8 (initial active 8) (4 cores per cpu, 2 threads per core) family 6 model 140 stepping 1 microcode 0x86, cx8, cmov, fxsr, ht, mmx, 3dnowpref, sse, sse2, sse3, ssse3, sse4.1, sse4.2, popcnt, lzcnt, tsc, tscinvbit, avx, avx2, aes, erms, clmul, bmi1, bmi2, adx, avx512f, avx512dq, avx512cd, avx512bw, avx512vl, sha, fma, vzeroupper, avx512_vpopcntdq, avx512_vpclmulqdq, avx512_vaes, avx512_vnni, clflush, clflushopt, clwb, avx512_vbmi2, avx512_vbmi, hv

Memory: 4k page, system-wide physical 7883M (690M free)
TotalPageFile size 28638M (AvailPageFile size 0M)
current process WorkingSet (physical memory assigned to process): 280M, peak: 349M
current process commit charge ("private bytes"): 382M, peak: 388M

vm_info: Java HotSpot(TM) 64-Bit Server VM (17.0.9+11-LTS-201) for windows-amd64 JRE (17.0.9+11-LTS-201), built on Oct 10 2023 23:16:06 by "mach5one" with MS VC++ 17.1 (VS2022)

END.
