#
# There is insufficient memory for the Java Runtime Environment to continue.
# Native memory allocation (malloc) failed to allocate 1815536 bytes. Error detail: Chunk::new
# Possible reasons:
#   The system is out of physical RAM or swap space
#   This process is running with CompressedOops enabled, and the Java Heap may be blocking the growth of the native heap
# Possible solutions:
#   Reduce memory load on the system
#   Increase physical memory or swap space
#   Check if swap backing store is full
#   Decrease Java heap size (-Xmx/-Xms)
#   Decrease number of Java threads
#   Decrease Java thread stack sizes (-Xss)
#   Set larger code cache with -XX:ReservedCodeCacheSize=
#   JVM is running with Unscaled Compressed Oops mode in which the Java heap is
#     placed in the first 4GB address space. The Java Heap base address is the
#     maximum limit for the native heap growth. Please use -XX:HeapBaseMinAddress
#     to set the Java Heap base and to place the Java Heap above 4GB virtual address.
# This output file may be truncated or incomplete.
#
#  Out of Memory Error (arena.cpp:168), pid=21556, tid=16816
#
# JRE version: OpenJDK Runtime Environment Temurin-21.0.7+6 (21.0.7+6) (build 21.0.7+6-LTS)
# Java VM: OpenJDK 64-Bit Server VM Temurin-21.0.7+6 (21.0.7+6-LTS, mixed mode, sharing, tiered, compressed oops, compressed class ptrs, parallel gc, windows-amd64)
# No core dump will be written. Minidumps are not enabled by default on client versions of Windows
#

---------------  S U M M A R Y ------------

Command Line: --add-modules=ALL-SYSTEM --add-opens=java.base/java.util=ALL-UNNAMED --add-opens=java.base/java.lang=ALL-UNNAMED --add-opens=java.base/sun.nio.fs=ALL-UNNAMED -Declipse.application=org.eclipse.jdt.ls.core.id1 -Dosgi.bundles.defaultStartLevel=4 -Declipse.product=org.eclipse.jdt.ls.core.product -Djava.import.generatesMetadataFilesAtProjectRoot=false -DDetectVMInstallationsJob.disabled=true -Dfile.encoding=utf8 -XX:+UseParallelGC -XX:GCTimeRatio=4 -XX:AdaptiveSizePolicyWeight=90 -Dsun.zip.disableMemoryMapping=true -Xmx2G -Xms100m -Xlog:disable -javaagent:c:\Users\ASUS\.vscode\extensions\redhat.java-1.43.0-win32-x64\lombok\lombok-1.18.39-4050.jar -XX:+HeapDumpOnOutOfMemoryError -XX:HeapDumpPath=c:\Users\ASUS\AppData\Roaming\Code\User\workspaceStorage\64c5fc09bacb5b4f7dcb981332d43b0f\redhat.java -Daether.dependencyCollector.impl=bf c:\Users\ASUS\.vscode\extensions\redhat.java-1.43.0-win32-x64\server\plugins\org.eclipse.equinox.launcher_1.7.0.v20250519-0528.jar -configuration c:\Users\ASUS\AppData\Roaming\Code\User\globalStorage\redhat.java\1.43.0\config_win -data c:\Users\ASUS\AppData\Roaming\Code\User\workspaceStorage\64c5fc09bacb5b4f7dcb981332d43b0f\redhat.java\jdt_ws --pipe=\\.\pipe\lsp-d23b95f629bf8c61d71f37a356d986ed-sock

Host: 11th Gen Intel(R) Core(TM) i7-11370H @ 3.30GHz, 8 cores, 7G,  Windows 11 , 64 bit Build 22621 (10.0.22621.5415)
Time: Sun Jun 29 16:33:46 2025 SE Asia Standard Time elapsed time: 60.077604 seconds (0d 0h 1m 0s)

---------------  T H R E A D  ---------------

Current thread (0x00000209e8258860):  JavaThread "C2 CompilerThread0" daemon [_thread_in_native, id=16816, stack(0x000000dc49b00000,0x000000dc49c00000) (1024K)]


Current CompileTask:
C2:60077 15893       4       org.eclipse.jdt.internal.compiler.lookup.LookupEnvironment::getTypeFromTypeSignature (770 bytes)

Stack: [0x000000dc49b00000,0x000000dc49c00000]
Native frames: (J=compiled Java code, j=interpreted, Vv=VM code, C=native code)
V  [jvm.dll+0x6ce119]
V  [jvm.dll+0x8a84a1]
V  [jvm.dll+0x8aa9ce]
V  [jvm.dll+0x8ab0b3]
V  [jvm.dll+0x27f8a6]
V  [jvm.dll+0xc507d]
V  [jvm.dll+0xc55b3]
V  [jvm.dll+0x3b68f2]
V  [jvm.dll+0x382aa5]
V  [jvm.dll+0x381f0a]
V  [jvm.dll+0x247af0]
V  [jvm.dll+0x2470cf]
V  [jvm.dll+0x1c760e]
V  [jvm.dll+0x25695a]
V  [jvm.dll+0x254efa]
V  [jvm.dll+0x3f03f6]
V  [jvm.dll+0x851f6b]
V  [jvm.dll+0x6cc7dd]
C  [ucrtbase.dll+0x29333]
C  [KERNEL32.DLL+0x1259d]
C  [ntdll.dll+0x5af78]


---------------  P R O C E S S  ---------------

Threads class SMR info:
_java_thread_list=0x00000209d6d78580, length=71, elements={
0x00000209e82d0f00, 0x00000209e8386c50, 0x00000209e8249fd0, 0x00000209e838c8d0,
0x00000209e838d880, 0x00000209e838e800, 0x00000209e82537d0, 0x00000209e8258860,
0x00000209e825b980, 0x00000209e8253140, 0x00000209e8252ab0, 0x00000209e8250350,
0x00000209e8251070, 0x00000209e82509e0, 0x00000209e8251700, 0x00000209e8251d90,
0x00000209e8252420, 0x00000209c6cac260, 0x00000209c6caaeb0, 0x00000209c6cac8f0,
0x00000209c6caa190, 0x00000209c6ca7a30, 0x00000209c6ca73a0, 0x00000209c6ca80c0,
0x00000209c6caa820, 0x00000209c6ca9470, 0x00000209c6cad610, 0x00000209c6cacf80,
0x00000209c6ca8750, 0x00000209c6cadca0, 0x00000209c6ca8de0, 0x00000209c6ca6d10,
0x00000209c6cab540, 0x00000209c6ca9b00, 0x00000209c6cabbd0, 0x00000209c7dd85f0,
0x00000209c7dd7f60, 0x00000209c7dd1660, 0x00000209c7dd6520, 0x00000209c7dd8c80,
0x00000209c7dd2a10, 0x00000209c7dd6bb0, 0x00000209c7dd7240, 0x00000209c7dd78d0,
0x00000209c7dd2380, 0x00000209c7dd3dc0, 0x00000209c6ca6680, 0x00000209c8636330,
0x00000209c8633bd0, 0x00000209c8634260, 0x00000209c86348f0, 0x00000209c86369c0,
0x00000209c95d94a0, 0x00000209c95dc290, 0x00000209c95d80f0, 0x00000209c95d9b30,
0x00000209c95d8780, 0x00000209c95d6d40, 0x00000209c95dcfb0, 0x00000209c95d6020,
0x00000209c95d7a60, 0x00000209d47cd3e0, 0x00000209d47d3650, 0x00000209d47d22a0,
0x00000209d47cee20, 0x00000209d47cc6c0, 0x00000209d47d0860, 0x00000209d47cda70,
0x00000209d47d01d0, 0x00000209d47d1c10, 0x00000209d47d0ef0
}

Java Threads: ( => current thread )
  0x00000209e82d0f00 JavaThread "main"                              [_thread_blocked, id=19660, stack(0x000000dc49100000,0x000000dc49200000) (1024K)]
  0x00000209e8386c50 JavaThread "Reference Handler"          daemon [_thread_blocked, id=2404, stack(0x000000dc49500000,0x000000dc49600000) (1024K)]
  0x00000209e8249fd0 JavaThread "Finalizer"                  daemon [_thread_blocked, id=18144, stack(0x000000dc49600000,0x000000dc49700000) (1024K)]
  0x00000209e838c8d0 JavaThread "Signal Dispatcher"          daemon [_thread_blocked, id=22724, stack(0x000000dc49700000,0x000000dc49800000) (1024K)]
  0x00000209e838d880 JavaThread "Attach Listener"            daemon [_thread_blocked, id=9392, stack(0x000000dc49800000,0x000000dc49900000) (1024K)]
  0x00000209e838e800 JavaThread "Service Thread"             daemon [_thread_blocked, id=22552, stack(0x000000dc49900000,0x000000dc49a00000) (1024K)]
  0x00000209e82537d0 JavaThread "Monitor Deflation Thread"   daemon [_thread_blocked, id=10880, stack(0x000000dc49a00000,0x000000dc49b00000) (1024K)]
=>0x00000209e8258860 JavaThread "C2 CompilerThread0"         daemon [_thread_in_native, id=16816, stack(0x000000dc49b00000,0x000000dc49c00000) (1024K)]
  0x00000209e825b980 JavaThread "C1 CompilerThread0"         daemon [_thread_blocked, id=18952, stack(0x000000dc49c00000,0x000000dc49d00000) (1024K)]
  0x00000209e8253140 JavaThread "Common-Cleaner"             daemon [_thread_blocked, id=7452, stack(0x000000dc49d00000,0x000000dc49e00000) (1024K)]
  0x00000209e8252ab0 JavaThread "Notification Thread"        daemon [_thread_blocked, id=2920, stack(0x000000dc49e00000,0x000000dc49f00000) (1024K)]
  0x00000209e8250350 JavaThread "Active Thread: Equinox Container: 7026f9c7-2ffb-46c3-971c-f269b09877f8"        [_thread_blocked, id=18528, stack(0x000000dc4a600000,0x000000dc4a700000) (1024K)]
  0x00000209e8251070 JavaThread "Refresh Thread: Equinox Container: 7026f9c7-2ffb-46c3-971c-f269b09877f8" daemon [_thread_blocked, id=23172, stack(0x000000dc4a700000,0x000000dc4a800000) (1024K)]
  0x00000209e82509e0 JavaThread "Framework Event Dispatcher: Equinox Container: 7026f9c7-2ffb-46c3-971c-f269b09877f8" daemon [_thread_blocked, id=19016, stack(0x000000dc4a900000,0x000000dc4aa00000) (1024K)]
  0x00000209e8251700 JavaThread "Start Level: Equinox Container: 7026f9c7-2ffb-46c3-971c-f269b09877f8" daemon [_thread_blocked, id=12788, stack(0x000000dc4aa00000,0x000000dc4ab00000) (1024K)]
  0x00000209e8251d90 JavaThread "Bundle File Closer"         daemon [_thread_blocked, id=9164, stack(0x000000dc4ab00000,0x000000dc4ac00000) (1024K)]
  0x00000209e8252420 JavaThread "SCR Component Actor"        daemon [_thread_blocked, id=5768, stack(0x000000dc4ac00000,0x000000dc4ad00000) (1024K)]
  0x00000209c6cac260 JavaThread "Worker-JM"                         [_thread_blocked, id=18812, stack(0x000000dc4ae00000,0x000000dc4af00000) (1024K)]
  0x00000209c6caaeb0 JavaThread "JNA Cleaner"                daemon [_thread_blocked, id=14344, stack(0x000000dc4af00000,0x000000dc4b000000) (1024K)]
  0x00000209c6cac8f0 JavaThread "Worker-0"                          [_thread_blocked, id=1836, stack(0x000000dc4b000000,0x000000dc4b100000) (1024K)]
  0x00000209c6caa190 JavaThread "Worker-1"                          [_thread_blocked, id=15876, stack(0x000000dc4b100000,0x000000dc4b200000) (1024K)]
  0x00000209c6ca7a30 JavaThread "Java indexing"              daemon [_thread_blocked, id=20988, stack(0x000000dc4b200000,0x000000dc4b300000) (1024K)]
  0x00000209c6ca73a0 JavaThread "Worker-2"                          [_thread_blocked, id=1496, stack(0x000000dc4b400000,0x000000dc4b500000) (1024K)]
  0x00000209c6ca80c0 JavaThread "Worker-3"                          [_thread_blocked, id=7912, stack(0x000000dc4b500000,0x000000dc4b600000) (1024K)]
  0x00000209c6caa820 JavaThread "Worker-4"                          [_thread_blocked, id=7112, stack(0x000000dc4b600000,0x000000dc4b700000) (1024K)]
  0x00000209c6ca9470 JavaThread "Worker-5"                          [_thread_blocked, id=5748, stack(0x000000dc4b700000,0x000000dc4b800000) (1024K)]
  0x00000209c6cad610 JavaThread "Thread-2"                   daemon [_thread_in_native, id=21840, stack(0x000000dc4b800000,0x000000dc4b900000) (1024K)]
  0x00000209c6cacf80 JavaThread "Thread-3"                   daemon [_thread_in_native, id=5512, stack(0x000000dc4b900000,0x000000dc4ba00000) (1024K)]
  0x00000209c6ca8750 JavaThread "Thread-4"                   daemon [_thread_in_native, id=16092, stack(0x000000dc4ba00000,0x000000dc4bb00000) (1024K)]
  0x00000209c6cadca0 JavaThread "Thread-5"                   daemon [_thread_in_native, id=23052, stack(0x000000dc4bb00000,0x000000dc4bc00000) (1024K)]
  0x00000209c6ca8de0 JavaThread "Thread-6"                   daemon [_thread_in_native, id=612, stack(0x000000dc4bc00000,0x000000dc4bd00000) (1024K)]
  0x00000209c6ca6d10 JavaThread "Thread-7"                   daemon [_thread_in_native, id=18296, stack(0x000000dc4bd00000,0x000000dc4be00000) (1024K)]
  0x00000209c6cab540 JavaThread "Thread-8"                   daemon [_thread_in_native, id=15828, stack(0x000000dc4be00000,0x000000dc4bf00000) (1024K)]
  0x00000209c6ca9b00 JavaThread "Thread-9"                   daemon [_thread_in_native, id=18384, stack(0x000000dc4bf00000,0x000000dc4c000000) (1024K)]
  0x00000209c6cabbd0 JavaThread "Thread-10"                  daemon [_thread_in_native, id=17112, stack(0x000000dc4c000000,0x000000dc4c100000) (1024K)]
  0x00000209c7dd85f0 JavaThread "pool-2-thread-1"                   [_thread_blocked, id=25000, stack(0x000000dc4c100000,0x000000dc4c200000) (1024K)]
  0x00000209c7dd7f60 JavaThread "WorkspaceEventsHandler"            [_thread_blocked, id=18936, stack(0x000000dc4c200000,0x000000dc4c300000) (1024K)]
  0x00000209c7dd1660 JavaThread "pool-1-thread-1"                   [_thread_blocked, id=9368, stack(0x000000dc4c300000,0x000000dc4c400000) (1024K)]
  0x00000209c7dd6520 JavaThread "LocalFile Deleter"          daemon [_thread_blocked, id=24468, stack(0x000000dc4ad00000,0x000000dc4ae00000) (1024K)]
  0x00000209c7dd8c80 JavaThread "LocalFile Deleter"          daemon [_thread_blocked, id=18760, stack(0x000000dc4c400000,0x000000dc4c500000) (1024K)]
  0x00000209c7dd2a10 JavaThread "LocalFile Deleter"          daemon [_thread_blocked, id=11940, stack(0x000000dc4c500000,0x000000dc4c600000) (1024K)]
  0x00000209c7dd6bb0 JavaThread "LocalFile Deleter"          daemon [_thread_blocked, id=6332, stack(0x000000dc4c600000,0x000000dc4c700000) (1024K)]
  0x00000209c7dd7240 JavaThread "LocalFile Deleter"          daemon [_thread_blocked, id=3500, stack(0x000000dc4c700000,0x000000dc4c800000) (1024K)]
  0x00000209c7dd78d0 JavaThread "LocalFile Deleter"          daemon [_thread_blocked, id=14208, stack(0x000000dc4c800000,0x000000dc4c900000) (1024K)]
  0x00000209c7dd2380 JavaThread "LocalFile Deleter"          daemon [_thread_blocked, id=15092, stack(0x000000dc4c900000,0x000000dc4ca00000) (1024K)]
  0x00000209c7dd3dc0 JavaThread "LocalFile Deleter"          daemon [_thread_blocked, id=18908, stack(0x000000dc4ca00000,0x000000dc4cb00000) (1024K)]
  0x00000209c6ca6680 JavaThread "Compiler Source File Reader" daemon [_thread_blocked, id=8560, stack(0x000000dc4cb00000,0x000000dc4cc00000) (1024K)]
  0x00000209c8636330 JavaThread "Compiler Source File Reader" daemon [_thread_blocked, id=20752, stack(0x000000dc4cc00000,0x000000dc4cd00000) (1024K)]
  0x00000209c8633bd0 JavaThread "Compiler Source File Reader" daemon [_thread_blocked, id=3620, stack(0x000000dc4cd00000,0x000000dc4ce00000) (1024K)]
  0x00000209c8634260 JavaThread "Compiler Source File Reader" daemon [_thread_blocked, id=3444, stack(0x000000dc4ce00000,0x000000dc4cf00000) (1024K)]
  0x00000209c86348f0 JavaThread "Compiler Source File Reader" daemon [_thread_blocked, id=24940, stack(0x000000dc4cf00000,0x000000dc4d000000) (1024K)]
  0x00000209c86369c0 JavaThread "Compiler Source File Reader" daemon [_thread_blocked, id=13272, stack(0x000000dc4d000000,0x000000dc4d100000) (1024K)]
  0x00000209c95d94a0 JavaThread "Compiler Processing Task"   daemon [_thread_blocked, id=3576, stack(0x000000dc49f00000,0x000000dc4a000000) (1024K)]
  0x00000209c95dc290 JavaThread "Compiler Class File Writer" daemon [_thread_blocked, id=8784, stack(0x000000dc4b300000,0x000000dc4b400000) (1024K)]
  0x00000209c95d80f0 JavaThread "Compiler Class File Writer" daemon [_thread_blocked, id=7740, stack(0x000000dc4d100000,0x000000dc4d200000) (1024K)]
  0x00000209c95d9b30 JavaThread "Compiler Class File Writer" daemon [_thread_blocked, id=24128, stack(0x000000dc4d200000,0x000000dc4d300000) (1024K)]
  0x00000209c95d8780 JavaThread "Compiler Class File Writer" daemon [_thread_blocked, id=8352, stack(0x000000dc4d300000,0x000000dc4d400000) (1024K)]
  0x00000209c95d6d40 JavaThread "Compiler Class File Writer" daemon [_thread_blocked, id=21636, stack(0x000000dc4d400000,0x000000dc4d500000) (1024K)]
  0x00000209c95dcfb0 JavaThread "Compiler Class File Writer" daemon [_thread_blocked, id=24488, stack(0x000000dc4d500000,0x000000dc4d600000) (1024K)]
  0x00000209c95d6020 JavaThread "Timer-0"                           [_thread_blocked, id=21140, stack(0x000000dc4d700000,0x000000dc4d800000) (1024K)]
  0x00000209c95d7a60 JavaThread "Exec process"                      [_thread_blocked, id=21076, stack(0x000000dc4d900000,0x000000dc4da00000) (1024K)]
  0x00000209d47cd3e0 JavaThread "Exec process Thread 2"             [_thread_blocked, id=13224, stack(0x000000dc4da00000,0x000000dc4db00000) (1024K)]
  0x00000209d47d3650 JavaThread "Exec process Thread 3"             [_thread_blocked, id=19052, stack(0x000000dc4db00000,0x000000dc4dc00000) (1024K)]
  0x00000209d47d22a0 JavaThread "ForkJoinPool.commonPool-worker-1" daemon [_thread_blocked, id=23976, stack(0x000000dc4d800000,0x000000dc4d900000) (1024K)]
  0x00000209d47cee20 JavaThread "ForkJoinPool.commonPool-worker-2" daemon [_thread_blocked, id=3896, stack(0x000000dc4dc00000,0x000000dc4dd00000) (1024K)]
  0x00000209d47cc6c0 JavaThread "ForkJoinPool.commonPool-worker-3" daemon [_thread_blocked, id=16780, stack(0x000000dc48f00000,0x000000dc49000000) (1024K)]
  0x00000209d47d0860 JavaThread "ForkJoinPool.commonPool-worker-4" daemon [_thread_blocked, id=15116, stack(0x000000dc4dd00000,0x000000dc4de00000) (1024K)]
  0x00000209d47cda70 JavaThread "ForkJoinPool.commonPool-worker-5" daemon [_thread_blocked, id=15924, stack(0x000000dc4df00000,0x000000dc4e000000) (1024K)]
  0x00000209d47d01d0 JavaThread "ForkJoinPool.commonPool-worker-6" daemon [_thread_blocked, id=8316, stack(0x000000dc4e100000,0x000000dc4e200000) (1024K)]
  0x00000209d47d1c10 JavaThread "ForkJoinPool.commonPool-worker-7" daemon [_thread_blocked, id=10764, stack(0x000000dc4e200000,0x000000dc4e300000) (1024K)]
  0x00000209d47d0ef0 JavaThread "Cleaner-0"                  daemon [_thread_blocked, id=19004, stack(0x000000dc4e300000,0x000000dc4e400000) (1024K)]
Total: 71

Other Threads:
  0x00000209e82434c0 VMThread "VM Thread"                           [id=21532, stack(0x000000dc49400000,0x000000dc49500000) (1024K)]
  0x00000209e815c7e0 WatcherThread "VM Periodic Task Thread"        [id=17960, stack(0x000000dc49300000,0x000000dc49400000) (1024K)]
  0x00000209e82ef310 WorkerThread "GC Thread#0"                     [id=25244, stack(0x000000dc49200000,0x000000dc49300000) (1024K)]
  0x00000209c1900210 WorkerThread "GC Thread#1"                     [id=15200, stack(0x000000dc4a000000,0x000000dc4a100000) (1024K)]
  0x00000209c19005b0 WorkerThread "GC Thread#2"                     [id=7264, stack(0x000000dc4a100000,0x000000dc4a200000) (1024K)]
  0x00000209c1900950 WorkerThread "GC Thread#3"                     [id=17952, stack(0x000000dc4a200000,0x000000dc4a300000) (1024K)]
  0x00000209c1900cf0 WorkerThread "GC Thread#4"                     [id=16980, stack(0x000000dc4a300000,0x000000dc4a400000) (1024K)]
  0x00000209c1901090 WorkerThread "GC Thread#5"                     [id=23152, stack(0x000000dc4a400000,0x000000dc4a500000) (1024K)]
  0x00000209c603fe00 WorkerThread "GC Thread#6"                     [id=20800, stack(0x000000dc4a500000,0x000000dc4a600000) (1024K)]
  0x00000209c65fd6c0 WorkerThread "GC Thread#7"                     [id=22092, stack(0x000000dc4a800000,0x000000dc4a900000) (1024K)]
Total: 10

Threads with active compile tasks:
C2 CompilerThread0  60104 15893       4       org.eclipse.jdt.internal.compiler.lookup.LookupEnvironment::getTypeFromTypeSignature (770 bytes)
Total: 1

VM state: not at safepoint (normal execution)

VM Mutex/Monitor currently owned by a thread: None

Heap address: 0x0000000080000000, size: 2048 MB, Compressed Oops mode: 32-bit

CDS archive(s) mapped at: [0x0000020980000000-0x0000020980ba0000-0x0000020980ba0000), size 12189696, SharedBaseAddress: 0x0000020980000000, ArchiveRelocationMode: 1.
Compressed class space mapped at: 0x0000020981000000-0x00000209c1000000, reserved size: 1073741824
Narrow klass base: 0x0000020980000000, Narrow klass shift: 0, Narrow klass range: 0x100000000

GC Precious Log:
 CardTable entry size: 512
 CPUs: 8 total, 8 available
 Memory: 7883M
 Large Page Support: Disabled
 NUMA Support: Disabled
 Compressed Oops: Enabled (32-bit)
 Alignments: Space 512K, Generation 512K, Heap 2M
 Heap Min Capacity: 100M
 Heap Initial Capacity: 100M
 Heap Max Capacity: 2G
 Pre-touch: Disabled
 Parallel Workers: 8

Heap:
 PSYoungGen      total 4608K, used 2891K [0x00000000d5580000, 0x00000000d5b00000, 0x0000000100000000)
  eden space 4096K, 65% used [0x00000000d5580000,0x00000000d581ace8,0x00000000d5980000)
  from space 512K, 43% used [0x00000000d5a80000,0x00000000d5ab8000,0x00000000d5b00000)
  to   space 512K, 0% used [0x00000000d5a00000,0x00000000d5a00000,0x00000000d5a80000)
 ParOldGen       total 950784K, used 950472K [0x0000000080000000, 0x00000000ba080000, 0x00000000d5580000)
  object space 950784K, 99% used [0x0000000080000000,0x00000000ba032140,0x00000000ba080000)
 Metaspace       used 83047K, committed 84736K, reserved 1179648K
  class space    used 8814K, committed 9600K, reserved 1048576K

Card table byte_map: [0x00000209e7c70000,0x00000209e8080000] _byte_map_base: 0x00000209e7870000

Marking Bits: (ParMarkBitMap*) 0x00007ff88c6831f0
 Begin Bits: [0x00000209fa770000, 0x00000209fc770000)
 End Bits:   [0x00000209fc770000, 0x00000209fe770000)

Polling page: 0x00000209e6100000

Metaspace:

Usage:
  Non-class:     72.49 MB used.
      Class:      8.61 MB used.
       Both:     81.10 MB used.

Virtual space:
  Non-class space:      128.00 MB reserved,      73.38 MB ( 57%) committed,  2 nodes.
      Class space:        1.00 GB reserved,       9.38 MB ( <1%) committed,  1 nodes.
             Both:        1.12 GB reserved,      82.75 MB (  7%) committed. 

Chunk freelists:
   Non-Class:  6.14 MB
       Class:  6.45 MB
        Both:  12.59 MB

MaxMetaspaceSize: unlimited
CompressedClassSpaceSize: 1.00 GB
Initial GC threshold: 21.00 MB
Current GC threshold: 97.31 MB
CDS: on
 - commit_granule_bytes: 65536.
 - commit_granule_words: 8192.
 - virtual_space_node_default_size: 8388608.
 - enlarge_chunks_in_place: 1.
 - use_allocation_guard: 0.


Internal statistics:

num_allocs_failed_limit: 9.
num_arena_births: 1502.
num_arena_deaths: 18.
num_vsnodes_births: 3.
num_vsnodes_deaths: 0.
num_space_committed: 1324.
num_space_uncommitted: 0.
num_chunks_returned_to_freelist: 28.
num_chunks_taken_from_freelist: 5318.
num_chunk_merges: 15.
num_chunk_splits: 3384.
num_chunks_enlarged: 2122.
num_inconsistent_stats: 0.

CodeHeap 'non-profiled nmethods': size=120000Kb used=17291Kb max_used=17291Kb free=102708Kb
 bounds [0x00000209f2f90000, 0x00000209f4080000, 0x00000209fa4c0000]
CodeHeap 'profiled nmethods': size=120000Kb used=39027Kb max_used=39027Kb free=80972Kb
 bounds [0x00000209eb4c0000, 0x00000209edae0000, 0x00000209f29f0000]
CodeHeap 'non-nmethods': size=5760Kb used=1496Kb max_used=1574Kb free=4263Kb
 bounds [0x00000209f29f0000, 0x00000209f2c60000, 0x00000209f2f90000]
 total_blobs=15938 nmethods=15130 adapters=711
 compilation: enabled
              stopped_count=0, restarted_count=0
 full_count=0

Compilation events (20 events):
Event: 60.009 Thread 0x00000209e825b980 15933       3       org.eclipse.jdt.internal.core.SourceType::equals (27 bytes)
Event: 60.010 Thread 0x00000209e825b980 nmethod 15933 0x00000209edad4910 code [0x00000209edad4ae0, 0x00000209edad4f60]
Event: 60.011 Thread 0x00000209e825b980 15935       1       org.eclipse.lsp4j.CodeActionLiteralSupportCapabilities::getCodeActionKind (5 bytes)
Event: 60.011 Thread 0x00000209e825b980 nmethod 15935 0x00000209f4072910 code [0x00000209f4072aa0, 0x00000209f4072b68]
Event: 60.012 Thread 0x00000209e825b980 15936   !   3       org.eclipse.jdt.internal.core.JavaProject::getOptions (362 bytes)
Event: 60.015 Thread 0x00000209e825b980 nmethod 15936 0x00000209edad5090 code [0x00000209edad5580, 0x00000209edad7d18]
Event: 60.015 Thread 0x00000209e825b980 15941   !   3       org.eclipse.jdt.core.dom.QualifiedName::getQualifier (60 bytes)
Event: 60.016 Thread 0x00000209e825b980 nmethod 15941 0x00000209edad8f90 code [0x00000209edad9200, 0x00000209edad9cd8]
Event: 60.016 Thread 0x00000209e825b980 15938       3       org.eclipse.jdt.internal.compiler.lookup.CompilationUnitScope::getImport (77 bytes)
Event: 60.017 Thread 0x00000209e825b980 nmethod 15938 0x00000209edada390 code [0x00000209edada5c0, 0x00000209edadaab0]
Event: 60.017 Thread 0x00000209e825b980 15940  s    3       org.eclipse.jdt.core.dom.DefaultBindingResolver::getPackageBinding (82 bytes)
Event: 60.017 Thread 0x00000209e825b980 nmethod 15940 0x00000209edadac90 code [0x00000209edadaec0, 0x00000209edadb8e8]
Event: 60.017 Thread 0x00000209e825b980 15937       3       org.eclipse.jdt.internal.core.JavaModelManager::knowsOption (34 bytes)
Event: 60.017 Thread 0x00000209e825b980 nmethod 15937 0x00000209edadbb90 code [0x00000209edadbd60, 0x00000209edadc188]
Event: 60.018 Thread 0x00000209e825b980 15942       3       java.util.AbstractList$RandomAccessSpliterator::getFence (46 bytes)
Event: 60.018 Thread 0x00000209e825b980 nmethod 15942 0x00000209edadc310 code [0x00000209edadc4c0, 0x00000209edadc718]
Event: 60.018 Thread 0x00000209e825b980 15943       1       org.eclipse.jdt.core.dom.ASTVisitor::visit (2 bytes)
Event: 60.018 Thread 0x00000209e825b980 nmethod 15943 0x00000209f4072c10 code [0x00000209f4072da0, 0x00000209f4072e68]
Event: 60.019 Thread 0x00000209e825b980 15944       3       com.google.gson.stream.JsonWriter::alwaysCreatesValidJsonNumber (54 bytes)
Event: 60.019 Thread 0x00000209e825b980 nmethod 15944 0x00000209edadc810 code [0x00000209edadc9c0, 0x00000209edadcc98]

GC Heap History (20 events):
Event: 57.999 GC heap before
{Heap before GC invocations=942 (full 3):
 PSYoungGen      total 4608K, used 4344K [0x00000000d5580000, 0x00000000d5b00000, 0x0000000100000000)
  eden space 4096K, 99% used [0x00000000d5580000,0x00000000d597e1d8,0x00000000d5980000)
  from space 512K, 50% used [0x00000000d5a80000,0x00000000d5ac0020,0x00000000d5b00000)
  to   space 512K, 0% used [0x00000000d5a00000,0x00000000d5a00000,0x00000000d5a80000)
 ParOldGen       total 948736K, used 948461K [0x0000000080000000, 0x00000000b9e80000, 0x00000000d5580000)
  object space 948736K, 99% used [0x0000000080000000,0x00000000b9e3b7a8,0x00000000b9e80000)
 Metaspace       used 79999K, committed 81728K, reserved 1179648K
  class space    used 8420K, committed 9216K, reserved 1048576K
}
Event: 58.002 GC heap after
{Heap after GC invocations=942 (full 3):
 PSYoungGen      total 4608K, used 224K [0x00000000d5580000, 0x00000000d5b00000, 0x0000000100000000)
  eden space 4096K, 0% used [0x00000000d5580000,0x00000000d5580000,0x00000000d5980000)
  from space 512K, 43% used [0x00000000d5a00000,0x00000000d5a38000,0x00000000d5a80000)
  to   space 512K, 0% used [0x00000000d5a80000,0x00000000d5a80000,0x00000000d5b00000)
 ParOldGen       total 948736K, used 948485K [0x0000000080000000, 0x00000000b9e80000, 0x00000000d5580000)
  object space 948736K, 99% used [0x0000000080000000,0x00000000b9e417a8,0x00000000b9e80000)
 Metaspace       used 79999K, committed 81728K, reserved 1179648K
  class space    used 8420K, committed 9216K, reserved 1048576K
}
Event: 58.072 GC heap before
{Heap before GC invocations=943 (full 3):
 PSYoungGen      total 4608K, used 4320K [0x00000000d5580000, 0x00000000d5b00000, 0x0000000100000000)
  eden space 4096K, 100% used [0x00000000d5580000,0x00000000d5980000,0x00000000d5980000)
  from space 512K, 43% used [0x00000000d5a00000,0x00000000d5a38000,0x00000000d5a80000)
  to   space 512K, 0% used [0x00000000d5a80000,0x00000000d5a80000,0x00000000d5b00000)
 ParOldGen       total 948736K, used 948485K [0x0000000080000000, 0x00000000b9e80000, 0x00000000d5580000)
  object space 948736K, 99% used [0x0000000080000000,0x00000000b9e417a8,0x00000000b9e80000)
 Metaspace       used 80179K, committed 81856K, reserved 1179648K
  class space    used 8462K, committed 9216K, reserved 1048576K
}
Event: 58.074 GC heap after
{Heap after GC invocations=943 (full 3):
 PSYoungGen      total 4608K, used 489K [0x00000000d5580000, 0x00000000d5b80000, 0x0000000100000000)
  eden space 4096K, 0% used [0x00000000d5580000,0x00000000d5580000,0x00000000d5980000)
  from space 512K, 95% used [0x00000000d5a80000,0x00000000d5afa400,0x00000000d5b00000)
  to   space 1024K, 0% used [0x00000000d5980000,0x00000000d5980000,0x00000000d5a80000)
 ParOldGen       total 948736K, used 948541K [0x0000000080000000, 0x00000000b9e80000, 0x00000000d5580000)
  object space 948736K, 99% used [0x0000000080000000,0x00000000b9e4f7a8,0x00000000b9e80000)
 Metaspace       used 80179K, committed 81856K, reserved 1179648K
  class space    used 8462K, committed 9216K, reserved 1048576K
}
Event: 58.138 GC heap before
{Heap before GC invocations=944 (full 3):
 PSYoungGen      total 4608K, used 4584K [0x00000000d5580000, 0x00000000d5b80000, 0x0000000100000000)
  eden space 4096K, 99% used [0x00000000d5580000,0x00000000d597fff8,0x00000000d5980000)
  from space 512K, 95% used [0x00000000d5a80000,0x00000000d5afa400,0x00000000d5b00000)
  to   space 1024K, 0% used [0x00000000d5980000,0x00000000d5980000,0x00000000d5a80000)
 ParOldGen       total 948736K, used 948541K [0x0000000080000000, 0x00000000b9e80000, 0x00000000d5580000)
  object space 948736K, 99% used [0x0000000080000000,0x00000000b9e4f7a8,0x00000000b9e80000)
 Metaspace       used 80610K, committed 82304K, reserved 1179648K
  class space    used 8494K, committed 9280K, reserved 1048576K
}
Event: 58.141 GC heap after
{Heap after GC invocations=944 (full 3):
 PSYoungGen      total 5120K, used 361K [0x00000000d5580000, 0x00000000d5b00000, 0x0000000100000000)
  eden space 4096K, 0% used [0x00000000d5580000,0x00000000d5580000,0x00000000d5980000)
  from space 1024K, 35% used [0x00000000d5980000,0x00000000d59da400,0x00000000d5a80000)
  to   space 512K, 0% used [0x00000000d5a80000,0x00000000d5a80000,0x00000000d5b00000)
 ParOldGen       total 948736K, used 948710K [0x0000000080000000, 0x00000000b9e80000, 0x00000000d5580000)
  object space 948736K, 99% used [0x0000000080000000,0x00000000b9e79ba8,0x00000000b9e80000)
 Metaspace       used 80610K, committed 82304K, reserved 1179648K
  class space    used 8494K, committed 9280K, reserved 1048576K
}
Event: 58.166 GC heap before
{Heap before GC invocations=945 (full 3):
 PSYoungGen      total 5120K, used 4457K [0x00000000d5580000, 0x00000000d5b00000, 0x0000000100000000)
  eden space 4096K, 100% used [0x00000000d5580000,0x00000000d5980000,0x00000000d5980000)
  from space 1024K, 35% used [0x00000000d5980000,0x00000000d59da400,0x00000000d5a80000)
  to   space 512K, 0% used [0x00000000d5a80000,0x00000000d5a80000,0x00000000d5b00000)
 ParOldGen       total 948736K, used 948710K [0x0000000080000000, 0x00000000b9e80000, 0x00000000d5580000)
  object space 948736K, 99% used [0x0000000080000000,0x00000000b9e79ba8,0x00000000b9e80000)
 Metaspace       used 80778K, committed 82432K, reserved 1179648K
  class space    used 8504K, committed 9280K, reserved 1048576K
}
Event: 58.169 GC heap after
{Heap after GC invocations=945 (full 3):
 PSYoungGen      total 4608K, used 493K [0x00000000d5580000, 0x00000000d5b80000, 0x0000000100000000)
  eden space 4096K, 0% used [0x00000000d5580000,0x00000000d5580000,0x00000000d5980000)
  from space 512K, 96% used [0x00000000d5a80000,0x00000000d5afb4a0,0x00000000d5b00000)
  to   space 1024K, 0% used [0x00000000d5980000,0x00000000d5980000,0x00000000d5a80000)
 ParOldGen       total 949248K, used 948782K [0x0000000080000000, 0x00000000b9f00000, 0x00000000d5580000)
  object space 949248K, 99% used [0x0000000080000000,0x00000000b9e8bba8,0x00000000b9f00000)
 Metaspace       used 80778K, committed 82432K, reserved 1179648K
  class space    used 8504K, committed 9280K, reserved 1048576K
}
Event: 58.203 GC heap before
{Heap before GC invocations=946 (full 3):
 PSYoungGen      total 4608K, used 4544K [0x00000000d5580000, 0x00000000d5b80000, 0x0000000100000000)
  eden space 4096K, 98% used [0x00000000d5580000,0x00000000d5974cc0,0x00000000d5980000)
  from space 512K, 96% used [0x00000000d5a80000,0x00000000d5afb4a0,0x00000000d5b00000)
  to   space 1024K, 0% used [0x00000000d5980000,0x00000000d5980000,0x00000000d5a80000)
 ParOldGen       total 949248K, used 948782K [0x0000000080000000, 0x00000000b9f00000, 0x00000000d5580000)
  object space 949248K, 99% used [0x0000000080000000,0x00000000b9e8bba8,0x00000000b9f00000)
 Metaspace       used 80954K, committed 82624K, reserved 1179648K
  class space    used 8520K, committed 9280K, reserved 1048576K
}
Event: 58.206 GC heap after
{Heap after GC invocations=946 (full 3):
 PSYoungGen      total 5120K, used 480K [0x00000000d5580000, 0x00000000d5b00000, 0x0000000100000000)
  eden space 4096K, 0% used [0x00000000d5580000,0x00000000d5580000,0x00000000d5980000)
  from space 1024K, 46% used [0x00000000d5980000,0x00000000d59f8000,0x00000000d5a80000)
  to   space 512K, 0% used [0x00000000d5a80000,0x00000000d5a80000,0x00000000d5b00000)
 ParOldGen       total 949248K, used 948983K [0x0000000080000000, 0x00000000b9f00000, 0x00000000d5580000)
  object space 949248K, 99% used [0x0000000080000000,0x00000000b9ebdfa8,0x00000000b9f00000)
 Metaspace       used 80954K, committed 82624K, reserved 1179648K
  class space    used 8520K, committed 9280K, reserved 1048576K
}
Event: 58.311 GC heap before
{Heap before GC invocations=947 (full 3):
 PSYoungGen      total 5120K, used 4576K [0x00000000d5580000, 0x00000000d5b00000, 0x0000000100000000)
  eden space 4096K, 100% used [0x00000000d5580000,0x00000000d5980000,0x00000000d5980000)
  from space 1024K, 46% used [0x00000000d5980000,0x00000000d59f8000,0x00000000d5a80000)
  to   space 512K, 0% used [0x00000000d5a80000,0x00000000d5a80000,0x00000000d5b00000)
 ParOldGen       total 949248K, used 948983K [0x0000000080000000, 0x00000000b9f00000, 0x00000000d5580000)
  object space 949248K, 99% used [0x0000000080000000,0x00000000b9ebdfa8,0x00000000b9f00000)
 Metaspace       used 81532K, committed 83200K, reserved 1179648K
  class space    used 8582K, committed 9344K, reserved 1048576K
}
Event: 58.314 GC heap after
{Heap after GC invocations=947 (full 3):
 PSYoungGen      total 4608K, used 352K [0x00000000d5580000, 0x00000000d5b00000, 0x0000000100000000)
  eden space 4096K, 0% used [0x00000000d5580000,0x00000000d5580000,0x00000000d5980000)
  from space 512K, 68% used [0x00000000d5a80000,0x00000000d5ad8000,0x00000000d5b00000)
  to   space 512K, 0% used [0x00000000d5a00000,0x00000000d5a00000,0x00000000d5a80000)
 ParOldGen       total 949760K, used 949375K [0x0000000080000000, 0x00000000b9f80000, 0x00000000d5580000)
  object space 949760K, 99% used [0x0000000080000000,0x00000000b9f1ffa8,0x00000000b9f80000)
 Metaspace       used 81532K, committed 83200K, reserved 1179648K
  class space    used 8582K, committed 9344K, reserved 1048576K
}
Event: 58.359 GC heap before
{Heap before GC invocations=948 (full 3):
 PSYoungGen      total 4608K, used 4448K [0x00000000d5580000, 0x00000000d5b00000, 0x0000000100000000)
  eden space 4096K, 100% used [0x00000000d5580000,0x00000000d5980000,0x00000000d5980000)
  from space 512K, 68% used [0x00000000d5a80000,0x00000000d5ad8000,0x00000000d5b00000)
  to   space 512K, 0% used [0x00000000d5a00000,0x00000000d5a00000,0x00000000d5a80000)
 ParOldGen       total 949760K, used 949375K [0x0000000080000000, 0x00000000b9f80000, 0x00000000d5580000)
  object space 949760K, 99% used [0x0000000080000000,0x00000000b9f1ffa8,0x00000000b9f80000)
 Metaspace       used 82027K, committed 83648K, reserved 1179648K
  class space    used 8660K, committed 9408K, reserved 1048576K
}
Event: 58.361 GC heap after
{Heap after GC invocations=948 (full 3):
 PSYoungGen      total 4608K, used 479K [0x00000000d5580000, 0x00000000d5b00000, 0x0000000100000000)
  eden space 4096K, 0% used [0x00000000d5580000,0x00000000d5580000,0x00000000d5980000)
  from space 512K, 93% used [0x00000000d5a00000,0x00000000d5a77c58,0x00000000d5a80000)
  to   space 512K, 0% used [0x00000000d5a80000,0x00000000d5a80000,0x00000000d5b00000)
 ParOldGen       total 949760K, used 949558K [0x0000000080000000, 0x00000000b9f80000, 0x00000000d5580000)
  object space 949760K, 99% used [0x0000000080000000,0x00000000b9f4dbc8,0x00000000b9f80000)
 Metaspace       used 82027K, committed 83648K, reserved 1179648K
  class space    used 8660K, committed 9408K, reserved 1048576K
}
Event: 58.390 GC heap before
{Heap before GC invocations=949 (full 3):
 PSYoungGen      total 4608K, used 4575K [0x00000000d5580000, 0x00000000d5b00000, 0x0000000100000000)
  eden space 4096K, 100% used [0x00000000d5580000,0x00000000d5980000,0x00000000d5980000)
  from space 512K, 93% used [0x00000000d5a00000,0x00000000d5a77c58,0x00000000d5a80000)
  to   space 512K, 0% used [0x00000000d5a80000,0x00000000d5a80000,0x00000000d5b00000)
 ParOldGen       total 949760K, used 949558K [0x0000000080000000, 0x00000000b9f80000, 0x00000000d5580000)
  object space 949760K, 99% used [0x0000000080000000,0x00000000b9f4dbc8,0x00000000b9f80000)
 Metaspace       used 82190K, committed 83904K, reserved 1179648K
  class space    used 8679K, committed 9472K, reserved 1048576K
}
Event: 58.392 GC heap after
{Heap after GC invocations=949 (full 3):
 PSYoungGen      total 4608K, used 500K [0x00000000d5580000, 0x00000000d5b80000, 0x0000000100000000)
  eden space 4096K, 0% used [0x00000000d5580000,0x00000000d5580000,0x00000000d5980000)
  from space 512K, 97% used [0x00000000d5a80000,0x00000000d5afd200,0x00000000d5b00000)
  to   space 1024K, 0% used [0x00000000d5980000,0x00000000d5980000,0x00000000d5a80000)
 ParOldGen       total 950272K, used 949915K [0x0000000080000000, 0x00000000ba000000, 0x00000000d5580000)
  object space 950272K, 99% used [0x0000000080000000,0x00000000b9fa6f30,0x00000000ba000000)
 Metaspace       used 82190K, committed 83904K, reserved 1179648K
  class space    used 8679K, committed 9472K, reserved 1048576K
}
Event: 59.688 GC heap before
{Heap before GC invocations=950 (full 3):
 PSYoungGen      total 4608K, used 4596K [0x00000000d5580000, 0x00000000d5b80000, 0x0000000100000000)
  eden space 4096K, 100% used [0x00000000d5580000,0x00000000d5980000,0x00000000d5980000)
  from space 512K, 97% used [0x00000000d5a80000,0x00000000d5afd200,0x00000000d5b00000)
  to   space 1024K, 0% used [0x00000000d5980000,0x00000000d5980000,0x00000000d5a80000)
 ParOldGen       total 950272K, used 949915K [0x0000000080000000, 0x00000000ba000000, 0x00000000d5580000)
  object space 950272K, 99% used [0x0000000080000000,0x00000000b9fa6f30,0x00000000ba000000)
 Metaspace       used 82200K, committed 83904K, reserved 1179648K
  class space    used 8679K, committed 9472K, reserved 1048576K
}
Event: 59.691 GC heap after
{Heap after GC invocations=950 (full 3):
 PSYoungGen      total 5120K, used 263K [0x00000000d5580000, 0x00000000d5b00000, 0x0000000100000000)
  eden space 4096K, 0% used [0x00000000d5580000,0x00000000d5580000,0x00000000d5980000)
  from space 1024K, 25% used [0x00000000d5980000,0x00000000d59c1ef0,0x00000000d5a80000)
  to   space 512K, 0% used [0x00000000d5a80000,0x00000000d5a80000,0x00000000d5b00000)
 ParOldGen       total 950784K, used 950376K [0x0000000080000000, 0x00000000ba080000, 0x00000000d5580000)
  object space 950784K, 99% used [0x0000000080000000,0x00000000ba01a140,0x00000000ba080000)
 Metaspace       used 82200K, committed 83904K, reserved 1179648K
  class space    used 8679K, committed 9472K, reserved 1048576K
}
Event: 59.863 GC heap before
{Heap before GC invocations=951 (full 3):
 PSYoungGen      total 5120K, used 4353K [0x00000000d5580000, 0x00000000d5b00000, 0x0000000100000000)
  eden space 4096K, 99% used [0x00000000d5580000,0x00000000d597e6e8,0x00000000d5980000)
  from space 1024K, 25% used [0x00000000d5980000,0x00000000d59c1ef0,0x00000000d5a80000)
  to   space 512K, 0% used [0x00000000d5a80000,0x00000000d5a80000,0x00000000d5b00000)
 ParOldGen       total 950784K, used 950376K [0x0000000080000000, 0x00000000ba080000, 0x00000000d5580000)
  object space 950784K, 99% used [0x0000000080000000,0x00000000ba01a140,0x00000000ba080000)
 Metaspace       used 82807K, committed 84480K, reserved 1179648K
  class space    used 8773K, committed 9536K, reserved 1048576K
}
Event: 59.867 GC heap after
{Heap after GC invocations=951 (full 3):
 PSYoungGen      total 4608K, used 224K [0x00000000d5580000, 0x00000000d5b00000, 0x0000000100000000)
  eden space 4096K, 0% used [0x00000000d5580000,0x00000000d5580000,0x00000000d5980000)
  from space 512K, 43% used [0x00000000d5a80000,0x00000000d5ab8000,0x00000000d5b00000)
  to   space 512K, 0% used [0x00000000d5a00000,0x00000000d5a00000,0x00000000d5a80000)
 ParOldGen       total 950784K, used 950472K [0x0000000080000000, 0x00000000ba080000, 0x00000000d5580000)
  object space 950784K, 99% used [0x0000000080000000,0x00000000ba032140,0x00000000ba080000)
 Metaspace       used 82807K, committed 84480K, reserved 1179648K
  class space    used 8773K, committed 9536K, reserved 1048576K
}

Dll operation events (13 events):
Event: 0.010 Loaded shared library c:\Users\ASUS\.vscode\extensions\redhat.java-1.43.0-win32-x64\jre\21.0.7-win32-x86_64\bin\java.dll
Event: 0.043 Loaded shared library c:\Users\ASUS\.vscode\extensions\redhat.java-1.43.0-win32-x64\jre\21.0.7-win32-x86_64\bin\zip.dll
Event: 0.160 Loaded shared library C:\Users\ASUS\.vscode\extensions\redhat.java-1.43.0-win32-x64\jre\21.0.7-win32-x86_64\bin\instrument.dll
Event: 0.167 Loaded shared library C:\Users\ASUS\.vscode\extensions\redhat.java-1.43.0-win32-x64\jre\21.0.7-win32-x86_64\bin\net.dll
Event: 0.169 Loaded shared library C:\Users\ASUS\.vscode\extensions\redhat.java-1.43.0-win32-x64\jre\21.0.7-win32-x86_64\bin\nio.dll
Event: 0.175 Loaded shared library C:\Users\ASUS\.vscode\extensions\redhat.java-1.43.0-win32-x64\jre\21.0.7-win32-x86_64\bin\zip.dll
Event: 0.224 Loaded shared library C:\Users\ASUS\.vscode\extensions\redhat.java-1.43.0-win32-x64\jre\21.0.7-win32-x86_64\bin\jimage.dll
Event: 0.481 Loaded shared library c:\Users\ASUS\.vscode\extensions\redhat.java-1.43.0-win32-x64\jre\21.0.7-win32-x86_64\bin\verify.dll
Event: 2.729 Loaded shared library C:\Users\ASUS\AppData\Roaming\Code\User\globalStorage\redhat.java\1.43.0\config_win\org.eclipse.equinox.launcher\org.eclipse.equinox.launcher.win32.win32.x86_64_1.2.1300.v20250331-1702\eclipse_11911.dll
Event: 4.612 Loaded shared library C:\Users\ASUS\AppData\Local\Temp\jna-2018896\jna17531246610060100227.dll
Event: 26.724 Loaded shared library C:\Users\ASUS\.gradle\native\c067742578af261105cb4f569cf0c3c89f3d7b1fecec35dd04571415982c5e48\windows-amd64\native-platform.dll
Event: 27.744 Loaded shared library C:\Users\ASUS\.vscode\extensions\redhat.java-1.43.0-win32-x64\jre\21.0.7-win32-x86_64\bin\management.dll
Event: 27.750 Loaded shared library C:\Users\ASUS\.vscode\extensions\redhat.java-1.43.0-win32-x64\jre\21.0.7-win32-x86_64\bin\management_ext.dll

Deoptimization events (20 events):
Event: 58.387 Thread 0x00000209d47cee20 DEOPT PACKING pc=0x00000209f401f434 sp=0x000000dc4dcfe460
Event: 58.387 Thread 0x00000209d47cee20 DEOPT UNPACKING pc=0x00000209f2a46da2 sp=0x000000dc4dcfe3d8 mode 2
Event: 58.387 Thread 0x00000209d47cee20 Uncommon trap: trap_request=0xffffffd6 fr.pc=0x00000209f401f434 relative=0x0000000000000214
Event: 58.387 Thread 0x00000209d47cee20 Uncommon trap: reason=array_check action=maybe_recompile pc=0x00000209f401f434 method=java.util.HashMap.keysToArray([Ljava/lang/Object;)[Ljava/lang/Object; @ 62 c2
Event: 58.387 Thread 0x00000209d47cee20 DEOPT PACKING pc=0x00000209f401f434 sp=0x000000dc4dcfe460
Event: 58.387 Thread 0x00000209d47cee20 DEOPT UNPACKING pc=0x00000209f2a46da2 sp=0x000000dc4dcfe3d8 mode 2
Event: 58.397 Thread 0x00000209d47cee20 Uncommon trap: trap_request=0xffffffc6 fr.pc=0x00000209f3c46c18 relative=0x0000000000000f58
Event: 58.397 Thread 0x00000209d47cee20 Uncommon trap: reason=bimorphic_or_optimized_type_check action=maybe_recompile pc=0x00000209f3c46c18 method=org.eclipse.jdt.internal.core.NameLookup.getModuleDescription(Lorg/eclipse/jdt/internal/core/JavaProject;Lorg/eclipse/jdt/core/IPackageFragmentRoot
Event: 58.397 Thread 0x00000209d47cee20 DEOPT PACKING pc=0x00000209f3c46c18 sp=0x000000dc4dcfdef0
Event: 58.397 Thread 0x00000209d47cee20 DEOPT UNPACKING pc=0x00000209f2a46da2 sp=0x000000dc4dcfde98 mode 2
Event: 58.508 Thread 0x00000209d47cee20 DEOPT PACKING pc=0x00000209eda69278 sp=0x000000dc4dcfe5a0
Event: 58.508 Thread 0x00000209d47cee20 DEOPT UNPACKING pc=0x00000209f2a478e2 sp=0x000000dc4dcfda88 mode 0
Event: 59.953 Thread 0x00000209d47cee20 Uncommon trap: trap_request=0xffffff45 fr.pc=0x00000209f4010af4 relative=0x00000000000025b4
Event: 59.953 Thread 0x00000209d47cee20 Uncommon trap: reason=unstable_if action=reinterpret pc=0x00000209f4010af4 method=org.eclipse.jdt.internal.compiler.parser.Scanner.getNextToken0()Lorg/eclipse/jdt/internal/compiler/parser/TerminalToken; @ 2260 c2
Event: 59.953 Thread 0x00000209d47cee20 DEOPT PACKING pc=0x00000209f4010af4 sp=0x000000dc4dcfdea0
Event: 59.953 Thread 0x00000209d47cee20 DEOPT UNPACKING pc=0x00000209f2a46da2 sp=0x000000dc4dcfdde8 mode 2
Event: 59.956 Thread 0x00000209d47cee20 DEOPT PACKING pc=0x00000209eda5643b sp=0x000000dc4dcfd6d0
Event: 59.956 Thread 0x00000209d47cee20 DEOPT UNPACKING pc=0x00000209f2a478e2 sp=0x000000dc4dcfcc08 mode 0
Event: 59.966 Thread 0x00000209d47cee20 DEOPT PACKING pc=0x00000209eda69278 sp=0x000000dc4dcfcf30
Event: 59.967 Thread 0x00000209d47cee20 DEOPT UNPACKING pc=0x00000209f2a478e2 sp=0x000000dc4dcfc418 mode 0

Classes loaded (20 events):
Event: 48.690 Loading class com/sun/crypto/provider/Padding done
Event: 48.692 Loading class com/sun/crypto/provider/PKCS5Padding done
Event: 48.692 Loading class com/sun/crypto/provider/CipherBlockChaining
Event: 48.693 Loading class com/sun/crypto/provider/CipherBlockChaining done
Event: 48.694 Loading class javax/crypto/NullCipher
Event: 48.694 Loading class javax/crypto/NullCipher done
Event: 48.694 Loading class sun/security/util/ArrayUtil
Event: 48.694 Loading class sun/security/util/ArrayUtil done
Event: 48.856 Loading class java/util/zip/GZIPInputStream$1
Event: 48.856 Loading class java/util/zip/GZIPInputStream$1 done
Event: 51.888 Loading class jdk/internal/ref/CleanerImpl$InnocuousThreadFactory
Event: 51.889 Loading class jdk/internal/ref/CleanerImpl$InnocuousThreadFactory done
Event: 58.151 Loading class java/util/AbstractList$SubList
Event: 58.152 Loading class java/util/AbstractList$SubList done
Event: 58.152 Loading class java/util/AbstractList$SubList$1
Event: 58.152 Loading class java/util/AbstractList$SubList$1 done
Event: 58.327 Loading class java/io/CharArrayReader
Event: 58.327 Loading class java/io/CharArrayReader done
Event: 58.327 Loading class java/util/regex/Pattern$Bound
Event: 58.327 Loading class java/util/regex/Pattern$Bound done

Classes unloaded (9 events):
Event: 5.537 Thread 0x00000209e82434c0 Unloading class 0x00000209811a2c00 'java/lang/invoke/LambdaForm$MH+0x00000209811a2c00'
Event: 5.537 Thread 0x00000209e82434c0 Unloading class 0x00000209811a2800 'java/lang/invoke/LambdaForm$MH+0x00000209811a2800'
Event: 5.537 Thread 0x00000209e82434c0 Unloading class 0x00000209811a2400 'java/lang/invoke/LambdaForm$MH+0x00000209811a2400'
Event: 5.537 Thread 0x00000209e82434c0 Unloading class 0x00000209811a2000 'java/lang/invoke/LambdaForm$MH+0x00000209811a2000'
Event: 5.537 Thread 0x00000209e82434c0 Unloading class 0x00000209811a1c00 'java/lang/invoke/LambdaForm$BMH+0x00000209811a1c00'
Event: 5.537 Thread 0x00000209e82434c0 Unloading class 0x00000209811a1800 'java/lang/invoke/LambdaForm$DMH+0x00000209811a1800'
Event: 5.537 Thread 0x00000209e82434c0 Unloading class 0x00000209811a0800 'java/lang/invoke/LambdaForm$DMH+0x00000209811a0800'
Event: 7.026 Thread 0x00000209e82434c0 Unloading class 0x000002098130e000 'java/lang/invoke/LambdaForm$MH+0x000002098130e000'
Event: 7.026 Thread 0x00000209e82434c0 Unloading class 0x000002098130d800 'java/lang/invoke/LambdaForm$MH+0x000002098130d800'

Classes redefined (0 events):
No events

Internal exceptions (20 events):
Event: 48.533 Thread 0x00000209c6caa820 Exception <a 'sun/nio/fs/WindowsException'{0x00000000d5bbeaf8}> (0x00000000d5bbeaf8) 
thrown [s\src\hotspot\share\prims\jni.cpp, line 520]
Event: 48.534 Thread 0x00000209c6caa820 Exception <a 'sun/nio/fs/WindowsException'{0x00000000d5bbf260}> (0x00000000d5bbf260) 
thrown [s\src\hotspot\share\prims\jni.cpp, line 520]
Event: 48.535 Thread 0x00000209c6cac8f0 Exception <a 'sun/nio/fs/WindowsException'{0x00000000d5bfd320}> (0x00000000d5bfd320) 
thrown [s\src\hotspot\share\prims\jni.cpp, line 520]
Event: 48.535 Thread 0x00000209c6cac8f0 Exception <a 'sun/nio/fs/WindowsException'{0x00000000d5c079f8}> (0x00000000d5c079f8) 
thrown [s\src\hotspot\share\prims\jni.cpp, line 520]
Event: 48.582 Thread 0x00000209d47cc6c0 Exception <a 'java/lang/ArrayIndexOutOfBoundsException'{0x00000000d55b6bb0}: Index 566 out of bounds for length 565> (0x00000000d55b6bb0) 
thrown [s\src\hotspot\share\interpreter\interpreterRuntime.cpp, line 439]
Event: 48.652 Thread 0x00000209c7dd1660 Exception <a 'java/lang/NoSuchMethodError'{0x00000000d5c6d548}: 'java.lang.Object java.lang.invoke.DirectMethodHandle$Holder.invokeStatic(java.lang.Object, int, int, java.lang.Object)'> (0x00000000d5c6d548) 
thrown [s\src\hotspot\share\interpreter\linkResolver.cpp, line 773]
Event: 48.660 Thread 0x00000209d47d2fc0 Exception <a 'sun/nio/fs/WindowsException'{0x00000000d558dd38}> (0x00000000d558dd38) 
thrown [s\src\hotspot\share\prims\jni.cpp, line 520]
Event: 48.746 Thread 0x00000209c6cac8f0 Exception <a 'java/lang/NoSuchMethodError'{0x00000000d5c5a230}: 'java.lang.Object java.lang.invoke.Invokers$Holder.linkToTargetMethod(java.lang.Object, java.lang.Object, int, int, java.lang.Object)'> (0x00000000d5c5a230) 
thrown [s\src\hotspot\share\interpreter\linkResolver.cpp, line 773]
Event: 48.886 Thread 0x00000209c7dd1660 Implicit null exception at 0x00000209f3d9c4da to 0x00000209f3d9c545
Event: 48.971 Thread 0x00000209d47cda70 Exception <a 'sun/nio/fs/WindowsException'{0x00000000d5a831b8}> (0x00000000d5a831b8) 
thrown [s\src\hotspot\share\prims\jni.cpp, line 520]
Event: 48.971 Thread 0x00000209d47cda70 Exception <a 'sun/nio/fs/WindowsException'{0x00000000d5a83990}> (0x00000000d5a83990) 
thrown [s\src\hotspot\share\prims\jni.cpp, line 520]
Event: 48.971 Thread 0x00000209d47cda70 Exception <a 'sun/nio/fs/WindowsException'{0x00000000d5a84520}> (0x00000000d5a84520) 
thrown [s\src\hotspot\share\prims\jni.cpp, line 520]
Event: 48.971 Thread 0x00000209d47cda70 Exception <a 'sun/nio/fs/WindowsException'{0x00000000d5b3ecb0}> (0x00000000d5b3ecb0) 
thrown [s\src\hotspot\share\prims\jni.cpp, line 520]
Event: 48.972 Thread 0x00000209d47cda70 Exception <a 'sun/nio/fs/WindowsException'{0x00000000d5b40208}> (0x00000000d5b40208) 
thrown [s\src\hotspot\share\prims\jni.cpp, line 520]
Event: 48.972 Thread 0x00000209d47cda70 Exception <a 'sun/nio/fs/WindowsException'{0x00000000d5b409e0}> (0x00000000d5b409e0) 
thrown [s\src\hotspot\share\prims\jni.cpp, line 520]
Event: 55.341 Thread 0x00000209d47cee20 Exception <a 'java/lang/NoSuchMethodError'{0x00000000d5902d70}: 'java.lang.Object java.lang.invoke.Invokers$Holder.linkToTargetMethod(java.lang.Object, int, java.lang.Object, java.lang.Object, java.lang.Object, java.lang.Object, java.lang.Object)'> (0x00000000d5902d70) 
thrown [s\src\hotspot\share\interpreter\linkResolver.cpp, line 773]
Event: 57.994 Thread 0x00000209c7dd1660 Exception <a 'java/lang/IncompatibleClassChangeError'{0x00000000d593f940}: Found class java.lang.Object, but interface was expected> (0x00000000d593f940) 
thrown [s\src\hotspot\share\interpreter\linkResolver.cpp, line 840]
Event: 58.365 Thread 0x00000209d47cee20 Exception <a 'java/lang/ClassNotFoundException'{0x00000000d55c6b68}: sun/net/www/protocol/jdt/Handler> (0x00000000d55c6b68) 
thrown [s\src\hotspot\share\classfile\systemDictionary.cpp, line 312]
Event: 59.761 Thread 0x00000209c7dd1660 Exception <a 'java/lang/IncompatibleClassChangeError'{0x00000000d56fd2e8}: Found class java.lang.Object, but interface was expected> (0x00000000d56fd2e8) 
thrown [s\src\hotspot\share\interpreter\linkResolver.cpp, line 840]
Event: 59.796 Thread 0x00000209d47d01d0 Exception <a 'java/lang/NoSuchMethodError'{0x00000000d584cad8}: 'java.lang.Object java.lang.invoke.DirectMethodHandle$Holder.invokeStatic(java.lang.Object, int, java.lang.Object)'> (0x00000000d584cad8) 
thrown [s\src\hotspot\share\interpreter\linkResolver.cpp, line 773]

ZGC Phase Switch (0 events):
No events

VM Operations (20 events):
Event: 58.203 Executing VM operation: ParallelGCFailedAllocation (Allocation Failure)
Event: 58.207 Executing VM operation: ParallelGCFailedAllocation (Allocation Failure) done
Event: 58.311 Executing VM operation: ParallelGCFailedAllocation (Allocation Failure)
Event: 58.314 Executing VM operation: ParallelGCFailedAllocation (Allocation Failure) done
Event: 58.327 Executing VM operation: HandshakeAllThreads (Deoptimize)
Event: 58.327 Executing VM operation: HandshakeAllThreads (Deoptimize) done
Event: 58.358 Executing VM operation: HandshakeAllThreads (Deoptimize)
Event: 58.358 Executing VM operation: HandshakeAllThreads (Deoptimize) done
Event: 58.359 Executing VM operation: ParallelGCFailedAllocation (Allocation Failure)
Event: 58.361 Executing VM operation: ParallelGCFailedAllocation (Allocation Failure) done
Event: 58.390 Executing VM operation: ParallelGCFailedAllocation (Allocation Failure)
Event: 58.392 Executing VM operation: ParallelGCFailedAllocation (Allocation Failure) done
Event: 59.688 Executing VM operation: ParallelGCFailedAllocation (Allocation Failure)
Event: 59.692 Executing VM operation: ParallelGCFailedAllocation (Allocation Failure) done
Event: 59.725 Executing VM operation: HandshakeAllThreads (Deoptimize)
Event: 59.725 Executing VM operation: HandshakeAllThreads (Deoptimize) done
Event: 59.863 Executing VM operation: ParallelGCFailedAllocation (Allocation Failure)
Event: 59.867 Executing VM operation: ParallelGCFailedAllocation (Allocation Failure) done
Event: 59.902 Executing VM operation: HandshakeAllThreads (Deoptimize)
Event: 59.902 Executing VM operation: HandshakeAllThreads (Deoptimize) done

Memory protections (0 events):
No events

Nmethod flushes (20 events):
Event: 22.446 Thread 0x00000209e82434c0 flushing  nmethod 0x00000209ebd68210
Event: 22.446 Thread 0x00000209e82434c0 flushing  nmethod 0x00000209ebd6bf90
Event: 22.446 Thread 0x00000209e82434c0 flushing  nmethod 0x00000209ebd6c690
Event: 22.446 Thread 0x00000209e82434c0 flushing  nmethod 0x00000209ebd6e890
Event: 22.446 Thread 0x00000209e82434c0 flushing  nmethod 0x00000209ebd78110
Event: 22.447 Thread 0x00000209e82434c0 flushing  nmethod 0x00000209ebd7e490
Event: 22.447 Thread 0x00000209e82434c0 flushing  nmethod 0x00000209ebd98790
Event: 22.447 Thread 0x00000209e82434c0 flushing  nmethod 0x00000209ebd99c10
Event: 22.447 Thread 0x00000209e82434c0 flushing  nmethod 0x00000209ebdaa790
Event: 22.447 Thread 0x00000209e82434c0 flushing  nmethod 0x00000209ebdc1010
Event: 22.447 Thread 0x00000209e82434c0 flushing  nmethod 0x00000209ebdc7610
Event: 22.447 Thread 0x00000209e82434c0 flushing osr nmethod 0x00000209ebde2b90
Event: 22.447 Thread 0x00000209e82434c0 flushing  nmethod 0x00000209ebe0b490
Event: 22.447 Thread 0x00000209e82434c0 flushing  nmethod 0x00000209ebe0cf90
Event: 22.447 Thread 0x00000209e82434c0 flushing  nmethod 0x00000209ebe15c10
Event: 22.447 Thread 0x00000209e82434c0 flushing  nmethod 0x00000209ebe17c90
Event: 22.447 Thread 0x00000209e82434c0 flushing  nmethod 0x00000209ebe18410
Event: 22.447 Thread 0x00000209e82434c0 flushing  nmethod 0x00000209ebe18790
Event: 22.447 Thread 0x00000209e82434c0 flushing  nmethod 0x00000209ebe18b10
Event: 22.447 Thread 0x00000209e82434c0 flushing  nmethod 0x00000209ebe1ac10

Events (20 events):
Event: 48.350 Thread 0x00000209d47cda70 Thread added: 0x00000209d47d01d0
Event: 48.350 Thread 0x00000209d47d0860 Thread added: 0x00000209d47d1c10
Event: 48.442 Thread 0x00000209d47cda70 Thread added: 0x00000209d47d2fc0
Event: 49.341 Thread 0x00000209d47d2fc0 Thread exited: 0x00000209d47d2fc0
Event: 49.949 Thread 0x00000209c666a060 Thread exited: 0x00000209c666a060
Event: 50.495 Thread 0x00000209e8258860 Thread added: 0x00000209c666bba0
Event: 51.890 Thread 0x00000209d47cee20 Thread added: 0x00000209d47d0ef0
Event: 54.834 Thread 0x00000209c666bba0 Thread exited: 0x00000209c666bba0
Event: 54.939 Thread 0x00000209e825b980 Thread added: 0x00000209c6670d60
Event: 55.244 Thread 0x00000209c6670d60 Thread exited: 0x00000209c6670d60
Event: 55.252 Thread 0x00000209e825b980 Thread added: 0x00000209c666bba0
Event: 55.734 Thread 0x00000209c666bba0 Thread exited: 0x00000209c666bba0
Event: 55.763 Thread 0x00000209e825b980 Thread added: 0x00000209c666f8f0
Event: 56.194 Thread 0x00000209c666f8f0 Thread exited: 0x00000209c666f8f0
Event: 57.308 Thread 0x00000209e8258860 Thread added: 0x00000209c666a060
Event: 57.543 Thread 0x00000209c666a060 Thread exited: 0x00000209c666a060
Event: 57.561 Thread 0x00000209e825b980 Thread added: 0x00000209c666a060
Event: 57.993 Thread 0x00000209c666a060 Thread exited: 0x00000209c666a060
Event: 58.071 Thread 0x00000209e825b980 Thread added: 0x00000209c6671430
Event: 59.613 Thread 0x00000209c6671430 Thread exited: 0x00000209c6671430


Dynamic libraries:
0x00007ff637aa0000 - 0x00007ff637aae000 	c:\Users\ASUS\.vscode\extensions\redhat.java-1.43.0-win32-x64\jre\21.0.7-win32-x86_64\bin\java.exe
0x00007ff8ed190000 - 0x00007ff8ed3a7000 	C:\WINDOWS\SYSTEM32\ntdll.dll
0x00007ff8ec620000 - 0x00007ff8ec6e4000 	C:\WINDOWS\System32\KERNEL32.DLL
0x00007ff8ea580000 - 0x00007ff8ea952000 	C:\WINDOWS\System32\KERNELBASE.dll
0x00007ff8eac80000 - 0x00007ff8ead91000 	C:\WINDOWS\System32\ucrtbase.dll
0x00007ff8c4690000 - 0x00007ff8c46ae000 	c:\Users\ASUS\.vscode\extensions\redhat.java-1.43.0-win32-x64\jre\21.0.7-win32-x86_64\bin\VCRUNTIME140.dll
0x00007ff8c2fc0000 - 0x00007ff8c2fd8000 	c:\Users\ASUS\.vscode\extensions\redhat.java-1.43.0-win32-x64\jre\21.0.7-win32-x86_64\bin\jli.dll
0x00007ff8ec9a0000 - 0x00007ff8ecb51000 	C:\WINDOWS\System32\USER32.dll
0x00007ff8dcfa0000 - 0x00007ff8dd23b000 	C:\WINDOWS\WinSxS\amd64_microsoft.windows.common-controls_6595b64144ccf1df_6.0.22621.5415_none_270d77d17387d7da\COMCTL32.dll
0x00007ff8eaf00000 - 0x00007ff8eafa7000 	C:\WINDOWS\System32\msvcrt.dll
0x00007ff8ea3f0000 - 0x00007ff8ea416000 	C:\WINDOWS\System32\win32u.dll
0x00007ff8ec6f0000 - 0x00007ff8ec719000 	C:\WINDOWS\System32\GDI32.dll
0x00007ff8eab50000 - 0x00007ff8eac73000 	C:\WINDOWS\System32\gdi32full.dll
0x00007ff8ea420000 - 0x00007ff8ea4ba000 	C:\WINDOWS\System32\msvcp_win.dll
0x00007ff8ecff0000 - 0x00007ff8ed021000 	C:\WINDOWS\System32\IMM32.DLL
0x00007ff8d4ed0000 - 0x00007ff8d4edc000 	c:\Users\ASUS\.vscode\extensions\redhat.java-1.43.0-win32-x64\jre\21.0.7-win32-x86_64\bin\vcruntime140_1.dll
0x00007ff8983f0000 - 0x00007ff89847d000 	c:\Users\ASUS\.vscode\extensions\redhat.java-1.43.0-win32-x64\jre\21.0.7-win32-x86_64\bin\msvcp140.dll
0x00007ff88b9d0000 - 0x00007ff88c760000 	c:\Users\ASUS\.vscode\extensions\redhat.java-1.43.0-win32-x64\jre\21.0.7-win32-x86_64\bin\server\jvm.dll
0x00007ff8ec490000 - 0x00007ff8ec541000 	C:\WINDOWS\System32\ADVAPI32.dll
0x00007ff8ec550000 - 0x00007ff8ec5f8000 	C:\WINDOWS\System32\sechost.dll
0x00007ff8eaaa0000 - 0x00007ff8eaac8000 	C:\WINDOWS\System32\bcrypt.dll
0x00007ff8ed030000 - 0x00007ff8ed144000 	C:\WINDOWS\System32\RPCRT4.dll
0x00007ff8ec8d0000 - 0x00007ff8ec941000 	C:\WINDOWS\System32\WS2_32.dll
0x00007ff8ddc90000 - 0x00007ff8ddcc4000 	C:\WINDOWS\SYSTEM32\WINMM.dll
0x00007ff8e0510000 - 0x00007ff8e051a000 	C:\WINDOWS\SYSTEM32\VERSION.dll
0x00007ff8e90c0000 - 0x00007ff8e910d000 	C:\WINDOWS\SYSTEM32\POWRPROF.dll
0x00007ff8e90a0000 - 0x00007ff8e90b3000 	C:\WINDOWS\SYSTEM32\UMPDC.dll
0x00007ff8e9300000 - 0x00007ff8e9318000 	C:\WINDOWS\SYSTEM32\kernel.appcore.dll
0x00007ff8cdb30000 - 0x00007ff8cdb3a000 	c:\Users\ASUS\.vscode\extensions\redhat.java-1.43.0-win32-x64\jre\21.0.7-win32-x86_64\bin\jimage.dll
0x00007ff8e7c80000 - 0x00007ff8e7eb3000 	C:\WINDOWS\SYSTEM32\DBGHELP.DLL
0x00007ff8ecb60000 - 0x00007ff8ecef3000 	C:\WINDOWS\System32\combase.dll
0x00007ff8eae20000 - 0x00007ff8eaef7000 	C:\WINDOWS\System32\OLEAUT32.dll
0x00007ff8cb700000 - 0x00007ff8cb732000 	C:\WINDOWS\SYSTEM32\dbgcore.DLL
0x00007ff8eada0000 - 0x00007ff8eae1b000 	C:\WINDOWS\System32\bcryptPrimitives.dll
0x00007ff8e2870000 - 0x00007ff8e287f000 	c:\Users\ASUS\.vscode\extensions\redhat.java-1.43.0-win32-x64\jre\21.0.7-win32-x86_64\bin\instrument.dll
0x00007ff8bc6e0000 - 0x00007ff8bc6ff000 	c:\Users\ASUS\.vscode\extensions\redhat.java-1.43.0-win32-x64\jre\21.0.7-win32-x86_64\bin\java.dll
0x00007ff8eafb0000 - 0x00007ff8eb852000 	C:\WINDOWS\System32\SHELL32.dll
0x00007ff8ea960000 - 0x00007ff8eaa9f000 	C:\WINDOWS\System32\wintypes.dll
0x00007ff8e8160000 - 0x00007ff8e8a7e000 	C:\WINDOWS\SYSTEM32\windows.storage.dll
0x00007ff8ec7c0000 - 0x00007ff8ec8cb000 	C:\WINDOWS\System32\SHCORE.dll
0x00007ff8ecf80000 - 0x00007ff8ecfe9000 	C:\WINDOWS\System32\shlwapi.dll
0x00007ff8ea1b0000 - 0x00007ff8ea1db000 	C:\WINDOWS\SYSTEM32\profapi.dll
0x00007ff8d30f0000 - 0x00007ff8d3108000 	c:\Users\ASUS\.vscode\extensions\redhat.java-1.43.0-win32-x64\jre\21.0.7-win32-x86_64\bin\zip.dll
0x00007ff8e2880000 - 0x00007ff8e2890000 	C:\Users\ASUS\.vscode\extensions\redhat.java-1.43.0-win32-x64\jre\21.0.7-win32-x86_64\bin\net.dll
0x00007ff8e3190000 - 0x00007ff8e32bc000 	C:\WINDOWS\SYSTEM32\WINHTTP.dll
0x00007ff8e97d0000 - 0x00007ff8e9839000 	C:\WINDOWS\system32\mswsock.dll
0x00007ff8d2400000 - 0x00007ff8d2416000 	C:\Users\ASUS\.vscode\extensions\redhat.java-1.43.0-win32-x64\jre\21.0.7-win32-x86_64\bin\nio.dll
0x00007ff8d9660000 - 0x00007ff8d9670000 	c:\Users\ASUS\.vscode\extensions\redhat.java-1.43.0-win32-x64\jre\21.0.7-win32-x86_64\bin\verify.dll
0x00007ff8ab990000 - 0x00007ff8ab9d5000 	C:\Users\ASUS\AppData\Roaming\Code\User\globalStorage\redhat.java\1.43.0\config_win\org.eclipse.equinox.launcher\org.eclipse.equinox.launcher.win32.win32.x86_64_1.2.1300.v20250331-1702\eclipse_11911.dll
0x00007ff8ebaa0000 - 0x00007ff8ebc40000 	C:\WINDOWS\System32\ole32.dll
0x00007ff8e9a10000 - 0x00007ff8e9a2b000 	C:\WINDOWS\SYSTEM32\CRYPTSP.dll
0x00007ff8e92c0000 - 0x00007ff8e92f7000 	C:\WINDOWS\system32\rsaenh.dll
0x00007ff8e9880000 - 0x00007ff8e98a8000 	C:\WINDOWS\SYSTEM32\USERENV.dll
0x00007ff8e9a00000 - 0x00007ff8e9a0c000 	C:\WINDOWS\SYSTEM32\CRYPTBASE.dll
0x00007ff8e8da0000 - 0x00007ff8e8dcd000 	C:\WINDOWS\SYSTEM32\IPHLPAPI.DLL
0x00007ff8ebc40000 - 0x00007ff8ebc49000 	C:\WINDOWS\System32\NSI.dll
0x00007ff89b960000 - 0x00007ff89b9a9000 	C:\Users\ASUS\AppData\Local\Temp\jna-2018896\jna17531246610060100227.dll
0x00007ff8ec720000 - 0x00007ff8ec728000 	C:\WINDOWS\System32\PSAPI.DLL
0x00007ff8e35f0000 - 0x00007ff8e3609000 	C:\WINDOWS\SYSTEM32\dhcpcsvc6.DLL
0x00007ff8e2f60000 - 0x00007ff8e2f7f000 	C:\WINDOWS\SYSTEM32\dhcpcsvc.DLL
0x00007ff8be3c0000 - 0x00007ff8be3e7000 	C:\Users\ASUS\.gradle\native\c067742578af261105cb4f569cf0c3c89f3d7b1fecec35dd04571415982c5e48\windows-amd64\native-platform.dll
0x00007ff8d8800000 - 0x00007ff8d880a000 	C:\Users\ASUS\.vscode\extensions\redhat.java-1.43.0-win32-x64\jre\21.0.7-win32-x86_64\bin\management.dll
0x00007ff8d53c0000 - 0x00007ff8d53cb000 	C:\Users\ASUS\.vscode\extensions\redhat.java-1.43.0-win32-x64\jre\21.0.7-win32-x86_64\bin\management_ext.dll

dbghelp: loaded successfully - version: 4.0.5 - missing functions: none
symbol engine: initialized successfully - sym options: 0x614 - pdb path: .;c:\Users\ASUS\.vscode\extensions\redhat.java-1.43.0-win32-x64\jre\21.0.7-win32-x86_64\bin;C:\WINDOWS\SYSTEM32;C:\WINDOWS\WinSxS\amd64_microsoft.windows.common-controls_6595b64144ccf1df_6.0.22621.5415_none_270d77d17387d7da;c:\Users\ASUS\.vscode\extensions\redhat.java-1.43.0-win32-x64\jre\21.0.7-win32-x86_64\bin\server;C:\Users\ASUS\AppData\Roaming\Code\User\globalStorage\redhat.java\1.43.0\config_win\org.eclipse.equinox.launcher\org.eclipse.equinox.launcher.win32.win32.x86_64_1.2.1300.v20250331-1702;C:\Users\ASUS\AppData\Local\Temp\jna-2018896;C:\Users\ASUS\.gradle\native\c067742578af261105cb4f569cf0c3c89f3d7b1fecec35dd04571415982c5e48\windows-amd64

VM Arguments:
jvm_args: --add-modules=ALL-SYSTEM --add-opens=java.base/java.util=ALL-UNNAMED --add-opens=java.base/java.lang=ALL-UNNAMED --add-opens=java.base/sun.nio.fs=ALL-UNNAMED -Declipse.application=org.eclipse.jdt.ls.core.id1 -Dosgi.bundles.defaultStartLevel=4 -Declipse.product=org.eclipse.jdt.ls.core.product -Djava.import.generatesMetadataFilesAtProjectRoot=false -DDetectVMInstallationsJob.disabled=true -Dfile.encoding=utf8 -XX:+UseParallelGC -XX:GCTimeRatio=4 -XX:AdaptiveSizePolicyWeight=90 -Dsun.zip.disableMemoryMapping=true -Xmx2G -Xms100m -Xlog:disable -javaagent:c:\Users\ASUS\.vscode\extensions\redhat.java-1.43.0-win32-x64\lombok\lombok-1.18.39-4050.jar -XX:+HeapDumpOnOutOfMemoryError -XX:HeapDumpPath=c:\Users\ASUS\AppData\Roaming\Code\User\workspaceStorage\64c5fc09bacb5b4f7dcb981332d43b0f\redhat.java -Daether.dependencyCollector.impl=bf 
java_command: c:\Users\ASUS\.vscode\extensions\redhat.java-1.43.0-win32-x64\server\plugins\org.eclipse.equinox.launcher_1.7.0.v20250519-0528.jar -configuration c:\Users\ASUS\AppData\Roaming\Code\User\globalStorage\redhat.java\1.43.0\config_win -data c:\Users\ASUS\AppData\Roaming\Code\User\workspaceStorage\64c5fc09bacb5b4f7dcb981332d43b0f\redhat.java\jdt_ws --pipe=\\.\pipe\lsp-d23b95f629bf8c61d71f37a356d986ed-sock
java_class_path (initial): c:\Users\ASUS\.vscode\extensions\redhat.java-1.43.0-win32-x64\server\plugins\org.eclipse.equinox.launcher_1.7.0.v20250519-0528.jar
Launcher Type: SUN_STANDARD

[Global flags]
    uintx AdaptiveSizePolicyWeight                 = 90                                        {product} {command line}
     intx CICompilerCount                          = 4                                         {product} {ergonomic}
    uintx GCTimeRatio                              = 4                                         {product} {command line}
     bool HeapDumpOnOutOfMemoryError               = true                                   {manageable} {command line}
    ccstr HeapDumpPath                             = c:\Users\ASUS\AppData\Roaming\Code\User\workspaceStorage\64c5fc09bacb5b4f7dcb981332d43b0f\redhat.java         {manageable} {command line}
   size_t InitialHeapSize                          = 104857600                                 {product} {command line}
   size_t MaxHeapSize                              = 2147483648                                {product} {command line}
   size_t MaxNewSize                               = 715653120                                 {product} {ergonomic}
   size_t MinHeapDeltaBytes                        = 524288                                    {product} {ergonomic}
   size_t MinHeapSize                              = 104857600                                 {product} {command line}
   size_t NewSize                                  = 34603008                                  {product} {ergonomic}
    uintx NonNMethodCodeHeapSize                   = 5839372                                {pd product} {ergonomic}
    uintx NonProfiledCodeHeapSize                  = 122909434                              {pd product} {ergonomic}
   size_t OldSize                                  = 70254592                                  {product} {ergonomic}
    uintx ProfiledCodeHeapSize                     = 122909434                              {pd product} {ergonomic}
    uintx ReservedCodeCacheSize                    = 251658240                              {pd product} {ergonomic}
     bool SegmentedCodeCache                       = true                                      {product} {ergonomic}
   size_t SoftMaxHeapSize                          = 2147483648                             {manageable} {ergonomic}
     bool UseCompressedOops                        = true                           {product lp64_product} {ergonomic}
     bool UseLargePagesIndividualAllocation        = false                                  {pd product} {ergonomic}
     bool UseParallelGC                            = true                                      {product} {command line}

Logging:
Log output configuration:
 #0: stdout all=off uptime,level,tags foldmultilines=false
 #1: stderr all=off uptime,level,tags foldmultilines=false

Environment Variables:
JAVA_HOME=D:\downApp
PATH=C:\Program Files\Common Files\Oracle\Java\javapath;D:\downApp\Scripts\;D:\downApp\;C:\Program Files\Microsoft MPI\Bin\;C:\Program Files (x86)\Common Files\Oracle\Java\javapath;C:\Windows\system32;C:\Windows;C:\Windows\System32\Wbem;C:\Windows\System32\WindowsPowerShell\v1.0\;C:\Windows\System32\OpenSSH\;C:\Program Files (x86)\NVIDIA Corporation\PhysX\Common;C:\Program Files\NVIDIA Corporation\NVIDIA NvDLISR;C:\WINDOWS\system32;C:\WINDOWS;C:\WINDOWS\System32\Wbem;C:\WINDOWS\System32\WindowsPowerShell\v1.0\;C:\WINDOWS\System32\OpenSSH\;C:\MinGW\bin;C:\Program Files\dotnet\;C:\Program Files\Microsoft SQL Server\150\Tools\Binn\;C:\Program Files\Microsoft SQL Server\Client SDK\ODBC\170\Tools\Binn\;C:\Program Files (x86)\Microsoft SQL Server\150\Tools\Binn\;C:\Program Files\Microsoft SQL Server\150\DTS\Binn\;C:\Program Files\Azure Data Studio\bin;C:\WINDOWS\system32;C:\WINDOWS;C:\WINDOWS\System32\Wbem;C:\WINDOWS\System32\WindowsPowerShell\v1.0\;C:\WINDOWS\System32\OpenSSH\;C:\laragon\bin\php\php-8.1.10-Win32-vs16-x64;D:\Git\Git\cmd;D:\laragon\laragon\bin\php\php-8.1.10-Win32-vs16-x64;D:\laragon\laragon;C:\Program Files (x86)\Microsoft SQL Server\160\Tools\Binn\;C:\Program Files\Microsoft SQL Server\160\Tools\Binn\;C:\Program Files\Microsoft SQL Server\160\DTS\Binn\;C:\Program Files\Java\apache-maven-3.9.9\bin;C:\Program Files\MySQL\MySQL Shell 8.0\bin\;C:\Users\ASUS\AppData\Local\Programs\Python\Python312\Scripts\;C:\Users\ASUS\AppData\Local\Programs\Python\Python312\;C:\Users\ASUS\AppData\Local\Programs\Python\Python311\Scripts\;C:\Users\ASUS\AppData\Local\Programs\Python\Python311\;D:\python\Scripts\;D:\python\;C:\Users\ASUS\AppData\Local\Microsoft\WindowsApps;D:\Microsoft VS Code\bin;C:\Program Files (x86)\Dev-Cpp\MinGW64\bin;C:\msys64\mingw64\bin;C:\Users\ASUS\.dotnet\tools;C:\Program Files\Azure Data Studio\bin;C:\Users\ASUS\AppData\Local\JetBrains\Toolbox\scripts;C:\Users\ASUS\AppData\Roaming\Composer\vendor\bin;C:\Users\ASUS\AppData\Local\Microsoft\WindowsApps;D:\downApp\winlibs-x86_64-posix-seh-gcc-12.1.0-mingw-w64msvcrt-10.0.0-r3\mingw64\bin;C:\Users\ASUS\AppData\Roaming\npm;C:\Users\ASUS\AppData\Local\Programs\cursor\resources\app\bin
USERNAME=ASUS
OS=Windows_NT
PROCESSOR_IDENTIFIER=Intel64 Family 6 Model 140 Stepping 1, GenuineIntel
TMP=C:\Users\ASUS\AppData\Local\Temp
TEMP=C:\Users\ASUS\AppData\Local\Temp




Periodic native trim disabled

---------------  S Y S T E M  ---------------

OS:
 Windows 11 , 64 bit Build 22621 (10.0.22621.5415)
OS uptime: 0 days 22:43 hours
Hyper-V role detected

CPU: total 8 (initial active 8) (4 cores per cpu, 2 threads per core) family 6 model 140 stepping 1 microcode 0x86, cx8, cmov, fxsr, ht, mmx, 3dnowpref, sse, sse2, sse3, ssse3, sse4.1, sse4.2, popcnt, lzcnt, tsc, tscinvbit, avx, avx2, aes, erms, clmul, bmi1, bmi2, adx, avx512f, avx512dq, avx512cd, avx512bw, avx512vl, sha, fma, vzeroupper, avx512_vpopcntdq, avx512_vpclmulqdq, avx512_vaes, avx512_vnni, clflush, clflushopt, clwb, avx512_vbmi2, avx512_vbmi, hv, rdtscp, rdpid, fsrm, gfni, avx512_bitalg, f16c, cet_ibt, cet_ss, avx512_ifma
Processor Information for the first 8 processors :
  Max Mhz: 3302, Current Mhz: 3302, Mhz Limit: 3302

Memory: 4k page, system-wide physical 7883M (372M free)
TotalPageFile size 28638M (AvailPageFile size 5M)
current process WorkingSet (physical memory assigned to process): 490M, peak: 629M
current process commit charge ("private bytes"): 1322M, peak: 1328M

vm_info: OpenJDK 64-Bit Server VM (21.0.7+6-LTS) for windows-amd64 JRE (21.0.7+6-LTS), built on 2025-04-15T00:00:00Z by "admin" with MS VC++ 17.7 (VS2022)

END.
