#
# There is insufficient memory for the Java Runtime Environment to continue.
# Native memory allocation (malloc) failed to allocate 1834816 bytes for Chunk::new
# Possible reasons:
#   The system is out of physical RAM or swap space
#   The process is running with CompressedOops enabled, and the Java Heap may be blocking the growth of the native heap
# Possible solutions:
#   Reduce memory load on the system
#   Increase physical memory or swap space
#   Check if swap backing store is full
#   Decrease Java heap size (-Xmx/-Xms)
#   Decrease number of Java threads
#   Decrease Java thread stack sizes (-Xss)
#   Set larger code cache with -XX:ReservedCodeCacheSize=
#   JVM is running with Unscaled Compressed Oops mode in which the Java heap is
#     placed in the first 4GB address space. The Java Heap base address is the
#     maximum limit for the native heap growth. Please use -XX:HeapBaseMinAddress
#     to set the Java Heap base and to place the Java Heap above 4GB virtual address.
# This output file may be truncated or incomplete.
#
#  Out of Memory Error (arena.cpp:189), pid=6696, tid=4032
#
# JRE version: Java(TM) SE Runtime Environment (17.0.9+11) (build 17.0.9+11-LTS-201)
# Java VM: Java HotSpot(TM) 64-Bit Server VM (17.0.9+11-LTS-201, mixed mode, sharing, tiered, compressed oops, compressed class ptrs, g1 gc, windows-amd64)
# No core dump will be written. Minidumps are not enabled by default on client versions of Windows
#

---------------  S U M M A R Y ------------

Command Line: --add-opens=java.base/java.util=ALL-UNNAMED --add-opens=java.base/java.lang=ALL-UNNAMED --add-opens=java.base/java.lang.invoke=ALL-UNNAMED --add-opens=java.prefs/java.util.prefs=ALL-UNNAMED --add-opens=java.base/java.nio.charset=ALL-UNNAMED --add-opens=java.base/java.net=ALL-UNNAMED --add-opens=java.base/java.util.concurrent.atomic=ALL-UNNAMED -XX:MaxMetaspaceSize=384m -XX:+HeapDumpOnOutOfMemoryError -Xms256m -Xmx512m -Dfile.encoding=windows-1258 -Duser.country=US -Duser.language=en -Duser.variant -javaagent:C:\Users\ASUS\.gradle\wrapper\dists\gradle-8.7-bin\bhs2wmbdwecv87pi65oeuq5iu\gradle-8.7\lib\agents\gradle-instrumentation-agent-8.7.jar org.gradle.launcher.daemon.bootstrap.GradleDaemon 8.7

Host: 11th Gen Intel(R) Core(TM) i7-11370H @ 3.30GHz, 8 cores, 7G,  Windows 11 , 64 bit Build 22621 (10.0.22621.5415)
Time: Sun Jun 29 16:17:21 2025 SE Asia Standard Time elapsed time: 6.009809 seconds (0d 0h 0m 6s)

---------------  T H R E A D  ---------------

Current thread (0x0000028ae26341c0):  JavaThread "C2 CompilerThread0" daemon [_thread_in_native, id=4032, stack(0x000000e026a00000,0x000000e026b00000)]


Current CompileTask:
C2:   6009 4079   !   4       java.net.URLClassLoader::findClass (47 bytes)

Stack: [0x000000e026a00000,0x000000e026b00000]
Native frames: (J=compiled Java code, j=interpreted, Vv=VM code, C=native code)
V  [jvm.dll+0x678a4a]
V  [jvm.dll+0x7d9cfd]
V  [jvm.dll+0x7db60e]
V  [jvm.dll+0x7dbc73]
V  [jvm.dll+0x245e1f]
V  [jvm.dll+0xaaafb]
V  [jvm.dll+0xab09c]
V  [jvm.dll+0x36237e]
V  [jvm.dll+0x1bb94a]
V  [jvm.dll+0x218287]
V  [jvm.dll+0x217561]
V  [jvm.dll+0x1a3bc0]
V  [jvm.dll+0x2272de]
V  [jvm.dll+0x22548b]
V  [jvm.dll+0x78f58c]
V  [jvm.dll+0x78998a]
V  [jvm.dll+0x677875]
C  [ucrtbase.dll+0x29333]
C  [KERNEL32.DLL+0x1259d]
C  [ntdll.dll+0x5af78]


---------------  P R O C E S S  ---------------

Threads class SMR info:
_java_thread_list=0x0000028afec8bc40, length=34, elements={
0x0000028ac5de96c0, 0x0000028ae2609fb0, 0x0000028ae260ab70, 0x0000028ae2628ae0,
0x0000028ae26295b0, 0x0000028ae262f0a0, 0x0000028ae2630070, 0x0000028ae26341c0,
0x0000028ae2631280, 0x0000028ae2631c80, 0x0000028ae25f5f70, 0x0000028ae2967e50,
0x0000028afe5023c0, 0x0000028afe7665a0, 0x0000028afd3b2960, 0x0000028afd4ebd20,
0x0000028afe50e120, 0x0000028afd39b030, 0x0000028afdb63070, 0x0000028afd35f650,
0x0000028afd35fb60, 0x0000028afd3614b0, 0x0000028afd360070, 0x0000028afd35f140,
0x0000028afd360580, 0x0000028afd35e210, 0x0000028afd35e720, 0x0000028afd35ec30,
0x0000028afe21ca80, 0x0000028afe21b640, 0x0000028afe216f60, 0x0000028afe21e3d0,
0x0000028afe3c4080, 0x0000028afe21d9b0
}

Java Threads: ( => current thread )
  0x0000028ac5de96c0 JavaThread "main" [_thread_blocked, id=22772, stack(0x000000e025d00000,0x000000e025e00000)]
  0x0000028ae2609fb0 JavaThread "Reference Handler" daemon [_thread_blocked, id=11424, stack(0x000000e026400000,0x000000e026500000)]
  0x0000028ae260ab70 JavaThread "Finalizer" daemon [_thread_blocked, id=21572, stack(0x000000e026500000,0x000000e026600000)]
  0x0000028ae2628ae0 JavaThread "Signal Dispatcher" daemon [_thread_blocked, id=18900, stack(0x000000e026600000,0x000000e026700000)]
  0x0000028ae26295b0 JavaThread "Attach Listener" daemon [_thread_blocked, id=13784, stack(0x000000e026700000,0x000000e026800000)]
  0x0000028ae262f0a0 JavaThread "Service Thread" daemon [_thread_blocked, id=14316, stack(0x000000e026800000,0x000000e026900000)]
  0x0000028ae2630070 JavaThread "Monitor Deflation Thread" daemon [_thread_blocked, id=22216, stack(0x000000e026900000,0x000000e026a00000)]
=>0x0000028ae26341c0 JavaThread "C2 CompilerThread0" daemon [_thread_in_native, id=4032, stack(0x000000e026a00000,0x000000e026b00000)]
  0x0000028ae2631280 JavaThread "C1 CompilerThread0" daemon [_thread_blocked, id=3452, stack(0x000000e026b00000,0x000000e026c00000)]
  0x0000028ae2631c80 JavaThread "Sweeper thread" daemon [_thread_blocked, id=7960, stack(0x000000e026c00000,0x000000e026d00000)]
  0x0000028ae25f5f70 JavaThread "Common-Cleaner" daemon [_thread_blocked, id=24924, stack(0x000000e026d00000,0x000000e026e00000)]
  0x0000028ae2967e50 JavaThread "Notification Thread" daemon [_thread_blocked, id=20308, stack(0x000000e026e00000,0x000000e026f00000)]
  0x0000028afe5023c0 JavaThread "Daemon health stats" [_thread_blocked, id=20548, stack(0x000000e027600000,0x000000e027700000)]
  0x0000028afe7665a0 JavaThread "Incoming local TCP Connector on port 64033" [_thread_in_native, id=11020, stack(0x000000e027000000,0x000000e027100000)]
  0x0000028afd3b2960 JavaThread "Daemon periodic checks" [_thread_blocked, id=1048, stack(0x000000e027700000,0x000000e027800000)]
  0x0000028afd4ebd20 JavaThread "Daemon" [_thread_blocked, id=6680, stack(0x000000e027800000,0x000000e027900000)]
  0x0000028afe50e120 JavaThread "Handler for socket connection from /127.0.0.1:64033 to /127.0.0.1:64034" [_thread_in_native, id=12788, stack(0x000000e027900000,0x000000e027a00000)]
  0x0000028afd39b030 JavaThread "Cancel handler" [_thread_blocked, id=5600, stack(0x000000e027a00000,0x000000e027b00000)]
  0x0000028afdb63070 JavaThread "Daemon worker" [_thread_in_Java, id=9856, stack(0x000000e027b00000,0x000000e027c00000)]
  0x0000028afd35f650 JavaThread "Asynchronous log dispatcher for DefaultDaemonConnection: socket connection from /127.0.0.1:64033 to /127.0.0.1:64034" [_thread_blocked, id=14488, stack(0x000000e027c00000,0x000000e027d00000)]
  0x0000028afd35fb60 JavaThread "Stdin handler" [_thread_blocked, id=22024, stack(0x000000e027d00000,0x000000e027e00000)]
  0x0000028afd3614b0 JavaThread "Daemon client event forwarder" [_thread_blocked, id=21576, stack(0x000000e027e00000,0x000000e027f00000)]
  0x0000028afd360070 JavaThread "Cache worker for journal cache (C:\Users\ASUS\.gradle\caches\journal-1)" [_thread_blocked, id=18052, stack(0x000000e027f00000,0x000000e028000000)]
  0x0000028afd35f140 JavaThread "File lock request listener" [_thread_in_native, id=23448, stack(0x000000e028000000,0x000000e028100000)]
  0x0000028afd360580 JavaThread "Cache worker for file hash cache (C:\Users\ASUS\.gradle\caches\8.7\fileHashes)" [_thread_blocked, id=628, stack(0x000000e028100000,0x000000e028200000)]
  0x0000028afd35e210 JavaThread "Cache worker for file hash cache (D:\java\vscodejava\doan\be\new\lms\.gradle\8.7\fileHashes)" [_thread_blocked, id=19092, stack(0x000000e028200000,0x000000e028300000)]
  0x0000028afd35e720 JavaThread "File watcher server" daemon [_thread_in_native, id=19004, stack(0x000000e028300000,0x000000e028400000)]
  0x0000028afd35ec30 JavaThread "File watcher consumer" daemon [_thread_blocked, id=16472, stack(0x000000e028400000,0x000000e028500000)]
  0x0000028afe21ca80 JavaThread "Cache worker for checksums cache (D:\java\vscodejava\doan\be\new\lms\.gradle\8.7\checksums)" [_thread_blocked, id=22100, stack(0x000000e028800000,0x000000e028900000)]
  0x0000028afe21b640 JavaThread "Cache worker for cache directory md-supplier (C:\Users\ASUS\.gradle\caches\8.7\md-supplier)" [_thread_blocked, id=16080, stack(0x000000e028900000,0x000000e028a00000)]
  0x0000028afe216f60 JavaThread "Cache worker for cache directory md-rule (C:\Users\ASUS\.gradle\caches\8.7\md-rule)" [_thread_blocked, id=18384, stack(0x000000e028a00000,0x000000e028b00000)]
  0x0000028afe21e3d0 JavaThread "Cache worker for file content cache (C:\Users\ASUS\.gradle\caches\8.7\fileContent)" [_thread_blocked, id=1540, stack(0x000000e028b00000,0x000000e028c00000)]
  0x0000028afe3c4080 JavaThread "C2 CompilerThread1" daemon [_thread_in_native, id=19320, stack(0x000000e028c00000,0x000000e028d00000)]
  0x0000028afe21d9b0 JavaThread "Cache worker for Build Output Cleanup Cache (D:\java\vscodejava\doan\be\new\lms\.gradle\buildOutputCleanup)" [_thread_blocked, id=24312, stack(0x000000e029200000,0x000000e029300000)]

Other Threads:
  0x0000028ae26080e0 VMThread "VM Thread" [stack: 0x000000e026300000,0x000000e026400000] [id=3276]
  0x0000028ae2968330 WatcherThread [stack: 0x000000e026f00000,0x000000e027000000] [id=6880]
  0x0000028ac5e16fc0 GCTaskThread "GC Thread#0" [stack: 0x000000e025e00000,0x000000e025f00000] [id=24488]
  0x0000028afcaa2420 GCTaskThread "GC Thread#1" [stack: 0x000000e027100000,0x000000e027200000] [id=2516]
  0x0000028afc6638e0 GCTaskThread "GC Thread#2" [stack: 0x000000e027200000,0x000000e027300000] [id=12236]
  0x0000028afc204930 GCTaskThread "GC Thread#3" [stack: 0x000000e027300000,0x000000e027400000] [id=21532]
  0x0000028afc204bf0 GCTaskThread "GC Thread#4" [stack: 0x000000e027400000,0x000000e027500000] [id=23004]
  0x0000028afc947400 GCTaskThread "GC Thread#5" [stack: 0x000000e027500000,0x000000e027600000] [id=21796]
  0x0000028afebc58c0 GCTaskThread "GC Thread#6" [stack: 0x000000e028500000,0x000000e028600000] [id=11304]
  0x0000028aff00ba70 GCTaskThread "GC Thread#7" [stack: 0x000000e028600000,0x000000e028700000] [id=22260]
  0x0000028ac5e1bf10 ConcurrentGCThread "G1 Main Marker" [stack: 0x000000e025f00000,0x000000e026000000] [id=14360]
  0x0000028ac5e1c920 ConcurrentGCThread "G1 Conc#0" [stack: 0x000000e026000000,0x000000e026100000] [id=5688]
  0x0000028afee0a010 ConcurrentGCThread "G1 Conc#1" [stack: 0x000000e028700000,0x000000e028800000] [id=22724]
  0x0000028ac5eae6e0 ConcurrentGCThread "G1 Refine#0" [stack: 0x000000e026100000,0x000000e026200000] [id=3404]
  0x0000028afec27b00 ConcurrentGCThread "G1 Refine#1" [stack: 0x000000e028d00000,0x000000e028e00000] [id=25072]
  0x0000028a80b98cd0 ConcurrentGCThread "G1 Refine#2" [stack: 0x000000e028e00000,0x000000e028f00000] [id=16992]
  0x0000028a80234400 ConcurrentGCThread "G1 Refine#3" [stack: 0x000000e028f00000,0x000000e029000000] [id=1824]
  0x0000028afec22680 ConcurrentGCThread "G1 Refine#4" [stack: 0x000000e029000000,0x000000e029100000] [id=25460]
  0x0000028aff3fc840 ConcurrentGCThread "G1 Refine#5" [stack: 0x000000e029100000,0x000000e029200000] [id=24880]
  0x0000028ae24c8250 ConcurrentGCThread "G1 Service" [stack: 0x000000e026200000,0x000000e026300000] [id=14064]

Threads with active compile tasks:
C2 CompilerThread0     6032 4079   !   4       java.net.URLClassLoader::findClass (47 bytes)
C2 CompilerThread1     6032 4185       4       java.lang.Class::annotationData (44 bytes)

VM state: not at safepoint (normal execution)

VM Mutex/Monitor currently owned by a thread: None

Heap address: 0x00000000e0000000, size: 512 MB, Compressed Oops mode: 32-bit

CDS archive(s) mapped at: [0x0000028ae3000000-0x0000028ae3bd0000-0x0000028ae3bd0000), size 12386304, SharedBaseAddress: 0x0000028ae3000000, ArchiveRelocationMode: 1.
Compressed class space mapped at: 0x0000028ae4000000-0x0000028af8000000, reserved size: 335544320
Narrow klass base: 0x0000028ae3000000, Narrow klass shift: 0, Narrow klass range: 0x100000000

GC Precious Log:
 CPUs: 8 total, 8 available
 Memory: 7883M
 Large Page Support: Disabled
 NUMA Support: Disabled
 Compressed Oops: Enabled (32-bit)
 Heap Region Size: 1M
 Heap Min Capacity: 256M
 Heap Initial Capacity: 256M
 Heap Max Capacity: 512M
 Pre-touch: Disabled
 Parallel Workers: 8
 Concurrent Workers: 2
 Concurrent Refinement Workers: 8
 Periodic GC: Disabled

Heap:
 garbage-first heap   total 262144K, used 40894K [0x00000000e0000000, 0x0000000100000000)
  region size 1024K, 11 young (11264K), 1 survivors (1024K)
 Metaspace       used 37325K, committed 37760K, reserved 393216K
  class space    used 5259K, committed 5504K, reserved 327680K

Heap Regions: E=young(eden), S=young(survivor), O=old, HS=humongous(starts), HC=humongous(continues), CS=collection set, F=free, OA=open archive, CA=closed archive, TAMS=top-at-mark-start (previous, next)
|   0|0x00000000e0000000, 0x00000000e0100000, 0x00000000e0100000|100%|HS|  |TAMS 0x00000000e0100000, 0x00000000e0000000| Complete 
|   1|0x00000000e0100000, 0x00000000e0200000, 0x00000000e0200000|100%|HC|  |TAMS 0x00000000e0200000, 0x00000000e0100000| Complete 
|   2|0x00000000e0200000, 0x00000000e0300000, 0x00000000e0300000|100%|HC|  |TAMS 0x00000000e0300000, 0x00000000e0200000| Complete 
|   3|0x00000000e0300000, 0x00000000e0400000, 0x00000000e0400000|100%|HC|  |TAMS 0x00000000e0400000, 0x00000000e0300000| Complete 
|   4|0x00000000e0400000, 0x00000000e0500000, 0x00000000e0500000|100%| O|  |TAMS 0x00000000e0500000, 0x00000000e0400000| Untracked 
|   5|0x00000000e0500000, 0x00000000e0600000, 0x00000000e0600000|100%| O|  |TAMS 0x00000000e0600000, 0x00000000e0500000| Untracked 
|   6|0x00000000e0600000, 0x00000000e0700000, 0x00000000e0700000|100%| O|  |TAMS 0x00000000e0700000, 0x00000000e0600000| Untracked 
|   7|0x00000000e0700000, 0x00000000e0800000, 0x00000000e0800000|100%|HS|  |TAMS 0x00000000e0700000, 0x00000000e0700000| Complete 
|   8|0x00000000e0800000, 0x00000000e0900000, 0x00000000e0900000|100%| O|  |TAMS 0x00000000e0900000, 0x00000000e0800000| Untracked 
|   9|0x00000000e0900000, 0x00000000e0a00000, 0x00000000e0a00000|100%| O|  |TAMS 0x00000000e0a00000, 0x00000000e0900000| Untracked 
|  10|0x00000000e0a00000, 0x00000000e0b00000, 0x00000000e0b00000|100%| O|  |TAMS 0x00000000e0b00000, 0x00000000e0a00000| Untracked 
|  11|0x00000000e0b00000, 0x00000000e0c00000, 0x00000000e0c00000|100%| O|  |TAMS 0x00000000e0c00000, 0x00000000e0b00000| Untracked 
|  12|0x00000000e0c00000, 0x00000000e0d00000, 0x00000000e0d00000|100%| O|  |TAMS 0x00000000e0d00000, 0x00000000e0c00000| Complete 
|  13|0x00000000e0d00000, 0x00000000e0e00000, 0x00000000e0e00000|100%| O|  |TAMS 0x00000000e0e00000, 0x00000000e0d00000| Untracked 
|  14|0x00000000e0e00000, 0x00000000e0f00000, 0x00000000e0f00000|100%| O|  |TAMS 0x00000000e0f00000, 0x00000000e0e00000| Untracked 
|  15|0x00000000e0f00000, 0x00000000e1000000, 0x00000000e1000000|100%| O|  |TAMS 0x00000000e1000000, 0x00000000e0f00000| Untracked 
|  16|0x00000000e1000000, 0x00000000e1100000, 0x00000000e1100000|100%| O|  |TAMS 0x00000000e1100000, 0x00000000e1000000| Untracked 
|  17|0x00000000e1100000, 0x00000000e1200000, 0x00000000e1200000|100%| O|  |TAMS 0x00000000e1200000, 0x00000000e1100000| Untracked 
|  18|0x00000000e1200000, 0x00000000e1300000, 0x00000000e1300000|100%| O|  |TAMS 0x00000000e1300000, 0x00000000e1200000| Untracked 
|  19|0x00000000e1300000, 0x00000000e1400000, 0x00000000e1400000|100%| O|  |TAMS 0x00000000e1400000, 0x00000000e1300000| Untracked 
|  20|0x00000000e1400000, 0x00000000e1500000, 0x00000000e1500000|100%| O|  |TAMS 0x00000000e1500000, 0x00000000e1400000| Untracked 
|  21|0x00000000e1500000, 0x00000000e1600000, 0x00000000e1600000|100%| O|  |TAMS 0x00000000e1600000, 0x00000000e1500000| Untracked 
|  22|0x00000000e1600000, 0x00000000e1700000, 0x00000000e1700000|100%| O|  |TAMS 0x00000000e1700000, 0x00000000e1600000| Untracked 
|  23|0x00000000e1700000, 0x00000000e1800000, 0x00000000e1800000|100%| O|  |TAMS 0x00000000e1800000, 0x00000000e1700000| Untracked 
|  24|0x00000000e1800000, 0x00000000e1900000, 0x00000000e1900000|100%| O|  |TAMS 0x00000000e1900000, 0x00000000e1800000| Untracked 
|  25|0x00000000e1900000, 0x00000000e1a00000, 0x00000000e1a00000|100%| O|  |TAMS 0x00000000e1a00000, 0x00000000e1900000| Untracked 
|  26|0x00000000e1a00000, 0x00000000e1b00000, 0x00000000e1b00000|100%| O|  |TAMS 0x00000000e1b00000, 0x00000000e1a00000| Untracked 
|  27|0x00000000e1b00000, 0x00000000e1c00000, 0x00000000e1c00000|100%| O|  |TAMS 0x00000000e1c00000, 0x00000000e1b00000| Untracked 
|  28|0x00000000e1c00000, 0x00000000e1d00000, 0x00000000e1d00000|100%| O|  |TAMS 0x00000000e1d00000, 0x00000000e1c00000| Untracked 
|  29|0x00000000e1d00000, 0x00000000e1e00000, 0x00000000e1e00000|100%| O|  |TAMS 0x00000000e1e00000, 0x00000000e1d00000| Untracked 
|  30|0x00000000e1e00000, 0x00000000e1e9f800, 0x00000000e1f00000| 62%| O|  |TAMS 0x00000000e1e9f800, 0x00000000e1e00000| Untracked 
|  31|0x00000000e1f00000, 0x00000000e2000000, 0x00000000e2000000|100%|HS|  |TAMS 0x00000000e1f00000, 0x00000000e1f00000| Complete 
|  32|0x00000000e2000000, 0x00000000e2000000, 0x00000000e2100000|  0%| F|  |TAMS 0x00000000e2000000, 0x00000000e2000000| Untracked 
|  33|0x00000000e2100000, 0x00000000e2100000, 0x00000000e2200000|  0%| F|  |TAMS 0x00000000e2100000, 0x00000000e2100000| Untracked 
|  34|0x00000000e2200000, 0x00000000e2200000, 0x00000000e2300000|  0%| F|  |TAMS 0x00000000e2200000, 0x00000000e2200000| Untracked 
|  35|0x00000000e2300000, 0x00000000e2300000, 0x00000000e2400000|  0%| F|  |TAMS 0x00000000e2300000, 0x00000000e2300000| Untracked 
|  36|0x00000000e2400000, 0x00000000e2400000, 0x00000000e2500000|  0%| F|  |TAMS 0x00000000e2400000, 0x00000000e2400000| Untracked 
|  37|0x00000000e2500000, 0x00000000e2500000, 0x00000000e2600000|  0%| F|  |TAMS 0x00000000e2500000, 0x00000000e2500000| Untracked 
|  38|0x00000000e2600000, 0x00000000e2600000, 0x00000000e2700000|  0%| F|  |TAMS 0x00000000e2600000, 0x00000000e2600000| Untracked 
|  39|0x00000000e2700000, 0x00000000e2700000, 0x00000000e2800000|  0%| F|  |TAMS 0x00000000e2700000, 0x00000000e2700000| Untracked 
|  40|0x00000000e2800000, 0x00000000e2800000, 0x00000000e2900000|  0%| F|  |TAMS 0x00000000e2800000, 0x00000000e2800000| Untracked 
|  41|0x00000000e2900000, 0x00000000e2900000, 0x00000000e2a00000|  0%| F|  |TAMS 0x00000000e2900000, 0x00000000e2900000| Untracked 
|  42|0x00000000e2a00000, 0x00000000e2a00000, 0x00000000e2b00000|  0%| F|  |TAMS 0x00000000e2a00000, 0x00000000e2a00000| Untracked 
|  43|0x00000000e2b00000, 0x00000000e2b00000, 0x00000000e2c00000|  0%| F|  |TAMS 0x00000000e2b00000, 0x00000000e2b00000| Untracked 
|  44|0x00000000e2c00000, 0x00000000e2c00000, 0x00000000e2d00000|  0%| F|  |TAMS 0x00000000e2c00000, 0x00000000e2c00000| Untracked 
|  45|0x00000000e2d00000, 0x00000000e2d00000, 0x00000000e2e00000|  0%| F|  |TAMS 0x00000000e2d00000, 0x00000000e2d00000| Untracked 
|  46|0x00000000e2e00000, 0x00000000e2e00000, 0x00000000e2f00000|  0%| F|  |TAMS 0x00000000e2e00000, 0x00000000e2e00000| Untracked 
|  47|0x00000000e2f00000, 0x00000000e2f00000, 0x00000000e3000000|  0%| F|  |TAMS 0x00000000e2f00000, 0x00000000e2f00000| Untracked 
|  48|0x00000000e3000000, 0x00000000e3000000, 0x00000000e3100000|  0%| F|  |TAMS 0x00000000e3000000, 0x00000000e3000000| Untracked 
|  49|0x00000000e3100000, 0x00000000e3100000, 0x00000000e3200000|  0%| F|  |TAMS 0x00000000e3100000, 0x00000000e3100000| Untracked 
|  50|0x00000000e3200000, 0x00000000e3200000, 0x00000000e3300000|  0%| F|  |TAMS 0x00000000e3200000, 0x00000000e3200000| Untracked 
|  51|0x00000000e3300000, 0x00000000e3300000, 0x00000000e3400000|  0%| F|  |TAMS 0x00000000e3300000, 0x00000000e3300000| Untracked 
|  52|0x00000000e3400000, 0x00000000e3400000, 0x00000000e3500000|  0%| F|  |TAMS 0x00000000e3400000, 0x00000000e3400000| Untracked 
|  53|0x00000000e3500000, 0x00000000e3500000, 0x00000000e3600000|  0%| F|  |TAMS 0x00000000e3500000, 0x00000000e3500000| Untracked 
|  54|0x00000000e3600000, 0x00000000e3600000, 0x00000000e3700000|  0%| F|  |TAMS 0x00000000e3600000, 0x00000000e3600000| Untracked 
|  55|0x00000000e3700000, 0x00000000e3700000, 0x00000000e3800000|  0%| F|  |TAMS 0x00000000e3700000, 0x00000000e3700000| Untracked 
|  56|0x00000000e3800000, 0x00000000e3800000, 0x00000000e3900000|  0%| F|  |TAMS 0x00000000e3800000, 0x00000000e3800000| Untracked 
|  57|0x00000000e3900000, 0x00000000e3900000, 0x00000000e3a00000|  0%| F|  |TAMS 0x00000000e3900000, 0x00000000e3900000| Untracked 
|  58|0x00000000e3a00000, 0x00000000e3a00000, 0x00000000e3b00000|  0%| F|  |TAMS 0x00000000e3a00000, 0x00000000e3a00000| Untracked 
|  59|0x00000000e3b00000, 0x00000000e3b00000, 0x00000000e3c00000|  0%| F|  |TAMS 0x00000000e3b00000, 0x00000000e3b00000| Untracked 
|  60|0x00000000e3c00000, 0x00000000e3c00000, 0x00000000e3d00000|  0%| F|  |TAMS 0x00000000e3c00000, 0x00000000e3c00000| Untracked 
|  61|0x00000000e3d00000, 0x00000000e3d00000, 0x00000000e3e00000|  0%| F|  |TAMS 0x00000000e3d00000, 0x00000000e3d00000| Untracked 
|  62|0x00000000e3e00000, 0x00000000e3e00000, 0x00000000e3f00000|  0%| F|  |TAMS 0x00000000e3e00000, 0x00000000e3e00000| Untracked 
|  63|0x00000000e3f00000, 0x00000000e3f00000, 0x00000000e4000000|  0%| F|  |TAMS 0x00000000e3f00000, 0x00000000e3f00000| Untracked 
|  64|0x00000000e4000000, 0x00000000e4000000, 0x00000000e4100000|  0%| F|  |TAMS 0x00000000e4000000, 0x00000000e4000000| Untracked 
|  65|0x00000000e4100000, 0x00000000e4100000, 0x00000000e4200000|  0%| F|  |TAMS 0x00000000e4100000, 0x00000000e4100000| Untracked 
|  66|0x00000000e4200000, 0x00000000e4200000, 0x00000000e4300000|  0%| F|  |TAMS 0x00000000e4200000, 0x00000000e4200000| Untracked 
|  67|0x00000000e4300000, 0x00000000e4300000, 0x00000000e4400000|  0%| F|  |TAMS 0x00000000e4300000, 0x00000000e4300000| Untracked 
|  68|0x00000000e4400000, 0x00000000e4400000, 0x00000000e4500000|  0%| F|  |TAMS 0x00000000e4400000, 0x00000000e4400000| Untracked 
|  69|0x00000000e4500000, 0x00000000e4500000, 0x00000000e4600000|  0%| F|  |TAMS 0x00000000e4500000, 0x00000000e4500000| Untracked 
|  70|0x00000000e4600000, 0x00000000e4600000, 0x00000000e4700000|  0%| F|  |TAMS 0x00000000e4600000, 0x00000000e4600000| Untracked 
|  71|0x00000000e4700000, 0x00000000e4700000, 0x00000000e4800000|  0%| F|  |TAMS 0x00000000e4700000, 0x00000000e4700000| Untracked 
|  72|0x00000000e4800000, 0x00000000e4800000, 0x00000000e4900000|  0%| F|  |TAMS 0x00000000e4800000, 0x00000000e4800000| Untracked 
|  73|0x00000000e4900000, 0x00000000e4900000, 0x00000000e4a00000|  0%| F|  |TAMS 0x00000000e4900000, 0x00000000e4900000| Untracked 
|  74|0x00000000e4a00000, 0x00000000e4a00000, 0x00000000e4b00000|  0%| F|  |TAMS 0x00000000e4a00000, 0x00000000e4a00000| Untracked 
|  75|0x00000000e4b00000, 0x00000000e4b00000, 0x00000000e4c00000|  0%| F|  |TAMS 0x00000000e4b00000, 0x00000000e4b00000| Untracked 
|  76|0x00000000e4c00000, 0x00000000e4c00000, 0x00000000e4d00000|  0%| F|  |TAMS 0x00000000e4c00000, 0x00000000e4c00000| Untracked 
|  77|0x00000000e4d00000, 0x00000000e4d00000, 0x00000000e4e00000|  0%| F|  |TAMS 0x00000000e4d00000, 0x00000000e4d00000| Untracked 
|  78|0x00000000e4e00000, 0x00000000e4e00000, 0x00000000e4f00000|  0%| F|  |TAMS 0x00000000e4e00000, 0x00000000e4e00000| Untracked 
|  79|0x00000000e4f00000, 0x00000000e4f00000, 0x00000000e5000000|  0%| F|  |TAMS 0x00000000e4f00000, 0x00000000e4f00000| Untracked 
|  80|0x00000000e5000000, 0x00000000e5000000, 0x00000000e5100000|  0%| F|  |TAMS 0x00000000e5000000, 0x00000000e5000000| Untracked 
|  81|0x00000000e5100000, 0x00000000e5100000, 0x00000000e5200000|  0%| F|  |TAMS 0x00000000e5100000, 0x00000000e5100000| Untracked 
|  82|0x00000000e5200000, 0x00000000e5200000, 0x00000000e5300000|  0%| F|  |TAMS 0x00000000e5200000, 0x00000000e5200000| Untracked 
|  83|0x00000000e5300000, 0x00000000e5300000, 0x00000000e5400000|  0%| F|  |TAMS 0x00000000e5300000, 0x00000000e5300000| Untracked 
|  84|0x00000000e5400000, 0x00000000e5400000, 0x00000000e5500000|  0%| F|  |TAMS 0x00000000e5400000, 0x00000000e5400000| Untracked 
|  85|0x00000000e5500000, 0x00000000e5500000, 0x00000000e5600000|  0%| F|  |TAMS 0x00000000e5500000, 0x00000000e5500000| Untracked 
|  86|0x00000000e5600000, 0x00000000e5600000, 0x00000000e5700000|  0%| F|  |TAMS 0x00000000e5600000, 0x00000000e5600000| Untracked 
|  87|0x00000000e5700000, 0x00000000e5700000, 0x00000000e5800000|  0%| F|  |TAMS 0x00000000e5700000, 0x00000000e5700000| Untracked 
|  88|0x00000000e5800000, 0x00000000e5800000, 0x00000000e5900000|  0%| F|  |TAMS 0x00000000e5800000, 0x00000000e5800000| Untracked 
|  89|0x00000000e5900000, 0x00000000e5900000, 0x00000000e5a00000|  0%| F|  |TAMS 0x00000000e5900000, 0x00000000e5900000| Untracked 
|  90|0x00000000e5a00000, 0x00000000e5a00000, 0x00000000e5b00000|  0%| F|  |TAMS 0x00000000e5a00000, 0x00000000e5a00000| Untracked 
|  91|0x00000000e5b00000, 0x00000000e5b00000, 0x00000000e5c00000|  0%| F|  |TAMS 0x00000000e5b00000, 0x00000000e5b00000| Untracked 
|  92|0x00000000e5c00000, 0x00000000e5c00000, 0x00000000e5d00000|  0%| F|  |TAMS 0x00000000e5c00000, 0x00000000e5c00000| Untracked 
|  93|0x00000000e5d00000, 0x00000000e5d00000, 0x00000000e5e00000|  0%| F|  |TAMS 0x00000000e5d00000, 0x00000000e5d00000| Untracked 
|  94|0x00000000e5e00000, 0x00000000e5e00000, 0x00000000e5f00000|  0%| F|  |TAMS 0x00000000e5e00000, 0x00000000e5e00000| Untracked 
|  95|0x00000000e5f00000, 0x00000000e5f00000, 0x00000000e6000000|  0%| F|  |TAMS 0x00000000e5f00000, 0x00000000e5f00000| Untracked 
|  96|0x00000000e6000000, 0x00000000e6000000, 0x00000000e6100000|  0%| F|  |TAMS 0x00000000e6000000, 0x00000000e6000000| Untracked 
|  97|0x00000000e6100000, 0x00000000e6100000, 0x00000000e6200000|  0%| F|  |TAMS 0x00000000e6100000, 0x00000000e6100000| Untracked 
|  98|0x00000000e6200000, 0x00000000e6200000, 0x00000000e6300000|  0%| F|  |TAMS 0x00000000e6200000, 0x00000000e6200000| Untracked 
|  99|0x00000000e6300000, 0x00000000e6300000, 0x00000000e6400000|  0%| F|  |TAMS 0x00000000e6300000, 0x00000000e6300000| Untracked 
| 100|0x00000000e6400000, 0x00000000e6400000, 0x00000000e6500000|  0%| F|  |TAMS 0x00000000e6400000, 0x00000000e6400000| Untracked 
| 101|0x00000000e6500000, 0x00000000e6500000, 0x00000000e6600000|  0%| F|  |TAMS 0x00000000e6500000, 0x00000000e6500000| Untracked 
| 102|0x00000000e6600000, 0x00000000e6600000, 0x00000000e6700000|  0%| F|  |TAMS 0x00000000e6600000, 0x00000000e6600000| Untracked 
| 103|0x00000000e6700000, 0x00000000e6700000, 0x00000000e6800000|  0%| F|  |TAMS 0x00000000e6700000, 0x00000000e6700000| Untracked 
| 104|0x00000000e6800000, 0x00000000e6800000, 0x00000000e6900000|  0%| F|  |TAMS 0x00000000e6800000, 0x00000000e6800000| Untracked 
| 105|0x00000000e6900000, 0x00000000e6900000, 0x00000000e6a00000|  0%| F|  |TAMS 0x00000000e6900000, 0x00000000e6900000| Untracked 
| 106|0x00000000e6a00000, 0x00000000e6a00000, 0x00000000e6b00000|  0%| F|  |TAMS 0x00000000e6a00000, 0x00000000e6a00000| Untracked 
| 107|0x00000000e6b00000, 0x00000000e6b00000, 0x00000000e6c00000|  0%| F|  |TAMS 0x00000000e6b00000, 0x00000000e6b00000| Untracked 
| 108|0x00000000e6c00000, 0x00000000e6c00000, 0x00000000e6d00000|  0%| F|  |TAMS 0x00000000e6c00000, 0x00000000e6c00000| Untracked 
| 109|0x00000000e6d00000, 0x00000000e6d00000, 0x00000000e6e00000|  0%| F|  |TAMS 0x00000000e6d00000, 0x00000000e6d00000| Untracked 
| 110|0x00000000e6e00000, 0x00000000e6e00000, 0x00000000e6f00000|  0%| F|  |TAMS 0x00000000e6e00000, 0x00000000e6e00000| Untracked 
| 111|0x00000000e6f00000, 0x00000000e6f00000, 0x00000000e7000000|  0%| F|  |TAMS 0x00000000e6f00000, 0x00000000e6f00000| Untracked 
| 112|0x00000000e7000000, 0x00000000e7000000, 0x00000000e7100000|  0%| F|  |TAMS 0x00000000e7000000, 0x00000000e7000000| Untracked 
| 113|0x00000000e7100000, 0x00000000e7100000, 0x00000000e7200000|  0%| F|  |TAMS 0x00000000e7100000, 0x00000000e7100000| Untracked 
| 114|0x00000000e7200000, 0x00000000e7200000, 0x00000000e7300000|  0%| F|  |TAMS 0x00000000e7200000, 0x00000000e7200000| Untracked 
| 115|0x00000000e7300000, 0x00000000e7300000, 0x00000000e7400000|  0%| F|  |TAMS 0x00000000e7300000, 0x00000000e7300000| Untracked 
| 116|0x00000000e7400000, 0x00000000e7400000, 0x00000000e7500000|  0%| F|  |TAMS 0x00000000e7400000, 0x00000000e7400000| Untracked 
| 117|0x00000000e7500000, 0x00000000e7500000, 0x00000000e7600000|  0%| F|  |TAMS 0x00000000e7500000, 0x00000000e7500000| Untracked 
| 118|0x00000000e7600000, 0x00000000e7600000, 0x00000000e7700000|  0%| F|  |TAMS 0x00000000e7600000, 0x00000000e7600000| Untracked 
| 119|0x00000000e7700000, 0x00000000e7700000, 0x00000000e7800000|  0%| F|  |TAMS 0x00000000e7700000, 0x00000000e7700000| Untracked 
| 120|0x00000000e7800000, 0x00000000e7800000, 0x00000000e7900000|  0%| F|  |TAMS 0x00000000e7800000, 0x00000000e7800000| Untracked 
| 121|0x00000000e7900000, 0x00000000e7900000, 0x00000000e7a00000|  0%| F|  |TAMS 0x00000000e7900000, 0x00000000e7900000| Untracked 
| 122|0x00000000e7a00000, 0x00000000e7a00000, 0x00000000e7b00000|  0%| F|  |TAMS 0x00000000e7a00000, 0x00000000e7a00000| Untracked 
| 123|0x00000000e7b00000, 0x00000000e7b00000, 0x00000000e7c00000|  0%| F|  |TAMS 0x00000000e7b00000, 0x00000000e7b00000| Untracked 
| 124|0x00000000e7c00000, 0x00000000e7c00000, 0x00000000e7d00000|  0%| F|  |TAMS 0x00000000e7c00000, 0x00000000e7c00000| Untracked 
| 125|0x00000000e7d00000, 0x00000000e7d00000, 0x00000000e7e00000|  0%| F|  |TAMS 0x00000000e7d00000, 0x00000000e7d00000| Untracked 
| 126|0x00000000e7e00000, 0x00000000e7e00000, 0x00000000e7f00000|  0%| F|  |TAMS 0x00000000e7e00000, 0x00000000e7e00000| Untracked 
| 127|0x00000000e7f00000, 0x00000000e7f00000, 0x00000000e8000000|  0%| F|  |TAMS 0x00000000e7f00000, 0x00000000e7f00000| Untracked 
| 128|0x00000000e8000000, 0x00000000e8000000, 0x00000000e8100000|  0%| F|  |TAMS 0x00000000e8000000, 0x00000000e8000000| Untracked 
| 129|0x00000000e8100000, 0x00000000e8100000, 0x00000000e8200000|  0%| F|  |TAMS 0x00000000e8100000, 0x00000000e8100000| Untracked 
| 130|0x00000000e8200000, 0x00000000e8200000, 0x00000000e8300000|  0%| F|  |TAMS 0x00000000e8200000, 0x00000000e8200000| Untracked 
| 131|0x00000000e8300000, 0x00000000e8300000, 0x00000000e8400000|  0%| F|  |TAMS 0x00000000e8300000, 0x00000000e8300000| Untracked 
| 132|0x00000000e8400000, 0x00000000e8400000, 0x00000000e8500000|  0%| F|  |TAMS 0x00000000e8400000, 0x00000000e8400000| Untracked 
| 133|0x00000000e8500000, 0x00000000e8500000, 0x00000000e8600000|  0%| F|  |TAMS 0x00000000e8500000, 0x00000000e8500000| Untracked 
| 134|0x00000000e8600000, 0x00000000e8600000, 0x00000000e8700000|  0%| F|  |TAMS 0x00000000e8600000, 0x00000000e8600000| Untracked 
| 135|0x00000000e8700000, 0x00000000e8700000, 0x00000000e8800000|  0%| F|  |TAMS 0x00000000e8700000, 0x00000000e8700000| Untracked 
| 136|0x00000000e8800000, 0x00000000e8800000, 0x00000000e8900000|  0%| F|  |TAMS 0x00000000e8800000, 0x00000000e8800000| Untracked 
| 137|0x00000000e8900000, 0x00000000e8900000, 0x00000000e8a00000|  0%| F|  |TAMS 0x00000000e8900000, 0x00000000e8900000| Untracked 
| 138|0x00000000e8a00000, 0x00000000e8a00000, 0x00000000e8b00000|  0%| F|  |TAMS 0x00000000e8a00000, 0x00000000e8a00000| Untracked 
| 139|0x00000000e8b00000, 0x00000000e8b00000, 0x00000000e8c00000|  0%| F|  |TAMS 0x00000000e8b00000, 0x00000000e8b00000| Untracked 
| 140|0x00000000e8c00000, 0x00000000e8c00000, 0x00000000e8d00000|  0%| F|  |TAMS 0x00000000e8c00000, 0x00000000e8c00000| Untracked 
| 141|0x00000000e8d00000, 0x00000000e8d00000, 0x00000000e8e00000|  0%| F|  |TAMS 0x00000000e8d00000, 0x00000000e8d00000| Untracked 
| 142|0x00000000e8e00000, 0x00000000e8e00000, 0x00000000e8f00000|  0%| F|  |TAMS 0x00000000e8e00000, 0x00000000e8e00000| Untracked 
| 143|0x00000000e8f00000, 0x00000000e8f00000, 0x00000000e9000000|  0%| F|  |TAMS 0x00000000e8f00000, 0x00000000e8f00000| Untracked 
| 144|0x00000000e9000000, 0x00000000e9000000, 0x00000000e9100000|  0%| F|  |TAMS 0x00000000e9000000, 0x00000000e9000000| Untracked 
| 145|0x00000000e9100000, 0x00000000e9100000, 0x00000000e9200000|  0%| F|  |TAMS 0x00000000e9100000, 0x00000000e9100000| Untracked 
| 146|0x00000000e9200000, 0x00000000e9200000, 0x00000000e9300000|  0%| F|  |TAMS 0x00000000e9200000, 0x00000000e9200000| Untracked 
| 147|0x00000000e9300000, 0x00000000e9300000, 0x00000000e9400000|  0%| F|  |TAMS 0x00000000e9300000, 0x00000000e9300000| Untracked 
| 148|0x00000000e9400000, 0x00000000e9400000, 0x00000000e9500000|  0%| F|  |TAMS 0x00000000e9400000, 0x00000000e9400000| Untracked 
| 149|0x00000000e9500000, 0x00000000e9500000, 0x00000000e9600000|  0%| F|  |TAMS 0x00000000e9500000, 0x00000000e9500000| Untracked 
| 150|0x00000000e9600000, 0x00000000e9600000, 0x00000000e9700000|  0%| F|  |TAMS 0x00000000e9600000, 0x00000000e9600000| Untracked 
| 151|0x00000000e9700000, 0x00000000e9700000, 0x00000000e9800000|  0%| F|  |TAMS 0x00000000e9700000, 0x00000000e9700000| Untracked 
| 152|0x00000000e9800000, 0x00000000e9800000, 0x00000000e9900000|  0%| F|  |TAMS 0x00000000e9800000, 0x00000000e9800000| Untracked 
| 153|0x00000000e9900000, 0x00000000e9900000, 0x00000000e9a00000|  0%| F|  |TAMS 0x00000000e9900000, 0x00000000e9900000| Untracked 
| 154|0x00000000e9a00000, 0x00000000e9a00000, 0x00000000e9b00000|  0%| F|  |TAMS 0x00000000e9a00000, 0x00000000e9a00000| Untracked 
| 155|0x00000000e9b00000, 0x00000000e9b00000, 0x00000000e9c00000|  0%| F|  |TAMS 0x00000000e9b00000, 0x00000000e9b00000| Untracked 
| 156|0x00000000e9c00000, 0x00000000e9c00000, 0x00000000e9d00000|  0%| F|  |TAMS 0x00000000e9c00000, 0x00000000e9c00000| Untracked 
| 157|0x00000000e9d00000, 0x00000000e9d00000, 0x00000000e9e00000|  0%| F|  |TAMS 0x00000000e9d00000, 0x00000000e9d00000| Untracked 
| 158|0x00000000e9e00000, 0x00000000e9e00000, 0x00000000e9f00000|  0%| F|  |TAMS 0x00000000e9e00000, 0x00000000e9e00000| Untracked 
| 159|0x00000000e9f00000, 0x00000000e9f00000, 0x00000000ea000000|  0%| F|  |TAMS 0x00000000e9f00000, 0x00000000e9f00000| Untracked 
| 160|0x00000000ea000000, 0x00000000ea000000, 0x00000000ea100000|  0%| F|  |TAMS 0x00000000ea000000, 0x00000000ea000000| Untracked 
| 161|0x00000000ea100000, 0x00000000ea100000, 0x00000000ea200000|  0%| F|  |TAMS 0x00000000ea100000, 0x00000000ea100000| Untracked 
| 162|0x00000000ea200000, 0x00000000ea200000, 0x00000000ea300000|  0%| F|  |TAMS 0x00000000ea200000, 0x00000000ea200000| Untracked 
| 163|0x00000000ea300000, 0x00000000ea300000, 0x00000000ea400000|  0%| F|  |TAMS 0x00000000ea300000, 0x00000000ea300000| Untracked 
| 164|0x00000000ea400000, 0x00000000ea400000, 0x00000000ea500000|  0%| F|  |TAMS 0x00000000ea400000, 0x00000000ea400000| Untracked 
| 165|0x00000000ea500000, 0x00000000ea500000, 0x00000000ea600000|  0%| F|  |TAMS 0x00000000ea500000, 0x00000000ea500000| Untracked 
| 166|0x00000000ea600000, 0x00000000ea600000, 0x00000000ea700000|  0%| F|  |TAMS 0x00000000ea600000, 0x00000000ea600000| Untracked 
| 167|0x00000000ea700000, 0x00000000ea700000, 0x00000000ea800000|  0%| F|  |TAMS 0x00000000ea700000, 0x00000000ea700000| Untracked 
| 168|0x00000000ea800000, 0x00000000ea800000, 0x00000000ea900000|  0%| F|  |TAMS 0x00000000ea800000, 0x00000000ea800000| Untracked 
| 169|0x00000000ea900000, 0x00000000ea900000, 0x00000000eaa00000|  0%| F|  |TAMS 0x00000000ea900000, 0x00000000ea900000| Untracked 
| 170|0x00000000eaa00000, 0x00000000eaa00000, 0x00000000eab00000|  0%| F|  |TAMS 0x00000000eaa00000, 0x00000000eaa00000| Untracked 
| 171|0x00000000eab00000, 0x00000000eab00000, 0x00000000eac00000|  0%| F|  |TAMS 0x00000000eab00000, 0x00000000eab00000| Untracked 
| 172|0x00000000eac00000, 0x00000000eac00000, 0x00000000ead00000|  0%| F|  |TAMS 0x00000000eac00000, 0x00000000eac00000| Untracked 
| 173|0x00000000ead00000, 0x00000000ead00000, 0x00000000eae00000|  0%| F|  |TAMS 0x00000000ead00000, 0x00000000ead00000| Untracked 
| 174|0x00000000eae00000, 0x00000000eae00000, 0x00000000eaf00000|  0%| F|  |TAMS 0x00000000eae00000, 0x00000000eae00000| Untracked 
| 175|0x00000000eaf00000, 0x00000000eaf00000, 0x00000000eb000000|  0%| F|  |TAMS 0x00000000eaf00000, 0x00000000eaf00000| Untracked 
| 176|0x00000000eb000000, 0x00000000eb000000, 0x00000000eb100000|  0%| F|  |TAMS 0x00000000eb000000, 0x00000000eb000000| Untracked 
| 177|0x00000000eb100000, 0x00000000eb100000, 0x00000000eb200000|  0%| F|  |TAMS 0x00000000eb100000, 0x00000000eb100000| Untracked 
| 178|0x00000000eb200000, 0x00000000eb200000, 0x00000000eb300000|  0%| F|  |TAMS 0x00000000eb200000, 0x00000000eb200000| Untracked 
| 179|0x00000000eb300000, 0x00000000eb300000, 0x00000000eb400000|  0%| F|  |TAMS 0x00000000eb300000, 0x00000000eb300000| Untracked 
| 180|0x00000000eb400000, 0x00000000eb400000, 0x00000000eb500000|  0%| F|  |TAMS 0x00000000eb400000, 0x00000000eb400000| Untracked 
| 181|0x00000000eb500000, 0x00000000eb500000, 0x00000000eb600000|  0%| F|  |TAMS 0x00000000eb500000, 0x00000000eb500000| Untracked 
| 182|0x00000000eb600000, 0x00000000eb600000, 0x00000000eb700000|  0%| F|  |TAMS 0x00000000eb600000, 0x00000000eb600000| Untracked 
| 183|0x00000000eb700000, 0x00000000eb700000, 0x00000000eb800000|  0%| F|  |TAMS 0x00000000eb700000, 0x00000000eb700000| Untracked 
| 184|0x00000000eb800000, 0x00000000eb800000, 0x00000000eb900000|  0%| F|  |TAMS 0x00000000eb800000, 0x00000000eb800000| Untracked 
| 185|0x00000000eb900000, 0x00000000eb900000, 0x00000000eba00000|  0%| F|  |TAMS 0x00000000eb900000, 0x00000000eb900000| Untracked 
| 186|0x00000000eba00000, 0x00000000eba00000, 0x00000000ebb00000|  0%| F|  |TAMS 0x00000000eba00000, 0x00000000eba00000| Untracked 
| 187|0x00000000ebb00000, 0x00000000ebb00000, 0x00000000ebc00000|  0%| F|  |TAMS 0x00000000ebb00000, 0x00000000ebb00000| Untracked 
| 188|0x00000000ebc00000, 0x00000000ebc00000, 0x00000000ebd00000|  0%| F|  |TAMS 0x00000000ebc00000, 0x00000000ebc00000| Untracked 
| 189|0x00000000ebd00000, 0x00000000ebd00000, 0x00000000ebe00000|  0%| F|  |TAMS 0x00000000ebd00000, 0x00000000ebd00000| Untracked 
| 190|0x00000000ebe00000, 0x00000000ebe00000, 0x00000000ebf00000|  0%| F|  |TAMS 0x00000000ebe00000, 0x00000000ebe00000| Untracked 
| 191|0x00000000ebf00000, 0x00000000ebf00000, 0x00000000ec000000|  0%| F|  |TAMS 0x00000000ebf00000, 0x00000000ebf00000| Untracked 
| 192|0x00000000ec000000, 0x00000000ec000000, 0x00000000ec100000|  0%| F|  |TAMS 0x00000000ec000000, 0x00000000ec000000| Untracked 
| 193|0x00000000ec100000, 0x00000000ec100000, 0x00000000ec200000|  0%| F|  |TAMS 0x00000000ec100000, 0x00000000ec100000| Untracked 
| 194|0x00000000ec200000, 0x00000000ec200000, 0x00000000ec300000|  0%| F|  |TAMS 0x00000000ec200000, 0x00000000ec200000| Untracked 
| 195|0x00000000ec300000, 0x00000000ec300000, 0x00000000ec400000|  0%| F|  |TAMS 0x00000000ec300000, 0x00000000ec300000| Untracked 
| 196|0x00000000ec400000, 0x00000000ec400000, 0x00000000ec500000|  0%| F|  |TAMS 0x00000000ec400000, 0x00000000ec400000| Untracked 
| 197|0x00000000ec500000, 0x00000000ec500000, 0x00000000ec600000|  0%| F|  |TAMS 0x00000000ec500000, 0x00000000ec500000| Untracked 
| 198|0x00000000ec600000, 0x00000000ec600000, 0x00000000ec700000|  0%| F|  |TAMS 0x00000000ec600000, 0x00000000ec600000| Untracked 
| 199|0x00000000ec700000, 0x00000000ec700000, 0x00000000ec800000|  0%| F|  |TAMS 0x00000000ec700000, 0x00000000ec700000| Untracked 
| 200|0x00000000ec800000, 0x00000000ec800000, 0x00000000ec900000|  0%| F|  |TAMS 0x00000000ec800000, 0x00000000ec800000| Untracked 
| 201|0x00000000ec900000, 0x00000000ec900000, 0x00000000eca00000|  0%| F|  |TAMS 0x00000000ec900000, 0x00000000ec900000| Untracked 
| 202|0x00000000eca00000, 0x00000000eca00000, 0x00000000ecb00000|  0%| F|  |TAMS 0x00000000eca00000, 0x00000000eca00000| Untracked 
| 203|0x00000000ecb00000, 0x00000000ecb00000, 0x00000000ecc00000|  0%| F|  |TAMS 0x00000000ecb00000, 0x00000000ecb00000| Untracked 
| 204|0x00000000ecc00000, 0x00000000ecc00000, 0x00000000ecd00000|  0%| F|  |TAMS 0x00000000ecc00000, 0x00000000ecc00000| Untracked 
| 205|0x00000000ecd00000, 0x00000000ecd00000, 0x00000000ece00000|  0%| F|  |TAMS 0x00000000ecd00000, 0x00000000ecd00000| Untracked 
| 206|0x00000000ece00000, 0x00000000ece00000, 0x00000000ecf00000|  0%| F|  |TAMS 0x00000000ece00000, 0x00000000ece00000| Untracked 
| 207|0x00000000ecf00000, 0x00000000ecf00000, 0x00000000ed000000|  0%| F|  |TAMS 0x00000000ecf00000, 0x00000000ecf00000| Untracked 
| 208|0x00000000ed000000, 0x00000000ed000000, 0x00000000ed100000|  0%| F|  |TAMS 0x00000000ed000000, 0x00000000ed000000| Untracked 
| 209|0x00000000ed100000, 0x00000000ed100000, 0x00000000ed200000|  0%| F|  |TAMS 0x00000000ed100000, 0x00000000ed100000| Untracked 
| 210|0x00000000ed200000, 0x00000000ed200000, 0x00000000ed300000|  0%| F|  |TAMS 0x00000000ed200000, 0x00000000ed200000| Untracked 
| 211|0x00000000ed300000, 0x00000000ed300000, 0x00000000ed400000|  0%| F|  |TAMS 0x00000000ed300000, 0x00000000ed300000| Untracked 
| 212|0x00000000ed400000, 0x00000000ed400000, 0x00000000ed500000|  0%| F|  |TAMS 0x00000000ed400000, 0x00000000ed400000| Untracked 
| 213|0x00000000ed500000, 0x00000000ed500000, 0x00000000ed600000|  0%| F|  |TAMS 0x00000000ed500000, 0x00000000ed500000| Untracked 
| 214|0x00000000ed600000, 0x00000000ed600000, 0x00000000ed700000|  0%| F|  |TAMS 0x00000000ed600000, 0x00000000ed600000| Untracked 
| 215|0x00000000ed700000, 0x00000000ed700000, 0x00000000ed800000|  0%| F|  |TAMS 0x00000000ed700000, 0x00000000ed700000| Untracked 
| 216|0x00000000ed800000, 0x00000000ed800000, 0x00000000ed900000|  0%| F|  |TAMS 0x00000000ed800000, 0x00000000ed800000| Untracked 
| 217|0x00000000ed900000, 0x00000000ed900000, 0x00000000eda00000|  0%| F|  |TAMS 0x00000000ed900000, 0x00000000ed900000| Untracked 
| 218|0x00000000eda00000, 0x00000000eda00000, 0x00000000edb00000|  0%| F|  |TAMS 0x00000000eda00000, 0x00000000eda00000| Untracked 
| 219|0x00000000edb00000, 0x00000000edb00000, 0x00000000edc00000|  0%| F|  |TAMS 0x00000000edb00000, 0x00000000edb00000| Untracked 
| 220|0x00000000edc00000, 0x00000000edc00000, 0x00000000edd00000|  0%| F|  |TAMS 0x00000000edc00000, 0x00000000edc00000| Untracked 
| 221|0x00000000edd00000, 0x00000000edd00000, 0x00000000ede00000|  0%| F|  |TAMS 0x00000000edd00000, 0x00000000edd00000| Untracked 
| 222|0x00000000ede00000, 0x00000000ede00000, 0x00000000edf00000|  0%| F|  |TAMS 0x00000000ede00000, 0x00000000ede00000| Untracked 
| 223|0x00000000edf00000, 0x00000000edf00000, 0x00000000ee000000|  0%| F|  |TAMS 0x00000000edf00000, 0x00000000edf00000| Untracked 
| 224|0x00000000ee000000, 0x00000000ee000000, 0x00000000ee100000|  0%| F|  |TAMS 0x00000000ee000000, 0x00000000ee000000| Untracked 
| 225|0x00000000ee100000, 0x00000000ee100000, 0x00000000ee200000|  0%| F|  |TAMS 0x00000000ee100000, 0x00000000ee100000| Untracked 
| 226|0x00000000ee200000, 0x00000000ee200000, 0x00000000ee300000|  0%| F|  |TAMS 0x00000000ee200000, 0x00000000ee200000| Untracked 
| 227|0x00000000ee300000, 0x00000000ee300000, 0x00000000ee400000|  0%| F|  |TAMS 0x00000000ee300000, 0x00000000ee300000| Untracked 
| 228|0x00000000ee400000, 0x00000000ee400000, 0x00000000ee500000|  0%| F|  |TAMS 0x00000000ee400000, 0x00000000ee400000| Untracked 
| 229|0x00000000ee500000, 0x00000000ee500000, 0x00000000ee600000|  0%| F|  |TAMS 0x00000000ee500000, 0x00000000ee500000| Untracked 
| 230|0x00000000ee600000, 0x00000000ee600000, 0x00000000ee700000|  0%| F|  |TAMS 0x00000000ee600000, 0x00000000ee600000| Untracked 
| 231|0x00000000ee700000, 0x00000000ee700000, 0x00000000ee800000|  0%| F|  |TAMS 0x00000000ee700000, 0x00000000ee700000| Untracked 
| 232|0x00000000ee800000, 0x00000000ee800000, 0x00000000ee900000|  0%| F|  |TAMS 0x00000000ee800000, 0x00000000ee800000| Untracked 
| 233|0x00000000ee900000, 0x00000000ee900000, 0x00000000eea00000|  0%| F|  |TAMS 0x00000000ee900000, 0x00000000ee900000| Untracked 
| 234|0x00000000eea00000, 0x00000000eea00000, 0x00000000eeb00000|  0%| F|  |TAMS 0x00000000eea00000, 0x00000000eea00000| Untracked 
| 235|0x00000000eeb00000, 0x00000000eeb00000, 0x00000000eec00000|  0%| F|  |TAMS 0x00000000eeb00000, 0x00000000eeb00000| Untracked 
| 236|0x00000000eec00000, 0x00000000eec00000, 0x00000000eed00000|  0%| F|  |TAMS 0x00000000eec00000, 0x00000000eec00000| Untracked 
| 237|0x00000000eed00000, 0x00000000eed00000, 0x00000000eee00000|  0%| F|  |TAMS 0x00000000eed00000, 0x00000000eed00000| Untracked 
| 238|0x00000000eee00000, 0x00000000eee00000, 0x00000000eef00000|  0%| F|  |TAMS 0x00000000eee00000, 0x00000000eee00000| Untracked 
| 239|0x00000000eef00000, 0x00000000eef00000, 0x00000000ef000000|  0%| F|  |TAMS 0x00000000eef00000, 0x00000000eef00000| Untracked 
| 240|0x00000000ef000000, 0x00000000ef000000, 0x00000000ef100000|  0%| F|  |TAMS 0x00000000ef000000, 0x00000000ef000000| Untracked 
| 241|0x00000000ef100000, 0x00000000ef100000, 0x00000000ef200000|  0%| F|  |TAMS 0x00000000ef100000, 0x00000000ef100000| Untracked 
| 242|0x00000000ef200000, 0x00000000ef200000, 0x00000000ef300000|  0%| F|  |TAMS 0x00000000ef200000, 0x00000000ef200000| Untracked 
| 243|0x00000000ef300000, 0x00000000ef300000, 0x00000000ef400000|  0%| F|  |TAMS 0x00000000ef300000, 0x00000000ef300000| Untracked 
| 244|0x00000000ef400000, 0x00000000ef400000, 0x00000000ef500000|  0%| F|  |TAMS 0x00000000ef400000, 0x00000000ef400000| Untracked 
| 245|0x00000000ef500000, 0x00000000ef600000, 0x00000000ef600000|100%| E|  |TAMS 0x00000000ef500000, 0x00000000ef500000| Complete 
| 246|0x00000000ef600000, 0x00000000ef700000, 0x00000000ef700000|100%| E|CS|TAMS 0x00000000ef600000, 0x00000000ef600000| Complete 
| 247|0x00000000ef700000, 0x00000000ef800000, 0x00000000ef800000|100%| E|CS|TAMS 0x00000000ef700000, 0x00000000ef700000| Complete 
| 248|0x00000000ef800000, 0x00000000ef900000, 0x00000000ef900000|100%| E|CS|TAMS 0x00000000ef800000, 0x00000000ef800000| Complete 
| 249|0x00000000ef900000, 0x00000000efa00000, 0x00000000efa00000|100%| E|CS|TAMS 0x00000000ef900000, 0x00000000ef900000| Complete 
| 250|0x00000000efa00000, 0x00000000efb00000, 0x00000000efb00000|100%| E|CS|TAMS 0x00000000efa00000, 0x00000000efa00000| Complete 
| 251|0x00000000efb00000, 0x00000000efc00000, 0x00000000efc00000|100%| E|CS|TAMS 0x00000000efb00000, 0x00000000efb00000| Complete 
| 252|0x00000000efc00000, 0x00000000efd00000, 0x00000000efd00000|100%| E|  |TAMS 0x00000000efc00000, 0x00000000efc00000| Complete 
| 253|0x00000000efd00000, 0x00000000efe00000, 0x00000000efe00000|100%| E|CS|TAMS 0x00000000efd00000, 0x00000000efd00000| Complete 
| 254|0x00000000efe00000, 0x00000000efe50170, 0x00000000eff00000| 31%| S|CS|TAMS 0x00000000efe00000, 0x00000000efe00000| Complete 
| 255|0x00000000eff00000, 0x00000000f0000000, 0x00000000f0000000|100%| E|CS|TAMS 0x00000000eff00000, 0x00000000eff00000| Complete 

Card table byte_map: [0x0000028ade9c0000,0x0000028adeac0000] _byte_map_base: 0x0000028ade2c0000

Marking Bits (Prev, Next): (CMBitMap*) 0x0000028ac5e175e0, (CMBitMap*) 0x0000028ac5e17620
 Prev Bits: [0x0000028adebc0000, 0x0000028adf3c0000)
 Next Bits: [0x0000028adf3c0000, 0x0000028adfbc0000)

Polling page: 0x0000028ac5eb0000

Metaspace:

Usage:
  Non-class:     31.35 MB used.
      Class:      5.14 MB used.
       Both:     36.49 MB used.

Virtual space:
  Non-class space:       64.00 MB reserved,      31.56 MB ( 49%) committed,  1 nodes.
      Class space:      320.00 MB reserved,       5.38 MB (  2%) committed,  1 nodes.
             Both:      384.00 MB reserved,      36.94 MB ( 10%) committed. 

Chunk freelists:
   Non-Class:  38.00 KB
       Class:  10.65 MB
        Both:  10.69 MB

MaxMetaspaceSize: 384.00 MB
CompressedClassSpaceSize: 320.00 MB
Initial GC threshold: 21.00 MB
Current GC threshold: 59.38 MB
CDS: on
MetaspaceReclaimPolicy: balanced
 - commit_granule_bytes: 65536.
 - commit_granule_words: 8192.
 - virtual_space_node_default_size: 8388608.
 - enlarge_chunks_in_place: 1.
 - new_chunks_are_fully_committed: 0.
 - uncommit_free_chunks: 1.
 - use_allocation_guard: 0.
 - handle_deallocations: 1.


Internal statistics:

num_allocs_failed_limit: 9.
num_arena_births: 510.
num_arena_deaths: 0.
num_vsnodes_births: 2.
num_vsnodes_deaths: 0.
num_space_committed: 591.
num_space_uncommitted: 0.
num_chunks_returned_to_freelist: 9.
num_chunks_taken_from_freelist: 1925.
num_chunk_merges: 9.
num_chunk_splits: 1287.
num_chunks_enlarged: 886.
num_inconsistent_stats: 0.

CodeHeap 'non-profiled nmethods': size=120000Kb used=2212Kb max_used=2212Kb free=117787Kb
 bounds [0x0000028ad6920000, 0x0000028ad6b90000, 0x0000028adde50000]
CodeHeap 'profiled nmethods': size=120000Kb used=8341Kb max_used=8341Kb free=111658Kb
 bounds [0x0000028acee50000, 0x0000028acf680000, 0x0000028ad6380000]
CodeHeap 'non-nmethods': size=5760Kb used=1614Kb max_used=1695Kb free=4145Kb
 bounds [0x0000028ad6380000, 0x0000028ad65f0000, 0x0000028ad6920000]
 total_blobs=4861 nmethods=4193 adapters=580
 compilation: enabled
              stopped_count=0, restarted_count=0
 full_count=0

Compilation events (20 events):
Event: 5.999 Thread 0x0000028ae2631280 nmethod 4181 0x0000028acf66f390 code [0x0000028acf66f540, 0x0000028acf66f838]
Event: 5.999 Thread 0x0000028afe3c4080 4183   !   4       java.lang.invoke.MemberName::getMethodType (211 bytes)
Event: 6.001 Thread 0x0000028ae2631280 4186       3       org.gradle.internal.service.DefaultServiceRegistry$CompositeServiceProvider::getAll (43 bytes)
Event: 6.001 Thread 0x0000028ae2631280 nmethod 4186 0x0000028acf66f910 code [0x0000028acf66fac0, 0x0000028acf66fd88]
Event: 6.001 Thread 0x0000028ae2631280 4187       3       org.gradle.internal.service.DefaultServiceRegistry$ParentServices::getAll (12 bytes)
Event: 6.001 Thread 0x0000028ae2631280 nmethod 4187 0x0000028acf66ff10 code [0x0000028acf6700c0, 0x0000028acf670288]
Event: 6.002 Thread 0x0000028ae2631280 4188       3       com.google.common.collect.ImmutableList::<init> (5 bytes)
Event: 6.002 Thread 0x0000028ae2631280 nmethod 4188 0x0000028acf670390 code [0x0000028acf670540, 0x0000028acf670778]
Event: 6.002 Thread 0x0000028afe3c4080 nmethod 4183 0x0000028ad6b47290 code [0x0000028ad6b47460, 0x0000028ad6b47a88]
Event: 6.002 Thread 0x0000028afe3c4080 4184       4       jdk.internal.reflect.ClassFileAssembler::emitByte (11 bytes)
Event: 6.003 Thread 0x0000028afe3c4080 nmethod 4184 0x0000028ad6b47e10 code [0x0000028ad6b47fa0, 0x0000028ad6b480e8]
Event: 6.003 Thread 0x0000028afe3c4080 4189       4       java.lang.invoke.VarHandleByteArrayAsInts$ArrayHandle::get (36 bytes)
Event: 6.004 Thread 0x0000028afe3c4080 nmethod 4189 0x0000028ad6b48290 code [0x0000028ad6b48420, 0x0000028ad6b48558]
Event: 6.004 Thread 0x0000028afe3c4080 4185       4       java.lang.Class::annotationData (44 bytes)
Event: 6.007 Thread 0x0000028ae2631280 4190       3       com.google.common.cache.LongAddables::create (12 bytes)
Event: 6.007 Thread 0x0000028ae2631280 nmethod 4190 0x0000028acf670890 code [0x0000028acf670a60, 0x0000028acf670e18]
Event: 6.007 Thread 0x0000028ae2631280 4191       3       com.google.common.cache.LongAddables$1::get (5 bytes)
Event: 6.008 Thread 0x0000028ae2631280 nmethod 4191 0x0000028acf670f90 code [0x0000028acf671140, 0x0000028acf671498]
Event: 6.008 Thread 0x0000028ae2631280 4192       3       com.google.common.cache.LongAddables$1::get (8 bytes)
Event: 6.008 Thread 0x0000028ae2631280 nmethod 4192 0x0000028acf671610 code [0x0000028acf6717c0, 0x0000028acf671a98]

GC Heap History (12 events):
Event: 1.033 GC heap before
{Heap before GC invocations=0 (full 0):
 garbage-first heap   total 262144K, used 26624K [0x00000000e0000000, 0x0000000100000000)
  region size 1024K, 23 young (23552K), 0 survivors (0K)
 Metaspace       used 3009K, committed 3200K, reserved 393216K
  class space    used 384K, committed 448K, reserved 327680K
}
Event: 1.039 GC heap after
{Heap after GC invocations=1 (full 0):
 garbage-first heap   total 262144K, used 10485K [0x00000000e0000000, 0x0000000100000000)
  region size 1024K, 3 young (3072K), 3 survivors (3072K)
 Metaspace       used 3009K, committed 3200K, reserved 393216K
  class space    used 384K, committed 448K, reserved 327680K
}
Event: 1.416 GC heap before
{Heap before GC invocations=1 (full 0):
 garbage-first heap   total 262144K, used 38133K [0x00000000e0000000, 0x0000000100000000)
  region size 1024K, 30 young (30720K), 3 survivors (3072K)
 Metaspace       used 3994K, committed 4160K, reserved 393216K
  class space    used 491K, committed 576K, reserved 327680K
}
Event: 1.419 GC heap after
{Heap after GC invocations=2 (full 0):
 garbage-first heap   total 262144K, used 11601K [0x00000000e0000000, 0x0000000100000000)
  region size 1024K, 1 young (1024K), 1 survivors (1024K)
 Metaspace       used 3994K, committed 4160K, reserved 393216K
  class space    used 491K, committed 576K, reserved 327680K
}
Event: 3.948 GC heap before
{Heap before GC invocations=2 (full 0):
 garbage-first heap   total 262144K, used 130385K [0x00000000e0000000, 0x0000000100000000)
  region size 1024K, 117 young (119808K), 1 survivors (1024K)
 Metaspace       used 21240K, committed 21504K, reserved 393216K
  class space    used 3084K, committed 3200K, reserved 327680K
}
Event: 3.959 GC heap after
{Heap after GC invocations=3 (full 0):
 garbage-first heap   total 262144K, used 22594K [0x00000000e0000000, 0x0000000100000000)
  region size 1024K, 12 young (12288K), 12 survivors (12288K)
 Metaspace       used 21240K, committed 21504K, reserved 393216K
  class space    used 3084K, committed 3200K, reserved 327680K
}
Event: 5.824 GC heap before
{Heap before GC invocations=4 (full 0):
 garbage-first heap   total 262144K, used 144450K [0x00000000e0000000, 0x0000000100000000)
  region size 1024K, 133 young (136192K), 12 survivors (12288K)
 Metaspace       used 35568K, committed 35968K, reserved 393216K
  class space    used 5067K, committed 5248K, reserved 327680K
}
Event: 5.839 GC heap after
{Heap after GC invocations=5 (full 0):
 garbage-first heap   total 262144K, used 31316K [0x00000000e0000000, 0x0000000100000000)
  region size 1024K, 9 young (9216K), 9 survivors (9216K)
 Metaspace       used 35568K, committed 35968K, reserved 393216K
  class space    used 5067K, committed 5248K, reserved 327680K
}
Event: 5.886 GC heap before
{Heap before GC invocations=5 (full 0):
 garbage-first heap   total 262144K, used 33364K [0x00000000e0000000, 0x0000000100000000)
  region size 1024K, 12 young (12288K), 9 survivors (9216K)
 Metaspace       used 35909K, committed 36288K, reserved 393216K
  class space    used 5124K, committed 5312K, reserved 327680K
}
Event: 5.898 GC heap after
{Heap after GC invocations=6 (full 0):
 garbage-first heap   total 262144K, used 31358K [0x00000000e0000000, 0x0000000100000000)
  region size 1024K, 1 young (1024K), 1 survivors (1024K)
 Metaspace       used 35909K, committed 36288K, reserved 393216K
  class space    used 5124K, committed 5312K, reserved 327680K
}
Event: 5.898 GC heap before
{Heap before GC invocations=6 (full 0):
 garbage-first heap   total 262144K, used 31358K [0x00000000e0000000, 0x0000000100000000)
  region size 1024K, 2 young (2048K), 1 survivors (1024K)
 Metaspace       used 35909K, committed 36288K, reserved 393216K
  class space    used 5124K, committed 5312K, reserved 327680K
}
Event: 5.899 GC heap after
{Heap after GC invocations=7 (full 0):
 garbage-first heap   total 262144K, used 30654K [0x00000000e0000000, 0x0000000100000000)
  region size 1024K, 1 young (1024K), 1 survivors (1024K)
 Metaspace       used 35909K, committed 36288K, reserved 393216K
  class space    used 5124K, committed 5312K, reserved 327680K
}

Deoptimization events (20 events):
Event: 5.795 Thread 0x0000028afdb63070 Uncommon trap: trap_request=0xffffff45 fr.pc=0x0000028ad6b02ab8 relative=0x00000000000002f8
Event: 5.795 Thread 0x0000028afdb63070 Uncommon trap: reason=unstable_if action=reinterpret pc=0x0000028ad6b02ab8 method=org.gradle.internal.reflect.PropertyAccessorType.isGetGetterName(Ljava/lang/String;)Z @ 14 c2
Event: 5.795 Thread 0x0000028afdb63070 DEOPT PACKING pc=0x0000028ad6b02ab8 sp=0x000000e027bf8ce0
Event: 5.795 Thread 0x0000028afdb63070 DEOPT UNPACKING pc=0x0000028ad63d5ba3 sp=0x000000e027bf8c38 mode 2
Event: 5.818 Thread 0x0000028afdb63070 Uncommon trap: trap_request=0xffffff45 fr.pc=0x0000028ad6a88e68 relative=0x00000000000000e8
Event: 5.818 Thread 0x0000028afdb63070 Uncommon trap: reason=unstable_if action=reinterpret pc=0x0000028ad6a88e68 method=org.objectweb.asm.ByteVector.putShort(I)Lorg/objectweb/asm/ByteVector; @ 13 c2
Event: 5.818 Thread 0x0000028afdb63070 DEOPT PACKING pc=0x0000028ad6a88e68 sp=0x000000e027bf88f0
Event: 5.818 Thread 0x0000028afdb63070 DEOPT UNPACKING pc=0x0000028ad63d5ba3 sp=0x000000e027bf8888 mode 2
Event: 5.971 Thread 0x0000028afdb63070 Uncommon trap: trap_request=0xffffff45 fr.pc=0x0000028ad699169c relative=0x00000000000001fc
Event: 5.971 Thread 0x0000028afdb63070 Uncommon trap: reason=unstable_if action=reinterpret pc=0x0000028ad699169c method=java.net.URI$Parser.scan(IILjava/lang/String;)I @ 26 c2
Event: 5.971 Thread 0x0000028afdb63070 DEOPT PACKING pc=0x0000028ad699169c sp=0x000000e027bf92f0
Event: 5.971 Thread 0x0000028afdb63070 DEOPT UNPACKING pc=0x0000028ad63d5ba3 sp=0x000000e027bf9270 mode 2
Event: 5.971 Thread 0x0000028afdb63070 Uncommon trap: trap_request=0xffffff45 fr.pc=0x0000028ad698d3bc relative=0x000000000000011c
Event: 5.971 Thread 0x0000028afdb63070 Uncommon trap: reason=unstable_if action=reinterpret pc=0x0000028ad698d3bc method=java.net.URI.match(CJJ)Z @ 45 c2
Event: 5.971 Thread 0x0000028afdb63070 DEOPT PACKING pc=0x0000028ad698d3bc sp=0x000000e027bf9050
Event: 5.971 Thread 0x0000028afdb63070 DEOPT UNPACKING pc=0x0000028ad63d5ba3 sp=0x000000e027bf8f88 mode 2
Event: 5.971 Thread 0x0000028afdb63070 Uncommon trap: trap_request=0xffffff45 fr.pc=0x0000028ad694a0c8 relative=0x0000000000000048
Event: 5.971 Thread 0x0000028afdb63070 Uncommon trap: reason=unstable_if action=reinterpret pc=0x0000028ad694a0c8 method=java.net.URI.match(CJJ)Z @ 19 c2
Event: 5.971 Thread 0x0000028afdb63070 DEOPT PACKING pc=0x0000028ad694a0c8 sp=0x000000e027bf9060
Event: 5.971 Thread 0x0000028afdb63070 DEOPT UNPACKING pc=0x0000028ad63d5ba3 sp=0x000000e027bf9010 mode 2

Classes unloaded (0 events):
No events

Classes redefined (0 events):
No events

Internal exceptions (20 events):
Event: 5.078 Thread 0x0000028afdb63070 Exception <a 'java/lang/NoSuchMethodError'{0x00000000eb443528}: 'java.lang.Object java.lang.invoke.DirectMethodHandle$Holder.invokeStatic(java.lang.Object, java.lang.Object, java.lang.Object, java.lang.Object, java.lang.Object, java.lang.Object, java.lang.Object, java.lang.Object, java.lang.Object, java.lang.Object, java.lang.Object, java.lang.Object, java.lang.Object, java.lang.Object, java.lang.Object, java.lang.Object, java.lang.Object)'> (0x00000000eb443528) 
thrown [s\open\src\hotspot\share\interprete
Event: 5.079 Thread 0x0000028afdb63070 Exception <a 'java/lang/NoSuchMethodError'{0x00000000eb46c7c8}: 'java.lang.Object java.lang.invoke.DirectMethodHandle$Holder.invokeStatic(java.lang.Object, java.lang.Object, java.lang.Object, java.lang.Object, java.lang.Object, java.lang.Object, java.lang.Object, java.lang.Object, java.lang.Object, java.lang.Object, java.lang.Object, java.lang.Object, java.lang.Object, java.lang.Object, java.lang.Object, java.lang.Object, java.lang.Object, java.lang.Object)'> (0x00000000eb46c7c8) 
thrown [s\open\src\hotspo
Event: 5.080 Thread 0x0000028afdb63070 Exception <a 'java/lang/NoSuchMethodError'{0x00000000eb497048}: 'java.lang.Object java.lang.invoke.DirectMethodHandle$Holder.invokeStatic(java.lang.Object, java.lang.Object, java.lang.Object, java.lang.Object, java.lang.Object, java.lang.Object, java.lang.Object, java.lang.Object, java.lang.Object, java.lang.Object, java.lang.Object, java.lang.Object, java.lang.Object, java.lang.Object, java.lang.Object, java.lang.Object, java.lang.Object, java.lang.Object, java.lang.Object)'> (0x00000000eb497048) 
thrown 
Event: 5.081 Thread 0x0000028afdb63070 Exception <a 'java/lang/NoSuchMethodError'{0x00000000eb4c2a08}: 'java.lang.Object java.lang.invoke.DirectMethodHandle$Holder.invokeStatic(java.lang.Object, java.lang.Object, java.lang.Object, java.lang.Object, java.lang.Object, java.lang.Object, java.lang.Object, java.lang.Object, java.lang.Object, java.lang.Object, java.lang.Object, java.lang.Object, java.lang.Object, java.lang.Object, java.lang.Object, java.lang.Object, java.lang.Object, java.lang.Object, java.lang.Object, java.lang.Object)'> (0x00000000
Event: 5.083 Thread 0x0000028afdb63070 Exception <a 'java/lang/NoSuchMethodError'{0x00000000eb4eedb8}: 'java.lang.Object java.lang.invoke.DirectMethodHandle$Holder.invokeStatic(java.lang.Object, java.lang.Object, java.lang.Object, java.lang.Object, java.lang.Object, java.lang.Object, java.lang.Object, java.lang.Object, java.lang.Object, java.lang.Object, java.lang.Object, java.lang.Object, java.lang.Object, java.lang.Object, java.lang.Object, java.lang.Object, java.lang.Object, java.lang.Object, java.lang.Object, java.lang.Object, java.lang.Obj
Event: 5.084 Thread 0x0000028afdb63070 Exception <a 'java/lang/NoSuchMethodError'{0x00000000eb31c8f8}: 'java.lang.Object java.lang.invoke.DirectMethodHandle$Holder.invokeStatic(java.lang.Object, java.lang.Object, java.lang.Object, java.lang.Object, java.lang.Object, java.lang.Object, java.lang.Object, java.lang.Object, java.lang.Object, java.lang.Object, java.lang.Object, java.lang.Object, java.lang.Object, java.lang.Object, java.lang.Object, java.lang.Object, java.lang.Object, java.lang.Object, java.lang.Object, java.lang.Object, java.lang.Obj
Event: 5.086 Thread 0x0000028afdb63070 Exception <a 'java/lang/NoSuchMethodError'{0x00000000eb34ae78}: 'java.lang.Object java.lang.invoke.DirectMethodHandle$Holder.invokeStatic(java.lang.Object, java.lang.Object, java.lang.Object, java.lang.Object, java.lang.Object, java.lang.Object, java.lang.Object, java.lang.Object, java.lang.Object, java.lang.Object, java.lang.Object, java.lang.Object, java.lang.Object, java.lang.Object, java.lang.Object, java.lang.Object, java.lang.Object, java.lang.Object, java.lang.Object, java.lang.Object, java.lang.Obj
Event: 5.087 Thread 0x0000028afdb63070 Exception <a 'java/lang/NoSuchMethodError'{0x00000000eb379ea8}: 'java.lang.Object java.lang.invoke.DirectMethodHandle$Holder.invokeStatic(java.lang.Object, java.lang.Object, java.lang.Object, java.lang.Object, java.lang.Object, java.lang.Object, java.lang.Object, java.lang.Object, java.lang.Object, java.lang.Object, java.lang.Object, java.lang.Object, java.lang.Object, java.lang.Object, java.lang.Object, java.lang.Object, java.lang.Object, java.lang.Object, java.lang.Object, java.lang.Object, java.lang.Obj
Event: 5.088 Thread 0x0000028afdb63070 Exception <a 'java/lang/NoSuchMethodError'{0x00000000eb3aaf18}: 'java.lang.Object java.lang.invoke.DirectMethodHandle$Holder.invokeStatic(java.lang.Object, java.lang.Object, java.lang.Object, java.lang.Object, java.lang.Object, java.lang.Object, java.lang.Object, java.lang.Object, java.lang.Object, java.lang.Object, java.lang.Object, java.lang.Object, java.lang.Object, java.lang.Object, java.lang.Object, java.lang.Object, java.lang.Object, java.lang.Object, java.lang.Object, java.lang.Object, java.lang.Obj
Event: 5.088 Thread 0x0000028afdb63070 Exception <a 'java/lang/NoSuchMethodError'{0x00000000eb3dd5c0}: 'java.lang.Object java.lang.invoke.DirectMethodHandle$Holder.invokeStatic(java.lang.Object, java.lang.Object, java.lang.Object, java.lang.Object, java.lang.Object, java.lang.Object, java.lang.Object, java.lang.Object, java.lang.Object, java.lang.Object, java.lang.Object, java.lang.Object, java.lang.Object, java.lang.Object, java.lang.Object, java.lang.Object, java.lang.Object, java.lang.Object, java.lang.Object, java.lang.Object, java.lang.Obj
Event: 5.198 Thread 0x0000028afdb63070 Exception <a 'java/lang/IncompatibleClassChangeError'{0x00000000ea3942c8}: Found class java.lang.Object, but interface was expected> (0x00000000ea3942c8) 
thrown [s\open\src\hotspot\share\interpreter\linkResolver.cpp, line 826]
Event: 5.222 Thread 0x0000028afdb63070 Exception <a 'java/lang/NoSuchMethodError'{0x00000000ea252ec8}: 'java.lang.Object java.lang.invoke.DirectMethodHandle$Holder.newInvokeSpecial(java.lang.Object, java.lang.Object, long)'> (0x00000000ea252ec8) 
thrown [s\open\src\hotspot\share\interpreter\linkResolver.cpp, line 759]
Event: 5.223 Thread 0x0000028afdb63070 Exception <a 'java/lang/NoSuchMethodError'{0x00000000ea257780}: 'java.lang.Object java.lang.invoke.Invokers$Holder.linkToTargetMethod(java.lang.Object, long, java.lang.Object)'> (0x00000000ea257780) 
thrown [s\open\src\hotspot\share\interpreter\linkResolver.cpp, line 759]
Event: 5.278 Thread 0x0000028afdb63070 Exception <a 'java/lang/NoSuchMethodError'{0x00000000ea1f68f0}: 'int java.lang.invoke.DirectMethodHandle$Holder.invokeInterface(java.lang.Object, java.lang.Object)'> (0x00000000ea1f68f0) 
thrown [s\open\src\hotspot\share\interpreter\linkResolver.cpp, line 759]
Event: 5.422 Thread 0x0000028afdb63070 Exception <a 'java/lang/NoSuchMethodError'{0x00000000e9d11988}: 'java.lang.Object java.lang.invoke.DirectMethodHandle$Holder.invokeVirtual(java.lang.Object, java.lang.Object, int)'> (0x00000000e9d11988) 
thrown [s\open\src\hotspot\share\interpreter\linkResolver.cpp, line 759]
Event: 5.531 Thread 0x0000028afdb63070 Exception <a 'java/lang/IncompatibleClassChangeError'{0x00000000e9c18130}: Found class java.lang.Object, but interface was expected> (0x00000000e9c18130) 
thrown [s\open\src\hotspot\share\interpreter\linkResolver.cpp, line 826]
Event: 5.572 Thread 0x0000028afdb63070 Exception <a 'java/lang/NoSuchMethodError'{0x00000000e9995f50}: 'void java.lang.invoke.DirectMethodHandle$Holder.invokeInterface(java.lang.Object, java.lang.Object)'> (0x00000000e9995f50) 
thrown [s\open\src\hotspot\share\interpreter\linkResolver.cpp, line 759]
Event: 5.591 Thread 0x0000028afdb63070 Implicit null exception at 0x0000028ad6b1416c to 0x0000028ad6b1421c
Event: 5.782 Thread 0x0000028afdb63070 Exception <a 'java/lang/NoSuchMethodError'{0x00000000e7de4d38}: 'long java.lang.invoke.DirectMethodHandle$Holder.invokeStatic(java.lang.Object, long)'> (0x00000000e7de4d38) 
thrown [s\open\src\hotspot\share\interpreter\linkResolver.cpp, line 759]
Event: 5.999 Thread 0x0000028afdb63070 Exception <a 'java/lang/NoSuchMethodError'{0x00000000ef8907e0}: 'void java.lang.invoke.DirectMethodHandle$Holder.invokeStatic(java.lang.Object, java.lang.Object, java.lang.Object, java.lang.Object, java.lang.Object, java.lang.Object)'> (0x00000000ef8907e0) 
thrown [s\open\src\hotspot\share\interpreter\linkResolver.cpp, line 759]

VM Operations (20 events):
Event: 5.259 Executing VM operation: HandshakeAllThreads
Event: 5.259 Executing VM operation: HandshakeAllThreads done
Event: 5.663 Executing VM operation: HandshakeAllThreads
Event: 5.663 Executing VM operation: HandshakeAllThreads done
Event: 5.676 Executing VM operation: ICBufferFull
Event: 5.676 Executing VM operation: ICBufferFull done
Event: 5.687 Executing VM operation: HandshakeAllThreads
Event: 5.687 Executing VM operation: HandshakeAllThreads done
Event: 5.801 Executing VM operation: HandshakeAllThreads
Event: 5.801 Executing VM operation: HandshakeAllThreads done
Event: 5.824 Executing VM operation: CollectForMetadataAllocation
Event: 5.839 Executing VM operation: CollectForMetadataAllocation done
Event: 5.886 Executing VM operation: G1CollectForAllocation
Event: 5.898 Executing VM operation: G1CollectForAllocation done
Event: 5.898 Executing VM operation: CollectForMetadataAllocation
Event: 5.899 Executing VM operation: CollectForMetadataAllocation done
Event: 5.923 Executing VM operation: G1Concurrent
Event: 5.925 Executing VM operation: G1Concurrent done
Event: 5.932 Executing VM operation: G1Concurrent
Event: 5.940 Executing VM operation: G1Concurrent done

Events (20 events):
Event: 5.788 loading class java/lang/StringIndexOutOfBoundsException done
Event: 5.976 loading class javax/net/ssl/HostnameVerifier
Event: 5.977 loading class javax/net/ssl/HostnameVerifier done
Event: 5.980 loading class javax/net/ssl/TrustManager
Event: 5.980 loading class javax/net/ssl/TrustManager done
Event: 5.981 loading class javax/net/ssl/X509TrustManager
Event: 5.981 loading class javax/net/ssl/X509TrustManager done
Event: 5.982 loading class javax/net/ssl/SSLPeerUnverifiedException
Event: 5.983 loading class javax/net/ssl/SSLException
Event: 5.983 loading class javax/net/ssl/SSLException done
Event: 5.983 loading class javax/net/ssl/SSLPeerUnverifiedException done
Event: 5.983 loading class java/security/cert/CertificateParsingException
Event: 5.983 loading class java/security/cert/CertificateException
Event: 5.983 loading class java/security/cert/CertificateException done
Event: 5.983 loading class java/security/cert/CertificateParsingException done
Event: 5.983 loading class javax/naming/NamingException
Event: 5.983 loading class javax/naming/NamingException done
Event: 5.983 loading class javax/naming/InvalidNameException
Event: 5.984 loading class javax/naming/InvalidNameException done
Event: 6.007 Thread 0x0000028afe21d9b0 Thread added: 0x0000028afe21d9b0


Dynamic libraries:
0x00007ff76cf80000 - 0x00007ff76cf90000 	D:\downApp\bin\java.exe
0x00007ff8ed190000 - 0x00007ff8ed3a7000 	C:\WINDOWS\SYSTEM32\ntdll.dll
0x00007ff8ec620000 - 0x00007ff8ec6e4000 	C:\WINDOWS\System32\KERNEL32.DLL
0x00007ff8ea580000 - 0x00007ff8ea952000 	C:\WINDOWS\System32\KERNELBASE.dll
0x00007ff8eac80000 - 0x00007ff8ead91000 	C:\WINDOWS\System32\ucrtbase.dll
0x00007ff8cb950000 - 0x00007ff8cb96b000 	D:\downApp\bin\VCRUNTIME140.dll
0x00007ff8d23e0000 - 0x00007ff8d23f9000 	D:\downApp\bin\jli.dll
0x00007ff8ec490000 - 0x00007ff8ec541000 	C:\WINDOWS\System32\ADVAPI32.dll
0x00007ff8eaf00000 - 0x00007ff8eafa7000 	C:\WINDOWS\System32\msvcrt.dll
0x00007ff8ec550000 - 0x00007ff8ec5f8000 	C:\WINDOWS\System32\sechost.dll
0x00007ff8eaaa0000 - 0x00007ff8eaac8000 	C:\WINDOWS\System32\bcrypt.dll
0x00007ff8ed030000 - 0x00007ff8ed144000 	C:\WINDOWS\System32\RPCRT4.dll
0x00007ff8ec9a0000 - 0x00007ff8ecb51000 	C:\WINDOWS\System32\USER32.dll
0x00007ff8ea3f0000 - 0x00007ff8ea416000 	C:\WINDOWS\System32\win32u.dll
0x00007ff8ec6f0000 - 0x00007ff8ec719000 	C:\WINDOWS\System32\GDI32.dll
0x00007ff8eab50000 - 0x00007ff8eac73000 	C:\WINDOWS\System32\gdi32full.dll
0x00007ff8ea420000 - 0x00007ff8ea4ba000 	C:\WINDOWS\System32\msvcp_win.dll
0x00007ff8dcfa0000 - 0x00007ff8dd23b000 	C:\WINDOWS\WinSxS\amd64_microsoft.windows.common-controls_6595b64144ccf1df_6.0.22621.5415_none_270d77d17387d7da\COMCTL32.dll
0x00007ff8e0510000 - 0x00007ff8e051a000 	C:\WINDOWS\SYSTEM32\VERSION.dll
0x00007ff8ecff0000 - 0x00007ff8ed021000 	C:\WINDOWS\System32\IMM32.DLL
0x00007ff8cb940000 - 0x00007ff8cb94c000 	D:\downApp\bin\vcruntime140_1.dll
0x00007ff8cb970000 - 0x00007ff8cb9fe000 	D:\downApp\bin\msvcp140.dll
0x00007ff84d4b0000 - 0x00007ff84e091000 	D:\downApp\bin\server\jvm.dll
0x00007ff8ec720000 - 0x00007ff8ec728000 	C:\WINDOWS\System32\PSAPI.DLL
0x00007ff8e07c0000 - 0x00007ff8e07c9000 	C:\WINDOWS\SYSTEM32\WSOCK32.dll
0x00007ff8ec8d0000 - 0x00007ff8ec941000 	C:\WINDOWS\System32\WS2_32.dll
0x00007ff8ddc90000 - 0x00007ff8ddcc4000 	C:\WINDOWS\SYSTEM32\WINMM.dll
0x00007ff8e9300000 - 0x00007ff8e9318000 	C:\WINDOWS\SYSTEM32\kernel.appcore.dll
0x00007ff8e17f0000 - 0x00007ff8e17fa000 	D:\downApp\bin\jimage.dll
0x00007ff8e7c80000 - 0x00007ff8e7eb3000 	C:\WINDOWS\SYSTEM32\DBGHELP.DLL
0x00007ff8ecb60000 - 0x00007ff8ecef3000 	C:\WINDOWS\System32\combase.dll
0x00007ff8eae20000 - 0x00007ff8eaef7000 	C:\WINDOWS\System32\OLEAUT32.dll
0x00007ff8cb700000 - 0x00007ff8cb732000 	C:\WINDOWS\SYSTEM32\dbgcore.DLL
0x00007ff8eada0000 - 0x00007ff8eae1b000 	C:\WINDOWS\System32\bcryptPrimitives.dll
0x00007ff8c77b0000 - 0x00007ff8c77be000 	D:\downApp\bin\instrument.dll
0x00007ff8c2ff0000 - 0x00007ff8c3015000 	D:\downApp\bin\java.dll
0x00007ff8a54a0000 - 0x00007ff8a5577000 	D:\downApp\bin\jsvml.dll
0x00007ff8eafb0000 - 0x00007ff8eb852000 	C:\WINDOWS\System32\SHELL32.dll
0x00007ff8ea960000 - 0x00007ff8eaa9f000 	C:\WINDOWS\System32\wintypes.dll
0x00007ff8e8160000 - 0x00007ff8e8a7e000 	C:\WINDOWS\SYSTEM32\windows.storage.dll
0x00007ff8ec7c0000 - 0x00007ff8ec8cb000 	C:\WINDOWS\System32\SHCORE.dll
0x00007ff8ecf80000 - 0x00007ff8ecfe9000 	C:\WINDOWS\System32\shlwapi.dll
0x00007ff8ea1b0000 - 0x00007ff8ea1db000 	C:\WINDOWS\SYSTEM32\profapi.dll
0x00007ff8c6350000 - 0x00007ff8c6368000 	D:\downApp\bin\zip.dll
0x00007ff8c8780000 - 0x00007ff8c8799000 	D:\downApp\bin\net.dll
0x00007ff8e3190000 - 0x00007ff8e32bc000 	C:\WINDOWS\SYSTEM32\WINHTTP.dll
0x00007ff8e97d0000 - 0x00007ff8e9839000 	C:\WINDOWS\system32\mswsock.dll
0x00007ff8c74a0000 - 0x00007ff8c74b6000 	D:\downApp\bin\nio.dll
0x00007ff8d5070000 - 0x00007ff8d5080000 	D:\downApp\bin\verify.dll
0x00007ff8be3c0000 - 0x00007ff8be3e7000 	C:\Users\ASUS\.gradle\native\c067742578af261105cb4f569cf0c3c89f3d7b1fecec35dd04571415982c5e48\windows-amd64\native-platform.dll
0x00007ff8980c0000 - 0x00007ff898204000 	C:\Users\ASUS\.gradle\native\38dada09dfb8b06ba9b0570ebf7e218e3eb74d4ef43ca46872605cf95ebc2f47\windows-amd64\native-platform-file-events.dll
0x00007ff8cc840000 - 0x00007ff8cc84a000 	D:\downApp\bin\management.dll
0x00007ff8cb630000 - 0x00007ff8cb63b000 	D:\downApp\bin\management_ext.dll
0x00007ff8e9a10000 - 0x00007ff8e9a2b000 	C:\WINDOWS\SYSTEM32\CRYPTSP.dll
0x00007ff8e92c0000 - 0x00007ff8e92f7000 	C:\WINDOWS\system32\rsaenh.dll
0x00007ff8e9880000 - 0x00007ff8e98a8000 	C:\WINDOWS\SYSTEM32\USERENV.dll
0x00007ff8e9a00000 - 0x00007ff8e9a0c000 	C:\WINDOWS\SYSTEM32\CRYPTBASE.dll
0x00007ff8e8da0000 - 0x00007ff8e8dcd000 	C:\WINDOWS\SYSTEM32\IPHLPAPI.DLL
0x00007ff8ebc40000 - 0x00007ff8ebc49000 	C:\WINDOWS\System32\NSI.dll
0x00007ff8e35f0000 - 0x00007ff8e3609000 	C:\WINDOWS\SYSTEM32\dhcpcsvc6.DLL
0x00007ff8e2f60000 - 0x00007ff8e2f7f000 	C:\WINDOWS\SYSTEM32\dhcpcsvc.DLL
0x00007ff8e8dd0000 - 0x00007ff8e8ec8000 	C:\WINDOWS\SYSTEM32\DNSAPI.dll
0x00007ff8cd4f0000 - 0x00007ff8cd4fe000 	D:\downApp\bin\sunmscapi.dll
0x00007ff8ea280000 - 0x00007ff8ea3e7000 	C:\WINDOWS\System32\CRYPT32.dll
0x00007ff8e9c10000 - 0x00007ff8e9c3d000 	C:\WINDOWS\SYSTEM32\ncrypt.dll
0x00007ff8e9bd0000 - 0x00007ff8e9c07000 	C:\WINDOWS\SYSTEM32\NTASN1.dll
0x00007ff887cf0000 - 0x00007ff887cf8000 	C:\WINDOWS\system32\wshunix.dll

dbghelp: loaded successfully - version: 4.0.5 - missing functions: none
symbol engine: initialized successfully - sym options: 0x614 - pdb path: .;D:\downApp\bin;C:\WINDOWS\SYSTEM32;C:\WINDOWS\WinSxS\amd64_microsoft.windows.common-controls_6595b64144ccf1df_6.0.22621.5415_none_270d77d17387d7da;D:\downApp\bin\server;C:\Users\ASUS\.gradle\native\c067742578af261105cb4f569cf0c3c89f3d7b1fecec35dd04571415982c5e48\windows-amd64;C:\Users\ASUS\.gradle\native\38dada09dfb8b06ba9b0570ebf7e218e3eb74d4ef43ca46872605cf95ebc2f47\windows-amd64

VM Arguments:
jvm_args: --add-opens=java.base/java.util=ALL-UNNAMED --add-opens=java.base/java.lang=ALL-UNNAMED --add-opens=java.base/java.lang.invoke=ALL-UNNAMED --add-opens=java.prefs/java.util.prefs=ALL-UNNAMED --add-opens=java.base/java.nio.charset=ALL-UNNAMED --add-opens=java.base/java.net=ALL-UNNAMED --add-opens=java.base/java.util.concurrent.atomic=ALL-UNNAMED -XX:MaxMetaspaceSize=384m -XX:+HeapDumpOnOutOfMemoryError -Xms256m -Xmx512m -Dfile.encoding=windows-1258 -Duser.country=US -Duser.language=en -Duser.variant -javaagent:C:\Users\ASUS\.gradle\wrapper\dists\gradle-8.7-bin\bhs2wmbdwecv87pi65oeuq5iu\gradle-8.7\lib\agents\gradle-instrumentation-agent-8.7.jar 
java_command: org.gradle.launcher.daemon.bootstrap.GradleDaemon 8.7
java_class_path (initial): C:\Users\ASUS\.gradle\wrapper\dists\gradle-8.7-bin\bhs2wmbdwecv87pi65oeuq5iu\gradle-8.7\lib\gradle-launcher-8.7.jar
Launcher Type: SUN_STANDARD

[Global flags]
     intx CICompilerCount                          = 4                                         {product} {ergonomic}
   size_t CompressedClassSpaceSize                 = 335544320                                 {product} {ergonomic}
     uint ConcGCThreads                            = 2                                         {product} {ergonomic}
     uint G1ConcRefinementThreads                  = 8                                         {product} {ergonomic}
   size_t G1HeapRegionSize                         = 1048576                                   {product} {ergonomic}
    uintx GCDrainStackTargetSize                   = 64                                        {product} {ergonomic}
     bool HeapDumpOnOutOfMemoryError               = true                                   {manageable} {command line}
   size_t InitialHeapSize                          = 268435456                                 {product} {command line}
   size_t MarkStackSize                            = 4194304                                   {product} {ergonomic}
   size_t MaxHeapSize                              = 536870912                                 {product} {command line}
   size_t MaxMetaspaceSize                         = 402653184                                 {product} {command line}
   size_t MaxNewSize                               = 321912832                                 {product} {ergonomic}
   size_t MinHeapDeltaBytes                        = 1048576                                   {product} {ergonomic}
   size_t MinHeapSize                              = 268435456                                 {product} {command line}
    uintx NonNMethodCodeHeapSize                   = 5839372                                {pd product} {ergonomic}
    uintx NonProfiledCodeHeapSize                  = 122909434                              {pd product} {ergonomic}
    uintx ProfiledCodeHeapSize                     = 122909434                              {pd product} {ergonomic}
    uintx ReservedCodeCacheSize                    = 251658240                              {pd product} {ergonomic}
     bool SegmentedCodeCache                       = true                                      {product} {ergonomic}
   size_t SoftMaxHeapSize                          = 536870912                              {manageable} {ergonomic}
     bool UseCompressedClassPointers               = true                           {product lp64_product} {ergonomic}
     bool UseCompressedOops                        = true                           {product lp64_product} {ergonomic}
     bool UseG1GC                                  = true                                      {product} {ergonomic}
     bool UseLargePagesIndividualAllocation        = false                                  {pd product} {ergonomic}

Logging:
Log output configuration:
 #0: stdout all=warning uptime,level,tags
 #1: stderr all=off uptime,level,tags

Environment Variables:
JAVA_HOME=D:\downApp
CLASSPATH=D:\java\vscodejava\doan\be\new\lms\\gradle\wrapper\gradle-wrapper.jar
PATH=C:\Program Files\Common Files\Oracle\Java\javapath;D:\downApp\Scripts\;D:\downApp\;C:\Program Files\Microsoft MPI\Bin\;C:\Program Files (x86)\Common Files\Oracle\Java\javapath;C:\Windows\system32;C:\Windows;C:\Windows\System32\Wbem;C:\Windows\System32\WindowsPowerShell\v1.0\;C:\Windows\System32\OpenSSH\;C:\Program Files (x86)\NVIDIA Corporation\PhysX\Common;C:\Program Files\NVIDIA Corporation\NVIDIA NvDLISR;C:\WINDOWS\system32;C:\WINDOWS;C:\WINDOWS\System32\Wbem;C:\WINDOWS\System32\WindowsPowerShell\v1.0\;C:\WINDOWS\System32\OpenSSH\;C:\MinGW\bin;C:\Program Files\dotnet\;C:\Program Files\Microsoft SQL Server\150\Tools\Binn\;C:\Program Files\Microsoft SQL Server\Client SDK\ODBC\170\Tools\Binn\;C:\Program Files (x86)\Microsoft SQL Server\150\Tools\Binn\;C:\Program Files\Microsoft SQL Server\150\DTS\Binn\;C:\Program Files\Azure Data Studio\bin;C:\WINDOWS\system32;C:\WINDOWS;C:\WINDOWS\System32\Wbem;C:\WINDOWS\System32\WindowsPowerShell\v1.0\;C:\WINDOWS\System32\OpenSSH\;C:\laragon\bin\php\php-8.1.10-Win32-vs16-x64;D:\Git\Git\cmd;D:\laragon\laragon\bin\php\php-8.1.10-Win32-vs16-x64;D:\laragon\laragon;C:\Program Files (x86)\Microsoft SQL Server\160\Tools\Binn\;C:\Program Files\Microsoft SQL Server\160\Tools\Binn\;C:\Program Files\Microsoft SQL Server\160\DTS\Binn\;C:\Program Files\Java\apache-maven-3.9.9\bin;C:\Program Files\MySQL\MySQL Shell 8.0\bin\;C:\Users\ASUS\AppData\Local\Programs\Python\Python312\Scripts\;C:\Users\ASUS\AppData\Local\Programs\Python\Python312\;C:\Users\ASUS\AppData\Local\Programs\Python\Python311\Scripts\;C:\Users\ASUS\AppData\Local\Programs\Python\Python311\;D:\python\Scripts\;D:\python\;C:\Users\ASUS\AppData\Local\Microsoft\WindowsApps;D:\Microsoft VS Code\bin;C:\Program Files (x86)\Dev-Cpp\MinGW64\bin;C:\msys64\mingw64\bin;C:\Users\ASUS\.dotnet\tools;C:\Program Files\Azure Data Studio\bin;C:\Users\ASUS\AppData\Local\JetBrains\Toolbox\scripts;C:\Users\ASUS\AppData\Roaming\Composer\vendor\bin;C:\Users\ASUS\AppData\Local\Microsoft\WindowsApps;D:
USERNAME=ASUS
LANG=en_US.UTF-8
OS=Windows_NT
PROCESSOR_IDENTIFIER=Intel64 Family 6 Model 140 Stepping 1, GenuineIntel



---------------  S Y S T E M  ---------------

OS:
 Windows 11 , 64 bit Build 22621 (10.0.22621.5415)
OS uptime: 0 days 22:27 hours
Hyper-V role detected

CPU: total 8 (initial active 8) (4 cores per cpu, 2 threads per core) family 6 model 140 stepping 1 microcode 0x86, cx8, cmov, fxsr, ht, mmx, 3dnowpref, sse, sse2, sse3, ssse3, sse4.1, sse4.2, popcnt, lzcnt, tsc, tscinvbit, avx, avx2, aes, erms, clmul, bmi1, bmi2, adx, avx512f, avx512dq, avx512cd, avx512bw, avx512vl, sha, fma, vzeroupper, avx512_vpopcntdq, avx512_vpclmulqdq, avx512_vaes, avx512_vnni, clflush, clflushopt, clwb, avx512_vbmi2, avx512_vbmi, hv

Memory: 4k page, system-wide physical 7883M (373M free)
TotalPageFile size 28638M (AvailPageFile size 5M)
current process WorkingSet (physical memory assigned to process): 334M, peak: 334M
current process commit charge ("private bytes"): 461M, peak: 463M

vm_info: Java HotSpot(TM) 64-Bit Server VM (17.0.9+11-LTS-201) for windows-amd64 JRE (17.0.9+11-LTS-201), built on Oct 10 2023 23:16:06 by "mach5one" with MS VC++ 17.1 (VS2022)

END.
