#
# There is insufficient memory for the Java Runtime Environment to continue.
# Native memory allocation (mmap) failed to map 335544320 bytes for G1 virtual space
# Possible reasons:
#   The system is out of physical RAM or swap space
#   The process is running with CompressedOops enabled, and the Java Heap may be blocking the growth of the native heap
# Possible solutions:
#   Reduce memory load on the system
#   Increase physical memory or swap space
#   Check if swap backing store is full
#   Decrease Java heap size (-Xmx/-Xms)
#   Decrease number of Java threads
#   Decrease Java thread stack sizes (-Xss)
#   Set larger code cache with -XX:ReservedCodeCacheSize=
#   JVM is running with Unscaled Compressed Oops mode in which the Java heap is
#     placed in the first 4GB address space. The Java Heap base address is the
#     maximum limit for the native heap growth. Please use -XX:HeapBaseMinAddress
#     to set the Java Heap base and to place the Java Heap above 4GB virtual address.
# This output file may be truncated or incomplete.
#
#  Out of Memory Error (os_windows.cpp:3552), pid=20848, tid=21656
#
# JRE version: Java(TM) SE Runtime Environment (17.0.9+11) (build 17.0.9+11-LTS-201)
# Java VM: Java HotSpot(TM) 64-Bit Server VM (17.0.9+11-LTS-201, mixed mode, sharing, tiered, compressed oops, compressed class ptrs, g1 gc, windows-amd64)
# No core dump will be written. Minidumps are not enabled by default on client versions of Windows
#

---------------  S U M M A R Y ------------

Command Line: -Dcom.sun.management.jmxremote -Dcom.sun.management.jmxremote.port=64816 -Dcom.sun.management.jmxremote.authenticate=false -Dcom.sun.management.jmxremote.ssl=false -Dspring.jmx.enabled=true -Djava.rmi.server.hostname=localhost -Dspring.application.admin.enabled=true -Dspring.boot.project.name=jobhunter-lms -XX:+ShowCodeDetailsInExceptionMessages -Dmanagement.endpoints.jmx.exposure.include=* vn.doan.lms.LMSApplication

Host: 11th Gen Intel(R) Core(TM) i7-11370H @ 3.30GHz, 8 cores, 7G,  Windows 11 , 64 bit Build 22621 (10.0.22621.5415)
Time: Sun Jun 29 16:44:17 2025 SE Asia Standard Time elapsed time: 17.285152 seconds (0d 0h 0m 17s)

---------------  T H R E A D  ---------------

Current thread (0x000001e05068b880):  VMThread "VM Thread" [stack: 0x000000476f000000,0x000000476f100000] [id=21656]

Stack: [0x000000476f000000,0x000000476f100000]
Native frames: (J=compiled Java code, j=interpreted, Vv=VM code, C=native code)
V  [jvm.dll+0x678a4a]
V  [jvm.dll+0x7d9cfd]
V  [jvm.dll+0x7db60e]
V  [jvm.dll+0x7dbc73]
V  [jvm.dll+0x245e1f]
V  [jvm.dll+0x6758f9]
V  [jvm.dll+0x66a2a2]
V  [jvm.dll+0x303686]
V  [jvm.dll+0x30ac06]
V  [jvm.dll+0x35a48e]
V  [jvm.dll+0x35a6bf]
V  [jvm.dll+0x2da678]
V  [jvm.dll+0x2d8a85]
V  [jvm.dll+0x2d808c]
V  [jvm.dll+0x31b97b]
V  [jvm.dll+0x7e048b]
V  [jvm.dll+0x7e11c4]
V  [jvm.dll+0x7e16dd]
V  [jvm.dll+0x7e1ab4]
V  [jvm.dll+0x7e1b80]
V  [jvm.dll+0x78998a]
V  [jvm.dll+0x677875]
C  [ucrtbase.dll+0x29333]
C  [KERNEL32.DLL+0x1259d]
C  [ntdll.dll+0x5af78]

VM_Operation (0x00000047709f9c10): G1CollectForAllocation, mode: safepoint, requested by thread 0x000001e096698450


---------------  P R O C E S S  ---------------

Threads class SMR info:
_java_thread_list=0x000001e097cd0a50, length=28, elements={
0x000001e0307d3ac0, 0x000001e050693280, 0x000001e050693c40, 0x000001e0506a8880,
0x000001e0506a9240, 0x000001e0506abc10, 0x000001e0506ad5e0, 0x000001e0506ae380,
0x000001e0506aee30, 0x000001e0506c42f0, 0x000001e05067da40, 0x000001e05097ef10,
0x000001e09648b8b0, 0x000001e09655f470, 0x000001e09624da50, 0x000001e096697b60,
0x000001e096698450, 0x000001e0981a7540, 0x000001e0981a7030, 0x000001e0981a6b20,
0x000001e0981a7a50, 0x000001e0970bf460, 0x000001e0981a8e90, 0x000001e0981a8470,
0x000001e0981a93a0, 0x000001e0981a6100, 0x000001e0981a5bf0, 0x000001e0981a6610
}

Java Threads: ( => current thread )
  0x000001e0307d3ac0 JavaThread "main" [_thread_blocked, id=3188, stack(0x000000476ea00000,0x000000476eb00000)]
  0x000001e050693280 JavaThread "Reference Handler" daemon [_thread_blocked, id=15248, stack(0x000000476f100000,0x000000476f200000)]
  0x000001e050693c40 JavaThread "Finalizer" daemon [_thread_blocked, id=9920, stack(0x000000476f200000,0x000000476f300000)]
  0x000001e0506a8880 JavaThread "Signal Dispatcher" daemon [_thread_blocked, id=7752, stack(0x000000476f300000,0x000000476f400000)]
  0x000001e0506a9240 JavaThread "Attach Listener" daemon [_thread_blocked, id=2428, stack(0x000000476f400000,0x000000476f500000)]
  0x000001e0506abc10 JavaThread "Service Thread" daemon [_thread_blocked, id=11484, stack(0x000000476f500000,0x000000476f600000)]
  0x000001e0506ad5e0 JavaThread "Monitor Deflation Thread" daemon [_thread_blocked, id=4424, stack(0x000000476f600000,0x000000476f700000)]
  0x000001e0506ae380 JavaThread "C2 CompilerThread0" daemon [_thread_blocked, id=20344, stack(0x000000476f700000,0x000000476f800000)]
  0x000001e0506aee30 JavaThread "C1 CompilerThread0" daemon [_thread_blocked, id=22412, stack(0x000000476f800000,0x000000476f900000)]
  0x000001e0506c42f0 JavaThread "Sweeper thread" daemon [_thread_blocked, id=17308, stack(0x000000476f900000,0x000000476fa00000)]
  0x000001e05067da40 JavaThread "Common-Cleaner" daemon [_thread_blocked, id=23132, stack(0x000000476fa00000,0x000000476fb00000)]
  0x000001e05097ef10 JavaThread "Notification Thread" daemon [_thread_blocked, id=10708, stack(0x000000476fb00000,0x000000476fc00000)]
  0x000001e09648b8b0 JavaThread "RMI TCP Accept-0" daemon [_thread_in_native, id=23680, stack(0x000000476fd00000,0x000000476fe00000)]
  0x000001e09655f470 JavaThread "RMI TCP Accept-64816" daemon [_thread_in_native, id=25476, stack(0x000000476fe00000,0x000000476ff00000)]
  0x000001e09624da50 JavaThread "RMI TCP Accept-0" daemon [_thread_in_native, id=24280, stack(0x000000476ff00000,0x0000004770000000)]
  0x000001e096697b60 JavaThread "Thread-0" [_thread_blocked, id=19848, stack(0x0000004770800000,0x0000004770900000)]
  0x000001e096698450 JavaThread "restartedMain" [_thread_blocked, id=16108, stack(0x0000004770900000,0x0000004770a00000)]
  0x000001e0981a7540 JavaThread "RMI TCP Connection(1)-127.0.0.1" daemon [_thread_in_native, id=13184, stack(0x000000476fc00000,0x000000476fd00000)]
  0x000001e0981a7030 JavaThread "RMI Scheduler(0)" daemon [_thread_blocked, id=17152, stack(0x0000004770b00000,0x0000004770c00000)]
  0x000001e0981a6b20 JavaThread "RMI TCP Connection(2)-127.0.0.1" daemon [_thread_in_native, id=9592, stack(0x0000004770d00000,0x0000004770e00000)]
  0x000001e0981a7a50 JavaThread "JMX server connection timeout 27" daemon [_thread_blocked, id=7920, stack(0x0000004770e00000,0x0000004770f00000)]
  0x000001e0970bf460 JavaThread "C2 CompilerThread1" daemon [_thread_blocked, id=24652, stack(0x0000004770f00000,0x0000004771000000)]
  0x000001e0981a8e90 JavaThread "Catalina-utility-1" [_thread_blocked, id=17012, stack(0x0000004771000000,0x0000004771100000)]
  0x000001e0981a8470 JavaThread "Catalina-utility-2" [_thread_blocked, id=21456, stack(0x0000004771100000,0x0000004771200000)]
  0x000001e0981a93a0 JavaThread "container-0" [_thread_blocked, id=608, stack(0x0000004771200000,0x0000004771300000)]
  0x000001e0981a6100 JavaThread "Live Reload Server" daemon [_thread_in_native, id=7340, stack(0x0000004771400000,0x0000004771500000)]
  0x000001e0981a5bf0 JavaThread "mysql-cj-abandoned-connection-cleanup" daemon [_thread_blocked, id=3708, stack(0x0000004771300000,0x0000004771400000)]
  0x000001e0981a6610 JavaThread "HikariPool-1 housekeeper" daemon [_thread_blocked, id=16548, stack(0x0000004771600000,0x0000004771700000)]

Other Threads:
=>0x000001e05068b880 VMThread "VM Thread" [stack: 0x000000476f000000,0x000000476f100000] [id=21656]
  0x000001e0307d4b50 WatcherThread [stack: 0x0000004770000000,0x0000004770100000] [id=21180]
  0x000001e0308351c0 GCTaskThread "GC Thread#0" [stack: 0x000000476eb00000,0x000000476ec00000] [id=12256]
  0x000001e0968bfb00 GCTaskThread "GC Thread#1" [stack: 0x0000004770100000,0x0000004770200000] [id=3836]
  0x000001e096ca6210 GCTaskThread "GC Thread#2" [stack: 0x0000004770200000,0x0000004770300000] [id=13072]
  0x000001e096b4cee0 GCTaskThread "GC Thread#3" [stack: 0x0000004770300000,0x0000004770400000] [id=24360]
  0x000001e096565f40 GCTaskThread "GC Thread#4" [stack: 0x0000004770400000,0x0000004770500000] [id=8124]
  0x000001e096566200 GCTaskThread "GC Thread#5" [stack: 0x0000004770500000,0x0000004770600000] [id=8032]
  0x000001e096712f70 GCTaskThread "GC Thread#6" [stack: 0x0000004770600000,0x0000004770700000] [id=22192]
  0x000001e096e2b790 GCTaskThread "GC Thread#7" [stack: 0x0000004770a00000,0x0000004770b00000] [id=16716]
  0x000001e030845790 ConcurrentGCThread "G1 Main Marker" [stack: 0x000000476ec00000,0x000000476ed00000] [id=17532]
  0x000001e0308461a0 ConcurrentGCThread "G1 Conc#0" [stack: 0x000000476ed00000,0x000000476ee00000] [id=20908]
  0x000001e098089e20 ConcurrentGCThread "G1 Conc#1" [stack: 0x0000004770c00000,0x0000004770d00000] [id=14960]
  0x000001e0505434e0 ConcurrentGCThread "G1 Refine#0" [stack: 0x000000476ee00000,0x000000476ef00000] [id=6428]
  0x000001e0968bfdc0 ConcurrentGCThread "G1 Refine#1" [stack: 0x0000004770700000,0x0000004770800000] [id=13132]
  0x000001e098f27040 ConcurrentGCThread "G1 Refine#2" [stack: 0x0000004771700000,0x0000004771800000] [id=21808]
  0x000001e098f27c00 ConcurrentGCThread "G1 Refine#3" [stack: 0x0000004771800000,0x0000004771900000] [id=13564]
  0x000001e050543f10 ConcurrentGCThread "G1 Service" [stack: 0x000000476ef00000,0x000000476f000000] [id=13280]

Threads with active compile tasks:

VM state: at safepoint (normal execution)

VM Mutex/Monitor currently owned by a thread:  ([mutex/lock_event])
[0x000001e0307cfcd0] Threads_lock - owner thread: 0x000001e05068b880
[0x000001e0307d0030] Heap_lock - owner thread: 0x000001e096698450

Heap address: 0x0000000084c00000, size: 1972 MB, Compressed Oops mode: 32-bit

CDS archive(s) mapped at: [0x000001e051000000-0x000001e051bd0000-0x000001e051bd0000), size 12386304, SharedBaseAddress: 0x000001e051000000, ArchiveRelocationMode: 1.
Compressed class space mapped at: 0x000001e052000000-0x000001e092000000, reserved size: 1073741824
Narrow klass base: 0x000001e051000000, Narrow klass shift: 0, Narrow klass range: 0x100000000

GC Precious Log:
 CPUs: 8 total, 8 available
 Memory: 7883M
 Large Page Support: Disabled
 NUMA Support: Disabled
 Compressed Oops: Enabled (32-bit)
 Heap Region Size: 1M
 Heap Min Capacity: 8M
 Heap Initial Capacity: 124M
 Heap Max Capacity: 1972M
 Pre-touch: Disabled
 Parallel Workers: 8
 Concurrent Workers: 2
 Concurrent Refinement Workers: 8
 Periodic GC: Disabled

Heap:
 garbage-first heap   total 261120K, used 159532K [0x0000000084c00000, 0x0000000100000000)
  region size 1024K, 3 young (3072K), 3 survivors (3072K)
 Metaspace       used 87713K, committed 88448K, reserved 1179648K
  class space    used 11997K, committed 12352K, reserved 1048576K

Heap Regions: E=young(eden), S=young(survivor), O=old, HS=humongous(starts), HC=humongous(continues), CS=collection set, F=free, OA=open archive, CA=closed archive, TAMS=top-at-mark-start (previous, next)
|   0|0x0000000084c00000, 0x0000000084d00000, 0x0000000084d00000|100%|HS|  |TAMS 0x0000000084d00000, 0x0000000084c00000| Complete 
|   1|0x0000000084d00000, 0x0000000084e00000, 0x0000000084e00000|100%|HS|  |TAMS 0x0000000084e00000, 0x0000000084d00000| Complete 
|   2|0x0000000084e00000, 0x0000000084f00000, 0x0000000084f00000|100%| O|  |TAMS 0x0000000084f00000, 0x0000000084e00000| Untracked 
|   3|0x0000000084f00000, 0x0000000085000000, 0x0000000085000000|100%| O|  |TAMS 0x0000000085000000, 0x0000000084f00000| Untracked 
|   4|0x0000000085000000, 0x0000000085100000, 0x0000000085100000|100%|HS|  |TAMS 0x0000000085000000, 0x0000000085000000| Complete 
|   5|0x0000000085100000, 0x0000000085200000, 0x0000000085200000|100%| O|  |TAMS 0x0000000085200000, 0x0000000085100000| Untracked 
|   6|0x0000000085200000, 0x0000000085300000, 0x0000000085300000|100%| O|  |TAMS 0x0000000085300000, 0x0000000085200000| Untracked 
|   7|0x0000000085300000, 0x0000000085400000, 0x0000000085400000|100%| O|  |TAMS 0x0000000085400000, 0x0000000085300000| Untracked 
|   8|0x0000000085400000, 0x0000000085500000, 0x0000000085500000|100%| O|  |TAMS 0x0000000085500000, 0x0000000085400000| Untracked 
|   9|0x0000000085500000, 0x0000000085600000, 0x0000000085600000|100%| O|  |TAMS 0x0000000085600000, 0x0000000085500000| Untracked 
|  10|0x0000000085600000, 0x0000000085700000, 0x0000000085700000|100%| O|  |TAMS 0x0000000085700000, 0x0000000085600000| Untracked 
|  11|0x0000000085700000, 0x0000000085800000, 0x0000000085800000|100%| O|  |TAMS 0x0000000085800000, 0x0000000085700000| Untracked 
|  12|0x0000000085800000, 0x0000000085900000, 0x0000000085900000|100%| O|  |TAMS 0x0000000085900000, 0x0000000085800000| Untracked 
|  13|0x0000000085900000, 0x0000000085a00000, 0x0000000085a00000|100%| O|  |TAMS 0x0000000085a00000, 0x0000000085900000| Untracked 
|  14|0x0000000085a00000, 0x0000000085b00000, 0x0000000085b00000|100%| O|  |TAMS 0x0000000085b00000, 0x0000000085a00000| Untracked 
|  15|0x0000000085b00000, 0x0000000085c00000, 0x0000000085c00000|100%| O|  |TAMS 0x0000000085c00000, 0x0000000085b00000| Untracked 
|  16|0x0000000085c00000, 0x0000000085d00000, 0x0000000085d00000|100%| O|  |TAMS 0x0000000085c00000, 0x0000000085c00000| Untracked 
|  17|0x0000000085d00000, 0x0000000085e00000, 0x0000000085e00000|100%| O|  |TAMS 0x0000000085e00000, 0x0000000085d00000| Untracked 
|  18|0x0000000085e00000, 0x0000000085f00000, 0x0000000085f00000|100%| O|  |TAMS 0x0000000085f00000, 0x0000000085e00000| Untracked 
|  19|0x0000000085f00000, 0x0000000086000000, 0x0000000086000000|100%| O|  |TAMS 0x0000000086000000, 0x0000000085f00000| Untracked 
|  20|0x0000000086000000, 0x0000000086100000, 0x0000000086100000|100%| O|  |TAMS 0x0000000086100000, 0x0000000086000000| Untracked 
|  21|0x0000000086100000, 0x0000000086200000, 0x0000000086200000|100%| O|  |TAMS 0x0000000086200000, 0x0000000086100000| Untracked 
|  22|0x0000000086200000, 0x0000000086300000, 0x0000000086300000|100%| O|  |TAMS 0x0000000086300000, 0x0000000086200000| Untracked 
|  23|0x0000000086300000, 0x0000000086400000, 0x0000000086400000|100%| O|  |TAMS 0x0000000086400000, 0x0000000086300000| Untracked 
|  24|0x0000000086400000, 0x0000000086500000, 0x0000000086500000|100%| O|  |TAMS 0x0000000086500000, 0x0000000086400000| Untracked 
|  25|0x0000000086500000, 0x0000000086600000, 0x0000000086600000|100%| O|  |TAMS 0x0000000086600000, 0x0000000086500000| Untracked 
|  26|0x0000000086600000, 0x0000000086700000, 0x0000000086700000|100%| O|  |TAMS 0x0000000086700000, 0x0000000086600000| Untracked 
|  27|0x0000000086700000, 0x0000000086800000, 0x0000000086800000|100%| O|  |TAMS 0x0000000086800000, 0x0000000086700000| Untracked 
|  28|0x0000000086800000, 0x0000000086900000, 0x0000000086900000|100%| O|  |TAMS 0x0000000086900000, 0x0000000086800000| Untracked 
|  29|0x0000000086900000, 0x0000000086a00000, 0x0000000086a00000|100%| O|  |TAMS 0x0000000086a00000, 0x0000000086900000| Untracked 
|  30|0x0000000086a00000, 0x0000000086b00000, 0x0000000086b00000|100%| O|  |TAMS 0x0000000086b00000, 0x0000000086a00000| Untracked 
|  31|0x0000000086b00000, 0x0000000086c00000, 0x0000000086c00000|100%| O|  |TAMS 0x0000000086c00000, 0x0000000086b00000| Untracked 
|  32|0x0000000086c00000, 0x0000000086d00000, 0x0000000086d00000|100%| O|  |TAMS 0x0000000086d00000, 0x0000000086c00000| Untracked 
|  33|0x0000000086d00000, 0x0000000086e00000, 0x0000000086e00000|100%| O|  |TAMS 0x0000000086e00000, 0x0000000086d00000| Untracked 
|  34|0x0000000086e00000, 0x0000000086f00000, 0x0000000086f00000|100%| O|  |TAMS 0x0000000086f00000, 0x0000000086e00000| Untracked 
|  35|0x0000000086f00000, 0x0000000087000000, 0x0000000087000000|100%| O|  |TAMS 0x0000000087000000, 0x0000000086f00000| Untracked 
|  36|0x0000000087000000, 0x0000000087100000, 0x0000000087100000|100%| O|  |TAMS 0x0000000087100000, 0x0000000087000000| Untracked 
|  37|0x0000000087100000, 0x0000000087200000, 0x0000000087200000|100%| O|  |TAMS 0x0000000087200000, 0x0000000087100000| Untracked 
|  38|0x0000000087200000, 0x0000000087300000, 0x0000000087300000|100%| O|  |TAMS 0x0000000087300000, 0x0000000087200000| Untracked 
|  39|0x0000000087300000, 0x0000000087400000, 0x0000000087400000|100%| O|  |TAMS 0x0000000087400000, 0x0000000087300000| Untracked 
|  40|0x0000000087400000, 0x0000000087500000, 0x0000000087500000|100%| O|  |TAMS 0x0000000087500000, 0x0000000087400000| Untracked 
|  41|0x0000000087500000, 0x0000000087600000, 0x0000000087600000|100%| O|  |TAMS 0x0000000087600000, 0x0000000087500000| Untracked 
|  42|0x0000000087600000, 0x0000000087700000, 0x0000000087700000|100%| O|  |TAMS 0x0000000087700000, 0x0000000087600000| Untracked 
|  43|0x0000000087700000, 0x0000000087800000, 0x0000000087800000|100%| O|  |TAMS 0x0000000087800000, 0x0000000087700000| Untracked 
|  44|0x0000000087800000, 0x0000000087900000, 0x0000000087900000|100%| O|  |TAMS 0x0000000087900000, 0x0000000087800000| Untracked 
|  45|0x0000000087900000, 0x0000000087a00000, 0x0000000087a00000|100%| O|  |TAMS 0x0000000087a00000, 0x0000000087900000| Untracked 
|  46|0x0000000087a00000, 0x0000000087b00000, 0x0000000087b00000|100%| O|  |TAMS 0x0000000087b00000, 0x0000000087a00000| Untracked 
|  47|0x0000000087b00000, 0x0000000087c00000, 0x0000000087c00000|100%| O|  |TAMS 0x0000000087b00000, 0x0000000087b00000| Untracked 
|  48|0x0000000087c00000, 0x0000000087d00000, 0x0000000087d00000|100%| O|  |TAMS 0x0000000087d00000, 0x0000000087c00000| Untracked 
|  49|0x0000000087d00000, 0x0000000087e00000, 0x0000000087e00000|100%| O|  |TAMS 0x0000000087d00000, 0x0000000087d00000| Untracked 
|  50|0x0000000087e00000, 0x0000000087f00000, 0x0000000087f00000|100%| O|  |TAMS 0x0000000087f00000, 0x0000000087e00000| Untracked 
|  51|0x0000000087f00000, 0x0000000088000000, 0x0000000088000000|100%| O|  |TAMS 0x0000000088000000, 0x0000000087f00000| Untracked 
|  52|0x0000000088000000, 0x0000000088100000, 0x0000000088100000|100%| O|  |TAMS 0x0000000088100000, 0x0000000088000000| Untracked 
|  53|0x0000000088100000, 0x0000000088200000, 0x0000000088200000|100%|HS|  |TAMS 0x0000000088200000, 0x0000000088100000| Complete 
|  54|0x0000000088200000, 0x0000000088300000, 0x0000000088300000|100%|HC|  |TAMS 0x0000000088300000, 0x0000000088200000| Complete 
|  55|0x0000000088300000, 0x0000000088400000, 0x0000000088400000|100%| O|  |TAMS 0x0000000088400000, 0x0000000088300000| Untracked 
|  56|0x0000000088400000, 0x0000000088500000, 0x0000000088500000|100%| O|  |TAMS 0x0000000088500000, 0x0000000088400000| Untracked 
|  57|0x0000000088500000, 0x0000000088600000, 0x0000000088600000|100%| O|  |TAMS 0x0000000088600000, 0x0000000088500000| Untracked 
|  58|0x0000000088600000, 0x0000000088700000, 0x0000000088700000|100%| O|  |TAMS 0x0000000088700000, 0x0000000088600000| Untracked 
|  59|0x0000000088700000, 0x0000000088800000, 0x0000000088800000|100%| O|  |TAMS 0x0000000088800000, 0x0000000088700000| Untracked 
|  60|0x0000000088800000, 0x0000000088900000, 0x0000000088900000|100%| O|  |TAMS 0x0000000088900000, 0x0000000088800000| Untracked 
|  61|0x0000000088900000, 0x0000000088a00000, 0x0000000088a00000|100%| O|  |TAMS 0x0000000088a00000, 0x0000000088900000| Untracked 
|  62|0x0000000088a00000, 0x0000000088b00000, 0x0000000088b00000|100%| O|  |TAMS 0x0000000088b00000, 0x0000000088a00000| Untracked 
|  63|0x0000000088b00000, 0x0000000088c00000, 0x0000000088c00000|100%| O|  |TAMS 0x0000000088c00000, 0x0000000088b00000| Untracked 
|  64|0x0000000088c00000, 0x0000000088d00000, 0x0000000088d00000|100%| O|  |TAMS 0x0000000088d00000, 0x0000000088c00000| Untracked 
|  65|0x0000000088d00000, 0x0000000088e00000, 0x0000000088e00000|100%| O|  |TAMS 0x0000000088e00000, 0x0000000088d00000| Untracked 
|  66|0x0000000088e00000, 0x0000000088f00000, 0x0000000088f00000|100%| O|  |TAMS 0x0000000088ede200, 0x0000000088e00000| Untracked 
|  67|0x0000000088f00000, 0x0000000089000000, 0x0000000089000000|100%| O|  |TAMS 0x0000000088f00000, 0x0000000088f00000| Untracked 
|  68|0x0000000089000000, 0x0000000089100000, 0x0000000089100000|100%| O|  |TAMS 0x0000000089000000, 0x0000000089000000| Untracked 
|  69|0x0000000089100000, 0x0000000089200000, 0x0000000089200000|100%| O|  |TAMS 0x0000000089100000, 0x0000000089100000| Untracked 
|  70|0x0000000089200000, 0x0000000089300000, 0x0000000089300000|100%| O|  |TAMS 0x0000000089200000, 0x0000000089200000| Untracked 
|  71|0x0000000089300000, 0x0000000089400000, 0x0000000089400000|100%| O|  |TAMS 0x0000000089300000, 0x0000000089300000| Untracked 
|  72|0x0000000089400000, 0x0000000089500000, 0x0000000089500000|100%| O|  |TAMS 0x0000000089400000, 0x0000000089400000| Untracked 
|  73|0x0000000089500000, 0x0000000089600000, 0x0000000089600000|100%| O|  |TAMS 0x0000000089500000, 0x0000000089500000| Untracked 
|  74|0x0000000089600000, 0x0000000089700000, 0x0000000089700000|100%| O|  |TAMS 0x0000000089600000, 0x0000000089600000| Untracked 
|  75|0x0000000089700000, 0x0000000089800000, 0x0000000089800000|100%| O|  |TAMS 0x0000000089700000, 0x0000000089700000| Untracked 
|  76|0x0000000089800000, 0x0000000089900000, 0x0000000089900000|100%| O|  |TAMS 0x0000000089800000, 0x0000000089800000| Untracked 
|  77|0x0000000089900000, 0x0000000089a00000, 0x0000000089a00000|100%| O|  |TAMS 0x0000000089900000, 0x0000000089900000| Untracked 
|  78|0x0000000089a00000, 0x0000000089b00000, 0x0000000089b00000|100%| O|  |TAMS 0x0000000089a00000, 0x0000000089a00000| Untracked 
|  79|0x0000000089b00000, 0x0000000089c00000, 0x0000000089c00000|100%| O|  |TAMS 0x0000000089b00000, 0x0000000089b00000| Untracked 
|  80|0x0000000089c00000, 0x0000000089d00000, 0x0000000089d00000|100%| O|  |TAMS 0x0000000089c00000, 0x0000000089c00000| Untracked 
|  81|0x0000000089d00000, 0x0000000089e00000, 0x0000000089e00000|100%| O|  |TAMS 0x0000000089d00000, 0x0000000089d00000| Untracked 
|  82|0x0000000089e00000, 0x0000000089f00000, 0x0000000089f00000|100%| O|  |TAMS 0x0000000089e00000, 0x0000000089e00000| Untracked 
|  83|0x0000000089f00000, 0x000000008a000000, 0x000000008a000000|100%| O|  |TAMS 0x0000000089f00000, 0x0000000089f00000| Untracked 
|  84|0x000000008a000000, 0x000000008a100000, 0x000000008a100000|100%|HS|  |TAMS 0x000000008a000000, 0x000000008a000000| Complete 
|  85|0x000000008a100000, 0x000000008a200000, 0x000000008a200000|100%|HC|  |TAMS 0x000000008a100000, 0x000000008a100000| Complete 
|  86|0x000000008a200000, 0x000000008a300000, 0x000000008a300000|100%| O|  |TAMS 0x000000008a200000, 0x000000008a200000| Untracked 
|  87|0x000000008a300000, 0x000000008a400000, 0x000000008a400000|100%| O|  |TAMS 0x000000008a300000, 0x000000008a300000| Untracked 
|  88|0x000000008a400000, 0x000000008a500000, 0x000000008a500000|100%| O|  |TAMS 0x000000008a400000, 0x000000008a400000| Untracked 
|  89|0x000000008a500000, 0x000000008a600000, 0x000000008a600000|100%| O|  |TAMS 0x000000008a500000, 0x000000008a500000| Untracked 
|  90|0x000000008a600000, 0x000000008a700000, 0x000000008a700000|100%| O|  |TAMS 0x000000008a600000, 0x000000008a600000| Untracked 
|  91|0x000000008a700000, 0x000000008a800000, 0x000000008a800000|100%| O|  |TAMS 0x000000008a700000, 0x000000008a700000| Untracked 
|  92|0x000000008a800000, 0x000000008a900000, 0x000000008a900000|100%| O|  |TAMS 0x000000008a800000, 0x000000008a800000| Untracked 
|  93|0x000000008a900000, 0x000000008aa00000, 0x000000008aa00000|100%| O|  |TAMS 0x000000008a900000, 0x000000008a900000| Untracked 
|  94|0x000000008aa00000, 0x000000008ab00000, 0x000000008ab00000|100%| O|  |TAMS 0x000000008aa00000, 0x000000008aa00000| Untracked 
|  95|0x000000008ab00000, 0x000000008ac00000, 0x000000008ac00000|100%| O|  |TAMS 0x000000008ab00000, 0x000000008ab00000| Untracked 
|  96|0x000000008ac00000, 0x000000008ad00000, 0x000000008ad00000|100%| O|  |TAMS 0x000000008ac00000, 0x000000008ac00000| Untracked 
|  97|0x000000008ad00000, 0x000000008ae00000, 0x000000008ae00000|100%| O|  |TAMS 0x000000008ad00000, 0x000000008ad00000| Untracked 
|  98|0x000000008ae00000, 0x000000008af00000, 0x000000008af00000|100%| O|  |TAMS 0x000000008ae00000, 0x000000008ae00000| Untracked 
|  99|0x000000008af00000, 0x000000008b000000, 0x000000008b000000|100%|HS|  |TAMS 0x000000008af00000, 0x000000008af00000| Complete 
| 100|0x000000008b000000, 0x000000008b100000, 0x000000008b100000|100%| O|  |TAMS 0x000000008b000000, 0x000000008b000000| Untracked 
| 101|0x000000008b100000, 0x000000008b200000, 0x000000008b200000|100%| O|  |TAMS 0x000000008b100000, 0x000000008b100000| Untracked 
| 102|0x000000008b200000, 0x000000008b300000, 0x000000008b300000|100%| O|  |TAMS 0x000000008b200000, 0x000000008b200000| Untracked 
| 103|0x000000008b300000, 0x000000008b400000, 0x000000008b400000|100%| O|  |TAMS 0x000000008b300000, 0x000000008b300000| Untracked 
| 104|0x000000008b400000, 0x000000008b500000, 0x000000008b500000|100%| O|  |TAMS 0x000000008b400000, 0x000000008b400000| Untracked 
| 105|0x000000008b500000, 0x000000008b600000, 0x000000008b600000|100%| O|  |TAMS 0x000000008b500000, 0x000000008b500000| Untracked 
| 106|0x000000008b600000, 0x000000008b700000, 0x000000008b700000|100%| O|  |TAMS 0x000000008b600000, 0x000000008b600000| Untracked 
| 107|0x000000008b700000, 0x000000008b800000, 0x000000008b800000|100%| O|  |TAMS 0x000000008b700000, 0x000000008b700000| Untracked 
| 108|0x000000008b800000, 0x000000008b900000, 0x000000008b900000|100%| O|  |TAMS 0x000000008b800000, 0x000000008b800000| Untracked 
| 109|0x000000008b900000, 0x000000008ba00000, 0x000000008ba00000|100%| O|  |TAMS 0x000000008b900000, 0x000000008b900000| Untracked 
| 110|0x000000008ba00000, 0x000000008bb00000, 0x000000008bb00000|100%| O|  |TAMS 0x000000008ba00000, 0x000000008ba00000| Untracked 
| 111|0x000000008bb00000, 0x000000008bc00000, 0x000000008bc00000|100%| O|  |TAMS 0x000000008bb00000, 0x000000008bb00000| Untracked 
| 112|0x000000008bc00000, 0x000000008bd00000, 0x000000008bd00000|100%| O|  |TAMS 0x000000008bc00000, 0x000000008bc00000| Untracked 
| 113|0x000000008bd00000, 0x000000008be00000, 0x000000008be00000|100%| O|  |TAMS 0x000000008bd00000, 0x000000008bd00000| Untracked 
| 114|0x000000008be00000, 0x000000008bf00000, 0x000000008bf00000|100%| O|  |TAMS 0x000000008be00000, 0x000000008be00000| Untracked 
| 115|0x000000008bf00000, 0x000000008c000000, 0x000000008c000000|100%| O|  |TAMS 0x000000008bf00000, 0x000000008bf00000| Untracked 
| 116|0x000000008c000000, 0x000000008c100000, 0x000000008c100000|100%| O|  |TAMS 0x000000008c000000, 0x000000008c000000| Untracked 
| 117|0x000000008c100000, 0x000000008c200000, 0x000000008c200000|100%| O|  |TAMS 0x000000008c100000, 0x000000008c100000| Untracked 
| 118|0x000000008c200000, 0x000000008c300000, 0x000000008c300000|100%| O|  |TAMS 0x000000008c200000, 0x000000008c200000| Untracked 
| 119|0x000000008c300000, 0x000000008c400000, 0x000000008c400000|100%| O|  |TAMS 0x000000008c300000, 0x000000008c300000| Untracked 
| 120|0x000000008c400000, 0x000000008c500000, 0x000000008c500000|100%| O|  |TAMS 0x000000008c400000, 0x000000008c400000| Untracked 
| 121|0x000000008c500000, 0x000000008c600000, 0x000000008c600000|100%| O|  |TAMS 0x000000008c500000, 0x000000008c500000| Untracked 
| 122|0x000000008c600000, 0x000000008c700000, 0x000000008c700000|100%| O|  |TAMS 0x000000008c600000, 0x000000008c600000| Untracked 
| 123|0x000000008c700000, 0x000000008c800000, 0x000000008c800000|100%| O|  |TAMS 0x000000008c700000, 0x000000008c700000| Untracked 
| 124|0x000000008c800000, 0x000000008c900000, 0x000000008c900000|100%| O|  |TAMS 0x000000008c800000, 0x000000008c800000| Untracked 
| 125|0x000000008c900000, 0x000000008ca00000, 0x000000008ca00000|100%| O|  |TAMS 0x000000008c900000, 0x000000008c900000| Untracked 
| 126|0x000000008ca00000, 0x000000008cb00000, 0x000000008cb00000|100%| O|  |TAMS 0x000000008ca00000, 0x000000008ca00000| Untracked 
| 127|0x000000008cb00000, 0x000000008cc00000, 0x000000008cc00000|100%| O|  |TAMS 0x000000008cb00000, 0x000000008cb00000| Untracked 
| 128|0x000000008cc00000, 0x000000008cd00000, 0x000000008cd00000|100%| O|  |TAMS 0x000000008cc00000, 0x000000008cc00000| Untracked 
| 129|0x000000008cd00000, 0x000000008ce00000, 0x000000008ce00000|100%| O|  |TAMS 0x000000008cd00000, 0x000000008cd00000| Untracked 
| 130|0x000000008ce00000, 0x000000008cf00000, 0x000000008cf00000|100%| O|  |TAMS 0x000000008ce00000, 0x000000008ce00000| Untracked 
| 131|0x000000008cf00000, 0x000000008d000000, 0x000000008d000000|100%| O|  |TAMS 0x000000008cf00000, 0x000000008cf00000| Untracked 
| 132|0x000000008d000000, 0x000000008d100000, 0x000000008d100000|100%| O|  |TAMS 0x000000008d000000, 0x000000008d000000| Untracked 
| 133|0x000000008d100000, 0x000000008d200000, 0x000000008d200000|100%| O|  |TAMS 0x000000008d100000, 0x000000008d100000| Untracked 
| 134|0x000000008d200000, 0x000000008d300000, 0x000000008d300000|100%| O|  |TAMS 0x000000008d200000, 0x000000008d200000| Untracked 
| 135|0x000000008d300000, 0x000000008d400000, 0x000000008d400000|100%| O|  |TAMS 0x000000008d300000, 0x000000008d300000| Untracked 
| 136|0x000000008d400000, 0x000000008d500000, 0x000000008d500000|100%| O|  |TAMS 0x000000008d400000, 0x000000008d400000| Untracked 
| 137|0x000000008d500000, 0x000000008d600000, 0x000000008d600000|100%| O|  |TAMS 0x000000008d500000, 0x000000008d500000| Untracked 
| 138|0x000000008d600000, 0x000000008d700000, 0x000000008d700000|100%| O|  |TAMS 0x000000008d600000, 0x000000008d600000| Untracked 
| 139|0x000000008d700000, 0x000000008d800000, 0x000000008d800000|100%|HS|  |TAMS 0x000000008d700000, 0x000000008d700000| Complete 
| 140|0x000000008d800000, 0x000000008d900000, 0x000000008d900000|100%|HC|  |TAMS 0x000000008d800000, 0x000000008d800000| Complete 
| 141|0x000000008d900000, 0x000000008da00000, 0x000000008da00000|100%| O|  |TAMS 0x000000008d900000, 0x000000008d900000| Untracked 
| 142|0x000000008da00000, 0x000000008db00000, 0x000000008db00000|100%| O|  |TAMS 0x000000008da00000, 0x000000008da00000| Untracked 
| 143|0x000000008db00000, 0x000000008dc00000, 0x000000008dc00000|100%| O|  |TAMS 0x000000008db00000, 0x000000008db00000| Untracked 
| 144|0x000000008dc00000, 0x000000008dd00000, 0x000000008dd00000|100%| O|  |TAMS 0x000000008dc00000, 0x000000008dc00000| Untracked 
| 145|0x000000008dd00000, 0x000000008de00000, 0x000000008de00000|100%| O|  |TAMS 0x000000008dd00000, 0x000000008dd00000| Untracked 
| 146|0x000000008de00000, 0x000000008df00000, 0x000000008df00000|100%| O|  |TAMS 0x000000008de00000, 0x000000008de00000| Untracked 
| 147|0x000000008df00000, 0x000000008e000000, 0x000000008e000000|100%| O|  |TAMS 0x000000008df00000, 0x000000008df00000| Untracked 
| 148|0x000000008e000000, 0x000000008e100000, 0x000000008e100000|100%| O|  |TAMS 0x000000008e000000, 0x000000008e000000| Untracked 
| 149|0x000000008e100000, 0x000000008e200000, 0x000000008e200000|100%| O|  |TAMS 0x000000008e100000, 0x000000008e100000| Untracked 
| 150|0x000000008e200000, 0x000000008e300000, 0x000000008e300000|100%| O|  |TAMS 0x000000008e200000, 0x000000008e200000| Untracked 
| 151|0x000000008e300000, 0x000000008e400000, 0x000000008e400000|100%| O|  |TAMS 0x000000008e300000, 0x000000008e300000| Untracked 
| 152|0x000000008e400000, 0x000000008e500000, 0x000000008e500000|100%| O|  |TAMS 0x000000008e400000, 0x000000008e400000| Untracked 
| 153|0x000000008e500000, 0x000000008e580000, 0x000000008e600000| 50%| O|  |TAMS 0x000000008e500000, 0x000000008e500000| Untracked 
| 154|0x000000008e600000, 0x000000008e600000, 0x000000008e700000|  0%| F|  |TAMS 0x000000008e600000, 0x000000008e600000| Untracked 
| 155|0x000000008e700000, 0x000000008e700000, 0x000000008e800000|  0%| F|  |TAMS 0x000000008e700000, 0x000000008e700000| Untracked 
| 156|0x000000008e800000, 0x000000008e800000, 0x000000008e900000|  0%| F|  |TAMS 0x000000008e800000, 0x000000008e800000| Untracked 
| 157|0x000000008e900000, 0x000000008e900000, 0x000000008ea00000|  0%| F|  |TAMS 0x000000008e900000, 0x000000008e900000| Untracked 
| 158|0x000000008ea00000, 0x000000008ea00000, 0x000000008eb00000|  0%| F|  |TAMS 0x000000008ea00000, 0x000000008ea00000| Untracked 
| 159|0x000000008eb00000, 0x000000008eb00000, 0x000000008ec00000|  0%| F|  |TAMS 0x000000008eb00000, 0x000000008eb00000| Untracked 
| 160|0x000000008ec00000, 0x000000008ec00000, 0x000000008ed00000|  0%| F|  |TAMS 0x000000008ec00000, 0x000000008ec00000| Untracked 
| 161|0x000000008ed00000, 0x000000008ed00000, 0x000000008ee00000|  0%| F|  |TAMS 0x000000008ed00000, 0x000000008ed00000| Untracked 
| 162|0x000000008ee00000, 0x000000008ee00000, 0x000000008ef00000|  0%| F|  |TAMS 0x000000008ee00000, 0x000000008ee00000| Untracked 
| 163|0x000000008ef00000, 0x000000008ef00000, 0x000000008f000000|  0%| F|  |TAMS 0x000000008ef00000, 0x000000008ef00000| Untracked 
| 164|0x000000008f000000, 0x000000008f000000, 0x000000008f100000|  0%| F|  |TAMS 0x000000008f000000, 0x000000008f000000| Untracked 
| 165|0x000000008f100000, 0x000000008f100000, 0x000000008f200000|  0%| F|  |TAMS 0x000000008f100000, 0x000000008f100000| Untracked 
| 166|0x000000008f200000, 0x000000008f200000, 0x000000008f300000|  0%| F|  |TAMS 0x000000008f200000, 0x000000008f200000| Untracked 
| 167|0x000000008f300000, 0x000000008f300000, 0x000000008f400000|  0%| F|  |TAMS 0x000000008f300000, 0x000000008f300000| Untracked 
| 168|0x000000008f400000, 0x000000008f400000, 0x000000008f500000|  0%| F|  |TAMS 0x000000008f400000, 0x000000008f400000| Untracked 
| 169|0x000000008f500000, 0x000000008f500000, 0x000000008f600000|  0%| F|  |TAMS 0x000000008f500000, 0x000000008f500000| Untracked 
| 170|0x000000008f600000, 0x000000008f600000, 0x000000008f700000|  0%| F|  |TAMS 0x000000008f600000, 0x000000008f600000| Untracked 
| 171|0x000000008f700000, 0x000000008f700000, 0x000000008f800000|  0%| F|  |TAMS 0x000000008f700000, 0x000000008f700000| Untracked 
| 172|0x000000008f800000, 0x000000008f800000, 0x000000008f900000|  0%| F|  |TAMS 0x000000008f800000, 0x000000008f800000| Untracked 
| 173|0x000000008f900000, 0x000000008f900000, 0x000000008fa00000|  0%| F|  |TAMS 0x000000008f900000, 0x000000008f900000| Untracked 
| 174|0x000000008fa00000, 0x000000008fa00000, 0x000000008fb00000|  0%| F|  |TAMS 0x000000008fa00000, 0x000000008fa00000| Untracked 
| 175|0x000000008fb00000, 0x000000008fb00000, 0x000000008fc00000|  0%| F|  |TAMS 0x000000008fb00000, 0x000000008fb00000| Untracked 
| 176|0x000000008fc00000, 0x000000008fc00000, 0x000000008fd00000|  0%| F|  |TAMS 0x000000008fc00000, 0x000000008fc00000| Untracked 
| 177|0x000000008fd00000, 0x000000008fd00000, 0x000000008fe00000|  0%| F|  |TAMS 0x000000008fd00000, 0x000000008fd00000| Untracked 
| 178|0x000000008fe00000, 0x000000008fe00000, 0x000000008ff00000|  0%| F|  |TAMS 0x000000008fe00000, 0x000000008fe00000| Untracked 
| 179|0x000000008ff00000, 0x000000008ff00000, 0x0000000090000000|  0%| F|  |TAMS 0x000000008ff00000, 0x000000008ff00000| Untracked 
| 180|0x0000000090000000, 0x0000000090000000, 0x0000000090100000|  0%| F|  |TAMS 0x0000000090000000, 0x0000000090000000| Untracked 
| 181|0x0000000090100000, 0x0000000090100000, 0x0000000090200000|  0%| F|  |TAMS 0x0000000090100000, 0x0000000090100000| Untracked 
| 182|0x0000000090200000, 0x0000000090200000, 0x0000000090300000|  0%| F|  |TAMS 0x0000000090200000, 0x0000000090200000| Untracked 
| 183|0x0000000090300000, 0x0000000090300000, 0x0000000090400000|  0%| F|  |TAMS 0x0000000090300000, 0x0000000090300000| Untracked 
| 184|0x0000000090400000, 0x0000000090400000, 0x0000000090500000|  0%| F|  |TAMS 0x0000000090400000, 0x0000000090400000| Untracked 
| 185|0x0000000090500000, 0x0000000090500000, 0x0000000090600000|  0%| F|  |TAMS 0x0000000090500000, 0x0000000090500000| Untracked 
| 186|0x0000000090600000, 0x0000000090600000, 0x0000000090700000|  0%| F|  |TAMS 0x0000000090600000, 0x0000000090600000| Untracked 
| 187|0x0000000090700000, 0x0000000090700000, 0x0000000090800000|  0%| F|  |TAMS 0x0000000090700000, 0x0000000090700000| Untracked 
| 188|0x0000000090800000, 0x0000000090800000, 0x0000000090900000|  0%| F|  |TAMS 0x0000000090800000, 0x0000000090800000| Untracked 
| 189|0x0000000090900000, 0x0000000090900000, 0x0000000090a00000|  0%| F|  |TAMS 0x0000000090900000, 0x0000000090900000| Untracked 
| 190|0x0000000090a00000, 0x0000000090a00000, 0x0000000090b00000|  0%| F|  |TAMS 0x0000000090a00000, 0x0000000090a00000| Untracked 
| 191|0x0000000090b00000, 0x0000000090b00000, 0x0000000090c00000|  0%| F|  |TAMS 0x0000000090b00000, 0x0000000090b00000| Untracked 
| 192|0x0000000090c00000, 0x0000000090c00000, 0x0000000090d00000|  0%| F|  |TAMS 0x0000000090c00000, 0x0000000090c00000| Untracked 
| 193|0x0000000090d00000, 0x0000000090d00000, 0x0000000090e00000|  0%| F|  |TAMS 0x0000000090d00000, 0x0000000090d00000| Untracked 
| 194|0x0000000090e00000, 0x0000000090e00000, 0x0000000090f00000|  0%| F|  |TAMS 0x0000000090e00000, 0x0000000090e00000| Untracked 
| 195|0x0000000090f00000, 0x0000000090f00000, 0x0000000091000000|  0%| F|  |TAMS 0x0000000090f00000, 0x0000000090f00000| Untracked 
| 196|0x0000000091000000, 0x0000000091000000, 0x0000000091100000|  0%| F|  |TAMS 0x0000000091000000, 0x0000000091000000| Untracked 
| 197|0x0000000091100000, 0x0000000091100000, 0x0000000091200000|  0%| F|  |TAMS 0x0000000091100000, 0x0000000091100000| Untracked 
| 198|0x0000000091200000, 0x0000000091200000, 0x0000000091300000|  0%| F|  |TAMS 0x0000000091200000, 0x0000000091200000| Untracked 
| 199|0x0000000091300000, 0x0000000091300000, 0x0000000091400000|  0%| F|  |TAMS 0x0000000091300000, 0x0000000091300000| Untracked 
| 200|0x0000000091400000, 0x0000000091400000, 0x0000000091500000|  0%| F|  |TAMS 0x0000000091400000, 0x0000000091400000| Untracked 
| 201|0x0000000091500000, 0x0000000091500000, 0x0000000091600000|  0%| F|  |TAMS 0x0000000091500000, 0x0000000091500000| Untracked 
| 202|0x0000000091600000, 0x0000000091600000, 0x0000000091700000|  0%| F|  |TAMS 0x0000000091600000, 0x0000000091600000| Untracked 
| 203|0x0000000091700000, 0x0000000091700000, 0x0000000091800000|  0%| F|  |TAMS 0x0000000091700000, 0x0000000091700000| Untracked 
| 204|0x0000000091800000, 0x0000000091800000, 0x0000000091900000|  0%| F|  |TAMS 0x0000000091800000, 0x0000000091800000| Untracked 
| 205|0x0000000091900000, 0x0000000091900000, 0x0000000091a00000|  0%| F|  |TAMS 0x0000000091900000, 0x0000000091900000| Untracked 
| 206|0x0000000091a00000, 0x0000000091a00000, 0x0000000091b00000|  0%| F|  |TAMS 0x0000000091a00000, 0x0000000091a00000| Untracked 
| 207|0x0000000091b00000, 0x0000000091b4b218, 0x0000000091c00000| 29%| S|CS|TAMS 0x0000000091b00000, 0x0000000091b00000| Complete 
| 208|0x0000000091c00000, 0x0000000091d00000, 0x0000000091d00000|100%| S|CS|TAMS 0x0000000091c00000, 0x0000000091c00000| Complete 
| 209|0x0000000091d00000, 0x0000000091e00000, 0x0000000091e00000|100%| S|CS|TAMS 0x0000000091d00000, 0x0000000091d00000| Complete 
| 210|0x0000000091e00000, 0x0000000091e00000, 0x0000000091f00000|  0%| F|  |TAMS 0x0000000091e00000, 0x0000000091e00000| Untracked 
| 211|0x0000000091f00000, 0x0000000091f00000, 0x0000000092000000|  0%| F|  |TAMS 0x0000000091f00000, 0x0000000091f00000| Untracked 
| 212|0x0000000092000000, 0x0000000092000000, 0x0000000092100000|  0%| F|  |TAMS 0x0000000092000000, 0x0000000092000000| Untracked 
| 213|0x0000000092100000, 0x0000000092100000, 0x0000000092200000|  0%| F|  |TAMS 0x0000000092100000, 0x0000000092100000| Untracked 
| 214|0x0000000092200000, 0x0000000092200000, 0x0000000092300000|  0%| F|  |TAMS 0x0000000092200000, 0x0000000092200000| Untracked 
| 215|0x0000000092300000, 0x0000000092300000, 0x0000000092400000|  0%| F|  |TAMS 0x0000000092300000, 0x0000000092300000| Untracked 
| 216|0x0000000092400000, 0x0000000092400000, 0x0000000092500000|  0%| F|  |TAMS 0x0000000092400000, 0x0000000092400000| Untracked 
| 217|0x0000000092500000, 0x0000000092500000, 0x0000000092600000|  0%| F|  |TAMS 0x0000000092500000, 0x0000000092500000| Untracked 
| 218|0x0000000092600000, 0x0000000092600000, 0x0000000092700000|  0%| F|  |TAMS 0x0000000092600000, 0x0000000092600000| Untracked 
| 219|0x0000000092700000, 0x0000000092700000, 0x0000000092800000|  0%| F|  |TAMS 0x0000000092700000, 0x0000000092700000| Untracked 
| 220|0x0000000092800000, 0x0000000092800000, 0x0000000092900000|  0%| F|  |TAMS 0x0000000092800000, 0x0000000092800000| Untracked 
| 221|0x0000000092900000, 0x0000000092900000, 0x0000000092a00000|  0%| F|  |TAMS 0x0000000092900000, 0x0000000092900000| Untracked 
| 222|0x0000000092a00000, 0x0000000092a00000, 0x0000000092b00000|  0%| F|  |TAMS 0x0000000092a00000, 0x0000000092a00000| Untracked 
| 223|0x0000000092b00000, 0x0000000092b00000, 0x0000000092c00000|  0%| F|  |TAMS 0x0000000092b00000, 0x0000000092b00000| Untracked 
| 224|0x0000000092c00000, 0x0000000092c00000, 0x0000000092d00000|  0%| F|  |TAMS 0x0000000092c00000, 0x0000000092c00000| Untracked 
| 225|0x0000000092d00000, 0x0000000092d00000, 0x0000000092e00000|  0%| F|  |TAMS 0x0000000092d00000, 0x0000000092d00000| Untracked 
| 226|0x0000000092e00000, 0x0000000092e00000, 0x0000000092f00000|  0%| F|  |TAMS 0x0000000092e00000, 0x0000000092e00000| Untracked 
| 227|0x0000000092f00000, 0x0000000092f00000, 0x0000000093000000|  0%| F|  |TAMS 0x0000000092f00000, 0x0000000092f00000| Untracked 
| 228|0x0000000093000000, 0x0000000093000000, 0x0000000093100000|  0%| F|  |TAMS 0x0000000093000000, 0x0000000093000000| Untracked 
| 229|0x0000000093100000, 0x0000000093100000, 0x0000000093200000|  0%| F|  |TAMS 0x0000000093100000, 0x0000000093100000| Untracked 
| 230|0x0000000093200000, 0x0000000093200000, 0x0000000093300000|  0%| F|  |TAMS 0x0000000093200000, 0x0000000093200000| Untracked 
| 231|0x0000000093300000, 0x0000000093300000, 0x0000000093400000|  0%| F|  |TAMS 0x0000000093300000, 0x0000000093300000| Untracked 
| 232|0x0000000093400000, 0x0000000093400000, 0x0000000093500000|  0%| F|  |TAMS 0x0000000093400000, 0x0000000093400000| Untracked 
| 233|0x0000000093500000, 0x0000000093500000, 0x0000000093600000|  0%| F|  |TAMS 0x0000000093500000, 0x0000000093500000| Untracked 
| 234|0x0000000093600000, 0x0000000093600000, 0x0000000093700000|  0%| F|  |TAMS 0x0000000093600000, 0x0000000093600000| Untracked 
| 235|0x0000000093700000, 0x0000000093700000, 0x0000000093800000|  0%| F|  |TAMS 0x0000000093700000, 0x0000000093700000| Untracked 
| 236|0x0000000093800000, 0x0000000093800000, 0x0000000093900000|  0%| F|  |TAMS 0x0000000093800000, 0x0000000093800000| Untracked 
| 237|0x0000000093900000, 0x0000000093900000, 0x0000000093a00000|  0%| F|  |TAMS 0x0000000093900000, 0x0000000093900000| Untracked 
| 238|0x0000000093a00000, 0x0000000093a00000, 0x0000000093b00000|  0%| F|  |TAMS 0x0000000093a00000, 0x0000000093a00000| Untracked 
| 239|0x0000000093b00000, 0x0000000093b00000, 0x0000000093c00000|  0%| F|  |TAMS 0x0000000093b00000, 0x0000000093b00000| Untracked 
| 240|0x0000000093c00000, 0x0000000093c00000, 0x0000000093d00000|  0%| F|  |TAMS 0x0000000093c00000, 0x0000000093c00000| Untracked 
| 241|0x0000000093d00000, 0x0000000093d00000, 0x0000000093e00000|  0%| F|  |TAMS 0x0000000093d00000, 0x0000000093d00000| Untracked 
| 242|0x0000000093e00000, 0x0000000093e00000, 0x0000000093f00000|  0%| F|  |TAMS 0x0000000093e00000, 0x0000000093e00000| Untracked 
| 243|0x0000000093f00000, 0x0000000093f00000, 0x0000000094000000|  0%| F|  |TAMS 0x0000000093f00000, 0x0000000093f00000| Untracked 
| 244|0x0000000094000000, 0x0000000094000000, 0x0000000094100000|  0%| F|  |TAMS 0x0000000094000000, 0x0000000094000000| Untracked 
| 245|0x0000000094100000, 0x0000000094100000, 0x0000000094200000|  0%| F|  |TAMS 0x0000000094100000, 0x0000000094100000| Untracked 
| 246|0x0000000094200000, 0x0000000094200000, 0x0000000094300000|  0%| F|  |TAMS 0x0000000094200000, 0x0000000094200000| Untracked 
| 247|0x0000000094300000, 0x0000000094300000, 0x0000000094400000|  0%| F|  |TAMS 0x0000000094300000, 0x0000000094300000| Untracked 
| 248|0x0000000094400000, 0x0000000094400000, 0x0000000094500000|  0%| F|  |TAMS 0x0000000094400000, 0x0000000094400000| Untracked 
| 249|0x0000000094500000, 0x0000000094500000, 0x0000000094600000|  0%| F|  |TAMS 0x0000000094500000, 0x0000000094500000| Untracked 
| 250|0x0000000094600000, 0x0000000094600000, 0x0000000094700000|  0%| F|  |TAMS 0x0000000094600000, 0x0000000094600000| Untracked 
| 251|0x0000000094700000, 0x0000000094700000, 0x0000000094800000|  0%| F|  |TAMS 0x0000000094700000, 0x0000000094700000| Untracked 
| 252|0x0000000094800000, 0x0000000094800000, 0x0000000094900000|  0%| F|  |TAMS 0x0000000094800000, 0x0000000094800000| Untracked 
| 253|0x0000000094900000, 0x0000000094900000, 0x0000000094a00000|  0%| F|  |TAMS 0x0000000094900000, 0x0000000094900000| Untracked 
| 254|0x0000000094a00000, 0x0000000094a00000, 0x0000000094b00000|  0%| F|  |TAMS 0x0000000094a00000, 0x0000000094a00000| Untracked 

Card table byte_map: [0x000001e049690000,0x000001e049a70000] _byte_map_base: 0x000001e04926a000

Marking Bits (Prev, Next): (CMBitMap*) 0x000001e030835820, (CMBitMap*) 0x000001e0308357e0
 Prev Bits: [0x000001e04bd20000, 0x000001e04dbf0000)
 Next Bits: [0x000001e049e50000, 0x000001e04bd20000)

Polling page: 0x000001e030880000

Metaspace:

Usage:
  Non-class:     73.94 MB used.
      Class:     11.72 MB used.
       Both:     85.66 MB used.

Virtual space:
  Non-class space:      128.00 MB reserved,      74.31 MB ( 58%) committed,  2 nodes.
      Class space:        1.00 GB reserved,      12.06 MB (  1%) committed,  1 nodes.
             Both:        1.12 GB reserved,      86.38 MB (  7%) committed. 

Chunk freelists:
   Non-Class:  5.28 MB
       Class:  3.81 MB
        Both:  9.09 MB

MaxMetaspaceSize: unlimited
CompressedClassSpaceSize: 1.00 GB
Initial GC threshold: 21.00 MB
Current GC threshold: 141.06 MB
CDS: on
MetaspaceReclaimPolicy: balanced
 - commit_granule_bytes: 65536.
 - commit_granule_words: 8192.
 - virtual_space_node_default_size: 8388608.
 - enlarge_chunks_in_place: 1.
 - new_chunks_are_fully_committed: 0.
 - uncommit_free_chunks: 1.
 - use_allocation_guard: 0.
 - handle_deallocations: 1.


Internal statistics:

num_allocs_failed_limit: 6.
num_arena_births: 1128.
num_arena_deaths: 0.
num_vsnodes_births: 3.
num_vsnodes_deaths: 0.
num_space_committed: 1382.
num_space_uncommitted: 0.
num_chunks_returned_to_freelist: 6.
num_chunks_taken_from_freelist: 4378.
num_chunk_merges: 6.
num_chunk_splits: 3088.
num_chunks_enlarged: 2323.
num_inconsistent_stats: 0.

CodeHeap 'non-profiled nmethods': size=120000Kb used=6414Kb max_used=6414Kb free=113585Kb
 bounds [0x000001e041320000, 0x000001e041970000, 0x000001e048850000]
CodeHeap 'profiled nmethods': size=120000Kb used=16772Kb max_used=16772Kb free=103227Kb
 bounds [0x000001e039850000, 0x000001e03a8c0000, 0x000001e040d80000]
CodeHeap 'non-nmethods': size=5760Kb used=1418Kb max_used=1480Kb free=4342Kb
 bounds [0x000001e040d80000, 0x000001e040ff0000, 0x000001e041320000]
 total_blobs=9862 nmethods=9117 adapters=656
 compilation: enabled
              stopped_count=0, restarted_count=0
 full_count=0

Compilation events (20 events):
Event: 17.227 Thread 0x000001e0506ae380 nmethod 10620 0x000001e04195c690 code [0x000001e04195c820, 0x000001e04195cbf8]
Event: 17.253 Thread 0x000001e0970bf460 nmethod 10617 0x000001e04195cd90 code [0x000001e04195d080, 0x000001e04195f928]
Event: 17.260 Thread 0x000001e0506aee30 10621       3       org.antlr.v4.runtime.atn.PredictionMode::getStateToAltMap (88 bytes)
Event: 17.260 Thread 0x000001e0970bf460 10623       4       java.lang.Long::numberOfTrailingZeros (26 bytes)
Event: 17.260 Thread 0x000001e0506ae380 10624       4       org.antlr.v4.runtime.CommonTokenStream::LT (75 bytes)
Event: 17.261 Thread 0x000001e0506aee30 nmethod 10621 0x000001e03a8aea10 code [0x000001e03a8aeca0, 0x000001e03a8afcf8]
Event: 17.261 Thread 0x000001e0506aee30 10622       3       org.antlr.v4.runtime.atn.PredictionMode::hasStateAssociatedWithOneAlt (51 bytes)
Event: 17.261 Thread 0x000001e0970bf460 nmethod 10623 0x000001e041961390 code [0x000001e041961500, 0x000001e041961578]
Event: 17.261 Thread 0x000001e0970bf460 10625       4       org.antlr.v4.runtime.atn.SingletonPredictionContext::getReturnState (23 bytes)
Event: 17.261 Thread 0x000001e0506aee30 nmethod 10622 0x000001e03a8b0210 code [0x000001e03a8b0420, 0x000001e03a8b0a98]
Event: 17.261 Thread 0x000001e0970bf460 nmethod 10625 0x000001e041961690 code [0x000001e041961800, 0x000001e041961878]
Event: 17.261 Thread 0x000001e0970bf460 10626       4       org.antlr.v4.runtime.BailErrorStrategy::sync (1 bytes)
Event: 17.261 Thread 0x000001e0970bf460 nmethod 10626 0x000001e041961990 code [0x000001e041961b00, 0x000001e041961b78]
Event: 17.264 Thread 0x000001e0506aee30 10627       3       java.util.ArrayList::equalsArrayList (108 bytes)
Event: 17.265 Thread 0x000001e0506aee30 nmethod 10627 0x000001e03a8b0c90 code [0x000001e03a8b0ea0, 0x000001e03a8b16c8]
Event: 17.268 Thread 0x000001e0970bf460 10628       4       org.antlr.v4.runtime.BufferedTokenStream::sync (55 bytes)
Event: 17.269 Thread 0x000001e0506ae380 nmethod 10624 0x000001e041961c90 code [0x000001e041961ea0, 0x000001e0419627d8]
Event: 17.271 Thread 0x000001e0970bf460 nmethod 10628 0x000001e041963190 code [0x000001e041963340, 0x000001e041963668]
Event: 17.271 Thread 0x000001e0506aee30 10629       3       org.antlr.v4.runtime.misc.IntegerStack::peek (11 bytes)
Event: 17.271 Thread 0x000001e0506aee30 nmethod 10629 0x000001e03a8b1a10 code [0x000001e03a8b1bc0, 0x000001e03a8b1ea8]

GC Heap History (20 events):
Event: 14.722 GC heap after
{Heap after GC invocations=43 (full 0):
 garbage-first heap   total 136192K, used 67205K [0x0000000084c00000, 0x0000000100000000)
  region size 1024K, 6 young (6144K), 6 survivors (6144K)
 Metaspace       used 79672K, committed 80320K, reserved 1179648K
  class space    used 10646K, committed 10944K, reserved 1048576K
}
Event: 15.239 GC heap before
{Heap before GC invocations=43 (full 0):
 garbage-first heap   total 136192K, used 104069K [0x0000000084c00000, 0x0000000100000000)
  region size 1024K, 42 young (43008K), 6 survivors (6144K)
 Metaspace       used 84645K, committed 85312K, reserved 1179648K
  class space    used 11580K, committed 11904K, reserved 1048576K
}
Event: 15.248 GC heap after
{Heap after GC invocations=44 (full 0):
 garbage-first heap   total 136192K, used 71532K [0x0000000084c00000, 0x0000000100000000)
  region size 1024K, 4 young (4096K), 4 survivors (4096K)
 Metaspace       used 84645K, committed 85312K, reserved 1179648K
  class space    used 11580K, committed 11904K, reserved 1048576K
}
Event: 15.371 GC heap before
{Heap before GC invocations=45 (full 0):
 garbage-first heap   total 136192K, used 103276K [0x0000000084c00000, 0x0000000100000000)
  region size 1024K, 39 young (39936K), 4 survivors (4096K)
 Metaspace       used 84659K, committed 85312K, reserved 1179648K
  class space    used 11580K, committed 11904K, reserved 1048576K
}
Event: 15.374 GC heap after
{Heap after GC invocations=46 (full 0):
 garbage-first heap   total 136192K, used 68361K [0x0000000084c00000, 0x0000000100000000)
  region size 1024K, 2 young (2048K), 2 survivors (2048K)
 Metaspace       used 84659K, committed 85312K, reserved 1179648K
  class space    used 11580K, committed 11904K, reserved 1048576K
}
Event: 15.415 GC heap before
{Heap before GC invocations=46 (full 0):
 garbage-first heap   total 136192K, used 71433K [0x0000000084c00000, 0x0000000100000000)
  region size 1024K, 6 young (6144K), 2 survivors (2048K)
 Metaspace       used 85060K, committed 85696K, reserved 1179648K
  class space    used 11611K, committed 11904K, reserved 1048576K
}
Event: 15.417 GC heap after
{Heap after GC invocations=47 (full 0):
 garbage-first heap   total 136192K, used 67716K [0x0000000084c00000, 0x0000000100000000)
  region size 1024K, 1 young (1024K), 1 survivors (1024K)
 Metaspace       used 85060K, committed 85696K, reserved 1179648K
  class space    used 11611K, committed 11904K, reserved 1048576K
}
Event: 15.579 GC heap before
{Heap before GC invocations=47 (full 0):
 garbage-first heap   total 136192K, used 106628K [0x0000000084c00000, 0x0000000100000000)
  region size 1024K, 39 young (39936K), 1 survivors (1024K)
 Metaspace       used 85991K, committed 86656K, reserved 1179648K
  class space    used 11763K, committed 12096K, reserved 1048576K
}
Event: 15.585 GC heap after
{Heap after GC invocations=48 (full 0):
 garbage-first heap   total 261120K, used 71359K [0x0000000084c00000, 0x0000000100000000)
  region size 1024K, 4 young (4096K), 4 survivors (4096K)
 Metaspace       used 85991K, committed 86656K, reserved 1179648K
  class space    used 11763K, committed 12096K, reserved 1048576K
}
Event: 16.125 GC heap before
{Heap before GC invocations=49 (full 0):
 garbage-first heap   total 261120K, used 180927K [0x0000000084c00000, 0x0000000100000000)
  region size 1024K, 111 young (113664K), 4 survivors (4096K)
 Metaspace       used 86683K, committed 87360K, reserved 1179648K
  class space    used 11851K, committed 12160K, reserved 1048576K
}
Event: 16.130 GC heap after
{Heap after GC invocations=50 (full 0):
 garbage-first heap   total 261120K, used 70889K [0x0000000084c00000, 0x0000000100000000)
  region size 1024K, 4 young (4096K), 4 survivors (4096K)
 Metaspace       used 86683K, committed 87360K, reserved 1179648K
  class space    used 11851K, committed 12160K, reserved 1048576K
}
Event: 16.143 GC heap before
{Heap before GC invocations=50 (full 0):
 garbage-first heap   total 261120K, used 79081K [0x0000000084c00000, 0x0000000100000000)
  region size 1024K, 12 young (12288K), 4 survivors (4096K)
 Metaspace       used 86683K, committed 87360K, reserved 1179648K
  class space    used 11851K, committed 12160K, reserved 1048576K
}
Event: 16.151 GC heap after
{Heap after GC invocations=51 (full 0):
 garbage-first heap   total 261120K, used 72565K [0x0000000084c00000, 0x0000000100000000)
  region size 1024K, 2 young (2048K), 2 survivors (2048K)
 Metaspace       used 86683K, committed 87360K, reserved 1179648K
  class space    used 11851K, committed 12160K, reserved 1048576K
}
Event: 16.701 GC heap before
{Heap before GC invocations=51 (full 0):
 garbage-first heap   total 261120K, used 212853K [0x0000000084c00000, 0x0000000100000000)
  region size 1024K, 138 young (141312K), 2 survivors (2048K)
 Metaspace       used 87692K, committed 88448K, reserved 1179648K
  class space    used 11994K, committed 12352K, reserved 1048576K
}
Event: 16.724 GC heap after
{Heap after GC invocations=52 (full 0):
 garbage-first heap   total 261120K, used 103905K [0x0000000084c00000, 0x0000000100000000)
  region size 1024K, 18 young (18432K), 18 survivors (18432K)
 Metaspace       used 87692K, committed 88448K, reserved 1179648K
  class space    used 11994K, committed 12352K, reserved 1048576K
}
Event: 16.923 GC heap before
{Heap before GC invocations=52 (full 0):
 garbage-first heap   total 261120K, used 196065K [0x0000000084c00000, 0x0000000100000000)
  region size 1024K, 106 young (108544K), 18 survivors (18432K)
 Metaspace       used 87712K, committed 88448K, reserved 1179648K
  class space    used 11997K, committed 12352K, reserved 1048576K
}
Event: 16.944 GC heap after
{Heap after GC invocations=53 (full 0):
 garbage-first heap   total 261120K, used 122682K [0x0000000084c00000, 0x0000000100000000)
  region size 1024K, 14 young (14336K), 14 survivors (14336K)
 Metaspace       used 87712K, committed 88448K, reserved 1179648K
  class space    used 11997K, committed 12352K, reserved 1048576K
}
Event: 17.119 GC heap before
{Heap before GC invocations=53 (full 0):
 garbage-first heap   total 261120K, used 197434K [0x0000000084c00000, 0x0000000100000000)
  region size 1024K, 86 young (88064K), 14 survivors (14336K)
 Metaspace       used 87712K, committed 88448K, reserved 1179648K
  class space    used 11997K, committed 12352K, reserved 1048576K
}
Event: 17.151 GC heap after
{Heap after GC invocations=54 (full 0):
 garbage-first heap   total 261120K, used 153445K [0x0000000084c00000, 0x0000000100000000)
  region size 1024K, 11 young (11264K), 11 survivors (11264K)
 Metaspace       used 87712K, committed 88448K, reserved 1179648K
  class space    used 11997K, committed 12352K, reserved 1048576K
}
Event: 17.272 GC heap before
{Heap before GC invocations=54 (full 0):
 garbage-first heap   total 261120K, used 201573K [0x0000000084c00000, 0x0000000100000000)
  region size 1024K, 56 young (57344K), 11 survivors (11264K)
 Metaspace       used 87713K, committed 88448K, reserved 1179648K
  class space    used 11997K, committed 12352K, reserved 1048576K
}

Deoptimization events (20 events):
Event: 16.859 Thread 0x000001e096698450 Uncommon trap: trap_request=0xffffff45 fr.pc=0x000001e0413ef50c relative=0x00000000000001ec
Event: 16.859 Thread 0x000001e096698450 Uncommon trap: reason=unstable_if action=reinterpret pc=0x000001e0413ef50c method=java.util.HashMap.getNode(Ljava/lang/Object;)Ljava/util/HashMap$Node; @ 131 c2
Event: 16.859 Thread 0x000001e096698450 DEOPT PACKING pc=0x000001e0413ef50c sp=0x00000047709faa30
Event: 16.859 Thread 0x000001e096698450 DEOPT UNPACKING pc=0x000001e040dd5ba3 sp=0x00000047709fa940 mode 2
Event: 16.956 Thread 0x000001e096698450 DEOPT PACKING pc=0x000001e039966e3e sp=0x00000047709fae00
Event: 16.956 Thread 0x000001e096698450 DEOPT UNPACKING pc=0x000001e040dd66e3 sp=0x00000047709fa338 mode 0
Event: 17.174 Thread 0x000001e096698450 DEOPT PACKING pc=0x000001e03a8104e5 sp=0x00000047709fae50
Event: 17.174 Thread 0x000001e096698450 DEOPT UNPACKING pc=0x000001e040dd66e3 sp=0x00000047709fa338 mode 0
Event: 17.175 Thread 0x000001e096698450 DEOPT PACKING pc=0x000001e03a050053 sp=0x00000047709fad00
Event: 17.175 Thread 0x000001e096698450 DEOPT UNPACKING pc=0x000001e040dd66e3 sp=0x00000047709fa190 mode 0
Event: 17.175 Thread 0x000001e096698450 DEOPT PACKING pc=0x000001e03a7f6dd5 sp=0x00000047709faf10
Event: 17.175 Thread 0x000001e096698450 DEOPT UNPACKING pc=0x000001e040dd66e3 sp=0x00000047709fa400 mode 0
Event: 17.201 Thread 0x000001e096698450 DEOPT PACKING pc=0x000001e03a1c8323 sp=0x00000047709faf00
Event: 17.201 Thread 0x000001e096698450 DEOPT UNPACKING pc=0x000001e040dd66e3 sp=0x00000047709fa488 mode 0
Event: 17.203 Thread 0x000001e096698450 DEOPT PACKING pc=0x000001e03a1c8344 sp=0x00000047709fadb0
Event: 17.203 Thread 0x000001e096698450 DEOPT UNPACKING pc=0x000001e040dd66e3 sp=0x00000047709fa338 mode 0
Event: 17.229 Thread 0x000001e096698450 DEOPT PACKING pc=0x000001e03a1c8323 sp=0x00000047709fa980
Event: 17.229 Thread 0x000001e096698450 DEOPT UNPACKING pc=0x000001e040dd66e3 sp=0x00000047709f9f08 mode 0
Event: 17.264 Thread 0x000001e096698450 DEOPT PACKING pc=0x000001e039b0e226 sp=0x00000047709face0
Event: 17.264 Thread 0x000001e096698450 DEOPT UNPACKING pc=0x000001e040dd66e3 sp=0x00000047709fa198 mode 0

Classes unloaded (0 events):
No events

Classes redefined (0 events):
No events

Internal exceptions (20 events):
Event: 15.910 Thread 0x000001e0981a6b20 Exception <a 'java/lang/ClassNotFoundException'{0x0000000091206568}: org/springframework/context/support/LiveBeansView> (0x0000000091206568) 
thrown [s\open\src\hotspot\share\classfile\systemDictionary.cpp, line 256]
Event: 15.910 Thread 0x000001e0981a6b20 Exception <a 'java/lang/ClassNotFoundException'{0x0000000091206920}: org/springframework/context/support/LiveBeansView> (0x0000000091206920) 
thrown [s\open\src\hotspot\share\classfile\systemDictionary.cpp, line 256]
Event: 15.910 Thread 0x000001e0981a6b20 Exception <a 'java/lang/ClassNotFoundException'{0x0000000091206cd0}: org/springframework/context/support/LiveBeansView> (0x0000000091206cd0) 
thrown [s\open\src\hotspot\share\classfile\systemDictionary.cpp, line 256]
Event: 15.910 Thread 0x000001e0981a6b20 Exception <a 'java/lang/ClassNotFoundException'{0x0000000091207078}: org/springframework/context/support/LiveBeansView> (0x0000000091207078) 
thrown [s\open\src\hotspot\share\classfile\systemDictionary.cpp, line 256]
Event: 15.910 Thread 0x000001e0981a6b20 Exception <a 'java/lang/ClassNotFoundException'{0x0000000091207438}: org/springframework/context/support/LiveBeansView> (0x0000000091207438) 
thrown [s\open\src\hotspot\share\classfile\systemDictionary.cpp, line 256]
Event: 15.910 Thread 0x000001e0981a6b20 Exception <a 'java/lang/ClassNotFoundException'{0x00000000912077e0}: org/springframework/context/support/LiveBeansView> (0x00000000912077e0) 
thrown [s\open\src\hotspot\share\classfile\systemDictionary.cpp, line 256]
Event: 15.910 Thread 0x000001e0981a6b20 Exception <a 'java/lang/ClassNotFoundException'{0x0000000091207ba0}: org/springframework/context/support/LiveBeansView> (0x0000000091207ba0) 
thrown [s\open\src\hotspot\share\classfile\systemDictionary.cpp, line 256]
Event: 15.910 Thread 0x000001e0981a6b20 Exception <a 'java/lang/ClassNotFoundException'{0x0000000091207f58}: org/springframework/context/support/LiveBeansView> (0x0000000091207f58) 
thrown [s\open\src\hotspot\share\classfile\systemDictionary.cpp, line 256]
Event: 15.910 Thread 0x000001e0981a6b20 Exception <a 'java/lang/ClassNotFoundException'{0x0000000091208308}: org/springframework/context/support/LiveBeansView> (0x0000000091208308) 
thrown [s\open\src\hotspot\share\classfile\systemDictionary.cpp, line 256]
Event: 15.910 Thread 0x000001e0981a6b20 Exception <a 'java/lang/ClassNotFoundException'{0x00000000912086d0}: org/springframework/context/support/LiveBeansView> (0x00000000912086d0) 
thrown [s\open\src\hotspot\share\classfile\systemDictionary.cpp, line 256]
Event: 15.910 Thread 0x000001e0981a6b20 Exception <a 'java/lang/ClassNotFoundException'{0x0000000091208a90}: org/springframework/context/support/LiveBeansView> (0x0000000091208a90) 
thrown [s\open\src\hotspot\share\classfile\systemDictionary.cpp, line 256]
Event: 15.910 Thread 0x000001e0981a6b20 Exception <a 'java/lang/ClassNotFoundException'{0x0000000091208e50}: org/springframework/context/support/LiveBeansView> (0x0000000091208e50) 
thrown [s\open\src\hotspot\share\classfile\systemDictionary.cpp, line 256]
Event: 15.910 Thread 0x000001e0981a6b20 Exception <a 'java/lang/ClassNotFoundException'{0x0000000091209210}: org/springframework/context/support/LiveBeansView> (0x0000000091209210) 
thrown [s\open\src\hotspot\share\classfile\systemDictionary.cpp, line 256]
Event: 15.910 Thread 0x000001e0981a6b20 Exception <a 'java/lang/ClassNotFoundException'{0x00000000912095b0}: org/springframework/context/support/LiveBeansView> (0x00000000912095b0) 
thrown [s\open\src\hotspot\share\classfile\systemDictionary.cpp, line 256]
Event: 15.910 Thread 0x000001e0981a6b20 Exception <a 'java/lang/ClassNotFoundException'{0x0000000091209968}: org/springframework/context/support/LiveBeansView> (0x0000000091209968) 
thrown [s\open\src\hotspot\share\classfile\systemDictionary.cpp, line 256]
Event: 15.910 Thread 0x000001e0981a6b20 Exception <a 'java/lang/ClassNotFoundException'{0x0000000091209d10}: org/springframework/context/support/LiveBeansView> (0x0000000091209d10) 
thrown [s\open\src\hotspot\share\classfile\systemDictionary.cpp, line 256]
Event: 15.913 Thread 0x000001e0981a6b20 Exception <a 'java/lang/ClassNotFoundException'{0x00000000912d5ce0}: org/springframework/context/support/LiveBeansView> (0x00000000912d5ce0) 
thrown [s\open\src\hotspot\share\classfile\systemDictionary.cpp, line 256]
Event: 15.913 Thread 0x000001e0981a6b20 Exception <a 'java/lang/ClassNotFoundException'{0x00000000912d60a8}: org/springframework/context/support/LiveBeansView> (0x00000000912d60a8) 
thrown [s\open\src\hotspot\share\classfile\systemDictionary.cpp, line 256]
Event: 15.913 Thread 0x000001e0981a6b20 Exception <a 'java/lang/ClassNotFoundException'{0x00000000912d6458}: org/springframework/context/support/LiveBeansView> (0x00000000912d6458) 
thrown [s\open\src\hotspot\share\classfile\systemDictionary.cpp, line 256]
Event: 15.913 Thread 0x000001e0981a6b20 Exception <a 'java/lang/ClassNotFoundException'{0x00000000912d6808}: org/springframework/context/support/LiveBeansView> (0x00000000912d6808) 
thrown [s\open\src\hotspot\share\classfile\systemDictionary.cpp, line 256]

VM Operations (20 events):
Event: 15.585 Executing VM operation: G1CollectForAllocation done
Event: 15.652 Executing VM operation: G1Concurrent
Event: 15.656 Executing VM operation: G1Concurrent done
Event: 15.685 Executing VM operation: G1Concurrent
Event: 15.685 Executing VM operation: G1Concurrent done
Event: 15.903 Executing VM operation: HandshakeAllThreads
Event: 15.903 Executing VM operation: HandshakeAllThreads done
Event: 16.125 Executing VM operation: G1CollectForAllocation
Event: 16.130 Executing VM operation: G1CollectForAllocation done
Event: 16.143 Executing VM operation: G1CollectForAllocation
Event: 16.151 Executing VM operation: G1CollectForAllocation done
Event: 16.525 Executing VM operation: ICBufferFull
Event: 16.525 Executing VM operation: ICBufferFull done
Event: 16.701 Executing VM operation: G1CollectForAllocation
Event: 16.724 Executing VM operation: G1CollectForAllocation done
Event: 16.923 Executing VM operation: G1CollectForAllocation
Event: 16.944 Executing VM operation: G1CollectForAllocation done
Event: 17.119 Executing VM operation: G1CollectForAllocation
Event: 17.151 Executing VM operation: G1CollectForAllocation done
Event: 17.272 Executing VM operation: G1CollectForAllocation

Events (20 events):
Event: 14.962 loading class java/util/EmptyStackException
Event: 14.962 loading class java/util/EmptyStackException done
Event: 15.052 loading class java/io/InvalidClassException
Event: 15.052 loading class java/io/InvalidClassException done
Event: 15.062 loading class java/util/ArrayList$ListItr
Event: 15.063 loading class java/util/ArrayList$ListItr done
Event: 15.823 loading class sun/reflect/ReflectionFactory
Event: 15.824 loading class sun/reflect/ReflectionFactory done
Event: 15.824 loading class sun/reflect/ReflectionFactory$1
Event: 15.824 loading class sun/reflect/ReflectionFactory$1 done
Event: 15.824 loading class java/io/OptionalDataException
Event: 15.824 loading class java/io/OptionalDataException done
Event: 15.904 Thread 0x000001e0506c42f0 flushing nmethod 0x000001e0414f6210
Event: 15.905 Thread 0x000001e0506c42f0 flushing nmethod 0x000001e041830310
Event: 16.441 loading class jdk/internal/reflect/UnsafeQualifiedObjectFieldAccessorImpl
Event: 16.441 loading class jdk/internal/reflect/UnsafeQualifiedFieldAccessorImpl
Event: 16.442 loading class jdk/internal/reflect/UnsafeQualifiedFieldAccessorImpl done
Event: 16.442 loading class jdk/internal/reflect/UnsafeQualifiedObjectFieldAccessorImpl done
Event: 16.498 loading class java/lang/UnknownError
Event: 16.499 loading class java/lang/UnknownError done


Dynamic libraries:
0x00007ff76cf80000 - 0x00007ff76cf90000 	D:\downApp\bin\java.exe
0x00007ff8ed190000 - 0x00007ff8ed3a7000 	C:\WINDOWS\SYSTEM32\ntdll.dll
0x00007ff8ec620000 - 0x00007ff8ec6e4000 	C:\WINDOWS\System32\KERNEL32.DLL
0x00007ff8ea580000 - 0x00007ff8ea952000 	C:\WINDOWS\System32\KERNELBASE.dll
0x00007ff8eac80000 - 0x00007ff8ead91000 	C:\WINDOWS\System32\ucrtbase.dll
0x00007ff8d23e0000 - 0x00007ff8d23f9000 	D:\downApp\bin\jli.dll
0x00007ff8cb950000 - 0x00007ff8cb96b000 	D:\downApp\bin\VCRUNTIME140.dll
0x00007ff8ec490000 - 0x00007ff8ec541000 	C:\WINDOWS\System32\ADVAPI32.dll
0x00007ff8eaf00000 - 0x00007ff8eafa7000 	C:\WINDOWS\System32\msvcrt.dll
0x00007ff8ec550000 - 0x00007ff8ec5f8000 	C:\WINDOWS\System32\sechost.dll
0x00007ff8eaaa0000 - 0x00007ff8eaac8000 	C:\WINDOWS\System32\bcrypt.dll
0x00007ff8ed030000 - 0x00007ff8ed144000 	C:\WINDOWS\System32\RPCRT4.dll
0x00007ff8ec9a0000 - 0x00007ff8ecb51000 	C:\WINDOWS\System32\USER32.dll
0x00007ff8ea3f0000 - 0x00007ff8ea416000 	C:\WINDOWS\System32\win32u.dll
0x00007ff8dcfa0000 - 0x00007ff8dd23b000 	C:\WINDOWS\WinSxS\amd64_microsoft.windows.common-controls_6595b64144ccf1df_6.0.22621.5415_none_270d77d17387d7da\COMCTL32.dll
0x00007ff8ec6f0000 - 0x00007ff8ec719000 	C:\WINDOWS\System32\GDI32.dll
0x00007ff8eab50000 - 0x00007ff8eac73000 	C:\WINDOWS\System32\gdi32full.dll
0x00007ff8ea420000 - 0x00007ff8ea4ba000 	C:\WINDOWS\System32\msvcp_win.dll
0x00007ff8e0510000 - 0x00007ff8e051a000 	C:\WINDOWS\SYSTEM32\VERSION.dll
0x00007ff8ecff0000 - 0x00007ff8ed021000 	C:\WINDOWS\System32\IMM32.DLL
0x00007ff8cb940000 - 0x00007ff8cb94c000 	D:\downApp\bin\vcruntime140_1.dll
0x00007ff8cb970000 - 0x00007ff8cb9fe000 	D:\downApp\bin\msvcp140.dll
0x00007ff84d4b0000 - 0x00007ff84e091000 	D:\downApp\bin\server\jvm.dll
0x00007ff8ec720000 - 0x00007ff8ec728000 	C:\WINDOWS\System32\PSAPI.DLL
0x00007ff8e07c0000 - 0x00007ff8e07c9000 	C:\WINDOWS\SYSTEM32\WSOCK32.dll
0x00007ff8ec8d0000 - 0x00007ff8ec941000 	C:\WINDOWS\System32\WS2_32.dll
0x00007ff8ddc90000 - 0x00007ff8ddcc4000 	C:\WINDOWS\SYSTEM32\WINMM.dll
0x00007ff8e9300000 - 0x00007ff8e9318000 	C:\WINDOWS\SYSTEM32\kernel.appcore.dll
0x00007ff8e17f0000 - 0x00007ff8e17fa000 	D:\downApp\bin\jimage.dll
0x00007ff8e7c80000 - 0x00007ff8e7eb3000 	C:\WINDOWS\SYSTEM32\DBGHELP.DLL
0x00007ff8ecb60000 - 0x00007ff8ecef3000 	C:\WINDOWS\System32\combase.dll
0x00007ff8eae20000 - 0x00007ff8eaef7000 	C:\WINDOWS\System32\OLEAUT32.dll
0x00007ff8cb700000 - 0x00007ff8cb732000 	C:\WINDOWS\SYSTEM32\dbgcore.DLL
0x00007ff8eada0000 - 0x00007ff8eae1b000 	C:\WINDOWS\System32\bcryptPrimitives.dll
0x00007ff8c2ff0000 - 0x00007ff8c3015000 	D:\downApp\bin\java.dll
0x00007ff8a54a0000 - 0x00007ff8a5577000 	D:\downApp\bin\jsvml.dll
0x00007ff8eafb0000 - 0x00007ff8eb852000 	C:\WINDOWS\System32\SHELL32.dll
0x00007ff8ea960000 - 0x00007ff8eaa9f000 	C:\WINDOWS\System32\wintypes.dll
0x00007ff8e8160000 - 0x00007ff8e8a7e000 	C:\WINDOWS\SYSTEM32\windows.storage.dll
0x00007ff8ec7c0000 - 0x00007ff8ec8cb000 	C:\WINDOWS\System32\SHCORE.dll
0x00007ff8ecf80000 - 0x00007ff8ecfe9000 	C:\WINDOWS\System32\shlwapi.dll
0x00007ff8ea1b0000 - 0x00007ff8ea1db000 	C:\WINDOWS\SYSTEM32\profapi.dll
0x00007ff8c8780000 - 0x00007ff8c8799000 	D:\downApp\bin\net.dll
0x00007ff8e3190000 - 0x00007ff8e32bc000 	C:\WINDOWS\SYSTEM32\WINHTTP.dll
0x00007ff8e97d0000 - 0x00007ff8e9839000 	C:\WINDOWS\system32\mswsock.dll
0x00007ff8c74a0000 - 0x00007ff8c74b6000 	D:\downApp\bin\nio.dll
0x00007ff8c6350000 - 0x00007ff8c6368000 	D:\downApp\bin\zip.dll
0x00007ff8cc840000 - 0x00007ff8cc84a000 	D:\downApp\bin\management.dll
0x00007ff8cb630000 - 0x00007ff8cb63b000 	D:\downApp\bin\management_ext.dll
0x00007ff8bd7a0000 - 0x00007ff8bd7b7000 	C:\WINDOWS\system32\napinsp.dll
0x00007ff8bbb30000 - 0x00007ff8bbb4b000 	C:\WINDOWS\system32\pnrpnsp.dll
0x00007ff8e8dd0000 - 0x00007ff8e8ec8000 	C:\WINDOWS\SYSTEM32\DNSAPI.dll
0x00007ff8e8da0000 - 0x00007ff8e8dcd000 	C:\WINDOWS\SYSTEM32\IPHLPAPI.DLL
0x00007ff8ebc40000 - 0x00007ff8ebc49000 	C:\WINDOWS\System32\NSI.dll
0x00007ff8bb140000 - 0x00007ff8bb151000 	C:\WINDOWS\System32\winrnr.dll
0x00007ff8e2a60000 - 0x00007ff8e2a7f000 	C:\WINDOWS\system32\wshbth.dll
0x00007ff8b8a60000 - 0x00007ff8b8a81000 	C:\WINDOWS\system32\nlansp_c.dll
0x00007ff8e35e0000 - 0x00007ff8e35ea000 	C:\Windows\System32\rasadhlp.dll
0x00007ff8dfec0000 - 0x00007ff8dff44000 	C:\WINDOWS\System32\fwpuclnt.dll
0x00007ff8e9a10000 - 0x00007ff8e9a2b000 	C:\WINDOWS\SYSTEM32\CRYPTSP.dll
0x00007ff8e92c0000 - 0x00007ff8e92f7000 	C:\WINDOWS\system32\rsaenh.dll
0x00007ff8e9880000 - 0x00007ff8e98a8000 	C:\WINDOWS\SYSTEM32\USERENV.dll
0x00007ff8e9a00000 - 0x00007ff8e9a0c000 	C:\WINDOWS\SYSTEM32\CRYPTBASE.dll
0x00007ff8e35f0000 - 0x00007ff8e3609000 	C:\WINDOWS\SYSTEM32\dhcpcsvc6.DLL
0x00007ff8e2f60000 - 0x00007ff8e2f7f000 	C:\WINDOWS\SYSTEM32\dhcpcsvc.DLL
0x00007ff8d5070000 - 0x00007ff8d5080000 	D:\downApp\bin\verify.dll
0x00007ff8cd4f0000 - 0x00007ff8cd4fe000 	D:\downApp\bin\sunmscapi.dll
0x00007ff8ea280000 - 0x00007ff8ea3e7000 	C:\WINDOWS\System32\CRYPT32.dll
0x00007ff8e9c10000 - 0x00007ff8e9c3d000 	C:\WINDOWS\SYSTEM32\ncrypt.dll
0x00007ff8e9bd0000 - 0x00007ff8e9c07000 	C:\WINDOWS\SYSTEM32\NTASN1.dll

dbghelp: loaded successfully - version: 4.0.5 - missing functions: none
symbol engine: initialized successfully - sym options: 0x614 - pdb path: .;D:\downApp\bin;C:\WINDOWS\SYSTEM32;C:\WINDOWS\WinSxS\amd64_microsoft.windows.common-controls_6595b64144ccf1df_6.0.22621.5415_none_270d77d17387d7da;D:\downApp\bin\server

VM Arguments:
jvm_args: -Dcom.sun.management.jmxremote -Dcom.sun.management.jmxremote.port=64816 -Dcom.sun.management.jmxremote.authenticate=false -Dcom.sun.management.jmxremote.ssl=false -Dspring.jmx.enabled=true -Djava.rmi.server.hostname=localhost -Dspring.application.admin.enabled=true -Dspring.boot.project.name=jobhunter-lms -XX:+ShowCodeDetailsInExceptionMessages -Dmanagement.endpoints.jmx.exposure.include=* 
java_command: vn.doan.lms.LMSApplication
java_class_path (initial): D:\java\vscodejava\doan\be\new\lms\bin\main;D:\java\vscodejava\doan\be\new\lms\bin\test;D:\java\vscodejava\doan\be\new\lms\bin\default;C:\Users\ASUS\.gradle\caches\modules-2\files-2.1\org.springframework.boot\spring-boot-starter-actuator\3.4.0\2e39cbf0cee18200204fe31e33ea2a1202391e9d\spring-boot-starter-actuator-3.4.0.jar;C:\Users\ASUS\.gradle\caches\modules-2\files-2.1\org.springframework.boot\spring-boot-starter-data-jpa\3.4.0\c6e24cab029e2b2ef36c4a5a5b1a82dbaa9d18c0\spring-boot-starter-data-jpa-3.4.0.jar;C:\Users\ASUS\.gradle\caches\modules-2\files-2.1\org.springframework.boot\spring-boot-starter-security\3.4.0\b4027ba9875f9d78ffec7010da88c1e5b964d6ed\spring-boot-starter-security-3.4.0.jar;C:\Users\ASUS\.gradle\caches\modules-2\files-2.1\org.springframework.boot\spring-boot-starter-thymeleaf\3.4.0\1ec7fdf829d485800146ec333d6e30af9fbc4830\spring-boot-starter-thymeleaf-3.4.0.jar;C:\Users\ASUS\.gradle\caches\modules-2\files-2.1\org.springframework.boot\spring-boot-starter-validation\3.4.0\580aad0cdaf9d9f862e9703a612db95846055843\spring-boot-starter-validation-3.4.0.jar;C:\Users\ASUS\.gradle\caches\modules-2\files-2.1\org.springframework.boot\spring-boot-starter-web\3.4.0\5447a62dc3dee3eadf2def23314e0db4c81bb3\spring-boot-starter-web-3.4.0.jar;C:\Users\ASUS\.gradle\caches\modules-2\files-2.1\org.springframework.boot\spring-boot-starter-oauth2-resource-server\3.4.0\758dbd8d85b29cbb132ae14b65d4c92a3c5b291c\spring-boot-starter-oauth2-resource-server-3.4.0.jar;C:\Users\ASUS\.gradle\caches\modules-2\files-2.1\org.thymeleaf.extras\thymeleaf-extras-springsecurity6\3.1.2.RELEASE\574c188eb147191e2f162419e9fc780fcf3256d7\thymeleaf-extras-springsecurity6-3.1.2.RELEASE.jar;C:\Users\ASUS\.gradle\caches\modules-2\files-2.1\org.flywaydb\flyway-mysql\10.20.1\9db1410ab7d3b97b5e6f4e363945e12478cbcd39\flyway-mysql-10.20.1.jar;C:\Users\ASUS\.gradle\caches\modules-2\files-2.1\org.flywaydb\flyway-core\10.20.1\27c35cad285433947ef986c615ce2742f69145de\flyway-cor
Launcher Type: SUN_STANDARD

[Global flags]
     intx CICompilerCount                          = 4                                         {product} {ergonomic}
     uint ConcGCThreads                            = 2                                         {product} {ergonomic}
     uint G1ConcRefinementThreads                  = 8                                         {product} {ergonomic}
   size_t G1HeapRegionSize                         = 1048576                                   {product} {ergonomic}
    uintx GCDrainStackTargetSize                   = 64                                        {product} {ergonomic}
   size_t InitialHeapSize                          = 130023424                                 {product} {ergonomic}
     bool ManagementServer                         = true                                      {product} {command line}
   size_t MarkStackSize                            = 4194304                                   {product} {ergonomic}
   size_t MaxHeapSize                              = 2067791872                                {product} {ergonomic}
   size_t MaxNewSize                               = 1240465408                                {product} {ergonomic}
   size_t MinHeapDeltaBytes                        = 1048576                                   {product} {ergonomic}
   size_t MinHeapSize                              = 8388608                                   {product} {ergonomic}
    uintx NonNMethodCodeHeapSize                   = 5839372                                {pd product} {ergonomic}
    uintx NonProfiledCodeHeapSize                  = 122909434                              {pd product} {ergonomic}
    uintx ProfiledCodeHeapSize                     = 122909434                              {pd product} {ergonomic}
    uintx ReservedCodeCacheSize                    = 251658240                              {pd product} {ergonomic}
     bool SegmentedCodeCache                       = true                                      {product} {ergonomic}
     bool ShowCodeDetailsInExceptionMessages       = true                                   {manageable} {command line}
   size_t SoftMaxHeapSize                          = 2067791872                             {manageable} {ergonomic}
     bool UseCompressedClassPointers               = true                           {product lp64_product} {ergonomic}
     bool UseCompressedOops                        = true                           {product lp64_product} {ergonomic}
     bool UseG1GC                                  = true                                      {product} {ergonomic}
     bool UseLargePagesIndividualAllocation        = false                                  {pd product} {ergonomic}

Logging:
Log output configuration:
 #0: stdout all=warning uptime,level,tags
 #1: stderr all=off uptime,level,tags

Environment Variables:
JAVA_HOME=D:\downApp
PATH=C:\Program Files\Common Files\Oracle\Java\javapath;D:\downApp\Scripts\;D:\downApp\;C:\Program Files\Microsoft MPI\Bin\;C:\Program Files (x86)\Common Files\Oracle\Java\javapath;C:\Windows\system32;C:\Windows;C:\Windows\System32\Wbem;C:\Windows\System32\WindowsPowerShell\v1.0\;C:\Windows\System32\OpenSSH\;C:\Program Files (x86)\NVIDIA Corporation\PhysX\Common;C:\Program Files\NVIDIA Corporation\NVIDIA NvDLISR;C:\WINDOWS\system32;C:\WINDOWS;C:\WINDOWS\System32\Wbem;C:\WINDOWS\System32\WindowsPowerShell\v1.0\;C:\WINDOWS\System32\OpenSSH\;C:\MinGW\bin;C:\Program Files\dotnet\;C:\Program Files\Microsoft SQL Server\150\Tools\Binn\;C:\Program Files\Microsoft SQL Server\Client SDK\ODBC\170\Tools\Binn\;C:\Program Files (x86)\Microsoft SQL Server\150\Tools\Binn\;C:\Program Files\Microsoft SQL Server\150\DTS\Binn\;C:\Program Files\Azure Data Studio\bin;C:\WINDOWS\system32;C:\WINDOWS;C:\WINDOWS\System32\Wbem;C:\WINDOWS\System32\WindowsPowerShell\v1.0\;C:\WINDOWS\System32\OpenSSH\;C:\laragon\bin\php\php-8.1.10-Win32-vs16-x64;D:\Git\Git\cmd;D:\laragon\laragon\bin\php\php-8.1.10-Win32-vs16-x64;D:\laragon\laragon;C:\Program Files (x86)\Microsoft SQL Server\160\Tools\Binn\;C:\Program Files\Microsoft SQL Server\160\Tools\Binn\;C:\Program Files\Microsoft SQL Server\160\DTS\Binn\;C:\Program Files\Java\apache-maven-3.9.9\bin;C:\Program Files\MySQL\MySQL Shell 8.0\bin\;C:\Users\ASUS\AppData\Local\Programs\Python\Python312\Scripts\;C:\Users\ASUS\AppData\Local\Programs\Python\Python312\;C:\Users\ASUS\AppData\Local\Programs\Python\Python311\Scripts\;C:\Users\ASUS\AppData\Local\Programs\Python\Python311\;D:\python\Scripts\;D:\python\;C:\Users\ASUS\AppData\Local\Microsoft\WindowsApps;D:\Microsoft VS Code\bin;C:\Program Files (x86)\Dev-Cpp\MinGW64\bin;C:\msys64\mingw64\bin;C:\Users\ASUS\.dotnet\tools;C:\Program Files\Azure Data Studio\bin;C:\Users\ASUS\AppData\Local\JetBrains\Toolbox\scripts;C:\Users\ASUS\AppData\Roaming\Composer\vendor\bin;C:\Users\ASUS\AppData\Local\Microsoft\WindowsApps;D:
USERNAME=ASUS
LANG=en_US.UTF-8
OS=Windows_NT
PROCESSOR_IDENTIFIER=Intel64 Family 6 Model 140 Stepping 1, GenuineIntel



---------------  S Y S T E M  ---------------

OS:
 Windows 11 , 64 bit Build 22621 (10.0.22621.5415)
OS uptime: 0 days 22:54 hours
Hyper-V role detected

CPU: total 8 (initial active 8) (4 cores per cpu, 2 threads per core) family 6 model 140 stepping 1 microcode 0x86, cx8, cmov, fxsr, ht, mmx, 3dnowpref, sse, sse2, sse3, ssse3, sse4.1, sse4.2, popcnt, lzcnt, tsc, tscinvbit, avx, avx2, aes, erms, clmul, bmi1, bmi2, adx, avx512f, avx512dq, avx512cd, avx512bw, avx512vl, sha, fma, vzeroupper, avx512_vpopcntdq, avx512_vpclmulqdq, avx512_vaes, avx512_vnni, clflush, clflushopt, clwb, avx512_vbmi2, avx512_vbmi, hv

Memory: 4k page, system-wide physical 7883M (271M free)
TotalPageFile size 28638M (AvailPageFile size 235M)
current process WorkingSet (physical memory assigned to process): 474M, peak: 491M
current process commit charge ("private bytes"): 528M, peak: 848M

vm_info: Java HotSpot(TM) 64-Bit Server VM (17.0.9+11-LTS-201) for windows-amd64 JRE (17.0.9+11-LTS-201), built on Oct 10 2023 23:16:06 by "mach5one" with MS VC++ 17.1 (VS2022)

END.
