#
# There is insufficient memory for the Java Runtime Environment to continue.
# Native memory allocation (malloc) failed to allocate 1393584 bytes for Chunk::new
# Possible reasons:
#   The system is out of physical RAM or swap space
#   The process is running with CompressedOops enabled, and the Java Heap may be blocking the growth of the native heap
# Possible solutions:
#   Reduce memory load on the system
#   Increase physical memory or swap space
#   Check if swap backing store is full
#   Decrease Java heap size (-Xmx/-Xms)
#   Decrease number of Java threads
#   Decrease Java thread stack sizes (-Xss)
#   Set larger code cache with -XX:ReservedCodeCacheSize=
#   JVM is running with Unscaled Compressed Oops mode in which the Java heap is
#     placed in the first 4GB address space. The Java Heap base address is the
#     maximum limit for the native heap growth. Please use -XX:HeapBaseMinAddress
#     to set the Java Heap base and to place the Java Heap above 4GB virtual address.
# This output file may be truncated or incomplete.
#
#  Out of Memory Error (arena.cpp:189), pid=11984, tid=25512
#
# JRE version: Java(TM) SE Runtime Environment (17.0.9+11) (build 17.0.9+11-LTS-201)
# Java VM: Java HotSpot(TM) 64-Bit Server VM (17.0.9+11-LTS-201, mixed mode, sharing, tiered, compressed oops, compressed class ptrs, g1 gc, windows-amd64)
# No core dump will be written. Minidumps are not enabled by default on client versions of Windows
#

---------------  S U M M A R Y ------------

Command Line: -Dcom.sun.management.jmxremote -Dcom.sun.management.jmxremote.port=51533 -Dcom.sun.management.jmxremote.authenticate=false -Dcom.sun.management.jmxremote.ssl=false -Dspring.jmx.enabled=true -Djava.rmi.server.hostname=localhost -Dspring.application.admin.enabled=true -Dspring.boot.project.name=jobhunter-lms -XX:+ShowCodeDetailsInExceptionMessages -Dmanagement.endpoints.jmx.exposure.include=* vn.doan.lms.LMSApplication

Host: 11th Gen Intel(R) Core(TM) i7-11370H @ 3.30GHz, 8 cores, 7G,  Windows 11 , 64 bit Build 22621 (10.0.22621.5415)
Time: Sun Jun 29 17:46:47 2025 SE Asia Standard Time elapsed time: 10.641451 seconds (0d 0h 0m 10s)

---------------  T H R E A D  ---------------

Current thread (0x000002277eb60c60):  JavaThread "C2 CompilerThread0" daemon [_thread_in_native, id=25512, stack(0x0000009a81700000,0x0000009a81800000)]


Current CompileTask:
C2:  10641 9487       4       org.antlr.v4.runtime.atn.ParserATNSimulator::closure_ (343 bytes)

Stack: [0x0000009a81700000,0x0000009a81800000]
Native frames: (J=compiled Java code, j=interpreted, Vv=VM code, C=native code)
V  [jvm.dll+0x678a4a]
V  [jvm.dll+0x7d9cfd]
V  [jvm.dll+0x7db60e]
V  [jvm.dll+0x7dbc73]
V  [jvm.dll+0x245e1f]
V  [jvm.dll+0xaaafb]
V  [jvm.dll+0xab09c]
V  [jvm.dll+0x36237e]
V  [jvm.dll+0x1bbb3a]
V  [jvm.dll+0x218287]
V  [jvm.dll+0x217561]
V  [jvm.dll+0x1a3bc0]
V  [jvm.dll+0x2272de]
V  [jvm.dll+0x22548b]
V  [jvm.dll+0x78f58c]
V  [jvm.dll+0x78998a]
V  [jvm.dll+0x677875]
C  [ucrtbase.dll+0x29333]
C  [KERNEL32.DLL+0x1259d]
C  [ntdll.dll+0x5af78]


---------------  P R O C E S S  ---------------

Threads class SMR info:
_java_thread_list=0x0000022749cb6af0, length=28, elements={
0x0000022762c32130, 0x000002277eb43e40, 0x000002277eb44800, 0x000002277eb59900,
0x000002277eb5c2d0, 0x000002277eb5cea0, 0x000002277eb5f790, 0x000002277eb60c60,
0x000002277eb64f30, 0x000002277eb6e860, 0x000002277ed95880, 0x000002277ee29470,
0x000002277ee37500, 0x000002277f5b20f0, 0x000002277f5ed0e0, 0x000002277f5edb40,
0x000002277f6381b0, 0x000002277f638690, 0x0000022762c32fb0, 0x000002277f8ddf30,
0x0000022747440080, 0x00000227474423f0, 0x0000022747440aa0, 0x000002274a0f0750,
0x000002274a0ef820, 0x000002274a0f0c60, 0x000002274a0ef310, 0x000002274a0eded0
}

Java Threads: ( => current thread )
  0x0000022762c32130 JavaThread "main" [_thread_blocked, id=18500, stack(0x0000009a80a00000,0x0000009a80b00000)]
  0x000002277eb43e40 JavaThread "Reference Handler" daemon [_thread_blocked, id=17964, stack(0x0000009a81100000,0x0000009a81200000)]
  0x000002277eb44800 JavaThread "Finalizer" daemon [_thread_blocked, id=580, stack(0x0000009a81200000,0x0000009a81300000)]
  0x000002277eb59900 JavaThread "Signal Dispatcher" daemon [_thread_blocked, id=296, stack(0x0000009a81300000,0x0000009a81400000)]
  0x000002277eb5c2d0 JavaThread "Attach Listener" daemon [_thread_blocked, id=19832, stack(0x0000009a81400000,0x0000009a81500000)]
  0x000002277eb5cea0 JavaThread "Service Thread" daemon [_thread_blocked, id=5652, stack(0x0000009a81500000,0x0000009a81600000)]
  0x000002277eb5f790 JavaThread "Monitor Deflation Thread" daemon [_thread_blocked, id=5736, stack(0x0000009a81600000,0x0000009a81700000)]
=>0x000002277eb60c60 JavaThread "C2 CompilerThread0" daemon [_thread_in_native, id=25512, stack(0x0000009a81700000,0x0000009a81800000)]
  0x000002277eb64f30 JavaThread "C1 CompilerThread0" daemon [_thread_blocked, id=25160, stack(0x0000009a81800000,0x0000009a81900000)]
  0x000002277eb6e860 JavaThread "Sweeper thread" daemon [_thread_blocked, id=25020, stack(0x0000009a81900000,0x0000009a81a00000)]
  0x000002277ed95880 JavaThread "Common-Cleaner" daemon [_thread_blocked, id=3116, stack(0x0000009a81a00000,0x0000009a81b00000)]
  0x000002277ee29470 JavaThread "Notification Thread" daemon [_thread_blocked, id=19796, stack(0x0000009a81b00000,0x0000009a81c00000)]
  0x000002277ee37500 JavaThread "C2 CompilerThread1" daemon [_thread_in_native, id=18352, stack(0x0000009a81c00000,0x0000009a81d00000)]
  0x000002277f5b20f0 JavaThread "RMI TCP Accept-0" daemon [_thread_in_native, id=11184, stack(0x0000009a81d00000,0x0000009a81e00000)]
  0x000002277f5ed0e0 JavaThread "RMI TCP Accept-51533" daemon [_thread_in_native, id=20696, stack(0x0000009a81e00000,0x0000009a81f00000)]
  0x000002277f5edb40 JavaThread "RMI TCP Connection(1)-127.0.0.1" daemon [_thread_in_native, id=13436, stack(0x0000009a81f00000,0x0000009a82000000)]
  0x000002277f6381b0 JavaThread "RMI TCP Accept-0" daemon [_thread_in_native, id=18820, stack(0x0000009a82000000,0x0000009a82100000)]
  0x000002277f638690 JavaThread "RMI Scheduler(0)" daemon [_thread_blocked, id=3560, stack(0x0000009a82200000,0x0000009a82300000)]
  0x0000022762c32fb0 JavaThread "RMI TCP Connection(2)-127.0.0.1" daemon [_thread_in_native, id=9768, stack(0x0000009a82300000,0x0000009a82400000)]
  0x000002277f8ddf30 JavaThread "JMX server connection timeout 22" daemon [_thread_blocked, id=24352, stack(0x0000009a82400000,0x0000009a82500000)]
  0x0000022747440080 JavaThread "Thread-0" [_thread_blocked, id=7928, stack(0x0000009a82d00000,0x0000009a82e00000)]
  0x00000227474423f0 JavaThread "restartedMain" [_thread_in_vm, id=10292, stack(0x0000009a82e00000,0x0000009a82f00000)]
  0x0000022747440aa0 JavaThread "Catalina-utility-1" [_thread_blocked, id=15884, stack(0x0000009a83000000,0x0000009a83100000)]
  0x000002274a0f0750 JavaThread "Catalina-utility-2" [_thread_blocked, id=1300, stack(0x0000009a83200000,0x0000009a83300000)]
  0x000002274a0ef820 JavaThread "container-0" [_thread_blocked, id=24436, stack(0x0000009a83300000,0x0000009a83400000)]
  0x000002274a0f0c60 JavaThread "mysql-cj-abandoned-connection-cleanup" daemon [_thread_blocked, id=6044, stack(0x0000009a83400000,0x0000009a83500000)]
  0x000002274a0ef310 JavaThread "HikariPool-1 housekeeper" daemon [_thread_blocked, id=16824, stack(0x0000009a83600000,0x0000009a83700000)]
  0x000002274a0eded0 JavaThread "HikariPool-1 connection adder" daemon [_thread_blocked, id=7212, stack(0x0000009a83700000,0x0000009a83800000)]

Other Threads:
  0x000002277eb3c080 VMThread "VM Thread" [stack: 0x0000009a81000000,0x0000009a81100000] [id=11152]
  0x0000022762cb29e0 WatcherThread [stack: 0x0000009a82100000,0x0000009a82200000] [id=18484]
  0x0000022762c95440 GCTaskThread "GC Thread#0" [stack: 0x0000009a80b00000,0x0000009a80c00000] [id=21576]
  0x0000022747295110 GCTaskThread "GC Thread#1" [stack: 0x0000009a82500000,0x0000009a82600000] [id=16212]
  0x000002274704fcf0 GCTaskThread "GC Thread#2" [stack: 0x0000009a82600000,0x0000009a82700000] [id=3944]
  0x000002277f87fbd0 GCTaskThread "GC Thread#3" [stack: 0x0000009a82700000,0x0000009a82800000] [id=20868]
  0x000002277f87fe90 GCTaskThread "GC Thread#4" [stack: 0x0000009a82800000,0x0000009a82900000] [id=15924]
  0x0000022747224da0 GCTaskThread "GC Thread#5" [stack: 0x0000009a82900000,0x0000009a82a00000] [id=23940]
  0x0000022747225060 GCTaskThread "GC Thread#6" [stack: 0x0000009a82a00000,0x0000009a82b00000] [id=24976]
  0x000002274749b020 GCTaskThread "GC Thread#7" [stack: 0x0000009a82f00000,0x0000009a83000000] [id=20900]
  0x0000022762ca5a10 ConcurrentGCThread "G1 Main Marker" [stack: 0x0000009a80c00000,0x0000009a80d00000] [id=11172]
  0x0000022762ca6bc0 ConcurrentGCThread "G1 Conc#0" [stack: 0x0000009a80d00000,0x0000009a80e00000] [id=640]
  0x00000227475a52c0 ConcurrentGCThread "G1 Conc#1" [stack: 0x0000009a83100000,0x0000009a83200000] [id=18156]
  0x000002277e9f44e0 ConcurrentGCThread "G1 Refine#0" [stack: 0x0000009a80e00000,0x0000009a80f00000] [id=24136]
  0x00000227473d7670 ConcurrentGCThread "G1 Refine#1" [stack: 0x0000009a82b00000,0x0000009a82c00000] [id=10060]
  0x00000227473d7960 ConcurrentGCThread "G1 Refine#2" [stack: 0x0000009a82c00000,0x0000009a82d00000] [id=24580]
  0x0000022748cdb980 ConcurrentGCThread "G1 Refine#3" [stack: 0x0000009a83800000,0x0000009a83900000] [id=24896]
  0x0000022748cdb3a0 ConcurrentGCThread "G1 Refine#4" [stack: 0x0000009a83900000,0x0000009a83a00000] [id=14016]
  0x0000022762cda150 ConcurrentGCThread "G1 Service" [stack: 0x0000009a80f00000,0x0000009a81000000] [id=20860]

Threads with active compile tasks:
C2 CompilerThread0    10675 9487       4       org.antlr.v4.runtime.atn.ParserATNSimulator::closure_ (343 bytes)
C2 CompilerThread1    10675 9554       4       org.antlr.v4.runtime.atn.PredictionContext::mergeArrays (809 bytes)

VM state: not at safepoint (normal execution)

VM Mutex/Monitor currently owned by a thread: None

Heap address: 0x0000000084c00000, size: 1972 MB, Compressed Oops mode: 32-bit

CDS archive(s) mapped at: [0x0000022702000000-0x0000022702bd0000-0x0000022702bd0000), size 12386304, SharedBaseAddress: 0x0000022702000000, ArchiveRelocationMode: 1.
Compressed class space mapped at: 0x0000022703000000-0x0000022743000000, reserved size: 1073741824
Narrow klass base: 0x0000022702000000, Narrow klass shift: 0, Narrow klass range: 0x100000000

GC Precious Log:
 CPUs: 8 total, 8 available
 Memory: 7883M
 Large Page Support: Disabled
 NUMA Support: Disabled
 Compressed Oops: Enabled (32-bit)
 Heap Region Size: 1M
 Heap Min Capacity: 8M
 Heap Initial Capacity: 124M
 Heap Max Capacity: 1972M
 Pre-touch: Disabled
 Parallel Workers: 8
 Concurrent Workers: 2
 Concurrent Refinement Workers: 8
 Periodic GC: Disabled

Heap:
 garbage-first heap   total 160768K, used 81228K [0x0000000084c00000, 0x0000000100000000)
  region size 1024K, 21 young (21504K), 4 survivors (4096K)
 Metaspace       used 84527K, committed 85184K, reserved 1179648K
  class space    used 11567K, committed 11904K, reserved 1048576K

Heap Regions: E=young(eden), S=young(survivor), O=old, HS=humongous(starts), HC=humongous(continues), CS=collection set, F=free, OA=open archive, CA=closed archive, TAMS=top-at-mark-start (previous, next)
|   0|0x0000000084c00000, 0x0000000084d00000, 0x0000000084d00000|100%|HS|  |TAMS 0x0000000084d00000, 0x0000000084c00000| Complete 
|   1|0x0000000084d00000, 0x0000000084e00000, 0x0000000084e00000|100%|HS|  |TAMS 0x0000000084e00000, 0x0000000084d00000| Complete 
|   2|0x0000000084e00000, 0x0000000084f00000, 0x0000000084f00000|100%| O|  |TAMS 0x0000000084f00000, 0x0000000084e00000| Untracked 
|   3|0x0000000084f00000, 0x0000000085000000, 0x0000000085000000|100%| O|  |TAMS 0x0000000085000000, 0x0000000084f00000| Untracked 
|   4|0x0000000085000000, 0x0000000085100000, 0x0000000085100000|100%| O|  |TAMS 0x0000000085100000, 0x0000000085000000| Untracked 
|   5|0x0000000085100000, 0x0000000085200000, 0x0000000085200000|100%| O|  |TAMS 0x0000000085200000, 0x0000000085100000| Untracked 
|   6|0x0000000085200000, 0x0000000085300000, 0x0000000085300000|100%| O|  |TAMS 0x0000000085300000, 0x0000000085200000| Untracked 
|   7|0x0000000085300000, 0x0000000085400000, 0x0000000085400000|100%| O|  |TAMS 0x0000000085400000, 0x0000000085300000| Untracked 
|   8|0x0000000085400000, 0x0000000085500000, 0x0000000085500000|100%| O|  |TAMS 0x0000000085500000, 0x0000000085400000| Untracked 
|   9|0x0000000085500000, 0x0000000085600000, 0x0000000085600000|100%| O|  |TAMS 0x0000000085600000, 0x0000000085500000| Untracked 
|  10|0x0000000085600000, 0x0000000085700000, 0x0000000085700000|100%| O|  |TAMS 0x0000000085700000, 0x0000000085600000| Untracked 
|  11|0x0000000085700000, 0x0000000085800000, 0x0000000085800000|100%| O|  |TAMS 0x0000000085800000, 0x0000000085700000| Untracked 
|  12|0x0000000085800000, 0x0000000085900000, 0x0000000085900000|100%| O|  |TAMS 0x0000000085900000, 0x0000000085800000| Untracked 
|  13|0x0000000085900000, 0x0000000085a00000, 0x0000000085a00000|100%| O|  |TAMS 0x0000000085a00000, 0x0000000085900000| Untracked 
|  14|0x0000000085a00000, 0x0000000085b00000, 0x0000000085b00000|100%| O|  |TAMS 0x0000000085b00000, 0x0000000085a00000| Untracked 
|  15|0x0000000085b00000, 0x0000000085c00000, 0x0000000085c00000|100%| O|  |TAMS 0x0000000085c00000, 0x0000000085b00000| Untracked 
|  16|0x0000000085c00000, 0x0000000085d00000, 0x0000000085d00000|100%| O|  |TAMS 0x0000000085d00000, 0x0000000085c00000| Untracked 
|  17|0x0000000085d00000, 0x0000000085e00000, 0x0000000085e00000|100%| O|  |TAMS 0x0000000085e00000, 0x0000000085d00000| Untracked 
|  18|0x0000000085e00000, 0x0000000085f00000, 0x0000000085f00000|100%| O|  |TAMS 0x0000000085f00000, 0x0000000085e00000| Untracked 
|  19|0x0000000085f00000, 0x0000000086000000, 0x0000000086000000|100%| O|  |TAMS 0x0000000086000000, 0x0000000085f00000| Untracked 
|  20|0x0000000086000000, 0x0000000086000000, 0x0000000086100000|  0%| F|  |TAMS 0x0000000086000000, 0x0000000086000000| Untracked 
|  21|0x0000000086100000, 0x0000000086200000, 0x0000000086200000|100%| O|  |TAMS 0x0000000086200000, 0x0000000086100000| Untracked 
|  22|0x0000000086200000, 0x0000000086300000, 0x0000000086300000|100%| O|  |TAMS 0x0000000086300000, 0x0000000086200000| Untracked 
|  23|0x0000000086300000, 0x0000000086400000, 0x0000000086400000|100%| O|  |TAMS 0x0000000086400000, 0x0000000086300000| Untracked 
|  24|0x0000000086400000, 0x0000000086500000, 0x0000000086500000|100%| O|  |TAMS 0x0000000086500000, 0x0000000086400000| Untracked 
|  25|0x0000000086500000, 0x0000000086600000, 0x0000000086600000|100%| O|  |TAMS 0x0000000086600000, 0x0000000086500000| Untracked 
|  26|0x0000000086600000, 0x0000000086700000, 0x0000000086700000|100%| O|  |TAMS 0x0000000086700000, 0x0000000086600000| Untracked 
|  27|0x0000000086700000, 0x0000000086800000, 0x0000000086800000|100%| O|  |TAMS 0x0000000086800000, 0x0000000086700000| Untracked 
|  28|0x0000000086800000, 0x0000000086900000, 0x0000000086900000|100%| O|  |TAMS 0x0000000086900000, 0x0000000086800000| Untracked 
|  29|0x0000000086900000, 0x0000000086a00000, 0x0000000086a00000|100%| O|  |TAMS 0x0000000086a00000, 0x0000000086900000| Untracked 
|  30|0x0000000086a00000, 0x0000000086b00000, 0x0000000086b00000|100%| O|  |TAMS 0x0000000086b00000, 0x0000000086a00000| Untracked 
|  31|0x0000000086b00000, 0x0000000086c00000, 0x0000000086c00000|100%| O|  |TAMS 0x0000000086c00000, 0x0000000086b00000| Untracked 
|  32|0x0000000086c00000, 0x0000000086d00000, 0x0000000086d00000|100%| O|  |TAMS 0x0000000086d00000, 0x0000000086c00000| Untracked 
|  33|0x0000000086d00000, 0x0000000086e00000, 0x0000000086e00000|100%| O|  |TAMS 0x0000000086e00000, 0x0000000086d00000| Untracked 
|  34|0x0000000086e00000, 0x0000000086f00000, 0x0000000086f00000|100%| O|  |TAMS 0x0000000086f00000, 0x0000000086e00000| Untracked 
|  35|0x0000000086f00000, 0x0000000087000000, 0x0000000087000000|100%| O|  |TAMS 0x0000000087000000, 0x0000000086f00000| Untracked 
|  36|0x0000000087000000, 0x0000000087100000, 0x0000000087100000|100%| O|  |TAMS 0x0000000087000000, 0x0000000087000000| Untracked 
|  37|0x0000000087100000, 0x00000000871a8e00, 0x0000000087200000| 65%| O|  |TAMS 0x0000000087100000, 0x0000000087100000| Untracked 
|  38|0x0000000087200000, 0x0000000087200000, 0x0000000087300000|  0%| F|  |TAMS 0x0000000087200000, 0x0000000087200000| Untracked 
|  39|0x0000000087300000, 0x0000000087300000, 0x0000000087400000|  0%| F|  |TAMS 0x0000000087300000, 0x0000000087300000| Untracked 
|  40|0x0000000087400000, 0x0000000087500000, 0x0000000087500000|100%|HS|  |TAMS 0x0000000087500000, 0x0000000087400000| Complete 
|  41|0x0000000087500000, 0x0000000087600000, 0x0000000087600000|100%|HC|  |TAMS 0x0000000087600000, 0x0000000087500000| Complete 
|  42|0x0000000087600000, 0x0000000087700000, 0x0000000087700000|100%| O|  |TAMS 0x0000000087700000, 0x0000000087600000| Untracked 
|  43|0x0000000087700000, 0x0000000087800000, 0x0000000087800000|100%| O|  |TAMS 0x0000000087800000, 0x0000000087700000| Untracked 
|  44|0x0000000087800000, 0x0000000087900000, 0x0000000087900000|100%| O|  |TAMS 0x0000000087900000, 0x0000000087800000| Untracked 
|  45|0x0000000087900000, 0x0000000087a00000, 0x0000000087a00000|100%| O|  |TAMS 0x0000000087a00000, 0x0000000087900000| Untracked 
|  46|0x0000000087a00000, 0x0000000087b00000, 0x0000000087b00000|100%| O|  |TAMS 0x0000000087a00000, 0x0000000087a00000| Untracked 
|  47|0x0000000087b00000, 0x0000000087c00000, 0x0000000087c00000|100%| O|  |TAMS 0x0000000087b00000, 0x0000000087b00000| Untracked 
|  48|0x0000000087c00000, 0x0000000087d00000, 0x0000000087d00000|100%| O|  |TAMS 0x0000000087c00000, 0x0000000087c00000| Untracked 
|  49|0x0000000087d00000, 0x0000000087e00000, 0x0000000087e00000|100%| O|  |TAMS 0x0000000087e00000, 0x0000000087d00000| Untracked 
|  50|0x0000000087e00000, 0x0000000087f00000, 0x0000000087f00000|100%| O|  |TAMS 0x0000000087f00000, 0x0000000087e00000| Untracked 
|  51|0x0000000087f00000, 0x0000000088000000, 0x0000000088000000|100%| O|  |TAMS 0x0000000087f00000, 0x0000000087f00000| Untracked 
|  52|0x0000000088000000, 0x0000000088100000, 0x0000000088100000|100%| O|  |TAMS 0x0000000088000000, 0x0000000088000000| Untracked 
|  53|0x0000000088100000, 0x0000000088200000, 0x0000000088200000|100%| O|  |TAMS 0x0000000088100000, 0x0000000088100000| Untracked 
|  54|0x0000000088200000, 0x0000000088300000, 0x0000000088300000|100%| O|  |TAMS 0x0000000088300000, 0x0000000088200000| Untracked 
|  55|0x0000000088300000, 0x0000000088300000, 0x0000000088400000|  0%| F|  |TAMS 0x0000000088300000, 0x0000000088300000| Untracked 
|  56|0x0000000088400000, 0x0000000088400000, 0x0000000088500000|  0%| F|  |TAMS 0x0000000088400000, 0x0000000088400000| Untracked 
|  57|0x0000000088500000, 0x0000000088500000, 0x0000000088600000|  0%| F|  |TAMS 0x0000000088500000, 0x0000000088500000| Untracked 
|  58|0x0000000088600000, 0x0000000088600000, 0x0000000088700000|  0%| F|  |TAMS 0x0000000088600000, 0x0000000088600000| Untracked 
|  59|0x0000000088700000, 0x0000000088700000, 0x0000000088800000|  0%| F|  |TAMS 0x0000000088700000, 0x0000000088700000| Untracked 
|  60|0x0000000088800000, 0x0000000088800000, 0x0000000088900000|  0%| F|  |TAMS 0x0000000088800000, 0x0000000088800000| Untracked 
|  61|0x0000000088900000, 0x0000000088900000, 0x0000000088a00000|  0%| F|  |TAMS 0x0000000088900000, 0x0000000088900000| Untracked 
|  62|0x0000000088a00000, 0x0000000088a00000, 0x0000000088b00000|  0%| F|  |TAMS 0x0000000088a00000, 0x0000000088a00000| Untracked 
|  63|0x0000000088b00000, 0x0000000088b00000, 0x0000000088c00000|  0%| F|  |TAMS 0x0000000088b00000, 0x0000000088b00000| Untracked 
|  64|0x0000000088c00000, 0x0000000088c00000, 0x0000000088d00000|  0%| F|  |TAMS 0x0000000088c00000, 0x0000000088c00000| Untracked 
|  65|0x0000000088d00000, 0x0000000088d00000, 0x0000000088e00000|  0%| F|  |TAMS 0x0000000088d00000, 0x0000000088d00000| Untracked 
|  66|0x0000000088e00000, 0x0000000088e00000, 0x0000000088f00000|  0%| F|  |TAMS 0x0000000088e00000, 0x0000000088e00000| Untracked 
|  67|0x0000000088f00000, 0x0000000088f00000, 0x0000000089000000|  0%| F|  |TAMS 0x0000000088f00000, 0x0000000088f00000| Untracked 
|  68|0x0000000089000000, 0x0000000089000000, 0x0000000089100000|  0%| F|  |TAMS 0x0000000089000000, 0x0000000089000000| Untracked 
|  69|0x0000000089100000, 0x0000000089100000, 0x0000000089200000|  0%| F|  |TAMS 0x0000000089100000, 0x0000000089100000| Untracked 
|  70|0x0000000089200000, 0x0000000089200000, 0x0000000089300000|  0%| F|  |TAMS 0x0000000089200000, 0x0000000089200000| Untracked 
|  71|0x0000000089300000, 0x0000000089300000, 0x0000000089400000|  0%| F|  |TAMS 0x0000000089300000, 0x0000000089300000| Untracked 
|  72|0x0000000089400000, 0x0000000089400000, 0x0000000089500000|  0%| F|  |TAMS 0x0000000089400000, 0x0000000089400000| Untracked 
|  73|0x0000000089500000, 0x0000000089500000, 0x0000000089600000|  0%| F|  |TAMS 0x0000000089500000, 0x0000000089500000| Untracked 
|  74|0x0000000089600000, 0x0000000089600000, 0x0000000089700000|  0%| F|  |TAMS 0x0000000089600000, 0x0000000089600000| Untracked 
|  75|0x0000000089700000, 0x0000000089700000, 0x0000000089800000|  0%| F|  |TAMS 0x0000000089700000, 0x0000000089700000| Untracked 
|  76|0x0000000089800000, 0x0000000089800000, 0x0000000089900000|  0%| F|  |TAMS 0x0000000089800000, 0x0000000089800000| Untracked 
|  77|0x0000000089900000, 0x0000000089900000, 0x0000000089a00000|  0%| F|  |TAMS 0x0000000089900000, 0x0000000089900000| Untracked 
|  78|0x0000000089a00000, 0x0000000089a00000, 0x0000000089b00000|  0%| F|  |TAMS 0x0000000089a00000, 0x0000000089a00000| Untracked 
|  79|0x0000000089b00000, 0x0000000089b00000, 0x0000000089c00000|  0%| F|  |TAMS 0x0000000089b00000, 0x0000000089b00000| Untracked 
|  80|0x0000000089c00000, 0x0000000089c00000, 0x0000000089d00000|  0%| F|  |TAMS 0x0000000089c00000, 0x0000000089c00000| Untracked 
|  81|0x0000000089d00000, 0x0000000089d00000, 0x0000000089e00000|  0%| F|  |TAMS 0x0000000089d00000, 0x0000000089d00000| Untracked 
|  82|0x0000000089e00000, 0x0000000089e00000, 0x0000000089f00000|  0%| F|  |TAMS 0x0000000089e00000, 0x0000000089e00000| Untracked 
|  83|0x0000000089f00000, 0x0000000089f00000, 0x000000008a000000|  0%| F|  |TAMS 0x0000000089f00000, 0x0000000089f00000| Untracked 
|  84|0x000000008a000000, 0x000000008a0aa3c8, 0x000000008a100000| 66%| S|CS|TAMS 0x000000008a000000, 0x000000008a000000| Complete 
|  85|0x000000008a100000, 0x000000008a200000, 0x000000008a200000|100%| S|CS|TAMS 0x000000008a100000, 0x000000008a100000| Complete 
|  86|0x000000008a200000, 0x000000008a300000, 0x000000008a300000|100%| S|CS|TAMS 0x000000008a200000, 0x000000008a200000| Complete 
|  87|0x000000008a300000, 0x000000008a400000, 0x000000008a400000|100%| S|CS|TAMS 0x000000008a300000, 0x000000008a300000| Complete 
|  88|0x000000008a400000, 0x000000008a400000, 0x000000008a500000|  0%| F|  |TAMS 0x000000008a400000, 0x000000008a400000| Untracked 
|  89|0x000000008a500000, 0x000000008a500000, 0x000000008a600000|  0%| F|  |TAMS 0x000000008a500000, 0x000000008a500000| Untracked 
|  90|0x000000008a600000, 0x000000008a600000, 0x000000008a700000|  0%| F|  |TAMS 0x000000008a600000, 0x000000008a600000| Untracked 
|  91|0x000000008a700000, 0x000000008a700000, 0x000000008a800000|  0%| F|  |TAMS 0x000000008a700000, 0x000000008a700000| Untracked 
|  92|0x000000008a800000, 0x000000008a800000, 0x000000008a900000|  0%| F|  |TAMS 0x000000008a800000, 0x000000008a800000| Untracked 
|  93|0x000000008a900000, 0x000000008a900000, 0x000000008aa00000|  0%| F|  |TAMS 0x000000008a900000, 0x000000008a900000| Untracked 
|  94|0x000000008aa00000, 0x000000008aa00000, 0x000000008ab00000|  0%| F|  |TAMS 0x000000008aa00000, 0x000000008aa00000| Untracked 
|  95|0x000000008ab00000, 0x000000008ab00000, 0x000000008ac00000|  0%| F|  |TAMS 0x000000008ab00000, 0x000000008ab00000| Untracked 
|  96|0x000000008ac00000, 0x000000008ac00000, 0x000000008ad00000|  0%| F|  |TAMS 0x000000008ac00000, 0x000000008ac00000| Untracked 
|  97|0x000000008ad00000, 0x000000008ad00000, 0x000000008ae00000|  0%| F|  |TAMS 0x000000008ad00000, 0x000000008ad00000| Untracked 
|  98|0x000000008ae00000, 0x000000008ae00000, 0x000000008af00000|  0%| F|  |TAMS 0x000000008ae00000, 0x000000008ae00000| Untracked 
|  99|0x000000008af00000, 0x000000008af00000, 0x000000008b000000|  0%| F|  |TAMS 0x000000008af00000, 0x000000008af00000| Untracked 
| 100|0x000000008b000000, 0x000000008b000000, 0x000000008b100000|  0%| F|  |TAMS 0x000000008b000000, 0x000000008b000000| Untracked 
| 101|0x000000008b100000, 0x000000008b100000, 0x000000008b200000|  0%| F|  |TAMS 0x000000008b100000, 0x000000008b100000| Untracked 
| 102|0x000000008b200000, 0x000000008b200000, 0x000000008b300000|  0%| F|  |TAMS 0x000000008b200000, 0x000000008b200000| Untracked 
| 103|0x000000008b300000, 0x000000008b300000, 0x000000008b400000|  0%| F|  |TAMS 0x000000008b300000, 0x000000008b300000| Untracked 
| 104|0x000000008b400000, 0x000000008b400000, 0x000000008b500000|  0%| F|  |TAMS 0x000000008b400000, 0x000000008b400000| Untracked 
| 105|0x000000008b500000, 0x000000008b500000, 0x000000008b600000|  0%| F|  |TAMS 0x000000008b500000, 0x000000008b500000| Untracked 
| 106|0x000000008b600000, 0x000000008b600000, 0x000000008b700000|  0%| F|  |TAMS 0x000000008b600000, 0x000000008b600000| Untracked 
| 107|0x000000008b700000, 0x000000008b700000, 0x000000008b800000|  0%| F|  |TAMS 0x000000008b700000, 0x000000008b700000| Untracked 
| 108|0x000000008b800000, 0x000000008b800000, 0x000000008b900000|  0%| F|  |TAMS 0x000000008b800000, 0x000000008b800000| Untracked 
| 109|0x000000008b900000, 0x000000008b900000, 0x000000008ba00000|  0%| F|  |TAMS 0x000000008b900000, 0x000000008b900000| Untracked 
| 110|0x000000008ba00000, 0x000000008ba00000, 0x000000008bb00000|  0%| F|  |TAMS 0x000000008ba00000, 0x000000008ba00000| Untracked 
| 111|0x000000008bb00000, 0x000000008bb00000, 0x000000008bc00000|  0%| F|  |TAMS 0x000000008bb00000, 0x000000008bb00000| Untracked 
| 112|0x000000008bc00000, 0x000000008bc00000, 0x000000008bd00000|  0%| F|  |TAMS 0x000000008bc00000, 0x000000008bc00000| Untracked 
| 113|0x000000008bd00000, 0x000000008bd00000, 0x000000008be00000|  0%| F|  |TAMS 0x000000008bd00000, 0x000000008bd00000| Untracked 
| 114|0x000000008be00000, 0x000000008be00000, 0x000000008bf00000|  0%| F|  |TAMS 0x000000008be00000, 0x000000008be00000| Untracked 
| 115|0x000000008bf00000, 0x000000008bf00000, 0x000000008c000000|  0%| F|  |TAMS 0x000000008bf00000, 0x000000008bf00000| Untracked 
| 116|0x000000008c000000, 0x000000008c000000, 0x000000008c100000|  0%| F|  |TAMS 0x000000008c000000, 0x000000008c000000| Untracked 
| 117|0x000000008c100000, 0x000000008c100000, 0x000000008c200000|  0%| F|  |TAMS 0x000000008c100000, 0x000000008c100000| Untracked 
| 118|0x000000008c200000, 0x000000008c200000, 0x000000008c300000|  0%| F|  |TAMS 0x000000008c200000, 0x000000008c200000| Untracked 
| 119|0x000000008c300000, 0x000000008c300000, 0x000000008c400000|  0%| F|  |TAMS 0x000000008c300000, 0x000000008c300000| Untracked 
| 120|0x000000008c400000, 0x000000008c400000, 0x000000008c500000|  0%| F|  |TAMS 0x000000008c400000, 0x000000008c400000| Untracked 
| 121|0x000000008c500000, 0x000000008c500000, 0x000000008c600000|  0%| F|  |TAMS 0x000000008c500000, 0x000000008c500000| Untracked 
| 122|0x000000008c600000, 0x000000008c600000, 0x000000008c700000|  0%| F|  |TAMS 0x000000008c600000, 0x000000008c600000| Untracked 
| 123|0x000000008c700000, 0x000000008c700000, 0x000000008c800000|  0%| F|  |TAMS 0x000000008c700000, 0x000000008c700000| Untracked 
| 124|0x000000008c800000, 0x000000008c800000, 0x000000008c900000|  0%| F|  |TAMS 0x000000008c800000, 0x000000008c800000| Untracked 
| 125|0x000000008c900000, 0x000000008c900000, 0x000000008ca00000|  0%| F|  |TAMS 0x000000008c900000, 0x000000008c900000| Untracked 
| 126|0x000000008ca00000, 0x000000008ca00000, 0x000000008cb00000|  0%| F|  |TAMS 0x000000008ca00000, 0x000000008ca00000| Untracked 
| 127|0x000000008cb00000, 0x000000008cb00000, 0x000000008cc00000|  0%| F|  |TAMS 0x000000008cb00000, 0x000000008cb00000| Untracked 
| 128|0x000000008cc00000, 0x000000008cc00000, 0x000000008cd00000|  0%| F|  |TAMS 0x000000008cc00000, 0x000000008cc00000| Untracked 
| 129|0x000000008cd00000, 0x000000008cd00000, 0x000000008ce00000|  0%| F|  |TAMS 0x000000008cd00000, 0x000000008cd00000| Untracked 
| 130|0x000000008ce00000, 0x000000008ce00000, 0x000000008cf00000|  0%| F|  |TAMS 0x000000008ce00000, 0x000000008ce00000| Untracked 
| 131|0x000000008cf00000, 0x000000008cf454e8, 0x000000008d000000| 27%| E|  |TAMS 0x000000008cf00000, 0x000000008cf00000| Complete 
| 132|0x000000008d000000, 0x000000008d0c0410, 0x000000008d100000| 75%| E|  |TAMS 0x000000008d000000, 0x000000008d000000| Complete 
| 133|0x000000008d100000, 0x000000008d200000, 0x000000008d200000|100%| E|CS|TAMS 0x000000008d100000, 0x000000008d100000| Complete 
| 134|0x000000008d200000, 0x000000008d300000, 0x000000008d300000|100%| E|CS|TAMS 0x000000008d200000, 0x000000008d200000| Complete 
| 135|0x000000008d300000, 0x000000008d400000, 0x000000008d400000|100%| E|CS|TAMS 0x000000008d300000, 0x000000008d300000| Complete 
| 136|0x000000008d400000, 0x000000008d500000, 0x000000008d500000|100%| E|CS|TAMS 0x000000008d400000, 0x000000008d400000| Complete 
| 137|0x000000008d500000, 0x000000008d600000, 0x000000008d600000|100%| E|CS|TAMS 0x000000008d500000, 0x000000008d500000| Complete 
| 138|0x000000008d600000, 0x000000008d700000, 0x000000008d700000|100%| E|CS|TAMS 0x000000008d600000, 0x000000008d600000| Complete 
| 139|0x000000008d700000, 0x000000008d800000, 0x000000008d800000|100%| E|CS|TAMS 0x000000008d700000, 0x000000008d700000| Complete 
| 140|0x000000008d800000, 0x000000008d900000, 0x000000008d900000|100%| E|CS|TAMS 0x000000008d800000, 0x000000008d800000| Complete 
| 141|0x000000008d900000, 0x000000008da00000, 0x000000008da00000|100%| E|CS|TAMS 0x000000008d900000, 0x000000008d900000| Complete 
| 142|0x000000008da00000, 0x000000008db00000, 0x000000008db00000|100%| E|CS|TAMS 0x000000008da00000, 0x000000008da00000| Complete 
| 143|0x000000008db00000, 0x000000008dc00000, 0x000000008dc00000|100%| E|CS|TAMS 0x000000008db00000, 0x000000008db00000| Complete 
| 144|0x000000008dc00000, 0x000000008dd00000, 0x000000008dd00000|100%| E|CS|TAMS 0x000000008dc00000, 0x000000008dc00000| Complete 
| 145|0x000000008dd00000, 0x000000008de00000, 0x000000008de00000|100%| E|CS|TAMS 0x000000008dd00000, 0x000000008dd00000| Complete 
| 146|0x000000008de00000, 0x000000008df00000, 0x000000008df00000|100%| E|CS|TAMS 0x000000008de00000, 0x000000008de00000| Complete 
| 147|0x000000008df00000, 0x000000008e000000, 0x000000008e000000|100%| E|CS|TAMS 0x000000008df00000, 0x000000008df00000| Complete 
|1963|0x00000000ff700000, 0x00000000ff800000, 0x00000000ff800000|100%| O|  |TAMS 0x00000000ff77ca00, 0x00000000ff700000| Untracked 
|1964|0x00000000ff800000, 0x00000000ff900000, 0x00000000ff900000|100%| O|  |TAMS 0x00000000ff900000, 0x00000000ff800000| Untracked 
|1965|0x00000000ff900000, 0x00000000ffa00000, 0x00000000ffa00000|100%| O|  |TAMS 0x00000000ffa00000, 0x00000000ff900000| Untracked 
|1966|0x00000000ffa00000, 0x00000000ffb00000, 0x00000000ffb00000|100%| O|  |TAMS 0x00000000ffb00000, 0x00000000ffa00000| Untracked 
|1967|0x00000000ffb00000, 0x00000000ffc00000, 0x00000000ffc00000|100%| O|  |TAMS 0x00000000ffc00000, 0x00000000ffb00000| Untracked 
|1968|0x00000000ffc00000, 0x00000000ffd00000, 0x00000000ffd00000|100%| O|  |TAMS 0x00000000ffd00000, 0x00000000ffc00000| Untracked 
|1969|0x00000000ffd00000, 0x00000000ffe00000, 0x00000000ffe00000|100%| O|  |TAMS 0x00000000ffe00000, 0x00000000ffd00000| Untracked 
|1970|0x00000000ffe00000, 0x00000000fff00000, 0x00000000fff00000|100%| O|  |TAMS 0x00000000fff00000, 0x00000000ffe00000| Untracked 
|1971|0x00000000fff00000, 0x0000000100000000, 0x0000000100000000|100%| O|  |TAMS 0x0000000100000000, 0x00000000fff00000| Untracked 

Card table byte_map: [0x0000022779bd0000,0x0000022779fb0000] _byte_map_base: 0x00000227797aa000

Marking Bits (Prev, Next): (CMBitMap*) 0x0000022762c95a60, (CMBitMap*) 0x0000022762c95aa0
 Prev Bits: [0x000002277a390000, 0x000002277c260000)
 Next Bits: [0x000002277c260000, 0x000002277e130000)

Polling page: 0x00000227623e0000

Metaspace:

Usage:
  Non-class:     71.36 MB used.
      Class:     11.30 MB used.
       Both:     82.66 MB used.

Virtual space:
  Non-class space:      128.00 MB reserved,      71.69 MB ( 56%) committed,  2 nodes.
      Class space:        1.00 GB reserved,      11.62 MB (  1%) committed,  1 nodes.
             Both:        1.12 GB reserved,      83.31 MB (  7%) committed. 

Chunk freelists:
   Non-Class:  8.06 MB
       Class:  4.25 MB
        Both:  12.31 MB

MaxMetaspaceSize: unlimited
CompressedClassSpaceSize: 1.00 GB
Initial GC threshold: 21.00 MB
Current GC threshold: 128.38 MB
CDS: on
MetaspaceReclaimPolicy: balanced
 - commit_granule_bytes: 65536.
 - commit_granule_words: 8192.
 - virtual_space_node_default_size: 8388608.
 - enlarge_chunks_in_place: 1.
 - new_chunks_are_fully_committed: 0.
 - uncommit_free_chunks: 1.
 - use_allocation_guard: 0.
 - handle_deallocations: 1.


Internal statistics:

num_allocs_failed_limit: 9.
num_arena_births: 1080.
num_arena_deaths: 4.
num_vsnodes_births: 3.
num_vsnodes_deaths: 0.
num_space_committed: 1333.
num_space_uncommitted: 0.
num_chunks_returned_to_freelist: 14.
num_chunks_taken_from_freelist: 4251.
num_chunk_merges: 9.
num_chunk_splits: 2964.
num_chunks_enlarged: 2204.
num_inconsistent_stats: 0.

CodeHeap 'non-profiled nmethods': size=120000Kb used=4290Kb max_used=4929Kb free=115709Kb
 bounds [0x0000022771f80000, 0x0000022772460000, 0x00000227794b0000]
CodeHeap 'profiled nmethods': size=120000Kb used=14658Kb max_used=15678Kb free=105341Kb
 bounds [0x000002276a4b0000, 0x000002276b400000, 0x00000227719e0000]
CodeHeap 'non-nmethods': size=5760Kb used=1418Kb max_used=1507Kb free=4341Kb
 bounds [0x00000227719e0000, 0x0000022771c50000, 0x0000022771f80000]
 total_blobs=8788 nmethods=8048 adapters=651
 compilation: enabled
              stopped_count=0, restarted_count=0
 full_count=0

Compilation events (20 events):
Event: 10.608 Thread 0x000002277eb64f30 9564       2       org.antlr.v4.runtime.atn.ATNConfigSet::setReadonly (11 bytes)
Event: 10.609 Thread 0x000002277eb64f30 nmethod 9564 0x000002276b17a810 code [0x000002276b17a9a0, 0x000002276b17aad8]
Event: 10.621 Thread 0x000002277eb64f30 9566       2       org.antlr.v4.runtime.atn.PredictionContext::hasEmptyPath (21 bytes)
Event: 10.622 Thread 0x000002277eb64f30 nmethod 9566 0x000002276b290290 code [0x000002276b290440, 0x000002276b2905b8]
Event: 10.622 Thread 0x000002277eb64f30 9567 %     3       org.antlr.v4.runtime.misc.FlexibleHashMap::expand @ 61 (151 bytes)
Event: 10.623 Thread 0x000002277eb64f30 nmethod 9567% 0x000002276ae63110 code [0x000002276ae63360, 0x000002276ae63fb8]
Event: 10.623 Thread 0x000002277ee37500 nmethod 9558 0x0000022772253510 code [0x0000022772253700, 0x0000022772254818]
Event: 10.623 Thread 0x000002277eb64f30 9568       2       org.antlr.v4.runtime.BufferedTokenStream::nextTokenOnChannel (85 bytes)
Event: 10.623 Thread 0x000002277ee37500 9537       4       java.util.HashMap::put (13 bytes)
Event: 10.623 Thread 0x000002277eb64f30 nmethod 9568 0x000002276ad21190 code [0x000002276ad213a0, 0x000002276ad217d8]
Event: 10.624 Thread 0x000002277ee37500 nmethod 9537 0x00000227721c3090 code [0x00000227721c3220, 0x00000227721c3368]
Event: 10.624 Thread 0x000002277ee37500 9543       4       org.antlr.v4.runtime.atn.PredictionContext::calculateHashCode (86 bytes)
Event: 10.624 Thread 0x000002277eb64f30 9569       2       org.antlr.v4.runtime.CommonTokenStream::adjustSeekIndex (10 bytes)
Event: 10.625 Thread 0x000002277eb64f30 nmethod 9569 0x000002276b3a3990 code [0x000002276b3a3b20, 0x000002276b3a3c48]
Event: 10.625 Thread 0x000002277eb64f30 9570       2       org.antlr.v4.runtime.atn.ParserATNSimulator::closure (44 bytes)
Event: 10.625 Thread 0x000002277eb64f30 nmethod 9570 0x000002276b127690 code [0x000002276b127820, 0x000002276b127968]
Event: 10.629 Thread 0x000002277ee37500 nmethod 9543 0x0000022771fde610 code [0x0000022771fde7a0, 0x0000022771fdec78]
Event: 10.629 Thread 0x000002277ee37500 9545       4       org.antlr.v4.runtime.atn.PredictionContext::combineCommonParents (75 bytes)
Event: 10.630 Thread 0x000002277eb64f30 9572       1       org.antlr.v4.runtime.atn.PlusLoopbackState::getStateType (3 bytes)
Event: 10.630 Thread 0x000002277eb64f30 nmethod 9572 0x00000227721c2d10 code [0x00000227721c2ea0, 0x00000227721c2f78]

GC Heap History (20 events):
Event: 6.941 GC heap before
{Heap before GC invocations=13 (full 0):
 garbage-first heap   total 96256K, used 73517K [0x0000000084c00000, 0x0000000100000000)
  region size 1024K, 46 young (47104K), 5 survivors (5120K)
 Metaspace       used 55407K, committed 55936K, reserved 1114112K
  class space    used 7033K, committed 7296K, reserved 1048576K
}
Event: 6.947 GC heap after
{Heap after GC invocations=14 (full 0):
 garbage-first heap   total 96256K, used 34930K [0x0000000084c00000, 0x0000000100000000)
  region size 1024K, 6 young (6144K), 6 survivors (6144K)
 Metaspace       used 55407K, committed 55936K, reserved 1114112K
  class space    used 7033K, committed 7296K, reserved 1048576K
}
Event: 7.363 GC heap before
{Heap before GC invocations=14 (full 0):
 garbage-first heap   total 96256K, used 60530K [0x0000000084c00000, 0x0000000100000000)
  region size 1024K, 32 young (32768K), 6 survivors (6144K)
 Metaspace       used 59762K, committed 60288K, reserved 1114112K
  class space    used 7765K, committed 8064K, reserved 1048576K
}
Event: 7.367 GC heap after
{Heap after GC invocations=15 (full 0):
 garbage-first heap   total 96256K, used 36164K [0x0000000084c00000, 0x0000000100000000)
  region size 1024K, 2 young (2048K), 2 survivors (2048K)
 Metaspace       used 59762K, committed 60288K, reserved 1114112K
  class space    used 7765K, committed 8064K, reserved 1048576K
}
Event: 7.997 GC heap before
{Heap before GC invocations=16 (full 0):
 garbage-first heap   total 96256K, used 75076K [0x0000000084c00000, 0x0000000100000000)
  region size 1024K, 40 young (40960K), 2 survivors (2048K)
 Metaspace       used 66111K, committed 66752K, reserved 1114112K
  class space    used 8647K, committed 8960K, reserved 1048576K
}
Event: 8.001 GC heap after
{Heap after GC invocations=17 (full 0):
 garbage-first heap   total 96256K, used 37664K [0x0000000084c00000, 0x0000000100000000)
  region size 1024K, 3 young (3072K), 3 survivors (3072K)
 Metaspace       used 66111K, committed 66752K, reserved 1114112K
  class space    used 8647K, committed 8960K, reserved 1048576K
}
Event: 8.633 GC heap before
{Heap before GC invocations=17 (full 0):
 garbage-first heap   total 96256K, used 76576K [0x0000000084c00000, 0x0000000100000000)
  region size 1024K, 41 young (41984K), 3 survivors (3072K)
 Metaspace       used 72928K, committed 73536K, reserved 1114112K
  class space    used 9719K, committed 10048K, reserved 1048576K
}
Event: 8.636 GC heap after
{Heap after GC invocations=18 (full 0):
 garbage-first heap   total 96256K, used 38830K [0x0000000084c00000, 0x0000000100000000)
  region size 1024K, 4 young (4096K), 4 survivors (4096K)
 Metaspace       used 72928K, committed 73536K, reserved 1114112K
  class space    used 9719K, committed 10048K, reserved 1048576K
}
Event: 9.220 GC heap before
{Heap before GC invocations=18 (full 0):
 garbage-first heap   total 96256K, used 77742K [0x0000000084c00000, 0x0000000100000000)
  region size 1024K, 42 young (43008K), 4 survivors (4096K)
 Metaspace       used 77180K, committed 77824K, reserved 1179648K
  class space    used 10322K, committed 10624K, reserved 1048576K
}
Event: 9.226 GC heap after
{Heap after GC invocations=19 (full 0):
 garbage-first heap   total 96256K, used 42065K [0x0000000084c00000, 0x0000000100000000)
  region size 1024K, 6 young (6144K), 6 survivors (6144K)
 Metaspace       used 77180K, committed 77824K, reserved 1179648K
  class space    used 10322K, committed 10624K, reserved 1048576K
}
Event: 9.401 GC heap before
{Heap before GC invocations=19 (full 0):
 garbage-first heap   total 96256K, used 83025K [0x0000000084c00000, 0x0000000100000000)
  region size 1024K, 40 young (40960K), 6 survivors (6144K)
 Metaspace       used 77323K, committed 77952K, reserved 1179648K
  class space    used 10340K, committed 10624K, reserved 1048576K
}
Event: 9.423 GC heap after
{Heap after GC invocations=20 (full 0):
 garbage-first heap   total 105472K, used 63175K [0x0000000084c00000, 0x0000000100000000)
  region size 1024K, 5 young (5120K), 5 survivors (5120K)
 Metaspace       used 77323K, committed 77952K, reserved 1179648K
  class space    used 10340K, committed 10624K, reserved 1048576K
}
Event: 9.555 GC heap before
{Heap before GC invocations=20 (full 0):
 garbage-first heap   total 105472K, used 78535K [0x0000000084c00000, 0x0000000100000000)
  region size 1024K, 20 young (20480K), 5 survivors (5120K)
 Metaspace       used 77921K, committed 78592K, reserved 1179648K
  class space    used 10396K, committed 10688K, reserved 1048576K
}
Event: 9.563 GC heap after
{Heap after GC invocations=21 (full 0):
 garbage-first heap   total 105472K, used 66069K [0x0000000084c00000, 0x0000000100000000)
  region size 1024K, 2 young (2048K), 2 survivors (2048K)
 Metaspace       used 77921K, committed 78592K, reserved 1179648K
  class space    used 10396K, committed 10688K, reserved 1048576K
}
Event: 9.762 GC heap before
{Heap before GC invocations=22 (full 0):
 garbage-first heap   total 116736K, used 77333K [0x0000000084c00000, 0x0000000100000000)
  region size 1024K, 17 young (17408K), 2 survivors (2048K)
 Metaspace       used 79349K, committed 80000K, reserved 1179648K
  class space    used 10621K, committed 10944K, reserved 1048576K
}
Event: 9.765 GC heap after
{Heap after GC invocations=23 (full 0):
 garbage-first heap   total 116736K, used 62224K [0x0000000084c00000, 0x0000000100000000)
  region size 1024K, 2 young (2048K), 2 survivors (2048K)
 Metaspace       used 79349K, committed 80000K, reserved 1179648K
  class space    used 10621K, committed 10944K, reserved 1048576K
}
Event: 9.794 GC heap before
{Heap before GC invocations=23 (full 0):
 garbage-first heap   total 116736K, used 65296K [0x0000000084c00000, 0x0000000100000000)
  region size 1024K, 5 young (5120K), 2 survivors (2048K)
 Metaspace       used 79433K, committed 80128K, reserved 1179648K
  class space    used 10633K, committed 10944K, reserved 1048576K
}
Event: 9.798 GC heap after
{Heap after GC invocations=24 (full 0):
 garbage-first heap   total 160768K, used 62722K [0x0000000084c00000, 0x0000000100000000)
  region size 1024K, 1 young (1024K), 1 survivors (1024K)
 Metaspace       used 79433K, committed 80128K, reserved 1179648K
  class space    used 10633K, committed 10944K, reserved 1048576K
}
Event: 10.586 GC heap before
{Heap before GC invocations=24 (full 0):
 garbage-first heap   total 160768K, used 123138K [0x0000000084c00000, 0x0000000100000000)
  region size 1024K, 60 young (61440K), 1 survivors (1024K)
 Metaspace       used 84439K, committed 85120K, reserved 1179648K
  class space    used 11567K, committed 11904K, reserved 1048576K
}
Event: 10.591 GC heap after
{Heap after GC invocations=25 (full 0):
 garbage-first heap   total 160768K, used 65868K [0x0000000084c00000, 0x0000000100000000)
  region size 1024K, 4 young (4096K), 4 survivors (4096K)
 Metaspace       used 84439K, committed 85120K, reserved 1179648K
  class space    used 11567K, committed 11904K, reserved 1048576K
}

Deoptimization events (20 events):
Event: 10.595 Thread 0x00000227474423f0 Uncommon trap: trap_request=0xffffffd6 fr.pc=0x000002277204cae4 relative=0x0000000000000f64
Event: 10.595 Thread 0x00000227474423f0 Uncommon trap: reason=array_check action=maybe_recompile pc=0x000002277204cae4 method=org.antlr.v4.runtime.misc.Array2DHashSet.getOrAddImpl(Ljava/lang/Object;)Ljava/lang/Object; @ 133 c2
Event: 10.595 Thread 0x00000227474423f0 DEOPT PACKING pc=0x000002277204cae4 sp=0x0000009a82ef8af0
Event: 10.595 Thread 0x00000227474423f0 DEOPT UNPACKING pc=0x0000022771a35ba3 sp=0x0000009a82ef8ac0 mode 2
Event: 10.630 Thread 0x00000227474423f0 Uncommon trap: trap_request=0xffffffc6 fr.pc=0x00000227721c4318 relative=0x0000000000000c58
Event: 10.630 Thread 0x00000227474423f0 Uncommon trap: reason=bimorphic_or_optimized_type_check action=maybe_recompile pc=0x00000227721c4318 method=org.antlr.v4.runtime.atn.PredictionContext.merge(Lorg/antlr/v4/runtime/atn/PredictionContext;Lorg/antlr/v4/runtime/atn/PredictionContext;ZLorg/antl
Event: 10.630 Thread 0x00000227474423f0 DEOPT PACKING pc=0x00000227721c4318 sp=0x0000009a82ef8940
Event: 10.630 Thread 0x00000227474423f0 DEOPT UNPACKING pc=0x0000022771a35ba3 sp=0x0000009a82ef8918 mode 2
Event: 10.630 Thread 0x00000227474423f0 Uncommon trap: trap_request=0xffffffc6 fr.pc=0x00000227721c4318 relative=0x0000000000000c58
Event: 10.630 Thread 0x00000227474423f0 Uncommon trap: reason=bimorphic_or_optimized_type_check action=maybe_recompile pc=0x00000227721c4318 method=org.antlr.v4.runtime.atn.PredictionContext.merge(Lorg/antlr/v4/runtime/atn/PredictionContext;Lorg/antlr/v4/runtime/atn/PredictionContext;ZLorg/antl
Event: 10.630 Thread 0x00000227474423f0 DEOPT PACKING pc=0x00000227721c4318 sp=0x0000009a82ef8940
Event: 10.630 Thread 0x00000227474423f0 DEOPT UNPACKING pc=0x0000022771a35ba3 sp=0x0000009a82ef8918 mode 2
Event: 10.631 Thread 0x00000227474423f0 Uncommon trap: trap_request=0xffffffc6 fr.pc=0x00000227721c4318 relative=0x0000000000000c58
Event: 10.631 Thread 0x00000227474423f0 Uncommon trap: reason=bimorphic_or_optimized_type_check action=maybe_recompile pc=0x00000227721c4318 method=org.antlr.v4.runtime.atn.PredictionContext.merge(Lorg/antlr/v4/runtime/atn/PredictionContext;Lorg/antlr/v4/runtime/atn/PredictionContext;ZLorg/antl
Event: 10.631 Thread 0x00000227474423f0 DEOPT PACKING pc=0x00000227721c4318 sp=0x0000009a82ef84e0
Event: 10.631 Thread 0x00000227474423f0 DEOPT UNPACKING pc=0x0000022771a35ba3 sp=0x0000009a82ef84b8 mode 2
Event: 10.631 Thread 0x00000227474423f0 Uncommon trap: trap_request=0xffffffc6 fr.pc=0x00000227721c4318 relative=0x0000000000000c58
Event: 10.631 Thread 0x00000227474423f0 Uncommon trap: reason=bimorphic_or_optimized_type_check action=maybe_recompile pc=0x00000227721c4318 method=org.antlr.v4.runtime.atn.PredictionContext.merge(Lorg/antlr/v4/runtime/atn/PredictionContext;Lorg/antlr/v4/runtime/atn/PredictionContext;ZLorg/antl
Event: 10.632 Thread 0x00000227474423f0 DEOPT PACKING pc=0x00000227721c4318 sp=0x0000009a82ef84e0
Event: 10.632 Thread 0x00000227474423f0 DEOPT UNPACKING pc=0x0000022771a35ba3 sp=0x0000009a82ef84b8 mode 2

Classes unloaded (2 events):
Event: 1.940 Thread 0x000002277eb3c080 Unloading class 0x00000227030c2800 'java/lang/invoke/LambdaForm$MH+0x00000227030c2800'
Event: 1.940 Thread 0x000002277eb3c080 Unloading class 0x00000227030c2000 'java/lang/invoke/LambdaForm$MH+0x00000227030c2000'

Classes redefined (0 events):
No events

Internal exceptions (20 events):
Event: 9.859 Thread 0x0000022762c32fb0 Exception <a 'java/lang/ClassNotFoundException'{0x000000008da03fe0}: org/springframework/context/support/LiveBeansView> (0x000000008da03fe0) 
thrown [s\open\src\hotspot\share\classfile\systemDictionary.cpp, line 256]
Event: 9.859 Thread 0x0000022762c32fb0 Exception <a 'java/lang/ClassNotFoundException'{0x000000008da043a0}: org/springframework/context/support/LiveBeansView> (0x000000008da043a0) 
thrown [s\open\src\hotspot\share\classfile\systemDictionary.cpp, line 256]
Event: 9.859 Thread 0x0000022762c32fb0 Exception <a 'java/lang/ClassNotFoundException'{0x000000008da04760}: org/springframework/context/support/LiveBeansView> (0x000000008da04760) 
thrown [s\open\src\hotspot\share\classfile\systemDictionary.cpp, line 256]
Event: 9.859 Thread 0x0000022762c32fb0 Exception <a 'java/lang/ClassNotFoundException'{0x000000008da04b20}: org/springframework/context/support/LiveBeansView> (0x000000008da04b20) 
thrown [s\open\src\hotspot\share\classfile\systemDictionary.cpp, line 256]
Event: 9.859 Thread 0x0000022762c32fb0 Exception <a 'java/lang/ClassNotFoundException'{0x000000008da04ec0}: org/springframework/context/support/LiveBeansView> (0x000000008da04ec0) 
thrown [s\open\src\hotspot\share\classfile\systemDictionary.cpp, line 256]
Event: 9.859 Thread 0x0000022762c32fb0 Exception <a 'java/lang/ClassNotFoundException'{0x000000008da054c8}: org/springframework/context/support/LiveBeansView> (0x000000008da054c8) 
thrown [s\open\src\hotspot\share\classfile\systemDictionary.cpp, line 256]
Event: 9.859 Thread 0x0000022762c32fb0 Exception <a 'java/lang/ClassNotFoundException'{0x000000008da05870}: org/springframework/context/support/LiveBeansView> (0x000000008da05870) 
thrown [s\open\src\hotspot\share\classfile\systemDictionary.cpp, line 256]
Event: 9.862 Thread 0x0000022762c32fb0 Exception <a 'java/lang/ClassNotFoundException'{0x000000008dad2a80}: org/springframework/context/support/LiveBeansView> (0x000000008dad2a80) 
thrown [s\open\src\hotspot\share\classfile\systemDictionary.cpp, line 256]
Event: 9.862 Thread 0x0000022762c32fb0 Exception <a 'java/lang/ClassNotFoundException'{0x000000008dad2e48}: org/springframework/context/support/LiveBeansView> (0x000000008dad2e48) 
thrown [s\open\src\hotspot\share\classfile\systemDictionary.cpp, line 256]
Event: 9.862 Thread 0x0000022762c32fb0 Exception <a 'java/lang/ClassNotFoundException'{0x000000008dad31f8}: org/springframework/context/support/LiveBeansView> (0x000000008dad31f8) 
thrown [s\open\src\hotspot\share\classfile\systemDictionary.cpp, line 256]
Event: 9.862 Thread 0x0000022762c32fb0 Exception <a 'java/lang/ClassNotFoundException'{0x000000008dad35a8}: org/springframework/context/support/LiveBeansView> (0x000000008dad35a8) 
thrown [s\open\src\hotspot\share\classfile\systemDictionary.cpp, line 256]
Event: 9.880 Thread 0x00000227474423f0 Exception <a 'java/lang/reflect/InvocationTargetException'{0x000000008d947e48}> (0x000000008d947e48) 
thrown [s\open\src\hotspot\share\runtime\reflection.cpp, line 1121]
Event: 9.890 Thread 0x00000227474423f0 Exception <a 'java/lang/NoSuchMethodError'{0x000000008d9b45c0}: 'int java.lang.invoke.DirectMethodHandle$Holder.invokeStatic(java.lang.Object, java.lang.Object, int)'> (0x000000008d9b45c0) 
thrown [s\open\src\hotspot\share\interpreter\linkResolver.cpp, line 759]
Event: 9.899 Thread 0x00000227474423f0 Exception <a 'java/lang/IncompatibleClassChangeError'{0x000000008d8003a8}: Found class java.lang.Object, but interface was expected> (0x000000008d8003a8) 
thrown [s\open\src\hotspot\share\interpreter\linkResolver.cpp, line 826]
Event: 9.936 Thread 0x00000227474423f0 Exception <a 'java/lang/NoSuchMethodError'{0x000000008d7e9ce8}: 'java.lang.Object java.lang.invoke.DirectMethodHandle$Holder.invokeStatic(java.lang.Object, int, java.lang.Object)'> (0x000000008d7e9ce8) 
thrown [s\open\src\hotspot\share\interpreter\linkResolver.cpp, line 759]
Event: 9.983 Thread 0x00000227474423f0 Exception <a 'java/lang/reflect/InvocationTargetException'{0x000000008d1c2460}> (0x000000008d1c2460) 
thrown [s\open\src\hotspot\share\runtime\reflection.cpp, line 1121]
Event: 10.004 Thread 0x00000227474423f0 Exception <a 'java/lang/reflect/InvocationTargetException'{0x000000008d07ef30}> (0x000000008d07ef30) 
thrown [s\open\src\hotspot\share\runtime\reflection.cpp, line 1121]
Event: 10.007 Thread 0x00000227474423f0 Exception <a 'java/lang/reflect/InvocationTargetException'{0x000000008d08b2e8}> (0x000000008d08b2e8) 
thrown [s\open\src\hotspot\share\runtime\reflection.cpp, line 1121]
Event: 10.016 Thread 0x00000227474423f0 Exception <a 'java/lang/reflect/InvocationTargetException'{0x000000008d0d5258}> (0x000000008d0d5258) 
thrown [s\open\src\hotspot\share\runtime\reflection.cpp, line 1121]
Event: 10.018 Thread 0x00000227474423f0 Exception <a 'java/lang/reflect/InvocationTargetException'{0x000000008d0e8330}> (0x000000008d0e8330) 
thrown [s\open\src\hotspot\share\runtime\reflection.cpp, line 1121]

VM Operations (20 events):
Event: 9.838 Executing VM operation: HandshakeAllThreads
Event: 9.838 Executing VM operation: HandshakeAllThreads done
Event: 9.953 Executing VM operation: HandshakeAllThreads
Event: 9.953 Executing VM operation: HandshakeAllThreads done
Event: 9.975 Executing VM operation: HandshakeAllThreads
Event: 9.975 Executing VM operation: HandshakeAllThreads done
Event: 10.207 Executing VM operation: HandshakeAllThreads
Event: 10.207 Executing VM operation: HandshakeAllThreads done
Event: 10.219 Executing VM operation: HandshakeAllThreads
Event: 10.219 Executing VM operation: HandshakeAllThreads done
Event: 10.222 Executing VM operation: HandshakeAllThreads
Event: 10.222 Executing VM operation: HandshakeAllThreads done
Event: 10.264 Executing VM operation: ICBufferFull
Event: 10.264 Executing VM operation: ICBufferFull done
Event: 10.279 Executing VM operation: HandshakeAllThreads
Event: 10.279 Executing VM operation: HandshakeAllThreads done
Event: 10.452 Executing VM operation: ICBufferFull
Event: 10.452 Executing VM operation: ICBufferFull done
Event: 10.586 Executing VM operation: G1CollectForAllocation
Event: 10.591 Executing VM operation: G1CollectForAllocation done

Events (20 events):
Event: 10.217 Thread 0x000002277eb6e860 flushing nmethod 0x000002276b2eb990
Event: 10.217 Thread 0x000002277eb6e860 flushing nmethod 0x000002276b2fa190
Event: 10.217 Thread 0x000002277eb6e860 flushing nmethod 0x000002276b2fab90
Event: 10.217 Thread 0x000002277eb6e860 flushing nmethod 0x000002276b2fb910
Event: 10.217 Thread 0x000002277eb6e860 flushing nmethod 0x000002276b2fcc90
Event: 10.217 Thread 0x000002277eb6e860 flushing nmethod 0x000002276b2fd590
Event: 10.217 Thread 0x000002277eb6e860 flushing nmethod 0x000002276b2ff890
Event: 10.217 Thread 0x000002277eb6e860 flushing nmethod 0x000002276b326310
Event: 10.217 Thread 0x000002277eb6e860 flushing nmethod 0x000002276b3a1b90
Event: 10.217 Thread 0x000002277eb6e860 flushing nmethod 0x000002276b3a2490
Event: 10.217 Thread 0x000002277eb6e860 flushing nmethod 0x000002276b3a3990
Event: 10.217 Thread 0x000002277eb6e860 flushing nmethod 0x000002276b3a4110
Event: 10.217 Thread 0x000002277eb6e860 flushing nmethod 0x000002276b3a5010
Event: 10.217 Thread 0x000002277eb6e860 flushing nmethod 0x000002276b3a5410
Event: 10.217 Thread 0x000002277eb6e860 flushing nmethod 0x000002276b3a5990
Event: 10.217 Thread 0x000002277eb6e860 flushing nmethod 0x000002276b3a5f10
Event: 10.217 Thread 0x000002277eb6e860 flushing nmethod 0x000002276b3ab510
Event: 10.217 Thread 0x000002277eb6e860 flushing nmethod 0x000002276b3abb90
Event: 10.218 loading class java/util/ArrayList$ListItr
Event: 10.218 loading class java/util/ArrayList$ListItr done


Dynamic libraries:
0x00007ff76cf80000 - 0x00007ff76cf90000 	D:\downApp\bin\java.exe
0x00007ff8ed190000 - 0x00007ff8ed3a7000 	C:\WINDOWS\SYSTEM32\ntdll.dll
0x00007ff8ec620000 - 0x00007ff8ec6e4000 	C:\WINDOWS\System32\KERNEL32.DLL
0x00007ff8ea580000 - 0x00007ff8ea952000 	C:\WINDOWS\System32\KERNELBASE.dll
0x00007ff8eac80000 - 0x00007ff8ead91000 	C:\WINDOWS\System32\ucrtbase.dll
0x00007ff8d23e0000 - 0x00007ff8d23f9000 	D:\downApp\bin\jli.dll
0x00007ff8cb950000 - 0x00007ff8cb96b000 	D:\downApp\bin\VCRUNTIME140.dll
0x00007ff8ec490000 - 0x00007ff8ec541000 	C:\WINDOWS\System32\ADVAPI32.dll
0x00007ff8eaf00000 - 0x00007ff8eafa7000 	C:\WINDOWS\System32\msvcrt.dll
0x00007ff8ec550000 - 0x00007ff8ec5f8000 	C:\WINDOWS\System32\sechost.dll
0x00007ff8eaaa0000 - 0x00007ff8eaac8000 	C:\WINDOWS\System32\bcrypt.dll
0x00007ff8ed030000 - 0x00007ff8ed144000 	C:\WINDOWS\System32\RPCRT4.dll
0x00007ff8ec9a0000 - 0x00007ff8ecb51000 	C:\WINDOWS\System32\USER32.dll
0x00007ff8ea3f0000 - 0x00007ff8ea416000 	C:\WINDOWS\System32\win32u.dll
0x00007ff8dcfa0000 - 0x00007ff8dd23b000 	C:\WINDOWS\WinSxS\amd64_microsoft.windows.common-controls_6595b64144ccf1df_6.0.22621.5415_none_270d77d17387d7da\COMCTL32.dll
0x00007ff8ec6f0000 - 0x00007ff8ec719000 	C:\WINDOWS\System32\GDI32.dll
0x00007ff8eab50000 - 0x00007ff8eac73000 	C:\WINDOWS\System32\gdi32full.dll
0x00007ff8ea420000 - 0x00007ff8ea4ba000 	C:\WINDOWS\System32\msvcp_win.dll
0x00007ff8e0510000 - 0x00007ff8e051a000 	C:\WINDOWS\SYSTEM32\VERSION.dll
0x00007ff8ecff0000 - 0x00007ff8ed021000 	C:\WINDOWS\System32\IMM32.DLL
0x00007ff8cb940000 - 0x00007ff8cb94c000 	D:\downApp\bin\vcruntime140_1.dll
0x00007ff8cb970000 - 0x00007ff8cb9fe000 	D:\downApp\bin\msvcp140.dll
0x00007ff84d4b0000 - 0x00007ff84e091000 	D:\downApp\bin\server\jvm.dll
0x00007ff8ec720000 - 0x00007ff8ec728000 	C:\WINDOWS\System32\PSAPI.DLL
0x00007ff8e07c0000 - 0x00007ff8e07c9000 	C:\WINDOWS\SYSTEM32\WSOCK32.dll
0x00007ff8ec8d0000 - 0x00007ff8ec941000 	C:\WINDOWS\System32\WS2_32.dll
0x00007ff8ddc90000 - 0x00007ff8ddcc4000 	C:\WINDOWS\SYSTEM32\WINMM.dll
0x00007ff8e9300000 - 0x00007ff8e9318000 	C:\WINDOWS\SYSTEM32\kernel.appcore.dll
0x00007ff8e17f0000 - 0x00007ff8e17fa000 	D:\downApp\bin\jimage.dll
0x00007ff8e7c80000 - 0x00007ff8e7eb3000 	C:\WINDOWS\SYSTEM32\DBGHELP.DLL
0x00007ff8ecb60000 - 0x00007ff8ecef3000 	C:\WINDOWS\System32\combase.dll
0x00007ff8eae20000 - 0x00007ff8eaef7000 	C:\WINDOWS\System32\OLEAUT32.dll
0x00007ff8cb700000 - 0x00007ff8cb732000 	C:\WINDOWS\SYSTEM32\dbgcore.DLL
0x00007ff8eada0000 - 0x00007ff8eae1b000 	C:\WINDOWS\System32\bcryptPrimitives.dll
0x00007ff8c2ff0000 - 0x00007ff8c3015000 	D:\downApp\bin\java.dll
0x00007ff8a54a0000 - 0x00007ff8a5577000 	D:\downApp\bin\jsvml.dll
0x00007ff8eafb0000 - 0x00007ff8eb852000 	C:\WINDOWS\System32\SHELL32.dll
0x00007ff8ea960000 - 0x00007ff8eaa9f000 	C:\WINDOWS\System32\wintypes.dll
0x00007ff8e8160000 - 0x00007ff8e8a7e000 	C:\WINDOWS\SYSTEM32\windows.storage.dll
0x00007ff8ec7c0000 - 0x00007ff8ec8cb000 	C:\WINDOWS\System32\SHCORE.dll
0x00007ff8ecf80000 - 0x00007ff8ecfe9000 	C:\WINDOWS\System32\shlwapi.dll
0x00007ff8ea1b0000 - 0x00007ff8ea1db000 	C:\WINDOWS\SYSTEM32\profapi.dll
0x00007ff8c8780000 - 0x00007ff8c8799000 	D:\downApp\bin\net.dll
0x00007ff8e3190000 - 0x00007ff8e32bc000 	C:\WINDOWS\SYSTEM32\WINHTTP.dll
0x00007ff8e97d0000 - 0x00007ff8e9839000 	C:\WINDOWS\system32\mswsock.dll
0x00007ff8c74a0000 - 0x00007ff8c74b6000 	D:\downApp\bin\nio.dll
0x00007ff8c6350000 - 0x00007ff8c6368000 	D:\downApp\bin\zip.dll
0x00007ff8cc840000 - 0x00007ff8cc84a000 	D:\downApp\bin\management.dll
0x00007ff8cb630000 - 0x00007ff8cb63b000 	D:\downApp\bin\management_ext.dll
0x00007ff8bd7a0000 - 0x00007ff8bd7b7000 	C:\WINDOWS\system32\napinsp.dll
0x00007ff8bbb30000 - 0x00007ff8bbb4b000 	C:\WINDOWS\system32\pnrpnsp.dll
0x00007ff8e8dd0000 - 0x00007ff8e8ec8000 	C:\WINDOWS\SYSTEM32\DNSAPI.dll
0x00007ff8e8da0000 - 0x00007ff8e8dcd000 	C:\WINDOWS\SYSTEM32\IPHLPAPI.DLL
0x00007ff8ebc40000 - 0x00007ff8ebc49000 	C:\WINDOWS\System32\NSI.dll
0x00007ff8bb140000 - 0x00007ff8bb151000 	C:\WINDOWS\System32\winrnr.dll
0x00007ff8e2a60000 - 0x00007ff8e2a7f000 	C:\WINDOWS\system32\wshbth.dll
0x00007ff8b8a60000 - 0x00007ff8b8a81000 	C:\WINDOWS\system32\nlansp_c.dll
0x00007ff8e35e0000 - 0x00007ff8e35ea000 	C:\Windows\System32\rasadhlp.dll
0x00007ff8dfec0000 - 0x00007ff8dff44000 	C:\WINDOWS\System32\fwpuclnt.dll
0x00007ff8e9a10000 - 0x00007ff8e9a2b000 	C:\WINDOWS\SYSTEM32\CRYPTSP.dll
0x00007ff8e92c0000 - 0x00007ff8e92f7000 	C:\WINDOWS\system32\rsaenh.dll
0x00007ff8e9880000 - 0x00007ff8e98a8000 	C:\WINDOWS\SYSTEM32\USERENV.dll
0x00007ff8e9a00000 - 0x00007ff8e9a0c000 	C:\WINDOWS\SYSTEM32\CRYPTBASE.dll
0x00007ff8e35f0000 - 0x00007ff8e3609000 	C:\WINDOWS\SYSTEM32\dhcpcsvc6.DLL
0x00007ff8e2f60000 - 0x00007ff8e2f7f000 	C:\WINDOWS\SYSTEM32\dhcpcsvc.DLL
0x00007ff8d5070000 - 0x00007ff8d5080000 	D:\downApp\bin\verify.dll
0x00007ff8cd4f0000 - 0x00007ff8cd4fe000 	D:\downApp\bin\sunmscapi.dll
0x00007ff8ea280000 - 0x00007ff8ea3e7000 	C:\WINDOWS\System32\CRYPT32.dll
0x00007ff8e9c10000 - 0x00007ff8e9c3d000 	C:\WINDOWS\SYSTEM32\ncrypt.dll
0x00007ff8e9bd0000 - 0x00007ff8e9c07000 	C:\WINDOWS\SYSTEM32\NTASN1.dll

dbghelp: loaded successfully - version: 4.0.5 - missing functions: none
symbol engine: initialized successfully - sym options: 0x614 - pdb path: .;D:\downApp\bin;C:\WINDOWS\SYSTEM32;C:\WINDOWS\WinSxS\amd64_microsoft.windows.common-controls_6595b64144ccf1df_6.0.22621.5415_none_270d77d17387d7da;D:\downApp\bin\server

VM Arguments:
jvm_args: -Dcom.sun.management.jmxremote -Dcom.sun.management.jmxremote.port=51533 -Dcom.sun.management.jmxremote.authenticate=false -Dcom.sun.management.jmxremote.ssl=false -Dspring.jmx.enabled=true -Djava.rmi.server.hostname=localhost -Dspring.application.admin.enabled=true -Dspring.boot.project.name=jobhunter-lms -XX:+ShowCodeDetailsInExceptionMessages -Dmanagement.endpoints.jmx.exposure.include=* 
java_command: vn.doan.lms.LMSApplication
java_class_path (initial): D:\java\vscodejava\doan\be\new\lms\bin\main;D:\java\vscodejava\doan\be\new\lms\bin\test;D:\java\vscodejava\doan\be\new\lms\bin\default;C:\Users\ASUS\.gradle\caches\modules-2\files-2.1\org.springframework.boot\spring-boot-starter-actuator\3.4.0\2e39cbf0cee18200204fe31e33ea2a1202391e9d\spring-boot-starter-actuator-3.4.0.jar;C:\Users\ASUS\.gradle\caches\modules-2\files-2.1\org.springframework.boot\spring-boot-starter-data-jpa\3.4.0\c6e24cab029e2b2ef36c4a5a5b1a82dbaa9d18c0\spring-boot-starter-data-jpa-3.4.0.jar;C:\Users\ASUS\.gradle\caches\modules-2\files-2.1\org.springframework.boot\spring-boot-starter-security\3.4.0\b4027ba9875f9d78ffec7010da88c1e5b964d6ed\spring-boot-starter-security-3.4.0.jar;C:\Users\ASUS\.gradle\caches\modules-2\files-2.1\org.springframework.boot\spring-boot-starter-thymeleaf\3.4.0\1ec7fdf829d485800146ec333d6e30af9fbc4830\spring-boot-starter-thymeleaf-3.4.0.jar;C:\Users\ASUS\.gradle\caches\modules-2\files-2.1\org.springframework.boot\spring-boot-starter-validation\3.4.0\580aad0cdaf9d9f862e9703a612db95846055843\spring-boot-starter-validation-3.4.0.jar;C:\Users\ASUS\.gradle\caches\modules-2\files-2.1\org.springframework.boot\spring-boot-starter-web\3.4.0\5447a62dc3dee3eadf2def23314e0db4c81bb3\spring-boot-starter-web-3.4.0.jar;C:\Users\ASUS\.gradle\caches\modules-2\files-2.1\org.springframework.boot\spring-boot-starter-oauth2-resource-server\3.4.0\758dbd8d85b29cbb132ae14b65d4c92a3c5b291c\spring-boot-starter-oauth2-resource-server-3.4.0.jar;C:\Users\ASUS\.gradle\caches\modules-2\files-2.1\org.thymeleaf.extras\thymeleaf-extras-springsecurity6\3.1.2.RELEASE\574c188eb147191e2f162419e9fc780fcf3256d7\thymeleaf-extras-springsecurity6-3.1.2.RELEASE.jar;C:\Users\ASUS\.gradle\caches\modules-2\files-2.1\org.flywaydb\flyway-mysql\10.20.1\9db1410ab7d3b97b5e6f4e363945e12478cbcd39\flyway-mysql-10.20.1.jar;C:\Users\ASUS\.gradle\caches\modules-2\files-2.1\org.flywaydb\flyway-core\10.20.1\27c35cad285433947ef986c615ce2742f69145de\flyway-cor
Launcher Type: SUN_STANDARD

[Global flags]
     intx CICompilerCount                          = 4                                         {product} {ergonomic}
     uint ConcGCThreads                            = 2                                         {product} {ergonomic}
     uint G1ConcRefinementThreads                  = 8                                         {product} {ergonomic}
   size_t G1HeapRegionSize                         = 1048576                                   {product} {ergonomic}
    uintx GCDrainStackTargetSize                   = 64                                        {product} {ergonomic}
   size_t InitialHeapSize                          = 130023424                                 {product} {ergonomic}
     bool ManagementServer                         = true                                      {product} {command line}
   size_t MarkStackSize                            = 4194304                                   {product} {ergonomic}
   size_t MaxHeapSize                              = 2067791872                                {product} {ergonomic}
   size_t MaxNewSize                               = 1240465408                                {product} {ergonomic}
   size_t MinHeapDeltaBytes                        = 1048576                                   {product} {ergonomic}
   size_t MinHeapSize                              = 8388608                                   {product} {ergonomic}
    uintx NonNMethodCodeHeapSize                   = 5839372                                {pd product} {ergonomic}
    uintx NonProfiledCodeHeapSize                  = 122909434                              {pd product} {ergonomic}
    uintx ProfiledCodeHeapSize                     = 122909434                              {pd product} {ergonomic}
    uintx ReservedCodeCacheSize                    = 251658240                              {pd product} {ergonomic}
     bool SegmentedCodeCache                       = true                                      {product} {ergonomic}
     bool ShowCodeDetailsInExceptionMessages       = true                                   {manageable} {command line}
   size_t SoftMaxHeapSize                          = 2067791872                             {manageable} {ergonomic}
     bool UseCompressedClassPointers               = true                           {product lp64_product} {ergonomic}
     bool UseCompressedOops                        = true                           {product lp64_product} {ergonomic}
     bool UseG1GC                                  = true                                      {product} {ergonomic}
     bool UseLargePagesIndividualAllocation        = false                                  {pd product} {ergonomic}

Logging:
Log output configuration:
 #0: stdout all=warning uptime,level,tags
 #1: stderr all=off uptime,level,tags

Environment Variables:
JAVA_HOME=D:\downApp
PATH=C:\Program Files\Common Files\Oracle\Java\javapath;D:\downApp\Scripts\;D:\downApp\;C:\Program Files\Microsoft MPI\Bin\;C:\Program Files (x86)\Common Files\Oracle\Java\javapath;C:\Windows\system32;C:\Windows;C:\Windows\System32\Wbem;C:\Windows\System32\WindowsPowerShell\v1.0\;C:\Windows\System32\OpenSSH\;C:\Program Files (x86)\NVIDIA Corporation\PhysX\Common;C:\Program Files\NVIDIA Corporation\NVIDIA NvDLISR;C:\WINDOWS\system32;C:\WINDOWS;C:\WINDOWS\System32\Wbem;C:\WINDOWS\System32\WindowsPowerShell\v1.0\;C:\WINDOWS\System32\OpenSSH\;C:\MinGW\bin;C:\Program Files\dotnet\;C:\Program Files\Microsoft SQL Server\150\Tools\Binn\;C:\Program Files\Microsoft SQL Server\Client SDK\ODBC\170\Tools\Binn\;C:\Program Files (x86)\Microsoft SQL Server\150\Tools\Binn\;C:\Program Files\Microsoft SQL Server\150\DTS\Binn\;C:\Program Files\Azure Data Studio\bin;C:\WINDOWS\system32;C:\WINDOWS;C:\WINDOWS\System32\Wbem;C:\WINDOWS\System32\WindowsPowerShell\v1.0\;C:\WINDOWS\System32\OpenSSH\;C:\laragon\bin\php\php-8.1.10-Win32-vs16-x64;D:\Git\Git\cmd;D:\laragon\laragon\bin\php\php-8.1.10-Win32-vs16-x64;D:\laragon\laragon;C:\Program Files (x86)\Microsoft SQL Server\160\Tools\Binn\;C:\Program Files\Microsoft SQL Server\160\Tools\Binn\;C:\Program Files\Microsoft SQL Server\160\DTS\Binn\;C:\Program Files\Java\apache-maven-3.9.9\bin;C:\Program Files\MySQL\MySQL Shell 8.0\bin\;C:\Users\ASUS\AppData\Local\Programs\Python\Python312\Scripts\;C:\Users\ASUS\AppData\Local\Programs\Python\Python312\;C:\Users\ASUS\AppData\Local\Programs\Python\Python311\Scripts\;C:\Users\ASUS\AppData\Local\Programs\Python\Python311\;D:\python\Scripts\;D:\python\;C:\Users\ASUS\AppData\Local\Microsoft\WindowsApps;D:\Microsoft VS Code\bin;C:\Program Files (x86)\Dev-Cpp\MinGW64\bin;C:\msys64\mingw64\bin;C:\Users\ASUS\.dotnet\tools;C:\Program Files\Azure Data Studio\bin;C:\Users\ASUS\AppData\Local\JetBrains\Toolbox\scripts;C:\Users\ASUS\AppData\Roaming\Composer\vendor\bin;C:\Users\ASUS\AppData\Local\Microsoft\WindowsApps;D:
USERNAME=ASUS
LANG=en_US.UTF-8
OS=Windows_NT
PROCESSOR_IDENTIFIER=Intel64 Family 6 Model 140 Stepping 1, GenuineIntel



---------------  S Y S T E M  ---------------

OS:
 Windows 11 , 64 bit Build 22621 (10.0.22621.5415)
OS uptime: 0 days 23:56 hours
Hyper-V role detected

CPU: total 8 (initial active 8) (4 cores per cpu, 2 threads per core) family 6 model 140 stepping 1 microcode 0x86, cx8, cmov, fxsr, ht, mmx, 3dnowpref, sse, sse2, sse3, ssse3, sse4.1, sse4.2, popcnt, lzcnt, tsc, tscinvbit, avx, avx2, aes, erms, clmul, bmi1, bmi2, adx, avx512f, avx512dq, avx512cd, avx512bw, avx512vl, sha, fma, vzeroupper, avx512_vpopcntdq, avx512_vpclmulqdq, avx512_vaes, avx512_vnni, clflush, clflushopt, clwb, avx512_vbmi2, avx512_vbmi, hv

Memory: 4k page, system-wide physical 7883M (286M free)
TotalPageFile size 28638M (AvailPageFile size 3M)
current process WorkingSet (physical memory assigned to process): 418M, peak: 419M
current process commit charge ("private bytes"): 459M, peak: 462M

vm_info: Java HotSpot(TM) 64-Bit Server VM (17.0.9+11-LTS-201) for windows-amd64 JRE (17.0.9+11-LTS-201), built on Oct 10 2023 23:16:06 by "mach5one" with MS VC++ 17.1 (VS2022)

END.
