#
# There is insufficient memory for the Java Runtime Environment to continue.
# Native memory allocation (malloc) failed to allocate 320976 bytes for Chunk::new
# Possible reasons:
#   The system is out of physical RAM or swap space
#   The process is running with CompressedOops enabled, and the Java Heap may be blocking the growth of the native heap
# Possible solutions:
#   Reduce memory load on the system
#   Increase physical memory or swap space
#   Check if swap backing store is full
#   Decrease Java heap size (-Xmx/-Xms)
#   Decrease number of Java threads
#   Decrease Java thread stack sizes (-Xss)
#   Set larger code cache with -XX:ReservedCodeCacheSize=
#   JVM is running with Unscaled Compressed Oops mode in which the Java heap is
#     placed in the first 4GB address space. The Java Heap base address is the
#     maximum limit for the native heap growth. Please use -XX:HeapBaseMinAddress
#     to set the Java Heap base and to place the Java Heap above 4GB virtual address.
# This output file may be truncated or incomplete.
#
#  Out of Memory Error (arena.cpp:189), pid=29840, tid=24116
#
# JRE version: Java(TM) SE Runtime Environment (17.0.9+11) (build 17.0.9+11-LTS-201)
# Java VM: Java HotSpot(TM) 64-Bit Server VM (17.0.9+11-LTS-201, mixed mode, sharing, tiered, compressed oops, compressed class ptrs, g1 gc, windows-amd64)
# No core dump will be written. Minidumps are not enabled by default on client versions of Windows
#

---------------  S U M M A R Y ------------

Command Line: -XX:+ShowCodeDetailsInExceptionMessages -Dspring.jmx.enabled=true -Dmanagement.endpoints.jmx.exposure.include=* -Dspring.application.admin.enabled=true -Dspring.boot.project.name=LMS_DoAn -Djava.rmi.server.hostname=localhost -Dcom.sun.management.jmxremote.port=45556 -Dcom.sun.management.jmxremote.authenticate=false -Dcom.sun.management.jmxremote.ssl=false vn.doan.lms.LMSApplication

Host: 11th Gen Intel(R) Core(TM) i7-11370H @ 3.30GHz, 8 cores, 7G,  Windows 11 , 64 bit Build 22621 (10.0.22621.5262)
Time: Sat Jun  7 15:49:45 2025 SE Asia Standard Time elapsed time: 194.705680 seconds (0d 0h 3m 14s)

---------------  T H R E A D  ---------------

Current thread (0x000001d77fb11c60):  JavaThread "C2 CompilerThread0" daemon [_thread_in_native, id=24116, stack(0x000000a79b500000,0x000000a79b600000)]


Current CompileTask:
C2: 194706 11810       4       org.springframework.core.annotation.TypeMappedAnnotation::adapt (355 bytes)

Stack: [0x000000a79b500000,0x000000a79b600000]
Native frames: (J=compiled Java code, j=interpreted, Vv=VM code, C=native code)
V  [jvm.dll+0x678a4a]
V  [jvm.dll+0x7d9cfd]
V  [jvm.dll+0x7db60e]
V  [jvm.dll+0x7dbc73]
V  [jvm.dll+0x245e1f]
V  [jvm.dll+0xaaafb]
V  [jvm.dll+0xab09c]
V  [jvm.dll+0x2ab7ef]
V  [jvm.dll+0x5812e5]
V  [jvm.dll+0x220c52]
V  [jvm.dll+0x219850]
V  [jvm.dll+0x217459]
V  [jvm.dll+0x1a3bc0]
V  [jvm.dll+0x2272de]
V  [jvm.dll+0x22548b]
V  [jvm.dll+0x78f58c]
V  [jvm.dll+0x78998a]
V  [jvm.dll+0x677875]
C  [ucrtbase.dll+0x29333]
C  [KERNEL32.DLL+0x1259d]
C  [ntdll.dll+0x5af58]


---------------  P R O C E S S  ---------------

Threads class SMR info:
_java_thread_list=0x000001d74bae6fc0, length=38, elements={
0x000001d77faf8860, 0x000001d77faf9220, 0x000001d77fb0e170, 0x000001d77fb0eb30,
0x000001d77fb0f4f0, 0x000001d77fb10ec0, 0x000001d77fb11c60, 0x000001d77fb12710,
0x000001d77fb13110, 0x000001d77fadec20, 0x000001d7471110e0, 0x000001d7476e2c70,
0x000001d7476fa990, 0x000001d7476e81b0, 0x000001d748b9d040, 0x000001d74954d4c0,
0x000001d7484aa100, 0x000001d7484aa610, 0x000001d7484aab20, 0x000001d7484ab030,
0x000001d7484a8cc0, 0x000001d7484a91d0, 0x000001d7484ab540, 0x000001d7494ce390,
0x000001d7494cf7d0, 0x000001d7494cfce0, 0x000001d7494ca6d0, 0x000001d7494d01f0,
0x000001d7494cca40, 0x000001d7494cbb10, 0x000001d7494cabe0, 0x000001d7494d0700,
0x000001d7494cb600, 0x000001d7494cde80, 0x000001d7494c9290, 0x000001d7494cf2c0,
0x000001d7494cb0f0, 0x000001d7494cc020
}

Java Threads: ( => current thread )
  0x000001d77faf8860 JavaThread "Reference Handler" daemon [_thread_blocked, id=1760, stack(0x000000a79af00000,0x000000a79b000000)]
  0x000001d77faf9220 JavaThread "Finalizer" daemon [_thread_blocked, id=9884, stack(0x000000a79b000000,0x000000a79b100000)]
  0x000001d77fb0e170 JavaThread "Signal Dispatcher" daemon [_thread_blocked, id=19348, stack(0x000000a79b100000,0x000000a79b200000)]
  0x000001d77fb0eb30 JavaThread "Attach Listener" daemon [_thread_blocked, id=28464, stack(0x000000a79b200000,0x000000a79b300000)]
  0x000001d77fb0f4f0 JavaThread "Service Thread" daemon [_thread_blocked, id=22344, stack(0x000000a79b300000,0x000000a79b400000)]
  0x000001d77fb10ec0 JavaThread "Monitor Deflation Thread" daemon [_thread_blocked, id=16396, stack(0x000000a79b400000,0x000000a79b500000)]
=>0x000001d77fb11c60 JavaThread "C2 CompilerThread0" daemon [_thread_in_native, id=24116, stack(0x000000a79b500000,0x000000a79b600000)]
  0x000001d77fb12710 JavaThread "C1 CompilerThread0" daemon [_thread_blocked, id=13820, stack(0x000000a79b600000,0x000000a79b700000)]
  0x000001d77fb13110 JavaThread "Sweeper thread" daemon [_thread_blocked, id=29344, stack(0x000000a79b700000,0x000000a79b800000)]
  0x000001d77fadec20 JavaThread "Common-Cleaner" daemon [_thread_blocked, id=6340, stack(0x000000a79b800000,0x000000a79b900000)]
  0x000001d7471110e0 JavaThread "Notification Thread" daemon [_thread_blocked, id=1620, stack(0x000000a79b900000,0x000000a79ba00000)]
  0x000001d7476e2c70 JavaThread "RMI TCP Accept-0" daemon [_thread_in_native, id=29644, stack(0x000000a79ba00000,0x000000a79bb00000)]
  0x000001d7476fa990 JavaThread "RMI TCP Accept-45556" daemon [_thread_in_native, id=17564, stack(0x000000a79bb00000,0x000000a79bc00000)]
  0x000001d7476e81b0 JavaThread "RMI TCP Accept-0" daemon [_thread_in_native, id=19612, stack(0x000000a79bc00000,0x000000a79bd00000)]
  0x000001d748b9d040 JavaThread "RMI TCP Connection(idle)" daemon [_thread_blocked, id=31208, stack(0x000000a79ca00000,0x000000a79cb00000)]
  0x000001d74954d4c0 JavaThread "RMI Scheduler(0)" daemon [_thread_blocked, id=22436, stack(0x000000a79cb00000,0x000000a79cc00000)]
  0x000001d7484aa100 JavaThread "RMI TCP Connection(4)-127.0.0.1" daemon [_thread_in_native, id=24204, stack(0x000000a79cd00000,0x000000a79ce00000)]
  0x000001d7484aa610 JavaThread "JMX server connection timeout 28" daemon [_thread_blocked, id=11068, stack(0x000000a79c700000,0x000000a79c800000)]
  0x000001d7484aab20 JavaThread "Catalina-utility-1" [_thread_blocked, id=8960, stack(0x000000a79ce00000,0x000000a79cf00000)]
  0x000001d7484ab030 JavaThread "Catalina-utility-2" [_thread_blocked, id=18208, stack(0x000000a79cf00000,0x000000a79d000000)]
  0x000001d7484a8cc0 JavaThread "container-0" [_thread_blocked, id=25084, stack(0x000000a79d000000,0x000000a79d100000)]
  0x000001d7484a91d0 JavaThread "mysql-cj-abandoned-connection-cleanup" daemon [_thread_blocked, id=30500, stack(0x000000a79d100000,0x000000a79d200000)]
  0x000001d7484ab540 JavaThread "HikariPool-1 housekeeper" daemon [_thread_blocked, id=4460, stack(0x000000a79d300000,0x000000a79d400000)]
  0x000001d7494ce390 JavaThread "File Watcher" daemon [_thread_blocked, id=28380, stack(0x000000a79d400000,0x000000a79d500000)]
  0x000001d7494cf7d0 JavaThread "Live Reload Server" daemon [_thread_in_native, id=15832, stack(0x000000a79d600000,0x000000a79d700000)]
  0x000001d7494cfce0 JavaThread "http-nio-8080-exec-1" daemon [_thread_blocked, id=9848, stack(0x000000a79d500000,0x000000a79d600000)]
  0x000001d7494ca6d0 JavaThread "http-nio-8080-exec-2" daemon [_thread_blocked, id=14068, stack(0x000000a79d700000,0x000000a79d800000)]
  0x000001d7494d01f0 JavaThread "http-nio-8080-exec-3" daemon [_thread_blocked, id=24168, stack(0x000000a79d800000,0x000000a79d900000)]
  0x000001d7494cca40 JavaThread "http-nio-8080-exec-4" daemon [_thread_blocked, id=21328, stack(0x000000a79d900000,0x000000a79da00000)]
  0x000001d7494cbb10 JavaThread "http-nio-8080-exec-5" daemon [_thread_blocked, id=15472, stack(0x000000a79da00000,0x000000a79db00000)]
  0x000001d7494cabe0 JavaThread "http-nio-8080-exec-6" daemon [_thread_blocked, id=15784, stack(0x000000a79db00000,0x000000a79dc00000)]
  0x000001d7494d0700 JavaThread "http-nio-8080-exec-7" daemon [_thread_blocked, id=29340, stack(0x000000a79dc00000,0x000000a79dd00000)]
  0x000001d7494cb600 JavaThread "http-nio-8080-exec-8" daemon [_thread_blocked, id=15776, stack(0x000000a79dd00000,0x000000a79de00000)]
  0x000001d7494cde80 JavaThread "http-nio-8080-exec-9" daemon [_thread_blocked, id=16368, stack(0x000000a79de00000,0x000000a79df00000)]
  0x000001d7494c9290 JavaThread "http-nio-8080-exec-10" daemon [_thread_blocked, id=15748, stack(0x000000a79df00000,0x000000a79e000000)]
  0x000001d7494cf2c0 JavaThread "http-nio-8080-Poller" daemon [_thread_in_native, id=19660, stack(0x000000a79e000000,0x000000a79e100000)]
  0x000001d7494cb0f0 JavaThread "http-nio-8080-Acceptor" daemon [_thread_in_native, id=10788, stack(0x000000a79e100000,0x000000a79e200000)]
  0x000001d7494cc020 JavaThread "DestroyJavaVM" [_thread_blocked, id=25224, stack(0x000000a79a800000,0x000000a79a900000)]

Other Threads:
  0x000001d77faf0700 VMThread "VM Thread" [stack: 0x000000a79ae00000,0x000000a79af00000] [id=12828]
  0x000001d7476f2580 WatcherThread [stack: 0x000000a79bd00000,0x000000a79be00000] [id=26788]
  0x000001d763c40d10 GCTaskThread "GC Thread#0" [stack: 0x000000a79a900000,0x000000a79aa00000] [id=15480]
  0x000001d747fd5870 GCTaskThread "GC Thread#1" [stack: 0x000000a79be00000,0x000000a79bf00000] [id=5136]
  0x000001d748008d20 GCTaskThread "GC Thread#2" [stack: 0x000000a79bf00000,0x000000a79c000000] [id=4536]
  0x000001d747b3cc00 GCTaskThread "GC Thread#3" [stack: 0x000000a79c000000,0x000000a79c100000] [id=5740]
  0x000001d747e96e10 GCTaskThread "GC Thread#4" [stack: 0x000000a79c100000,0x000000a79c200000] [id=29196]
  0x000001d747b0a4b0 GCTaskThread "GC Thread#5" [stack: 0x000000a79c200000,0x000000a79c300000] [id=25088]
  0x000001d74800c8d0 GCTaskThread "GC Thread#6" [stack: 0x000000a79c300000,0x000000a79c400000] [id=19240]
  0x000001d7480f0500 GCTaskThread "GC Thread#7" [stack: 0x000000a79c800000,0x000000a79c900000] [id=8680]
  0x000001d763c512e0 ConcurrentGCThread "G1 Main Marker" [stack: 0x000000a79aa00000,0x000000a79ab00000] [id=7156]
  0x000001d763c51cf0 ConcurrentGCThread "G1 Conc#0" [stack: 0x000000a79ab00000,0x000000a79ac00000] [id=28940]
  0x000001d7482e9e10 ConcurrentGCThread "G1 Conc#1" [stack: 0x000000a79c900000,0x000000a79ca00000] [id=22248]
  0x000001d77f9ac110 ConcurrentGCThread "G1 Refine#0" [stack: 0x000000a79ac00000,0x000000a79ad00000] [id=25856]
  0x000001d74800cb90 ConcurrentGCThread "G1 Refine#1" [stack: 0x000000a79c400000,0x000000a79c500000] [id=28212]
  0x000001d77f9acb40 ConcurrentGCThread "G1 Service" [stack: 0x000000a79ad00000,0x000000a79ae00000] [id=26352]

Threads with active compile tasks:
C2 CompilerThread0   194752 11810       4       org.springframework.core.annotation.TypeMappedAnnotation::adapt (355 bytes)

VM state: not at safepoint (normal execution)

VM Mutex/Monitor currently owned by a thread: None

Heap address: 0x0000000084c00000, size: 1972 MB, Compressed Oops mode: 32-bit

CDS archive(s) mapped at: [0x000001d702000000-0x000001d702bd0000-0x000001d702bd0000), size 12386304, SharedBaseAddress: 0x000001d702000000, ArchiveRelocationMode: 1.
Compressed class space mapped at: 0x000001d703000000-0x000001d743000000, reserved size: 1073741824
Narrow klass base: 0x000001d702000000, Narrow klass shift: 0, Narrow klass range: 0x100000000

GC Precious Log:
 CPUs: 8 total, 8 available
 Memory: 7883M
 Large Page Support: Disabled
 NUMA Support: Disabled
 Compressed Oops: Enabled (32-bit)
 Heap Region Size: 1M
 Heap Min Capacity: 8M
 Heap Initial Capacity: 124M
 Heap Max Capacity: 1972M
 Pre-touch: Disabled
 Parallel Workers: 8
 Concurrent Workers: 2
 Concurrent Refinement Workers: 8
 Periodic GC: Disabled

Heap:
 garbage-first heap   total 126976K, used 75784K [0x0000000084c00000, 0x0000000100000000)
  region size 1024K, 30 young (30720K), 3 survivors (3072K)
 Metaspace       used 92491K, committed 93184K, reserved 1179648K
  class space    used 12625K, committed 12992K, reserved 1048576K

Heap Regions: E=young(eden), S=young(survivor), O=old, HS=humongous(starts), HC=humongous(continues), CS=collection set, F=free, OA=open archive, CA=closed archive, TAMS=top-at-mark-start (previous, next)
|   0|0x0000000084c00000, 0x0000000084d00000, 0x0000000084d00000|100%|HS|  |TAMS 0x0000000084d00000, 0x0000000084c00000| Complete 
|   1|0x0000000084d00000, 0x0000000084e00000, 0x0000000084e00000|100%| O|  |TAMS 0x0000000084e00000, 0x0000000084d00000| Untracked 
|   2|0x0000000084e00000, 0x0000000084f00000, 0x0000000084f00000|100%| O|  |TAMS 0x0000000084f00000, 0x0000000084e00000| Untracked 
|   3|0x0000000084f00000, 0x0000000085000000, 0x0000000085000000|100%| O|  |TAMS 0x0000000085000000, 0x0000000084f00000| Untracked 
|   4|0x0000000085000000, 0x0000000085100000, 0x0000000085100000|100%| O|  |TAMS 0x0000000085100000, 0x0000000085000000| Untracked 
|   5|0x0000000085100000, 0x0000000085200000, 0x0000000085200000|100%| O|  |TAMS 0x0000000085200000, 0x0000000085100000| Untracked 
|   6|0x0000000085200000, 0x0000000085300000, 0x0000000085300000|100%| O|  |TAMS 0x0000000085300000, 0x0000000085200000| Untracked 
|   7|0x0000000085300000, 0x0000000085400000, 0x0000000085400000|100%| O|  |TAMS 0x0000000085400000, 0x0000000085300000| Untracked 
|   8|0x0000000085400000, 0x0000000085500000, 0x0000000085500000|100%| O|  |TAMS 0x0000000085500000, 0x0000000085400000| Untracked 
|   9|0x0000000085500000, 0x0000000085600000, 0x0000000085600000|100%| O|  |TAMS 0x0000000085600000, 0x0000000085500000| Untracked 
|  10|0x0000000085600000, 0x0000000085700000, 0x0000000085700000|100%| O|  |TAMS 0x0000000085700000, 0x0000000085600000| Untracked 
|  11|0x0000000085700000, 0x0000000085800000, 0x0000000085800000|100%| O|  |TAMS 0x0000000085800000, 0x0000000085700000| Untracked 
|  12|0x0000000085800000, 0x0000000085900000, 0x0000000085900000|100%| O|  |TAMS 0x0000000085900000, 0x0000000085800000| Untracked 
|  13|0x0000000085900000, 0x0000000085a00000, 0x0000000085a00000|100%| O|  |TAMS 0x0000000085a00000, 0x0000000085900000| Untracked 
|  14|0x0000000085a00000, 0x0000000085b00000, 0x0000000085b00000|100%| O|  |TAMS 0x0000000085b00000, 0x0000000085a00000| Untracked 
|  15|0x0000000085b00000, 0x0000000085bffff8, 0x0000000085c00000| 99%| O|  |TAMS 0x0000000085bffff8, 0x0000000085b00000| Untracked 
|  16|0x0000000085c00000, 0x0000000085d00000, 0x0000000085d00000|100%| O|  |TAMS 0x0000000085d00000, 0x0000000085c00000| Untracked 
|  17|0x0000000085d00000, 0x0000000085e00000, 0x0000000085e00000|100%| O|  |TAMS 0x0000000085e00000, 0x0000000085d00000| Untracked 
|  18|0x0000000085e00000, 0x0000000085f00000, 0x0000000085f00000|100%| O|  |TAMS 0x0000000085f00000, 0x0000000085e00000| Untracked 
|  19|0x0000000085f00000, 0x0000000086000000, 0x0000000086000000|100%| O|  |TAMS 0x0000000086000000, 0x0000000085f00000| Untracked 
|  20|0x0000000086000000, 0x0000000086100000, 0x0000000086100000|100%| O|  |TAMS 0x0000000086000000, 0x0000000086000000| Untracked 
|  21|0x0000000086100000, 0x0000000086200000, 0x0000000086200000|100%| O|  |TAMS 0x00000000861e9e00, 0x0000000086100000| Untracked 
|  22|0x0000000086200000, 0x0000000086300000, 0x0000000086300000|100%| O|  |TAMS 0x0000000086300000, 0x0000000086200000| Untracked 
|  23|0x0000000086300000, 0x0000000086400000, 0x0000000086400000|100%| O|  |TAMS 0x0000000086400000, 0x0000000086300000| Untracked 
|  24|0x0000000086400000, 0x0000000086500000, 0x0000000086500000|100%| O|  |TAMS 0x0000000086500000, 0x0000000086400000| Untracked 
|  25|0x0000000086500000, 0x0000000086600000, 0x0000000086600000|100%| O|  |TAMS 0x0000000086600000, 0x0000000086500000| Untracked 
|  26|0x0000000086600000, 0x0000000086700000, 0x0000000086700000|100%| O|  |TAMS 0x0000000086700000, 0x0000000086600000| Untracked 
|  27|0x0000000086700000, 0x0000000086800000, 0x0000000086800000|100%| O|  |TAMS 0x0000000086800000, 0x0000000086700000| Untracked 
|  28|0x0000000086800000, 0x0000000086900000, 0x0000000086900000|100%| O|  |TAMS 0x0000000086900000, 0x0000000086800000| Untracked 
|  29|0x0000000086900000, 0x0000000086a00000, 0x0000000086a00000|100%| O|  |TAMS 0x0000000086a00000, 0x0000000086900000| Untracked 
|  30|0x0000000086a00000, 0x0000000086b00000, 0x0000000086b00000|100%| O|  |TAMS 0x0000000086b00000, 0x0000000086a00000| Untracked 
|  31|0x0000000086b00000, 0x0000000086c00000, 0x0000000086c00000|100%| O|  |TAMS 0x0000000086c00000, 0x0000000086b00000| Untracked 
|  32|0x0000000086c00000, 0x0000000086d00000, 0x0000000086d00000|100%| O|  |TAMS 0x0000000086d00000, 0x0000000086c00000| Untracked 
|  33|0x0000000086d00000, 0x0000000086e00000, 0x0000000086e00000|100%| O|  |TAMS 0x0000000086e00000, 0x0000000086d00000| Untracked 
|  34|0x0000000086e00000, 0x0000000086f00000, 0x0000000086f00000|100%| O|  |TAMS 0x0000000086e00000, 0x0000000086e00000| Untracked 
|  35|0x0000000086f00000, 0x0000000087000000, 0x0000000087000000|100%| O|  |TAMS 0x0000000086f00000, 0x0000000086f00000| Untracked 
|  36|0x0000000087000000, 0x0000000087100000, 0x0000000087100000|100%| O|  |TAMS 0x0000000087000000, 0x0000000087000000| Untracked 
|  37|0x0000000087100000, 0x0000000087200000, 0x0000000087200000|100%| O|  |TAMS 0x0000000087100000, 0x0000000087100000| Untracked 
|  38|0x0000000087200000, 0x0000000087300000, 0x0000000087300000|100%| O|  |TAMS 0x0000000087200000, 0x0000000087200000| Untracked 
|  39|0x0000000087300000, 0x0000000087400000, 0x0000000087400000|100%| O|  |TAMS 0x0000000087300000, 0x0000000087300000| Untracked 
|  40|0x0000000087400000, 0x0000000087500000, 0x0000000087500000|100%| O|  |TAMS 0x0000000087400000, 0x0000000087400000| Untracked 
|  41|0x0000000087500000, 0x0000000087600000, 0x0000000087600000|100%| O|  |TAMS 0x0000000087500000, 0x0000000087500000| Untracked 
|  42|0x0000000087600000, 0x0000000087700000, 0x0000000087700000|100%| O|  |TAMS 0x0000000087600000, 0x0000000087600000| Untracked 
|  43|0x0000000087700000, 0x0000000087800000, 0x0000000087800000|100%| O|  |TAMS 0x0000000087700000, 0x0000000087700000| Untracked 
|  44|0x0000000087800000, 0x0000000087900000, 0x0000000087900000|100%| O|  |TAMS 0x0000000087800000, 0x0000000087800000| Untracked 
|  45|0x0000000087900000, 0x000000008798f200, 0x0000000087a00000| 55%| O|  |TAMS 0x0000000087900000, 0x0000000087900000| Untracked 
|  46|0x0000000087a00000, 0x0000000087a00000, 0x0000000087b00000|  0%| F|  |TAMS 0x0000000087a00000, 0x0000000087a00000| Untracked 
|  47|0x0000000087b00000, 0x0000000087b00000, 0x0000000087c00000|  0%| F|  |TAMS 0x0000000087b00000, 0x0000000087b00000| Untracked 
|  48|0x0000000087c00000, 0x0000000087c00000, 0x0000000087d00000|  0%| F|  |TAMS 0x0000000087c00000, 0x0000000087c00000| Untracked 
|  49|0x0000000087d00000, 0x0000000087d00000, 0x0000000087e00000|  0%| F|  |TAMS 0x0000000087d00000, 0x0000000087d00000| Untracked 
|  50|0x0000000087e00000, 0x0000000087e00000, 0x0000000087f00000|  0%| F|  |TAMS 0x0000000087e00000, 0x0000000087e00000| Untracked 
|  51|0x0000000087f00000, 0x0000000087f00000, 0x0000000088000000|  0%| F|  |TAMS 0x0000000087f00000, 0x0000000087f00000| Untracked 
|  52|0x0000000088000000, 0x0000000088000000, 0x0000000088100000|  0%| F|  |TAMS 0x0000000088000000, 0x0000000088000000| Untracked 
|  53|0x0000000088100000, 0x0000000088100000, 0x0000000088200000|  0%| F|  |TAMS 0x0000000088100000, 0x0000000088100000| Untracked 
|  54|0x0000000088200000, 0x0000000088200000, 0x0000000088300000|  0%| F|  |TAMS 0x0000000088200000, 0x0000000088200000| Untracked 
|  55|0x0000000088300000, 0x0000000088300000, 0x0000000088400000|  0%| F|  |TAMS 0x0000000088300000, 0x0000000088300000| Untracked 
|  56|0x0000000088400000, 0x0000000088400000, 0x0000000088500000|  0%| F|  |TAMS 0x0000000088400000, 0x0000000088400000| Untracked 
|  57|0x0000000088500000, 0x0000000088500000, 0x0000000088600000|  0%| F|  |TAMS 0x0000000088500000, 0x0000000088500000| Untracked 
|  58|0x0000000088600000, 0x0000000088600000, 0x0000000088700000|  0%| F|  |TAMS 0x0000000088600000, 0x0000000088600000| Untracked 
|  59|0x0000000088700000, 0x0000000088700000, 0x0000000088800000|  0%| F|  |TAMS 0x0000000088700000, 0x0000000088700000| Untracked 
|  60|0x0000000088800000, 0x0000000088800000, 0x0000000088900000|  0%| F|  |TAMS 0x0000000088800000, 0x0000000088800000| Untracked 
|  61|0x0000000088900000, 0x0000000088900000, 0x0000000088a00000|  0%| F|  |TAMS 0x0000000088900000, 0x0000000088900000| Untracked 
|  62|0x0000000088a00000, 0x0000000088a00000, 0x0000000088b00000|  0%| F|  |TAMS 0x0000000088a00000, 0x0000000088a00000| Untracked 
|  63|0x0000000088b00000, 0x0000000088b00000, 0x0000000088c00000|  0%| F|  |TAMS 0x0000000088b00000, 0x0000000088b00000| Untracked 
|  64|0x0000000088c00000, 0x0000000088c72f80, 0x0000000088d00000| 44%| S|CS|TAMS 0x0000000088c00000, 0x0000000088c00000| Complete 
|  65|0x0000000088d00000, 0x0000000088e00000, 0x0000000088e00000|100%| S|CS|TAMS 0x0000000088d00000, 0x0000000088d00000| Complete 
|  66|0x0000000088e00000, 0x0000000088e00000, 0x0000000088f00000|  0%| F|  |TAMS 0x0000000088e00000, 0x0000000088e00000| Untracked 
|  67|0x0000000088f00000, 0x0000000088f00000, 0x0000000089000000|  0%| F|  |TAMS 0x0000000088f00000, 0x0000000088f00000| Untracked 
|  68|0x0000000089000000, 0x0000000089100000, 0x0000000089100000|100%| S|CS|TAMS 0x0000000089000000, 0x0000000089000000| Complete 
|  69|0x0000000089100000, 0x0000000089100000, 0x0000000089200000|  0%| F|  |TAMS 0x0000000089100000, 0x0000000089100000| Untracked 
|  70|0x0000000089200000, 0x0000000089200000, 0x0000000089300000|  0%| F|  |TAMS 0x0000000089200000, 0x0000000089200000| Untracked 
|  71|0x0000000089300000, 0x0000000089300000, 0x0000000089400000|  0%| F|  |TAMS 0x0000000089300000, 0x0000000089300000| Untracked 
|  72|0x0000000089400000, 0x0000000089400000, 0x0000000089500000|  0%| F|  |TAMS 0x0000000089400000, 0x0000000089400000| Untracked 
|  73|0x0000000089500000, 0x0000000089500000, 0x0000000089600000|  0%| F|  |TAMS 0x0000000089500000, 0x0000000089500000| Untracked 
|  74|0x0000000089600000, 0x0000000089600000, 0x0000000089700000|  0%| F|  |TAMS 0x0000000089600000, 0x0000000089600000| Untracked 
|  75|0x0000000089700000, 0x0000000089700000, 0x0000000089800000|  0%| F|  |TAMS 0x0000000089700000, 0x0000000089700000| Untracked 
|  76|0x0000000089800000, 0x0000000089800000, 0x0000000089900000|  0%| F|  |TAMS 0x0000000089800000, 0x0000000089800000| Untracked 
|  77|0x0000000089900000, 0x0000000089900000, 0x0000000089a00000|  0%| F|  |TAMS 0x0000000089900000, 0x0000000089900000| Untracked 
|  78|0x0000000089a00000, 0x0000000089a00000, 0x0000000089b00000|  0%| F|  |TAMS 0x0000000089a00000, 0x0000000089a00000| Untracked 
|  79|0x0000000089b00000, 0x0000000089b00000, 0x0000000089c00000|  0%| F|  |TAMS 0x0000000089b00000, 0x0000000089b00000| Untracked 
|  80|0x0000000089c00000, 0x0000000089c00000, 0x0000000089d00000|  0%| F|  |TAMS 0x0000000089c00000, 0x0000000089c00000| Untracked 
|  81|0x0000000089d00000, 0x0000000089d00000, 0x0000000089e00000|  0%| F|  |TAMS 0x0000000089d00000, 0x0000000089d00000| Untracked 
|  82|0x0000000089e00000, 0x0000000089e00000, 0x0000000089f00000|  0%| F|  |TAMS 0x0000000089e00000, 0x0000000089e00000| Untracked 
|  83|0x0000000089f00000, 0x0000000089f00000, 0x000000008a000000|  0%| F|  |TAMS 0x0000000089f00000, 0x0000000089f00000| Untracked 
|  84|0x000000008a000000, 0x000000008a000000, 0x000000008a100000|  0%| F|  |TAMS 0x000000008a000000, 0x000000008a000000| Untracked 
|  85|0x000000008a100000, 0x000000008a100000, 0x000000008a200000|  0%| F|  |TAMS 0x000000008a100000, 0x000000008a100000| Untracked 
|  86|0x000000008a200000, 0x000000008a200000, 0x000000008a300000|  0%| F|  |TAMS 0x000000008a200000, 0x000000008a200000| Untracked 
|  87|0x000000008a300000, 0x000000008a300000, 0x000000008a400000|  0%| F|  |TAMS 0x000000008a300000, 0x000000008a300000| Untracked 
|  88|0x000000008a400000, 0x000000008a400000, 0x000000008a500000|  0%| F|  |TAMS 0x000000008a400000, 0x000000008a400000| Untracked 
|  89|0x000000008a500000, 0x000000008a500000, 0x000000008a600000|  0%| F|  |TAMS 0x000000008a500000, 0x000000008a500000| Untracked 
|  90|0x000000008a600000, 0x000000008a600000, 0x000000008a700000|  0%| F|  |TAMS 0x000000008a600000, 0x000000008a600000| Untracked 
|  91|0x000000008a700000, 0x000000008a700000, 0x000000008a800000|  0%| F|  |TAMS 0x000000008a700000, 0x000000008a700000| Untracked 
|  92|0x000000008a800000, 0x000000008a800000, 0x000000008a900000|  0%| F|  |TAMS 0x000000008a800000, 0x000000008a800000| Untracked 
|  93|0x000000008a900000, 0x000000008a900000, 0x000000008aa00000|  0%| F|  |TAMS 0x000000008a900000, 0x000000008a900000| Untracked 
|  94|0x000000008aa00000, 0x000000008aa00000, 0x000000008ab00000|  0%| F|  |TAMS 0x000000008aa00000, 0x000000008aa00000| Untracked 
|  95|0x000000008ab00000, 0x000000008ab00000, 0x000000008ac00000|  0%| F|  |TAMS 0x000000008ab00000, 0x000000008ab00000| Untracked 
|  96|0x000000008ac00000, 0x000000008ac00000, 0x000000008ad00000|  0%| F|  |TAMS 0x000000008ac00000, 0x000000008ac00000| Untracked 
|  97|0x000000008ad00000, 0x000000008ad2f1b8, 0x000000008ae00000| 18%| E|  |TAMS 0x000000008ad00000, 0x000000008ad00000| Complete 
|  98|0x000000008ae00000, 0x000000008af00000, 0x000000008af00000|100%| E|CS|TAMS 0x000000008ae00000, 0x000000008ae00000| Complete 
|  99|0x000000008af00000, 0x000000008b000000, 0x000000008b000000|100%| E|CS|TAMS 0x000000008af00000, 0x000000008af00000| Complete 
| 100|0x000000008b000000, 0x000000008b100000, 0x000000008b100000|100%| E|CS|TAMS 0x000000008b000000, 0x000000008b000000| Complete 
| 101|0x000000008b100000, 0x000000008b200000, 0x000000008b200000|100%| E|CS|TAMS 0x000000008b100000, 0x000000008b100000| Complete 
| 102|0x000000008b200000, 0x000000008b300000, 0x000000008b300000|100%| E|CS|TAMS 0x000000008b200000, 0x000000008b200000| Complete 
| 103|0x000000008b300000, 0x000000008b400000, 0x000000008b400000|100%| E|CS|TAMS 0x000000008b300000, 0x000000008b300000| Complete 
| 104|0x000000008b400000, 0x000000008b500000, 0x000000008b500000|100%| E|CS|TAMS 0x000000008b400000, 0x000000008b400000| Complete 
| 105|0x000000008b500000, 0x000000008b600000, 0x000000008b600000|100%| E|CS|TAMS 0x000000008b500000, 0x000000008b500000| Complete 
| 106|0x000000008b600000, 0x000000008b700000, 0x000000008b700000|100%| E|CS|TAMS 0x000000008b600000, 0x000000008b600000| Complete 
| 107|0x000000008b700000, 0x000000008b800000, 0x000000008b800000|100%| E|CS|TAMS 0x000000008b700000, 0x000000008b700000| Complete 
| 108|0x000000008b800000, 0x000000008b900000, 0x000000008b900000|100%| E|CS|TAMS 0x000000008b800000, 0x000000008b800000| Complete 
| 109|0x000000008b900000, 0x000000008ba00000, 0x000000008ba00000|100%| E|CS|TAMS 0x000000008b900000, 0x000000008b900000| Complete 
| 110|0x000000008ba00000, 0x000000008bb00000, 0x000000008bb00000|100%| E|CS|TAMS 0x000000008ba00000, 0x000000008ba00000| Complete 
| 111|0x000000008bb00000, 0x000000008bc00000, 0x000000008bc00000|100%| E|CS|TAMS 0x000000008bb00000, 0x000000008bb00000| Complete 
| 112|0x000000008bc00000, 0x000000008bd00000, 0x000000008bd00000|100%| E|CS|TAMS 0x000000008bc00000, 0x000000008bc00000| Complete 
| 113|0x000000008bd00000, 0x000000008be00000, 0x000000008be00000|100%| E|CS|TAMS 0x000000008bd00000, 0x000000008bd00000| Complete 
| 114|0x000000008be00000, 0x000000008bf00000, 0x000000008bf00000|100%| E|CS|TAMS 0x000000008be00000, 0x000000008be00000| Complete 
| 115|0x000000008bf00000, 0x000000008c000000, 0x000000008c000000|100%| E|CS|TAMS 0x000000008bf00000, 0x000000008bf00000| Complete 
| 116|0x000000008c000000, 0x000000008c100000, 0x000000008c100000|100%| E|CS|TAMS 0x000000008c000000, 0x000000008c000000| Complete 
| 117|0x000000008c100000, 0x000000008c200000, 0x000000008c200000|100%| E|CS|TAMS 0x000000008c100000, 0x000000008c100000| Complete 
| 118|0x000000008c200000, 0x000000008c300000, 0x000000008c300000|100%| E|CS|TAMS 0x000000008c200000, 0x000000008c200000| Complete 
| 119|0x000000008c300000, 0x000000008c400000, 0x000000008c400000|100%| E|CS|TAMS 0x000000008c300000, 0x000000008c300000| Complete 
| 120|0x000000008c400000, 0x000000008c500000, 0x000000008c500000|100%| E|CS|TAMS 0x000000008c400000, 0x000000008c400000| Complete 
| 121|0x000000008c500000, 0x000000008c600000, 0x000000008c600000|100%| E|CS|TAMS 0x000000008c500000, 0x000000008c500000| Complete 
| 122|0x000000008c600000, 0x000000008c700000, 0x000000008c700000|100%| E|CS|TAMS 0x000000008c600000, 0x000000008c600000| Complete 
| 123|0x000000008c700000, 0x000000008c800000, 0x000000008c800000|100%| E|CS|TAMS 0x000000008c700000, 0x000000008c700000| Complete 

Card table byte_map: [0x000001d77ab80000,0x000001d77af60000] _byte_map_base: 0x000001d77a75a000

Marking Bits (Prev, Next): (CMBitMap*) 0x000001d763c41330, (CMBitMap*) 0x000001d763c41370
 Prev Bits: [0x000001d77b340000, 0x000001d77d210000)
 Next Bits: [0x000001d77d210000, 0x000001d77f0e0000)

Polling page: 0x000001d763390000

Metaspace:

Usage:
  Non-class:     77.99 MB used.
      Class:     12.33 MB used.
       Both:     90.32 MB used.

Virtual space:
  Non-class space:      128.00 MB reserved,      78.31 MB ( 61%) committed,  2 nodes.
      Class space:        1.00 GB reserved,      12.69 MB (  1%) committed,  1 nodes.
             Both:        1.12 GB reserved,      91.00 MB (  8%) committed. 

Chunk freelists:
   Non-Class:  1.63 MB
       Class:  3.19 MB
        Both:  4.81 MB

MaxMetaspaceSize: unlimited
CompressedClassSpaceSize: 1.00 GB
Initial GC threshold: 21.00 MB
Current GC threshold: 120.00 MB
CDS: on
MetaspaceReclaimPolicy: balanced
 - commit_granule_bytes: 65536.
 - commit_granule_words: 8192.
 - virtual_space_node_default_size: 8388608.
 - enlarge_chunks_in_place: 1.
 - new_chunks_are_fully_committed: 0.
 - uncommit_free_chunks: 1.
 - use_allocation_guard: 0.
 - handle_deallocations: 1.


Internal statistics:

num_allocs_failed_limit: 6.
num_arena_births: 1116.
num_arena_deaths: 0.
num_vsnodes_births: 3.
num_vsnodes_deaths: 0.
num_space_committed: 1456.
num_space_uncommitted: 0.
num_chunks_returned_to_freelist: 6.
num_chunks_taken_from_freelist: 4471.
num_chunk_merges: 3.
num_chunk_splits: 3133.
num_chunks_enlarged: 2379.
num_inconsistent_stats: 0.

CodeHeap 'non-profiled nmethods': size=120000Kb used=7149Kb max_used=7149Kb free=112851Kb
 bounds [0x000001d772f30000, 0x000001d773630000, 0x000001d77a460000]
CodeHeap 'profiled nmethods': size=120000Kb used=19832Kb max_used=19832Kb free=100167Kb
 bounds [0x000001d76b460000, 0x000001d76c7c0000, 0x000001d772990000]
CodeHeap 'non-nmethods': size=5760Kb used=1407Kb max_used=1505Kb free=4352Kb
 bounds [0x000001d772990000, 0x000001d772c00000, 0x000001d772f30000]
 total_blobs=11036 nmethods=10296 adapters=651
 compilation: enabled
              stopped_count=0, restarted_count=0
 full_count=0

Compilation events (20 events):
Event: 194.676 Thread 0x000001d77fb12710 11815       1       org.hibernate.query.sqm.tree.domain.AbstractSqmFrom::getExplicitAlias (5 bytes)
Event: 194.676 Thread 0x000001d77fb12710 nmethod 11815 0x000001d77362a810 code [0x000001d77362a9a0, 0x000001d77362aa78]
Event: 194.681 Thread 0x000001d77fb12710 11816       3       org.hibernate.engine.spi.SessionFactoryImplementor::getMappingMetamodel (12 bytes)
Event: 194.681 Thread 0x000001d77fb12710 nmethod 11816 0x000001d76c7bc390 code [0x000001d76c7bc540, 0x000001d76c7bc718]
Event: 194.681 Thread 0x000001d77fb12710 11817       3       org.hibernate.type.descriptor.java.JavaType::isInstance (11 bytes)
Event: 194.681 Thread 0x000001d77fb12710 nmethod 11817 0x000001d76c7bc890 code [0x000001d76c7bca40, 0x000001d76c7bcc48]
Event: 194.682 Thread 0x000001d77fb12710 11818       1       org.hibernate.persister.entity.AbstractEntityPersister::canReadFromCache (5 bytes)
Event: 194.682 Thread 0x000001d77fb12710 nmethod 11818 0x000001d77362ab10 code [0x000001d77362aca0, 0x000001d77362ad78]
Event: 194.689 Thread 0x000001d77fb12710 11819       1       java.nio.charset.Charset::name (5 bytes)
Event: 194.689 Thread 0x000001d77fb12710 nmethod 11819 0x000001d77362ae10 code [0x000001d77362afa0, 0x000001d77362b078]
Event: 194.690 Thread 0x000001d77fb12710 11820       3       org.apache.coyote.http11.Http11OutputBuffer::checkLengthBeforeWrite (39 bytes)
Event: 194.690 Thread 0x000001d77fb12710 nmethod 11820 0x000001d76c7bcd10 code [0x000001d76c7bcee0, 0x000001d76c7bd198]
Event: 194.690 Thread 0x000001d77fb12710 11821       3       java.nio.ByteBuffer::hasArray (20 bytes)
Event: 194.690 Thread 0x000001d77fb12710 nmethod 11821 0x000001d76c7bd310 code [0x000001d76c7bd4a0, 0x000001d76c7bd658]
Event: 194.691 Thread 0x000001d77fb12710 11822       3       io.micrometer.core.instrument.Tags::equals (37 bytes)
Event: 194.691 Thread 0x000001d77fb12710 nmethod 11822 0x000001d76c7bd710 code [0x000001d76c7bd8c0, 0x000001d76c7bdc68]
Event: 194.692 Thread 0x000001d77fb12710 11823       3       org.apache.catalina.connector.Request::removeAttribute (66 bytes)
Event: 194.692 Thread 0x000001d77fb12710 nmethod 11823 0x000001d76c7bdd90 code [0x000001d76c7bdfa0, 0x000001d76c7be598]
Event: 194.692 Thread 0x000001d77fb12710 11824       1       io.micrometer.observation.transport.ReceiverContext::getCarrier (5 bytes)
Event: 194.692 Thread 0x000001d77fb12710 nmethod 11824 0x000001d77362b110 code [0x000001d77362b2a0, 0x000001d77362b378]

GC Heap History (20 events):
Event: 16.360 GC heap before
{Heap before GC invocations=40 (full 0):
 garbage-first heap   total 63488K, used 51850K [0x0000000084c00000, 0x0000000100000000)
  region size 1024K, 18 young (18432K), 2 survivors (2048K)
 Metaspace       used 72762K, committed 73344K, reserved 1114112K
  class space    used 9797K, committed 10048K, reserved 1048576K
}
Event: 16.365 GC heap after
{Heap after GC invocations=41 (full 0):
 garbage-first heap   total 63488K, used 35835K [0x0000000084c00000, 0x0000000100000000)
  region size 1024K, 2 young (2048K), 2 survivors (2048K)
 Metaspace       used 72762K, committed 73344K, reserved 1114112K
  class space    used 9797K, committed 10048K, reserved 1048576K
}
Event: 16.558 GC heap before
{Heap before GC invocations=42 (full 0):
 garbage-first heap   total 71680K, used 52219K [0x0000000084c00000, 0x0000000100000000)
  region size 1024K, 18 young (18432K), 2 survivors (2048K)
 Metaspace       used 72951K, committed 73600K, reserved 1114112K
  class space    used 9826K, committed 10112K, reserved 1048576K
}
Event: 16.560 GC heap after
{Heap after GC invocations=43 (full 0):
 garbage-first heap   total 71680K, used 36012K [0x0000000084c00000, 0x0000000100000000)
  region size 1024K, 2 young (2048K), 2 survivors (2048K)
 Metaspace       used 72951K, committed 73600K, reserved 1114112K
  class space    used 9826K, committed 10112K, reserved 1048576K
}
Event: 16.860 GC heap before
{Heap before GC invocations=43 (full 0):
 garbage-first heap   total 71680K, used 59564K [0x0000000084c00000, 0x0000000100000000)
  region size 1024K, 25 young (25600K), 2 survivors (2048K)
 Metaspace       used 73116K, committed 73728K, reserved 1114112K
  class space    used 9841K, committed 10112K, reserved 1048576K
}
Event: 16.862 GC heap after
{Heap after GC invocations=44 (full 0):
 garbage-first heap   total 71680K, used 36412K [0x0000000084c00000, 0x0000000100000000)
  region size 1024K, 2 young (2048K), 2 survivors (2048K)
 Metaspace       used 73116K, committed 73728K, reserved 1114112K
  class space    used 9841K, committed 10112K, reserved 1048576K
}
Event: 17.229 GC heap before
{Heap before GC invocations=45 (full 0):
 garbage-first heap   total 71680K, used 59964K [0x0000000084c00000, 0x0000000100000000)
  region size 1024K, 26 young (26624K), 2 survivors (2048K)
 Metaspace       used 75403K, committed 75968K, reserved 1179648K
  class space    used 10218K, committed 10496K, reserved 1048576K
}
Event: 17.233 GC heap after
{Heap after GC invocations=46 (full 0):
 garbage-first heap   total 71680K, used 37908K [0x0000000084c00000, 0x0000000100000000)
  region size 1024K, 4 young (4096K), 4 survivors (4096K)
 Metaspace       used 75403K, committed 75968K, reserved 1179648K
  class space    used 10218K, committed 10496K, reserved 1048576K
}
Event: 17.254 GC heap before
{Heap before GC invocations=46 (full 0):
 garbage-first heap   total 71680K, used 38932K [0x0000000084c00000, 0x0000000100000000)
  region size 1024K, 5 young (5120K), 4 survivors (4096K)
 Metaspace       used 75649K, committed 76224K, reserved 1179648K
  class space    used 10297K, committed 10560K, reserved 1048576K
}
Event: 17.258 GC heap after
{Heap after GC invocations=47 (full 0):
 garbage-first heap   total 126976K, used 37890K [0x0000000084c00000, 0x0000000100000000)
  region size 1024K, 1 young (1024K), 1 survivors (1024K)
 Metaspace       used 75649K, committed 76224K, reserved 1179648K
  class space    used 10297K, committed 10560K, reserved 1048576K
}
Event: 18.179 GC heap before
{Heap before GC invocations=47 (full 0):
 garbage-first heap   total 126976K, used 103426K [0x0000000084c00000, 0x0000000100000000)
  region size 1024K, 65 young (66560K), 1 survivors (1024K)
 Metaspace       used 79978K, committed 80512K, reserved 1179648K
  class space    used 11010K, committed 11264K, reserved 1048576K
}
Event: 18.185 GC heap after
{Heap after GC invocations=48 (full 0):
 garbage-first heap   total 126976K, used 40426K [0x0000000084c00000, 0x0000000100000000)
  region size 1024K, 3 young (3072K), 3 survivors (3072K)
 Metaspace       used 79978K, committed 80512K, reserved 1179648K
  class space    used 11010K, committed 11264K, reserved 1048576K
}
Event: 19.456 GC heap before
{Heap before GC invocations=48 (full 0):
 garbage-first heap   total 126976K, used 102890K [0x0000000084c00000, 0x0000000100000000)
  region size 1024K, 64 young (65536K), 3 survivors (3072K)
 Metaspace       used 82746K, committed 83392K, reserved 1179648K
  class space    used 11402K, committed 11712K, reserved 1048576K
}
Event: 19.464 GC heap after
{Heap after GC invocations=49 (full 0):
 garbage-first heap   total 126976K, used 43988K [0x0000000084c00000, 0x0000000100000000)
  region size 1024K, 7 young (7168K), 7 survivors (7168K)
 Metaspace       used 82746K, committed 83392K, reserved 1179648K
  class space    used 11402K, committed 11712K, reserved 1048576K
}
Event: 25.499 GC heap before
{Heap before GC invocations=49 (full 0):
 garbage-first heap   total 126976K, used 102356K [0x0000000084c00000, 0x0000000100000000)
  region size 1024K, 65 young (66560K), 7 survivors (7168K)
 Metaspace       used 86031K, committed 86784K, reserved 1179648K
  class space    used 11892K, committed 12288K, reserved 1048576K
}
Event: 25.509 GC heap after
{Heap after GC invocations=50 (full 0):
 garbage-first heap   total 126976K, used 46888K [0x0000000084c00000, 0x0000000100000000)
  region size 1024K, 7 young (7168K), 7 survivors (7168K)
 Metaspace       used 86031K, committed 86784K, reserved 1179648K
  class space    used 11892K, committed 12288K, reserved 1048576K
}
Event: 85.571 GC heap before
{Heap before GC invocations=50 (full 0):
 garbage-first heap   total 126976K, used 103208K [0x0000000084c00000, 0x0000000100000000)
  region size 1024K, 63 young (64512K), 7 survivors (7168K)
 Metaspace       used 90569K, committed 91264K, reserved 1179648K
  class space    used 12469K, committed 12800K, reserved 1048576K
}
Event: 85.666 GC heap after
{Heap after GC invocations=51 (full 0):
 garbage-first heap   total 126976K, used 48586K [0x0000000084c00000, 0x0000000100000000)
  region size 1024K, 5 young (5120K), 5 survivors (5120K)
 Metaspace       used 90569K, committed 91264K, reserved 1179648K
  class space    used 12469K, committed 12800K, reserved 1048576K
}
Event: 160.619 GC heap before
{Heap before GC invocations=51 (full 0):
 garbage-first heap   total 126976K, used 103882K [0x0000000084c00000, 0x0000000100000000)
  region size 1024K, 60 young (61440K), 5 survivors (5120K)
 Metaspace       used 91908K, committed 92608K, reserved 1179648K
  class space    used 12618K, committed 12928K, reserved 1048576K
}
Event: 160.763 GC heap after
{Heap after GC invocations=52 (full 0):
 garbage-first heap   total 126976K, used 49160K [0x0000000084c00000, 0x0000000100000000)
  region size 1024K, 3 young (3072K), 3 survivors (3072K)
 Metaspace       used 91908K, committed 92608K, reserved 1179648K
  class space    used 12618K, committed 12928K, reserved 1048576K
}

Deoptimization events (20 events):
Event: 121.861 Thread 0x000001d7494ca6d0 Uncommon trap: trap_request=0xffffff45 fr.pc=0x000001d772f6c3f4 relative=0x0000000000000174
Event: 121.861 Thread 0x000001d7494ca6d0 Uncommon trap: reason=unstable_if action=reinterpret pc=0x000001d772f6c3f4 method=java.lang.StringCoding.hasNegatives([BII)Z @ 12 c2
Event: 121.861 Thread 0x000001d7494ca6d0 DEOPT PACKING pc=0x000001d772f6c3f4 sp=0x000000a79d7f63b0
Event: 121.861 Thread 0x000001d7494ca6d0 DEOPT UNPACKING pc=0x000001d7729e5ba3 sp=0x000000a79d7f6358 mode 2
Event: 122.028 Thread 0x000001d7494ca6d0 DEOPT PACKING pc=0x000001d76c582156 sp=0x000000a79d7f5bf0
Event: 122.028 Thread 0x000001d7494ca6d0 DEOPT UNPACKING pc=0x000001d7729e66e3 sp=0x000000a79d7f5078 mode 0
Event: 124.225 Thread 0x000001d7494cf2c0 Uncommon trap: trap_request=0xffffffde fr.pc=0x000001d7735a6c08 relative=0x0000000000000648
Event: 124.225 Thread 0x000001d7494cf2c0 Uncommon trap: reason=class_check action=maybe_recompile pc=0x000001d7735a6c08 method=java.util.HashMap.removeNode(ILjava/lang/Object;Ljava/lang/Object;ZZ)Ljava/util/HashMap$Node; @ 143 c2
Event: 124.225 Thread 0x000001d7494cf2c0 DEOPT PACKING pc=0x000001d7735a6c08 sp=0x000000a79e0fede0
Event: 124.225 Thread 0x000001d7494cf2c0 DEOPT UNPACKING pc=0x000001d7729e5ba3 sp=0x000000a79e0fed78 mode 2
Event: 170.558 Thread 0x000001d7484aa100 DEOPT PACKING pc=0x000001d76c4340d1 sp=0x000000a79cdfdd60
Event: 170.558 Thread 0x000001d7484aa100 DEOPT UNPACKING pc=0x000001d7729e66e3 sp=0x000000a79cdfd238 mode 0
Event: 175.525 Thread 0x000001d7494c9290 DEOPT PACKING pc=0x000001d76c582156 sp=0x000000a79dff5db0
Event: 175.525 Thread 0x000001d7494c9290 DEOPT UNPACKING pc=0x000001d7729e66e3 sp=0x000000a79dff5238 mode 0
Event: 189.567 Thread 0x000001d7494d01f0 DEOPT PACKING pc=0x000001d76bd6b8c3 sp=0x000000a79d8f6d20
Event: 189.567 Thread 0x000001d7494d01f0 DEOPT UNPACKING pc=0x000001d7729e66e3 sp=0x000000a79d8f61a8 mode 0
Event: 193.263 Thread 0x000001d7494cfce0 Uncommon trap: trap_request=0xffffff45 fr.pc=0x000001d7736197ec relative=0x000000000000044c
Event: 193.263 Thread 0x000001d7494cfce0 Uncommon trap: reason=unstable_if action=reinterpret pc=0x000001d7736197ec method=java.util.IdentityHashMap.put(Ljava/lang/Object;Ljava/lang/Object;)Ljava/lang/Object; @ 90 c2
Event: 193.266 Thread 0x000001d7494cfce0 DEOPT PACKING pc=0x000001d7736197ec sp=0x000000a79d5f6c10
Event: 193.266 Thread 0x000001d7494cfce0 DEOPT UNPACKING pc=0x000001d7729e5ba3 sp=0x000000a79d5f6bb8 mode 2

Classes unloaded (0 events):
No events

Classes redefined (0 events):
No events

Internal exceptions (20 events):
Event: 190.611 Thread 0x000001d7484aa100 Exception <a 'java/lang/ClassNotFoundException'{0x000000008b159758}: org/springframework/boot/actuate/endpoint/jmx/DataEndpointMBean> (0x000000008b159758) 
thrown [s\open\src\hotspot\share\classfile\systemDictionary.cpp, line 256]
Event: 190.611 Thread 0x000001d7484aa100 Exception <a 'java/lang/ClassNotFoundException'{0x000000008b159af8}: org/springframework/context/support/LiveBeansView> (0x000000008b159af8) 
thrown [s\open\src\hotspot\share\classfile\systemDictionary.cpp, line 256]
Event: 190.611 Thread 0x000001d7484aa100 Exception <a 'java/lang/ClassNotFoundException'{0x000000008b159eb8}: org/springframework/boot/actuate/endpoint/jmx/EndpointMBean> (0x000000008b159eb8) 
thrown [s\open\src\hotspot\share\classfile\systemDictionary.cpp, line 256]
Event: 190.612 Thread 0x000001d7484aa100 Exception <a 'java/lang/ClassNotFoundException'{0x000000008b15a278}: org/springframework/boot/actuate/endpoint/jmx/DataEndpointMBean> (0x000000008b15a278) 
thrown [s\open\src\hotspot\share\classfile\systemDictionary.cpp, line 256]
Event: 190.612 Thread 0x000001d7484aa100 Exception <a 'java/lang/ClassNotFoundException'{0x000000008b15a630}: org/springframework/context/support/LiveBeansView> (0x000000008b15a630) 
thrown [s\open\src\hotspot\share\classfile\systemDictionary.cpp, line 256]
Event: 190.612 Thread 0x000001d7484aa100 Exception <a 'java/lang/ClassNotFoundException'{0x000000008b15a9e0}: org/springframework/boot/actuate/endpoint/jmx/EndpointMBean> (0x000000008b15a9e0) 
thrown [s\open\src\hotspot\share\classfile\systemDictionary.cpp, line 256]
Event: 190.612 Thread 0x000001d7484aa100 Exception <a 'java/lang/ClassNotFoundException'{0x000000008b15ad90}: org/springframework/boot/actuate/endpoint/jmx/DataEndpointMBean> (0x000000008b15ad90) 
thrown [s\open\src\hotspot\share\classfile\systemDictionary.cpp, line 256]
Event: 190.612 Thread 0x000001d7484aa100 Exception <a 'java/lang/ClassNotFoundException'{0x000000008b15b138}: org/springframework/context/support/LiveBeansView> (0x000000008b15b138) 
thrown [s\open\src\hotspot\share\classfile\systemDictionary.cpp, line 256]
Event: 190.619 Thread 0x000001d7484aa100 Exception <a 'java/lang/ClassNotFoundException'{0x000000008b1a8590}: org/springframework/boot/actuate/endpoint/jmx/EndpointMBean> (0x000000008b1a8590) 
thrown [s\open\src\hotspot\share\classfile\systemDictionary.cpp, line 256]
Event: 190.625 Thread 0x000001d7484aa100 Exception <a 'java/lang/ClassNotFoundException'{0x000000008b1f0f80}: org/springframework/boot/actuate/endpoint/jmx/DataEndpointMBean> (0x000000008b1f0f80) 
thrown [s\open\src\hotspot\share\classfile\systemDictionary.cpp, line 256]
Event: 190.628 Thread 0x000001d7484aa100 Exception <a 'java/lang/ClassNotFoundException'{0x000000008b039fb8}: org/springframework/context/support/LiveBeansView> (0x000000008b039fb8) 
thrown [s\open\src\hotspot\share\classfile\systemDictionary.cpp, line 256]
Event: 190.629 Thread 0x000001d7484aa100 Exception <a 'java/lang/ClassNotFoundException'{0x000000008b03e0c0}: org/springframework/boot/actuate/endpoint/jmx/EndpointMBean> (0x000000008b03e0c0) 
thrown [s\open\src\hotspot\share\classfile\systemDictionary.cpp, line 256]
Event: 190.629 Thread 0x000001d7484aa100 Exception <a 'java/lang/ClassNotFoundException'{0x000000008b03e490}: org/springframework/boot/actuate/endpoint/jmx/DataEndpointMBean> (0x000000008b03e490) 
thrown [s\open\src\hotspot\share\classfile\systemDictionary.cpp, line 256]
Event: 190.629 Thread 0x000001d7484aa100 Exception <a 'java/lang/ClassNotFoundException'{0x000000008b03e858}: org/springframework/context/support/LiveBeansView> (0x000000008b03e858) 
thrown [s\open\src\hotspot\share\classfile\systemDictionary.cpp, line 256]
Event: 190.629 Thread 0x000001d7484aa100 Exception <a 'java/lang/ClassNotFoundException'{0x000000008b03ec10}: org/springframework/boot/actuate/endpoint/jmx/EndpointMBean> (0x000000008b03ec10) 
thrown [s\open\src\hotspot\share\classfile\systemDictionary.cpp, line 256]
Event: 190.629 Thread 0x000001d7484aa100 Exception <a 'java/lang/ClassNotFoundException'{0x000000008b03efc8}: org/springframework/boot/actuate/endpoint/jmx/DataEndpointMBean> (0x000000008b03efc8) 
thrown [s\open\src\hotspot\share\classfile\systemDictionary.cpp, line 256]
Event: 190.629 Thread 0x000001d7484aa100 Exception <a 'java/lang/ClassNotFoundException'{0x000000008b03f378}: org/springframework/context/support/LiveBeansView> (0x000000008b03f378) 
thrown [s\open\src\hotspot\share\classfile\systemDictionary.cpp, line 256]
Event: 190.629 Thread 0x000001d7484aa100 Exception <a 'java/lang/ClassNotFoundException'{0x000000008b03f730}: org/springframework/boot/actuate/endpoint/jmx/EndpointMBean> (0x000000008b03f730) 
thrown [s\open\src\hotspot\share\classfile\systemDictionary.cpp, line 256]
Event: 190.629 Thread 0x000001d7484aa100 Exception <a 'java/lang/ClassNotFoundException'{0x000000008b03fae8}: org/springframework/boot/actuate/endpoint/jmx/DataEndpointMBean> (0x000000008b03fae8) 
thrown [s\open\src\hotspot\share\classfile\systemDictionary.cpp, line 256]
Event: 190.629 Thread 0x000001d7484aa100 Exception <a 'java/lang/ClassNotFoundException'{0x000000008b03fe98}: org/springframework/context/support/LiveBeansView> (0x000000008b03fe98) 
thrown [s\open\src\hotspot\share\classfile\systemDictionary.cpp, line 256]

VM Operations (20 events):
Event: 175.334 Executing VM operation: Cleanup
Event: 175.335 Executing VM operation: Cleanup done
Event: 176.340 Executing VM operation: Cleanup
Event: 176.340 Executing VM operation: Cleanup done
Event: 179.366 Executing VM operation: Cleanup
Event: 179.366 Executing VM operation: Cleanup done
Event: 181.382 Executing VM operation: Cleanup
Event: 181.382 Executing VM operation: Cleanup done
Event: 186.419 Executing VM operation: Cleanup
Event: 186.419 Executing VM operation: Cleanup done
Event: 190.450 Executing VM operation: Cleanup
Event: 190.450 Executing VM operation: Cleanup done
Event: 191.456 Executing VM operation: Cleanup
Event: 191.456 Executing VM operation: Cleanup done
Event: 192.456 Executing VM operation: Cleanup
Event: 192.456 Executing VM operation: Cleanup done
Event: 193.462 Executing VM operation: Cleanup
Event: 193.474 Executing VM operation: Cleanup done
Event: 194.474 Executing VM operation: Cleanup
Event: 194.474 Executing VM operation: Cleanup done

Events (20 events):
Event: 50.658 loading class jdk/internal/icu/impl/UCharacterProperty$BiDiIntProperty done
Event: 50.658 loading class jdk/internal/icu/impl/UCharacterProperty$1 done
Event: 50.658 loading class jdk/internal/icu/impl/ICUBinary$1
Event: 50.658 loading class jdk/internal/icu/impl/ICUBinary$1 done
Event: 50.660 loading class jdk/internal/icu/impl/UCharacterProperty$IsAcceptable
Event: 50.660 loading class jdk/internal/icu/impl/UCharacterProperty$IsAcceptable done
Event: 50.661 loading class jdk/internal/icu/impl/Trie2_16
Event: 50.661 loading class jdk/internal/icu/impl/Trie2
Event: 50.661 loading class jdk/internal/icu/impl/Trie2 done
Event: 50.662 loading class jdk/internal/icu/impl/Trie2_16 done
Event: 50.662 loading class jdk/internal/icu/impl/Trie2$1
Event: 50.662 loading class jdk/internal/icu/impl/Trie2$ValueMapper
Event: 50.662 loading class jdk/internal/icu/impl/Trie2$ValueMapper done
Event: 50.662 loading class jdk/internal/icu/impl/Trie2$1 done
Event: 50.662 loading class jdk/internal/icu/impl/Trie2$UTrie2Header
Event: 50.662 loading class jdk/internal/icu/impl/Trie2$UTrie2Header done
Event: 50.686 loading class java/util/ArrayList$SubList$1
Event: 50.686 loading class java/util/ArrayList$SubList$1 done
Event: 122.117 loading class java/util/function/LongSupplier
Event: 122.120 loading class java/util/function/LongSupplier done


Dynamic libraries:
0x00007ff799940000 - 0x00007ff799950000 	D:\downApp\bin\java.exe
0x00007ff9a8bf0000 - 0x00007ff9a8e07000 	C:\WINDOWS\SYSTEM32\ntdll.dll
0x00007ff9a6ec0000 - 0x00007ff9a6f84000 	C:\WINDOWS\System32\KERNEL32.DLL
0x00007ff9a6290000 - 0x00007ff9a6663000 	C:\WINDOWS\System32\KERNELBASE.dll
0x00007ff9a6670000 - 0x00007ff9a6781000 	C:\WINDOWS\System32\ucrtbase.dll
0x00007ff99f030000 - 0x00007ff99f049000 	D:\downApp\bin\jli.dll
0x00007ff9a69f0000 - 0x00007ff9a6aa1000 	C:\WINDOWS\System32\ADVAPI32.dll
0x00007ff9a6880000 - 0x00007ff9a6927000 	C:\WINDOWS\System32\msvcrt.dll
0x00007ff9a6930000 - 0x00007ff9a69d7000 	C:\WINDOWS\System32\sechost.dll
0x00007ff983e10000 - 0x00007ff983e2b000 	D:\downApp\bin\VCRUNTIME140.dll
0x00007ff9a6790000 - 0x00007ff9a67b8000 	C:\WINDOWS\System32\bcrypt.dll
0x00007ff9a7440000 - 0x00007ff9a7554000 	C:\WINDOWS\System32\RPCRT4.dll
0x00007ff9a7260000 - 0x00007ff9a7411000 	C:\WINDOWS\System32\USER32.dll
0x00007ff9a5ce0000 - 0x00007ff9a5d06000 	C:\WINDOWS\System32\win32u.dll
0x00007ff9a7120000 - 0x00007ff9a7149000 	C:\WINDOWS\System32\GDI32.dll
0x00007ff99bc00000 - 0x00007ff99be9b000 	C:\WINDOWS\WinSxS\amd64_microsoft.windows.common-controls_6595b64144ccf1df_6.0.22621.5262_none_2712bde373830908\COMCTL32.dll
0x00007ff9a6160000 - 0x00007ff9a6282000 	C:\WINDOWS\System32\gdi32full.dll
0x00007ff9a5d90000 - 0x00007ff9a5e2a000 	C:\WINDOWS\System32\msvcp_win.dll
0x00007ff99f550000 - 0x00007ff99f55a000 	C:\WINDOWS\SYSTEM32\VERSION.dll
0x00007ff9a7a20000 - 0x00007ff9a7a51000 	C:\WINDOWS\System32\IMM32.DLL
0x00007ff983e00000 - 0x00007ff983e0c000 	D:\downApp\bin\vcruntime140_1.dll
0x00007ff983d70000 - 0x00007ff983dfe000 	D:\downApp\bin\msvcp140.dll
0x00007ff92c230000 - 0x00007ff92ce11000 	D:\downApp\bin\server\jvm.dll
0x00007ff9a8ba0000 - 0x00007ff9a8ba8000 	C:\WINDOWS\System32\PSAPI.DLL
0x00007ff99f390000 - 0x00007ff99f399000 	C:\WINDOWS\SYSTEM32\WSOCK32.dll
0x00007ff997bf0000 - 0x00007ff997c24000 	C:\WINDOWS\SYSTEM32\WINMM.dll
0x00007ff9a8b20000 - 0x00007ff9a8b91000 	C:\WINDOWS\System32\WS2_32.dll
0x00007ff9a4de0000 - 0x00007ff9a4df8000 	C:\WINDOWS\SYSTEM32\kernel.appcore.dll
0x00007ff99f2a0000 - 0x00007ff99f2aa000 	D:\downApp\bin\jimage.dll
0x00007ff9a3280000 - 0x00007ff9a34b2000 	C:\WINDOWS\SYSTEM32\DBGHELP.DLL
0x00007ff9a6b20000 - 0x00007ff9a6eb3000 	C:\WINDOWS\System32\combase.dll
0x00007ff9a7a80000 - 0x00007ff9a7b57000 	C:\WINDOWS\System32\OLEAUT32.dll
0x00007ff997040000 - 0x00007ff997072000 	C:\WINDOWS\SYSTEM32\dbgcore.DLL
0x00007ff9a5f70000 - 0x00007ff9a5feb000 	C:\WINDOWS\System32\bcryptPrimitives.dll
0x00007ff993b90000 - 0x00007ff993bb5000 	D:\downApp\bin\java.dll
0x00007ff991db0000 - 0x00007ff991e87000 	D:\downApp\bin\jsvml.dll
0x00007ff9a8280000 - 0x00007ff9a8b1d000 	C:\WINDOWS\System32\SHELL32.dll
0x00007ff9a5e30000 - 0x00007ff9a5f6f000 	C:\WINDOWS\System32\wintypes.dll
0x00007ff9a3be0000 - 0x00007ff9a44fd000 	C:\WINDOWS\SYSTEM32\windows.storage.dll
0x00007ff9a6f90000 - 0x00007ff9a709b000 	C:\WINDOWS\System32\SHCORE.dll
0x00007ff9a7b60000 - 0x00007ff9a7bc6000 	C:\WINDOWS\System32\shlwapi.dll
0x00007ff9a5c10000 - 0x00007ff9a5c3b000 	C:\WINDOWS\SYSTEM32\profapi.dll
0x00007ff99f000000 - 0x00007ff99f019000 	D:\downApp\bin\net.dll
0x00007ff99f8c0000 - 0x00007ff99f9ec000 	C:\WINDOWS\SYSTEM32\WINHTTP.dll
0x00007ff9a5290000 - 0x00007ff9a52fa000 	C:\WINDOWS\system32\mswsock.dll
0x00007ff9938b0000 - 0x00007ff9938c6000 	D:\downApp\bin\nio.dll
0x00007ff993b70000 - 0x00007ff993b88000 	D:\downApp\bin\zip.dll
0x00007ff99aea0000 - 0x00007ff99aeaa000 	D:\downApp\bin\management.dll
0x00007ff9925e0000 - 0x00007ff9925eb000 	D:\downApp\bin\management_ext.dll
0x00007ff9808c0000 - 0x00007ff9808d7000 	C:\WINDOWS\system32\napinsp.dll
0x00007ff980450000 - 0x00007ff98046b000 	C:\WINDOWS\system32\pnrpnsp.dll
0x00007ff9a4780000 - 0x00007ff9a4878000 	C:\WINDOWS\SYSTEM32\DNSAPI.dll
0x00007ff9a4750000 - 0x00007ff9a477d000 	C:\WINDOWS\SYSTEM32\IPHLPAPI.DLL
0x00007ff9a7a60000 - 0x00007ff9a7a69000 	C:\WINDOWS\System32\NSI.dll
0x00007ff980320000 - 0x00007ff980331000 	C:\WINDOWS\System32\winrnr.dll
0x00007ff980300000 - 0x00007ff98031f000 	C:\WINDOWS\system32\wshbth.dll
0x00007ff9802d0000 - 0x00007ff9802f1000 	C:\WINDOWS\system32\nlansp_c.dll
0x00007ff98bce0000 - 0x00007ff98bcea000 	C:\Windows\System32\rasadhlp.dll
0x00007ff99f600000 - 0x00007ff99f683000 	C:\WINDOWS\System32\fwpuclnt.dll
0x00007ff9a54f0000 - 0x00007ff9a550b000 	C:\WINDOWS\SYSTEM32\CRYPTSP.dll
0x00007ff9a4d40000 - 0x00007ff9a4d77000 	C:\WINDOWS\system32\rsaenh.dll
0x00007ff9a5380000 - 0x00007ff9a53a8000 	C:\WINDOWS\SYSTEM32\USERENV.dll
0x00007ff9a54e0000 - 0x00007ff9a54ec000 	C:\WINDOWS\SYSTEM32\CRYPTBASE.dll
0x00007ff99fd20000 - 0x00007ff99fd39000 	C:\WINDOWS\SYSTEM32\dhcpcsvc6.DLL
0x00007ff99f8a0000 - 0x00007ff99f8bf000 	C:\WINDOWS\SYSTEM32\dhcpcsvc.DLL
0x00007ff9938a0000 - 0x00007ff9938ae000 	D:\downApp\bin\sunmscapi.dll
0x00007ff9a5ff0000 - 0x00007ff9a6157000 	C:\WINDOWS\System32\CRYPT32.dll
0x00007ff9a5680000 - 0x00007ff9a56ad000 	C:\WINDOWS\SYSTEM32\ncrypt.dll
0x00007ff9a5640000 - 0x00007ff9a5677000 	C:\WINDOWS\SYSTEM32\NTASN1.dll
0x00007ff99efb0000 - 0x00007ff99efc0000 	D:\downApp\bin\verify.dll
0x00007ff99bea0000 - 0x00007ff99bea8000 	C:\WINDOWS\system32\wshunix.dll

dbghelp: loaded successfully - version: 4.0.5 - missing functions: none
symbol engine: initialized successfully - sym options: 0x614 - pdb path: .;D:\downApp\bin;C:\WINDOWS\SYSTEM32;C:\WINDOWS\WinSxS\amd64_microsoft.windows.common-controls_6595b64144ccf1df_6.0.22621.5262_none_2712bde373830908;D:\downApp\bin\server

VM Arguments:
jvm_args: -XX:+ShowCodeDetailsInExceptionMessages -Dspring.jmx.enabled=true -Dmanagement.endpoints.jmx.exposure.include=* -Dspring.application.admin.enabled=true -Dspring.boot.project.name=LMS_DoAn -Djava.rmi.server.hostname=localhost -Dcom.sun.management.jmxremote.port=45556 -Dcom.sun.management.jmxremote.authenticate=false -Dcom.sun.management.jmxremote.ssl=false 
java_command: vn.doan.lms.LMSApplication
java_class_path (initial): D:\java\vscodejava\doan\LMS_DoAn\build\resources\main;D:\java\vscodejava\doan\LMS_DoAn\build\classes\java\main;C:\Users\ASUS\.gradle\caches\modules-2\files-2.1\org.hibernate.validator\hibernate-validator\8.0.1.Final\e49e116b3d3928060599b176b3538bb848718e95\hibernate-validator-8.0.1.Final.jar;C:\Users\ASUS\.gradle\caches\modules-2\files-2.1\org.springframework\spring-orm\6.1.5\d2dc2b996680fcc8ae5aea294f0ce6bda5577c7c\spring-orm-6.1.5.jar;C:\Users\ASUS\.gradle\caches\modules-2\files-2.1\org.thymeleaf\thymeleaf-spring6\3.1.2.RELEASE\6030c7b4e260c41336f378e53da6e8531263f24b\thymeleaf-spring6-3.1.2.RELEASE.jar;C:\Users\ASUS\.gradle\caches\modules-2\files-2.1\io.micrometer\micrometer-commons\1.12.4\a57f10c78956b38087f97beae66cf14cb8b08d34\micrometer-commons-1.12.4.jar;C:\Users\ASUS\.gradle\caches\modules-2\files-2.1\org.springframework.data\spring-data-jpa\3.2.4\1932f90c487999575b57ad41986de96c8ebf5843\spring-data-jpa-3.2.4.jar;C:\Users\ASUS\.gradle\caches\modules-2\files-2.1\org.yaml\snakeyaml\2.2\3af797a25458550a16bf89acc8e4ab2b7f2bfce0\snakeyaml-2.2.jar;C:\Users\ASUS\.gradle\caches\modules-2\files-2.1\com.zaxxer\HikariCP\5.0.1\a74c7f0a37046846e88d54f7cb6ea6d565c65f9c\HikariCP-5.0.1.jar;C:\Users\ASUS\.gradle\caches\modules-2\files-2.1\ch.qos.logback\logback-core\1.4.14\4d3c2248219ac0effeb380ed4c5280a80bf395e8\logback-core-1.4.14.jar;C:\Users\ASUS\.gradle\caches\modules-2\files-2.1\org.springframework.boot\spring-boot-actuator-autoconfigure\3.2.4\fc5d94aa9b147786d60379f7365cb4bf6766cdad\spring-boot-actuator-autoconfigure-3.2.4.jar;C:\Users\ASUS\.gradle\caches\modules-2\files-2.1\org.glassfish.jaxb\jaxb-core\4.0.5\7b4b11ea5542eea4ad55e1080b23be436795b3\jaxb-core-4.0.5.jar;C:\Users\ASUS\.gradle\caches\modules-2\files-2.1\org.apache.tomcat.embed\tomcat-embed-core\10.1.19\3dbbca8acbd4dd6a137c3d6f934a2931512b42ce\tomcat-embed-core-10.1.19.jar;C:\Users\ASUS\.gradle\caches\modules-2\files-2.1\org.springframework\spring-aop\6.1.5\a4f596bd3c55b6cec93f
Launcher Type: SUN_STANDARD

[Global flags]
     intx CICompilerCount                          = 4                                         {product} {ergonomic}
     uint ConcGCThreads                            = 2                                         {product} {ergonomic}
     uint G1ConcRefinementThreads                  = 8                                         {product} {ergonomic}
   size_t G1HeapRegionSize                         = 1048576                                   {product} {ergonomic}
    uintx GCDrainStackTargetSize                   = 64                                        {product} {ergonomic}
   size_t InitialHeapSize                          = 130023424                                 {product} {ergonomic}
     bool ManagementServer                         = true                                      {product} {command line}
   size_t MarkStackSize                            = 4194304                                   {product} {ergonomic}
   size_t MaxHeapSize                              = 2067791872                                {product} {ergonomic}
   size_t MaxNewSize                               = 1240465408                                {product} {ergonomic}
   size_t MinHeapDeltaBytes                        = 1048576                                   {product} {ergonomic}
   size_t MinHeapSize                              = 8388608                                   {product} {ergonomic}
    uintx NonNMethodCodeHeapSize                   = 5839372                                {pd product} {ergonomic}
    uintx NonProfiledCodeHeapSize                  = 122909434                              {pd product} {ergonomic}
    uintx ProfiledCodeHeapSize                     = 122909434                              {pd product} {ergonomic}
    uintx ReservedCodeCacheSize                    = 251658240                              {pd product} {ergonomic}
     bool SegmentedCodeCache                       = true                                      {product} {ergonomic}
     bool ShowCodeDetailsInExceptionMessages       = true                                   {manageable} {command line}
   size_t SoftMaxHeapSize                          = 2067791872                             {manageable} {ergonomic}
     bool UseCompressedClassPointers               = true                           {product lp64_product} {ergonomic}
     bool UseCompressedOops                        = true                           {product lp64_product} {ergonomic}
     bool UseG1GC                                  = true                                      {product} {ergonomic}
     bool UseLargePagesIndividualAllocation        = false                                  {pd product} {ergonomic}

Logging:
Log output configuration:
 #0: stdout all=warning uptime,level,tags
 #1: stderr all=off uptime,level,tags

Environment Variables:
JAVA_HOME=D:\downApp
PATH=C:\Program Files\Common Files\Oracle\Java\javapath;D:\downApp\Scripts\;D:\downApp\;C:\Program Files\Microsoft MPI\Bin\;C:\Program Files (x86)\Common Files\Oracle\Java\javapath;C:\Windows\system32;C:\Windows;C:\Windows\System32\Wbem;C:\Windows\System32\WindowsPowerShell\v1.0\;C:\Windows\System32\OpenSSH\;C:\Program Files (x86)\NVIDIA Corporation\PhysX\Common;C:\Program Files\NVIDIA Corporation\NVIDIA NvDLISR;C:\WINDOWS\system32;C:\WINDOWS;C:\WINDOWS\System32\Wbem;C:\WINDOWS\System32\WindowsPowerShell\v1.0\;C:\WINDOWS\System32\OpenSSH\;C:\MinGW\bin;C:\Program Files\dotnet\;C:\Program Files\Microsoft SQL Server\150\Tools\Binn\;C:\Program Files\Microsoft SQL Server\Client SDK\ODBC\170\Tools\Binn\;C:\Program Files (x86)\Microsoft SQL Server\150\Tools\Binn\;C:\Program Files\Microsoft SQL Server\150\DTS\Binn\;C:\Program Files\Azure Data Studio\bin;C:\WINDOWS\system32;C:\WINDOWS;C:\WINDOWS\System32\Wbem;C:\WINDOWS\System32\WindowsPowerShell\v1.0\;C:\WINDOWS\System32\OpenSSH\;C:\laragon\bin\php\php-8.1.10-Win32-vs16-x64;D:\Git\Git\cmd;D:\laragon\laragon\bin\php\php-8.1.10-Win32-vs16-x64;D:\laragon\laragon;C:\Program Files (x86)\Microsoft SQL Server\160\Tools\Binn\;C:\Program Files\Microsoft SQL Server\160\Tools\Binn\;C:\Program Files\Microsoft SQL Server\160\DTS\Binn\;C:\Program Files\Java\apache-maven-3.9.9\bin;C:\Program Files\MySQL\MySQL Shell 8.0\bin\;C:\Users\ASUS\AppData\Local\Programs\Python\Python312\Scripts\;C:\Users\ASUS\AppData\Local\Programs\Python\Python312\;C:\Users\ASUS\AppData\Local\Programs\Python\Python311\Scripts\;C:\Users\ASUS\AppData\Local\Programs\Python\Python311\;D:\python\Scripts\;D:\python\;C:\Users\ASUS\AppData\Local\Microsoft\WindowsApps;D:\Microsoft VS Code\bin;C:\Program Files (x86)\Dev-Cpp\MinGW64\bin;C:\msys64\mingw64\bin;C:\Users\ASUS\.dotnet\tools;C:\Program Files\Azure Data Studio\bin;C:\Users\ASUS\AppData\Local\JetBrains\Toolbox\scripts;C:\Users\ASUS\AppData\Roaming\Composer\vendor\bin;C:\Users\ASUS\AppData\Local\Microsoft\WindowsApps;D:
USERNAME=ASUS
LANG=en_US.UTF-8
OS=Windows_NT
PROCESSOR_IDENTIFIER=Intel64 Family 6 Model 140 Stepping 1, GenuineIntel



---------------  S Y S T E M  ---------------

OS:
 Windows 11 , 64 bit Build 22621 (10.0.22621.5262)
OS uptime: 2 days 3:14 hours
Hyper-V role detected

CPU: total 8 (initial active 8) (4 cores per cpu, 2 threads per core) family 6 model 140 stepping 1 microcode 0x86, cx8, cmov, fxsr, ht, mmx, 3dnowpref, sse, sse2, sse3, ssse3, sse4.1, sse4.2, popcnt, lzcnt, tsc, tscinvbit, avx, avx2, aes, erms, clmul, bmi1, bmi2, adx, avx512f, avx512dq, avx512cd, avx512bw, avx512vl, sha, fma, vzeroupper, avx512_vpopcntdq, avx512_vpclmulqdq, avx512_vaes, avx512_vnni, clflush, clflushopt, clwb, avx512_vbmi2, avx512_vbmi, hv

Memory: 4k page, system-wide physical 7883M (110M free)
TotalPageFile size 28638M (AvailPageFile size 18M)
current process WorkingSet (physical memory assigned to process): 118M, peak: 392M
current process commit charge ("private bytes"): 378M, peak: 434M

vm_info: Java HotSpot(TM) 64-Bit Server VM (17.0.9+11-LTS-201) for windows-amd64 JRE (17.0.9+11-LTS-201), built on Oct 10 2023 23:16:06 by "mach5one" with MS VC++ 17.1 (VS2022)

END.
