#
# There is insufficient memory for the Java Runtime Environment to continue.
# Native memory allocation (mmap) failed to map 310378496 bytes for G1 virtual space
# Possible reasons:
#   The system is out of physical RAM or swap space
#   The process is running with CompressedOops enabled, and the Java Heap may be blocking the growth of the native heap
# Possible solutions:
#   Reduce memory load on the system
#   Increase physical memory or swap space
#   Check if swap backing store is full
#   Decrease Java heap size (-Xmx/-Xms)
#   Decrease number of Java threads
#   Decrease Java thread stack sizes (-Xss)
#   Set larger code cache with -XX:ReservedCodeCacheSize=
#   JVM is running with Unscaled Compressed Oops mode in which the Java heap is
#     placed in the first 4GB address space. The Java Heap base address is the
#     maximum limit for the native heap growth. Please use -XX:HeapBaseMinAddress
#     to set the Java Heap base and to place the Java Heap above 4GB virtual address.
# This output file may be truncated or incomplete.
#
#  Out of Memory Error (os_windows.cpp:3552), pid=18484, tid=9768
#
# JRE version: Java(TM) SE Runtime Environment (17.0.9+11) (build 17.0.9+11-LTS-201)
# Java VM: Java HotSpot(TM) 64-Bit Server VM (17.0.9+11-LTS-201, mixed mode, sharing, tiered, compressed oops, compressed class ptrs, g1 gc, windows-amd64)
# No core dump will be written. Minidumps are not enabled by default on client versions of Windows
#

---------------  S U M M A R Y ------------

Command Line: -Dcom.sun.management.jmxremote -Dcom.sun.management.jmxremote.port=51612 -Dcom.sun.management.jmxremote.authenticate=false -Dcom.sun.management.jmxremote.ssl=false -Dspring.jmx.enabled=true -Djava.rmi.server.hostname=localhost -Dspring.application.admin.enabled=true -Dspring.boot.project.name=jobhunter-lms -XX:+ShowCodeDetailsInExceptionMessages -Dmanagement.endpoints.jmx.exposure.include=* vn.doan.lms.LMSApplication

Host: 11th Gen Intel(R) Core(TM) i7-11370H @ 3.30GHz, 8 cores, 7G,  Windows 11 , 64 bit Build 22621 (10.0.22621.5415)
Time: Sun Jun 29 18:01:58 2025 SE Asia Standard Time elapsed time: 715.135427 seconds (0d 0h 11m 55s)

---------------  T H R E A D  ---------------

Current thread (0x00000223f75d8090):  VMThread "VM Thread" [stack: 0x00000095c3c00000,0x00000095c3d00000] [id=9768]

Stack: [0x00000095c3c00000,0x00000095c3d00000]
Native frames: (J=compiled Java code, j=interpreted, Vv=VM code, C=native code)
V  [jvm.dll+0x678a4a]
V  [jvm.dll+0x7d9cfd]
V  [jvm.dll+0x7db60e]
V  [jvm.dll+0x7dbc73]
V  [jvm.dll+0x245e1f]
V  [jvm.dll+0x6758f9]
V  [jvm.dll+0x66a2a2]
V  [jvm.dll+0x303686]
V  [jvm.dll+0x30ac06]
V  [jvm.dll+0x35a48e]
V  [jvm.dll+0x35a6bf]
V  [jvm.dll+0x2da678]
V  [jvm.dll+0x2d8a85]
V  [jvm.dll+0x2d808c]
V  [jvm.dll+0x31b97b]
V  [jvm.dll+0x7e048b]
V  [jvm.dll+0x7e11c4]
V  [jvm.dll+0x7e16dd]
V  [jvm.dll+0x7e1ab4]
V  [jvm.dll+0x7e1b80]
V  [jvm.dll+0x78998a]
V  [jvm.dll+0x677875]
C  [ucrtbase.dll+0x29333]
C  [KERNEL32.DLL+0x1259d]
C  [ntdll.dll+0x5af78]

VM_Operation (0x00000095c48fae50): G1CollectForAllocation, mode: safepoint, requested by thread 0x00000223ffbd0ab0


---------------  P R O C E S S  ---------------

Threads class SMR info:
_java_thread_list=0x00000223c32a5e40, length=24, elements={
0x00000223f75e0e60, 0x00000223f75e1820, 0x00000223f75f3350, 0x00000223f75f3d10,
0x00000223f75f66e0, 0x00000223f75f80b0, 0x00000223f75f8e50, 0x00000223f75f9900,
0x00000223f760edc0, 0x00000223f78449a0, 0x00000223f78b3f30, 0x00000223fc51b120,
0x00000223fc4ecee0, 0x00000223fc4ed940, 0x00000223fe63f090, 0x00000223fe63f5a0,
0x00000223ffbce740, 0x00000223ffbd14d0, 0x00000223ffbd0ab0, 0x00000223ffbcf160,
0x00000223ffbcbec0, 0x00000223ffbd0fc0, 0x00000223ffbd0090, 0x00000223fe320c10
}

Java Threads: ( => current thread )
  0x00000223f75e0e60 JavaThread "Reference Handler" daemon [_thread_blocked, id=16544, stack(0x00000095c3d00000,0x00000095c3e00000)]
  0x00000223f75e1820 JavaThread "Finalizer" daemon [_thread_blocked, id=13572, stack(0x00000095c3e00000,0x00000095c3f00000)]
  0x00000223f75f3350 JavaThread "Signal Dispatcher" daemon [_thread_blocked, id=17092, stack(0x00000095c3f00000,0x00000095c4000000)]
  0x00000223f75f3d10 JavaThread "Attach Listener" daemon [_thread_blocked, id=25172, stack(0x00000095c4000000,0x00000095c4100000)]
  0x00000223f75f66e0 JavaThread "Service Thread" daemon [_thread_blocked, id=3940, stack(0x00000095c4100000,0x00000095c4200000)]
  0x00000223f75f80b0 JavaThread "Monitor Deflation Thread" daemon [_thread_blocked, id=1668, stack(0x00000095c4200000,0x00000095c4300000)]
  0x00000223f75f8e50 JavaThread "C2 CompilerThread0" daemon [_thread_blocked, id=16576, stack(0x00000095c4300000,0x00000095c4400000)]
  0x00000223f75f9900 JavaThread "C1 CompilerThread0" daemon [_thread_blocked, id=23548, stack(0x00000095c4400000,0x00000095c4500000)]
  0x00000223f760edc0 JavaThread "Sweeper thread" daemon [_thread_blocked, id=12832, stack(0x00000095c4500000,0x00000095c4600000)]
  0x00000223f78449a0 JavaThread "Common-Cleaner" daemon [_thread_blocked, id=2656, stack(0x00000095c4600000,0x00000095c4700000)]
  0x00000223f78b3f30 JavaThread "Notification Thread" daemon [_thread_blocked, id=12304, stack(0x00000095c4700000,0x00000095c4800000)]
  0x00000223fc51b120 JavaThread "RMI TCP Accept-0" daemon [_thread_in_native, id=5196, stack(0x00000095c4900000,0x00000095c4a00000)]
  0x00000223fc4ecee0 JavaThread "RMI TCP Accept-51612" daemon [_thread_in_native, id=11156, stack(0x00000095c4a00000,0x00000095c4b00000)]
  0x00000223fc4ed940 JavaThread "RMI TCP Accept-0" daemon [_thread_in_native, id=19092, stack(0x00000095c4b00000,0x00000095c4c00000)]
  0x00000223fe63f090 JavaThread "Live Reload Server" daemon [_thread_in_native, id=10828, stack(0x00000095c5d00000,0x00000095c5e00000)]
  0x00000223fe63f5a0 JavaThread "mysql-cj-abandoned-connection-cleanup" daemon [_thread_blocked, id=19816, stack(0x00000095c5c00000,0x00000095c5d00000)]
  0x00000223ffbce740 JavaThread "DestroyJavaVM" [_thread_blocked, id=5368, stack(0x00000095c3600000,0x00000095c3700000)]
  0x00000223ffbd14d0 JavaThread "Thread-4" [_thread_blocked, id=15540, stack(0x00000095c3300000,0x00000095c3400000)]
  0x00000223ffbd0ab0 JavaThread "restartedMain" [_thread_blocked, id=23564, stack(0x00000095c4800000,0x00000095c4900000)]
  0x00000223ffbcf160 JavaThread "Catalina-utility-1" [_thread_blocked, id=19108, stack(0x00000095c5500000,0x00000095c5600000)]
  0x00000223ffbcbec0 JavaThread "Catalina-utility-2" [_thread_blocked, id=10060, stack(0x00000095c5600000,0x00000095c5700000)]
  0x00000223ffbd0fc0 JavaThread "container-0" [_thread_blocked, id=6044, stack(0x00000095c5800000,0x00000095c5900000)]
  0x00000223ffbd0090 JavaThread "HikariPool-2 housekeeper" daemon [_thread_blocked, id=18184, stack(0x00000095c5a00000,0x00000095c5b00000)]
  0x00000223fe320c10 JavaThread "C2 CompilerThread1" daemon [_thread_blocked, id=11236, stack(0x00000095c3400000,0x00000095c3500000)]

Other Threads:
=>0x00000223f75d8090 VMThread "VM Thread" [stack: 0x00000095c3c00000,0x00000095c3d00000] [id=9768]
  0x00000223d9769700 WatcherThread [stack: 0x00000095c4c00000,0x00000095c4d00000] [id=4956]
  0x00000223d9744840 GCTaskThread "GC Thread#0" [stack: 0x00000095c3700000,0x00000095c3800000] [id=20364]
  0x00000223fce373d0 GCTaskThread "GC Thread#1" [stack: 0x00000095c4d00000,0x00000095c4e00000] [id=18884]
  0x00000223fcd22830 GCTaskThread "GC Thread#2" [stack: 0x00000095c4e00000,0x00000095c4f00000] [id=21624]
  0x00000223fcbddc60 GCTaskThread "GC Thread#3" [stack: 0x00000095c4f00000,0x00000095c5000000] [id=23964]
  0x00000223fd727270 GCTaskThread "GC Thread#4" [stack: 0x00000095c5000000,0x00000095c5100000] [id=25064]
  0x00000223fd7285b0 GCTaskThread "GC Thread#5" [stack: 0x00000095c5100000,0x00000095c5200000] [id=18852]
  0x00000223fd7282f0 GCTaskThread "GC Thread#6" [stack: 0x00000095c5200000,0x00000095c5300000] [id=14360]
  0x00000223fd728030 GCTaskThread "GC Thread#7" [stack: 0x00000095c5700000,0x00000095c5800000] [id=7752]
  0x00000223d9754e10 ConcurrentGCThread "G1 Main Marker" [stack: 0x00000095c3800000,0x00000095c3900000] [id=18276]
  0x00000223d9755820 ConcurrentGCThread "G1 Conc#0" [stack: 0x00000095c3900000,0x00000095c3a00000] [id=10432]
  0x00000223fd728b30 ConcurrentGCThread "G1 Conc#1" [stack: 0x00000095c5900000,0x00000095c5a00000] [id=5568]
  0x00000223d978e7b0 ConcurrentGCThread "G1 Refine#0" [stack: 0x00000095c3a00000,0x00000095c3b00000] [id=16780]
  0x00000223fcf649a0 ConcurrentGCThread "G1 Refine#1" [stack: 0x00000095c5300000,0x00000095c5400000] [id=3436]
  0x00000223fc673540 ConcurrentGCThread "G1 Refine#2" [stack: 0x00000095c5400000,0x00000095c5500000] [id=16580]
  0x00000223c1d037e0 ConcurrentGCThread "G1 Refine#3" [stack: 0x00000095c6100000,0x00000095c6200000] [id=15812]
  0x00000223c1d06100 ConcurrentGCThread "G1 Refine#4" [stack: 0x00000095c6200000,0x00000095c6300000] [id=18264]
  0x00000223c1d05b20 ConcurrentGCThread "G1 Refine#5" [stack: 0x00000095c6300000,0x00000095c6400000] [id=21336]
  0x00000223f7496350 ConcurrentGCThread "G1 Service" [stack: 0x00000095c3b00000,0x00000095c3c00000] [id=7572]

Threads with active compile tasks:
C2 CompilerThread1   715158 14996       4       org.aspectj.weaver.World$TypeMap::put (585 bytes)

VM state: at safepoint (normal execution)

VM Mutex/Monitor currently owned by a thread:  ([mutex/lock_event])
[0x00000223d96dee90] Threads_lock - owner thread: 0x00000223f75d8090
[0x00000223d96df4c0] Heap_lock - owner thread: 0x00000223ffbd0ab0

Heap address: 0x0000000084c00000, size: 1972 MB, Compressed Oops mode: 32-bit

CDS archive(s) mapped at: [0x0000022380000000-0x0000022380bd0000-0x0000022380bd0000), size 12386304, SharedBaseAddress: 0x0000022380000000, ArchiveRelocationMode: 1.
Compressed class space mapped at: 0x0000022381000000-0x00000223c1000000, reserved size: 1073741824
Narrow klass base: 0x0000022380000000, Narrow klass shift: 0, Narrow klass range: 0x100000000

GC Precious Log:
 CPUs: 8 total, 8 available
 Memory: 7883M
 Large Page Support: Disabled
 NUMA Support: Disabled
 Compressed Oops: Enabled (32-bit)
 Heap Region Size: 1M
 Heap Min Capacity: 8M
 Heap Initial Capacity: 124M
 Heap Max Capacity: 1972M
 Pre-touch: Disabled
 Parallel Workers: 8
 Concurrent Workers: 2
 Concurrent Refinement Workers: 8
 Periodic GC: Disabled

Heap:
 garbage-first heap   total 181248K, used 88328K [0x0000000084c00000, 0x0000000100000000)
  region size 1024K, 3 young (3072K), 3 survivors (3072K)
 Metaspace       used 105885K, committed 106688K, reserved 1179648K
  class space    used 14118K, committed 14528K, reserved 1048576K

Heap Regions: E=young(eden), S=young(survivor), O=old, HS=humongous(starts), HC=humongous(continues), CS=collection set, F=free, OA=open archive, CA=closed archive, TAMS=top-at-mark-start (previous, next)
|   0|0x0000000084c00000, 0x0000000084d00000, 0x0000000084d00000|100%|HS|  |TAMS 0x0000000084d00000, 0x0000000084d00000| Complete 
|   1|0x0000000084d00000, 0x0000000084e00000, 0x0000000084e00000|100%|HS|  |TAMS 0x0000000084e00000, 0x0000000084e00000| Complete 
|   2|0x0000000084e00000, 0x0000000084f00000, 0x0000000084f00000|100%| O|  |TAMS 0x0000000084f00000, 0x0000000084f00000| Untracked 
|   3|0x0000000084f00000, 0x0000000085000000, 0x0000000085000000|100%| O|  |TAMS 0x0000000085000000, 0x0000000085000000| Untracked 
|   4|0x0000000085000000, 0x0000000085100000, 0x0000000085100000|100%| O|  |TAMS 0x0000000085100000, 0x0000000085100000| Untracked 
|   5|0x0000000085100000, 0x0000000085200000, 0x0000000085200000|100%| O|  |TAMS 0x0000000085200000, 0x0000000085200000| Untracked 
|   6|0x0000000085200000, 0x0000000085300000, 0x0000000085300000|100%| O|  |TAMS 0x0000000085300000, 0x0000000085300000| Untracked 
|   7|0x0000000085300000, 0x00000000853fffe8, 0x0000000085400000| 99%| O|  |TAMS 0x00000000853fffe8, 0x00000000853fffe8| Untracked 
|   8|0x0000000085400000, 0x00000000854fffa0, 0x0000000085500000| 99%| O|  |TAMS 0x00000000854fffa0, 0x00000000854fffa0| Untracked 
|   9|0x0000000085500000, 0x00000000855fffd0, 0x0000000085600000| 99%| O|  |TAMS 0x00000000855fffd0, 0x00000000855fffd0| Untracked 
|  10|0x0000000085600000, 0x0000000085700000, 0x0000000085700000|100%| O|  |TAMS 0x0000000085700000, 0x0000000085700000| Untracked 
|  11|0x0000000085700000, 0x0000000085800000, 0x0000000085800000|100%| O|  |TAMS 0x0000000085800000, 0x0000000085800000| Untracked 
|  12|0x0000000085800000, 0x00000000858ffff8, 0x0000000085900000| 99%| O|  |TAMS 0x00000000858ffff8, 0x00000000858ffff8| Untracked 
|  13|0x0000000085900000, 0x00000000859fffb8, 0x0000000085a00000| 99%| O|  |TAMS 0x00000000859fffb8, 0x00000000859fffb8| Untracked 
|  14|0x0000000085a00000, 0x0000000085affff0, 0x0000000085b00000| 99%| O|  |TAMS 0x0000000085affff0, 0x0000000085affff0| Untracked 
|  15|0x0000000085b00000, 0x0000000085bfffe8, 0x0000000085c00000| 99%| O|  |TAMS 0x0000000085bfffe8, 0x0000000085bfffe8| Untracked 
|  16|0x0000000085c00000, 0x0000000085d00000, 0x0000000085d00000|100%| O|  |TAMS 0x0000000085d00000, 0x0000000085d00000| Untracked 
|  17|0x0000000085d00000, 0x0000000085dffff0, 0x0000000085e00000| 99%| O|  |TAMS 0x0000000085dffff0, 0x0000000085dffff0| Untracked 
|  18|0x0000000085e00000, 0x0000000085effff8, 0x0000000085f00000| 99%| O|  |TAMS 0x0000000085effff8, 0x0000000085effff8| Untracked 
|  19|0x0000000085f00000, 0x0000000085ff64b0, 0x0000000086000000| 96%| O|  |TAMS 0x0000000085ff64b0, 0x0000000085ff64b0| Untracked 
|  20|0x0000000086000000, 0x0000000086100000, 0x0000000086100000|100%| O|  |TAMS 0x0000000086100000, 0x0000000086100000| Untracked 
|  21|0x0000000086100000, 0x00000000861fd850, 0x0000000086200000| 99%| O|  |TAMS 0x00000000861fd850, 0x00000000861fd850| Untracked 
|  22|0x0000000086200000, 0x00000000862ffff8, 0x0000000086300000| 99%| O|  |TAMS 0x00000000862ffff8, 0x00000000862ffff8| Untracked 
|  23|0x0000000086300000, 0x00000000863fffe0, 0x0000000086400000| 99%| O|  |TAMS 0x00000000863fffe0, 0x00000000863fffe0| Untracked 
|  24|0x0000000086400000, 0x00000000864fffe8, 0x0000000086500000| 99%| O|  |TAMS 0x00000000864fffe8, 0x00000000864fffe8| Untracked 
|  25|0x0000000086500000, 0x00000000865ffff8, 0x0000000086600000| 99%| O|  |TAMS 0x00000000865ffff8, 0x00000000865ffff8| Untracked 
|  26|0x0000000086600000, 0x00000000866fffd8, 0x0000000086700000| 99%| O|  |TAMS 0x00000000866fffd8, 0x00000000866fffd8| Untracked 
|  27|0x0000000086700000, 0x00000000867fffe0, 0x0000000086800000| 99%| O|  |TAMS 0x00000000867fffe0, 0x00000000867fffe0| Untracked 
|  28|0x0000000086800000, 0x0000000086900000, 0x0000000086900000|100%| O|  |TAMS 0x0000000086900000, 0x0000000086900000| Untracked 
|  29|0x0000000086900000, 0x0000000086a00000, 0x0000000086a00000|100%| O|  |TAMS 0x0000000086a00000, 0x0000000086a00000| Untracked 
|  30|0x0000000086a00000, 0x0000000086afd418, 0x0000000086b00000| 98%| O|  |TAMS 0x0000000086afd418, 0x0000000086afd418| Untracked 
|  31|0x0000000086b00000, 0x0000000086bffff8, 0x0000000086c00000| 99%| O|  |TAMS 0x0000000086bffff8, 0x0000000086bffff8| Untracked 
|  32|0x0000000086c00000, 0x0000000086d00000, 0x0000000086d00000|100%| O|  |TAMS 0x0000000086d00000, 0x0000000086d00000| Untracked 
|  33|0x0000000086d00000, 0x0000000086dffff8, 0x0000000086e00000| 99%| O|  |TAMS 0x0000000086dffff8, 0x0000000086dffff8| Untracked 
|  34|0x0000000086e00000, 0x0000000086efffd0, 0x0000000086f00000| 99%| O|  |TAMS 0x0000000086efffd0, 0x0000000086efffd0| Untracked 
|  35|0x0000000086f00000, 0x0000000086fffff0, 0x0000000087000000| 99%| O|  |TAMS 0x0000000086fffff0, 0x0000000086fffff0| Untracked 
|  36|0x0000000087000000, 0x00000000870fffe8, 0x0000000087100000| 99%| O|  |TAMS 0x00000000870fffe8, 0x00000000870fffe8| Untracked 
|  37|0x0000000087100000, 0x00000000871ff828, 0x0000000087200000| 99%| O|  |TAMS 0x00000000871ff828, 0x00000000871ff828| Untracked 
|  38|0x0000000087200000, 0x0000000087300000, 0x0000000087300000|100%| O|  |TAMS 0x0000000087300000, 0x0000000087300000| Untracked 
|  39|0x0000000087300000, 0x0000000087400000, 0x0000000087400000|100%| O|  |TAMS 0x0000000087400000, 0x0000000087400000| Untracked 
|  40|0x0000000087400000, 0x00000000874933e8, 0x0000000087500000| 57%| O|  |TAMS 0x00000000874933e8, 0x00000000874933e8| Untracked 
|  41|0x0000000087500000, 0x0000000087600000, 0x0000000087600000|100%| O|  |TAMS 0x0000000087600000, 0x0000000087600000| Untracked 
|  42|0x0000000087600000, 0x00000000876119a0, 0x0000000087700000|  6%| O|  |TAMS 0x00000000876119a0, 0x00000000876119a0| Untracked 
|  43|0x0000000087700000, 0x0000000087800000, 0x0000000087800000|100%| O|  |TAMS 0x0000000087800000, 0x0000000087800000| Untracked 
|  44|0x0000000087800000, 0x0000000087900000, 0x0000000087900000|100%| O|  |TAMS 0x0000000087900000, 0x0000000087900000| Untracked 
|  45|0x0000000087900000, 0x0000000087924460, 0x0000000087a00000| 14%| O|  |TAMS 0x0000000087924460, 0x0000000087924460| Untracked 
|  46|0x0000000087a00000, 0x0000000087b00000, 0x0000000087b00000|100%| O|  |TAMS 0x0000000087b00000, 0x0000000087b00000| Untracked 
|  47|0x0000000087b00000, 0x0000000087b7b8e0, 0x0000000087c00000| 48%| O|  |TAMS 0x0000000087b7b8e0, 0x0000000087b7b8e0| Untracked 
|  48|0x0000000087c00000, 0x0000000087d00000, 0x0000000087d00000|100%| O|  |TAMS 0x0000000087d00000, 0x0000000087d00000| Untracked 
|  49|0x0000000087d00000, 0x0000000087dfbc08, 0x0000000087e00000| 98%| O|  |TAMS 0x0000000087dfbc08, 0x0000000087dfbc08| Untracked 
|  50|0x0000000087e00000, 0x0000000087f00000, 0x0000000087f00000|100%| O|  |TAMS 0x0000000087f00000, 0x0000000087f00000| Untracked 
|  51|0x0000000087f00000, 0x0000000088000000, 0x0000000088000000|100%| O|  |TAMS 0x0000000088000000, 0x0000000088000000| Untracked 
|  52|0x0000000088000000, 0x0000000088100000, 0x0000000088100000|100%| O|  |TAMS 0x0000000088000000, 0x0000000088100000| Untracked 
|  53|0x0000000088100000, 0x0000000088200000, 0x0000000088200000|100%| O|  |TAMS 0x0000000088200000, 0x0000000088200000| Untracked 
|  54|0x0000000088200000, 0x0000000088300000, 0x0000000088300000|100%| O|  |TAMS 0x0000000088300000, 0x0000000088300000| Untracked 
|  55|0x0000000088300000, 0x0000000088400000, 0x0000000088400000|100%| O|  |TAMS 0x00000000883dcc00, 0x0000000088400000| Untracked 
|  56|0x0000000088400000, 0x0000000088500000, 0x0000000088500000|100%|HS|  |TAMS 0x0000000088500000, 0x0000000088500000| Complete 
|  57|0x0000000088500000, 0x0000000088600000, 0x0000000088600000|100%|HC|  |TAMS 0x0000000088600000, 0x0000000088600000| Complete 
|  58|0x0000000088600000, 0x0000000088700000, 0x0000000088700000|100%| O|  |TAMS 0x0000000088700000, 0x0000000088700000| Untracked 
|  59|0x0000000088700000, 0x0000000088800000, 0x0000000088800000|100%| O|  |TAMS 0x0000000088700000, 0x0000000088800000| Untracked 
|  60|0x0000000088800000, 0x0000000088900000, 0x0000000088900000|100%| O|  |TAMS 0x0000000088800000, 0x0000000088900000| Untracked 
|  61|0x0000000088900000, 0x00000000889fffe8, 0x0000000088a00000| 99%| O|  |TAMS 0x00000000889fffe8, 0x00000000889fffe8| Untracked 
|  62|0x0000000088a00000, 0x0000000088b00000, 0x0000000088b00000|100%| O|  |TAMS 0x0000000088a00000, 0x0000000088b00000| Untracked 
|  63|0x0000000088b00000, 0x0000000088c00000, 0x0000000088c00000|100%| O|  |TAMS 0x0000000088b00000, 0x0000000088c00000| Untracked 
|  64|0x0000000088c00000, 0x0000000088d00000, 0x0000000088d00000|100%| O|  |TAMS 0x0000000088c00000, 0x0000000088d00000| Untracked 
|  65|0x0000000088d00000, 0x0000000088e00000, 0x0000000088e00000|100%| O|  |TAMS 0x0000000088d00000, 0x0000000088e00000| Untracked 
|  66|0x0000000088e00000, 0x0000000088f00000, 0x0000000088f00000|100%|HS|  |TAMS 0x0000000088e00000, 0x0000000088f00000| Complete 
|  67|0x0000000088f00000, 0x0000000089000000, 0x0000000089000000|100%|HS|  |TAMS 0x0000000088f00000, 0x0000000089000000| Complete 
|  68|0x0000000089000000, 0x0000000089100000, 0x0000000089100000|100%|HC|  |TAMS 0x0000000089000000, 0x0000000089100000| Complete 
|  69|0x0000000089100000, 0x0000000089200000, 0x0000000089200000|100%| O|  |TAMS 0x0000000089100000, 0x0000000089200000| Untracked 
|  70|0x0000000089200000, 0x0000000089300000, 0x0000000089300000|100%| O|  |TAMS 0x0000000089200000, 0x0000000089300000| Untracked 
|  71|0x0000000089300000, 0x0000000089400000, 0x0000000089400000|100%| O|  |TAMS 0x0000000089300000, 0x0000000089400000| Untracked 
|  72|0x0000000089400000, 0x0000000089500000, 0x0000000089500000|100%| O|  |TAMS 0x0000000089400000, 0x0000000089500000| Untracked 
|  73|0x0000000089500000, 0x0000000089600000, 0x0000000089600000|100%| O|  |TAMS 0x0000000089500000, 0x0000000089600000| Untracked 
|  74|0x0000000089600000, 0x0000000089700000, 0x0000000089700000|100%| O|  |TAMS 0x0000000089600000, 0x0000000089700000| Untracked 
|  75|0x0000000089700000, 0x00000000897f8a58, 0x0000000089800000| 97%| O|  |TAMS 0x00000000897f8a58, 0x00000000897f8a58| Untracked 
|  76|0x0000000089800000, 0x0000000089900000, 0x0000000089900000|100%| O|  |TAMS 0x0000000089800000, 0x0000000089900000| Untracked 
|  77|0x0000000089900000, 0x0000000089953378, 0x0000000089a00000| 32%| O|  |TAMS 0x0000000089953378, 0x0000000089953378| Untracked 
|  78|0x0000000089a00000, 0x0000000089b00000, 0x0000000089b00000|100%| O|  |TAMS 0x0000000089a00000, 0x0000000089b00000| Untracked 
|  79|0x0000000089b00000, 0x0000000089c00000, 0x0000000089c00000|100%| O|  |TAMS 0x0000000089b00000, 0x0000000089b00000| Untracked 
|  80|0x0000000089c00000, 0x0000000089d00000, 0x0000000089d00000|100%| O|  |TAMS 0x0000000089c00000, 0x0000000089c00000| Untracked 
|  81|0x0000000089d00000, 0x0000000089e00000, 0x0000000089e00000|100%| O|  |TAMS 0x0000000089d00000, 0x0000000089d00000| Untracked 
|  82|0x0000000089e00000, 0x0000000089f00000, 0x0000000089f00000|100%| O|  |TAMS 0x0000000089e00000, 0x0000000089e00000| Untracked 
|  83|0x0000000089f00000, 0x000000008a000000, 0x000000008a000000|100%| O|  |TAMS 0x0000000089f00000, 0x0000000089f00000| Untracked 
|  84|0x000000008a000000, 0x000000008a090000, 0x000000008a100000| 56%| O|  |TAMS 0x000000008a000000, 0x000000008a000000| Untracked 
|  85|0x000000008a100000, 0x000000008a100000, 0x000000008a200000|  0%| F|  |TAMS 0x000000008a100000, 0x000000008a100000| Untracked 
|  86|0x000000008a200000, 0x000000008a200000, 0x000000008a300000|  0%| F|  |TAMS 0x000000008a200000, 0x000000008a200000| Untracked 
|  87|0x000000008a300000, 0x000000008a300000, 0x000000008a400000|  0%| F|  |TAMS 0x000000008a300000, 0x000000008a300000| Untracked 
|  88|0x000000008a400000, 0x000000008a400000, 0x000000008a500000|  0%| F|  |TAMS 0x000000008a400000, 0x000000008a400000| Untracked 
|  89|0x000000008a500000, 0x000000008a500000, 0x000000008a600000|  0%| F|  |TAMS 0x000000008a500000, 0x000000008a500000| Untracked 
|  90|0x000000008a600000, 0x000000008a600000, 0x000000008a700000|  0%| F|  |TAMS 0x000000008a600000, 0x000000008a600000| Untracked 
|  91|0x000000008a700000, 0x000000008a700000, 0x000000008a800000|  0%| F|  |TAMS 0x000000008a700000, 0x000000008a700000| Untracked 
|  92|0x000000008a800000, 0x000000008a800000, 0x000000008a900000|  0%| F|  |TAMS 0x000000008a800000, 0x000000008a800000| Untracked 
|  93|0x000000008a900000, 0x000000008a900000, 0x000000008aa00000|  0%| F|  |TAMS 0x000000008a900000, 0x000000008a900000| Untracked 
|  94|0x000000008aa00000, 0x000000008aa00000, 0x000000008ab00000|  0%| F|  |TAMS 0x000000008aa00000, 0x000000008aa00000| Untracked 
|  95|0x000000008ab00000, 0x000000008ab00000, 0x000000008ac00000|  0%| F|  |TAMS 0x000000008ab00000, 0x000000008ab00000| Untracked 
|  96|0x000000008ac00000, 0x000000008ac00000, 0x000000008ad00000|  0%| F|  |TAMS 0x000000008ac00000, 0x000000008ac00000| Untracked 
|  97|0x000000008ad00000, 0x000000008ad00000, 0x000000008ae00000|  0%| F|  |TAMS 0x000000008ad00000, 0x000000008ad00000| Untracked 
|  98|0x000000008ae00000, 0x000000008ae00000, 0x000000008af00000|  0%| F|  |TAMS 0x000000008ae00000, 0x000000008ae00000| Untracked 
|  99|0x000000008af00000, 0x000000008af00000, 0x000000008b000000|  0%| F|  |TAMS 0x000000008af00000, 0x000000008af00000| Untracked 
| 100|0x000000008b000000, 0x000000008b000000, 0x000000008b100000|  0%| F|  |TAMS 0x000000008b000000, 0x000000008b000000| Untracked 
| 101|0x000000008b100000, 0x000000008b100000, 0x000000008b200000|  0%| F|  |TAMS 0x000000008b100000, 0x000000008b100000| Untracked 
| 102|0x000000008b200000, 0x000000008b200000, 0x000000008b300000|  0%| F|  |TAMS 0x000000008b200000, 0x000000008b200000| Untracked 
| 103|0x000000008b300000, 0x000000008b300000, 0x000000008b400000|  0%| F|  |TAMS 0x000000008b300000, 0x000000008b300000| Untracked 
| 104|0x000000008b400000, 0x000000008b400000, 0x000000008b500000|  0%| F|  |TAMS 0x000000008b400000, 0x000000008b400000| Untracked 
| 105|0x000000008b500000, 0x000000008b500000, 0x000000008b600000|  0%| F|  |TAMS 0x000000008b500000, 0x000000008b500000| Untracked 
| 106|0x000000008b600000, 0x000000008b600000, 0x000000008b700000|  0%| F|  |TAMS 0x000000008b600000, 0x000000008b600000| Untracked 
| 107|0x000000008b700000, 0x000000008b700000, 0x000000008b800000|  0%| F|  |TAMS 0x000000008b700000, 0x000000008b700000| Untracked 
| 108|0x000000008b800000, 0x000000008b8fffe8, 0x000000008b900000| 99%| O|  |TAMS 0x000000008b8fffe8, 0x000000008b8fffe8| Untracked 
| 109|0x000000008b900000, 0x000000008b900000, 0x000000008ba00000|  0%| F|  |TAMS 0x000000008b900000, 0x000000008b900000| Untracked 
| 110|0x000000008ba00000, 0x000000008ba00000, 0x000000008bb00000|  0%| F|  |TAMS 0x000000008ba00000, 0x000000008ba00000| Untracked 
| 111|0x000000008bb00000, 0x000000008bb00000, 0x000000008bc00000|  0%| F|  |TAMS 0x000000008bb00000, 0x000000008bb00000| Untracked 
| 112|0x000000008bc00000, 0x000000008bc00000, 0x000000008bd00000|  0%| F|  |TAMS 0x000000008bc00000, 0x000000008bc00000| Untracked 
| 113|0x000000008bd00000, 0x000000008bdc4b48, 0x000000008be00000| 76%| O|  |TAMS 0x000000008bdc4b48, 0x000000008bdc4b48| Untracked 
| 114|0x000000008be00000, 0x000000008be00000, 0x000000008bf00000|  0%| F|  |TAMS 0x000000008be00000, 0x000000008be00000| Untracked 
| 115|0x000000008bf00000, 0x000000008bf00000, 0x000000008c000000|  0%| F|  |TAMS 0x000000008bf00000, 0x000000008bf00000| Untracked 
| 116|0x000000008c000000, 0x000000008c000000, 0x000000008c100000|  0%| F|  |TAMS 0x000000008c000000, 0x000000008c000000| Untracked 
| 117|0x000000008c100000, 0x000000008c100000, 0x000000008c200000|  0%| F|  |TAMS 0x000000008c100000, 0x000000008c100000| Untracked 
| 118|0x000000008c200000, 0x000000008c200000, 0x000000008c300000|  0%| F|  |TAMS 0x000000008c200000, 0x000000008c200000| Untracked 
| 119|0x000000008c300000, 0x000000008c300000, 0x000000008c400000|  0%| F|  |TAMS 0x000000008c300000, 0x000000008c300000| Untracked 
| 120|0x000000008c400000, 0x000000008c400000, 0x000000008c500000|  0%| F|  |TAMS 0x000000008c400000, 0x000000008c400000| Untracked 
| 121|0x000000008c500000, 0x000000008c500000, 0x000000008c600000|  0%| F|  |TAMS 0x000000008c500000, 0x000000008c500000| Untracked 
| 122|0x000000008c600000, 0x000000008c600000, 0x000000008c700000|  0%| F|  |TAMS 0x000000008c600000, 0x000000008c600000| Untracked 
| 123|0x000000008c700000, 0x000000008c700000, 0x000000008c800000|  0%| F|  |TAMS 0x000000008c700000, 0x000000008c700000| Untracked 
| 124|0x000000008c800000, 0x000000008c800000, 0x000000008c900000|  0%| F|  |TAMS 0x000000008c800000, 0x000000008c800000| Untracked 
| 125|0x000000008c900000, 0x000000008c900000, 0x000000008ca00000|  0%| F|  |TAMS 0x000000008c900000, 0x000000008c900000| Untracked 
| 126|0x000000008ca00000, 0x000000008ca00000, 0x000000008cb00000|  0%| F|  |TAMS 0x000000008ca00000, 0x000000008ca00000| Untracked 
| 127|0x000000008cb00000, 0x000000008cb00000, 0x000000008cc00000|  0%| F|  |TAMS 0x000000008cb00000, 0x000000008cb00000| Untracked 
| 128|0x000000008cc00000, 0x000000008cc00000, 0x000000008cd00000|  0%| F|  |TAMS 0x000000008cc00000, 0x000000008cc00000| Untracked 
| 129|0x000000008cd00000, 0x000000008cd00000, 0x000000008ce00000|  0%| F|  |TAMS 0x000000008cd00000, 0x000000008cd00000| Untracked 
| 130|0x000000008ce00000, 0x000000008ce00000, 0x000000008cf00000|  0%| F|  |TAMS 0x000000008ce00000, 0x000000008ce00000| Untracked 
| 131|0x000000008cf00000, 0x000000008cf00000, 0x000000008d000000|  0%| F|  |TAMS 0x000000008cf00000, 0x000000008cf00000| Untracked 
| 132|0x000000008d000000, 0x000000008d000000, 0x000000008d100000|  0%| F|  |TAMS 0x000000008d000000, 0x000000008d000000| Untracked 
| 133|0x000000008d100000, 0x000000008d170cb0, 0x000000008d200000| 44%| S|CS|TAMS 0x000000008d100000, 0x000000008d100000| Complete 
| 134|0x000000008d200000, 0x000000008d300000, 0x000000008d300000|100%| S|CS|TAMS 0x000000008d200000, 0x000000008d200000| Complete 
| 135|0x000000008d300000, 0x000000008d400000, 0x000000008d400000|100%| S|CS|TAMS 0x000000008d300000, 0x000000008d300000| Complete 
| 136|0x000000008d400000, 0x000000008d400000, 0x000000008d500000|  0%| F|  |TAMS 0x000000008d400000, 0x000000008d400000| Untracked 
| 137|0x000000008d500000, 0x000000008d500000, 0x000000008d600000|  0%| F|  |TAMS 0x000000008d500000, 0x000000008d500000| Untracked 
| 138|0x000000008d600000, 0x000000008d600000, 0x000000008d700000|  0%| F|  |TAMS 0x000000008d600000, 0x000000008d600000| Untracked 
| 139|0x000000008d700000, 0x000000008d700000, 0x000000008d800000|  0%| F|  |TAMS 0x000000008d700000, 0x000000008d700000| Untracked 
| 140|0x000000008d800000, 0x000000008d800000, 0x000000008d900000|  0%| F|  |TAMS 0x000000008d800000, 0x000000008d800000| Untracked 
| 141|0x000000008d900000, 0x000000008d900000, 0x000000008da00000|  0%| F|  |TAMS 0x000000008d900000, 0x000000008d900000| Untracked 
| 142|0x000000008da00000, 0x000000008da00000, 0x000000008db00000|  0%| F|  |TAMS 0x000000008da00000, 0x000000008da00000| Untracked 
| 143|0x000000008db00000, 0x000000008db00000, 0x000000008dc00000|  0%| F|  |TAMS 0x000000008db00000, 0x000000008db00000| Untracked 
| 144|0x000000008dc00000, 0x000000008dc00000, 0x000000008dd00000|  0%| F|  |TAMS 0x000000008dc00000, 0x000000008dc00000| Untracked 
| 145|0x000000008dd00000, 0x000000008de00000, 0x000000008de00000|100%| O|  |TAMS 0x000000008de00000, 0x000000008de00000| Untracked 
| 146|0x000000008de00000, 0x000000008de00000, 0x000000008df00000|  0%| F|  |TAMS 0x000000008de00000, 0x000000008de00000| Untracked 
| 147|0x000000008df00000, 0x000000008df00000, 0x000000008e000000|  0%| F|  |TAMS 0x000000008df00000, 0x000000008df00000| Untracked 
| 148|0x000000008e000000, 0x000000008e000000, 0x000000008e100000|  0%| F|  |TAMS 0x000000008e000000, 0x000000008e000000| Untracked 
| 149|0x000000008e100000, 0x000000008e100000, 0x000000008e200000|  0%| F|  |TAMS 0x000000008e100000, 0x000000008e100000| Untracked 
| 150|0x000000008e200000, 0x000000008e200000, 0x000000008e300000|  0%| F|  |TAMS 0x000000008e200000, 0x000000008e200000| Untracked 
| 151|0x000000008e300000, 0x000000008e300000, 0x000000008e400000|  0%| F|  |TAMS 0x000000008e300000, 0x000000008e300000| Untracked 
| 152|0x000000008e400000, 0x000000008e400000, 0x000000008e500000|  0%| F|  |TAMS 0x000000008e400000, 0x000000008e400000| Untracked 
| 153|0x000000008e500000, 0x000000008e500000, 0x000000008e600000|  0%| F|  |TAMS 0x000000008e500000, 0x000000008e500000| Untracked 
| 154|0x000000008e600000, 0x000000008e600000, 0x000000008e700000|  0%| F|  |TAMS 0x000000008e600000, 0x000000008e600000| Untracked 
| 155|0x000000008e700000, 0x000000008e700000, 0x000000008e800000|  0%| F|  |TAMS 0x000000008e700000, 0x000000008e700000| Untracked 
| 156|0x000000008e800000, 0x000000008e800000, 0x000000008e900000|  0%| F|  |TAMS 0x000000008e800000, 0x000000008e800000| Untracked 
| 157|0x000000008e900000, 0x000000008e900000, 0x000000008ea00000|  0%| F|  |TAMS 0x000000008e900000, 0x000000008e900000| Untracked 
| 158|0x000000008ea00000, 0x000000008ea00000, 0x000000008eb00000|  0%| F|  |TAMS 0x000000008ea00000, 0x000000008ea00000| Untracked 
| 159|0x000000008eb00000, 0x000000008eb00000, 0x000000008ec00000|  0%| F|  |TAMS 0x000000008eb00000, 0x000000008eb00000| Untracked 
| 160|0x000000008ec00000, 0x000000008ec00000, 0x000000008ed00000|  0%| F|  |TAMS 0x000000008ec00000, 0x000000008ec00000| Untracked 
| 161|0x000000008ed00000, 0x000000008ed00000, 0x000000008ee00000|  0%| F|  |TAMS 0x000000008ed00000, 0x000000008ed00000| Untracked 
| 162|0x000000008ee00000, 0x000000008ee00000, 0x000000008ef00000|  0%| F|  |TAMS 0x000000008ee00000, 0x000000008ee00000| Untracked 
| 163|0x000000008ef00000, 0x000000008ef00000, 0x000000008f000000|  0%| F|  |TAMS 0x000000008ef00000, 0x000000008ef00000| Untracked 
| 164|0x000000008f000000, 0x000000008f000000, 0x000000008f100000|  0%| F|  |TAMS 0x000000008f000000, 0x000000008f000000| Untracked 
| 165|0x000000008f100000, 0x000000008f100000, 0x000000008f200000|  0%| F|  |TAMS 0x000000008f100000, 0x000000008f100000| Untracked 
| 166|0x000000008f200000, 0x000000008f200000, 0x000000008f300000|  0%| F|  |TAMS 0x000000008f200000, 0x000000008f200000| Untracked 
| 167|0x000000008f300000, 0x000000008f300000, 0x000000008f400000|  0%| F|  |TAMS 0x000000008f300000, 0x000000008f300000| Untracked 
| 168|0x000000008f400000, 0x000000008f400000, 0x000000008f500000|  0%| F|  |TAMS 0x000000008f400000, 0x000000008f400000| Untracked 
| 169|0x000000008f500000, 0x000000008f500000, 0x000000008f600000|  0%| F|  |TAMS 0x000000008f500000, 0x000000008f500000| Untracked 
| 170|0x000000008f600000, 0x000000008f600000, 0x000000008f700000|  0%| F|  |TAMS 0x000000008f600000, 0x000000008f600000| Untracked 
| 171|0x000000008f700000, 0x000000008f700000, 0x000000008f800000|  0%| F|  |TAMS 0x000000008f700000, 0x000000008f700000| Untracked 
| 172|0x000000008f800000, 0x000000008f800000, 0x000000008f900000|  0%| F|  |TAMS 0x000000008f800000, 0x000000008f800000| Untracked 
| 173|0x000000008f900000, 0x000000008f900000, 0x000000008fa00000|  0%| F|  |TAMS 0x000000008f900000, 0x000000008f900000| Untracked 
| 174|0x000000008fa00000, 0x000000008fa00000, 0x000000008fb00000|  0%| F|  |TAMS 0x000000008fa00000, 0x000000008fa00000| Untracked 
| 175|0x000000008fb00000, 0x000000008fb00000, 0x000000008fc00000|  0%| F|  |TAMS 0x000000008fb00000, 0x000000008fb00000| Untracked 
| 176|0x000000008fc00000, 0x000000008fc00000, 0x000000008fd00000|  0%| F|  |TAMS 0x000000008fc00000, 0x000000008fc00000| Untracked 

Card table byte_map: [0x00000223f0670000,0x00000223f0a50000] _byte_map_base: 0x00000223f024a000

Marking Bits (Prev, Next): (CMBitMap*) 0x00000223d9744ea0, (CMBitMap*) 0x00000223d9744e60
 Prev Bits: [0x00000223f2d00000, 0x00000223f4bd0000)
 Next Bits: [0x00000223f0e30000, 0x00000223f2d00000)

Polling page: 0x00000223d8e90000

Metaspace:

Usage:
  Non-class:     89.62 MB used.
      Class:     13.79 MB used.
       Both:    103.40 MB used.

Virtual space:
  Non-class space:      128.00 MB reserved,      90.00 MB ( 70%) committed,  2 nodes.
      Class space:        1.00 GB reserved,      14.19 MB (  1%) committed,  1 nodes.
             Both:        1.12 GB reserved,     104.19 MB (  9%) committed. 

Chunk freelists:
   Non-Class:  5.13 MB
       Class:  1.79 MB
        Both:  6.92 MB

MaxMetaspaceSize: unlimited
CompressedClassSpaceSize: 1.00 GB
Initial GC threshold: 21.00 MB
Current GC threshold: 172.12 MB
CDS: on
MetaspaceReclaimPolicy: balanced
 - commit_granule_bytes: 65536.
 - commit_granule_words: 8192.
 - virtual_space_node_default_size: 8388608.
 - enlarge_chunks_in_place: 1.
 - new_chunks_are_fully_committed: 0.
 - uncommit_free_chunks: 1.
 - use_allocation_guard: 0.
 - handle_deallocations: 1.


Internal statistics:

num_allocs_failed_limit: 12.
num_arena_births: 1378.
num_arena_deaths: 14.
num_vsnodes_births: 3.
num_vsnodes_deaths: 0.
num_space_committed: 1667.
num_space_uncommitted: 0.
num_chunks_returned_to_freelist: 33.
num_chunks_taken_from_freelist: 5441.
num_chunk_merges: 14.
num_chunk_splits: 3778.
num_chunks_enlarged: 2803.
num_inconsistent_stats: 0.

CodeHeap 'non-profiled nmethods': size=120000Kb used=9247Kb max_used=9247Kb free=110753Kb
 bounds [0x00000223e8a30000, 0x00000223e9340000, 0x00000223eff60000]
CodeHeap 'profiled nmethods': size=120000Kb used=21401Kb max_used=21521Kb free=98599Kb
 bounds [0x00000223e0f60000, 0x00000223e2470000, 0x00000223e8490000]
CodeHeap 'non-nmethods': size=5760Kb used=1457Kb max_used=1540Kb free=4303Kb
 bounds [0x00000223e8490000, 0x00000223e8700000, 0x00000223e8a30000]
 total_blobs=12904 nmethods=12115 adapters=699
 compilation: enabled
              stopped_count=0, restarted_count=0
 full_count=0

Compilation events (20 events):
Event: 714.956 Thread 0x00000223f75f9900 nmethod 15000 0x00000223e2461290 code [0x00000223e2461460, 0x00000223e2461a68]
Event: 714.956 Thread 0x00000223f75f9900 15003       3       org.springframework.cglib.proxy.Enhancer$4::beginMethod (75 bytes)
Event: 714.957 Thread 0x00000223f75f9900 nmethod 15003 0x00000223e2461c90 code [0x00000223e2462020, 0x00000223e2463cd8]
Event: 714.957 Thread 0x00000223f75f9900 15004       3       org.springframework.cglib.core.EmitUtils::begin_method (10 bytes)
Event: 714.957 Thread 0x00000223f75f9900 nmethod 15004 0x00000223e2464610 code [0x00000223e24647e0, 0x00000223e2464c58]
Event: 714.957 Thread 0x00000223f75f9900 15005       3       org.springframework.cglib.core.CodeEmitter::aaload (10 bytes)
Event: 714.957 Thread 0x00000223f75f9900 nmethod 15005 0x00000223e2464e10 code [0x00000223e2464fc0, 0x00000223e24651a8]
Event: 714.974 Thread 0x00000223f75f8e50 nmethod 14960 0x00000223e932d790 code [0x00000223e932dbe0, 0x00000223e9330a88]
Event: 714.974 Thread 0x00000223f75f8e50 14998       4       org.springframework.asm.SymbolTable::put (150 bytes)
Event: 714.982 Thread 0x00000223fe320c10 nmethod 14994 0x00000223e9332d90 code [0x00000223e9333000, 0x00000223e9334ef0]
Event: 714.982 Thread 0x00000223fe320c10 14996       4       org.aspectj.weaver.World$TypeMap::put (585 bytes)
Event: 714.984 Thread 0x00000223f75f8e50 nmethod 14998 0x00000223e9336410 code [0x00000223e93365a0, 0x00000223e9336dd8]
Event: 714.984 Thread 0x00000223f75f8e50 14992       4       org.springframework.data.util.Lazy::get (21 bytes)
Event: 714.986 Thread 0x00000223f75f8e50 nmethod 14992 0x00000223e9337110 code [0x00000223e9337280, 0x00000223e9337418]
Event: 714.986 Thread 0x00000223f75f8e50 14995       4       java.util.regex.Matcher::start (65 bytes)
Event: 714.987 Thread 0x00000223f75f8e50 nmethod 14995 0x00000223e9337510 code [0x00000223e93376a0, 0x00000223e93377b8]
Event: 714.987 Thread 0x00000223f75f8e50 14797       4       org.springframework.data.util.Streamable$$Lambda$566/0x00000223813e04a0::iterator (10 bytes)
Event: 714.987 Thread 0x00000223f75f8e50 nmethod 14797 0x00000223e9337910 code [0x00000223e9337a80, 0x00000223e9337b18]
Event: 715.015 Thread 0x00000223f75f9900 15006       3       org.springframework.core.convert.support.GenericConversionService$ConverterCacheKey::equals (51 bytes)
Event: 715.015 Thread 0x00000223f75f9900 nmethod 15006 0x00000223e1a89d10 code [0x00000223e1a89ee0, 0x00000223e1a8a498]

GC Heap History (20 events):
Event: 12.685 GC heap after
{Heap after GC invocations=40 (full 0):
 garbage-first heap   total 464896K, used 176782K [0x0000000084c00000, 0x0000000100000000)
  region size 1024K, 3 young (3072K), 3 survivors (3072K)
 Metaspace       used 94732K, committed 95488K, reserved 1179648K
  class space    used 12808K, committed 13184K, reserved 1048576K
}
Event: 233.129 GC heap before
{Heap before GC invocations=40 (full 0):
 garbage-first heap   total 464896K, used 329358K [0x0000000084c00000, 0x0000000100000000)
  region size 1024K, 152 young (155648K), 3 survivors (3072K)
 Metaspace       used 102822K, committed 103616K, reserved 1179648K
  class space    used 13907K, committed 14272K, reserved 1048576K
}
Event: 233.206 GC heap after
{Heap after GC invocations=41 (full 0):
 garbage-first heap   total 464896K, used 178786K [0x0000000084c00000, 0x0000000100000000)
  region size 1024K, 5 young (5120K), 5 survivors (5120K)
 Metaspace       used 102822K, committed 103616K, reserved 1179648K
  class space    used 13907K, committed 14272K, reserved 1048576K
}
Event: 692.784 GC heap before
{Heap before GC invocations=41 (full 0):
 garbage-first heap   total 464896K, used 295522K [0x0000000084c00000, 0x0000000100000000)
  region size 1024K, 119 young (121856K), 5 survivors (5120K)
 Metaspace       used 103053K, committed 103872K, reserved 1179648K
  class space    used 13935K, committed 14336K, reserved 1048576K
}
Event: 692.830 GC heap after
{Heap after GC invocations=42 (full 0):
 garbage-first heap   total 464896K, used 178364K [0x0000000084c00000, 0x0000000100000000)
  region size 1024K, 5 young (5120K), 5 survivors (5120K)
 Metaspace       used 103053K, committed 103872K, reserved 1179648K
  class space    used 13935K, committed 14336K, reserved 1048576K
}
Event: 696.172 GC heap before
{Heap before GC invocations=42 (full 0):
 garbage-first heap   total 464896K, used 181436K [0x0000000084c00000, 0x0000000100000000)
  region size 1024K, 9 young (9216K), 5 survivors (5120K)
 Metaspace       used 103162K, committed 104000K, reserved 1179648K
  class space    used 13954K, committed 14336K, reserved 1048576K
}
Event: 697.055 GC heap after
{Heap after GC invocations=43 (full 1):
 garbage-first heap   total 181248K, used 50437K [0x0000000084c00000, 0x0000000100000000)
  region size 1024K, 0 young (0K), 0 survivors (0K)
 Metaspace       used 103149K, committed 104000K, reserved 1179648K
  class space    used 13951K, committed 14336K, reserved 1048576K
}
Event: 707.058 GC heap before
{Heap before GC invocations=43 (full 1):
 garbage-first heap   total 181248K, used 135429K [0x0000000084c00000, 0x0000000100000000)
  region size 1024K, 84 young (86016K), 0 survivors (0K)
 Metaspace       used 103893K, committed 104704K, reserved 1179648K
  class space    used 14009K, committed 14400K, reserved 1048576K
}
Event: 707.082 GC heap after
{Heap after GC invocations=44 (full 1):
 garbage-first heap   total 181248K, used 56819K [0x0000000084c00000, 0x0000000100000000)
  region size 1024K, 7 young (7168K), 7 survivors (7168K)
 Metaspace       used 103893K, committed 104704K, reserved 1179648K
  class space    used 14009K, committed 14400K, reserved 1048576K
}
Event: 710.109 GC heap before
{Heap before GC invocations=45 (full 1):
 garbage-first heap   total 181248K, used 136691K [0x0000000084c00000, 0x0000000100000000)
  region size 1024K, 85 young (87040K), 7 survivors (7168K)
 Metaspace       used 104436K, committed 105344K, reserved 1179648K
  class space    used 14037K, committed 14464K, reserved 1048576K
}
Event: 710.196 GC heap after
{Heap after GC invocations=46 (full 1):
 garbage-first heap   total 181248K, used 60398K [0x0000000084c00000, 0x0000000100000000)
  region size 1024K, 4 young (4096K), 4 survivors (4096K)
 Metaspace       used 104436K, committed 105344K, reserved 1179648K
  class space    used 14037K, committed 14464K, reserved 1048576K
}
Event: 712.889 GC heap before
{Heap before GC invocations=46 (full 1):
 garbage-first heap   total 181248K, used 102382K [0x0000000084c00000, 0x0000000100000000)
  region size 1024K, 46 young (47104K), 4 survivors (4096K)
 Metaspace       used 104866K, committed 105728K, reserved 1179648K
  class space    used 14062K, committed 14464K, reserved 1048576K
}
Event: 712.897 GC heap after
{Heap after GC invocations=47 (full 1):
 garbage-first heap   total 181248K, used 65081K [0x0000000084c00000, 0x0000000100000000)
  region size 1024K, 9 young (9216K), 9 survivors (9216K)
 Metaspace       used 104866K, committed 105728K, reserved 1179648K
  class space    used 14062K, committed 14464K, reserved 1048576K
}
Event: 713.141 GC heap before
{Heap before GC invocations=48 (full 1):
 garbage-first heap   total 181248K, used 78393K [0x0000000084c00000, 0x0000000100000000)
  region size 1024K, 22 young (22528K), 9 survivors (9216K)
 Metaspace       used 104866K, committed 105728K, reserved 1179648K
  class space    used 14062K, committed 14464K, reserved 1048576K
}
Event: 713.161 GC heap after
{Heap after GC invocations=49 (full 1):
 garbage-first heap   total 181248K, used 70281K [0x0000000084c00000, 0x0000000100000000)
  region size 1024K, 10 young (10240K), 10 survivors (10240K)
 Metaspace       used 104866K, committed 105728K, reserved 1179648K
  class space    used 14062K, committed 14464K, reserved 1048576K
}
Event: 713.495 GC heap before
{Heap before GC invocations=50 (full 1):
 garbage-first heap   total 181248K, used 78473K [0x0000000084c00000, 0x0000000100000000)
  region size 1024K, 17 young (17408K), 10 survivors (10240K)
 Metaspace       used 104867K, committed 105728K, reserved 1179648K
  class space    used 14062K, committed 14464K, reserved 1048576K
}
Event: 713.520 GC heap after
{Heap after GC invocations=51 (full 1):
 garbage-first heap   total 181248K, used 77611K [0x0000000084c00000, 0x0000000100000000)
  region size 1024K, 9 young (9216K), 9 survivors (9216K)
 Metaspace       used 104867K, committed 105728K, reserved 1179648K
  class space    used 14062K, committed 14464K, reserved 1048576K
}
Event: 714.460 GC heap before
{Heap before GC invocations=52 (full 1):
 garbage-first heap   total 181248K, used 122667K [0x0000000084c00000, 0x0000000100000000)
  region size 1024K, 51 young (52224K), 9 survivors (9216K)
 Metaspace       used 105262K, committed 106048K, reserved 1179648K
  class space    used 14082K, committed 14464K, reserved 1048576K
}
Event: 714.501 GC heap after
{Heap after GC invocations=53 (full 1):
 garbage-first heap   total 181248K, used 85695K [0x0000000084c00000, 0x0000000100000000)
  region size 1024K, 6 young (6144K), 6 survivors (6144K)
 Metaspace       used 105262K, committed 106048K, reserved 1179648K
  class space    used 14082K, committed 14464K, reserved 1048576K
}
Event: 715.020 GC heap before
{Heap before GC invocations=53 (full 1):
 garbage-first heap   total 181248K, used 126655K [0x0000000084c00000, 0x0000000100000000)
  region size 1024K, 46 young (47104K), 6 survivors (6144K)
 Metaspace       used 105885K, committed 106688K, reserved 1179648K
  class space    used 14118K, committed 14528K, reserved 1048576K
}

Deoptimization events (20 events):
Event: 714.695 Thread 0x00000223ffbd0ab0 Uncommon trap: trap_request=0xffffffbe fr.pc=0x00000223e9304ecc relative=0x0000000000002b8c
Event: 714.695 Thread 0x00000223ffbd0ab0 Uncommon trap: reason=profile_predicate action=maybe_recompile pc=0x00000223e9304ecc method=jdk.internal.jimage.ImageStringsReader.stringFromByteBufferMatches(Ljava/nio/ByteBuffer;ILjava/lang/String;I)I @ 19 c2
Event: 714.695 Thread 0x00000223ffbd0ab0 DEOPT PACKING pc=0x00000223e9304ecc sp=0x00000095c48fb620
Event: 714.695 Thread 0x00000223ffbd0ab0 DEOPT UNPACKING pc=0x00000223e84e5ba3 sp=0x00000095c48fb308 mode 2
Event: 714.695 Thread 0x00000223ffbd0ab0 Uncommon trap: trap_request=0xffffffbe fr.pc=0x00000223e9304ecc relative=0x0000000000002b8c
Event: 714.695 Thread 0x00000223ffbd0ab0 Uncommon trap: reason=profile_predicate action=maybe_recompile pc=0x00000223e9304ecc method=jdk.internal.jimage.ImageStringsReader.stringFromByteBufferMatches(Ljava/nio/ByteBuffer;ILjava/lang/String;I)I @ 19 c2
Event: 714.695 Thread 0x00000223ffbd0ab0 DEOPT PACKING pc=0x00000223e9304ecc sp=0x00000095c48fb620
Event: 714.695 Thread 0x00000223ffbd0ab0 DEOPT UNPACKING pc=0x00000223e84e5ba3 sp=0x00000095c48fb308 mode 2
Event: 714.695 Thread 0x00000223ffbd0ab0 Uncommon trap: trap_request=0xffffffbe fr.pc=0x00000223e9304ecc relative=0x0000000000002b8c
Event: 714.695 Thread 0x00000223ffbd0ab0 Uncommon trap: reason=profile_predicate action=maybe_recompile pc=0x00000223e9304ecc method=jdk.internal.jimage.ImageStringsReader.stringFromByteBufferMatches(Ljava/nio/ByteBuffer;ILjava/lang/String;I)I @ 19 c2
Event: 714.695 Thread 0x00000223ffbd0ab0 DEOPT PACKING pc=0x00000223e9304ecc sp=0x00000095c48fb620
Event: 714.696 Thread 0x00000223ffbd0ab0 DEOPT UNPACKING pc=0x00000223e84e5ba3 sp=0x00000095c48fb308 mode 2
Event: 714.696 Thread 0x00000223ffbd0ab0 Uncommon trap: trap_request=0xffffffbe fr.pc=0x00000223e9304ecc relative=0x0000000000002b8c
Event: 714.696 Thread 0x00000223ffbd0ab0 Uncommon trap: reason=profile_predicate action=maybe_recompile pc=0x00000223e9304ecc method=jdk.internal.jimage.ImageStringsReader.stringFromByteBufferMatches(Ljava/nio/ByteBuffer;ILjava/lang/String;I)I @ 19 c2
Event: 714.696 Thread 0x00000223ffbd0ab0 DEOPT PACKING pc=0x00000223e9304ecc sp=0x00000095c48fb620
Event: 714.696 Thread 0x00000223ffbd0ab0 DEOPT UNPACKING pc=0x00000223e84e5ba3 sp=0x00000095c48fb308 mode 2
Event: 714.845 Thread 0x00000223ffbd0ab0 Uncommon trap: trap_request=0xffffffbe fr.pc=0x00000223e931ad64 relative=0x0000000000001e04
Event: 714.845 Thread 0x00000223ffbd0ab0 Uncommon trap: reason=profile_predicate action=maybe_recompile pc=0x00000223e931ad64 method=jdk.internal.jimage.ImageStringsReader.stringFromByteBufferMatches(Ljava/nio/ByteBuffer;ILjava/lang/String;I)I @ 19 c2
Event: 714.845 Thread 0x00000223ffbd0ab0 DEOPT PACKING pc=0x00000223e931ad64 sp=0x00000095c48fa540
Event: 714.845 Thread 0x00000223ffbd0ab0 DEOPT UNPACKING pc=0x00000223e84e5ba3 sp=0x00000095c48fa298 mode 2

Classes unloaded (7 events):
Event: 10.933 Thread 0x00000223f75d8090 Unloading class 0x0000022381c18400 'jdk/internal/reflect/GeneratedSerializationConstructorAccessor6'
Event: 10.933 Thread 0x00000223f75d8090 Unloading class 0x0000022381c18000 'jdk/internal/reflect/GeneratedSerializationConstructorAccessor5'
Event: 10.933 Thread 0x00000223f75d8090 Unloading class 0x0000022381be9c00 'jdk/internal/reflect/GeneratedSerializationConstructorAccessor4'
Event: 696.342 Thread 0x00000223f75d8090 Unloading class 0x0000022381c6cc00 'jdk/internal/reflect/GeneratedSerializationConstructorAccessor10'
Event: 696.343 Thread 0x00000223f75d8090 Unloading class 0x0000022381c6c800 'jdk/internal/reflect/GeneratedSerializationConstructorAccessor9'
Event: 696.347 Thread 0x00000223f75d8090 Unloading class 0x0000022381c6c400 'jdk/internal/reflect/GeneratedSerializationConstructorAccessor8'
Event: 696.348 Thread 0x00000223f75d8090 Unloading class 0x0000022381c34000 'jdk/internal/reflect/GeneratedSerializationConstructorAccessor7'

Classes redefined (0 events):
No events

Internal exceptions (20 events):
Event: 706.968 Thread 0x00000223ffbd0ab0 Exception <a 'java/lang/NoClassDefFoundError'{0x000000008a895838}: org/quartz/Scheduler> (0x000000008a895838) 
thrown [s\open\src\hotspot\share\oops\constantPool.cpp, line 835]
Event: 706.968 Thread 0x00000223ffbd0ab0 Exception <a 'java/lang/NoClassDefFoundError'{0x000000008a895ea8}: org/springframework/session/jdbc/JdbcIndexedSessionRepository> (0x000000008a895ea8) 
thrown [s\open\src\hotspot\share\oops\constantPool.cpp, line 835]
Event: 706.978 Thread 0x00000223ffbd0ab0 Exception <a 'java/lang/NoClassDefFoundError'{0x000000008a702cf0}: org/jooq/DSLContext> (0x000000008a702cf0) 
thrown [s\open\src\hotspot\share\oops\constantPool.cpp, line 835]
Event: 707.034 Thread 0x00000223ffbd0ab0 Implicit null exception at 0x00000223e8fc4e04 to 0x00000223e8fca4ec
Event: 707.123 Thread 0x00000223ffbd0ab0 Exception <a 'java/lang/ArrayIndexOutOfBoundsException'{0x000000008fcac458}: Index 40 out of bounds for length 40> (0x000000008fcac458) 
thrown [s\open\src\hotspot\share\interpreter\interpreterRuntime.cpp, line 428]
Event: 707.123 Thread 0x00000223ffbd0ab0 Exception <a 'java/lang/ArrayIndexOutOfBoundsException'{0x000000008fcaca20}: Index 40 out of bounds for length 40> (0x000000008fcaca20) 
thrown [s\open\src\hotspot\share\interpreter\interpreterRuntime.cpp, line 428]
Event: 707.132 Thread 0x00000223ffbd0ab0 Exception <a 'java/lang/ArrayIndexOutOfBoundsException'{0x000000008fcff700}> (0x000000008fcff700) 
thrown [s\open\src\hotspot\share\runtime\sharedRuntime.cpp, line 631]
Event: 707.132 Thread 0x00000223ffbd0ab0 Exception <a 'java/lang/ArrayIndexOutOfBoundsException'{0x000000008fcffcc8}> (0x000000008fcffcc8) 
thrown [s\open\src\hotspot\share\runtime\sharedRuntime.cpp, line 631]
Event: 707.395 Thread 0x00000223ffbd0ab0 Exception <a 'sun/nio/fs/WindowsException'{0x000000008e958650}> (0x000000008e958650) 
thrown [s\open\src\hotspot\share\prims\jni.cpp, line 516]
Event: 707.397 Thread 0x00000223ffbd0ab0 Exception <a 'sun/nio/fs/WindowsException'{0x000000008e958c48}> (0x000000008e958c48) 
thrown [s\open\src\hotspot\share\prims\jni.cpp, line 516]
Event: 707.397 Thread 0x00000223ffbd0ab0 Exception <a 'sun/nio/fs/WindowsException'{0x000000008e959320}> (0x000000008e959320) 
thrown [s\open\src\hotspot\share\prims\jni.cpp, line 516]
Event: 707.419 Thread 0x00000223ffbd0ab0 Exception <a 'java/io/FileNotFoundException'{0x000000008e9baef0}> (0x000000008e9baef0) 
thrown [s\open\src\hotspot\share\prims\jni.cpp, line 516]
Event: 707.420 Thread 0x00000223ffbd0ab0 Exception <a 'java/io/FileNotFoundException'{0x000000008e9bc0a8}> (0x000000008e9bc0a8) 
thrown [s\open\src\hotspot\share\prims\jni.cpp, line 516]
Event: 707.420 Thread 0x00000223ffbd0ab0 Exception <a 'java/io/FileNotFoundException'{0x000000008e9bd278}> (0x000000008e9bd278) 
thrown [s\open\src\hotspot\share\prims\jni.cpp, line 516]
Event: 707.656 Thread 0x00000223ffbd0ab0 Exception <a 'java/io/FileNotFoundException'{0x000000008d8cbd40}> (0x000000008d8cbd40) 
thrown [s\open\src\hotspot\share\prims\jni.cpp, line 516]
Event: 709.257 Thread 0x00000223ffbd0ab0 Implicit null exception at 0x00000223e9264067 to 0x00000223e926984c
Event: 709.279 Thread 0x00000223ffbd0ab0 Exception <a 'sun/nio/fs/WindowsException'{0x000000008bfc82a0}> (0x000000008bfc82a0) 
thrown [s\open\src\hotspot\share\prims\jni.cpp, line 516]
Event: 709.284 Thread 0x00000223ffbd0ab0 Exception <a 'sun/nio/fs/WindowsException'{0x000000008bc1a3b8}> (0x000000008bc1a3b8) 
thrown [s\open\src\hotspot\share\prims\jni.cpp, line 516]
Event: 713.685 Thread 0x00000223ffbd0ab0 Exception <a 'sun/nio/fs/WindowsException'{0x000000008f63f1b0}> (0x000000008f63f1b0) 
thrown [s\open\src\hotspot\share\prims\jni.cpp, line 516]
Event: 713.692 Thread 0x00000223ffbd0ab0 Exception <a 'sun/nio/fs/WindowsException'{0x000000008ef91060}> (0x000000008ef91060) 
thrown [s\open\src\hotspot\share\prims\jni.cpp, line 516]

VM Operations (20 events):
Event: 712.985 Executing VM operation: G1Concurrent done
Event: 713.011 Executing VM operation: G1Concurrent
Event: 713.012 Executing VM operation: G1Concurrent done
Event: 713.141 Executing VM operation: G1TryInitiateConcMark
Event: 713.161 Executing VM operation: G1TryInitiateConcMark done
Event: 713.259 Executing VM operation: G1Concurrent
Event: 713.281 Executing VM operation: G1Concurrent done
Event: 713.308 Executing VM operation: G1Concurrent
Event: 713.324 Executing VM operation: G1Concurrent done
Event: 713.495 Executing VM operation: G1TryInitiateConcMark
Event: 713.522 Executing VM operation: G1TryInitiateConcMark done
Event: 713.603 Executing VM operation: G1Concurrent
Event: 713.610 Executing VM operation: G1Concurrent done
Event: 713.639 Executing VM operation: G1Concurrent
Event: 713.656 Executing VM operation: G1Concurrent done
Event: 714.441 Executing VM operation: G1CollectForAllocation
Event: 714.504 Executing VM operation: G1CollectForAllocation done
Event: 714.986 Executing VM operation: HandshakeAllThreads
Event: 714.990 Executing VM operation: HandshakeAllThreads done
Event: 715.020 Executing VM operation: G1CollectForAllocation

Events (20 events):
Event: 715.005 Thread 0x00000223f760edc0 flushing nmethod 0x00000223e19bbf10
Event: 715.006 Thread 0x00000223f760edc0 flushing nmethod 0x00000223e1a32710
Event: 715.006 Thread 0x00000223f760edc0 flushing nmethod 0x00000223e1a32b90
Event: 715.006 Thread 0x00000223f760edc0 flushing nmethod 0x00000223e1a3ea10
Event: 715.006 Thread 0x00000223f760edc0 flushing nmethod 0x00000223e1a3fd10
Event: 715.006 Thread 0x00000223f760edc0 flushing nmethod 0x00000223e1a43510
Event: 715.006 Thread 0x00000223f760edc0 flushing nmethod 0x00000223e1a59c90
Event: 715.006 Thread 0x00000223f760edc0 flushing nmethod 0x00000223e1a5a790
Event: 715.006 Thread 0x00000223f760edc0 flushing nmethod 0x00000223e1a64610
Event: 715.006 Thread 0x00000223f760edc0 flushing nmethod 0x00000223e1a6c590
Event: 715.006 Thread 0x00000223f760edc0 flushing nmethod 0x00000223e1a6d110
Event: 715.006 Thread 0x00000223f760edc0 flushing nmethod 0x00000223e1a6da90
Event: 715.006 Thread 0x00000223f760edc0 flushing nmethod 0x00000223e1a70410
Event: 715.006 Thread 0x00000223f760edc0 flushing nmethod 0x00000223e1a71490
Event: 715.006 Thread 0x00000223f760edc0 flushing nmethod 0x00000223e1a89d10
Event: 715.006 Thread 0x00000223f760edc0 flushing nmethod 0x00000223e1a94310
Event: 715.006 Thread 0x00000223f760edc0 flushing nmethod 0x00000223e1aa7390
Event: 715.007 Thread 0x00000223f760edc0 flushing nmethod 0x00000223e1ad9990
Event: 715.007 Thread 0x00000223f760edc0 flushing nmethod 0x00000223e1adb690
Event: 715.012 Thread 0x00000223f760edc0 flushing nmethod 0x00000223e2026f10


Dynamic libraries:
0x00007ff76cf80000 - 0x00007ff76cf90000 	D:\downApp\bin\java.exe
0x00007ff8ed190000 - 0x00007ff8ed3a7000 	C:\WINDOWS\SYSTEM32\ntdll.dll
0x00007ff8ec620000 - 0x00007ff8ec6e4000 	C:\WINDOWS\System32\KERNEL32.DLL
0x00007ff8ea580000 - 0x00007ff8ea952000 	C:\WINDOWS\System32\KERNELBASE.dll
0x00007ff8eac80000 - 0x00007ff8ead91000 	C:\WINDOWS\System32\ucrtbase.dll
0x00007ff8cb950000 - 0x00007ff8cb96b000 	D:\downApp\bin\VCRUNTIME140.dll
0x00007ff8d23e0000 - 0x00007ff8d23f9000 	D:\downApp\bin\jli.dll
0x00007ff8ec490000 - 0x00007ff8ec541000 	C:\WINDOWS\System32\ADVAPI32.dll
0x00007ff8eaf00000 - 0x00007ff8eafa7000 	C:\WINDOWS\System32\msvcrt.dll
0x00007ff8ec550000 - 0x00007ff8ec5f8000 	C:\WINDOWS\System32\sechost.dll
0x00007ff8eaaa0000 - 0x00007ff8eaac8000 	C:\WINDOWS\System32\bcrypt.dll
0x00007ff8ed030000 - 0x00007ff8ed144000 	C:\WINDOWS\System32\RPCRT4.dll
0x00007ff8ec9a0000 - 0x00007ff8ecb51000 	C:\WINDOWS\System32\USER32.dll
0x00007ff8ea3f0000 - 0x00007ff8ea416000 	C:\WINDOWS\System32\win32u.dll
0x00007ff8dcfa0000 - 0x00007ff8dd23b000 	C:\WINDOWS\WinSxS\amd64_microsoft.windows.common-controls_6595b64144ccf1df_6.0.22621.5415_none_270d77d17387d7da\COMCTL32.dll
0x00007ff8ec6f0000 - 0x00007ff8ec719000 	C:\WINDOWS\System32\GDI32.dll
0x00007ff8eab50000 - 0x00007ff8eac73000 	C:\WINDOWS\System32\gdi32full.dll
0x00007ff8ea420000 - 0x00007ff8ea4ba000 	C:\WINDOWS\System32\msvcp_win.dll
0x00007ff8e0510000 - 0x00007ff8e051a000 	C:\WINDOWS\SYSTEM32\VERSION.dll
0x00007ff8ecff0000 - 0x00007ff8ed021000 	C:\WINDOWS\System32\IMM32.DLL
0x00007ff8cb940000 - 0x00007ff8cb94c000 	D:\downApp\bin\vcruntime140_1.dll
0x00007ff8cb970000 - 0x00007ff8cb9fe000 	D:\downApp\bin\msvcp140.dll
0x00007ff84d4b0000 - 0x00007ff84e091000 	D:\downApp\bin\server\jvm.dll
0x00007ff8ec720000 - 0x00007ff8ec728000 	C:\WINDOWS\System32\PSAPI.DLL
0x00007ff8ddc90000 - 0x00007ff8ddcc4000 	C:\WINDOWS\SYSTEM32\WINMM.dll
0x00007ff8e07c0000 - 0x00007ff8e07c9000 	C:\WINDOWS\SYSTEM32\WSOCK32.dll
0x00007ff8ec8d0000 - 0x00007ff8ec941000 	C:\WINDOWS\System32\WS2_32.dll
0x00007ff8e9300000 - 0x00007ff8e9318000 	C:\WINDOWS\SYSTEM32\kernel.appcore.dll
0x00007ff8e17f0000 - 0x00007ff8e17fa000 	D:\downApp\bin\jimage.dll
0x00007ff8e7c80000 - 0x00007ff8e7eb3000 	C:\WINDOWS\SYSTEM32\DBGHELP.DLL
0x00007ff8ecb60000 - 0x00007ff8ecef3000 	C:\WINDOWS\System32\combase.dll
0x00007ff8eae20000 - 0x00007ff8eaef7000 	C:\WINDOWS\System32\OLEAUT32.dll
0x00007ff8cb700000 - 0x00007ff8cb732000 	C:\WINDOWS\SYSTEM32\dbgcore.DLL
0x00007ff8eada0000 - 0x00007ff8eae1b000 	C:\WINDOWS\System32\bcryptPrimitives.dll
0x00007ff8c2ff0000 - 0x00007ff8c3015000 	D:\downApp\bin\java.dll
0x00007ff8a54a0000 - 0x00007ff8a5577000 	D:\downApp\bin\jsvml.dll
0x00007ff8eafb0000 - 0x00007ff8eb852000 	C:\WINDOWS\System32\SHELL32.dll
0x00007ff8ea960000 - 0x00007ff8eaa9f000 	C:\WINDOWS\System32\wintypes.dll
0x00007ff8e8160000 - 0x00007ff8e8a7e000 	C:\WINDOWS\SYSTEM32\windows.storage.dll
0x00007ff8ec7c0000 - 0x00007ff8ec8cb000 	C:\WINDOWS\System32\SHCORE.dll
0x00007ff8ecf80000 - 0x00007ff8ecfe9000 	C:\WINDOWS\System32\shlwapi.dll
0x00007ff8ea1b0000 - 0x00007ff8ea1db000 	C:\WINDOWS\SYSTEM32\profapi.dll
0x00007ff8c8780000 - 0x00007ff8c8799000 	D:\downApp\bin\net.dll
0x00007ff8e3190000 - 0x00007ff8e32bc000 	C:\WINDOWS\SYSTEM32\WINHTTP.dll
0x00007ff8e97d0000 - 0x00007ff8e9839000 	C:\WINDOWS\system32\mswsock.dll
0x00007ff8c74a0000 - 0x00007ff8c74b6000 	D:\downApp\bin\nio.dll
0x00007ff8c6350000 - 0x00007ff8c6368000 	D:\downApp\bin\zip.dll
0x00007ff8cc840000 - 0x00007ff8cc84a000 	D:\downApp\bin\management.dll
0x00007ff8cb630000 - 0x00007ff8cb63b000 	D:\downApp\bin\management_ext.dll
0x00007ff8bd7a0000 - 0x00007ff8bd7b7000 	C:\WINDOWS\system32\napinsp.dll
0x00007ff8bbb30000 - 0x00007ff8bbb4b000 	C:\WINDOWS\system32\pnrpnsp.dll
0x00007ff8e8dd0000 - 0x00007ff8e8ec8000 	C:\WINDOWS\SYSTEM32\DNSAPI.dll
0x00007ff8e8da0000 - 0x00007ff8e8dcd000 	C:\WINDOWS\SYSTEM32\IPHLPAPI.DLL
0x00007ff8ebc40000 - 0x00007ff8ebc49000 	C:\WINDOWS\System32\NSI.dll
0x00007ff8bb140000 - 0x00007ff8bb151000 	C:\WINDOWS\System32\winrnr.dll
0x00007ff8e2a60000 - 0x00007ff8e2a7f000 	C:\WINDOWS\system32\wshbth.dll
0x00007ff8b8a60000 - 0x00007ff8b8a81000 	C:\WINDOWS\system32\nlansp_c.dll
0x00007ff8e35e0000 - 0x00007ff8e35ea000 	C:\Windows\System32\rasadhlp.dll
0x00007ff8dfec0000 - 0x00007ff8dff44000 	C:\WINDOWS\System32\fwpuclnt.dll
0x00007ff8e9a10000 - 0x00007ff8e9a2b000 	C:\WINDOWS\SYSTEM32\CRYPTSP.dll
0x00007ff8e92c0000 - 0x00007ff8e92f7000 	C:\WINDOWS\system32\rsaenh.dll
0x00007ff8e9880000 - 0x00007ff8e98a8000 	C:\WINDOWS\SYSTEM32\USERENV.dll
0x00007ff8e9a00000 - 0x00007ff8e9a0c000 	C:\WINDOWS\SYSTEM32\CRYPTBASE.dll
0x00007ff8e35f0000 - 0x00007ff8e3609000 	C:\WINDOWS\SYSTEM32\dhcpcsvc6.DLL
0x00007ff8e2f60000 - 0x00007ff8e2f7f000 	C:\WINDOWS\SYSTEM32\dhcpcsvc.DLL
0x00007ff8d5070000 - 0x00007ff8d5080000 	D:\downApp\bin\verify.dll
0x00007ff8cd4f0000 - 0x00007ff8cd4fe000 	D:\downApp\bin\sunmscapi.dll
0x00007ff8ea280000 - 0x00007ff8ea3e7000 	C:\WINDOWS\System32\CRYPT32.dll
0x00007ff8e9c10000 - 0x00007ff8e9c3d000 	C:\WINDOWS\SYSTEM32\ncrypt.dll
0x00007ff8e9bd0000 - 0x00007ff8e9c07000 	C:\WINDOWS\SYSTEM32\NTASN1.dll
0x00007ff887cf0000 - 0x00007ff887cf8000 	C:\WINDOWS\system32\wshunix.dll

dbghelp: loaded successfully - version: 4.0.5 - missing functions: none
symbol engine: initialized successfully - sym options: 0x614 - pdb path: .;D:\downApp\bin;C:\WINDOWS\SYSTEM32;C:\WINDOWS\WinSxS\amd64_microsoft.windows.common-controls_6595b64144ccf1df_6.0.22621.5415_none_270d77d17387d7da;D:\downApp\bin\server

VM Arguments:
jvm_args: -Dcom.sun.management.jmxremote -Dcom.sun.management.jmxremote.port=51612 -Dcom.sun.management.jmxremote.authenticate=false -Dcom.sun.management.jmxremote.ssl=false -Dspring.jmx.enabled=true -Djava.rmi.server.hostname=localhost -Dspring.application.admin.enabled=true -Dspring.boot.project.name=jobhunter-lms -XX:+ShowCodeDetailsInExceptionMessages -Dmanagement.endpoints.jmx.exposure.include=* 
java_command: vn.doan.lms.LMSApplication
java_class_path (initial): D:\java\vscodejava\doan\be\new\lms\bin\main;D:\java\vscodejava\doan\be\new\lms\bin\test;D:\java\vscodejava\doan\be\new\lms\bin\default;C:\Users\ASUS\.gradle\caches\modules-2\files-2.1\org.springframework.boot\spring-boot-starter-actuator\3.4.0\2e39cbf0cee18200204fe31e33ea2a1202391e9d\spring-boot-starter-actuator-3.4.0.jar;C:\Users\ASUS\.gradle\caches\modules-2\files-2.1\org.springframework.boot\spring-boot-starter-data-jpa\3.4.0\c6e24cab029e2b2ef36c4a5a5b1a82dbaa9d18c0\spring-boot-starter-data-jpa-3.4.0.jar;C:\Users\ASUS\.gradle\caches\modules-2\files-2.1\org.springframework.boot\spring-boot-starter-security\3.4.0\b4027ba9875f9d78ffec7010da88c1e5b964d6ed\spring-boot-starter-security-3.4.0.jar;C:\Users\ASUS\.gradle\caches\modules-2\files-2.1\org.springframework.boot\spring-boot-starter-thymeleaf\3.4.0\1ec7fdf829d485800146ec333d6e30af9fbc4830\spring-boot-starter-thymeleaf-3.4.0.jar;C:\Users\ASUS\.gradle\caches\modules-2\files-2.1\org.springframework.boot\spring-boot-starter-validation\3.4.0\580aad0cdaf9d9f862e9703a612db95846055843\spring-boot-starter-validation-3.4.0.jar;C:\Users\ASUS\.gradle\caches\modules-2\files-2.1\org.springframework.boot\spring-boot-starter-web\3.4.0\5447a62dc3dee3eadf2def23314e0db4c81bb3\spring-boot-starter-web-3.4.0.jar;C:\Users\ASUS\.gradle\caches\modules-2\files-2.1\org.springframework.boot\spring-boot-starter-oauth2-resource-server\3.4.0\758dbd8d85b29cbb132ae14b65d4c92a3c5b291c\spring-boot-starter-oauth2-resource-server-3.4.0.jar;C:\Users\ASUS\.gradle\caches\modules-2\files-2.1\org.thymeleaf.extras\thymeleaf-extras-springsecurity6\3.1.2.RELEASE\574c188eb147191e2f162419e9fc780fcf3256d7\thymeleaf-extras-springsecurity6-3.1.2.RELEASE.jar;C:\Users\ASUS\.gradle\caches\modules-2\files-2.1\org.flywaydb\flyway-mysql\10.20.1\9db1410ab7d3b97b5e6f4e363945e12478cbcd39\flyway-mysql-10.20.1.jar;C:\Users\ASUS\.gradle\caches\modules-2\files-2.1\org.flywaydb\flyway-core\10.20.1\27c35cad285433947ef986c615ce2742f69145de\flyway-cor
Launcher Type: SUN_STANDARD

[Global flags]
     intx CICompilerCount                          = 4                                         {product} {ergonomic}
     uint ConcGCThreads                            = 2                                         {product} {ergonomic}
     uint G1ConcRefinementThreads                  = 8                                         {product} {ergonomic}
   size_t G1HeapRegionSize                         = 1048576                                   {product} {ergonomic}
    uintx GCDrainStackTargetSize                   = 64                                        {product} {ergonomic}
   size_t InitialHeapSize                          = 130023424                                 {product} {ergonomic}
     bool ManagementServer                         = true                                      {product} {command line}
   size_t MarkStackSize                            = 4194304                                   {product} {ergonomic}
   size_t MaxHeapSize                              = 2067791872                                {product} {ergonomic}
   size_t MaxNewSize                               = 1240465408                                {product} {ergonomic}
   size_t MinHeapDeltaBytes                        = 1048576                                   {product} {ergonomic}
   size_t MinHeapSize                              = 8388608                                   {product} {ergonomic}
    uintx NonNMethodCodeHeapSize                   = 5839372                                {pd product} {ergonomic}
    uintx NonProfiledCodeHeapSize                  = 122909434                              {pd product} {ergonomic}
    uintx ProfiledCodeHeapSize                     = 122909434                              {pd product} {ergonomic}
    uintx ReservedCodeCacheSize                    = 251658240                              {pd product} {ergonomic}
     bool SegmentedCodeCache                       = true                                      {product} {ergonomic}
     bool ShowCodeDetailsInExceptionMessages       = true                                   {manageable} {command line}
   size_t SoftMaxHeapSize                          = 2067791872                             {manageable} {ergonomic}
     bool UseCompressedClassPointers               = true                           {product lp64_product} {ergonomic}
     bool UseCompressedOops                        = true                           {product lp64_product} {ergonomic}
     bool UseG1GC                                  = true                                      {product} {ergonomic}
     bool UseLargePagesIndividualAllocation        = false                                  {pd product} {ergonomic}

Logging:
Log output configuration:
 #0: stdout all=warning uptime,level,tags
 #1: stderr all=off uptime,level,tags

Environment Variables:
JAVA_HOME=D:\downApp
PATH=C:\Program Files\Common Files\Oracle\Java\javapath;D:\downApp\Scripts\;D:\downApp\;C:\Program Files\Microsoft MPI\Bin\;C:\Program Files (x86)\Common Files\Oracle\Java\javapath;C:\Windows\system32;C:\Windows;C:\Windows\System32\Wbem;C:\Windows\System32\WindowsPowerShell\v1.0\;C:\Windows\System32\OpenSSH\;C:\Program Files (x86)\NVIDIA Corporation\PhysX\Common;C:\Program Files\NVIDIA Corporation\NVIDIA NvDLISR;C:\WINDOWS\system32;C:\WINDOWS;C:\WINDOWS\System32\Wbem;C:\WINDOWS\System32\WindowsPowerShell\v1.0\;C:\WINDOWS\System32\OpenSSH\;C:\MinGW\bin;C:\Program Files\dotnet\;C:\Program Files\Microsoft SQL Server\150\Tools\Binn\;C:\Program Files\Microsoft SQL Server\Client SDK\ODBC\170\Tools\Binn\;C:\Program Files (x86)\Microsoft SQL Server\150\Tools\Binn\;C:\Program Files\Microsoft SQL Server\150\DTS\Binn\;C:\Program Files\Azure Data Studio\bin;C:\WINDOWS\system32;C:\WINDOWS;C:\WINDOWS\System32\Wbem;C:\WINDOWS\System32\WindowsPowerShell\v1.0\;C:\WINDOWS\System32\OpenSSH\;C:\laragon\bin\php\php-8.1.10-Win32-vs16-x64;D:\Git\Git\cmd;D:\laragon\laragon\bin\php\php-8.1.10-Win32-vs16-x64;D:\laragon\laragon;C:\Program Files (x86)\Microsoft SQL Server\160\Tools\Binn\;C:\Program Files\Microsoft SQL Server\160\Tools\Binn\;C:\Program Files\Microsoft SQL Server\160\DTS\Binn\;C:\Program Files\Java\apache-maven-3.9.9\bin;C:\Program Files\MySQL\MySQL Shell 8.0\bin\;C:\Users\ASUS\AppData\Local\Programs\Python\Python312\Scripts\;C:\Users\ASUS\AppData\Local\Programs\Python\Python312\;C:\Users\ASUS\AppData\Local\Programs\Python\Python311\Scripts\;C:\Users\ASUS\AppData\Local\Programs\Python\Python311\;D:\python\Scripts\;D:\python\;C:\Users\ASUS\AppData\Local\Microsoft\WindowsApps;D:\Microsoft VS Code\bin;C:\Program Files (x86)\Dev-Cpp\MinGW64\bin;C:\msys64\mingw64\bin;C:\Users\ASUS\.dotnet\tools;C:\Program Files\Azure Data Studio\bin;C:\Users\ASUS\AppData\Local\JetBrains\Toolbox\scripts;C:\Users\ASUS\AppData\Roaming\Composer\vendor\bin;C:\Users\ASUS\AppData\Local\Microsoft\WindowsApps;D:
USERNAME=ASUS
LANG=en_US.UTF-8
OS=Windows_NT
PROCESSOR_IDENTIFIER=Intel64 Family 6 Model 140 Stepping 1, GenuineIntel



---------------  S Y S T E M  ---------------

OS:
 Windows 11 , 64 bit Build 22621 (10.0.22621.5415)
OS uptime: 1 days 0:12 hours
Hyper-V role detected

CPU: total 8 (initial active 8) (4 cores per cpu, 2 threads per core) family 6 model 140 stepping 1 microcode 0x86, cx8, cmov, fxsr, ht, mmx, 3dnowpref, sse, sse2, sse3, ssse3, sse4.1, sse4.2, popcnt, lzcnt, tsc, tscinvbit, avx, avx2, aes, erms, clmul, bmi1, bmi2, adx, avx512f, avx512dq, avx512cd, avx512bw, avx512vl, sha, fma, vzeroupper, avx512_vpopcntdq, avx512_vpclmulqdq, avx512_vaes, avx512_vnni, clflush, clflushopt, clwb, avx512_vbmi2, avx512_vbmi, hv

Memory: 4k page, system-wide physical 7883M (355M free)
TotalPageFile size 28638M (AvailPageFile size 31M)
current process WorkingSet (physical memory assigned to process): 421M, peak: 649M
current process commit charge ("private bytes"): 493M, peak: 789M

vm_info: Java HotSpot(TM) 64-Bit Server VM (17.0.9+11-LTS-201) for windows-amd64 JRE (17.0.9+11-LTS-201), built on Oct 10 2023 23:16:06 by "mach5one" with MS VC++ 17.1 (VS2022)

END.
