#
# There is insufficient memory for the Java Runtime Environment to continue.
# Native memory allocation (malloc) failed to allocate 730240 bytes. Error detail: Chunk::new
# Possible reasons:
#   The system is out of physical RAM or swap space
#   This process is running with CompressedOops enabled, and the Java Heap may be blocking the growth of the native heap
# Possible solutions:
#   Reduce memory load on the system
#   Increase physical memory or swap space
#   Check if swap backing store is full
#   Decrease Java heap size (-Xmx/-Xms)
#   Decrease number of Java threads
#   Decrease Java thread stack sizes (-Xss)
#   Set larger code cache with -XX:ReservedCodeCacheSize=
#   JVM is running with Unscaled Compressed Oops mode in which the Java heap is
#     placed in the first 4GB address space. The Java Heap base address is the
#     maximum limit for the native heap growth. Please use -XX:HeapBaseMinAddress
#     to set the Java Heap base and to place the Java Heap above 4GB virtual address.
# This output file may be truncated or incomplete.
#
#  Out of Memory Error (arena.cpp:168), pid=10728, tid=5332
#
# JRE version: OpenJDK Runtime Environment Temurin-21.0.7+6 (21.0.7+6) (build 21.0.7+6-LTS)
# Java VM: OpenJDK 64-Bit Server VM Temurin-21.0.7+6 (21.0.7+6-LTS, mixed mode, sharing, tiered, compressed oops, compressed class ptrs, parallel gc, windows-amd64)
# No core dump will be written. Minidumps are not enabled by default on client versions of Windows
#

---------------  S U M M A R Y ------------

Command Line: --add-modules=ALL-SYSTEM --add-opens=java.base/java.util=ALL-UNNAMED --add-opens=java.base/java.lang=ALL-UNNAMED --add-opens=java.base/sun.nio.fs=ALL-UNNAMED -Declipse.application=org.eclipse.jdt.ls.core.id1 -Dosgi.bundles.defaultStartLevel=4 -Declipse.product=org.eclipse.jdt.ls.core.product -Djava.import.generatesMetadataFilesAtProjectRoot=false -DDetectVMInstallationsJob.disabled=true -Dfile.encoding=utf8 -XX:+UseParallelGC -XX:GCTimeRatio=4 -XX:AdaptiveSizePolicyWeight=90 -Dsun.zip.disableMemoryMapping=true -Xmx2G -Xms100m -Xlog:disable -javaagent:c:\Users\ASUS\.vscode\extensions\redhat.java-1.43.0-win32-x64\lombok\lombok-1.18.39-4050.jar -XX:+HeapDumpOnOutOfMemoryError -XX:HeapDumpPath=c:\Users\ASUS\AppData\Roaming\Code\User\workspaceStorage\64c5fc09bacb5b4f7dcb981332d43b0f\redhat.java -Daether.dependencyCollector.impl=bf c:\Users\ASUS\.vscode\extensions\redhat.java-1.43.0-win32-x64\server\plugins\org.eclipse.equinox.launcher_1.7.0.v20250519-0528.jar -configuration c:\Users\ASUS\AppData\Roaming\Code\User\globalStorage\redhat.java\1.43.0\config_win -data c:\Users\ASUS\AppData\Roaming\Code\User\workspaceStorage\64c5fc09bacb5b4f7dcb981332d43b0f\redhat.java\jdt_ws --pipe=\\.\pipe\lsp-9e53e84d2f43207da99f44e503173549-sock

Host: 11th Gen Intel(R) Core(TM) i7-11370H @ 3.30GHz, 8 cores, 7G,  Windows 11 , 64 bit Build 22621 (10.0.22621.5415)
Time: Sun Jun 29 16:35:40 2025 SE Asia Standard Time elapsed time: 49.250112 seconds (0d 0h 0m 49s)

---------------  T H R E A D  ---------------

Current thread (0x000002287bba4ff0):  JavaThread "C2 CompilerThread0" daemon [_thread_in_native, id=5332, stack(0x000000a580c00000,0x000000a580d00000) (1024K)]


Current CompileTask:
C2:49250 13839       4       org.eclipse.jdt.internal.compiler.parser.Scanner::internalScanIdentifierOrKeyword (5041 bytes)

Stack: [0x000000a580c00000,0x000000a580d00000]
Native frames: (J=compiled Java code, j=interpreted, Vv=VM code, C=native code)
V  [jvm.dll+0x6ce119]
V  [jvm.dll+0x8a84a1]
V  [jvm.dll+0x8aa9ce]
V  [jvm.dll+0x8ab0b3]
V  [jvm.dll+0x27f8a6]
V  [jvm.dll+0xc507d]
V  [jvm.dll+0xc55b3]
V  [jvm.dll+0x3b692c]
V  [jvm.dll+0x382aa5]
V  [jvm.dll+0x381f0a]
V  [jvm.dll+0x247af0]
V  [jvm.dll+0x2470cf]
V  [jvm.dll+0x1c760e]
V  [jvm.dll+0x25695a]
V  [jvm.dll+0x254efa]
V  [jvm.dll+0x3f03f6]
V  [jvm.dll+0x851f6b]
V  [jvm.dll+0x6cc7dd]
C  [ucrtbase.dll+0x29333]
C  [KERNEL32.DLL+0x1259d]
C  [ntdll.dll+0x5af78]


---------------  P R O C E S S  ---------------

Threads class SMR info:
_java_thread_list=0x000002287d46b880, length=64, elements={
0x0000022862efa500, 0x000002287bb9a8b0, 0x000002287bb9b910, 0x00000228651eb110,
0x00000228651ec020, 0x000002287bb9cfd0, 0x000002287bb9f770, 0x000002287bba4ff0,
0x000002287bba3980, 0x000002287d5246a0, 0x000002287d86f290, 0x000002287e0e6c50,
0x000002287def0760, 0x000002287e08a4f0, 0x000002287e08bc00, 0x000002287e4576d0,
0x000002287e55fe70, 0x000002287e6ac200, 0x000002287e6abb70, 0x000002287e6adc40,
0x000002287e6ac890, 0x000002287e6ad5b0, 0x000002287e6acf20, 0x000002287e6ab4e0,
0x000002287e6ae2d0, 0x000002287e6aae50, 0x000002287dd38a70, 0x000002287dd37030,
0x000002287dd39100, 0x000002287dd39790, 0x000002287dd39e20, 0x000002287dd34240,
0x000002287dd33520, 0x000002287dd32e90, 0x000002287dd3a4b0, 0x000002287dd35c80,
0x000002287dd33bb0, 0x000002287dd376c0, 0x000002284800c740, 0x0000022848009fe0,
0x000002284800cdd0, 0x000002284800ba20, 0x0000022848009950, 0x000002284800a670,
0x000002284800ad00, 0x000002284800b390, 0x000002284800c0b0, 0x00000228453c7360,
0x00000228453c6640, 0x00000228453c5920, 0x00000228453c4c00, 0x00000228453c3ee0,
0x000002284867f880, 0x0000022848680c30, 0x0000022848683390, 0x0000022848686180,
0x0000022848686810, 0x0000022848685460, 0x0000022848683a20, 0x0000022848681950,
0x00000228486812c0, 0x00000228470a1f30, 0x000002284709f140, 0x000002284709d070
}

Java Threads: ( => current thread )
  0x0000022862efa500 JavaThread "main"                              [_thread_blocked, id=25572, stack(0x000000a580200000,0x000000a580300000) (1024K)]
  0x000002287bb9a8b0 JavaThread "Reference Handler"          daemon [_thread_blocked, id=21408, stack(0x000000a580600000,0x000000a580700000) (1024K)]
  0x000002287bb9b910 JavaThread "Finalizer"                  daemon [_thread_blocked, id=21864, stack(0x000000a580700000,0x000000a580800000) (1024K)]
  0x00000228651eb110 JavaThread "Signal Dispatcher"          daemon [_thread_blocked, id=7772, stack(0x000000a580800000,0x000000a580900000) (1024K)]
  0x00000228651ec020 JavaThread "Attach Listener"            daemon [_thread_blocked, id=22160, stack(0x000000a580900000,0x000000a580a00000) (1024K)]
  0x000002287bb9cfd0 JavaThread "Service Thread"             daemon [_thread_blocked, id=13936, stack(0x000000a580a00000,0x000000a580b00000) (1024K)]
  0x000002287bb9f770 JavaThread "Monitor Deflation Thread"   daemon [_thread_blocked, id=23640, stack(0x000000a580b00000,0x000000a580c00000) (1024K)]
=>0x000002287bba4ff0 JavaThread "C2 CompilerThread0"         daemon [_thread_in_native, id=5332, stack(0x000000a580c00000,0x000000a580d00000) (1024K)]
  0x000002287bba3980 JavaThread "C1 CompilerThread0"         daemon [_thread_blocked, id=24092, stack(0x000000a580d00000,0x000000a580e00000) (1024K)]
  0x000002287d5246a0 JavaThread "Common-Cleaner"             daemon [_thread_blocked, id=9004, stack(0x000000a580e00000,0x000000a580f00000) (1024K)]
  0x000002287d86f290 JavaThread "Notification Thread"        daemon [_thread_blocked, id=10932, stack(0x000000a581000000,0x000000a581100000) (1024K)]
  0x000002287e0e6c50 JavaThread "Active Thread: Equinox Container: f37c5350-4c7e-4a83-966e-f4fdb85ad33c"        [_thread_blocked, id=11908, stack(0x000000a580f00000,0x000000a581000000) (1024K)]
  0x000002287def0760 JavaThread "Refresh Thread: Equinox Container: f37c5350-4c7e-4a83-966e-f4fdb85ad33c" daemon [_thread_blocked, id=12740, stack(0x000000a581800000,0x000000a581900000) (1024K)]
  0x000002287e08a4f0 JavaThread "Framework Event Dispatcher: Equinox Container: f37c5350-4c7e-4a83-966e-f4fdb85ad33c" daemon [_thread_blocked, id=6656, stack(0x000000a581a00000,0x000000a581b00000) (1024K)]
  0x000002287e08bc00 JavaThread "Start Level: Equinox Container: f37c5350-4c7e-4a83-966e-f4fdb85ad33c" daemon [_thread_blocked, id=25516, stack(0x000000a581100000,0x000000a581200000) (1024K)]
  0x000002287e4576d0 JavaThread "Bundle File Closer"         daemon [_thread_blocked, id=8808, stack(0x000000a581b00000,0x000000a581c00000) (1024K)]
  0x000002287e55fe70 JavaThread "SCR Component Actor"        daemon [_thread_blocked, id=24260, stack(0x000000a581c00000,0x000000a581d00000) (1024K)]
  0x000002287e6ac200 JavaThread "Worker-JM"                         [_thread_blocked, id=14900, stack(0x000000a581f00000,0x000000a582000000) (1024K)]
  0x000002287e6abb70 JavaThread "JNA Cleaner"                daemon [_thread_blocked, id=4416, stack(0x000000a581e00000,0x000000a581f00000) (1024K)]
  0x000002287e6adc40 JavaThread "Worker-0: Java indexing... "        [_thread_blocked, id=19708, stack(0x000000a582000000,0x000000a582100000) (1024K)]
  0x000002287e6ac890 JavaThread "Worker-1"                          [_thread_blocked, id=22644, stack(0x000000a582100000,0x000000a582200000) (1024K)]
  0x000002287e6ad5b0 JavaThread "Java indexing"              daemon [_thread_in_Java, id=24236, stack(0x000000a582300000,0x000000a582400000) (1024K)]
  0x000002287e6acf20 JavaThread "Worker-2: Initialize Workspace"        [_thread_blocked, id=15184, stack(0x000000a582500000,0x000000a582600000) (1024K)]
  0x000002287e6ab4e0 JavaThread "Worker-3: Publish Diagnostics"        [_thread_in_Java, id=17328, stack(0x000000a582600000,0x000000a582700000) (1024K)]
  0x000002287e6ae2d0 JavaThread "Worker-4: Validate documents"        [_thread_blocked, id=3848, stack(0x000000a582700000,0x000000a582800000) (1024K)]
  0x000002287e6aae50 JavaThread "Worker-5: Initialize workspace"        [_thread_blocked, id=10104, stack(0x000000a582800000,0x000000a582900000) (1024K)]
  0x000002287dd38a70 JavaThread "Thread-2"                   daemon [_thread_in_native, id=23752, stack(0x000000a582900000,0x000000a582a00000) (1024K)]
  0x000002287dd37030 JavaThread "Thread-3"                   daemon [_thread_in_native, id=11128, stack(0x000000a582a00000,0x000000a582b00000) (1024K)]
  0x000002287dd39100 JavaThread "Thread-4"                   daemon [_thread_in_native, id=8688, stack(0x000000a582b00000,0x000000a582c00000) (1024K)]
  0x000002287dd39790 JavaThread "Thread-5"                   daemon [_thread_in_native, id=15784, stack(0x000000a582c00000,0x000000a582d00000) (1024K)]
  0x000002287dd39e20 JavaThread "Thread-6"                   daemon [_thread_in_native, id=17952, stack(0x000000a582d00000,0x000000a582e00000) (1024K)]
  0x000002287dd34240 JavaThread "Thread-7"                   daemon [_thread_in_native, id=16732, stack(0x000000a582e00000,0x000000a582f00000) (1024K)]
  0x000002287dd33520 JavaThread "Thread-8"                   daemon [_thread_in_native, id=22628, stack(0x000000a582f00000,0x000000a583000000) (1024K)]
  0x000002287dd32e90 JavaThread "Thread-9"                   daemon [_thread_in_native, id=18316, stack(0x000000a583000000,0x000000a583100000) (1024K)]
  0x000002287dd3a4b0 JavaThread "Thread-10"                  daemon [_thread_in_native, id=10016, stack(0x000000a583100000,0x000000a583200000) (1024K)]
  0x000002287dd35c80 JavaThread "pool-2-thread-1"                   [_thread_blocked, id=8260, stack(0x000000a583200000,0x000000a583300000) (1024K)]
  0x000002287dd33bb0 JavaThread "WorkspaceEventsHandler"            [_thread_blocked, id=22028, stack(0x000000a583300000,0x000000a583400000) (1024K)]
  0x000002287dd376c0 JavaThread "pool-1-thread-1"                   [_thread_blocked, id=14044, stack(0x000000a583400000,0x000000a583500000) (1024K)]
  0x000002284800c740 JavaThread "LocalFile Deleter"          daemon [_thread_blocked, id=19844, stack(0x000000a581d00000,0x000000a581e00000) (1024K)]
  0x0000022848009fe0 JavaThread "LocalFile Deleter"          daemon [_thread_blocked, id=22784, stack(0x000000a583500000,0x000000a583600000) (1024K)]
  0x000002284800cdd0 JavaThread "LocalFile Deleter"          daemon [_thread_blocked, id=14328, stack(0x000000a583600000,0x000000a583700000) (1024K)]
  0x000002284800ba20 JavaThread "LocalFile Deleter"          daemon [_thread_blocked, id=23120, stack(0x000000a583700000,0x000000a583800000) (1024K)]
  0x0000022848009950 JavaThread "LocalFile Deleter"          daemon [_thread_blocked, id=12692, stack(0x000000a583800000,0x000000a583900000) (1024K)]
  0x000002284800a670 JavaThread "LocalFile Deleter"          daemon [_thread_blocked, id=23608, stack(0x000000a583900000,0x000000a583a00000) (1024K)]
  0x000002284800ad00 JavaThread "LocalFile Deleter"          daemon [_thread_blocked, id=13076, stack(0x000000a583a00000,0x000000a583b00000) (1024K)]
  0x000002284800b390 JavaThread "LocalFile Deleter"          daemon [_thread_blocked, id=12220, stack(0x000000a583b00000,0x000000a583c00000) (1024K)]
  0x000002284800c0b0 JavaThread "Compiler Source File Reader" daemon [_thread_blocked, id=3212, stack(0x000000a583c00000,0x000000a583d00000) (1024K)]
  0x00000228453c7360 JavaThread "Compiler Source File Reader" daemon [_thread_blocked, id=19324, stack(0x000000a583d00000,0x000000a583e00000) (1024K)]
  0x00000228453c6640 JavaThread "Compiler Source File Reader" daemon [_thread_blocked, id=16168, stack(0x000000a583e00000,0x000000a583f00000) (1024K)]
  0x00000228453c5920 JavaThread "Compiler Source File Reader" daemon [_thread_blocked, id=4540, stack(0x000000a583f00000,0x000000a584000000) (1024K)]
  0x00000228453c4c00 JavaThread "Compiler Source File Reader" daemon [_thread_blocked, id=24836, stack(0x000000a584000000,0x000000a584100000) (1024K)]
  0x00000228453c3ee0 JavaThread "Compiler Source File Reader" daemon [_thread_blocked, id=1988, stack(0x000000a584100000,0x000000a584200000) (1024K)]
  0x000002284867f880 JavaThread "Compiler Processing Task"   daemon [_thread_blocked, id=14992, stack(0x000000a582400000,0x000000a582500000) (1024K)]
  0x0000022848680c30 JavaThread "Compiler Class File Writer" daemon [_thread_blocked, id=9084, stack(0x000000a584200000,0x000000a584300000) (1024K)]
  0x0000022848683390 JavaThread "Compiler Class File Writer" daemon [_thread_blocked, id=24632, stack(0x000000a582200000,0x000000a582300000) (1024K)]
  0x0000022848686180 JavaThread "Compiler Class File Writer" daemon [_thread_blocked, id=6720, stack(0x000000a584300000,0x000000a584400000) (1024K)]
  0x0000022848686810 JavaThread "Compiler Class File Writer" daemon [_thread_blocked, id=11644, stack(0x000000a584400000,0x000000a584500000) (1024K)]
  0x0000022848685460 JavaThread "Compiler Class File Writer" daemon [_thread_blocked, id=4176, stack(0x000000a584500000,0x000000a584600000) (1024K)]
  0x0000022848683a20 JavaThread "Compiler Class File Writer" daemon [_thread_blocked, id=1980, stack(0x000000a584600000,0x000000a584700000) (1024K)]
  0x0000022848681950 JavaThread "Timer-0"                           [_thread_blocked, id=20756, stack(0x000000a584700000,0x000000a584800000) (1024K)]
  0x00000228486812c0 JavaThread "Exec process"                      [_thread_blocked, id=18952, stack(0x000000a584800000,0x000000a584900000) (1024K)]
  0x00000228470a1f30 JavaThread "Exec process Thread 2"             [_thread_blocked, id=8948, stack(0x000000a584900000,0x000000a584a00000) (1024K)]
  0x000002284709f140 JavaThread "Exec process Thread 3"             [_thread_blocked, id=12420, stack(0x000000a584a00000,0x000000a584b00000) (1024K)]
  0x000002284709d070 JavaThread "Worker-6"                          [_thread_blocked, id=23660, stack(0x000000a584c00000,0x000000a584d00000) (1024K)]
Total: 64

Other Threads:
  0x0000022865156240 VMThread "VM Thread"                           [id=19956, stack(0x000000a580500000,0x000000a580600000) (1024K)]
  0x00000228651a3ae0 WatcherThread "VM Periodic Task Thread"        [id=5804, stack(0x000000a580400000,0x000000a580500000) (1024K)]
  0x00000228651570c0 WorkerThread "GC Thread#0"                     [id=25488, stack(0x000000a580300000,0x000000a580400000) (1024K)]
  0x0000022865155b00 WorkerThread "GC Thread#1"                     [id=472, stack(0x000000a581200000,0x000000a581300000) (1024K)]
  0x0000022865155ea0 WorkerThread "GC Thread#2"                     [id=2360, stack(0x000000a581300000,0x000000a581400000) (1024K)]
  0x0000022865156d20 WorkerThread "GC Thread#3"                     [id=13708, stack(0x000000a581400000,0x000000a581500000) (1024K)]
  0x0000022865156980 WorkerThread "GC Thread#4"                     [id=6732, stack(0x000000a581500000,0x000000a581600000) (1024K)]
  0x000002287dd96650 WorkerThread "GC Thread#5"                     [id=24720, stack(0x000000a581600000,0x000000a581700000) (1024K)]
  0x000002287dd97c10 WorkerThread "GC Thread#6"                     [id=14444, stack(0x000000a581700000,0x000000a581800000) (1024K)]
  0x000002287dd986f0 WorkerThread "GC Thread#7"                     [id=17200, stack(0x000000a581900000,0x000000a581a00000) (1024K)]
Total: 10

Threads with active compile tasks:
C2 CompilerThread0  49270 13839       4       org.eclipse.jdt.internal.compiler.parser.Scanner::internalScanIdentifierOrKeyword (5041 bytes)
C1 CompilerThread0  49270 13859   !   3       org.eclipse.jdt.internal.core.JarPackageFragmentRoot::getClassFilePath (48 bytes)
Total: 2

VM state: not at safepoint (normal execution)

VM Mutex/Monitor currently owned by a thread: None

Heap address: 0x0000000080000000, size: 2048 MB, Compressed Oops mode: 32-bit

CDS archive(s) mapped at: [0x0000022800000000-0x0000022800ba0000-0x0000022800ba0000), size 12189696, SharedBaseAddress: 0x0000022800000000, ArchiveRelocationMode: 1.
Compressed class space mapped at: 0x0000022801000000-0x0000022841000000, reserved size: 1073741824
Narrow klass base: 0x0000022800000000, Narrow klass shift: 0, Narrow klass range: 0x100000000

GC Precious Log:
 CardTable entry size: 512
 CPUs: 8 total, 8 available
 Memory: 7883M
 Large Page Support: Disabled
 NUMA Support: Disabled
 Compressed Oops: Enabled (32-bit)
 Alignments: Space 512K, Generation 512K, Heap 2M
 Heap Min Capacity: 100M
 Heap Initial Capacity: 100M
 Heap Max Capacity: 2G
 Pre-touch: Disabled
 Parallel Workers: 8

Heap:
 PSYoungGen      total 7168K, used 4193K [0x00000000d5580000, 0x00000000d5d80000, 0x0000000100000000)
  eden space 6656K, 57% used [0x00000000d5580000,0x00000000d59407a8,0x00000000d5c00000)
  from space 512K, 68% used [0x00000000d5d00000,0x00000000d5d58000,0x00000000d5d80000)
  to   space 512K, 0% used [0x00000000d5c80000,0x00000000d5c80000,0x00000000d5d00000)
 ParOldGen       total 401920K, used 401457K [0x0000000080000000, 0x0000000098880000, 0x00000000d5580000)
  object space 401920K, 99% used [0x0000000080000000,0x000000009880c7c0,0x0000000098880000)
 Metaspace       used 72393K, committed 73984K, reserved 1179648K
  class space    used 7738K, committed 8448K, reserved 1048576K

Card table byte_map: [0x0000022864b00000,0x0000022864f10000] _byte_map_base: 0x0000022864700000

Marking Bits: (ParMarkBitMap*) 0x00007ff88c6831f0
 Begin Bits: [0x00000228775d0000, 0x00000228795d0000)
 End Bits:   [0x00000228795d0000, 0x000002287b5d0000)

Polling page: 0x00000228648f0000

Metaspace:

Usage:
  Non-class:     63.14 MB used.
      Class:      7.56 MB used.
       Both:     70.70 MB used.

Virtual space:
  Non-class space:      128.00 MB reserved,      64.00 MB ( 50%) committed,  2 nodes.
      Class space:        1.00 GB reserved,       8.25 MB ( <1%) committed,  1 nodes.
             Both:        1.12 GB reserved,      72.25 MB (  6%) committed. 

Chunk freelists:
   Non-Class:  15.84 MB
       Class:  7.73 MB
        Both:  23.58 MB

MaxMetaspaceSize: unlimited
CompressedClassSpaceSize: 1.00 GB
Initial GC threshold: 21.00 MB
Current GC threshold: 97.31 MB
CDS: on
 - commit_granule_bytes: 65536.
 - commit_granule_words: 8192.
 - virtual_space_node_default_size: 8388608.
 - enlarge_chunks_in_place: 1.
 - use_allocation_guard: 0.


Internal statistics:

num_allocs_failed_limit: 9.
num_arena_births: 1372.
num_arena_deaths: 26.
num_vsnodes_births: 3.
num_vsnodes_deaths: 0.
num_space_committed: 1156.
num_space_uncommitted: 0.
num_chunks_returned_to_freelist: 38.
num_chunks_taken_from_freelist: 4658.
num_chunk_merges: 17.
num_chunk_splits: 2979.
num_chunks_enlarged: 1852.
num_inconsistent_stats: 0.

CodeHeap 'non-profiled nmethods': size=120000Kb used=11473Kb max_used=11473Kb free=108526Kb
 bounds [0x000002286fdf0000, 0x0000022870930000, 0x0000022877320000]
CodeHeap 'profiled nmethods': size=120000Kb used=32883Kb max_used=32883Kb free=87116Kb
 bounds [0x0000022868320000, 0x000002286a340000, 0x000002286f850000]
CodeHeap 'non-nmethods': size=5760Kb used=1454Kb max_used=1567Kb free=4305Kb
 bounds [0x000002286f850000, 0x000002286fac0000, 0x000002286fdf0000]
 total_blobs=13862 nmethods=13103 adapters=662
 compilation: enabled
              stopped_count=0, restarted_count=0
 full_count=0

Compilation events (20 events):
Event: 49.151 Thread 0x000002287bba3980 nmethod 13835 0x000002286a331910 code [0x000002286a331be0, 0x000002286a332960]
Event: 49.151 Thread 0x000002287bba3980 13834       3       org.eclipse.jdt.internal.core.JavaModelManager::getTemporaryCache (34 bytes)
Event: 49.152 Thread 0x000002287bba3980 nmethod 13834 0x000002286a332e90 code [0x000002286a333080, 0x000002286a333670]
Event: 49.152 Thread 0x000002287bba3980 13836       1       org.eclipse.core.runtime.Status::getException (5 bytes)
Event: 49.152 Thread 0x000002287bba3980 nmethod 13836 0x0000022870922f90 code [0x0000022870923120, 0x00000228709231e8]
Event: 49.153 Thread 0x000002287bba4ff0 nmethod 13831 0x0000022870923290 code [0x0000022870923440, 0x00000228709236a8]
Event: 49.158 Thread 0x000002287bba3980 13837       3       org.eclipse.jdt.internal.core.PackageFragment::getElementName (22 bytes)
Event: 49.158 Thread 0x000002287bba3980 nmethod 13837 0x000002286a333890 code [0x000002286a333a40, 0x000002286a333bf0]
Event: 49.158 Thread 0x000002287bba3980 13838   !   3       org.eclipse.jdt.internal.core.JavaElement::openWhenClosed (172 bytes)
Event: 49.160 Thread 0x000002287bba3980 nmethod 13838 0x000002286a333d10 code [0x000002286a334180, 0x000002286a336b90]
Event: 49.163 Thread 0x000002287bba4ff0 13839       4       org.eclipse.jdt.internal.compiler.parser.Scanner::internalScanIdentifierOrKeyword (5041 bytes)
Event: 49.178 Thread 0x000002287bba3980 13841       3       java.util.stream.ReferencePipeline$$Lambda/0x000002280107f9c0::apply (5 bytes)
Event: 49.178 Thread 0x000002287bba3980 nmethod 13841 0x000002286a337b10 code [0x000002286a337cc0, 0x000002286a337eb8]
Event: 49.178 Thread 0x000002287bba3980 13842       3       java.util.stream.ReferencePipeline::lambda$toArray$0 (5 bytes)
Event: 49.178 Thread 0x000002287bba3980 nmethod 13842 0x000002286a337f90 code [0x000002286a338120, 0x000002286a3382a0]
Event: 49.223 Thread 0x000002287bba3980 13845       3       org.eclipse.jdt.internal.core.JarPackageFragmentRoot::getModuleDescription (25 bytes)
Event: 49.224 Thread 0x000002287bba3980 nmethod 13845 0x000002286a338390 code [0x000002286a338560, 0x000002286a3388b8]
Event: 49.227 Thread 0x000002287bba3980 13847       3       org.eclipse.jdt.internal.core.AbstractClassFile::calculateHashCode (18 bytes)
Event: 49.227 Thread 0x000002287bba3980 nmethod 13847 0x000002286a338990 code [0x000002286a338b60, 0x000002286a338f60]
Event: 49.229 Thread 0x000002287bba3980 13848       1       org.eclipse.jdt.internal.core.OpenableElementInfo::setNonJavaResources (6 bytes)

GC Heap History (20 events):
Event: 48.790 GC heap after
{Heap after GC invocations=673 (full 3):
 PSYoungGen      total 7168K, used 160K [0x00000000d5580000, 0x00000000d5d80000, 0x0000000100000000)
  eden space 6656K, 0% used [0x00000000d5580000,0x00000000d5580000,0x00000000d5c00000)
  from space 512K, 31% used [0x00000000d5d00000,0x00000000d5d28000,0x00000000d5d80000)
  to   space 512K, 0% used [0x00000000d5c80000,0x00000000d5c80000,0x00000000d5d00000)
 ParOldGen       total 400384K, used 400105K [0x0000000080000000, 0x0000000098700000, 0x00000000d5580000)
  object space 400384K, 99% used [0x0000000080000000,0x00000000986ba7c0,0x0000000098700000)
 Metaspace       used 72381K, committed 73984K, reserved 1179648K
  class space    used 7738K, committed 8448K, reserved 1048576K
}
Event: 48.802 GC heap before
{Heap before GC invocations=674 (full 3):
 PSYoungGen      total 7168K, used 6816K [0x00000000d5580000, 0x00000000d5d80000, 0x0000000100000000)
  eden space 6656K, 100% used [0x00000000d5580000,0x00000000d5c00000,0x00000000d5c00000)
  from space 512K, 31% used [0x00000000d5d00000,0x00000000d5d28000,0x00000000d5d80000)
  to   space 512K, 0% used [0x00000000d5c80000,0x00000000d5c80000,0x00000000d5d00000)
 ParOldGen       total 400384K, used 400105K [0x0000000080000000, 0x0000000098700000, 0x00000000d5580000)
  object space 400384K, 99% used [0x0000000080000000,0x00000000986ba7c0,0x0000000098700000)
 Metaspace       used 72381K, committed 73984K, reserved 1179648K
  class space    used 7738K, committed 8448K, reserved 1048576K
}
Event: 48.805 GC heap after
{Heap after GC invocations=674 (full 3):
 PSYoungGen      total 7168K, used 192K [0x00000000d5580000, 0x00000000d5d80000, 0x0000000100000000)
  eden space 6656K, 0% used [0x00000000d5580000,0x00000000d5580000,0x00000000d5c00000)
  from space 512K, 37% used [0x00000000d5c80000,0x00000000d5cb0000,0x00000000d5d00000)
  to   space 512K, 0% used [0x00000000d5d00000,0x00000000d5d00000,0x00000000d5d80000)
 ParOldGen       total 400384K, used 400209K [0x0000000080000000, 0x0000000098700000, 0x00000000d5580000)
  object space 400384K, 99% used [0x0000000080000000,0x00000000986d47c0,0x0000000098700000)
 Metaspace       used 72381K, committed 73984K, reserved 1179648K
  class space    used 7738K, committed 8448K, reserved 1048576K
}
Event: 48.851 GC heap before
{Heap before GC invocations=675 (full 3):
 PSYoungGen      total 7168K, used 6848K [0x00000000d5580000, 0x00000000d5d80000, 0x0000000100000000)
  eden space 6656K, 100% used [0x00000000d5580000,0x00000000d5c00000,0x00000000d5c00000)
  from space 512K, 37% used [0x00000000d5c80000,0x00000000d5cb0000,0x00000000d5d00000)
  to   space 512K, 0% used [0x00000000d5d00000,0x00000000d5d00000,0x00000000d5d80000)
 ParOldGen       total 400384K, used 400209K [0x0000000080000000, 0x0000000098700000, 0x00000000d5580000)
  object space 400384K, 99% used [0x0000000080000000,0x00000000986d47c0,0x0000000098700000)
 Metaspace       used 72381K, committed 73984K, reserved 1179648K
  class space    used 7738K, committed 8448K, reserved 1048576K
}
Event: 48.853 GC heap after
{Heap after GC invocations=675 (full 3):
 PSYoungGen      total 7168K, used 160K [0x00000000d5580000, 0x00000000d5d80000, 0x0000000100000000)
  eden space 6656K, 0% used [0x00000000d5580000,0x00000000d5580000,0x00000000d5c00000)
  from space 512K, 31% used [0x00000000d5d00000,0x00000000d5d28000,0x00000000d5d80000)
  to   space 512K, 0% used [0x00000000d5c80000,0x00000000d5c80000,0x00000000d5d00000)
 ParOldGen       total 400384K, used 400313K [0x0000000080000000, 0x0000000098700000, 0x00000000d5580000)
  object space 400384K, 99% used [0x0000000080000000,0x00000000986ee7c0,0x0000000098700000)
 Metaspace       used 72381K, committed 73984K, reserved 1179648K
  class space    used 7738K, committed 8448K, reserved 1048576K
}
Event: 48.946 GC heap before
{Heap before GC invocations=676 (full 3):
 PSYoungGen      total 7168K, used 6816K [0x00000000d5580000, 0x00000000d5d80000, 0x0000000100000000)
  eden space 6656K, 100% used [0x00000000d5580000,0x00000000d5c00000,0x00000000d5c00000)
  from space 512K, 31% used [0x00000000d5d00000,0x00000000d5d28000,0x00000000d5d80000)
  to   space 512K, 0% used [0x00000000d5c80000,0x00000000d5c80000,0x00000000d5d00000)
 ParOldGen       total 400384K, used 400313K [0x0000000080000000, 0x0000000098700000, 0x00000000d5580000)
  object space 400384K, 99% used [0x0000000080000000,0x00000000986ee7c0,0x0000000098700000)
 Metaspace       used 72381K, committed 73984K, reserved 1179648K
  class space    used 7738K, committed 8448K, reserved 1048576K
}
Event: 48.951 GC heap after
{Heap after GC invocations=676 (full 3):
 PSYoungGen      total 7168K, used 256K [0x00000000d5580000, 0x00000000d5d80000, 0x0000000100000000)
  eden space 6656K, 0% used [0x00000000d5580000,0x00000000d5580000,0x00000000d5c00000)
  from space 512K, 50% used [0x00000000d5c80000,0x00000000d5cc0000,0x00000000d5d00000)
  to   space 512K, 0% used [0x00000000d5d00000,0x00000000d5d00000,0x00000000d5d80000)
 ParOldGen       total 400896K, used 400449K [0x0000000080000000, 0x0000000098780000, 0x00000000d5580000)
  object space 400896K, 99% used [0x0000000080000000,0x00000000987107c0,0x0000000098780000)
 Metaspace       used 72381K, committed 73984K, reserved 1179648K
  class space    used 7738K, committed 8448K, reserved 1048576K
}
Event: 48.994 GC heap before
{Heap before GC invocations=677 (full 3):
 PSYoungGen      total 7168K, used 6912K [0x00000000d5580000, 0x00000000d5d80000, 0x0000000100000000)
  eden space 6656K, 100% used [0x00000000d5580000,0x00000000d5c00000,0x00000000d5c00000)
  from space 512K, 50% used [0x00000000d5c80000,0x00000000d5cc0000,0x00000000d5d00000)
  to   space 512K, 0% used [0x00000000d5d00000,0x00000000d5d00000,0x00000000d5d80000)
 ParOldGen       total 400896K, used 400449K [0x0000000080000000, 0x0000000098780000, 0x00000000d5580000)
  object space 400896K, 99% used [0x0000000080000000,0x00000000987107c0,0x0000000098780000)
 Metaspace       used 72381K, committed 73984K, reserved 1179648K
  class space    used 7738K, committed 8448K, reserved 1048576K
}
Event: 48.999 GC heap after
{Heap after GC invocations=677 (full 3):
 PSYoungGen      total 7168K, used 224K [0x00000000d5580000, 0x00000000d5d80000, 0x0000000100000000)
  eden space 6656K, 0% used [0x00000000d5580000,0x00000000d5580000,0x00000000d5c00000)
  from space 512K, 43% used [0x00000000d5d00000,0x00000000d5d38000,0x00000000d5d80000)
  to   space 512K, 0% used [0x00000000d5c80000,0x00000000d5c80000,0x00000000d5d00000)
 ParOldGen       total 400896K, used 400585K [0x0000000080000000, 0x0000000098780000, 0x00000000d5580000)
  object space 400896K, 99% used [0x0000000080000000,0x00000000987327c0,0x0000000098780000)
 Metaspace       used 72381K, committed 73984K, reserved 1179648K
  class space    used 7738K, committed 8448K, reserved 1048576K
}
Event: 49.118 GC heap before
{Heap before GC invocations=678 (full 3):
 PSYoungGen      total 7168K, used 6880K [0x00000000d5580000, 0x00000000d5d80000, 0x0000000100000000)
  eden space 6656K, 100% used [0x00000000d5580000,0x00000000d5c00000,0x00000000d5c00000)
  from space 512K, 43% used [0x00000000d5d00000,0x00000000d5d38000,0x00000000d5d80000)
  to   space 512K, 0% used [0x00000000d5c80000,0x00000000d5c80000,0x00000000d5d00000)
 ParOldGen       total 400896K, used 400585K [0x0000000080000000, 0x0000000098780000, 0x00000000d5580000)
  object space 400896K, 99% used [0x0000000080000000,0x00000000987327c0,0x0000000098780000)
 Metaspace       used 72381K, committed 73984K, reserved 1179648K
  class space    used 7738K, committed 8448K, reserved 1048576K
}
Event: 49.123 GC heap after
{Heap after GC invocations=678 (full 3):
 PSYoungGen      total 7168K, used 224K [0x00000000d5580000, 0x00000000d5d80000, 0x0000000100000000)
  eden space 6656K, 0% used [0x00000000d5580000,0x00000000d5580000,0x00000000d5c00000)
  from space 512K, 43% used [0x00000000d5c80000,0x00000000d5cb8000,0x00000000d5d00000)
  to   space 512K, 0% used [0x00000000d5d00000,0x00000000d5d00000,0x00000000d5d80000)
 ParOldGen       total 400896K, used 400705K [0x0000000080000000, 0x0000000098780000, 0x00000000d5580000)
  object space 400896K, 99% used [0x0000000080000000,0x00000000987507c0,0x0000000098780000)
 Metaspace       used 72381K, committed 73984K, reserved 1179648K
  class space    used 7738K, committed 8448K, reserved 1048576K
}
Event: 49.146 GC heap before
{Heap before GC invocations=679 (full 3):
 PSYoungGen      total 7168K, used 6880K [0x00000000d5580000, 0x00000000d5d80000, 0x0000000100000000)
  eden space 6656K, 100% used [0x00000000d5580000,0x00000000d5c00000,0x00000000d5c00000)
  from space 512K, 43% used [0x00000000d5c80000,0x00000000d5cb8000,0x00000000d5d00000)
  to   space 512K, 0% used [0x00000000d5d00000,0x00000000d5d00000,0x00000000d5d80000)
 ParOldGen       total 400896K, used 400705K [0x0000000080000000, 0x0000000098780000, 0x00000000d5580000)
  object space 400896K, 99% used [0x0000000080000000,0x00000000987507c0,0x0000000098780000)
 Metaspace       used 72381K, committed 73984K, reserved 1179648K
  class space    used 7738K, committed 8448K, reserved 1048576K
}
Event: 49.148 GC heap after
{Heap after GC invocations=679 (full 3):
 PSYoungGen      total 7168K, used 288K [0x00000000d5580000, 0x00000000d5d80000, 0x0000000100000000)
  eden space 6656K, 0% used [0x00000000d5580000,0x00000000d5580000,0x00000000d5c00000)
  from space 512K, 56% used [0x00000000d5d00000,0x00000000d5d48000,0x00000000d5d80000)
  to   space 512K, 0% used [0x00000000d5c80000,0x00000000d5c80000,0x00000000d5d00000)
 ParOldGen       total 400896K, used 400833K [0x0000000080000000, 0x0000000098780000, 0x00000000d5580000)
  object space 400896K, 99% used [0x0000000080000000,0x00000000987707c0,0x0000000098780000)
 Metaspace       used 72381K, committed 73984K, reserved 1179648K
  class space    used 7738K, committed 8448K, reserved 1048576K
}
Event: 49.168 GC heap before
{Heap before GC invocations=680 (full 3):
 PSYoungGen      total 7168K, used 6944K [0x00000000d5580000, 0x00000000d5d80000, 0x0000000100000000)
  eden space 6656K, 100% used [0x00000000d5580000,0x00000000d5c00000,0x00000000d5c00000)
  from space 512K, 56% used [0x00000000d5d00000,0x00000000d5d48000,0x00000000d5d80000)
  to   space 512K, 0% used [0x00000000d5c80000,0x00000000d5c80000,0x00000000d5d00000)
 ParOldGen       total 400896K, used 400833K [0x0000000080000000, 0x0000000098780000, 0x00000000d5580000)
  object space 400896K, 99% used [0x0000000080000000,0x00000000987707c0,0x0000000098780000)
 Metaspace       used 72389K, committed 73984K, reserved 1179648K
  class space    used 7738K, committed 8448K, reserved 1048576K
}
Event: 49.170 GC heap after
{Heap after GC invocations=680 (full 3):
 PSYoungGen      total 7168K, used 320K [0x00000000d5580000, 0x00000000d5d80000, 0x0000000100000000)
  eden space 6656K, 0% used [0x00000000d5580000,0x00000000d5580000,0x00000000d5c00000)
  from space 512K, 62% used [0x00000000d5c80000,0x00000000d5cd0000,0x00000000d5d00000)
  to   space 512K, 0% used [0x00000000d5d00000,0x00000000d5d00000,0x00000000d5d80000)
 ParOldGen       total 401408K, used 401009K [0x0000000080000000, 0x0000000098800000, 0x00000000d5580000)
  object space 401408K, 99% used [0x0000000080000000,0x000000009879c7c0,0x0000000098800000)
 Metaspace       used 72389K, committed 73984K, reserved 1179648K
  class space    used 7738K, committed 8448K, reserved 1048576K
}
Event: 49.186 GC heap before
{Heap before GC invocations=681 (full 3):
 PSYoungGen      total 7168K, used 6976K [0x00000000d5580000, 0x00000000d5d80000, 0x0000000100000000)
  eden space 6656K, 100% used [0x00000000d5580000,0x00000000d5c00000,0x00000000d5c00000)
  from space 512K, 62% used [0x00000000d5c80000,0x00000000d5cd0000,0x00000000d5d00000)
  to   space 512K, 0% used [0x00000000d5d00000,0x00000000d5d00000,0x00000000d5d80000)
 ParOldGen       total 401408K, used 401009K [0x0000000080000000, 0x0000000098800000, 0x00000000d5580000)
  object space 401408K, 99% used [0x0000000080000000,0x000000009879c7c0,0x0000000098800000)
 Metaspace       used 72390K, committed 73984K, reserved 1179648K
  class space    used 7738K, committed 8448K, reserved 1048576K
}
Event: 49.192 GC heap after
{Heap after GC invocations=681 (full 3):
 PSYoungGen      total 7168K, used 320K [0x00000000d5580000, 0x00000000d5d80000, 0x0000000100000000)
  eden space 6656K, 0% used [0x00000000d5580000,0x00000000d5580000,0x00000000d5c00000)
  from space 512K, 62% used [0x00000000d5d00000,0x00000000d5d50000,0x00000000d5d80000)
  to   space 512K, 0% used [0x00000000d5c80000,0x00000000d5c80000,0x00000000d5d00000)
 ParOldGen       total 401408K, used 401121K [0x0000000080000000, 0x0000000098800000, 0x00000000d5580000)
  object space 401408K, 99% used [0x0000000080000000,0x00000000987b87c0,0x0000000098800000)
 Metaspace       used 72390K, committed 73984K, reserved 1179648K
  class space    used 7738K, committed 8448K, reserved 1048576K
}
Event: 49.215 GC heap before
{Heap before GC invocations=682 (full 3):
 PSYoungGen      total 7168K, used 6976K [0x00000000d5580000, 0x00000000d5d80000, 0x0000000100000000)
  eden space 6656K, 100% used [0x00000000d5580000,0x00000000d5c00000,0x00000000d5c00000)
  from space 512K, 62% used [0x00000000d5d00000,0x00000000d5d50000,0x00000000d5d80000)
  to   space 512K, 0% used [0x00000000d5c80000,0x00000000d5c80000,0x00000000d5d00000)
 ParOldGen       total 401408K, used 401121K [0x0000000080000000, 0x0000000098800000, 0x00000000d5580000)
  object space 401408K, 99% used [0x0000000080000000,0x00000000987b87c0,0x0000000098800000)
 Metaspace       used 72390K, committed 73984K, reserved 1179648K
  class space    used 7738K, committed 8448K, reserved 1048576K
}
Event: 49.218 GC heap after
{Heap after GC invocations=682 (full 3):
 PSYoungGen      total 7168K, used 352K [0x00000000d5580000, 0x00000000d5d80000, 0x0000000100000000)
  eden space 6656K, 0% used [0x00000000d5580000,0x00000000d5580000,0x00000000d5c00000)
  from space 512K, 68% used [0x00000000d5c80000,0x00000000d5cd8000,0x00000000d5d00000)
  to   space 512K, 0% used [0x00000000d5d00000,0x00000000d5d00000,0x00000000d5d80000)
 ParOldGen       total 401408K, used 401281K [0x0000000080000000, 0x0000000098800000, 0x00000000d5580000)
  object space 401408K, 99% used [0x0000000080000000,0x00000000987e07c0,0x0000000098800000)
 Metaspace       used 72390K, committed 73984K, reserved 1179648K
  class space    used 7738K, committed 8448K, reserved 1048576K
}
Event: 49.247 GC heap before
{Heap before GC invocations=683 (full 3):
 PSYoungGen      total 7168K, used 7008K [0x00000000d5580000, 0x00000000d5d80000, 0x0000000100000000)
  eden space 6656K, 100% used [0x00000000d5580000,0x00000000d5c00000,0x00000000d5c00000)
  from space 512K, 68% used [0x00000000d5c80000,0x00000000d5cd8000,0x00000000d5d00000)
  to   space 512K, 0% used [0x00000000d5d00000,0x00000000d5d00000,0x00000000d5d80000)
 ParOldGen       total 401408K, used 401281K [0x0000000080000000, 0x0000000098800000, 0x00000000d5580000)
  object space 401408K, 99% used [0x0000000080000000,0x00000000987e07c0,0x0000000098800000)
 Metaspace       used 72391K, committed 73984K, reserved 1179648K
  class space    used 7738K, committed 8448K, reserved 1048576K
}

Dll operation events (13 events):
Event: 0.007 Loaded shared library c:\Users\ASUS\.vscode\extensions\redhat.java-1.43.0-win32-x64\jre\21.0.7-win32-x86_64\bin\java.dll
Event: 0.038 Loaded shared library c:\Users\ASUS\.vscode\extensions\redhat.java-1.43.0-win32-x64\jre\21.0.7-win32-x86_64\bin\zip.dll
Event: 0.098 Loaded shared library C:\Users\ASUS\.vscode\extensions\redhat.java-1.43.0-win32-x64\jre\21.0.7-win32-x86_64\bin\instrument.dll
Event: 0.103 Loaded shared library C:\Users\ASUS\.vscode\extensions\redhat.java-1.43.0-win32-x64\jre\21.0.7-win32-x86_64\bin\net.dll
Event: 0.105 Loaded shared library C:\Users\ASUS\.vscode\extensions\redhat.java-1.43.0-win32-x64\jre\21.0.7-win32-x86_64\bin\nio.dll
Event: 0.110 Loaded shared library C:\Users\ASUS\.vscode\extensions\redhat.java-1.43.0-win32-x64\jre\21.0.7-win32-x86_64\bin\zip.dll
Event: 0.128 Loaded shared library C:\Users\ASUS\.vscode\extensions\redhat.java-1.43.0-win32-x64\jre\21.0.7-win32-x86_64\bin\jimage.dll
Event: 0.208 Loaded shared library c:\Users\ASUS\.vscode\extensions\redhat.java-1.43.0-win32-x64\jre\21.0.7-win32-x86_64\bin\verify.dll
Event: 2.798 Loaded shared library C:\Users\ASUS\AppData\Roaming\Code\User\globalStorage\redhat.java\1.43.0\config_win\org.eclipse.equinox.launcher\org.eclipse.equinox.launcher.win32.win32.x86_64_1.2.1300.v20250331-1702\eclipse_11911.dll
Event: 6.494 Loaded shared library C:\Users\ASUS\AppData\Local\Temp\jna-2018896\jna14018719996304532422.dll
Event: 30.735 Loaded shared library C:\Users\ASUS\.gradle\native\c067742578af261105cb4f569cf0c3c89f3d7b1fecec35dd04571415982c5e48\windows-amd64\native-platform.dll
Event: 32.937 Loaded shared library C:\Users\ASUS\.vscode\extensions\redhat.java-1.43.0-win32-x64\jre\21.0.7-win32-x86_64\bin\management.dll
Event: 32.957 Loaded shared library C:\Users\ASUS\.vscode\extensions\redhat.java-1.43.0-win32-x64\jre\21.0.7-win32-x86_64\bin\management_ext.dll

Deoptimization events (20 events):
Event: 45.428 Thread 0x000002287e6ab4e0 Uncommon trap: trap_request=0xffffff45 fr.pc=0x000002286ff8a0e4 relative=0x0000000000002564
Event: 45.428 Thread 0x000002287e6ab4e0 Uncommon trap: reason=unstable_if action=reinterpret pc=0x000002286ff8a0e4 method=org.eclipse.jdt.internal.compiler.classfmt.MethodInfo.createMethod([B[IIJ)Lorg/eclipse/jdt/internal/compiler/classfmt/MethodInfo; @ 357 c2
Event: 45.428 Thread 0x000002287e6ab4e0 DEOPT PACKING pc=0x000002286ff8a0e4 sp=0x000000a5826fe010
Event: 45.428 Thread 0x000002287e6ab4e0 DEOPT UNPACKING pc=0x000002286f8a6da2 sp=0x000000a5826fdf90 mode 2
Event: 45.596 Thread 0x000002287e6ab4e0 Uncommon trap: trap_request=0xffffff45 fr.pc=0x0000022870385000 relative=0x0000000000003560
Event: 45.596 Thread 0x000002287e6ab4e0 Uncommon trap: reason=unstable_if action=reinterpret pc=0x0000022870385000 method=org.eclipse.jdt.internal.compiler.classfmt.ClassFileReader.<init>([B[CZ)V @ 2050 c2
Event: 45.596 Thread 0x000002287e6ab4e0 DEOPT PACKING pc=0x0000022870385000 sp=0x000000a5826fdfe0
Event: 45.596 Thread 0x000002287e6ab4e0 DEOPT UNPACKING pc=0x000002286f8a6da2 sp=0x000000a5826fdf90 mode 2
Event: 47.383 Thread 0x000002287e6ab4e0 Uncommon trap: trap_request=0xffffffc6 fr.pc=0x00000228708b1784 relative=0x0000000000000164
Event: 47.385 Thread 0x000002287e6ab4e0 Uncommon trap: reason=bimorphic_or_optimized_type_check action=maybe_recompile pc=0x00000228708b1784 method=java.util.HashMap.putVal(ILjava/lang/Object;Ljava/lang/Object;ZZ)Ljava/lang/Object; @ 253 c2
Event: 47.385 Thread 0x000002287e6ab4e0 DEOPT PACKING pc=0x00000228708b1784 sp=0x000000a5826fe050
Event: 47.385 Thread 0x000002287e6ab4e0 DEOPT UNPACKING pc=0x000002286f8a6da2 sp=0x000000a5826fdfc0 mode 2
Event: 47.512 Thread 0x000002287e6ab4e0 Uncommon trap: trap_request=0xffffffc6 fr.pc=0x00000228708b1784 relative=0x0000000000000164
Event: 47.512 Thread 0x000002287e6ab4e0 Uncommon trap: reason=bimorphic_or_optimized_type_check action=maybe_recompile pc=0x00000228708b1784 method=java.util.HashMap.putVal(ILjava/lang/Object;Ljava/lang/Object;ZZ)Ljava/lang/Object; @ 253 c2
Event: 47.512 Thread 0x000002287e6ab4e0 DEOPT PACKING pc=0x00000228708b1784 sp=0x000000a5826fe050
Event: 47.512 Thread 0x000002287e6ab4e0 DEOPT UNPACKING pc=0x000002286f8a6da2 sp=0x000000a5826fdfc0 mode 2
Event: 48.736 Thread 0x000002287e6ab4e0 DEOPT PACKING pc=0x000002286a2dbce8 sp=0x000000a5826fe280
Event: 48.736 Thread 0x000002287e6ab4e0 DEOPT UNPACKING pc=0x000002286f8a78e2 sp=0x000000a5826fd848 mode 0
Event: 49.151 Thread 0x000002287e6ab4e0 DEOPT PACKING pc=0x000002286a2e9c9a sp=0x000000a5826fdde0
Event: 49.151 Thread 0x000002287e6ab4e0 DEOPT UNPACKING pc=0x000002286f8a78e2 sp=0x000000a5826fd368 mode 0

Classes loaded (20 events):
Event: 34.771 Loading class java/util/zip/CheckedInputStream
Event: 34.771 Loading class java/util/zip/CheckedInputStream done
Event: 34.786 Loading class java/nio/file/attribute/DosFileAttributeView
Event: 34.786 Loading class java/nio/file/attribute/DosFileAttributeView done
Event: 34.787 Loading class sun/nio/fs/WindowsFileAttributeViews$Dos
Event: 34.787 Loading class sun/nio/fs/WindowsFileAttributeViews$Dos done
Event: 35.865 Loading class java/util/Collections$SynchronizedRandomAccessList
Event: 35.865 Loading class java/util/Collections$SynchronizedList
Event: 35.865 Loading class java/util/Collections$SynchronizedList done
Event: 35.865 Loading class java/util/Collections$SynchronizedRandomAccessList done
Event: 35.970 Loading class java/util/regex/PatternSyntaxException
Event: 35.970 Loading class java/util/regex/PatternSyntaxException done
Event: 35.999 Loading class java/security/DigestInputStream
Event: 36.000 Loading class java/security/DigestInputStream done
Event: 36.059 Loading class java/util/concurrent/CompletableFuture$Signaller
Event: 36.060 Loading class java/util/concurrent/CompletableFuture$Signaller done
Event: 36.626 Loading class java/nio/charset/CharacterCodingException
Event: 36.626 Loading class java/nio/charset/CharacterCodingException done
Event: 36.626 Loading class java/io/SequenceInputStream
Event: 36.626 Loading class java/io/SequenceInputStream done

Classes unloaded (13 events):
Event: 7.883 Thread 0x0000022865156240 Unloading class 0x00000228011a4c00 'java/lang/invoke/LambdaForm$MH+0x00000228011a4c00'
Event: 7.883 Thread 0x0000022865156240 Unloading class 0x00000228011a4800 'java/lang/invoke/LambdaForm$MH+0x00000228011a4800'
Event: 7.883 Thread 0x0000022865156240 Unloading class 0x00000228011a4400 'java/lang/invoke/LambdaForm$MH+0x00000228011a4400'
Event: 7.883 Thread 0x0000022865156240 Unloading class 0x00000228011a4000 'java/lang/invoke/LambdaForm$MH+0x00000228011a4000'
Event: 7.883 Thread 0x0000022865156240 Unloading class 0x00000228011a3c00 'java/lang/invoke/LambdaForm$BMH+0x00000228011a3c00'
Event: 7.883 Thread 0x0000022865156240 Unloading class 0x00000228011a3800 'java/lang/invoke/LambdaForm$DMH+0x00000228011a3800'
Event: 7.883 Thread 0x0000022865156240 Unloading class 0x00000228011a2800 'java/lang/invoke/LambdaForm$DMH+0x00000228011a2800'
Event: 9.672 Thread 0x0000022865156240 Unloading class 0x0000022801327000 'java/lang/invoke/LambdaForm$MH+0x0000022801327000'
Event: 9.672 Thread 0x0000022865156240 Unloading class 0x0000022801326400 'java/lang/invoke/LambdaForm$MH+0x0000022801326400'
Event: 9.672 Thread 0x0000022865156240 Unloading class 0x0000022801325400 'java/lang/invoke/LambdaForm$MH+0x0000022801325400'
Event: 9.672 Thread 0x0000022865156240 Unloading class 0x0000022801325000 'java/lang/invoke/LambdaForm$MH+0x0000022801325000'
Event: 9.672 Thread 0x0000022865156240 Unloading class 0x0000022801324c00 'java/lang/invoke/LambdaForm$DMH+0x0000022801324c00'
Event: 9.672 Thread 0x0000022865156240 Unloading class 0x000002280131b800 'java/lang/invoke/LambdaForm$MH+0x000002280131b800'

Classes redefined (0 events):
No events

Internal exceptions (20 events):
Event: 33.174 Thread 0x00000228486805a0 Exception <a 'java/lang/NoSuchMethodError'{0x00000000d561fc70}: 'java.lang.Object java.lang.invoke.DirectMethodHandle$Holder.invokeVirtual(java.lang.Object, java.lang.Object, java.lang.Object, java.lang.Object, java.lang.Object, java.lang.Object, java.lang.Object, java.lang.Object)'> (0x00000000d561fc70) 
thrown [s\src\hotspot\share\interpreter\linkResolver.cpp, line 773]
Event: 33.291 Thread 0x00000228486805a0 Exception <a 'java/lang/NoSuchMethodError'{0x00000000d55a1d18}: 'java.lang.Object java.lang.invoke.DirectMethodHandle$Holder.invokeVirtual(java.lang.Object, java.lang.Object, java.lang.Object, java.lang.Object, java.lang.Object, java.lang.Object, java.lang.Object, java.lang.Object, java.lang.Object)'> (0x00000000d55a1d18) 
thrown [s\src\hotspot\share\interpreter\linkResolver.cpp, line 773]
Event: 33.898 Thread 0x00000228486812c0 Exception <a 'java/lang/NoSuchMethodError'{0x00000000d56ad3e8}: 'void java.lang.invoke.DirectMethodHandle$Holder.invokeStatic(java.lang.Object, long)'> (0x00000000d56ad3e8) 
thrown [s\src\hotspot\share\interpreter\linkResolver.cpp, line 773]
Event: 34.757 Thread 0x00000228486812c0 Exception <a 'java/lang/NoSuchMethodError'{0x00000000d55e8e80}: 'void java.lang.invoke.DirectMethodHandle$Holder.invokeSpecial(java.lang.Object, java.lang.Object, int)'> (0x00000000d55e8e80) 
thrown [s\src\hotspot\share\interpreter\linkResolver.cpp, line 773]
Event: 34.760 Thread 0x00000228486812c0 Exception <a 'java/lang/NoSuchMethodError'{0x00000000d56161e0}: 'java.lang.Object java.lang.invoke.DirectMethodHandle$Holder.newInvokeSpecial(java.lang.Object, java.lang.Object, int)'> (0x00000000d56161e0) 
thrown [s\src\hotspot\share\interpreter\linkResolver.cpp, line 773]
Event: 35.964 Thread 0x000002287dd376c0 Implicit null exception at 0x00000228704289c7 to 0x0000022870429a58
Event: 35.983 Thread 0x000002287dd376c0 Implicit null exception at 0x00000228703e6b0d to 0x00000228703e6e58
Event: 36.660 Thread 0x000002287dd376c0 Exception <a 'java/io/FileNotFoundException'{0x00000000d56ae8c8}> (0x00000000d56ae8c8) 
thrown [s\src\hotspot\share\prims\jni.cpp, line 520]
Event: 36.660 Thread 0x000002287dd376c0 Exception <a 'java/io/FileNotFoundException'{0x00000000d56af8d8}> (0x00000000d56af8d8) 
thrown [s\src\hotspot\share\prims\jni.cpp, line 520]
Event: 36.664 Thread 0x000002287dd376c0 Implicit null exception at 0x00000228704d09a1 to 0x00000228704d280c
Event: 37.380 Thread 0x000002287dd376c0 Implicit null exception at 0x000002287075e800 to 0x000002287075ec04
Event: 37.380 Thread 0x000002287dd376c0 Exception <a 'sun/nio/fs/WindowsException'{0x00000000d55fa6d8}> (0x00000000d55fa6d8) 
thrown [s\src\hotspot\share\prims\jni.cpp, line 520]
Event: 37.380 Thread 0x000002287dd376c0 Exception <a 'sun/nio/fs/WindowsException'{0x00000000d55fac00}> (0x00000000d55fac00) 
thrown [s\src\hotspot\share\prims\jni.cpp, line 520]
Event: 37.381 Thread 0x000002287dd376c0 Exception <a 'sun/nio/fs/WindowsException'{0x00000000d55fdf68}> (0x00000000d55fdf68) 
thrown [s\src\hotspot\share\prims\jni.cpp, line 520]
Event: 37.381 Thread 0x000002287dd376c0 Exception <a 'sun/nio/fs/WindowsException'{0x00000000d55fe728}> (0x00000000d55fe728) 
thrown [s\src\hotspot\share\prims\jni.cpp, line 520]
Event: 37.726 Thread 0x000002287dd376c0 Implicit null exception at 0x0000022870599eda to 0x000002287059a0a0
Event: 38.444 Thread 0x000002287e6ab4e0 Exception <a 'java/lang/NoSuchMethodError'{0x00000000d58c61c8}: 'java.lang.Object java.lang.invoke.DirectMethodHandle$Holder.invokeSpecial(java.lang.Object, java.lang.Object, int, long)'> (0x00000000d58c61c8) 
thrown [s\src\hotspot\share\interpreter\linkResolver.cpp, line 773]
Event: 39.639 Thread 0x000002287e6ab4e0 Implicit null exception at 0x0000022870186d26 to 0x00000228701872f4
Event: 40.160 Thread 0x000002287e6ab4e0 Implicit null exception at 0x00000228701c4b06 to 0x00000228701c4c05
Event: 42.854 Thread 0x000002287e6ab4e0 Implicit null exception at 0x00000228708c4e2f to 0x00000228708cb744

ZGC Phase Switch (0 events):
No events

VM Operations (20 events):
Event: 48.790 Executing VM operation: ParallelGCFailedAllocation (Allocation Failure) done
Event: 48.802 Executing VM operation: ParallelGCFailedAllocation (Allocation Failure)
Event: 48.805 Executing VM operation: ParallelGCFailedAllocation (Allocation Failure) done
Event: 48.813 Executing VM operation: ParallelGCFailedAllocation (Allocation Failure)
Event: 48.853 Executing VM operation: ParallelGCFailedAllocation (Allocation Failure) done
Event: 48.876 Executing VM operation: ParallelGCFailedAllocation (Allocation Failure)
Event: 48.951 Executing VM operation: ParallelGCFailedAllocation (Allocation Failure) done
Event: 48.961 Executing VM operation: ParallelGCFailedAllocation (Allocation Failure)
Event: 48.999 Executing VM operation: ParallelGCFailedAllocation (Allocation Failure) done
Event: 49.016 Executing VM operation: ParallelGCFailedAllocation (Allocation Failure)
Event: 49.123 Executing VM operation: ParallelGCFailedAllocation (Allocation Failure) done
Event: 49.134 Executing VM operation: ParallelGCFailedAllocation (Allocation Failure)
Event: 49.148 Executing VM operation: ParallelGCFailedAllocation (Allocation Failure) done
Event: 49.167 Executing VM operation: ParallelGCFailedAllocation (Allocation Failure)
Event: 49.170 Executing VM operation: ParallelGCFailedAllocation (Allocation Failure) done
Event: 49.181 Executing VM operation: ParallelGCFailedAllocation (Allocation Failure)
Event: 49.192 Executing VM operation: ParallelGCFailedAllocation (Allocation Failure) done
Event: 49.214 Executing VM operation: ParallelGCFailedAllocation (Allocation Failure)
Event: 49.218 Executing VM operation: ParallelGCFailedAllocation (Allocation Failure) done
Event: 49.229 Executing VM operation: ParallelGCFailedAllocation (Allocation Failure)

Memory protections (0 events):
No events

Nmethod flushes (20 events):
Event: 23.767 Thread 0x0000022865156240 flushing  nmethod 0x0000022868bd6d10
Event: 23.767 Thread 0x0000022865156240 flushing  nmethod 0x0000022868bd7310
Event: 23.767 Thread 0x0000022865156240 flushing  nmethod 0x0000022868bd8c10
Event: 23.767 Thread 0x0000022865156240 flushing  nmethod 0x0000022868bda410
Event: 23.767 Thread 0x0000022865156240 flushing  nmethod 0x0000022868be3f10
Event: 23.767 Thread 0x0000022865156240 flushing  nmethod 0x0000022868bf3510
Event: 23.767 Thread 0x0000022865156240 flushing  nmethod 0x0000022868bfe110
Event: 23.767 Thread 0x0000022865156240 flushing  nmethod 0x0000022868c1da10
Event: 23.767 Thread 0x0000022865156240 flushing  nmethod 0x0000022868c2b110
Event: 23.767 Thread 0x0000022865156240 flushing  nmethod 0x0000022868c33d90
Event: 23.767 Thread 0x0000022865156240 flushing  nmethod 0x0000022868c61810
Event: 23.767 Thread 0x0000022865156240 flushing  nmethod 0x0000022868c62f10
Event: 23.767 Thread 0x0000022865156240 flushing  nmethod 0x0000022868c78910
Event: 23.767 Thread 0x0000022865156240 flushing  nmethod 0x0000022868c7a410
Event: 23.767 Thread 0x0000022865156240 flushing  nmethod 0x0000022868c7bd10
Event: 23.767 Thread 0x0000022865156240 flushing  nmethod 0x0000022868c7e490
Event: 23.767 Thread 0x0000022865156240 flushing  nmethod 0x0000022868c7ee90
Event: 23.767 Thread 0x0000022865156240 flushing  nmethod 0x0000022868c7f310
Event: 23.767 Thread 0x0000022865156240 flushing  nmethod 0x0000022868c7f690
Event: 23.767 Thread 0x0000022865156240 flushing  nmethod 0x0000022868c89010

Events (20 events):
Event: 13.741 Thread 0x000002287e6acf20 Thread added: 0x00000228453c4c00
Event: 13.741 Thread 0x000002287e6acf20 Thread added: 0x00000228453c3ee0
Event: 20.420 Thread 0x00000228451f46b0 Thread exited: 0x00000228451f46b0
Event: 20.751 Thread 0x000002287ed3c4c0 Thread exited: 0x000002287ed3c4c0
Event: 22.173 Thread 0x000002287bba3980 Thread added: 0x00000228459ebda0
Event: 23.305 Thread 0x000002287e6acf20 Thread added: 0x000002284867f880
Event: 24.347 Thread 0x000002287e6acf20 Thread added: 0x0000022848680c30
Event: 24.472 Thread 0x00000228459ebda0 Thread exited: 0x00000228459ebda0
Event: 24.505 Thread 0x000002287e6acf20 Thread added: 0x0000022848683390
Event: 24.505 Thread 0x000002287e6acf20 Thread added: 0x0000022848686180
Event: 24.505 Thread 0x000002287e6acf20 Thread added: 0x0000022848686810
Event: 24.637 Thread 0x000002287e6acf20 Thread added: 0x0000022848685460
Event: 24.681 Thread 0x000002287e6acf20 Thread added: 0x0000022848683a20
Event: 29.730 Thread 0x000002287e6acf20 Thread added: 0x0000022848681950
Event: 29.995 Thread 0x000002287e6acf20 Thread added: 0x00000228486805a0
Event: 33.839 Thread 0x00000228486805a0 Thread added: 0x00000228486812c0
Event: 33.950 Thread 0x00000228486812c0 Thread added: 0x00000228470a1f30
Event: 33.950 Thread 0x00000228486812c0 Thread added: 0x000002284709f140
Event: 34.813 Thread 0x00000228486805a0 Thread exited: 0x00000228486805a0
Event: 40.174 Thread 0x000002287e6ac890 Thread added: 0x000002284709d070


Dynamic libraries:
0x00007ff637aa0000 - 0x00007ff637aae000 	c:\Users\ASUS\.vscode\extensions\redhat.java-1.43.0-win32-x64\jre\21.0.7-win32-x86_64\bin\java.exe
0x00007ff8ed190000 - 0x00007ff8ed3a7000 	C:\WINDOWS\SYSTEM32\ntdll.dll
0x00007ff8ec620000 - 0x00007ff8ec6e4000 	C:\WINDOWS\System32\KERNEL32.DLL
0x00007ff8ea580000 - 0x00007ff8ea952000 	C:\WINDOWS\System32\KERNELBASE.dll
0x00007ff8eac80000 - 0x00007ff8ead91000 	C:\WINDOWS\System32\ucrtbase.dll
0x00007ff8c4690000 - 0x00007ff8c46ae000 	c:\Users\ASUS\.vscode\extensions\redhat.java-1.43.0-win32-x64\jre\21.0.7-win32-x86_64\bin\VCRUNTIME140.dll
0x00007ff8c2fc0000 - 0x00007ff8c2fd8000 	c:\Users\ASUS\.vscode\extensions\redhat.java-1.43.0-win32-x64\jre\21.0.7-win32-x86_64\bin\jli.dll
0x00007ff8ec9a0000 - 0x00007ff8ecb51000 	C:\WINDOWS\System32\USER32.dll
0x00007ff8ea3f0000 - 0x00007ff8ea416000 	C:\WINDOWS\System32\win32u.dll
0x00007ff8dcfa0000 - 0x00007ff8dd23b000 	C:\WINDOWS\WinSxS\amd64_microsoft.windows.common-controls_6595b64144ccf1df_6.0.22621.5415_none_270d77d17387d7da\COMCTL32.dll
0x00007ff8ec6f0000 - 0x00007ff8ec719000 	C:\WINDOWS\System32\GDI32.dll
0x00007ff8eaf00000 - 0x00007ff8eafa7000 	C:\WINDOWS\System32\msvcrt.dll
0x00007ff8eab50000 - 0x00007ff8eac73000 	C:\WINDOWS\System32\gdi32full.dll
0x00007ff8ea420000 - 0x00007ff8ea4ba000 	C:\WINDOWS\System32\msvcp_win.dll
0x00007ff8ecff0000 - 0x00007ff8ed021000 	C:\WINDOWS\System32\IMM32.DLL
0x00007ff8d4ed0000 - 0x00007ff8d4edc000 	c:\Users\ASUS\.vscode\extensions\redhat.java-1.43.0-win32-x64\jre\21.0.7-win32-x86_64\bin\vcruntime140_1.dll
0x00007ff8983f0000 - 0x00007ff89847d000 	c:\Users\ASUS\.vscode\extensions\redhat.java-1.43.0-win32-x64\jre\21.0.7-win32-x86_64\bin\msvcp140.dll
0x00007ff88b9d0000 - 0x00007ff88c760000 	c:\Users\ASUS\.vscode\extensions\redhat.java-1.43.0-win32-x64\jre\21.0.7-win32-x86_64\bin\server\jvm.dll
0x00007ff8ec490000 - 0x00007ff8ec541000 	C:\WINDOWS\System32\ADVAPI32.dll
0x00007ff8ec550000 - 0x00007ff8ec5f8000 	C:\WINDOWS\System32\sechost.dll
0x00007ff8eaaa0000 - 0x00007ff8eaac8000 	C:\WINDOWS\System32\bcrypt.dll
0x00007ff8ed030000 - 0x00007ff8ed144000 	C:\WINDOWS\System32\RPCRT4.dll
0x00007ff8ec8d0000 - 0x00007ff8ec941000 	C:\WINDOWS\System32\WS2_32.dll
0x00007ff8e90c0000 - 0x00007ff8e910d000 	C:\WINDOWS\SYSTEM32\POWRPROF.dll
0x00007ff8ddc90000 - 0x00007ff8ddcc4000 	C:\WINDOWS\SYSTEM32\WINMM.dll
0x00007ff8e0510000 - 0x00007ff8e051a000 	C:\WINDOWS\SYSTEM32\VERSION.dll
0x00007ff8e90a0000 - 0x00007ff8e90b3000 	C:\WINDOWS\SYSTEM32\UMPDC.dll
0x00007ff8e9300000 - 0x00007ff8e9318000 	C:\WINDOWS\SYSTEM32\kernel.appcore.dll
0x00007ff8cdb30000 - 0x00007ff8cdb3a000 	c:\Users\ASUS\.vscode\extensions\redhat.java-1.43.0-win32-x64\jre\21.0.7-win32-x86_64\bin\jimage.dll
0x00007ff8e7c80000 - 0x00007ff8e7eb3000 	C:\WINDOWS\SYSTEM32\DBGHELP.DLL
0x00007ff8ecb60000 - 0x00007ff8ecef3000 	C:\WINDOWS\System32\combase.dll
0x00007ff8eae20000 - 0x00007ff8eaef7000 	C:\WINDOWS\System32\OLEAUT32.dll
0x00007ff8cb700000 - 0x00007ff8cb732000 	C:\WINDOWS\SYSTEM32\dbgcore.DLL
0x00007ff8eada0000 - 0x00007ff8eae1b000 	C:\WINDOWS\System32\bcryptPrimitives.dll
0x00007ff8e2870000 - 0x00007ff8e287f000 	c:\Users\ASUS\.vscode\extensions\redhat.java-1.43.0-win32-x64\jre\21.0.7-win32-x86_64\bin\instrument.dll
0x00007ff8bc6e0000 - 0x00007ff8bc6ff000 	c:\Users\ASUS\.vscode\extensions\redhat.java-1.43.0-win32-x64\jre\21.0.7-win32-x86_64\bin\java.dll
0x00007ff8eafb0000 - 0x00007ff8eb852000 	C:\WINDOWS\System32\SHELL32.dll
0x00007ff8ea960000 - 0x00007ff8eaa9f000 	C:\WINDOWS\System32\wintypes.dll
0x00007ff8e8160000 - 0x00007ff8e8a7e000 	C:\WINDOWS\SYSTEM32\windows.storage.dll
0x00007ff8ec7c0000 - 0x00007ff8ec8cb000 	C:\WINDOWS\System32\SHCORE.dll
0x00007ff8ecf80000 - 0x00007ff8ecfe9000 	C:\WINDOWS\System32\shlwapi.dll
0x00007ff8ea1b0000 - 0x00007ff8ea1db000 	C:\WINDOWS\SYSTEM32\profapi.dll
0x00007ff8d30f0000 - 0x00007ff8d3108000 	c:\Users\ASUS\.vscode\extensions\redhat.java-1.43.0-win32-x64\jre\21.0.7-win32-x86_64\bin\zip.dll
0x00007ff8e2880000 - 0x00007ff8e2890000 	C:\Users\ASUS\.vscode\extensions\redhat.java-1.43.0-win32-x64\jre\21.0.7-win32-x86_64\bin\net.dll
0x00007ff8e3190000 - 0x00007ff8e32bc000 	C:\WINDOWS\SYSTEM32\WINHTTP.dll
0x00007ff8e97d0000 - 0x00007ff8e9839000 	C:\WINDOWS\system32\mswsock.dll
0x00007ff8d2400000 - 0x00007ff8d2416000 	C:\Users\ASUS\.vscode\extensions\redhat.java-1.43.0-win32-x64\jre\21.0.7-win32-x86_64\bin\nio.dll
0x00007ff8d9660000 - 0x00007ff8d9670000 	c:\Users\ASUS\.vscode\extensions\redhat.java-1.43.0-win32-x64\jre\21.0.7-win32-x86_64\bin\verify.dll
0x00007ff8ab990000 - 0x00007ff8ab9d5000 	C:\Users\ASUS\AppData\Roaming\Code\User\globalStorage\redhat.java\1.43.0\config_win\org.eclipse.equinox.launcher\org.eclipse.equinox.launcher.win32.win32.x86_64_1.2.1300.v20250331-1702\eclipse_11911.dll
0x00007ff8ebaa0000 - 0x00007ff8ebc40000 	C:\WINDOWS\System32\ole32.dll
0x00007ff8e9a10000 - 0x00007ff8e9a2b000 	C:\WINDOWS\SYSTEM32\CRYPTSP.dll
0x00007ff8e92c0000 - 0x00007ff8e92f7000 	C:\WINDOWS\system32\rsaenh.dll
0x00007ff8e9880000 - 0x00007ff8e98a8000 	C:\WINDOWS\SYSTEM32\USERENV.dll
0x00007ff8e9a00000 - 0x00007ff8e9a0c000 	C:\WINDOWS\SYSTEM32\CRYPTBASE.dll
0x00007ff8e8da0000 - 0x00007ff8e8dcd000 	C:\WINDOWS\SYSTEM32\IPHLPAPI.DLL
0x00007ff8ebc40000 - 0x00007ff8ebc49000 	C:\WINDOWS\System32\NSI.dll
0x00007ff8983a0000 - 0x00007ff8983e9000 	C:\Users\ASUS\AppData\Local\Temp\jna-2018896\jna14018719996304532422.dll
0x00007ff8ec720000 - 0x00007ff8ec728000 	C:\WINDOWS\System32\PSAPI.DLL
0x00007ff8e35f0000 - 0x00007ff8e3609000 	C:\WINDOWS\SYSTEM32\dhcpcsvc6.DLL
0x00007ff8e2f60000 - 0x00007ff8e2f7f000 	C:\WINDOWS\SYSTEM32\dhcpcsvc.DLL
0x00007ff8be3c0000 - 0x00007ff8be3e7000 	C:\Users\ASUS\.gradle\native\c067742578af261105cb4f569cf0c3c89f3d7b1fecec35dd04571415982c5e48\windows-amd64\native-platform.dll
0x00007ff8d8800000 - 0x00007ff8d880a000 	C:\Users\ASUS\.vscode\extensions\redhat.java-1.43.0-win32-x64\jre\21.0.7-win32-x86_64\bin\management.dll
0x00007ff8d53c0000 - 0x00007ff8d53cb000 	C:\Users\ASUS\.vscode\extensions\redhat.java-1.43.0-win32-x64\jre\21.0.7-win32-x86_64\bin\management_ext.dll

dbghelp: loaded successfully - version: 4.0.5 - missing functions: none
symbol engine: initialized successfully - sym options: 0x614 - pdb path: .;c:\Users\ASUS\.vscode\extensions\redhat.java-1.43.0-win32-x64\jre\21.0.7-win32-x86_64\bin;C:\WINDOWS\SYSTEM32;C:\WINDOWS\WinSxS\amd64_microsoft.windows.common-controls_6595b64144ccf1df_6.0.22621.5415_none_270d77d17387d7da;c:\Users\ASUS\.vscode\extensions\redhat.java-1.43.0-win32-x64\jre\21.0.7-win32-x86_64\bin\server;C:\Users\ASUS\AppData\Roaming\Code\User\globalStorage\redhat.java\1.43.0\config_win\org.eclipse.equinox.launcher\org.eclipse.equinox.launcher.win32.win32.x86_64_1.2.1300.v20250331-1702;C:\Users\ASUS\AppData\Local\Temp\jna-2018896;C:\Users\ASUS\.gradle\native\c067742578af261105cb4f569cf0c3c89f3d7b1fecec35dd04571415982c5e48\windows-amd64

VM Arguments:
jvm_args: --add-modules=ALL-SYSTEM --add-opens=java.base/java.util=ALL-UNNAMED --add-opens=java.base/java.lang=ALL-UNNAMED --add-opens=java.base/sun.nio.fs=ALL-UNNAMED -Declipse.application=org.eclipse.jdt.ls.core.id1 -Dosgi.bundles.defaultStartLevel=4 -Declipse.product=org.eclipse.jdt.ls.core.product -Djava.import.generatesMetadataFilesAtProjectRoot=false -DDetectVMInstallationsJob.disabled=true -Dfile.encoding=utf8 -XX:+UseParallelGC -XX:GCTimeRatio=4 -XX:AdaptiveSizePolicyWeight=90 -Dsun.zip.disableMemoryMapping=true -Xmx2G -Xms100m -Xlog:disable -javaagent:c:\Users\ASUS\.vscode\extensions\redhat.java-1.43.0-win32-x64\lombok\lombok-1.18.39-4050.jar -XX:+HeapDumpOnOutOfMemoryError -XX:HeapDumpPath=c:\Users\ASUS\AppData\Roaming\Code\User\workspaceStorage\64c5fc09bacb5b4f7dcb981332d43b0f\redhat.java -Daether.dependencyCollector.impl=bf 
java_command: c:\Users\ASUS\.vscode\extensions\redhat.java-1.43.0-win32-x64\server\plugins\org.eclipse.equinox.launcher_1.7.0.v20250519-0528.jar -configuration c:\Users\ASUS\AppData\Roaming\Code\User\globalStorage\redhat.java\1.43.0\config_win -data c:\Users\ASUS\AppData\Roaming\Code\User\workspaceStorage\64c5fc09bacb5b4f7dcb981332d43b0f\redhat.java\jdt_ws --pipe=\\.\pipe\lsp-9e53e84d2f43207da99f44e503173549-sock
java_class_path (initial): c:\Users\ASUS\.vscode\extensions\redhat.java-1.43.0-win32-x64\server\plugins\org.eclipse.equinox.launcher_1.7.0.v20250519-0528.jar
Launcher Type: SUN_STANDARD

[Global flags]
    uintx AdaptiveSizePolicyWeight                 = 90                                        {product} {command line}
     intx CICompilerCount                          = 4                                         {product} {ergonomic}
    uintx GCTimeRatio                              = 4                                         {product} {command line}
     bool HeapDumpOnOutOfMemoryError               = true                                   {manageable} {command line}
    ccstr HeapDumpPath                             = c:\Users\ASUS\AppData\Roaming\Code\User\workspaceStorage\64c5fc09bacb5b4f7dcb981332d43b0f\redhat.java         {manageable} {command line}
   size_t InitialHeapSize                          = 104857600                                 {product} {command line}
   size_t MaxHeapSize                              = 2147483648                                {product} {command line}
   size_t MaxNewSize                               = 715653120                                 {product} {ergonomic}
   size_t MinHeapDeltaBytes                        = 524288                                    {product} {ergonomic}
   size_t MinHeapSize                              = 104857600                                 {product} {command line}
   size_t NewSize                                  = 34603008                                  {product} {ergonomic}
    uintx NonNMethodCodeHeapSize                   = 5839372                                {pd product} {ergonomic}
    uintx NonProfiledCodeHeapSize                  = 122909434                              {pd product} {ergonomic}
   size_t OldSize                                  = 70254592                                  {product} {ergonomic}
    uintx ProfiledCodeHeapSize                     = 122909434                              {pd product} {ergonomic}
    uintx ReservedCodeCacheSize                    = 251658240                              {pd product} {ergonomic}
     bool SegmentedCodeCache                       = true                                      {product} {ergonomic}
   size_t SoftMaxHeapSize                          = 2147483648                             {manageable} {ergonomic}
     bool UseCompressedOops                        = true                           {product lp64_product} {ergonomic}
     bool UseLargePagesIndividualAllocation        = false                                  {pd product} {ergonomic}
     bool UseParallelGC                            = true                                      {product} {command line}

Logging:
Log output configuration:
 #0: stdout all=off uptime,level,tags foldmultilines=false
 #1: stderr all=off uptime,level,tags foldmultilines=false

Environment Variables:
JAVA_HOME=D:\downApp
PATH=C:\Program Files\Common Files\Oracle\Java\javapath;D:\downApp\Scripts\;D:\downApp\;C:\Program Files\Microsoft MPI\Bin\;C:\Program Files (x86)\Common Files\Oracle\Java\javapath;C:\Windows\system32;C:\Windows;C:\Windows\System32\Wbem;C:\Windows\System32\WindowsPowerShell\v1.0\;C:\Windows\System32\OpenSSH\;C:\Program Files (x86)\NVIDIA Corporation\PhysX\Common;C:\Program Files\NVIDIA Corporation\NVIDIA NvDLISR;C:\WINDOWS\system32;C:\WINDOWS;C:\WINDOWS\System32\Wbem;C:\WINDOWS\System32\WindowsPowerShell\v1.0\;C:\WINDOWS\System32\OpenSSH\;C:\MinGW\bin;C:\Program Files\dotnet\;C:\Program Files\Microsoft SQL Server\150\Tools\Binn\;C:\Program Files\Microsoft SQL Server\Client SDK\ODBC\170\Tools\Binn\;C:\Program Files (x86)\Microsoft SQL Server\150\Tools\Binn\;C:\Program Files\Microsoft SQL Server\150\DTS\Binn\;C:\Program Files\Azure Data Studio\bin;C:\WINDOWS\system32;C:\WINDOWS;C:\WINDOWS\System32\Wbem;C:\WINDOWS\System32\WindowsPowerShell\v1.0\;C:\WINDOWS\System32\OpenSSH\;C:\laragon\bin\php\php-8.1.10-Win32-vs16-x64;D:\Git\Git\cmd;D:\laragon\laragon\bin\php\php-8.1.10-Win32-vs16-x64;D:\laragon\laragon;C:\Program Files (x86)\Microsoft SQL Server\160\Tools\Binn\;C:\Program Files\Microsoft SQL Server\160\Tools\Binn\;C:\Program Files\Microsoft SQL Server\160\DTS\Binn\;C:\Program Files\Java\apache-maven-3.9.9\bin;C:\Program Files\MySQL\MySQL Shell 8.0\bin\;C:\Users\ASUS\AppData\Local\Programs\Python\Python312\Scripts\;C:\Users\ASUS\AppData\Local\Programs\Python\Python312\;C:\Users\ASUS\AppData\Local\Programs\Python\Python311\Scripts\;C:\Users\ASUS\AppData\Local\Programs\Python\Python311\;D:\python\Scripts\;D:\python\;C:\Users\ASUS\AppData\Local\Microsoft\WindowsApps;D:\Microsoft VS Code\bin;C:\Program Files (x86)\Dev-Cpp\MinGW64\bin;C:\msys64\mingw64\bin;C:\Users\ASUS\.dotnet\tools;C:\Program Files\Azure Data Studio\bin;C:\Users\ASUS\AppData\Local\JetBrains\Toolbox\scripts;C:\Users\ASUS\AppData\Roaming\Composer\vendor\bin;C:\Users\ASUS\AppData\Local\Microsoft\WindowsApps;D:\downApp\winlibs-x86_64-posix-seh-gcc-12.1.0-mingw-w64msvcrt-10.0.0-r3\mingw64\bin;C:\Users\ASUS\AppData\Roaming\npm;C:\Users\ASUS\AppData\Local\Programs\cursor\resources\app\bin
USERNAME=ASUS
OS=Windows_NT
PROCESSOR_IDENTIFIER=Intel64 Family 6 Model 140 Stepping 1, GenuineIntel
TMP=C:\Users\ASUS\AppData\Local\Temp
TEMP=C:\Users\ASUS\AppData\Local\Temp




Periodic native trim disabled

---------------  S Y S T E M  ---------------

OS:
 Windows 11 , 64 bit Build 22621 (10.0.22621.5415)
OS uptime: 0 days 22:45 hours
Hyper-V role detected

CPU: total 8 (initial active 8) (4 cores per cpu, 2 threads per core) family 6 model 140 stepping 1 microcode 0x86, cx8, cmov, fxsr, ht, mmx, 3dnowpref, sse, sse2, sse3, ssse3, sse4.1, sse4.2, popcnt, lzcnt, tsc, tscinvbit, avx, avx2, aes, erms, clmul, bmi1, bmi2, adx, avx512f, avx512dq, avx512cd, avx512bw, avx512vl, sha, fma, vzeroupper, avx512_vpopcntdq, avx512_vpclmulqdq, avx512_vaes, avx512_vnni, clflush, clflushopt, clwb, avx512_vbmi2, avx512_vbmi, hv, rdtscp, rdpid, fsrm, gfni, avx512_bitalg, f16c, cet_ibt, cet_ss, avx512_ifma
Processor Information for the first 8 processors :
  Max Mhz: 3302, Current Mhz: 3302, Mhz Limit: 3302

Memory: 4k page, system-wide physical 7883M (247M free)
TotalPageFile size 28638M (AvailPageFile size 0M)
current process WorkingSet (physical memory assigned to process): 495M, peak: 499M
current process commit charge ("private bytes"): 731M, peak: 732M

vm_info: OpenJDK 64-Bit Server VM (21.0.7+6-LTS) for windows-amd64 JRE (21.0.7+6-LTS), built on 2025-04-15T00:00:00Z by "admin" with MS VC++ 17.7 (VS2022)

END.
