#
# There is insufficient memory for the Java Runtime Environment to continue.
# Native memory allocation (malloc) failed to allocate 985264 bytes. Error detail: Chunk::new
# Possible reasons:
#   The system is out of physical RAM or swap space
#   This process is running with CompressedOops enabled, and the Java Heap may be blocking the growth of the native heap
# Possible solutions:
#   Reduce memory load on the system
#   Increase physical memory or swap space
#   Check if swap backing store is full
#   Decrease Java heap size (-Xmx/-Xms)
#   Decrease number of Java threads
#   Decrease Java thread stack sizes (-Xss)
#   Set larger code cache with -XX:ReservedCodeCacheSize=
#   JVM is running with Unscaled Compressed Oops mode in which the Java heap is
#     placed in the first 4GB address space. The Java Heap base address is the
#     maximum limit for the native heap growth. Please use -XX:HeapBaseMinAddress
#     to set the Java Heap base and to place the Java Heap above 4GB virtual address.
# This output file may be truncated or incomplete.
#
#  Out of Memory Error (arena.cpp:168), pid=276, tid=21748
#
# JRE version: OpenJDK Runtime Environment Temurin-21.0.7+6 (21.0.7+6) (build 21.0.7+6-LTS)
# Java VM: OpenJDK 64-Bit Server VM Temurin-21.0.7+6 (21.0.7+6-LTS, mixed mode, sharing, tiered, compressed oops, compressed class ptrs, parallel gc, windows-amd64)
# No core dump will be written. Minidumps are not enabled by default on client versions of Windows
#

---------------  S U M M A R Y ------------

Command Line: --add-modules=ALL-SYSTEM --add-opens=java.base/java.util=ALL-UNNAMED --add-opens=java.base/java.lang=ALL-UNNAMED --add-opens=java.base/sun.nio.fs=ALL-UNNAMED -Declipse.application=org.eclipse.jdt.ls.core.id1 -Dosgi.bundles.defaultStartLevel=4 -Declipse.product=org.eclipse.jdt.ls.core.product -Djava.import.generatesMetadataFilesAtProjectRoot=false -DDetectVMInstallationsJob.disabled=true -Dfile.encoding=utf8 -XX:+UseParallelGC -XX:GCTimeRatio=4 -XX:AdaptiveSizePolicyWeight=90 -Dsun.zip.disableMemoryMapping=true -Xmx2G -Xms100m -Xlog:disable -javaagent:c:\Users\ASUS\.vscode\extensions\redhat.java-1.43.0-win32-x64\lombok\lombok-1.18.39-4050.jar c:\Users\ASUS\.vscode\extensions\redhat.java-1.43.0-win32-x64\server\plugins\org.eclipse.equinox.launcher_1.7.0.v20250519-0528.jar -configuration c:\Users\ASUS\AppData\Roaming\Code\User\globalStorage\redhat.java\1.43.0\config_ss_win -data c:\Users\ASUS\AppData\Roaming\Code\User\workspaceStorage\64c5fc09bacb5b4f7dcb981332d43b0f\redhat.java\ss_ws --pipe=\\.\pipe\lsp-1ad919c09cb6ee5be616dacbbf11dcce-sock

Host: 11th Gen Intel(R) Core(TM) i7-11370H @ 3.30GHz, 8 cores, 7G,  Windows 11 , 64 bit Build 22621 (10.0.22621.5415)
Time: Sun Jun 29 16:35:40 2025 SE Asia Standard Time elapsed time: 49.307876 seconds (0d 0h 0m 49s)

---------------  T H R E A D  ---------------

Current thread (0x000001fb7e63ad40):  JavaThread "C2 CompilerThread0" daemon [_thread_in_native, id=21748, stack(0x0000000547c00000,0x0000000547d00000) (1024K)]


Current CompileTask:
C2:49307 7765       4       org.eclipse.jdt.internal.compiler.classfmt.ModuleInfo::readModuleAttribute (1166 bytes)

Stack: [0x0000000547c00000,0x0000000547d00000]
Native frames: (J=compiled Java code, j=interpreted, Vv=VM code, C=native code)
V  [jvm.dll+0x6ce119]
V  [jvm.dll+0x8a84a1]
V  [jvm.dll+0x8aa9ce]
V  [jvm.dll+0x8ab0b3]
V  [jvm.dll+0x27f8a6]
V  [jvm.dll+0xc507d]
V  [jvm.dll+0xc55b3]
V  [jvm.dll+0x3b692c]
V  [jvm.dll+0x1dfe33]
V  [jvm.dll+0x247c42]
V  [jvm.dll+0x2470cf]
V  [jvm.dll+0x1c760e]
V  [jvm.dll+0x25695a]
V  [jvm.dll+0x254efa]
V  [jvm.dll+0x3f03f6]
V  [jvm.dll+0x851f6b]
V  [jvm.dll+0x6cc7dd]
C  [ucrtbase.dll+0x29333]
C  [KERNEL32.DLL+0x1259d]
C  [ntdll.dll+0x5af78]


---------------  P R O C E S S  ---------------

Threads class SMR info:
_java_thread_list=0x000001fb4a1e10b0, length=37, elements={
0x000001fb6bbd0480, 0x000001fb6bc8b8e0, 0x000001fb6bc8c790, 0x000001fb7e634980,
0x000001fb7e6377a0, 0x000001fb7e6384b0, 0x000001fb7e639f10, 0x000001fb7e63ad40,
0x000001fb7e63f9f0, 0x000001fb49098100, 0x000001fb492720a0, 0x000001fb49ebba90,
0x000001fb49a4e6c0, 0x000001fb49271340, 0x000001fb498649a0, 0x000001fb49371930,
0x000001fb4a0f29b0, 0x000001fb4a0f3e60, 0x000001fb4a105e80, 0x000001fb4a104ad0,
0x000001fb4a1057f0, 0x000001fb4a105160, 0x000001fb4a106510, 0x000001fb4a106ba0,
0x000001fb4a107230, 0x000001fb4a103db0, 0x000001fb4a104440, 0x000001fb4a92f9b0,
0x000001fb4a929dd0, 0x000001fb4a928a20, 0x000001fb4a930040, 0x000001fb4a92b810,
0x000001fb4a92e600, 0x000001fb4a92b180, 0x000001fb4a92bea0, 0x000001fb4a92a460,
0x000001fb4a92aaf0
}

Java Threads: ( => current thread )
  0x000001fb6bbd0480 JavaThread "main"                              [_thread_blocked, id=15920, stack(0x0000000547200000,0x0000000547300000) (1024K)]
  0x000001fb6bc8b8e0 JavaThread "Reference Handler"          daemon [_thread_blocked, id=12024, stack(0x0000000547600000,0x0000000547700000) (1024K)]
  0x000001fb6bc8c790 JavaThread "Finalizer"                  daemon [_thread_blocked, id=13456, stack(0x0000000547700000,0x0000000547800000) (1024K)]
  0x000001fb7e634980 JavaThread "Signal Dispatcher"          daemon [_thread_blocked, id=13280, stack(0x0000000547800000,0x0000000547900000) (1024K)]
  0x000001fb7e6377a0 JavaThread "Attach Listener"            daemon [_thread_blocked, id=23268, stack(0x0000000547900000,0x0000000547a00000) (1024K)]
  0x000001fb7e6384b0 JavaThread "Service Thread"             daemon [_thread_blocked, id=22612, stack(0x0000000547a00000,0x0000000547b00000) (1024K)]
  0x000001fb7e639f10 JavaThread "Monitor Deflation Thread"   daemon [_thread_blocked, id=23292, stack(0x0000000547b00000,0x0000000547c00000) (1024K)]
=>0x000001fb7e63ad40 JavaThread "C2 CompilerThread0"         daemon [_thread_in_native, id=21748, stack(0x0000000547c00000,0x0000000547d00000) (1024K)]
  0x000001fb7e63f9f0 JavaThread "C1 CompilerThread0"         daemon [_thread_blocked, id=4424, stack(0x0000000547d00000,0x0000000547e00000) (1024K)]
  0x000001fb49098100 JavaThread "Common-Cleaner"             daemon [_thread_blocked, id=6624, stack(0x0000000547e00000,0x0000000547f00000) (1024K)]
  0x000001fb492720a0 JavaThread "Notification Thread"        daemon [_thread_blocked, id=23008, stack(0x0000000548000000,0x0000000548100000) (1024K)]
  0x000001fb49ebba90 JavaThread "Active Thread: Equinox Container: 4e068b2f-5fad-480b-93c3-0597995d1d0e"        [_thread_blocked, id=13088, stack(0x0000000548100000,0x0000000548200000) (1024K)]
  0x000001fb49a4e6c0 JavaThread "Framework Event Dispatcher: Equinox Container: 4e068b2f-5fad-480b-93c3-0597995d1d0e" daemon [_thread_blocked, id=12364, stack(0x0000000547f00000,0x0000000548000000) (1024K)]
  0x000001fb49271340 JavaThread "Start Level: Equinox Container: 4e068b2f-5fad-480b-93c3-0597995d1d0e" daemon [_thread_blocked, id=14700, stack(0x0000000548800000,0x0000000548900000) (1024K)]
  0x000001fb498649a0 JavaThread "SCR Component Actor"        daemon [_thread_blocked, id=23424, stack(0x0000000548a00000,0x0000000548b00000) (1024K)]
  0x000001fb49371930 JavaThread "Worker-JM"                         [_thread_blocked, id=17868, stack(0x0000000548c00000,0x0000000548d00000) (1024K)]
  0x000001fb4a0f29b0 JavaThread "JNA Cleaner"                daemon [_thread_blocked, id=22356, stack(0x0000000548d00000,0x0000000548e00000) (1024K)]
  0x000001fb4a0f3e60 JavaThread "Worker-0: Publish Diagnostics"        [_thread_blocked, id=16416, stack(0x0000000548e00000,0x0000000548f00000) (1024K)]
  0x000001fb4a105e80 JavaThread "Worker-1"                          [_thread_blocked, id=10060, stack(0x0000000548f00000,0x0000000549000000) (1024K)]
  0x000001fb4a104ad0 JavaThread "Thread-2"                   daemon [_thread_in_native, id=15000, stack(0x0000000549100000,0x0000000549200000) (1024K)]
  0x000001fb4a1057f0 JavaThread "Thread-3"                   daemon [_thread_in_native, id=8268, stack(0x0000000549200000,0x0000000549300000) (1024K)]
  0x000001fb4a105160 JavaThread "Thread-4"                   daemon [_thread_in_native, id=13436, stack(0x0000000549300000,0x0000000549400000) (1024K)]
  0x000001fb4a106510 JavaThread "Thread-5"                   daemon [_thread_in_native, id=13444, stack(0x0000000549400000,0x0000000549500000) (1024K)]
  0x000001fb4a106ba0 JavaThread "Thread-6"                   daemon [_thread_in_native, id=10820, stack(0x0000000549500000,0x0000000549600000) (1024K)]
  0x000001fb4a107230 JavaThread "Thread-7"                   daemon [_thread_in_native, id=23524, stack(0x0000000549600000,0x0000000549700000) (1024K)]
  0x000001fb4a103db0 JavaThread "Thread-8"                   daemon [_thread_in_native, id=11920, stack(0x0000000549700000,0x0000000549800000) (1024K)]
  0x000001fb4a104440 JavaThread "Thread-9"                   daemon [_thread_in_native, id=21376, stack(0x0000000549800000,0x0000000549900000) (1024K)]
  0x000001fb4a92f9b0 JavaThread "Thread-10"                  daemon [_thread_in_native, id=25008, stack(0x0000000549900000,0x0000000549a00000) (1024K)]
  0x000001fb4a929dd0 JavaThread "pool-2-thread-1"                   [_thread_blocked, id=18960, stack(0x0000000549a00000,0x0000000549b00000) (1024K)]
  0x000001fb4a928a20 JavaThread "Worker-2"                          [_thread_blocked, id=23208, stack(0x0000000549000000,0x0000000549100000) (1024K)]
  0x000001fb4a930040 JavaThread "WorkspaceEventsHandler"            [_thread_blocked, id=24980, stack(0x0000000549b00000,0x0000000549c00000) (1024K)]
  0x000001fb4a92b810 JavaThread "pool-1-thread-1"                   [_thread_blocked, id=24112, stack(0x0000000549c00000,0x0000000549d00000) (1024K)]
  0x000001fb4a92e600 JavaThread "ForkJoinPool.commonPool-worker-1" daemon [_thread_blocked, id=8040, stack(0x0000000548b00000,0x0000000548c00000) (1024K)]
  0x000001fb4a92b180 JavaThread "ForkJoinPool.commonPool-worker-2" daemon [_thread_blocked, id=14212, stack(0x0000000549d00000,0x0000000549e00000) (1024K)]
  0x000001fb4a92bea0 JavaThread "ForkJoinPool.commonPool-worker-3" daemon [_thread_blocked, id=15884, stack(0x0000000549e00000,0x0000000549f00000) (1024K)]
  0x000001fb4a92a460 JavaThread "ForkJoinPool.commonPool-worker-4" daemon [_thread_blocked, id=20704, stack(0x0000000549f00000,0x000000054a000000) (1024K)]
  0x000001fb4a92aaf0 JavaThread "ForkJoinPool.commonPool-worker-5" daemon [_thread_blocked, id=20844, stack(0x000000054a000000,0x000000054a100000) (1024K)]
Total: 37

Other Threads:
  0x000001fb6bc6e7a0 VMThread "VM Thread"                           [id=22508, stack(0x0000000547500000,0x0000000547600000) (1024K)]
  0x000001fb7e54c950 WatcherThread "VM Periodic Task Thread"        [id=13336, stack(0x0000000547400000,0x0000000547500000) (1024K)]
  0x000001fb6bbeeb80 WorkerThread "GC Thread#0"                     [id=1288, stack(0x0000000547300000,0x0000000547400000) (1024K)]
  0x000001fb498f4ee0 WorkerThread "GC Thread#1"                     [id=11500, stack(0x0000000548200000,0x0000000548300000) (1024K)]
  0x000001fb498f5280 WorkerThread "GC Thread#2"                     [id=21956, stack(0x0000000548300000,0x0000000548400000) (1024K)]
  0x000001fb498f5620 WorkerThread "GC Thread#3"                     [id=19016, stack(0x0000000548400000,0x0000000548500000) (1024K)]
  0x000001fb49357350 WorkerThread "GC Thread#4"                     [id=4904, stack(0x0000000548500000,0x0000000548600000) (1024K)]
  0x000001fb493576f0 WorkerThread "GC Thread#5"                     [id=8132, stack(0x0000000548600000,0x0000000548700000) (1024K)]
  0x000001fb49357a90 WorkerThread "GC Thread#6"                     [id=14596, stack(0x0000000548700000,0x0000000548800000) (1024K)]
  0x000001fb4983a2e0 WorkerThread "GC Thread#7"                     [id=13948, stack(0x0000000548900000,0x0000000548a00000) (1024K)]
Total: 10

Threads with active compile tasks:
C2 CompilerThread0  49332 7765       4       org.eclipse.jdt.internal.compiler.classfmt.ModuleInfo::readModuleAttribute (1166 bytes)
Total: 1

VM state: not at safepoint (normal execution)

VM Mutex/Monitor currently owned by a thread: None

Heap address: 0x0000000080000000, size: 2048 MB, Compressed Oops mode: 32-bit

CDS archive(s) mapped at: [0x000001fb04000000-0x000001fb04ba0000-0x000001fb04ba0000), size 12189696, SharedBaseAddress: 0x000001fb04000000, ArchiveRelocationMode: 1.
Compressed class space mapped at: 0x000001fb05000000-0x000001fb45000000, reserved size: 1073741824
Narrow klass base: 0x000001fb04000000, Narrow klass shift: 0, Narrow klass range: 0x100000000

GC Precious Log:
 CardTable entry size: 512
 CPUs: 8 total, 8 available
 Memory: 7883M
 Large Page Support: Disabled
 NUMA Support: Disabled
 Compressed Oops: Enabled (32-bit)
 Alignments: Space 512K, Generation 512K, Heap 2M
 Heap Min Capacity: 100M
 Heap Initial Capacity: 100M
 Heap Max Capacity: 2G
 Pre-touch: Disabled
 Parallel Workers: 8

Heap:
 PSYoungGen      total 22528K, used 22312K [0x00000000d5580000, 0x00000000d6f00000, 0x0000000100000000)
  eden space 20480K, 99% used [0x00000000d5580000,0x00000000d6965fc8,0x00000000d6980000)
  from space 2048K, 94% used [0x00000000d6c00000,0x00000000d6de4050,0x00000000d6e00000)
  to   space 2560K, 0% used [0x00000000d6980000,0x00000000d6980000,0x00000000d6c00000)
 ParOldGen       total 68608K, used 44207K [0x0000000080000000, 0x0000000084300000, 0x00000000d5580000)
  object space 68608K, 64% used [0x0000000080000000,0x0000000082b2bf10,0x0000000084300000)
 Metaspace       used 44566K, committed 45632K, reserved 1114112K
  class space    used 4238K, committed 4736K, reserved 1048576K

Card table byte_map: [0x000001fb6b5a0000,0x000001fb6b9b0000] _byte_map_base: 0x000001fb6b1a0000

Marking Bits: (ParMarkBitMap*) 0x00007ff88c6831f0
 Begin Bits: [0x000001fb00000000, 0x000001fb02000000)
 End Bits:   [0x000001fb02000000, 0x000001fb04000000)

Polling page: 0x000001fb6b390000

Metaspace:

Usage:
  Non-class:     39.38 MB used.
      Class:      4.14 MB used.
       Both:     43.52 MB used.

Virtual space:
  Non-class space:       64.00 MB reserved,      39.94 MB ( 62%) committed,  1 nodes.
      Class space:        1.00 GB reserved,       4.62 MB ( <1%) committed,  1 nodes.
             Both:        1.06 GB reserved,      44.56 MB (  4%) committed. 

Chunk freelists:
   Non-Class:  7.20 MB
       Class:  11.40 MB
        Both:  18.60 MB

MaxMetaspaceSize: unlimited
CompressedClassSpaceSize: 1.00 GB
Initial GC threshold: 21.00 MB
Current GC threshold: 58.38 MB
CDS: on
 - commit_granule_bytes: 65536.
 - commit_granule_words: 8192.
 - virtual_space_node_default_size: 8388608.
 - enlarge_chunks_in_place: 1.
 - use_allocation_guard: 0.


Internal statistics:

num_allocs_failed_limit: 6.
num_arena_births: 902.
num_arena_deaths: 14.
num_vsnodes_births: 2.
num_vsnodes_deaths: 0.
num_space_committed: 713.
num_space_uncommitted: 0.
num_chunks_returned_to_freelist: 20.
num_chunks_taken_from_freelist: 2857.
num_chunk_merges: 7.
num_chunk_splits: 1798.
num_chunks_enlarged: 1088.
num_inconsistent_stats: 0.

CodeHeap 'non-profiled nmethods': size=120000Kb used=4952Kb max_used=4952Kb free=115047Kb
 bounds [0x000001fb76890000, 0x000001fb76d70000, 0x000001fb7ddc0000]
CodeHeap 'profiled nmethods': size=120000Kb used=17443Kb max_used=17443Kb free=102556Kb
 bounds [0x000001fb6edc0000, 0x000001fb6fed0000, 0x000001fb762f0000]
CodeHeap 'non-nmethods': size=5760Kb used=1418Kb max_used=1531Kb free=4341Kb
 bounds [0x000001fb762f0000, 0x000001fb76560000, 0x000001fb76890000]
 total_blobs=8112 nmethods=7393 adapters=624
 compilation: enabled
              stopped_count=0, restarted_count=0
 full_count=0

Compilation events (20 events):
Event: 49.270 Thread 0x000001fb7e63f9f0 7802       3       org.eclipse.jdt.internal.compiler.lookup.LocalVariableBinding::<init> (15 bytes)
Event: 49.270 Thread 0x000001fb7e63f9f0 nmethod 7802 0x000001fb6fec0890 code [0x000001fb6fec0a40, 0x000001fb6fec0bb8]
Event: 49.272 Thread 0x000001fb7e63f9f0 7803       3       org.eclipse.jdt.internal.compiler.lookup.MethodBinding::isDefault (25 bytes)
Event: 49.273 Thread 0x000001fb7e63f9f0 nmethod 7803 0x000001fb6fec0c90 code [0x000001fb6fec0e60, 0x000001fb6fec1208]
Event: 49.273 Thread 0x000001fb7e63f9f0 7804       3       org.eclipse.jdt.internal.compiler.lookup.ClassScope::problemReporter (32 bytes)
Event: 49.273 Thread 0x000001fb7e63f9f0 nmethod 7804 0x000001fb6fec1310 code [0x000001fb6fec1500, 0x000001fb6fec1b30]
Event: 49.278 Thread 0x000001fb7e63f9f0 7806       3       org.eclipse.jdt.internal.compiler.ast.MessageSend::computeConversion (179 bytes)
Event: 49.280 Thread 0x000001fb7e63f9f0 nmethod 7806 0x000001fb6fec1e10 code [0x000001fb6fec2180, 0x000001fb6fec3b80]
Event: 49.280 Thread 0x000001fb7e63f9f0 7808       3       org.eclipse.jdt.internal.compiler.lookup.Scope::tagAsAccessingEnclosingInstanceStateOf (342 bytes)
Event: 49.282 Thread 0x000001fb7e63f9f0 nmethod 7808 0x000001fb6fec4210 code [0x000001fb6fec4680, 0x000001fb6fec7710]
Event: 49.282 Thread 0x000001fb7e63f9f0 7807       3       org.eclipse.jdt.internal.compiler.lookup.ArrayBinding::isArrayClone (30 bytes)
Event: 49.283 Thread 0x000001fb7e63f9f0 nmethod 7807 0x000001fb6fec8390 code [0x000001fb6fec8560, 0x000001fb6fec8928]
Event: 49.283 Thread 0x000001fb7e63f9f0 7810       3       org.eclipse.jdt.internal.compiler.lookup.TypeIds::getCategory (18 bytes)
Event: 49.283 Thread 0x000001fb7e63f9f0 nmethod 7810 0x000001fb6fec8a10 code [0x000001fb6fec8bc0, 0x000001fb6fec8d50]
Event: 49.283 Thread 0x000001fb7e63f9f0 7809       1       org.eclipse.jdt.internal.compiler.classfmt.ClassFileReader::getInterfaceNames (5 bytes)
Event: 49.283 Thread 0x000001fb7e63f9f0 nmethod 7809 0x000001fb76d65a90 code [0x000001fb76d65c20, 0x000001fb76d65ce8]
Event: 49.291 Thread 0x000001fb7e63f9f0 7811       1       org.eclipse.core.runtime.Status::setCode (6 bytes)
Event: 49.291 Thread 0x000001fb7e63f9f0 nmethod 7811 0x000001fb76d65d90 code [0x000001fb76d65f20, 0x000001fb76d65ff0]
Event: 49.291 Thread 0x000001fb7e63f9f0 7812       1       org.eclipse.core.runtime.Status::setException (6 bytes)
Event: 49.291 Thread 0x000001fb7e63f9f0 nmethod 7812 0x000001fb76d66090 code [0x000001fb76d66220, 0x000001fb76d66308]

GC Heap History (20 events):
Event: 36.029 GC heap before
{Heap before GC invocations=23 (full 2):
 PSYoungGen      total 23552K, used 23178K [0x00000000d5580000, 0x00000000d6e80000, 0x0000000100000000)
  eden space 21504K, 100% used [0x00000000d5580000,0x00000000d6a80000,0x00000000d6a80000)
  from space 2048K, 81% used [0x00000000d6c80000,0x00000000d6e22ad8,0x00000000d6e80000)
  to   space 2048K, 0% used [0x00000000d6a80000,0x00000000d6a80000,0x00000000d6c80000)
 ParOldGen       total 68608K, used 32741K [0x0000000080000000, 0x0000000084300000, 0x00000000d5580000)
  object space 68608K, 47% used [0x0000000080000000,0x0000000081ff96e0,0x0000000084300000)
 Metaspace       used 40498K, committed 41536K, reserved 1114112K
  class space    used 4002K, committed 4480K, reserved 1048576K
}
Event: 36.030 GC heap after
{Heap after GC invocations=23 (full 2):
 PSYoungGen      total 22016K, used 320K [0x00000000d5580000, 0x00000000d6d00000, 0x0000000100000000)
  eden space 21504K, 0% used [0x00000000d5580000,0x00000000d5580000,0x00000000d6a80000)
  from space 512K, 62% used [0x00000000d6a80000,0x00000000d6ad0010,0x00000000d6b00000)
  to   space 1024K, 0% used [0x00000000d6c00000,0x00000000d6c00000,0x00000000d6d00000)
 ParOldGen       total 68608K, used 32901K [0x0000000080000000, 0x0000000084300000, 0x00000000d5580000)
  object space 68608K, 47% used [0x0000000080000000,0x00000000820216e0,0x0000000084300000)
 Metaspace       used 40498K, committed 41536K, reserved 1114112K
  class space    used 4002K, committed 4480K, reserved 1048576K
}
Event: 37.425 GC heap before
{Heap before GC invocations=24 (full 2):
 PSYoungGen      total 22016K, used 21824K [0x00000000d5580000, 0x00000000d6d00000, 0x0000000100000000)
  eden space 21504K, 100% used [0x00000000d5580000,0x00000000d6a80000,0x00000000d6a80000)
  from space 512K, 62% used [0x00000000d6a80000,0x00000000d6ad0010,0x00000000d6b00000)
  to   space 1024K, 0% used [0x00000000d6c00000,0x00000000d6c00000,0x00000000d6d00000)
 ParOldGen       total 68608K, used 32901K [0x0000000080000000, 0x0000000084300000, 0x00000000d5580000)
  object space 68608K, 47% used [0x0000000080000000,0x00000000820216e0,0x0000000084300000)
 Metaspace       used 42585K, committed 43648K, reserved 1114112K
  class space    used 4157K, committed 4608K, reserved 1048576K
}
Event: 37.427 GC heap after
{Heap after GC invocations=24 (full 2):
 PSYoungGen      total 22016K, used 995K [0x00000000d5580000, 0x00000000d6e80000, 0x0000000100000000)
  eden space 20992K, 0% used [0x00000000d5580000,0x00000000d5580000,0x00000000d6a00000)
  from space 1024K, 97% used [0x00000000d6c00000,0x00000000d6cf8d30,0x00000000d6d00000)
  to   space 2048K, 0% used [0x00000000d6a00000,0x00000000d6a00000,0x00000000d6c00000)
 ParOldGen       total 68608K, used 33374K [0x0000000080000000, 0x0000000084300000, 0x00000000d5580000)
  object space 68608K, 48% used [0x0000000080000000,0x0000000082097b70,0x0000000084300000)
 Metaspace       used 42585K, committed 43648K, reserved 1114112K
  class space    used 4157K, committed 4608K, reserved 1048576K
}
Event: 39.113 GC heap before
{Heap before GC invocations=25 (full 2):
 PSYoungGen      total 22016K, used 21987K [0x00000000d5580000, 0x00000000d6e80000, 0x0000000100000000)
  eden space 20992K, 99% used [0x00000000d5580000,0x00000000d69fffe8,0x00000000d6a00000)
  from space 1024K, 97% used [0x00000000d6c00000,0x00000000d6cf8d30,0x00000000d6d00000)
  to   space 2048K, 0% used [0x00000000d6a00000,0x00000000d6a00000,0x00000000d6c00000)
 ParOldGen       total 68608K, used 33374K [0x0000000080000000, 0x0000000084300000, 0x00000000d5580000)
  object space 68608K, 48% used [0x0000000080000000,0x0000000082097b70,0x0000000084300000)
 Metaspace       used 43080K, committed 44160K, reserved 1114112K
  class space    used 4196K, committed 4672K, reserved 1048576K
}
Event: 39.116 GC heap after
{Heap after GC invocations=25 (full 2):
 PSYoungGen      total 23040K, used 1861K [0x00000000d5580000, 0x00000000d6e00000, 0x0000000100000000)
  eden space 20992K, 0% used [0x00000000d5580000,0x00000000d5580000,0x00000000d6a00000)
  from space 2048K, 90% used [0x00000000d6a00000,0x00000000d6bd15c0,0x00000000d6c00000)
  to   space 2048K, 0% used [0x00000000d6c00000,0x00000000d6c00000,0x00000000d6e00000)
 ParOldGen       total 68608K, used 34282K [0x0000000080000000, 0x0000000084300000, 0x00000000d5580000)
  object space 68608K, 49% used [0x0000000080000000,0x000000008217a928,0x0000000084300000)
 Metaspace       used 43080K, committed 44160K, reserved 1114112K
  class space    used 4196K, committed 4672K, reserved 1048576K
}
Event: 39.712 GC heap before
{Heap before GC invocations=26 (full 2):
 PSYoungGen      total 23040K, used 22853K [0x00000000d5580000, 0x00000000d6e00000, 0x0000000100000000)
  eden space 20992K, 100% used [0x00000000d5580000,0x00000000d6a00000,0x00000000d6a00000)
  from space 2048K, 90% used [0x00000000d6a00000,0x00000000d6bd15c0,0x00000000d6c00000)
  to   space 2048K, 0% used [0x00000000d6c00000,0x00000000d6c00000,0x00000000d6e00000)
 ParOldGen       total 68608K, used 34282K [0x0000000080000000, 0x0000000084300000, 0x00000000d5580000)
  object space 68608K, 49% used [0x0000000080000000,0x000000008217a928,0x0000000084300000)
 Metaspace       used 43306K, committed 44480K, reserved 1114112K
  class space    used 4208K, committed 4736K, reserved 1048576K
}
Event: 39.719 GC heap after
{Heap after GC invocations=26 (full 2):
 PSYoungGen      total 22016K, used 1008K [0x00000000d5580000, 0x00000000d6d00000, 0x0000000100000000)
  eden space 20992K, 0% used [0x00000000d5580000,0x00000000d5580000,0x00000000d6a00000)
  from space 1024K, 98% used [0x00000000d6c00000,0x00000000d6cfc030,0x00000000d6d00000)
  to   space 1536K, 0% used [0x00000000d6a00000,0x00000000d6a00000,0x00000000d6b80000)
 ParOldGen       total 68608K, used 35871K [0x0000000080000000, 0x0000000084300000, 0x00000000d5580000)
  object space 68608K, 52% used [0x0000000080000000,0x0000000082307ec0,0x0000000084300000)
 Metaspace       used 43306K, committed 44480K, reserved 1114112K
  class space    used 4208K, committed 4736K, reserved 1048576K
}
Event: 42.459 GC heap before
{Heap before GC invocations=27 (full 2):
 PSYoungGen      total 22016K, used 22000K [0x00000000d5580000, 0x00000000d6d00000, 0x0000000100000000)
  eden space 20992K, 100% used [0x00000000d5580000,0x00000000d6a00000,0x00000000d6a00000)
  from space 1024K, 98% used [0x00000000d6c00000,0x00000000d6cfc030,0x00000000d6d00000)
  to   space 1536K, 0% used [0x00000000d6a00000,0x00000000d6a00000,0x00000000d6b80000)
 ParOldGen       total 68608K, used 35871K [0x0000000080000000, 0x0000000084300000, 0x00000000d5580000)
  object space 68608K, 52% used [0x0000000080000000,0x0000000082307ec0,0x0000000084300000)
 Metaspace       used 43488K, committed 44608K, reserved 1114112K
  class space    used 4211K, committed 4736K, reserved 1048576K
}
Event: 42.462 GC heap after
{Heap after GC invocations=27 (full 2):
 PSYoungGen      total 22528K, used 1376K [0x00000000d5580000, 0x00000000d6d00000, 0x0000000100000000)
  eden space 20992K, 0% used [0x00000000d5580000,0x00000000d5580000,0x00000000d6a00000)
  from space 1536K, 89% used [0x00000000d6a00000,0x00000000d6b58040,0x00000000d6b80000)
  to   space 1536K, 0% used [0x00000000d6b80000,0x00000000d6b80000,0x00000000d6d00000)
 ParOldGen       total 68608K, used 36612K [0x0000000080000000, 0x0000000084300000, 0x00000000d5580000)
  object space 68608K, 53% used [0x0000000080000000,0x00000000823c11f8,0x0000000084300000)
 Metaspace       used 43488K, committed 44608K, reserved 1114112K
  class space    used 4211K, committed 4736K, reserved 1048576K
}
Event: 43.513 GC heap before
{Heap before GC invocations=28 (full 2):
 PSYoungGen      total 22528K, used 22368K [0x00000000d5580000, 0x00000000d6d00000, 0x0000000100000000)
  eden space 20992K, 100% used [0x00000000d5580000,0x00000000d6a00000,0x00000000d6a00000)
  from space 1536K, 89% used [0x00000000d6a00000,0x00000000d6b58040,0x00000000d6b80000)
  to   space 1536K, 0% used [0x00000000d6b80000,0x00000000d6b80000,0x00000000d6d00000)
 ParOldGen       total 68608K, used 36612K [0x0000000080000000, 0x0000000084300000, 0x00000000d5580000)
  object space 68608K, 53% used [0x0000000080000000,0x00000000823c11f8,0x0000000084300000)
 Metaspace       used 43588K, committed 44736K, reserved 1114112K
  class space    used 4212K, committed 4736K, reserved 1048576K
}
Event: 43.522 GC heap after
{Heap after GC invocations=28 (full 2):
 PSYoungGen      total 22528K, used 1440K [0x00000000d5580000, 0x00000000d6d00000, 0x0000000100000000)
  eden space 20992K, 0% used [0x00000000d5580000,0x00000000d5580000,0x00000000d6a00000)
  from space 1536K, 93% used [0x00000000d6b80000,0x00000000d6ce8040,0x00000000d6d00000)
  to   space 1536K, 0% used [0x00000000d6a00000,0x00000000d6a00000,0x00000000d6b80000)
 ParOldGen       total 68608K, used 37793K [0x0000000080000000, 0x0000000084300000, 0x00000000d5580000)
  object space 68608K, 55% used [0x0000000080000000,0x00000000824e86f8,0x0000000084300000)
 Metaspace       used 43588K, committed 44736K, reserved 1114112K
  class space    used 4212K, committed 4736K, reserved 1048576K
}
Event: 45.356 GC heap before
{Heap before GC invocations=29 (full 2):
 PSYoungGen      total 22528K, used 22432K [0x00000000d5580000, 0x00000000d6d00000, 0x0000000100000000)
  eden space 20992K, 100% used [0x00000000d5580000,0x00000000d6a00000,0x00000000d6a00000)
  from space 1536K, 93% used [0x00000000d6b80000,0x00000000d6ce8040,0x00000000d6d00000)
  to   space 1536K, 0% used [0x00000000d6a00000,0x00000000d6a00000,0x00000000d6b80000)
 ParOldGen       total 68608K, used 37793K [0x0000000080000000, 0x0000000084300000, 0x00000000d5580000)
  object space 68608K, 55% used [0x0000000080000000,0x00000000824e86f8,0x0000000084300000)
 Metaspace       used 43665K, committed 44800K, reserved 1114112K
  class space    used 4212K, committed 4736K, reserved 1048576K
}
Event: 45.362 GC heap after
{Heap after GC invocations=29 (full 2):
 PSYoungGen      total 22528K, used 1504K [0x00000000d5580000, 0x00000000d7100000, 0x0000000100000000)
  eden space 20992K, 0% used [0x00000000d5580000,0x00000000d5580000,0x00000000d6a00000)
  from space 1536K, 97% used [0x00000000d6a00000,0x00000000d6b78020,0x00000000d6b80000)
  to   space 3584K, 0% used [0x00000000d6d80000,0x00000000d6d80000,0x00000000d7100000)
 ParOldGen       total 68608K, used 39154K [0x0000000080000000, 0x0000000084300000, 0x00000000d5580000)
  object space 68608K, 57% used [0x0000000080000000,0x000000008263c818,0x0000000084300000)
 Metaspace       used 43665K, committed 44800K, reserved 1114112K
  class space    used 4212K, committed 4736K, reserved 1048576K
}
Event: 47.163 GC heap before
{Heap before GC invocations=30 (full 2):
 PSYoungGen      total 22528K, used 22496K [0x00000000d5580000, 0x00000000d7100000, 0x0000000100000000)
  eden space 20992K, 100% used [0x00000000d5580000,0x00000000d6a00000,0x00000000d6a00000)
  from space 1536K, 97% used [0x00000000d6a00000,0x00000000d6b78020,0x00000000d6b80000)
  to   space 3584K, 0% used [0x00000000d6d80000,0x00000000d6d80000,0x00000000d7100000)
 ParOldGen       total 68608K, used 39154K [0x0000000080000000, 0x0000000084300000, 0x00000000d5580000)
  object space 68608K, 57% used [0x0000000080000000,0x000000008263c818,0x0000000084300000)
 Metaspace       used 43996K, committed 45120K, reserved 1114112K
  class space    used 4229K, committed 4736K, reserved 1048576K
}
Event: 47.170 GC heap after
{Heap after GC invocations=30 (full 2):
 PSYoungGen      total 24064K, used 2684K [0x00000000d5580000, 0x00000000d7080000, 0x0000000100000000)
  eden space 20992K, 0% used [0x00000000d5580000,0x00000000d5580000,0x00000000d6a00000)
  from space 3072K, 87% used [0x00000000d6d80000,0x00000000d701f370,0x00000000d7080000)
  to   space 3072K, 0% used [0x00000000d6a80000,0x00000000d6a80000,0x00000000d6d80000)
 ParOldGen       total 68608K, used 40592K [0x0000000080000000, 0x0000000084300000, 0x00000000d5580000)
  object space 68608K, 59% used [0x0000000080000000,0x00000000827a42e8,0x0000000084300000)
 Metaspace       used 43996K, committed 45120K, reserved 1114112K
  class space    used 4229K, committed 4736K, reserved 1048576K
}
Event: 48.599 GC heap before
{Heap before GC invocations=31 (full 2):
 PSYoungGen      total 24064K, used 23676K [0x00000000d5580000, 0x00000000d7080000, 0x0000000100000000)
  eden space 20992K, 100% used [0x00000000d5580000,0x00000000d6a00000,0x00000000d6a00000)
  from space 3072K, 87% used [0x00000000d6d80000,0x00000000d701f370,0x00000000d7080000)
  to   space 3072K, 0% used [0x00000000d6a80000,0x00000000d6a80000,0x00000000d6d80000)
 ParOldGen       total 68608K, used 40592K [0x0000000080000000, 0x0000000084300000, 0x00000000d5580000)
  object space 68608K, 59% used [0x0000000080000000,0x00000000827a42e8,0x0000000084300000)
 Metaspace       used 44448K, committed 45504K, reserved 1114112K
  class space    used 4236K, committed 4736K, reserved 1048576K
}
Event: 48.607 GC heap after
{Heap after GC invocations=31 (full 2):
 PSYoungGen      total 22528K, used 1296K [0x00000000d5580000, 0x00000000d6e00000, 0x0000000100000000)
  eden space 20992K, 0% used [0x00000000d5580000,0x00000000d5580000,0x00000000d6a00000)
  from space 1536K, 84% used [0x00000000d6a80000,0x00000000d6bc4030,0x00000000d6c00000)
  to   space 2048K, 0% used [0x00000000d6c00000,0x00000000d6c00000,0x00000000d6e00000)
 ParOldGen       total 68608K, used 43110K [0x0000000080000000, 0x0000000084300000, 0x00000000d5580000)
  object space 68608K, 62% used [0x0000000080000000,0x0000000082a19b50,0x0000000084300000)
 Metaspace       used 44448K, committed 45504K, reserved 1114112K
  class space    used 4236K, committed 4736K, reserved 1048576K
}
Event: 48.866 GC heap before
{Heap before GC invocations=32 (full 2):
 PSYoungGen      total 22528K, used 22288K [0x00000000d5580000, 0x00000000d6e00000, 0x0000000100000000)
  eden space 20992K, 100% used [0x00000000d5580000,0x00000000d6a00000,0x00000000d6a00000)
  from space 1536K, 84% used [0x00000000d6a80000,0x00000000d6bc4030,0x00000000d6c00000)
  to   space 2048K, 0% used [0x00000000d6c00000,0x00000000d6c00000,0x00000000d6e00000)
 ParOldGen       total 68608K, used 43110K [0x0000000080000000, 0x0000000084300000, 0x00000000d5580000)
  object space 68608K, 62% used [0x0000000080000000,0x0000000082a19b50,0x0000000084300000)
 Metaspace       used 44504K, committed 45568K, reserved 1114112K
  class space    used 4238K, committed 4736K, reserved 1048576K
}
Event: 48.871 GC heap after
{Heap after GC invocations=32 (full 2):
 PSYoungGen      total 22528K, used 1936K [0x00000000d5580000, 0x00000000d6f00000, 0x0000000100000000)
  eden space 20480K, 0% used [0x00000000d5580000,0x00000000d5580000,0x00000000d6980000)
  from space 2048K, 94% used [0x00000000d6c00000,0x00000000d6de4050,0x00000000d6e00000)
  to   space 2560K, 0% used [0x00000000d6980000,0x00000000d6980000,0x00000000d6c00000)
 ParOldGen       total 68608K, used 44207K [0x0000000080000000, 0x0000000084300000, 0x00000000d5580000)
  object space 68608K, 64% used [0x0000000080000000,0x0000000082b2bf10,0x0000000084300000)
 Metaspace       used 44504K, committed 45568K, reserved 1114112K
  class space    used 4238K, committed 4736K, reserved 1048576K
}

Dll operation events (10 events):
Event: 0.009 Loaded shared library c:\Users\ASUS\.vscode\extensions\redhat.java-1.43.0-win32-x64\jre\21.0.7-win32-x86_64\bin\java.dll
Event: 0.047 Loaded shared library c:\Users\ASUS\.vscode\extensions\redhat.java-1.43.0-win32-x64\jre\21.0.7-win32-x86_64\bin\zip.dll
Event: 0.113 Loaded shared library C:\Users\ASUS\.vscode\extensions\redhat.java-1.43.0-win32-x64\jre\21.0.7-win32-x86_64\bin\instrument.dll
Event: 0.118 Loaded shared library C:\Users\ASUS\.vscode\extensions\redhat.java-1.43.0-win32-x64\jre\21.0.7-win32-x86_64\bin\net.dll
Event: 0.119 Loaded shared library C:\Users\ASUS\.vscode\extensions\redhat.java-1.43.0-win32-x64\jre\21.0.7-win32-x86_64\bin\nio.dll
Event: 0.123 Loaded shared library C:\Users\ASUS\.vscode\extensions\redhat.java-1.43.0-win32-x64\jre\21.0.7-win32-x86_64\bin\zip.dll
Event: 0.143 Loaded shared library C:\Users\ASUS\.vscode\extensions\redhat.java-1.43.0-win32-x64\jre\21.0.7-win32-x86_64\bin\jimage.dll
Event: 0.217 Loaded shared library c:\Users\ASUS\.vscode\extensions\redhat.java-1.43.0-win32-x64\jre\21.0.7-win32-x86_64\bin\verify.dll
Event: 2.086 Loaded shared library C:\Users\ASUS\AppData\Roaming\Code\User\globalStorage\redhat.java\1.43.0\config_ss_win\org.eclipse.equinox.launcher\org.eclipse.equinox.launcher.win32.win32.x86_64_1.2.1300.v20250331-1702\eclipse_11911.dll
Event: 5.175 Loaded shared library C:\Users\ASUS\AppData\Local\Temp\jna-2018896\jna15684711774191829692.dll

Deoptimization events (20 events):
Event: 48.793 Thread 0x000001fb4a0f3e60 Uncommon trap: trap_request=0xffffffbe fr.pc=0x000001fb76d52d84 relative=0x00000000000035a4
Event: 48.793 Thread 0x000001fb4a0f3e60 Uncommon trap: reason=profile_predicate action=maybe_recompile pc=0x000001fb76d52d84 method=java.net.URI$Parser.scan(IILjava/lang/String;)I @ 6 c2
Event: 48.793 Thread 0x000001fb4a0f3e60 DEOPT PACKING pc=0x000001fb76d52d84 sp=0x0000000548efe190
Event: 48.793 Thread 0x000001fb4a0f3e60 DEOPT UNPACKING pc=0x000001fb76346da2 sp=0x0000000548efdf88 mode 2
Event: 48.793 Thread 0x000001fb4a0f3e60 Uncommon trap: trap_request=0xffffffbe fr.pc=0x000001fb76d52d84 relative=0x00000000000035a4
Event: 48.793 Thread 0x000001fb4a0f3e60 Uncommon trap: reason=profile_predicate action=maybe_recompile pc=0x000001fb76d52d84 method=java.net.URI$Parser.scan(IILjava/lang/String;)I @ 6 c2
Event: 48.793 Thread 0x000001fb4a0f3e60 DEOPT PACKING pc=0x000001fb76d52d84 sp=0x0000000548efe190
Event: 48.793 Thread 0x000001fb4a0f3e60 DEOPT UNPACKING pc=0x000001fb76346da2 sp=0x0000000548efdf88 mode 2
Event: 48.793 Thread 0x000001fb4a0f3e60 Uncommon trap: trap_request=0xffffffbe fr.pc=0x000001fb76d52d84 relative=0x00000000000035a4
Event: 48.793 Thread 0x000001fb4a0f3e60 Uncommon trap: reason=profile_predicate action=maybe_recompile pc=0x000001fb76d52d84 method=java.net.URI$Parser.scan(IILjava/lang/String;)I @ 6 c2
Event: 48.793 Thread 0x000001fb4a0f3e60 DEOPT PACKING pc=0x000001fb76d52d84 sp=0x0000000548efe190
Event: 48.793 Thread 0x000001fb4a0f3e60 DEOPT UNPACKING pc=0x000001fb76346da2 sp=0x0000000548efdf88 mode 2
Event: 48.793 Thread 0x000001fb4a0f3e60 Uncommon trap: trap_request=0xffffffbe fr.pc=0x000001fb76d52d84 relative=0x00000000000035a4
Event: 48.793 Thread 0x000001fb4a0f3e60 Uncommon trap: reason=profile_predicate action=maybe_recompile pc=0x000001fb76d52d84 method=java.net.URI$Parser.scan(IILjava/lang/String;)I @ 6 c2
Event: 48.793 Thread 0x000001fb4a0f3e60 DEOPT PACKING pc=0x000001fb76d52d84 sp=0x0000000548efe190
Event: 48.793 Thread 0x000001fb4a0f3e60 DEOPT UNPACKING pc=0x000001fb76346da2 sp=0x0000000548efdf88 mode 2
Event: 49.023 Thread 0x000001fb4a0f3e60 Uncommon trap: trap_request=0xffffff6e fr.pc=0x000001fb76d15c90 relative=0x0000000000000170
Event: 49.023 Thread 0x000001fb4a0f3e60 Uncommon trap: reason=loop_limit_check action=maybe_recompile pc=0x000001fb76d15c90 method=org.eclipse.jdt.core.compiler.CharOperation.lastIndexOf(C[C)I @ 6 c2
Event: 49.023 Thread 0x000001fb4a0f3e60 DEOPT PACKING pc=0x000001fb76d15c90 sp=0x0000000548efe1a0
Event: 49.023 Thread 0x000001fb4a0f3e60 DEOPT UNPACKING pc=0x000001fb76346da2 sp=0x0000000548efe150 mode 2

Classes loaded (20 events):
Event: 36.314 Loading class sun/util/logging/resources/logging_en
Event: 36.314 Loading class sun/util/logging/resources/logging_en done
Event: 36.314 Loading class sun/util/logging/resources/logging_en_US
Event: 36.314 Loading class sun/util/logging/resources/logging_en_US done
Event: 36.314 Loading class sun/util/logging/resources/logging_en_US
Event: 36.314 Loading class sun/util/logging/resources/logging_en_US done
Event: 36.314 Loading class java/util/Formatter$DateTime
Event: 36.315 Loading class java/util/Formatter$DateTime done
Event: 36.315 Loading class java/time/ZonedDateTime$1
Event: 36.315 Loading class java/time/ZonedDateTime$1 done
Event: 36.392 Loading class java/io/FileReader
Event: 36.392 Loading class java/io/FileReader done
Event: 36.392 Loading class java/lang/UnsupportedClassVersionError
Event: 36.392 Loading class java/lang/UnsupportedClassVersionError done
Event: 36.889 Loading class java/util/concurrent/ConcurrentHashMap$TreeNode
Event: 36.889 Loading class java/util/concurrent/ConcurrentHashMap$TreeNode done
Event: 36.889 Loading class java/util/concurrent/ConcurrentHashMap$TreeBin
Event: 36.892 Loading class java/util/concurrent/ConcurrentHashMap$TreeBin done
Event: 37.003 Loading class java/util/concurrent/locks/ReentrantReadWriteLock$Sync$HoldCounter
Event: 37.003 Loading class java/util/concurrent/locks/ReentrantReadWriteLock$Sync$HoldCounter done

Classes unloaded (7 events):
Event: 5.901 Thread 0x000001fb6bc6e7a0 Unloading class 0x000001fb0518a800 'java/lang/invoke/LambdaForm$MH+0x000001fb0518a800'
Event: 5.901 Thread 0x000001fb6bc6e7a0 Unloading class 0x000001fb0518a400 'java/lang/invoke/LambdaForm$MH+0x000001fb0518a400'
Event: 5.901 Thread 0x000001fb6bc6e7a0 Unloading class 0x000001fb0518a000 'java/lang/invoke/LambdaForm$MH+0x000001fb0518a000'
Event: 5.901 Thread 0x000001fb6bc6e7a0 Unloading class 0x000001fb05189c00 'java/lang/invoke/LambdaForm$MH+0x000001fb05189c00'
Event: 5.901 Thread 0x000001fb6bc6e7a0 Unloading class 0x000001fb05189800 'java/lang/invoke/LambdaForm$BMH+0x000001fb05189800'
Event: 5.901 Thread 0x000001fb6bc6e7a0 Unloading class 0x000001fb05189400 'java/lang/invoke/LambdaForm$DMH+0x000001fb05189400'
Event: 5.901 Thread 0x000001fb6bc6e7a0 Unloading class 0x000001fb05188400 'java/lang/invoke/LambdaForm$DMH+0x000001fb05188400'

Classes redefined (0 events):
No events

Internal exceptions (20 events):
Event: 21.606 Thread 0x000001fb4a92e600 Exception <a 'java/lang/NoSuchMethodError'{0x0000000081e87a50}: 'java.lang.Object java.lang.invoke.DirectMethodHandle$Holder.invokeSpecial(java.lang.Object, java.lang.Object, java.lang.Object, java.lang.Object, int, java.lang.Object, java.lang.Object)'> (0x0000000081e87a50) 
thrown [s\src\hotspot\share\interpreter\linkResolver.cpp, line 773]
Event: 29.578 Thread 0x000001fb4a0f3e60 Exception <a 'java/lang/NoSuchMethodError'{0x00000000d5c0c1d0}: 'java.lang.Object java.lang.invoke.DirectMethodHandle$Holder.invokeSpecial(java.lang.Object, java.lang.Object, int, long)'> (0x00000000d5c0c1d0) 
thrown [s\src\hotspot\share\interpreter\linkResolver.cpp, line 773]
Event: 30.362 Thread 0x000001fb4a0f3e60 Exception <a 'java/lang/NoSuchMethodError'{0x00000000d60d8558}: 'int java.lang.invoke.DirectMethodHandle$Holder.invokeSpecialIFC(java.lang.Object, java.lang.Object, java.lang.Object)'> (0x00000000d60d8558) 
thrown [s\src\hotspot\share\interpreter\linkResolver.cpp, line 773]
Event: 30.419 Thread 0x000001fb4a0f3e60 Implicit null exception at 0x000001fb7692fd4f to 0x000001fb7692ff18
Event: 30.434 Thread 0x000001fb4a0f3e60 Exception <a 'java/io/FileNotFoundException'{0x00000000d6286ed0}> (0x00000000d6286ed0) 
thrown [s\src\hotspot\share\prims\jni.cpp, line 520]
Event: 30.434 Thread 0x000001fb4a0f3e60 Exception <a 'java/io/FileNotFoundException'{0x00000000d62883c0}> (0x00000000d62883c0) 
thrown [s\src\hotspot\share\prims\jni.cpp, line 520]
Event: 30.733 Thread 0x000001fb4a0f3e60 Exception <a 'java/io/FileNotFoundException'{0x00000000d6689d98}> (0x00000000d6689d98) 
thrown [s\src\hotspot\share\prims\jni.cpp, line 520]
Event: 30.734 Thread 0x000001fb4a0f3e60 Exception <a 'java/io/FileNotFoundException'{0x00000000d668afd8}> (0x00000000d668afd8) 
thrown [s\src\hotspot\share\prims\jni.cpp, line 520]
Event: 30.734 Thread 0x000001fb4a0f3e60 Exception <a 'java/io/FileNotFoundException'{0x00000000d668bd40}> (0x00000000d668bd40) 
thrown [s\src\hotspot\share\prims\jni.cpp, line 520]
Event: 34.809 Thread 0x000001fb4a92b810 Implicit null exception at 0x000001fb7691b8eb to 0x000001fb7691ce10
Event: 36.313 Thread 0x000001fb4a92b810 Exception <a 'java/lang/ClassNotFoundException'{0x00000000d5a18748}: sun/util/logging/resources/spi/loggingProvider> (0x00000000d5a18748) 
thrown [s\src\hotspot\share\classfile\systemDictionary.cpp, line 312]
Event: 36.319 Thread 0x000001fb4a92b810 Exception <a 'java/lang/IncompatibleClassChangeError'{0x00000000d5a32f60}: Found class java.lang.Object, but interface was expected> (0x00000000d5a32f60) 
thrown [s\src\hotspot\share\interpreter\linkResolver.cpp, line 840]
Event: 36.528 Thread 0x000001fb4a92a460 Exception <a 'java/lang/NoSuchMethodError'{0x00000000d5c0e040}: 'int java.lang.invoke.Invokers$Holder.invokeExact_MT(java.lang.Object, java.lang.Object)'> (0x00000000d5c0e040) 
thrown [s\src\hotspot\share\interpreter\linkResolver.cpp, line 773]
Event: 36.669 Thread 0x000001fb4a92a460 Exception <a 'java/lang/NoSuchMethodError'{0x00000000d5d856f8}: 'int java.lang.invoke.DirectMethodHandle$Holder.invokeInterface(java.lang.Object, java.lang.Object)'> (0x00000000d5d856f8) 
thrown [s\src\hotspot\share\interpreter\linkResolver.cpp, line 773]
Event: 36.669 Thread 0x000001fb4a92a460 Exception <a 'java/lang/IncompatibleClassChangeError'{0x00000000d5d889c8}: Found class java.lang.Object, but interface was expected> (0x00000000d5d889c8) 
thrown [s\src\hotspot\share\interpreter\linkResolver.cpp, line 840]
Event: 36.952 Thread 0x000001fb4a92b810 Exception <a 'java/lang/IncompatibleClassChangeError'{0x00000000d5f97088}: Found class java.lang.Object, but interface was expected> (0x00000000d5f97088) 
thrown [s\src\hotspot\share\interpreter\linkResolver.cpp, line 840]
Event: 36.964 Thread 0x000001fb4a92a460 Exception <a 'java/lang/ArrayIndexOutOfBoundsException'{0x00000000d64cd2a8}> (0x00000000d64cd2a8) 
thrown [s\src\hotspot\share\runtime\sharedRuntime.cpp, line 625]
Event: 37.010 Thread 0x000001fb4a92a460 Exception <a 'java/lang/ArrayIndexOutOfBoundsException'{0x00000000d6628498}> (0x00000000d6628498) 
thrown [s\src\hotspot\share\runtime\sharedRuntime.cpp, line 625]
Event: 38.968 Thread 0x000001fb4a928a20 Exception <a 'java/lang/NoSuchMethodError'{0x00000000d62c1520}: 'java.lang.Object java.lang.invoke.DirectMethodHandle$Holder.invokeStatic(java.lang.Object, java.lang.Object, int, int)'> (0x00000000d62c1520) 
thrown [s\src\hotspot\share\interpreter\linkResolver.cpp, line 773]
Event: 38.968 Thread 0x000001fb4a928a20 Exception <a 'java/lang/NoSuchMethodError'{0x00000000d62c5fe8}: 'java.lang.Object java.lang.invoke.DirectMethodHandle$Holder.invokeSpecial(java.lang.Object, java.lang.Object, java.lang.Object, int, int)'> (0x00000000d62c5fe8) 
thrown [s\src\hotspot\share\interpreter\linkResolver.cpp, line 773]

ZGC Phase Switch (0 events):
No events

VM Operations (20 events):
Event: 43.469 Executing VM operation: Cleanup
Event: 43.509 Executing VM operation: Cleanup done
Event: 43.512 Executing VM operation: ParallelGCFailedAllocation (Allocation Failure)
Event: 43.522 Executing VM operation: ParallelGCFailedAllocation (Allocation Failure) done
Event: 44.523 Executing VM operation: Cleanup
Event: 44.524 Executing VM operation: Cleanup done
Event: 45.356 Executing VM operation: ParallelGCFailedAllocation (Allocation Failure)
Event: 45.362 Executing VM operation: ParallelGCFailedAllocation (Allocation Failure) done
Event: 46.239 Executing VM operation: HandshakeAllThreads (Deoptimize)
Event: 46.239 Executing VM operation: HandshakeAllThreads (Deoptimize) done
Event: 46.551 Executing VM operation: ICBufferFull
Event: 46.551 Executing VM operation: ICBufferFull done
Event: 47.163 Executing VM operation: ParallelGCFailedAllocation (Allocation Failure)
Event: 47.170 Executing VM operation: ParallelGCFailedAllocation (Allocation Failure) done
Event: 47.816 Executing VM operation: ICBufferFull
Event: 47.816 Executing VM operation: ICBufferFull done
Event: 48.599 Executing VM operation: ParallelGCFailedAllocation (Allocation Failure)
Event: 48.607 Executing VM operation: ParallelGCFailedAllocation (Allocation Failure) done
Event: 48.866 Executing VM operation: ParallelGCFailedAllocation (Allocation Failure)
Event: 48.871 Executing VM operation: ParallelGCFailedAllocation (Allocation Failure) done

Memory protections (0 events):
No events

Nmethod flushes (20 events):
Event: 20.884 Thread 0x000001fb6bc6e7a0 flushing  nmethod 0x000001fb6f10fe90
Event: 20.884 Thread 0x000001fb6bc6e7a0 flushing  nmethod 0x000001fb6f11ee10
Event: 20.884 Thread 0x000001fb6bc6e7a0 flushing  nmethod 0x000001fb6f127110
Event: 20.884 Thread 0x000001fb6bc6e7a0 flushing  nmethod 0x000001fb6f15b210
Event: 20.884 Thread 0x000001fb6bc6e7a0 flushing  nmethod 0x000001fb6f1e4810
Event: 20.884 Thread 0x000001fb6bc6e7a0 flushing  nmethod 0x000001fb6f1e8590
Event: 20.884 Thread 0x000001fb6bc6e7a0 flushing  nmethod 0x000001fb6f219690
Event: 20.884 Thread 0x000001fb6bc6e7a0 flushing  nmethod 0x000001fb6f21a090
Event: 20.884 Thread 0x000001fb6bc6e7a0 flushing  nmethod 0x000001fb6f21e990
Event: 20.884 Thread 0x000001fb6bc6e7a0 flushing  nmethod 0x000001fb6f240090
Event: 20.884 Thread 0x000001fb6bc6e7a0 flushing  nmethod 0x000001fb6f249210
Event: 20.884 Thread 0x000001fb6bc6e7a0 flushing  nmethod 0x000001fb6f24bb10
Event: 20.884 Thread 0x000001fb6bc6e7a0 flushing  nmethod 0x000001fb6f26c510
Event: 20.884 Thread 0x000001fb6bc6e7a0 flushing  nmethod 0x000001fb6f283190
Event: 20.884 Thread 0x000001fb6bc6e7a0 flushing  nmethod 0x000001fb6f287690
Event: 20.884 Thread 0x000001fb6bc6e7a0 flushing  nmethod 0x000001fb6f288110
Event: 20.884 Thread 0x000001fb6bc6e7a0 flushing  nmethod 0x000001fb6f2ca510
Event: 20.884 Thread 0x000001fb6bc6e7a0 flushing  nmethod 0x000001fb6f2ca910
Event: 20.884 Thread 0x000001fb6bc6e7a0 flushing  nmethod 0x000001fb6f2cad10
Event: 20.884 Thread 0x000001fb6bc6e7a0 flushing  nmethod 0x000001fb6f2dc490

Events (20 events):
Event: 6.875 Thread 0x000001fb6bbd0480 Thread added: 0x000001fb4a105160
Event: 6.875 Thread 0x000001fb6bbd0480 Thread added: 0x000001fb4a106510
Event: 6.875 Thread 0x000001fb6bbd0480 Thread added: 0x000001fb4a106ba0
Event: 6.875 Thread 0x000001fb6bbd0480 Thread added: 0x000001fb4a107230
Event: 6.875 Thread 0x000001fb6bbd0480 Thread added: 0x000001fb4a103db0
Event: 6.875 Thread 0x000001fb6bbd0480 Thread added: 0x000001fb4a104440
Event: 6.875 Thread 0x000001fb6bbd0480 Thread added: 0x000001fb4a92f9b0
Event: 7.002 Thread 0x000001fb6bbd0480 Thread added: 0x000001fb4a929dd0
Event: 7.218 Thread 0x000001fb4a39d8c0 Thread exited: 0x000001fb4a39d8c0
Event: 7.279 Thread 0x000001fb4a0f3e60 Thread added: 0x000001fb4a928a20
Event: 7.435 Thread 0x000001fb6bbd0480 Thread added: 0x000001fb4a930040
Event: 7.436 Thread 0x000001fb6bbd0480 Thread added: 0x000001fb4a92b810
Event: 7.519 Thread 0x000001fb7e63f9f0 Thread added: 0x000001fb4b4c87e0
Event: 7.943 Thread 0x000001fb4b4c87e0 Thread exited: 0x000001fb4b4c87e0
Event: 10.331 Thread 0x000001fb49e85be0 Thread exited: 0x000001fb49e85be0
Event: 17.650 Thread 0x000001fb4a92b810 Thread added: 0x000001fb4a92e600
Event: 18.995 Thread 0x000001fb4a92b810 Thread added: 0x000001fb4a92b180
Event: 19.203 Thread 0x000001fb4a92b810 Thread added: 0x000001fb4a92bea0
Event: 19.258 Thread 0x000001fb4a92b810 Thread added: 0x000001fb4a92a460
Event: 21.731 Thread 0x000001fb4a92b810 Thread added: 0x000001fb4a92aaf0


Dynamic libraries:
0x00007ff637aa0000 - 0x00007ff637aae000 	c:\Users\ASUS\.vscode\extensions\redhat.java-1.43.0-win32-x64\jre\21.0.7-win32-x86_64\bin\java.exe
0x00007ff8ed190000 - 0x00007ff8ed3a7000 	C:\WINDOWS\SYSTEM32\ntdll.dll
0x00007ff8ec620000 - 0x00007ff8ec6e4000 	C:\WINDOWS\System32\KERNEL32.DLL
0x00007ff8ea580000 - 0x00007ff8ea952000 	C:\WINDOWS\System32\KERNELBASE.dll
0x00007ff8eac80000 - 0x00007ff8ead91000 	C:\WINDOWS\System32\ucrtbase.dll
0x00007ff8c2fc0000 - 0x00007ff8c2fd8000 	c:\Users\ASUS\.vscode\extensions\redhat.java-1.43.0-win32-x64\jre\21.0.7-win32-x86_64\bin\jli.dll
0x00007ff8c4690000 - 0x00007ff8c46ae000 	c:\Users\ASUS\.vscode\extensions\redhat.java-1.43.0-win32-x64\jre\21.0.7-win32-x86_64\bin\VCRUNTIME140.dll
0x00007ff8ec9a0000 - 0x00007ff8ecb51000 	C:\WINDOWS\System32\USER32.dll
0x00007ff8ea3f0000 - 0x00007ff8ea416000 	C:\WINDOWS\System32\win32u.dll
0x00007ff8dcfa0000 - 0x00007ff8dd23b000 	C:\WINDOWS\WinSxS\amd64_microsoft.windows.common-controls_6595b64144ccf1df_6.0.22621.5415_none_270d77d17387d7da\COMCTL32.dll
0x00007ff8ec6f0000 - 0x00007ff8ec719000 	C:\WINDOWS\System32\GDI32.dll
0x00007ff8eaf00000 - 0x00007ff8eafa7000 	C:\WINDOWS\System32\msvcrt.dll
0x00007ff8eab50000 - 0x00007ff8eac73000 	C:\WINDOWS\System32\gdi32full.dll
0x00007ff8ea420000 - 0x00007ff8ea4ba000 	C:\WINDOWS\System32\msvcp_win.dll
0x00007ff8ecff0000 - 0x00007ff8ed021000 	C:\WINDOWS\System32\IMM32.DLL
0x00007ff8d4ed0000 - 0x00007ff8d4edc000 	c:\Users\ASUS\.vscode\extensions\redhat.java-1.43.0-win32-x64\jre\21.0.7-win32-x86_64\bin\vcruntime140_1.dll
0x00007ff8983f0000 - 0x00007ff89847d000 	c:\Users\ASUS\.vscode\extensions\redhat.java-1.43.0-win32-x64\jre\21.0.7-win32-x86_64\bin\msvcp140.dll
0x00007ff88b9d0000 - 0x00007ff88c760000 	c:\Users\ASUS\.vscode\extensions\redhat.java-1.43.0-win32-x64\jre\21.0.7-win32-x86_64\bin\server\jvm.dll
0x00007ff8ec490000 - 0x00007ff8ec541000 	C:\WINDOWS\System32\ADVAPI32.dll
0x00007ff8ec550000 - 0x00007ff8ec5f8000 	C:\WINDOWS\System32\sechost.dll
0x00007ff8eaaa0000 - 0x00007ff8eaac8000 	C:\WINDOWS\System32\bcrypt.dll
0x00007ff8ed030000 - 0x00007ff8ed144000 	C:\WINDOWS\System32\RPCRT4.dll
0x00007ff8ec8d0000 - 0x00007ff8ec941000 	C:\WINDOWS\System32\WS2_32.dll
0x00007ff8e90c0000 - 0x00007ff8e910d000 	C:\WINDOWS\SYSTEM32\POWRPROF.dll
0x00007ff8ddc90000 - 0x00007ff8ddcc4000 	C:\WINDOWS\SYSTEM32\WINMM.dll
0x00007ff8e0510000 - 0x00007ff8e051a000 	C:\WINDOWS\SYSTEM32\VERSION.dll
0x00007ff8e90a0000 - 0x00007ff8e90b3000 	C:\WINDOWS\SYSTEM32\UMPDC.dll
0x00007ff8e9300000 - 0x00007ff8e9318000 	C:\WINDOWS\SYSTEM32\kernel.appcore.dll
0x00007ff8cdb30000 - 0x00007ff8cdb3a000 	c:\Users\ASUS\.vscode\extensions\redhat.java-1.43.0-win32-x64\jre\21.0.7-win32-x86_64\bin\jimage.dll
0x00007ff8e7c80000 - 0x00007ff8e7eb3000 	C:\WINDOWS\SYSTEM32\DBGHELP.DLL
0x00007ff8ecb60000 - 0x00007ff8ecef3000 	C:\WINDOWS\System32\combase.dll
0x00007ff8eae20000 - 0x00007ff8eaef7000 	C:\WINDOWS\System32\OLEAUT32.dll
0x00007ff8cb700000 - 0x00007ff8cb732000 	C:\WINDOWS\SYSTEM32\dbgcore.DLL
0x00007ff8eada0000 - 0x00007ff8eae1b000 	C:\WINDOWS\System32\bcryptPrimitives.dll
0x00007ff8e2870000 - 0x00007ff8e287f000 	c:\Users\ASUS\.vscode\extensions\redhat.java-1.43.0-win32-x64\jre\21.0.7-win32-x86_64\bin\instrument.dll
0x00007ff8bc6e0000 - 0x00007ff8bc6ff000 	c:\Users\ASUS\.vscode\extensions\redhat.java-1.43.0-win32-x64\jre\21.0.7-win32-x86_64\bin\java.dll
0x00007ff8eafb0000 - 0x00007ff8eb852000 	C:\WINDOWS\System32\SHELL32.dll
0x00007ff8ea960000 - 0x00007ff8eaa9f000 	C:\WINDOWS\System32\wintypes.dll
0x00007ff8e8160000 - 0x00007ff8e8a7e000 	C:\WINDOWS\SYSTEM32\windows.storage.dll
0x00007ff8ec7c0000 - 0x00007ff8ec8cb000 	C:\WINDOWS\System32\SHCORE.dll
0x00007ff8ecf80000 - 0x00007ff8ecfe9000 	C:\WINDOWS\System32\shlwapi.dll
0x00007ff8ea1b0000 - 0x00007ff8ea1db000 	C:\WINDOWS\SYSTEM32\profapi.dll
0x00007ff8d30f0000 - 0x00007ff8d3108000 	c:\Users\ASUS\.vscode\extensions\redhat.java-1.43.0-win32-x64\jre\21.0.7-win32-x86_64\bin\zip.dll
0x00007ff8e2880000 - 0x00007ff8e2890000 	C:\Users\ASUS\.vscode\extensions\redhat.java-1.43.0-win32-x64\jre\21.0.7-win32-x86_64\bin\net.dll
0x00007ff8e3190000 - 0x00007ff8e32bc000 	C:\WINDOWS\SYSTEM32\WINHTTP.dll
0x00007ff8e97d0000 - 0x00007ff8e9839000 	C:\WINDOWS\system32\mswsock.dll
0x00007ff8d2400000 - 0x00007ff8d2416000 	C:\Users\ASUS\.vscode\extensions\redhat.java-1.43.0-win32-x64\jre\21.0.7-win32-x86_64\bin\nio.dll
0x00007ff8d9660000 - 0x00007ff8d9670000 	c:\Users\ASUS\.vscode\extensions\redhat.java-1.43.0-win32-x64\jre\21.0.7-win32-x86_64\bin\verify.dll
0x00007ff8a73d0000 - 0x00007ff8a7415000 	C:\Users\ASUS\AppData\Roaming\Code\User\globalStorage\redhat.java\1.43.0\config_ss_win\org.eclipse.equinox.launcher\org.eclipse.equinox.launcher.win32.win32.x86_64_1.2.1300.v20250331-1702\eclipse_11911.dll
0x00007ff8ebaa0000 - 0x00007ff8ebc40000 	C:\WINDOWS\System32\ole32.dll
0x00007ff8e9a10000 - 0x00007ff8e9a2b000 	C:\WINDOWS\SYSTEM32\CRYPTSP.dll
0x00007ff8e92c0000 - 0x00007ff8e92f7000 	C:\WINDOWS\system32\rsaenh.dll
0x00007ff8e9880000 - 0x00007ff8e98a8000 	C:\WINDOWS\SYSTEM32\USERENV.dll
0x00007ff8e9a00000 - 0x00007ff8e9a0c000 	C:\WINDOWS\SYSTEM32\CRYPTBASE.dll
0x00007ff8e8da0000 - 0x00007ff8e8dcd000 	C:\WINDOWS\SYSTEM32\IPHLPAPI.DLL
0x00007ff8ebc40000 - 0x00007ff8ebc49000 	C:\WINDOWS\System32\NSI.dll
0x00007ff899320000 - 0x00007ff899369000 	C:\Users\ASUS\AppData\Local\Temp\jna-2018896\jna15684711774191829692.dll
0x00007ff8ec720000 - 0x00007ff8ec728000 	C:\WINDOWS\System32\PSAPI.DLL
0x00007ff8e35f0000 - 0x00007ff8e3609000 	C:\WINDOWS\SYSTEM32\dhcpcsvc6.DLL
0x00007ff8e2f60000 - 0x00007ff8e2f7f000 	C:\WINDOWS\SYSTEM32\dhcpcsvc.DLL

dbghelp: loaded successfully - version: 4.0.5 - missing functions: none
symbol engine: initialized successfully - sym options: 0x614 - pdb path: .;c:\Users\ASUS\.vscode\extensions\redhat.java-1.43.0-win32-x64\jre\21.0.7-win32-x86_64\bin;C:\WINDOWS\SYSTEM32;C:\WINDOWS\WinSxS\amd64_microsoft.windows.common-controls_6595b64144ccf1df_6.0.22621.5415_none_270d77d17387d7da;c:\Users\ASUS\.vscode\extensions\redhat.java-1.43.0-win32-x64\jre\21.0.7-win32-x86_64\bin\server;C:\Users\ASUS\AppData\Roaming\Code\User\globalStorage\redhat.java\1.43.0\config_ss_win\org.eclipse.equinox.launcher\org.eclipse.equinox.launcher.win32.win32.x86_64_1.2.1300.v20250331-1702;C:\Users\ASUS\AppData\Local\Temp\jna-2018896

VM Arguments:
jvm_args: --add-modules=ALL-SYSTEM --add-opens=java.base/java.util=ALL-UNNAMED --add-opens=java.base/java.lang=ALL-UNNAMED --add-opens=java.base/sun.nio.fs=ALL-UNNAMED -Declipse.application=org.eclipse.jdt.ls.core.id1 -Dosgi.bundles.defaultStartLevel=4 -Declipse.product=org.eclipse.jdt.ls.core.product -Djava.import.generatesMetadataFilesAtProjectRoot=false -DDetectVMInstallationsJob.disabled=true -Dfile.encoding=utf8 -XX:+UseParallelGC -XX:GCTimeRatio=4 -XX:AdaptiveSizePolicyWeight=90 -Dsun.zip.disableMemoryMapping=true -Xmx2G -Xms100m -Xlog:disable -javaagent:c:\Users\ASUS\.vscode\extensions\redhat.java-1.43.0-win32-x64\lombok\lombok-1.18.39-4050.jar 
java_command: c:\Users\ASUS\.vscode\extensions\redhat.java-1.43.0-win32-x64\server\plugins\org.eclipse.equinox.launcher_1.7.0.v20250519-0528.jar -configuration c:\Users\ASUS\AppData\Roaming\Code\User\globalStorage\redhat.java\1.43.0\config_ss_win -data c:\Users\ASUS\AppData\Roaming\Code\User\workspaceStorage\64c5fc09bacb5b4f7dcb981332d43b0f\redhat.java\ss_ws --pipe=\\.\pipe\lsp-1ad919c09cb6ee5be616dacbbf11dcce-sock
java_class_path (initial): c:\Users\ASUS\.vscode\extensions\redhat.java-1.43.0-win32-x64\server\plugins\org.eclipse.equinox.launcher_1.7.0.v20250519-0528.jar
Launcher Type: SUN_STANDARD

[Global flags]
    uintx AdaptiveSizePolicyWeight                 = 90                                        {product} {command line}
     intx CICompilerCount                          = 4                                         {product} {ergonomic}
    uintx GCTimeRatio                              = 4                                         {product} {command line}
   size_t InitialHeapSize                          = 104857600                                 {product} {command line}
   size_t MaxHeapSize                              = 2147483648                                {product} {command line}
   size_t MaxNewSize                               = 715653120                                 {product} {ergonomic}
   size_t MinHeapDeltaBytes                        = 524288                                    {product} {ergonomic}
   size_t MinHeapSize                              = 104857600                                 {product} {command line}
   size_t NewSize                                  = 34603008                                  {product} {ergonomic}
    uintx NonNMethodCodeHeapSize                   = 5839372                                {pd product} {ergonomic}
    uintx NonProfiledCodeHeapSize                  = 122909434                              {pd product} {ergonomic}
   size_t OldSize                                  = 70254592                                  {product} {ergonomic}
    uintx ProfiledCodeHeapSize                     = 122909434                              {pd product} {ergonomic}
    uintx ReservedCodeCacheSize                    = 251658240                              {pd product} {ergonomic}
     bool SegmentedCodeCache                       = true                                      {product} {ergonomic}
   size_t SoftMaxHeapSize                          = 2147483648                             {manageable} {ergonomic}
     bool UseCompressedOops                        = true                           {product lp64_product} {ergonomic}
     bool UseLargePagesIndividualAllocation        = false                                  {pd product} {ergonomic}
     bool UseParallelGC                            = true                                      {product} {command line}

Logging:
Log output configuration:
 #0: stdout all=off uptime,level,tags foldmultilines=false
 #1: stderr all=off uptime,level,tags foldmultilines=false

Environment Variables:
JAVA_HOME=D:\downApp
PATH=C:\Program Files\Common Files\Oracle\Java\javapath;D:\downApp\Scripts\;D:\downApp\;C:\Program Files\Microsoft MPI\Bin\;C:\Program Files (x86)\Common Files\Oracle\Java\javapath;C:\Windows\system32;C:\Windows;C:\Windows\System32\Wbem;C:\Windows\System32\WindowsPowerShell\v1.0\;C:\Windows\System32\OpenSSH\;C:\Program Files (x86)\NVIDIA Corporation\PhysX\Common;C:\Program Files\NVIDIA Corporation\NVIDIA NvDLISR;C:\WINDOWS\system32;C:\WINDOWS;C:\WINDOWS\System32\Wbem;C:\WINDOWS\System32\WindowsPowerShell\v1.0\;C:\WINDOWS\System32\OpenSSH\;C:\MinGW\bin;C:\Program Files\dotnet\;C:\Program Files\Microsoft SQL Server\150\Tools\Binn\;C:\Program Files\Microsoft SQL Server\Client SDK\ODBC\170\Tools\Binn\;C:\Program Files (x86)\Microsoft SQL Server\150\Tools\Binn\;C:\Program Files\Microsoft SQL Server\150\DTS\Binn\;C:\Program Files\Azure Data Studio\bin;C:\WINDOWS\system32;C:\WINDOWS;C:\WINDOWS\System32\Wbem;C:\WINDOWS\System32\WindowsPowerShell\v1.0\;C:\WINDOWS\System32\OpenSSH\;C:\laragon\bin\php\php-8.1.10-Win32-vs16-x64;D:\Git\Git\cmd;D:\laragon\laragon\bin\php\php-8.1.10-Win32-vs16-x64;D:\laragon\laragon;C:\Program Files (x86)\Microsoft SQL Server\160\Tools\Binn\;C:\Program Files\Microsoft SQL Server\160\Tools\Binn\;C:\Program Files\Microsoft SQL Server\160\DTS\Binn\;C:\Program Files\Java\apache-maven-3.9.9\bin;C:\Program Files\MySQL\MySQL Shell 8.0\bin\;C:\Users\ASUS\AppData\Local\Programs\Python\Python312\Scripts\;C:\Users\ASUS\AppData\Local\Programs\Python\Python312\;C:\Users\ASUS\AppData\Local\Programs\Python\Python311\Scripts\;C:\Users\ASUS\AppData\Local\Programs\Python\Python311\;D:\python\Scripts\;D:\python\;C:\Users\ASUS\AppData\Local\Microsoft\WindowsApps;D:\Microsoft VS Code\bin;C:\Program Files (x86)\Dev-Cpp\MinGW64\bin;C:\msys64\mingw64\bin;C:\Users\ASUS\.dotnet\tools;C:\Program Files\Azure Data Studio\bin;C:\Users\ASUS\AppData\Local\JetBrains\Toolbox\scripts;C:\Users\ASUS\AppData\Roaming\Composer\vendor\bin;C:\Users\ASUS\AppData\Local\Microsoft\WindowsApps;D:\downApp\winlibs-x86_64-posix-seh-gcc-12.1.0-mingw-w64msvcrt-10.0.0-r3\mingw64\bin;C:\Users\ASUS\AppData\Roaming\npm;C:\Users\ASUS\AppData\Local\Programs\cursor\resources\app\bin
USERNAME=ASUS
OS=Windows_NT
PROCESSOR_IDENTIFIER=Intel64 Family 6 Model 140 Stepping 1, GenuineIntel
TMP=C:\Users\ASUS\AppData\Local\Temp
TEMP=C:\Users\ASUS\AppData\Local\Temp




Periodic native trim disabled

---------------  S Y S T E M  ---------------

OS:
 Windows 11 , 64 bit Build 22621 (10.0.22621.5415)
OS uptime: 0 days 22:45 hours
Hyper-V role detected

CPU: total 8 (initial active 8) (4 cores per cpu, 2 threads per core) family 6 model 140 stepping 1 microcode 0x86, cx8, cmov, fxsr, ht, mmx, 3dnowpref, sse, sse2, sse3, ssse3, sse4.1, sse4.2, popcnt, lzcnt, tsc, tscinvbit, avx, avx2, aes, erms, clmul, bmi1, bmi2, adx, avx512f, avx512dq, avx512cd, avx512bw, avx512vl, sha, fma, vzeroupper, avx512_vpopcntdq, avx512_vpclmulqdq, avx512_vaes, avx512_vnni, clflush, clflushopt, clwb, avx512_vbmi2, avx512_vbmi, hv, rdtscp, rdpid, fsrm, gfni, avx512_bitalg, f16c, cet_ibt, cet_ss, avx512_ifma
Processor Information for the first 8 processors :
  Max Mhz: 3302, Current Mhz: 3302, Mhz Limit: 3302

Memory: 4k page, system-wide physical 7883M (255M free)
TotalPageFile size 28638M (AvailPageFile size 2M)
current process WorkingSet (physical memory assigned to process): 182M, peak: 261M
current process commit charge ("private bytes"): 330M, peak: 387M

vm_info: OpenJDK 64-Bit Server VM (21.0.7+6-LTS) for windows-amd64 JRE (21.0.7+6-LTS), built on 2025-04-15T00:00:00Z by "admin" with MS VC++ 17.7 (VS2022)

END.
