#
# There is insufficient memory for the Java Runtime Environment to continue.
# Native memory allocation (mmap) failed to map 166723584 bytes for G1 virtual space
# Possible reasons:
#   The system is out of physical RAM or swap space
#   The process is running with CompressedOops enabled, and the Java Heap may be blocking the growth of the native heap
# Possible solutions:
#   Reduce memory load on the system
#   Increase physical memory or swap space
#   Check if swap backing store is full
#   Decrease Java heap size (-Xmx/-Xms)
#   Decrease number of Java threads
#   Decrease Java thread stack sizes (-Xss)
#   Set larger code cache with -XX:ReservedCodeCacheSize=
#   JVM is running with Unscaled Compressed Oops mode in which the Java heap is
#     placed in the first 4GB address space. The Java Heap base address is the
#     maximum limit for the native heap growth. Please use -XX:HeapBaseMinAddress
#     to set the Java Heap base and to place the Java Heap above 4GB virtual address.
# This output file may be truncated or incomplete.
#
#  Out of Memory Error (os_windows.cpp:3552), pid=31876, tid=25932
#
# JRE version: Java(TM) SE Runtime Environment (17.0.9+11) (build 17.0.9+11-LTS-201)
# Java VM: Java HotSpot(TM) 64-Bit Server VM (17.0.9+11-LTS-201, mixed mode, sharing, tiered, compressed oops, compressed class ptrs, g1 gc, windows-amd64)
# No core dump will be written. Minidumps are not enabled by default on client versions of Windows
#

---------------  S U M M A R Y ------------

Command Line: -Dcom.sun.management.jmxremote -Dcom.sun.management.jmxremote.port=56563 -Dcom.sun.management.jmxremote.authenticate=false -Dcom.sun.management.jmxremote.ssl=false -Dspring.jmx.enabled=true -Djava.rmi.server.hostname=localhost -Dspring.application.admin.enabled=true -Dspring.boot.project.name=jobhunter-lms -XX:+ShowCodeDetailsInExceptionMessages -Dmanagement.endpoints.jmx.exposure.include=* vn.doan.lms.LMSApplication

Host: 11th Gen Intel(R) Core(TM) i7-11370H @ 3.30GHz, 8 cores, 7G,  Windows 11 , 64 bit Build 22621 (10.0.22621.5415)
Time: Wed Jun 25 10:59:34 2025 SE Asia Standard Time elapsed time: 36834.830837 seconds (0d 10h 13m 54s)

---------------  T H R E A D  ---------------

Current thread (0x000001b82557a2b0):  VMThread "VM Thread" [stack: 0x0000000377e00000,0x0000000377f00000] [id=25932]

Stack: [0x0000000377e00000,0x0000000377f00000]
Native frames: (J=compiled Java code, j=interpreted, Vv=VM code, C=native code)
V  [jvm.dll+0x678a4a]
V  [jvm.dll+0x7d9cfd]
V  [jvm.dll+0x7db60e]
V  [jvm.dll+0x7dbc73]
V  [jvm.dll+0x245e1f]
V  [jvm.dll+0x6758f9]
V  [jvm.dll+0x66a2a2]
V  [jvm.dll+0x303686]
V  [jvm.dll+0x30ac06]
V  [jvm.dll+0x35a48e]
V  [jvm.dll+0x35a6bf]
V  [jvm.dll+0x2da678]
V  [jvm.dll+0x2d8a85]
V  [jvm.dll+0x2d808c]
V  [jvm.dll+0x31b97b]
V  [jvm.dll+0x7e048b]
V  [jvm.dll+0x7e11c4]
V  [jvm.dll+0x7e16dd]
V  [jvm.dll+0x7e1ab4]
V  [jvm.dll+0x7e1b80]
V  [jvm.dll+0x78998a]
V  [jvm.dll+0x677875]
C  [ucrtbase.dll+0x29333]
C  [KERNEL32.DLL+0x1259d]
C  [ntdll.dll+0x5af78]

VM_Operation (0x0000000379cfd7a0): G1CollectForAllocation, mode: safepoint, requested by thread 0x000001b86f55e880


---------------  P R O C E S S  ---------------

Threads class SMR info:
_java_thread_list=0x000001b8254668b0, length=28, elements={
0x000001b825580060, 0x000001b825580a20, 0x000001b825593130, 0x000001b825593d00,
0x000001b825596f30, 0x000001b825597440, 0x000001b8255aabf0, 0x000001b8255ac1d0,
0x000001b825597e60, 0x000001b825598880, 0x000001b825597950, 0x000001b8255992a0,
0x000001b825598370, 0x000001b8255997b0, 0x000001b86c921540, 0x000001b86c925710,
0x000001b86c9233a0, 0x000001b86f5c9180, 0x000001b86f5c7320, 0x000001b86f5c8250,
0x000001b876843d70, 0x000001b86f55e880, 0x000001b86f5bd9b0, 0x000001b86f5bd4a0,
0x000001b86f5bc060, 0x000001b87443daa0, 0x000001b874acf1c0, 0x000001b86f5bc570
}

Java Threads: ( => current thread )
  0x000001b825580060 JavaThread "Reference Handler" daemon [_thread_blocked, id=27136, stack(0x0000000377f00000,0x0000000378000000)]
  0x000001b825580a20 JavaThread "Finalizer" daemon [_thread_blocked, id=16036, stack(0x0000000378000000,0x0000000378100000)]
  0x000001b825593130 JavaThread "Signal Dispatcher" daemon [_thread_blocked, id=25020, stack(0x0000000378100000,0x0000000378200000)]
  0x000001b825593d00 JavaThread "Attach Listener" daemon [_thread_blocked, id=20380, stack(0x0000000378200000,0x0000000378300000)]
  0x000001b825596f30 JavaThread "Service Thread" daemon [_thread_blocked, id=18596, stack(0x0000000378300000,0x0000000378400000)]
  0x000001b825597440 JavaThread "Monitor Deflation Thread" daemon [_thread_blocked, id=25344, stack(0x0000000378400000,0x0000000378500000)]
  0x000001b8255aabf0 JavaThread "C2 CompilerThread0" daemon [_thread_blocked, id=20236, stack(0x0000000378500000,0x0000000378600000)]
  0x000001b8255ac1d0 JavaThread "C1 CompilerThread0" daemon [_thread_blocked, id=26268, stack(0x0000000378600000,0x0000000378700000)]
  0x000001b825597e60 JavaThread "Sweeper thread" daemon [_thread_blocked, id=13156, stack(0x0000000378700000,0x0000000378800000)]
  0x000001b825598880 JavaThread "Common-Cleaner" daemon [_thread_blocked, id=16780, stack(0x0000000378800000,0x0000000378900000)]
  0x000001b825597950 JavaThread "Notification Thread" daemon [_thread_blocked, id=26100, stack(0x0000000378900000,0x0000000378a00000)]
  0x000001b8255992a0 JavaThread "RMI TCP Accept-0" daemon [_thread_in_native, id=26112, stack(0x0000000378a00000,0x0000000378b00000)]
  0x000001b825598370 JavaThread "RMI TCP Accept-56563" daemon [_thread_in_native, id=17292, stack(0x0000000378b00000,0x0000000378c00000)]
  0x000001b8255997b0 JavaThread "RMI TCP Accept-0" daemon [_thread_in_native, id=31972, stack(0x0000000378c00000,0x0000000378d00000)]
  0x000001b86c921540 JavaThread "RMI Scheduler(0)" daemon [_thread_blocked, id=32632, stack(0x0000000379a00000,0x0000000379b00000)]
  0x000001b86c925710 JavaThread "mysql-cj-abandoned-connection-cleanup" daemon [_thread_blocked, id=29400, stack(0x000000037a000000,0x000000037a100000)]
  0x000001b86c9233a0 JavaThread "Live Reload Server" daemon [_thread_in_native, id=30212, stack(0x000000037a500000,0x000000037a600000)]
  0x000001b86f5c9180 JavaThread "DestroyJavaVM" [_thread_blocked, id=30284, stack(0x0000000377800000,0x0000000377900000)]
  0x000001b86f5c7320 JavaThread "JMX server connection timeout 120" daemon [_thread_blocked, id=34628, stack(0x0000000377700000,0x0000000377800000)]
  0x000001b86f5c8250 JavaThread "RMI TCP Connection(20)-127.0.0.1" daemon [_thread_in_native, id=30836, stack(0x0000000377600000,0x0000000377700000)]
  0x000001b876843d70 JavaThread "Thread-43" [_thread_blocked, id=26996, stack(0x0000000379700000,0x0000000379800000)]
  0x000001b86f55e880 JavaThread "restartedMain" [_thread_blocked, id=4816, stack(0x0000000379c00000,0x0000000379d00000)]
  0x000001b86f5bd9b0 JavaThread "Catalina-utility-1" [_thread_blocked, id=21564, stack(0x0000000379b00000,0x0000000379c00000)]
  0x000001b86f5bd4a0 JavaThread "Catalina-utility-2" [_thread_blocked, id=34160, stack(0x0000000379d00000,0x0000000379e00000)]
  0x000001b86f5bc060 JavaThread "container-0" [_thread_blocked, id=12056, stack(0x0000000379e00000,0x0000000379f00000)]
  0x000001b87443daa0 JavaThread "HikariPool-12 housekeeper" daemon [_thread_blocked, id=30188, stack(0x0000000379f00000,0x000000037a000000)]
  0x000001b874acf1c0 JavaThread "HikariPool-12 connection adder" daemon [_thread_blocked, id=23544, stack(0x000000037a100000,0x000000037a200000)]
  0x000001b86f5bc570 JavaThread "File Watcher" daemon [_thread_blocked, id=23152, stack(0x000000037a200000,0x000000037a300000)]

Other Threads:
=>0x000001b82557a2b0 VMThread "VM Thread" [stack: 0x0000000377e00000,0x0000000377f00000] [id=25932]
  0x000001b8076f9b50 WatcherThread [stack: 0x0000000378d00000,0x0000000378e00000] [id=14988]
  0x000001b8076d0880 GCTaskThread "GC Thread#0" [stack: 0x0000000377900000,0x0000000377a00000] [id=17368]
  0x000001b86ba1ba60 GCTaskThread "GC Thread#1" [stack: 0x0000000378e00000,0x0000000378f00000] [id=7064]
  0x000001b86b8ead70 GCTaskThread "GC Thread#2" [stack: 0x0000000378f00000,0x0000000379000000] [id=5012]
  0x000001b86b7b0f00 GCTaskThread "GC Thread#3" [stack: 0x0000000379000000,0x0000000379100000] [id=28576]
  0x000001b86b8077a0 GCTaskThread "GC Thread#4" [stack: 0x0000000379100000,0x0000000379200000] [id=23628]
  0x000001b86b8d9380 GCTaskThread "GC Thread#5" [stack: 0x0000000379200000,0x0000000379300000] [id=25740]
  0x000001b86b8d7ac0 GCTaskThread "GC Thread#6" [stack: 0x0000000379300000,0x0000000379400000] [id=27532]
  0x000001b86b8d7800 GCTaskThread "GC Thread#7" [stack: 0x0000000379800000,0x0000000379900000] [id=19208]
  0x000001b8076e0e50 ConcurrentGCThread "G1 Main Marker" [stack: 0x0000000377a00000,0x0000000377b00000] [id=32648]
  0x000001b8076e1860 ConcurrentGCThread "G1 Conc#0" [stack: 0x0000000377b00000,0x0000000377c00000] [id=27432]
  0x000001b86b8d85c0 ConcurrentGCThread "G1 Conc#1" [stack: 0x0000000379900000,0x0000000379a00000] [id=21780]
  0x000001b825430530 ConcurrentGCThread "G1 Refine#0" [stack: 0x0000000377c00000,0x0000000377d00000] [id=6420]
  0x000001b86b7aa150 ConcurrentGCThread "G1 Refine#1" [stack: 0x0000000379400000,0x0000000379500000] [id=20420]
  0x000001b825432d80 ConcurrentGCThread "G1 Service" [stack: 0x0000000377d00000,0x0000000377e00000] [id=25988]

Threads with active compile tasks:

VM state: at safepoint (normal execution)

VM Mutex/Monitor currently owned by a thread:  ([mutex/lock_event])
[0x000001b80766b620] Threads_lock - owner thread: 0x000001b82557a2b0
[0x000001b80766af60] Heap_lock - owner thread: 0x000001b86f55e880

Heap address: 0x0000000084c00000, size: 1972 MB, Compressed Oops mode: 32-bit

CDS archive(s) mapped at: [0x000001b826000000-0x000001b826bd0000-0x000001b826bd0000), size 12386304, SharedBaseAddress: 0x000001b826000000, ArchiveRelocationMode: 1.
Compressed class space mapped at: 0x000001b827000000-0x000001b867000000, reserved size: 1073741824
Narrow klass base: 0x000001b826000000, Narrow klass shift: 0, Narrow klass range: 0x100000000

GC Precious Log:
 CPUs: 8 total, 8 available
 Memory: 7883M
 Large Page Support: Disabled
 NUMA Support: Disabled
 Compressed Oops: Enabled (32-bit)
 Heap Region Size: 1M
 Heap Min Capacity: 8M
 Heap Initial Capacity: 124M
 Heap Max Capacity: 1972M
 Pre-touch: Disabled
 Parallel Workers: 8
 Concurrent Workers: 2
 Concurrent Refinement Workers: 8
 Periodic GC: Disabled

Heap:
 garbage-first heap   total 263168K, used 123086K [0x0000000084c00000, 0x0000000100000000)
  region size 1024K, 7 young (7168K), 7 survivors (7168K)
 Metaspace       used 128897K, committed 129856K, reserved 1179648K
  class space    used 15443K, committed 15872K, reserved 1048576K

Heap Regions: E=young(eden), S=young(survivor), O=old, HS=humongous(starts), HC=humongous(continues), CS=collection set, F=free, OA=open archive, CA=closed archive, TAMS=top-at-mark-start (previous, next)
|   0|0x0000000084c00000, 0x0000000084d00000, 0x0000000084d00000|100%|HS|  |TAMS 0x0000000084d00000, 0x0000000084d00000| Complete 
|   1|0x0000000084d00000, 0x0000000084dfffd0, 0x0000000084e00000| 99%| O|  |TAMS 0x0000000084dfffd0, 0x0000000084dfffd0| Untracked 
|   2|0x0000000084e00000, 0x0000000084efffe8, 0x0000000084f00000| 99%| O|  |TAMS 0x0000000084efffe8, 0x0000000084efffe8| Untracked 
|   3|0x0000000084f00000, 0x0000000084ffffc8, 0x0000000085000000| 99%| O|  |TAMS 0x0000000084ffffc8, 0x0000000084ffffc8| Untracked 
|   4|0x0000000085000000, 0x00000000850fdbb8, 0x0000000085100000| 99%| O|  |TAMS 0x00000000850fdbb8, 0x00000000850fdbb8| Untracked 
|   5|0x0000000085100000, 0x00000000851fffe8, 0x0000000085200000| 99%| O|  |TAMS 0x00000000851fffe8, 0x00000000851fffe8| Untracked 
|   6|0x0000000085200000, 0x0000000085300000, 0x0000000085300000|100%| O|  |TAMS 0x0000000085300000, 0x0000000085300000| Untracked 
|   7|0x0000000085300000, 0x00000000853fffc8, 0x0000000085400000| 99%| O|  |TAMS 0x00000000853fffc8, 0x00000000853fffc8| Untracked 
|   8|0x0000000085400000, 0x00000000854fffc8, 0x0000000085500000| 99%| O|  |TAMS 0x00000000854fffc8, 0x00000000854fffc8| Untracked 
|   9|0x0000000085500000, 0x0000000085600000, 0x0000000085600000|100%| O|  |TAMS 0x0000000085600000, 0x0000000085600000| Untracked 
|  10|0x0000000085600000, 0x00000000856ffff8, 0x0000000085700000| 99%| O|  |TAMS 0x00000000856ffff8, 0x00000000856ffff8| Untracked 
|  11|0x0000000085700000, 0x00000000857fff98, 0x0000000085800000| 99%| O|  |TAMS 0x00000000857fff98, 0x00000000857fff98| Untracked 
|  12|0x0000000085800000, 0x00000000858fffc8, 0x0000000085900000| 99%| O|  |TAMS 0x00000000858fffc8, 0x00000000858fffc8| Untracked 
|  13|0x0000000085900000, 0x00000000859fffe8, 0x0000000085a00000| 99%| O|  |TAMS 0x00000000859fffe8, 0x00000000859fffe8| Untracked 
|  14|0x0000000085a00000, 0x0000000085affff0, 0x0000000085b00000| 99%| O|  |TAMS 0x0000000085affff0, 0x0000000085affff0| Untracked 
|  15|0x0000000085b00000, 0x0000000085c00000, 0x0000000085c00000|100%| O|  |TAMS 0x0000000085c00000, 0x0000000085c00000| Untracked 
|  16|0x0000000085c00000, 0x0000000085d00000, 0x0000000085d00000|100%| O|  |TAMS 0x0000000085d00000, 0x0000000085d00000| Untracked 
|  17|0x0000000085d00000, 0x0000000085dfffe8, 0x0000000085e00000| 99%| O|  |TAMS 0x0000000085dfffe8, 0x0000000085dfffe8| Untracked 
|  18|0x0000000085e00000, 0x0000000085effff0, 0x0000000085f00000| 99%| O|  |TAMS 0x0000000085effff0, 0x0000000085effff0| Untracked 
|  19|0x0000000085f00000, 0x0000000086000000, 0x0000000086000000|100%| O|  |TAMS 0x0000000086000000, 0x0000000086000000| Untracked 
|  20|0x0000000086000000, 0x00000000860ffff0, 0x0000000086100000| 99%| O|  |TAMS 0x00000000860ffff0, 0x00000000860ffff0| Untracked 
|  21|0x0000000086100000, 0x0000000086200000, 0x0000000086200000|100%| O|  |TAMS 0x0000000086200000, 0x0000000086200000| Untracked 
|  22|0x0000000086200000, 0x00000000862fffd8, 0x0000000086300000| 99%| O|  |TAMS 0x00000000862fffd8, 0x00000000862fffd8| Untracked 
|  23|0x0000000086300000, 0x00000000863ffff0, 0x0000000086400000| 99%| O|  |TAMS 0x00000000863ffff0, 0x00000000863ffff0| Untracked 
|  24|0x0000000086400000, 0x00000000864ffff8, 0x0000000086500000| 99%| O|  |TAMS 0x00000000864ffff8, 0x00000000864ffff8| Untracked 
|  25|0x0000000086500000, 0x00000000865fff28, 0x0000000086600000| 99%| O|  |TAMS 0x00000000865fff28, 0x00000000865fff28| Untracked 
|  26|0x0000000086600000, 0x00000000866ffff8, 0x0000000086700000| 99%| O|  |TAMS 0x00000000866ffff8, 0x00000000866ffff8| Untracked 
|  27|0x0000000086700000, 0x00000000867ffff0, 0x0000000086800000| 99%| O|  |TAMS 0x00000000867ffff0, 0x00000000867ffff0| Untracked 
|  28|0x0000000086800000, 0x0000000086900000, 0x0000000086900000|100%| O|  |TAMS 0x0000000086900000, 0x0000000086900000| Untracked 
|  29|0x0000000086900000, 0x0000000086a00000, 0x0000000086a00000|100%| O|  |TAMS 0x0000000086a00000, 0x0000000086a00000| Untracked 
|  30|0x0000000086a00000, 0x0000000086afffe8, 0x0000000086b00000| 99%| O|  |TAMS 0x0000000086afffe8, 0x0000000086afffe8| Untracked 
|  31|0x0000000086b00000, 0x0000000086bff748, 0x0000000086c00000| 99%| O|  |TAMS 0x0000000086bff748, 0x0000000086bff748| Untracked 
|  32|0x0000000086c00000, 0x0000000086d00000, 0x0000000086d00000|100%| O|  |TAMS 0x0000000086d00000, 0x0000000086d00000| Untracked 
|  33|0x0000000086d00000, 0x0000000086e00000, 0x0000000086e00000|100%| O|  |TAMS 0x0000000086e00000, 0x0000000086e00000| Untracked 
|  34|0x0000000086e00000, 0x0000000086f00000, 0x0000000086f00000|100%| O|  |TAMS 0x0000000086f00000, 0x0000000086f00000| Untracked 
|  35|0x0000000086f00000, 0x0000000086ffffb8, 0x0000000087000000| 99%| O|  |TAMS 0x0000000086ffffb8, 0x0000000086ffffb8| Untracked 
|  36|0x0000000087000000, 0x0000000087100000, 0x0000000087100000|100%| O|  |TAMS 0x0000000087100000, 0x0000000087100000| Untracked 
|  37|0x0000000087100000, 0x0000000087200000, 0x0000000087200000|100%| O|  |TAMS 0x0000000087200000, 0x0000000087200000| Untracked 
|  38|0x0000000087200000, 0x00000000872ffff0, 0x0000000087300000| 99%| O|  |TAMS 0x00000000872ffff0, 0x00000000872ffff0| Untracked 
|  39|0x0000000087300000, 0x0000000087400000, 0x0000000087400000|100%| O|  |TAMS 0x0000000087400000, 0x0000000087400000| Untracked 
|  40|0x0000000087400000, 0x00000000874ffff8, 0x0000000087500000| 99%| O|  |TAMS 0x00000000874ffff8, 0x00000000874ffff8| Untracked 
|  41|0x0000000087500000, 0x00000000875fffe0, 0x0000000087600000| 99%| O|  |TAMS 0x00000000875fffe0, 0x00000000875fffe0| Untracked 
|  42|0x0000000087600000, 0x00000000876fffc8, 0x0000000087700000| 99%| O|  |TAMS 0x00000000876fffc8, 0x00000000876fffc8| Untracked 
|  43|0x0000000087700000, 0x00000000877ffff8, 0x0000000087800000| 99%| O|  |TAMS 0x00000000877ffff8, 0x00000000877ffff8| Untracked 
|  44|0x0000000087800000, 0x00000000878ffff0, 0x0000000087900000| 99%| O|  |TAMS 0x00000000878ffff0, 0x00000000878ffff0| Untracked 
|  45|0x0000000087900000, 0x0000000087a00000, 0x0000000087a00000|100%| O|  |TAMS 0x0000000087a00000, 0x0000000087a00000| Untracked 
|  46|0x0000000087a00000, 0x0000000087afffe0, 0x0000000087b00000| 99%| O|  |TAMS 0x0000000087afffe0, 0x0000000087afffe0| Untracked 
|  47|0x0000000087b00000, 0x0000000087bfffe0, 0x0000000087c00000| 99%| O|  |TAMS 0x0000000087bfffe0, 0x0000000087bfffe0| Untracked 
|  48|0x0000000087c00000, 0x0000000087cfff80, 0x0000000087d00000| 99%| O|  |TAMS 0x0000000087cfff80, 0x0000000087cfff80| Untracked 
|  49|0x0000000087d00000, 0x0000000087dffff8, 0x0000000087e00000| 99%| O|  |TAMS 0x0000000087dffff8, 0x0000000087dffff8| Untracked 
|  50|0x0000000087e00000, 0x0000000087effff0, 0x0000000087f00000| 99%| O|  |TAMS 0x0000000087effff0, 0x0000000087effff0| Untracked 
|  51|0x0000000087f00000, 0x0000000087fffff8, 0x0000000088000000| 99%| O|  |TAMS 0x0000000087fffff8, 0x0000000087fffff8| Untracked 
|  52|0x0000000088000000, 0x00000000880fffe8, 0x0000000088100000| 99%| O|  |TAMS 0x00000000880fffe8, 0x00000000880fffe8| Untracked 
|  53|0x0000000088100000, 0x00000000881ffff0, 0x0000000088200000| 99%| O|  |TAMS 0x00000000881ffff0, 0x00000000881ffff0| Untracked 
|  54|0x0000000088200000, 0x00000000882ffff0, 0x0000000088300000| 99%| O|  |TAMS 0x00000000882ffff0, 0x00000000882ffff0| Untracked 
|  55|0x0000000088300000, 0x00000000883fffb8, 0x0000000088400000| 99%| O|  |TAMS 0x00000000883fffb8, 0x00000000883fffb8| Untracked 
|  56|0x0000000088400000, 0x0000000088500000, 0x0000000088500000|100%| O|  |TAMS 0x0000000088500000, 0x0000000088500000| Untracked 
|  57|0x0000000088500000, 0x0000000088600000, 0x0000000088600000|100%| O|  |TAMS 0x0000000088600000, 0x0000000088600000| Untracked 
|  58|0x0000000088600000, 0x00000000886ffff8, 0x0000000088700000| 99%| O|  |TAMS 0x00000000886ffff8, 0x00000000886ffff8| Untracked 
|  59|0x0000000088700000, 0x00000000887fffb0, 0x0000000088800000| 99%| O|  |TAMS 0x00000000887fffb0, 0x00000000887fffb0| Untracked 
|  60|0x0000000088800000, 0x00000000888ffff8, 0x0000000088900000| 99%| O|  |TAMS 0x00000000888ffff8, 0x00000000888ffff8| Untracked 
|  61|0x0000000088900000, 0x00000000889fc118, 0x0000000088a00000| 98%| O|  |TAMS 0x00000000889fc118, 0x00000000889fc118| Untracked 
|  62|0x0000000088a00000, 0x0000000088affff8, 0x0000000088b00000| 99%| O|  |TAMS 0x0000000088affff8, 0x0000000088affff8| Untracked 
|  63|0x0000000088b00000, 0x0000000088bffff0, 0x0000000088c00000| 99%| O|  |TAMS 0x0000000088bffff0, 0x0000000088bffff0| Untracked 
|  64|0x0000000088c00000, 0x0000000088cffff8, 0x0000000088d00000| 99%| O|  |TAMS 0x0000000088cffff8, 0x0000000088cffff8| Untracked 
|  65|0x0000000088d00000, 0x0000000088dfff48, 0x0000000088e00000| 99%| O|  |TAMS 0x0000000088dfff48, 0x0000000088dfff48| Untracked 
|  66|0x0000000088e00000, 0x0000000088f00000, 0x0000000088f00000|100%| O|  |TAMS 0x0000000088f00000, 0x0000000088f00000| Untracked 
|  67|0x0000000088f00000, 0x0000000089000000, 0x0000000089000000|100%| O|  |TAMS 0x0000000089000000, 0x0000000089000000| Untracked 
|  68|0x0000000089000000, 0x00000000890fffe8, 0x0000000089100000| 99%| O|  |TAMS 0x00000000890fffe8, 0x00000000890fffe8| Untracked 
|  69|0x0000000089100000, 0x0000000089200000, 0x0000000089200000|100%| O|  |TAMS 0x0000000089200000, 0x0000000089200000| Untracked 
|  70|0x0000000089200000, 0x00000000892ffff0, 0x0000000089300000| 99%| O|  |TAMS 0x00000000892ffff0, 0x00000000892ffff0| Untracked 
|  71|0x0000000089300000, 0x00000000893ffff8, 0x0000000089400000| 99%| O|  |TAMS 0x00000000893ffff8, 0x00000000893ffff8| Untracked 
|  72|0x0000000089400000, 0x00000000894fffd0, 0x0000000089500000| 99%| O|  |TAMS 0x00000000894fffd0, 0x00000000894fffd0| Untracked 
|  73|0x0000000089500000, 0x00000000895ffdc8, 0x0000000089600000| 99%| O|  |TAMS 0x00000000895ffdc8, 0x00000000895ffdc8| Untracked 
|  74|0x0000000089600000, 0x00000000896fffc0, 0x0000000089700000| 99%| O|  |TAMS 0x00000000896fffc0, 0x00000000896fffc0| Untracked 
|  75|0x0000000089700000, 0x00000000897fffc8, 0x0000000089800000| 99%| O|  |TAMS 0x00000000897fffc8, 0x00000000897fffc8| Untracked 
|  76|0x0000000089800000, 0x00000000898ffff8, 0x0000000089900000| 99%| O|  |TAMS 0x00000000898ffff8, 0x00000000898ffff8| Untracked 
|  77|0x0000000089900000, 0x00000000899ffff0, 0x0000000089a00000| 99%| O|  |TAMS 0x00000000899ffff0, 0x00000000899ffff0| Untracked 
|  78|0x0000000089a00000, 0x0000000089b00000, 0x0000000089b00000|100%| O|  |TAMS 0x0000000089b00000, 0x0000000089b00000| Untracked 
|  79|0x0000000089b00000, 0x0000000089c00000, 0x0000000089c00000|100%| O|  |TAMS 0x0000000089c00000, 0x0000000089c00000| Untracked 
|  80|0x0000000089c00000, 0x0000000089cfffe0, 0x0000000089d00000| 99%| O|  |TAMS 0x0000000089cfffe0, 0x0000000089cfffe0| Untracked 
|  81|0x0000000089d00000, 0x0000000089dfffd8, 0x0000000089e00000| 99%| O|  |TAMS 0x0000000089dfffd8, 0x0000000089dfffd8| Untracked 
|  82|0x0000000089e00000, 0x0000000089f00000, 0x0000000089f00000|100%| O|  |TAMS 0x0000000089f00000, 0x0000000089f00000| Untracked 
|  83|0x0000000089f00000, 0x0000000089fffff8, 0x000000008a000000| 99%| O|  |TAMS 0x0000000089fffff8, 0x0000000089fffff8| Untracked 
|  84|0x000000008a000000, 0x000000008a0ffff0, 0x000000008a100000| 99%| O|  |TAMS 0x000000008a0ffff0, 0x000000008a0ffff0| Untracked 
|  85|0x000000008a100000, 0x000000008a1fffa0, 0x000000008a200000| 99%| O|  |TAMS 0x000000008a1fffa0, 0x000000008a1fffa0| Untracked 
|  86|0x000000008a200000, 0x000000008a2fddc8, 0x000000008a300000| 99%| O|  |TAMS 0x000000008a2fddc8, 0x000000008a2fddc8| Untracked 
|  87|0x000000008a300000, 0x000000008a3fdbe0, 0x000000008a400000| 99%| O|  |TAMS 0x000000008a3fdbe0, 0x000000008a3fdbe0| Untracked 
|  88|0x000000008a400000, 0x000000008a4ffff0, 0x000000008a500000| 99%| O|  |TAMS 0x000000008a4ffff0, 0x000000008a4ffff0| Untracked 
|  89|0x000000008a500000, 0x000000008a5fff78, 0x000000008a600000| 99%| O|  |TAMS 0x000000008a5fff78, 0x000000008a5fff78| Untracked 
|  90|0x000000008a600000, 0x000000008a6ffff8, 0x000000008a700000| 99%| O|  |TAMS 0x000000008a6ffff8, 0x000000008a6ffff8| Untracked 
|  91|0x000000008a700000, 0x000000008a800000, 0x000000008a800000|100%| O|  |TAMS 0x000000008a800000, 0x000000008a800000| Untracked 
|  92|0x000000008a800000, 0x000000008a8fe8b0, 0x000000008a900000| 99%| O|  |TAMS 0x000000008a8fe8b0, 0x000000008a8fe8b0| Untracked 
|  93|0x000000008a900000, 0x000000008a9ffff8, 0x000000008aa00000| 99%| O|  |TAMS 0x000000008a9ffff8, 0x000000008a9ffff8| Untracked 
|  94|0x000000008aa00000, 0x000000008ab00000, 0x000000008ab00000|100%| O|  |TAMS 0x000000008ab00000, 0x000000008ab00000| Untracked 
|  95|0x000000008ab00000, 0x000000008abfffe8, 0x000000008ac00000| 99%| O|  |TAMS 0x000000008abfffe8, 0x000000008abfffe8| Untracked 
|  96|0x000000008ac00000, 0x000000008acfffe0, 0x000000008ad00000| 99%| O|  |TAMS 0x000000008acfffe0, 0x000000008acfffe0| Untracked 
|  97|0x000000008ad00000, 0x000000008adffff8, 0x000000008ae00000| 99%| O|  |TAMS 0x000000008adffff8, 0x000000008adffff8| Untracked 
|  98|0x000000008ae00000, 0x000000008af00000, 0x000000008af00000|100%| O|  |TAMS 0x000000008af00000, 0x000000008af00000| Untracked 
|  99|0x000000008af00000, 0x000000008afffff8, 0x000000008b000000| 99%| O|  |TAMS 0x000000008afffff8, 0x000000008afffff8| Untracked 
| 100|0x000000008b000000, 0x000000008b0ffff0, 0x000000008b100000| 99%| O|  |TAMS 0x000000008b0ffff0, 0x000000008b0ffff0| Untracked 
| 101|0x000000008b100000, 0x000000008b200000, 0x000000008b200000|100%| O|  |TAMS 0x000000008b200000, 0x000000008b200000| Untracked 
| 102|0x000000008b200000, 0x000000008b24d660, 0x000000008b300000| 30%| O|  |TAMS 0x000000008b24d660, 0x000000008b24d660| Untracked 
| 103|0x000000008b300000, 0x000000008b301e88, 0x000000008b400000|  0%| O|  |TAMS 0x000000008b301e88, 0x000000008b301e88| Untracked 
| 104|0x000000008b400000, 0x000000008b500000, 0x000000008b500000|100%| O|  |TAMS 0x000000008b400000, 0x000000008b500000| Untracked 
| 105|0x000000008b500000, 0x000000008b511df8, 0x000000008b600000|  6%| O|  |TAMS 0x000000008b511df8, 0x000000008b511df8| Untracked 
| 106|0x000000008b600000, 0x000000008b700000, 0x000000008b700000|100%| O|  |TAMS 0x000000008b600000, 0x000000008b700000| Untracked 
| 107|0x000000008b700000, 0x000000008b800000, 0x000000008b800000|100%| O|  |TAMS 0x000000008b700000, 0x000000008b800000| Untracked 
| 108|0x000000008b800000, 0x000000008b900000, 0x000000008b900000|100%| O|  |TAMS 0x000000008b800000, 0x000000008b900000| Untracked 
| 109|0x000000008b900000, 0x000000008ba00000, 0x000000008ba00000|100%| O|  |TAMS 0x000000008b900000, 0x000000008ba00000| Untracked 
| 110|0x000000008ba00000, 0x000000008bb00000, 0x000000008bb00000|100%| O|  |TAMS 0x000000008ba00000, 0x000000008ba8ce00| Untracked 
| 111|0x000000008bb00000, 0x000000008bc00000, 0x000000008bc00000|100%| O|  |TAMS 0x000000008bb00000, 0x000000008bb00000| Untracked 
| 112|0x000000008bc00000, 0x000000008bcc5710, 0x000000008bd00000| 77%| O|  |TAMS 0x000000008bcc5710, 0x000000008bcc5710| Untracked 
| 113|0x000000008bd00000, 0x000000008be00000, 0x000000008be00000|100%| O|  |TAMS 0x000000008bd00000, 0x000000008bd00000| Untracked 
| 114|0x000000008be00000, 0x000000008bf00000, 0x000000008bf00000|100%| O|  |TAMS 0x000000008be00000, 0x000000008be00000| Untracked 
| 115|0x000000008bf00000, 0x000000008bfe1400, 0x000000008c000000| 87%| O|  |TAMS 0x000000008bf00000, 0x000000008bf00000| Untracked 
| 116|0x000000008c000000, 0x000000008c000000, 0x000000008c100000|  0%| F|  |TAMS 0x000000008c000000, 0x000000008c000000| Untracked 
| 117|0x000000008c100000, 0x000000008c100000, 0x000000008c200000|  0%| F|  |TAMS 0x000000008c100000, 0x000000008c100000| Untracked 
| 118|0x000000008c200000, 0x000000008c200000, 0x000000008c300000|  0%| F|  |TAMS 0x000000008c200000, 0x000000008c200000| Untracked 
| 119|0x000000008c300000, 0x000000008c300000, 0x000000008c400000|  0%| F|  |TAMS 0x000000008c300000, 0x000000008c300000| Untracked 
| 120|0x000000008c400000, 0x000000008c400000, 0x000000008c500000|  0%| F|  |TAMS 0x000000008c400000, 0x000000008c400000| Untracked 
| 121|0x000000008c500000, 0x000000008c500000, 0x000000008c600000|  0%| F|  |TAMS 0x000000008c500000, 0x000000008c500000| Untracked 
| 122|0x000000008c600000, 0x000000008c600000, 0x000000008c700000|  0%| F|  |TAMS 0x000000008c600000, 0x000000008c600000| Untracked 
| 123|0x000000008c700000, 0x000000008c700000, 0x000000008c800000|  0%| F|  |TAMS 0x000000008c700000, 0x000000008c700000| Untracked 
| 124|0x000000008c800000, 0x000000008c800000, 0x000000008c900000|  0%| F|  |TAMS 0x000000008c800000, 0x000000008c800000| Untracked 
| 125|0x000000008c900000, 0x000000008c900000, 0x000000008ca00000|  0%| F|  |TAMS 0x000000008c900000, 0x000000008c900000| Untracked 
| 126|0x000000008ca00000, 0x000000008ca00000, 0x000000008cb00000|  0%| F|  |TAMS 0x000000008ca00000, 0x000000008ca00000| Untracked 
| 127|0x000000008cb00000, 0x000000008cb00000, 0x000000008cc00000|  0%| F|  |TAMS 0x000000008cb00000, 0x000000008cb00000| Untracked 
| 128|0x000000008cc00000, 0x000000008cc00000, 0x000000008cd00000|  0%| F|  |TAMS 0x000000008cc00000, 0x000000008cc00000| Untracked 
| 129|0x000000008cd00000, 0x000000008cd00000, 0x000000008ce00000|  0%| F|  |TAMS 0x000000008cd00000, 0x000000008cd00000| Untracked 
| 130|0x000000008ce00000, 0x000000008ce00000, 0x000000008cf00000|  0%| F|  |TAMS 0x000000008ce00000, 0x000000008ce00000| Untracked 
| 131|0x000000008cf00000, 0x000000008cf00000, 0x000000008d000000|  0%| F|  |TAMS 0x000000008cf00000, 0x000000008cf00000| Untracked 
| 132|0x000000008d000000, 0x000000008d000000, 0x000000008d100000|  0%| F|  |TAMS 0x000000008d000000, 0x000000008d000000| Untracked 
| 133|0x000000008d100000, 0x000000008d100000, 0x000000008d200000|  0%| F|  |TAMS 0x000000008d100000, 0x000000008d100000| Untracked 
| 134|0x000000008d200000, 0x000000008d200000, 0x000000008d300000|  0%| F|  |TAMS 0x000000008d200000, 0x000000008d200000| Untracked 
| 135|0x000000008d300000, 0x000000008d300000, 0x000000008d400000|  0%| F|  |TAMS 0x000000008d300000, 0x000000008d300000| Untracked 
| 136|0x000000008d400000, 0x000000008d400000, 0x000000008d500000|  0%| F|  |TAMS 0x000000008d400000, 0x000000008d400000| Untracked 
| 137|0x000000008d500000, 0x000000008d500000, 0x000000008d600000|  0%| F|  |TAMS 0x000000008d500000, 0x000000008d500000| Untracked 
| 138|0x000000008d600000, 0x000000008d600000, 0x000000008d700000|  0%| F|  |TAMS 0x000000008d600000, 0x000000008d600000| Untracked 
| 139|0x000000008d700000, 0x000000008d700000, 0x000000008d800000|  0%| F|  |TAMS 0x000000008d700000, 0x000000008d700000| Untracked 
| 140|0x000000008d800000, 0x000000008d800000, 0x000000008d900000|  0%| F|  |TAMS 0x000000008d800000, 0x000000008d800000| Untracked 
| 141|0x000000008d900000, 0x000000008d900000, 0x000000008da00000|  0%| F|  |TAMS 0x000000008d900000, 0x000000008d900000| Untracked 
| 142|0x000000008da00000, 0x000000008daf2f30, 0x000000008db00000| 94%| S|CS|TAMS 0x000000008da00000, 0x000000008da00000| Complete 
| 143|0x000000008db00000, 0x000000008dc00000, 0x000000008dc00000|100%| S|CS|TAMS 0x000000008db00000, 0x000000008db00000| Complete 
| 144|0x000000008dc00000, 0x000000008dd00000, 0x000000008dd00000|100%| S|CS|TAMS 0x000000008dc00000, 0x000000008dc00000| Complete 
| 145|0x000000008dd00000, 0x000000008de00000, 0x000000008de00000|100%| S|CS|TAMS 0x000000008dd00000, 0x000000008dd00000| Complete 
| 146|0x000000008de00000, 0x000000008df00000, 0x000000008df00000|100%| S|CS|TAMS 0x000000008de00000, 0x000000008de00000| Complete 
| 147|0x000000008df00000, 0x000000008e000000, 0x000000008e000000|100%| S|CS|TAMS 0x000000008df00000, 0x000000008df00000| Complete 
| 148|0x000000008e000000, 0x000000008e100000, 0x000000008e100000|100%| S|CS|TAMS 0x000000008e000000, 0x000000008e000000| Complete 
| 149|0x000000008e100000, 0x000000008e100000, 0x000000008e200000|  0%| F|  |TAMS 0x000000008e100000, 0x000000008e100000| Untracked 
| 150|0x000000008e200000, 0x000000008e200000, 0x000000008e300000|  0%| F|  |TAMS 0x000000008e200000, 0x000000008e200000| Untracked 
| 151|0x000000008e300000, 0x000000008e300000, 0x000000008e400000|  0%| F|  |TAMS 0x000000008e300000, 0x000000008e300000| Untracked 
| 152|0x000000008e400000, 0x000000008e400000, 0x000000008e500000|  0%| F|  |TAMS 0x000000008e400000, 0x000000008e400000| Untracked 
| 153|0x000000008e500000, 0x000000008e500000, 0x000000008e600000|  0%| F|  |TAMS 0x000000008e500000, 0x000000008e500000| Untracked 
| 154|0x000000008e600000, 0x000000008e600000, 0x000000008e700000|  0%| F|  |TAMS 0x000000008e600000, 0x000000008e600000| Untracked 
| 155|0x000000008e700000, 0x000000008e700000, 0x000000008e800000|  0%| F|  |TAMS 0x000000008e700000, 0x000000008e700000| Untracked 
| 156|0x000000008e800000, 0x000000008e800000, 0x000000008e900000|  0%| F|  |TAMS 0x000000008e800000, 0x000000008e800000| Untracked 
| 157|0x000000008e900000, 0x000000008e900000, 0x000000008ea00000|  0%| F|  |TAMS 0x000000008e900000, 0x000000008e900000| Untracked 
| 158|0x000000008ea00000, 0x000000008ea00000, 0x000000008eb00000|  0%| F|  |TAMS 0x000000008ea00000, 0x000000008ea00000| Untracked 
| 159|0x000000008eb00000, 0x000000008eb00000, 0x000000008ec00000|  0%| F|  |TAMS 0x000000008eb00000, 0x000000008eb00000| Untracked 
| 160|0x000000008ec00000, 0x000000008ec00000, 0x000000008ed00000|  0%| F|  |TAMS 0x000000008ec00000, 0x000000008ec00000| Untracked 
| 161|0x000000008ed00000, 0x000000008ed00000, 0x000000008ee00000|  0%| F|  |TAMS 0x000000008ed00000, 0x000000008ed00000| Untracked 
| 162|0x000000008ee00000, 0x000000008ee00000, 0x000000008ef00000|  0%| F|  |TAMS 0x000000008ee00000, 0x000000008ee00000| Untracked 
| 163|0x000000008ef00000, 0x000000008ef00000, 0x000000008f000000|  0%| F|  |TAMS 0x000000008ef00000, 0x000000008ef00000| Untracked 
| 164|0x000000008f000000, 0x000000008f000000, 0x000000008f100000|  0%| F|  |TAMS 0x000000008f000000, 0x000000008f000000| Untracked 
| 165|0x000000008f100000, 0x000000008f100000, 0x000000008f200000|  0%| F|  |TAMS 0x000000008f100000, 0x000000008f100000| Untracked 
| 166|0x000000008f200000, 0x000000008f200000, 0x000000008f300000|  0%| F|  |TAMS 0x000000008f200000, 0x000000008f200000| Untracked 
| 167|0x000000008f300000, 0x000000008f300000, 0x000000008f400000|  0%| F|  |TAMS 0x000000008f300000, 0x000000008f300000| Untracked 
| 168|0x000000008f400000, 0x000000008f400000, 0x000000008f500000|  0%| F|  |TAMS 0x000000008f400000, 0x000000008f400000| Untracked 
| 169|0x000000008f500000, 0x000000008f500000, 0x000000008f600000|  0%| F|  |TAMS 0x000000008f500000, 0x000000008f500000| Untracked 
| 170|0x000000008f600000, 0x000000008f600000, 0x000000008f700000|  0%| F|  |TAMS 0x000000008f600000, 0x000000008f600000| Untracked 
| 171|0x000000008f700000, 0x000000008f700000, 0x000000008f800000|  0%| F|  |TAMS 0x000000008f700000, 0x000000008f700000| Untracked 
| 172|0x000000008f800000, 0x000000008f800000, 0x000000008f900000|  0%| F|  |TAMS 0x000000008f800000, 0x000000008f800000| Untracked 
| 173|0x000000008f900000, 0x000000008f900000, 0x000000008fa00000|  0%| F|  |TAMS 0x000000008f900000, 0x000000008f900000| Untracked 
| 174|0x000000008fa00000, 0x000000008fa00000, 0x000000008fb00000|  0%| F|  |TAMS 0x000000008fa00000, 0x000000008fa00000| Untracked 
| 175|0x000000008fb00000, 0x000000008fb00000, 0x000000008fc00000|  0%| F|  |TAMS 0x000000008fb00000, 0x000000008fb00000| Untracked 
| 176|0x000000008fc00000, 0x000000008fc00000, 0x000000008fd00000|  0%| F|  |TAMS 0x000000008fc00000, 0x000000008fc00000| Untracked 
| 177|0x000000008fd00000, 0x000000008fd00000, 0x000000008fe00000|  0%| F|  |TAMS 0x000000008fd00000, 0x000000008fd00000| Untracked 
| 178|0x000000008fe00000, 0x000000008fe00000, 0x000000008ff00000|  0%| F|  |TAMS 0x000000008fe00000, 0x000000008fe00000| Untracked 
| 179|0x000000008ff00000, 0x000000008ff29378, 0x0000000090000000| 16%| O|  |TAMS 0x000000008ff29378, 0x000000008ff29378| Untracked 
| 180|0x0000000090000000, 0x0000000090000000, 0x0000000090100000|  0%| F|  |TAMS 0x0000000090000000, 0x0000000090000000| Untracked 
| 181|0x0000000090100000, 0x0000000090100000, 0x0000000090200000|  0%| F|  |TAMS 0x0000000090100000, 0x0000000090100000| Untracked 
| 182|0x0000000090200000, 0x0000000090200000, 0x0000000090300000|  0%| F|  |TAMS 0x0000000090200000, 0x0000000090200000| Untracked 
| 183|0x0000000090300000, 0x0000000090300000, 0x0000000090400000|  0%| F|  |TAMS 0x0000000090300000, 0x0000000090300000| Untracked 
| 184|0x0000000090400000, 0x0000000090400000, 0x0000000090500000|  0%| F|  |TAMS 0x0000000090400000, 0x0000000090400000| Untracked 
| 185|0x0000000090500000, 0x0000000090500000, 0x0000000090600000|  0%| F|  |TAMS 0x0000000090500000, 0x0000000090500000| Untracked 
| 186|0x0000000090600000, 0x0000000090600000, 0x0000000090700000|  0%| F|  |TAMS 0x0000000090600000, 0x0000000090600000| Untracked 
| 187|0x0000000090700000, 0x0000000090700000, 0x0000000090800000|  0%| F|  |TAMS 0x0000000090700000, 0x0000000090700000| Untracked 
| 188|0x0000000090800000, 0x0000000090800000, 0x0000000090900000|  0%| F|  |TAMS 0x0000000090800000, 0x0000000090800000| Untracked 
| 189|0x0000000090900000, 0x0000000090900000, 0x0000000090a00000|  0%| F|  |TAMS 0x0000000090900000, 0x0000000090900000| Untracked 
| 190|0x0000000090a00000, 0x0000000090a00000, 0x0000000090b00000|  0%| F|  |TAMS 0x0000000090a00000, 0x0000000090a00000| Untracked 
| 191|0x0000000090b00000, 0x0000000090b00000, 0x0000000090c00000|  0%| F|  |TAMS 0x0000000090b00000, 0x0000000090b00000| Untracked 
| 192|0x0000000090c00000, 0x0000000090c00000, 0x0000000090d00000|  0%| F|  |TAMS 0x0000000090c00000, 0x0000000090c00000| Untracked 
| 193|0x0000000090d00000, 0x0000000090d00000, 0x0000000090e00000|  0%| F|  |TAMS 0x0000000090d00000, 0x0000000090d00000| Untracked 
| 194|0x0000000090e00000, 0x0000000090e00000, 0x0000000090f00000|  0%| F|  |TAMS 0x0000000090e00000, 0x0000000090e00000| Untracked 
| 195|0x0000000090f00000, 0x0000000090f00000, 0x0000000091000000|  0%| F|  |TAMS 0x0000000090f00000, 0x0000000090f00000| Untracked 
| 196|0x0000000091000000, 0x0000000091000000, 0x0000000091100000|  0%| F|  |TAMS 0x0000000091000000, 0x0000000091000000| Untracked 
| 197|0x0000000091100000, 0x0000000091100000, 0x0000000091200000|  0%| F|  |TAMS 0x0000000091100000, 0x0000000091100000| Untracked 
| 198|0x0000000091200000, 0x0000000091200000, 0x0000000091300000|  0%| F|  |TAMS 0x0000000091200000, 0x0000000091200000| Untracked 
| 199|0x0000000091300000, 0x0000000091300000, 0x0000000091400000|  0%| F|  |TAMS 0x0000000091300000, 0x0000000091300000| Untracked 
| 200|0x0000000091400000, 0x0000000091400000, 0x0000000091500000|  0%| F|  |TAMS 0x0000000091400000, 0x0000000091400000| Untracked 
| 201|0x0000000091500000, 0x0000000091500000, 0x0000000091600000|  0%| F|  |TAMS 0x0000000091500000, 0x0000000091500000| Untracked 
| 202|0x0000000091600000, 0x000000009161d028, 0x0000000091700000| 11%| O|  |TAMS 0x000000009161d028, 0x000000009161d028| Untracked 
| 203|0x0000000091700000, 0x0000000091700000, 0x0000000091800000|  0%| F|  |TAMS 0x0000000091700000, 0x0000000091700000| Untracked 
| 204|0x0000000091800000, 0x0000000091800000, 0x0000000091900000|  0%| F|  |TAMS 0x0000000091800000, 0x0000000091800000| Untracked 
| 205|0x0000000091900000, 0x0000000091900000, 0x0000000091a00000|  0%| F|  |TAMS 0x0000000091900000, 0x0000000091900000| Untracked 
| 206|0x0000000091a00000, 0x0000000091a00000, 0x0000000091b00000|  0%| F|  |TAMS 0x0000000091a00000, 0x0000000091a00000| Untracked 
| 207|0x0000000091b00000, 0x0000000091b00000, 0x0000000091c00000|  0%| F|  |TAMS 0x0000000091b00000, 0x0000000091b00000| Untracked 
| 208|0x0000000091c00000, 0x0000000091c00000, 0x0000000091d00000|  0%| F|  |TAMS 0x0000000091c00000, 0x0000000091c00000| Untracked 
| 209|0x0000000091d00000, 0x0000000091d00000, 0x0000000091e00000|  0%| F|  |TAMS 0x0000000091d00000, 0x0000000091d00000| Untracked 
| 210|0x0000000091e00000, 0x0000000091e00000, 0x0000000091f00000|  0%| F|  |TAMS 0x0000000091e00000, 0x0000000091e00000| Untracked 
| 211|0x0000000091f00000, 0x0000000091f00000, 0x0000000092000000|  0%| F|  |TAMS 0x0000000091f00000, 0x0000000091f00000| Untracked 
| 212|0x0000000092000000, 0x0000000092000000, 0x0000000092100000|  0%| F|  |TAMS 0x0000000092000000, 0x0000000092000000| Untracked 
| 213|0x0000000092100000, 0x0000000092100000, 0x0000000092200000|  0%| F|  |TAMS 0x0000000092100000, 0x0000000092100000| Untracked 
| 214|0x0000000092200000, 0x0000000092200000, 0x0000000092300000|  0%| F|  |TAMS 0x0000000092200000, 0x0000000092200000| Untracked 
| 215|0x0000000092300000, 0x0000000092300000, 0x0000000092400000|  0%| F|  |TAMS 0x0000000092300000, 0x0000000092300000| Untracked 
| 216|0x0000000092400000, 0x0000000092400000, 0x0000000092500000|  0%| F|  |TAMS 0x0000000092400000, 0x0000000092400000| Untracked 
| 217|0x0000000092500000, 0x0000000092500000, 0x0000000092600000|  0%| F|  |TAMS 0x0000000092500000, 0x0000000092500000| Untracked 
| 218|0x0000000092600000, 0x0000000092600000, 0x0000000092700000|  0%| F|  |TAMS 0x0000000092600000, 0x0000000092600000| Untracked 
| 219|0x0000000092700000, 0x0000000092700000, 0x0000000092800000|  0%| F|  |TAMS 0x0000000092700000, 0x0000000092700000| Untracked 
| 220|0x0000000092800000, 0x0000000092800000, 0x0000000092900000|  0%| F|  |TAMS 0x0000000092800000, 0x0000000092800000| Untracked 
| 221|0x0000000092900000, 0x0000000092900000, 0x0000000092a00000|  0%| F|  |TAMS 0x0000000092900000, 0x0000000092900000| Untracked 
| 222|0x0000000092a00000, 0x0000000092a00000, 0x0000000092b00000|  0%| F|  |TAMS 0x0000000092a00000, 0x0000000092a00000| Untracked 
| 223|0x0000000092b00000, 0x0000000092b00000, 0x0000000092c00000|  0%| F|  |TAMS 0x0000000092b00000, 0x0000000092b00000| Untracked 
| 224|0x0000000092c00000, 0x0000000092c00000, 0x0000000092d00000|  0%| F|  |TAMS 0x0000000092c00000, 0x0000000092c00000| Untracked 
| 225|0x0000000092d00000, 0x0000000092d00000, 0x0000000092e00000|  0%| F|  |TAMS 0x0000000092d00000, 0x0000000092d00000| Untracked 
| 226|0x0000000092e00000, 0x0000000092e00000, 0x0000000092f00000|  0%| F|  |TAMS 0x0000000092e00000, 0x0000000092e00000| Untracked 
| 227|0x0000000092f00000, 0x0000000092f00000, 0x0000000093000000|  0%| F|  |TAMS 0x0000000092f00000, 0x0000000092f00000| Untracked 
| 228|0x0000000093000000, 0x0000000093000000, 0x0000000093100000|  0%| F|  |TAMS 0x0000000093000000, 0x0000000093000000| Untracked 
| 229|0x0000000093100000, 0x0000000093100000, 0x0000000093200000|  0%| F|  |TAMS 0x0000000093100000, 0x0000000093100000| Untracked 
| 230|0x0000000093200000, 0x0000000093200000, 0x0000000093300000|  0%| F|  |TAMS 0x0000000093200000, 0x0000000093200000| Untracked 
| 231|0x0000000093300000, 0x0000000093300000, 0x0000000093400000|  0%| F|  |TAMS 0x0000000093300000, 0x0000000093300000| Untracked 
| 232|0x0000000093400000, 0x0000000093400000, 0x0000000093500000|  0%| F|  |TAMS 0x0000000093400000, 0x0000000093400000| Untracked 
| 233|0x0000000093500000, 0x0000000093500000, 0x0000000093600000|  0%| F|  |TAMS 0x0000000093500000, 0x0000000093500000| Untracked 
| 234|0x0000000093600000, 0x0000000093600000, 0x0000000093700000|  0%| F|  |TAMS 0x0000000093600000, 0x0000000093600000| Untracked 
| 235|0x0000000093700000, 0x0000000093700000, 0x0000000093800000|  0%| F|  |TAMS 0x0000000093700000, 0x0000000093700000| Untracked 
| 236|0x0000000093800000, 0x0000000093800000, 0x0000000093900000|  0%| F|  |TAMS 0x0000000093800000, 0x0000000093800000| Untracked 
| 237|0x0000000093900000, 0x0000000093900000, 0x0000000093a00000|  0%| F|  |TAMS 0x0000000093900000, 0x0000000093900000| Untracked 
| 238|0x0000000093a00000, 0x0000000093a00000, 0x0000000093b00000|  0%| F|  |TAMS 0x0000000093a00000, 0x0000000093a00000| Untracked 
| 239|0x0000000093b00000, 0x0000000093b00000, 0x0000000093c00000|  0%| F|  |TAMS 0x0000000093b00000, 0x0000000093b00000| Untracked 
| 240|0x0000000093c00000, 0x0000000093c00000, 0x0000000093d00000|  0%| F|  |TAMS 0x0000000093c00000, 0x0000000093c00000| Untracked 
| 241|0x0000000093d00000, 0x0000000093d00000, 0x0000000093e00000|  0%| F|  |TAMS 0x0000000093d00000, 0x0000000093d00000| Untracked 
| 242|0x0000000093e00000, 0x0000000093e00000, 0x0000000093f00000|  0%| F|  |TAMS 0x0000000093e00000, 0x0000000093e00000| Untracked 
| 243|0x0000000093f00000, 0x0000000093f00000, 0x0000000094000000|  0%| F|  |TAMS 0x0000000093f00000, 0x0000000093f00000| Untracked 
| 244|0x0000000094000000, 0x0000000094000000, 0x0000000094100000|  0%| F|  |TAMS 0x0000000094000000, 0x0000000094000000| Untracked 
| 245|0x0000000094100000, 0x0000000094100000, 0x0000000094200000|  0%| F|  |TAMS 0x0000000094100000, 0x0000000094100000| Untracked 
| 246|0x0000000094200000, 0x0000000094200000, 0x0000000094300000|  0%| F|  |TAMS 0x0000000094200000, 0x0000000094200000| Untracked 
| 247|0x0000000094300000, 0x0000000094300000, 0x0000000094400000|  0%| F|  |TAMS 0x0000000094300000, 0x0000000094300000| Untracked 
| 248|0x0000000094400000, 0x0000000094400000, 0x0000000094500000|  0%| F|  |TAMS 0x0000000094400000, 0x0000000094400000| Untracked 
| 249|0x0000000094500000, 0x0000000094500000, 0x0000000094600000|  0%| F|  |TAMS 0x0000000094500000, 0x0000000094500000| Untracked 
| 250|0x0000000094600000, 0x0000000094600000, 0x0000000094700000|  0%| F|  |TAMS 0x0000000094600000, 0x0000000094600000| Untracked 
| 251|0x0000000094700000, 0x0000000094700000, 0x0000000094800000|  0%| F|  |TAMS 0x0000000094700000, 0x0000000094700000| Untracked 
| 252|0x0000000094800000, 0x0000000094800000, 0x0000000094900000|  0%| F|  |TAMS 0x0000000094800000, 0x0000000094800000| Untracked 
| 253|0x0000000094900000, 0x0000000094900000, 0x0000000094a00000|  0%| F|  |TAMS 0x0000000094900000, 0x0000000094900000| Untracked 
| 254|0x0000000094a00000, 0x0000000094a00000, 0x0000000094b00000|  0%| F|  |TAMS 0x0000000094a00000, 0x0000000094a00000| Untracked 
| 255|0x0000000094b00000, 0x0000000094b00000, 0x0000000094c00000|  0%| F|  |TAMS 0x0000000094b00000, 0x0000000094b00000| Untracked 
| 468|0x00000000a2000000, 0x00000000a2000000, 0x00000000a2100000|  0%| F|  |TAMS 0x00000000a2000000, 0x00000000a2000000| Untracked 

Card table byte_map: [0x000001b81e600000,0x000001b81e9e0000] _byte_map_base: 0x000001b81e1da000

Marking Bits (Prev, Next): (CMBitMap*) 0x000001b8076d0ee0, (CMBitMap*) 0x000001b8076d0ea0
 Prev Bits: [0x000001b820c90000, 0x000001b822b60000)
 Next Bits: [0x000001b81edc0000, 0x000001b820c90000)

Polling page: 0x000001b805590000

Metaspace:

Usage:
  Non-class:    110.79 MB used.
      Class:     15.08 MB used.
       Both:    125.88 MB used.

Virtual space:
  Non-class space:      128.00 MB reserved,     111.31 MB ( 87%) committed,  2 nodes.
      Class space:        1.00 GB reserved,      15.50 MB (  2%) committed,  1 nodes.
             Both:        1.12 GB reserved,     126.81 MB ( 11%) committed. 

Chunk freelists:
   Non-Class:  112.00 KB
       Class:  512.00 KB
        Both:  624.00 KB

MaxMetaspaceSize: unlimited
CompressedClassSpaceSize: 1.00 GB
Initial GC threshold: 21.00 MB
Current GC threshold: 210.75 MB
CDS: on
MetaspaceReclaimPolicy: balanced
 - commit_granule_bytes: 65536.
 - commit_granule_words: 8192.
 - virtual_space_node_default_size: 8388608.
 - enlarge_chunks_in_place: 1.
 - new_chunks_are_fully_committed: 0.
 - uncommit_free_chunks: 1.
 - use_allocation_guard: 0.
 - handle_deallocations: 1.


Internal statistics:

num_allocs_failed_limit: 6.
num_arena_births: 2188.
num_arena_deaths: 828.
num_vsnodes_births: 3.
num_vsnodes_deaths: 0.
num_space_committed: 2029.
num_space_uncommitted: 0.
num_chunks_returned_to_freelist: 1055.
num_chunks_taken_from_freelist: 8180.
num_chunk_merges: 291.
num_chunk_splits: 4876.
num_chunks_enlarged: 3142.
num_inconsistent_stats: 0.

CodeHeap 'non-profiled nmethods': size=120000Kb used=20022Kb max_used=20022Kb free=99977Kb
 bounds [0x000001b8169c0000, 0x000001b817d50000, 0x000001b81def0000]
CodeHeap 'profiled nmethods': size=120000Kb used=43587Kb max_used=43587Kb free=76412Kb
 bounds [0x000001b80eef0000, 0x000001b811990000, 0x000001b816420000]
CodeHeap 'non-nmethods': size=5760Kb used=1441Kb max_used=1516Kb free=4319Kb
 bounds [0x000001b816420000, 0x000001b816690000, 0x000001b8169c0000]
 total_blobs=22968 nmethods=22193 adapters=685
 compilation: enabled
              stopped_count=0, restarted_count=0
 full_count=0

Compilation events (20 events):
Event: 36834.656 Thread 0x000001b8255ac1d0 29168       3       org.springframework.boot.actuate.endpoint.jmx.MBeanInfoFactory::getMBeanOperation (66 bytes)
Event: 36834.658 Thread 0x000001b8255ac1d0 nmethod 29168 0x000001b811980d10 code [0x000001b811981020, 0x000001b811982428]
Event: 36834.658 Thread 0x000001b8255ac1d0 29169       3       org.springframework.boot.actuate.endpoint.annotation.AbstractDiscoveredOperation::getType (8 bytes)
Event: 36834.658 Thread 0x000001b8255ac1d0 nmethod 29169 0x000001b811982c10 code [0x000001b811982da0, 0x000001b811982f58]
Event: 36834.662 Thread 0x000001b8255aabf0 29170       4       java.util.WeakHashMap::transfer (104 bytes)
Event: 36834.669 Thread 0x000001b8255aabf0 nmethod 29170 0x000001b817d48810 code [0x000001b817d489a0, 0x000001b817d48d38]
Event: 36834.670 Thread 0x000001b8255ac1d0 29171       3       io.micrometer.core.instrument.binder.jvm.JvmMemory::isHeap (13 bytes)
Event: 36834.670 Thread 0x000001b8255ac1d0 nmethod 29171 0x000001b811983010 code [0x000001b8119831c0, 0x000001b811983478]
Event: 36834.671 Thread 0x000001b8255aabf0 29172       4       org.springframework.boot.context.properties.ConfigurationPropertiesBean::findAnnotation (90 bytes)
Event: 36834.698 Thread 0x000001b8255aabf0 nmethod 29172 0x000001b817d48f10 code [0x000001b817d491c0, 0x000001b817d4a040]
Event: 36834.698 Thread 0x000001b8255aabf0 29173       4       java.util.LinkedHashSet::<init> (27 bytes)
Event: 36834.702 Thread 0x000001b8255aabf0 nmethod 29173 0x000001b817d4ad90 code [0x000001b817d4af40, 0x000001b817d4b268]
Event: 36834.702 Thread 0x000001b8255aabf0 29174       4       org.springframework.aop.aspectj.AspectJProxyUtils::makeAdvisorChainAspectJCapableIfNecessary (82 bytes)
Event: 36834.705 Thread 0x000001b8255aabf0 nmethod 29174 0x000001b817d4b590 code [0x000001b817d4b740, 0x000001b817d4b958]
Event: 36834.718 Thread 0x000001b8255aabf0 29175       4       org.springframework.transaction.interceptor.TransactionAttributeSourcePointcut$TransactionAttributeSourceClassFilter::matches (61 bytes)
Event: 36834.737 Thread 0x000001b8255aabf0 nmethod 29175 0x000001b817d4bc10 code [0x000001b817d4be20, 0x000001b817d4cb98]
Event: 36834.737 Thread 0x000001b8255aabf0 29176       4       org.aspectj.weaver.UnresolvedType::forGenericTypeVariables (32 bytes)
Event: 36834.739 Thread 0x000001b8255aabf0 nmethod 29176 0x000001b817d4d490 code [0x000001b817d4d620, 0x000001b817d4da08]
Event: 36834.779 Thread 0x000001b8255ac1d0 29177   !   3       jdk.proxy2.$Proxy191::annotationType (29 bytes)
Event: 36834.780 Thread 0x000001b8255ac1d0 nmethod 29177 0x000001b811983590 code [0x000001b811983760, 0x000001b811983b58]

GC Heap History (20 events):
Event: 36818.608 GC heap after
{Heap after GC invocations=250 (full 10):
 garbage-first heap   total 249856K, used 98980K [0x0000000084c00000, 0x0000000100000000)
  region size 1024K, 0 young (0K), 0 survivors (0K)
 Metaspace       used 124736K, committed 125696K, reserved 1179648K
  class space    used 15115K, committed 15552K, reserved 1048576K
}
Event: 36822.052 GC heap before
{Heap before GC invocations=250 (full 10):
 garbage-first heap   total 249856K, used 208548K [0x0000000084c00000, 0x0000000100000000)
  region size 1024K, 107 young (109568K), 0 survivors (0K)
 Metaspace       used 125288K, committed 126208K, reserved 1179648K
  class space    used 15164K, committed 15616K, reserved 1048576K
}
Event: 36822.064 GC heap after
{Heap after GC invocations=251 (full 10):
 garbage-first heap   total 249856K, used 106366K [0x0000000084c00000, 0x0000000100000000)
  region size 1024K, 8 young (8192K), 8 survivors (8192K)
 Metaspace       used 125288K, committed 126208K, reserved 1179648K
  class space    used 15164K, committed 15616K, reserved 1048576K
}
Event: 36823.313 GC heap before
{Heap before GC invocations=252 (full 10):
 garbage-first heap   total 249856K, used 207742K [0x0000000084c00000, 0x0000000100000000)
  region size 1024K, 107 young (109568K), 8 survivors (8192K)
 Metaspace       used 125880K, committed 126784K, reserved 1179648K
  class space    used 15212K, committed 15680K, reserved 1048576K
}
Event: 36823.332 GC heap after
{Heap after GC invocations=253 (full 10):
 garbage-first heap   total 249856K, used 109901K [0x0000000084c00000, 0x0000000100000000)
  region size 1024K, 11 young (11264K), 11 survivors (11264K)
 Metaspace       used 125880K, committed 126784K, reserved 1179648K
  class space    used 15212K, committed 15680K, reserved 1048576K
}
Event: 36823.667 GC heap before
{Heap before GC invocations=253 (full 10):
 garbage-first heap   total 249856K, used 208205K [0x0000000084c00000, 0x0000000100000000)
  region size 1024K, 107 young (109568K), 11 survivors (11264K)
 Metaspace       used 126319K, committed 127232K, reserved 1179648K
  class space    used 15242K, committed 15680K, reserved 1048576K
}
Event: 36823.720 GC heap after
{Heap after GC invocations=254 (full 10):
 garbage-first heap   total 249856K, used 112413K [0x0000000084c00000, 0x0000000100000000)
  region size 1024K, 8 young (8192K), 8 survivors (8192K)
 Metaspace       used 126319K, committed 127232K, reserved 1179648K
  class space    used 15242K, committed 15680K, reserved 1048576K
}
Event: 36824.775 GC heap before
{Heap before GC invocations=255 (full 10):
 garbage-first heap   total 249856K, used 208669K [0x0000000084c00000, 0x0000000100000000)
  region size 1024K, 102 young (104448K), 8 survivors (8192K)
 Metaspace       used 126788K, committed 127744K, reserved 1179648K
  class space    used 15277K, committed 15744K, reserved 1048576K
}
Event: 36824.786 GC heap after
{Heap after GC invocations=256 (full 10):
 garbage-first heap   total 249856K, used 114700K [0x0000000084c00000, 0x0000000100000000)
  region size 1024K, 10 young (10240K), 10 survivors (10240K)
 Metaspace       used 126788K, committed 127744K, reserved 1179648K
  class space    used 15277K, committed 15744K, reserved 1048576K
}
Event: 36830.305 GC heap before
{Heap before GC invocations=256 (full 10):
 garbage-first heap   total 249856K, used 194572K [0x0000000084c00000, 0x0000000100000000)
  region size 1024K, 89 young (91136K), 10 survivors (10240K)
 Metaspace       used 126832K, committed 127744K, reserved 1179648K
  class space    used 15281K, committed 15744K, reserved 1048576K
}
Event: 36830.553 GC heap after
{Heap after GC invocations=257 (full 11):
 garbage-first heap   total 249856K, used 105854K [0x0000000084c00000, 0x0000000100000000)
  region size 1024K, 0 young (0K), 0 survivors (0K)
 Metaspace       used 126813K, committed 127744K, reserved 1179648K
  class space    used 15278K, committed 15744K, reserved 1048576K
}
Event: 36831.852 GC heap before
{Heap before GC invocations=257 (full 11):
 garbage-first heap   total 249856K, used 208254K [0x0000000084c00000, 0x0000000100000000)
  region size 1024K, 100 young (102400K), 0 survivors (0K)
 Metaspace       used 127367K, committed 128320K, reserved 1179648K
  class space    used 15327K, committed 15808K, reserved 1048576K
}
Event: 36831.859 GC heap after
{Heap after GC invocations=258 (full 11):
 garbage-first heap   total 249856K, used 112634K [0x0000000084c00000, 0x0000000100000000)
  region size 1024K, 7 young (7168K), 7 survivors (7168K)
 Metaspace       used 127367K, committed 128320K, reserved 1179648K
  class space    used 15327K, committed 15808K, reserved 1048576K
}
Event: 36832.732 GC heap before
{Heap before GC invocations=259 (full 11):
 garbage-first heap   total 249856K, used 206842K [0x0000000084c00000, 0x0000000100000000)
  region size 1024K, 99 young (101376K), 7 survivors (7168K)
 Metaspace       used 127886K, committed 128832K, reserved 1179648K
  class space    used 15373K, committed 15808K, reserved 1048576K
}
Event: 36832.740 GC heap after
{Heap after GC invocations=260 (full 11):
 garbage-first heap   total 249856K, used 116760K [0x0000000084c00000, 0x0000000100000000)
  region size 1024K, 11 young (11264K), 11 survivors (11264K)
 Metaspace       used 127886K, committed 128832K, reserved 1179648K
  class space    used 15373K, committed 15808K, reserved 1048576K
}
Event: 36833.049 GC heap before
{Heap before GC invocations=260 (full 11):
 garbage-first heap   total 249856K, used 206872K [0x0000000084c00000, 0x0000000100000000)
  region size 1024K, 99 young (101376K), 11 survivors (11264K)
 Metaspace       used 128265K, committed 129216K, reserved 1179648K
  class space    used 15400K, committed 15872K, reserved 1048576K
}
Event: 36833.410 GC heap after
{Heap after GC invocations=261 (full 11):
 garbage-first heap   total 249856K, used 118608K [0x0000000084c00000, 0x0000000100000000)
  region size 1024K, 7 young (7168K), 7 survivors (7168K)
 Metaspace       used 128265K, committed 129216K, reserved 1179648K
  class space    used 15400K, committed 15872K, reserved 1048576K
}
Event: 36833.931 GC heap before
{Heap before GC invocations=262 (full 11):
 garbage-first heap   total 263168K, used 206672K [0x0000000084c00000, 0x0000000100000000)
  region size 1024K, 93 young (95232K), 7 survivors (7168K)
 Metaspace       used 128835K, committed 129792K, reserved 1179648K
  class space    used 15439K, committed 15872K, reserved 1048576K
}
Event: 36833.942 GC heap after
{Heap after GC invocations=263 (full 11):
 garbage-first heap   total 263168K, used 120419K [0x0000000084c00000, 0x0000000100000000)
  region size 1024K, 9 young (9216K), 9 survivors (9216K)
 Metaspace       used 128835K, committed 129792K, reserved 1179648K
  class space    used 15439K, committed 15872K, reserved 1048576K
}
Event: 36834.804 GC heap before
{Heap before GC invocations=263 (full 11):
 garbage-first heap   total 263168K, used 219747K [0x0000000084c00000, 0x0000000100000000)
  region size 1024K, 106 young (108544K), 9 survivors (9216K)
 Metaspace       used 128897K, committed 129856K, reserved 1179648K
  class space    used 15443K, committed 15872K, reserved 1048576K
}

Deoptimization events (20 events):
Event: 36830.771 Thread 0x000001b86f55e880 DEOPT PACKING pc=0x000001b817c8b1f0 sp=0x0000000379cfe140
Event: 36830.771 Thread 0x000001b86f55e880 DEOPT UNPACKING pc=0x000001b816475ba3 sp=0x0000000379cfe0b8 mode 2
Event: 36830.773 Thread 0x000001b86f55e880 Uncommon trap: trap_request=0xffffffbe fr.pc=0x000001b817c8b1f0 relative=0x0000000000002010
Event: 36830.773 Thread 0x000001b86f55e880 Uncommon trap: reason=profile_predicate action=maybe_recompile pc=0x000001b817c8b1f0 method=org.springframework.context.annotation.ConfigurationClassUtils.isConfigurationCandidate(Lorg/springframework/core/type/AnnotationMetadata;)Z @ 26 c2
Event: 36830.773 Thread 0x000001b86f55e880 DEOPT PACKING pc=0x000001b817c8b1f0 sp=0x0000000379cfe140
Event: 36830.773 Thread 0x000001b86f55e880 DEOPT UNPACKING pc=0x000001b816475ba3 sp=0x0000000379cfe0b8 mode 2
Event: 36830.773 Thread 0x000001b86f55e880 Uncommon trap: trap_request=0xffffffbe fr.pc=0x000001b817c8b1f0 relative=0x0000000000002010
Event: 36830.773 Thread 0x000001b86f55e880 Uncommon trap: reason=profile_predicate action=maybe_recompile pc=0x000001b817c8b1f0 method=org.springframework.context.annotation.ConfigurationClassUtils.isConfigurationCandidate(Lorg/springframework/core/type/AnnotationMetadata;)Z @ 26 c2
Event: 36830.773 Thread 0x000001b86f55e880 DEOPT PACKING pc=0x000001b817c8b1f0 sp=0x0000000379cfe140
Event: 36830.773 Thread 0x000001b86f55e880 DEOPT UNPACKING pc=0x000001b816475ba3 sp=0x0000000379cfe0b8 mode 2
Event: 36832.041 Thread 0x000001b86f55e880 Uncommon trap: trap_request=0xfffffff4 fr.pc=0x000001b817d003fc relative=0x00000000000000dc
Event: 36832.041 Thread 0x000001b86f55e880 Uncommon trap: reason=null_check action=make_not_entrant pc=0x000001b817d003fc method=org.hibernate.annotations.common.reflection.java.generics.TypeUtils.isCollectionClass(Ljava/lang/Class;)Z @ 3 c2
Event: 36832.041 Thread 0x000001b86f55e880 DEOPT PACKING pc=0x000001b817d003fc sp=0x0000000379cfd2f0
Event: 36832.041 Thread 0x000001b86f55e880 DEOPT UNPACKING pc=0x000001b816475ba3 sp=0x0000000379cfd1b0 mode 2
Event: 36832.725 Thread 0x000001b86f55e880 DEOPT PACKING pc=0x000001b810d4f9d8 sp=0x0000000379cfbf20
Event: 36832.725 Thread 0x000001b86f55e880 DEOPT UNPACKING pc=0x000001b8164766e3 sp=0x0000000379cfb420 mode 0
Event: 36832.761 Thread 0x000001b86f55e880 DEOPT PACKING pc=0x000001b80fcc9432 sp=0x0000000379cfb5d0
Event: 36832.762 Thread 0x000001b86f55e880 DEOPT UNPACKING pc=0x000001b8164766e3 sp=0x0000000379cfaac8 mode 0
Event: 36834.662 Thread 0x000001b86f55e880 DEOPT PACKING pc=0x000001b81124ebc6 sp=0x0000000379cfd7e0
Event: 36834.662 Thread 0x000001b86f55e880 DEOPT UNPACKING pc=0x000001b8164766e3 sp=0x0000000379cfccb8 mode 0

Classes unloaded (20 events):
Event: 36704.573 Thread 0x000001b82557a2b0 Unloading class 0x000001b82732d400 'jdk/internal/reflect/GeneratedSerializationConstructorAccessor59'
Event: 36704.573 Thread 0x000001b82557a2b0 Unloading class 0x000001b82732d000 'jdk/internal/reflect/GeneratedSerializationConstructorAccessor58'
Event: 36704.573 Thread 0x000001b82557a2b0 Unloading class 0x000001b827d44400 'jdk/internal/reflect/GeneratedSerializationConstructorAccessor57'
Event: 36704.573 Thread 0x000001b82557a2b0 Unloading class 0x000001b827d44000 'jdk/internal/reflect/GeneratedSerializationConstructorAccessor56'
Event: 36704.574 Thread 0x000001b82557a2b0 Unloading class 0x000001b827d4cc00 'jdk/internal/reflect/GeneratedSerializationConstructorAccessor55'
Event: 36704.574 Thread 0x000001b82557a2b0 Unloading class 0x000001b827d4c800 'jdk/internal/reflect/GeneratedSerializationConstructorAccessor54'
Event: 36704.574 Thread 0x000001b82557a2b0 Unloading class 0x000001b827328c00 'jdk/internal/reflect/GeneratedSerializationConstructorAccessor53'
Event: 36704.574 Thread 0x000001b82557a2b0 Unloading class 0x000001b827328800 'jdk/internal/reflect/GeneratedSerializationConstructorAccessor52'
Event: 36816.972 Thread 0x000001b82557a2b0 Unloading class 0x000001b827f2c400 'jdk/internal/reflect/GeneratedSerializationConstructorAccessor116'
Event: 36816.973 Thread 0x000001b82557a2b0 Unloading class 0x000001b827f2c000 'jdk/internal/reflect/GeneratedSerializationConstructorAccessor115'
Event: 36816.974 Thread 0x000001b82557a2b0 Unloading class 0x000001b827f24800 'jdk/internal/reflect/GeneratedSerializationConstructorAccessor114'
Event: 36816.974 Thread 0x000001b82557a2b0 Unloading class 0x000001b827f24400 'jdk/internal/reflect/GeneratedSerializationConstructorAccessor113'
Event: 36816.974 Thread 0x000001b82557a2b0 Unloading class 0x000001b827f24000 'jdk/internal/reflect/GeneratedSerializationConstructorAccessor112'
Event: 36816.975 Thread 0x000001b82557a2b0 Unloading class 0x000001b827f1c400 'jdk/internal/reflect/GeneratedSerializationConstructorAccessor111'
Event: 36830.358 Thread 0x000001b82557a2b0 Unloading class 0x000001b827f54400 'jdk/internal/reflect/GeneratedSerializationConstructorAccessor122'
Event: 36830.358 Thread 0x000001b82557a2b0 Unloading class 0x000001b827f54000 'jdk/internal/reflect/GeneratedSerializationConstructorAccessor121'
Event: 36830.358 Thread 0x000001b82557a2b0 Unloading class 0x000001b827f4cc00 'jdk/internal/reflect/GeneratedSerializationConstructorAccessor120'
Event: 36830.358 Thread 0x000001b82557a2b0 Unloading class 0x000001b827f4c800 'jdk/internal/reflect/GeneratedSerializationConstructorAccessor119'
Event: 36830.358 Thread 0x000001b82557a2b0 Unloading class 0x000001b827f4c400 'jdk/internal/reflect/GeneratedSerializationConstructorAccessor118'
Event: 36830.358 Thread 0x000001b82557a2b0 Unloading class 0x000001b827f44400 'jdk/internal/reflect/GeneratedSerializationConstructorAccessor117'

Classes redefined (0 events):
No events

Internal exceptions (20 events):
Event: 36831.565 Thread 0x000001b86f55e880 Exception <a 'java/lang/NoClassDefFoundError'{0x000000008fecd670}: org/springframework/batch/core/repository/JobRepository> (0x000000008fecd670) 
thrown [s\open\src\hotspot\share\oops\constantPool.cpp, line 835]
Event: 36831.565 Thread 0x000001b86f55e880 Exception <a 'java/lang/NoClassDefFoundError'{0x000000008fecdcb8}: org/quartz/Scheduler> (0x000000008fecdcb8) 
thrown [s\open\src\hotspot\share\oops\constantPool.cpp, line 835]
Event: 36831.565 Thread 0x000001b86f55e880 Exception <a 'java/lang/NoClassDefFoundError'{0x000000008fece328}: org/springframework/session/jdbc/JdbcIndexedSessionRepository> (0x000000008fece328) 
thrown [s\open\src\hotspot\share\oops\constantPool.cpp, line 835]
Event: 36831.570 Thread 0x000001b86f55e880 Exception <a 'java/lang/NoClassDefFoundError'{0x000000008fd69670}: org/jooq/DSLContext> (0x000000008fd69670) 
thrown [s\open\src\hotspot\share\oops\constantPool.cpp, line 835]
Event: 36831.589 Thread 0x000001b86f55e880 Exception <a 'java/lang/ArrayIndexOutOfBoundsException'{0x000000008fb908a8}> (0x000000008fb908a8) 
thrown [s\open\src\hotspot\share\runtime\sharedRuntime.cpp, line 631]
Event: 36831.589 Thread 0x000001b86f55e880 Exception <a 'java/lang/ArrayIndexOutOfBoundsException'{0x000000008fb90e70}> (0x000000008fb90e70) 
thrown [s\open\src\hotspot\share\runtime\sharedRuntime.cpp, line 631]
Event: 36831.593 Thread 0x000001b86f55e880 Exception <a 'java/lang/ArrayIndexOutOfBoundsException'{0x000000008fbe0588}> (0x000000008fbe0588) 
thrown [s\open\src\hotspot\share\runtime\sharedRuntime.cpp, line 631]
Event: 36831.593 Thread 0x000001b86f55e880 Exception <a 'java/lang/ArrayIndexOutOfBoundsException'{0x000000008fbe0b50}> (0x000000008fbe0b50) 
thrown [s\open\src\hotspot\share\runtime\sharedRuntime.cpp, line 631]
Event: 36831.702 Thread 0x000001b86f55e880 Exception <a 'sun/nio/fs/WindowsException'{0x000000008ea340d8}> (0x000000008ea340d8) 
thrown [s\open\src\hotspot\share\prims\jni.cpp, line 516]
Event: 36831.703 Thread 0x000001b86f55e880 Exception <a 'sun/nio/fs/WindowsException'{0x000000008ea346d0}> (0x000000008ea346d0) 
thrown [s\open\src\hotspot\share\prims\jni.cpp, line 516]
Event: 36831.703 Thread 0x000001b86f55e880 Exception <a 'sun/nio/fs/WindowsException'{0x000000008ea34da8}> (0x000000008ea34da8) 
thrown [s\open\src\hotspot\share\prims\jni.cpp, line 516]
Event: 36831.719 Thread 0x000001b86f55e880 Exception <a 'java/io/FileNotFoundException'{0x000000008ea8a160}> (0x000000008ea8a160) 
thrown [s\open\src\hotspot\share\prims\jni.cpp, line 516]
Event: 36831.719 Thread 0x000001b86f55e880 Exception <a 'java/io/FileNotFoundException'{0x000000008ea8b2e8}> (0x000000008ea8b2e8) 
thrown [s\open\src\hotspot\share\prims\jni.cpp, line 516]
Event: 36831.719 Thread 0x000001b86f55e880 Exception <a 'java/io/FileNotFoundException'{0x000000008ea8c488}> (0x000000008ea8c488) 
thrown [s\open\src\hotspot\share\prims\jni.cpp, line 516]
Event: 36831.831 Thread 0x000001b86f55e880 Exception <a 'java/io/FileNotFoundException'{0x000000008dc88d48}> (0x000000008dc88d48) 
thrown [s\open\src\hotspot\share\prims\jni.cpp, line 516]
Event: 36831.909 Thread 0x000001b86f55e880 Exception <a 'sun/nio/fs/WindowsException'{0x0000000093994048}> (0x0000000093994048) 
thrown [s\open\src\hotspot\share\prims\jni.cpp, line 516]
Event: 36831.913 Thread 0x000001b86f55e880 Exception <a 'sun/nio/fs/WindowsException'{0x00000000938ab150}> (0x00000000938ab150) 
thrown [s\open\src\hotspot\share\prims\jni.cpp, line 516]
Event: 36832.041 Thread 0x000001b86f55e880 Implicit null exception at 0x000001b817d00350 to 0x000001b817d003e8
Event: 36832.562 Thread 0x000001b86f55e880 Exception <a 'sun/nio/fs/WindowsException'{0x00000000908243d0}> (0x00000000908243d0) 
thrown [s\open\src\hotspot\share\prims\jni.cpp, line 516]
Event: 36832.567 Thread 0x000001b86f55e880 Exception <a 'sun/nio/fs/WindowsException'{0x000000009073b490}> (0x000000009073b490) 
thrown [s\open\src\hotspot\share\prims\jni.cpp, line 516]

VM Operations (20 events):
Event: 36830.553 Executing VM operation: G1CollectFull done
Event: 36831.556 Executing VM operation: Cleanup
Event: 36831.557 Executing VM operation: Cleanup done
Event: 36831.852 Executing VM operation: G1CollectForAllocation
Event: 36831.859 Executing VM operation: G1CollectForAllocation done
Event: 36832.009 Executing VM operation: G1Concurrent
Event: 36832.022 Executing VM operation: G1Concurrent done
Event: 36832.079 Executing VM operation: G1Concurrent
Event: 36832.079 Executing VM operation: G1Concurrent done
Event: 36832.732 Executing VM operation: G1CollectForAllocation
Event: 36832.740 Executing VM operation: G1CollectForAllocation done
Event: 36833.049 Executing VM operation: G1CollectForAllocation
Event: 36833.410 Executing VM operation: G1CollectForAllocation done
Event: 36833.574 Executing VM operation: G1Concurrent
Event: 36833.586 Executing VM operation: G1Concurrent done
Event: 36833.653 Executing VM operation: G1Concurrent
Event: 36833.654 Executing VM operation: G1Concurrent done
Event: 36833.931 Executing VM operation: G1CollectForAllocation
Event: 36833.942 Executing VM operation: G1CollectForAllocation done
Event: 36834.803 Executing VM operation: G1CollectForAllocation

Events (20 events):
Event: 36830.287 Thread 0x000001b8748a30d0 Thread exited: 0x000001b8748a30d0
Event: 36830.287 Thread 0x000001b8748a3af0 Thread exited: 0x000001b8748a3af0
Event: 36830.287 Thread 0x000001b8748a26b0 Thread exited: 0x000001b8748a26b0
Event: 36830.290 Thread 0x000001b87443daa0 Thread added: 0x000001b87443daa0
Event: 36830.290 Thread 0x000001b87443d590 Thread exited: 0x000001b87443d590
Event: 36830.295 Thread 0x000001b87443daa0 Thread exited: 0x000001b87443daa0
Event: 36830.303 Thread 0x000001b86f55e370 Thread exited: 0x000001b86f55e370
Event: 36830.303 Thread 0x000001b86f55d440 Thread exited: 0x000001b86f55d440
Event: 36830.303 Thread 0x000001b86f55ed90 Thread exited: 0x000001b86f55ed90
Event: 36830.554 Thread 0x000001b86f55de60 Thread added: 0x000001b86f55de60
Event: 36830.557 Thread 0x000001b86f55de60 Thread exited: 0x000001b86f55de60
Event: 36830.557 Thread 0x000001b86f55e880 Thread added: 0x000001b86f55e880
Event: 36830.792 Thread 0x000001b86f5bca80 Thread added: 0x000001b86f5bca80
Event: 36830.856 Thread 0x000001b86f5bca80 Thread exited: 0x000001b86f5bca80
Event: 36831.832 Thread 0x000001b86f5bd9b0 Thread added: 0x000001b86f5bd9b0
Event: 36831.833 Thread 0x000001b86f5bd4a0 Thread added: 0x000001b86f5bd4a0
Event: 36831.833 Thread 0x000001b86f5bc060 Thread added: 0x000001b86f5bc060
Event: 36832.029 Thread 0x000001b87443daa0 Thread added: 0x000001b87443daa0
Event: 36832.142 Thread 0x000001b874acf1c0 Thread added: 0x000001b874acf1c0
Event: 36834.803 Thread 0x000001b86f5bc570 Thread added: 0x000001b86f5bc570


Dynamic libraries:
0x00007ff7b6f70000 - 0x00007ff7b6f80000 	D:\downApp\bin\java.exe
0x00007fff55e50000 - 0x00007fff56067000 	C:\WINDOWS\SYSTEM32\ntdll.dll
0x00007fff54e70000 - 0x00007fff54f34000 	C:\WINDOWS\System32\KERNEL32.DLL
0x00007fff53350000 - 0x00007fff53722000 	C:\WINDOWS\System32\KERNELBASE.dll
0x00007fff53730000 - 0x00007fff53841000 	C:\WINDOWS\System32\ucrtbase.dll
0x00007fff416e0000 - 0x00007fff416f9000 	D:\downApp\bin\jli.dll
0x00007fff54db0000 - 0x00007fff54e61000 	C:\WINDOWS\System32\ADVAPI32.dll
0x00007fff55b10000 - 0x00007fff55bb7000 	C:\WINDOWS\System32\msvcrt.dll
0x00007fff543c0000 - 0x00007fff54468000 	C:\WINDOWS\System32\sechost.dll
0x00007fff538d0000 - 0x00007fff538f8000 	C:\WINDOWS\System32\bcrypt.dll
0x00007fff54f40000 - 0x00007fff55054000 	C:\WINDOWS\System32\RPCRT4.dll
0x00007fff55950000 - 0x00007fff55b01000 	C:\WINDOWS\System32\USER32.dll
0x00007fff52f40000 - 0x00007fff52f66000 	C:\WINDOWS\System32\win32u.dll
0x00007fff55d90000 - 0x00007fff55db9000 	C:\WINDOWS\System32\GDI32.dll
0x00007fff530e0000 - 0x00007fff53203000 	C:\WINDOWS\System32\gdi32full.dll
0x00007fff539c0000 - 0x00007fff53a5a000 	C:\WINDOWS\System32\msvcp_win.dll
0x00007fff360c0000 - 0x00007fff360db000 	D:\downApp\bin\VCRUNTIME140.dll
0x00007fff408a0000 - 0x00007fff40b3b000 	C:\WINDOWS\WinSxS\amd64_microsoft.windows.common-controls_6595b64144ccf1df_6.0.22621.5415_none_270d77d17387d7da\COMCTL32.dll
0x00007fff4cb50000 - 0x00007fff4cb5a000 	C:\WINDOWS\SYSTEM32\VERSION.dll
0x00007fff55dc0000 - 0x00007fff55df1000 	C:\WINDOWS\System32\IMM32.DLL
0x00007fff360b0000 - 0x00007fff360bc000 	D:\downApp\bin\vcruntime140_1.dll
0x00007fff360e0000 - 0x00007fff3616e000 	D:\downApp\bin\msvcp140.dll
0x00007ffe9b810000 - 0x00007ffe9c3f1000 	D:\downApp\bin\server\jvm.dll
0x00007fff55e00000 - 0x00007fff55e08000 	C:\WINDOWS\System32\PSAPI.DLL
0x00007fff46600000 - 0x00007fff46634000 	C:\WINDOWS\SYSTEM32\WINMM.dll
0x00007fff4c9a0000 - 0x00007fff4c9a9000 	C:\WINDOWS\SYSTEM32\WSOCK32.dll
0x00007fff55400000 - 0x00007fff55471000 	C:\WINDOWS\System32\WS2_32.dll
0x00007fff52020000 - 0x00007fff52038000 	C:\WINDOWS\SYSTEM32\kernel.appcore.dll
0x00007fff4cf50000 - 0x00007fff4cf5a000 	D:\downApp\bin\jimage.dll
0x00007fff50940000 - 0x00007fff50b73000 	C:\WINDOWS\SYSTEM32\DBGHELP.DLL
0x00007fff54010000 - 0x00007fff543a3000 	C:\WINDOWS\System32\combase.dll
0x00007fff55060000 - 0x00007fff55137000 	C:\WINDOWS\System32\OLEAUT32.dll
0x00007fff35af0000 - 0x00007fff35b22000 	C:\WINDOWS\SYSTEM32\dbgcore.DLL
0x00007fff53a60000 - 0x00007fff53adb000 	C:\WINDOWS\System32\bcryptPrimitives.dll
0x00007fff40750000 - 0x00007fff40775000 	D:\downApp\bin\java.dll
0x00007ffefdd10000 - 0x00007ffefdde7000 	D:\downApp\bin\jsvml.dll
0x00007fff54500000 - 0x00007fff54da2000 	C:\WINDOWS\System32\SHELL32.dll
0x00007fff53210000 - 0x00007fff5334f000 	C:\WINDOWS\System32\wintypes.dll
0x00007fff50e20000 - 0x00007fff5173e000 	C:\WINDOWS\SYSTEM32\windows.storage.dll
0x00007fff55530000 - 0x00007fff5563b000 	C:\WINDOWS\System32\SHCORE.dll
0x00007fff55640000 - 0x00007fff556a9000 	C:\WINDOWS\System32\shlwapi.dll
0x00007fff52e70000 - 0x00007fff52e9b000 	C:\WINDOWS\SYSTEM32\profapi.dll
0x00007fff40650000 - 0x00007fff40669000 	D:\downApp\bin\net.dll
0x00007fff4c200000 - 0x00007fff4c32c000 	C:\WINDOWS\SYSTEM32\WINHTTP.dll
0x00007fff52490000 - 0x00007fff524f9000 	C:\WINDOWS\system32\mswsock.dll
0x00007fff40630000 - 0x00007fff40646000 	D:\downApp\bin\nio.dll
0x00007fff40670000 - 0x00007fff40688000 	D:\downApp\bin\zip.dll
0x00007fff40740000 - 0x00007fff4074a000 	D:\downApp\bin\management.dll
0x00007fff40370000 - 0x00007fff4037b000 	D:\downApp\bin\management_ext.dll
0x00007fff2d820000 - 0x00007fff2d837000 	C:\WINDOWS\system32\napinsp.dll
0x00007fff232b0000 - 0x00007fff232cb000 	C:\WINDOWS\system32\pnrpnsp.dll
0x00007fff51a90000 - 0x00007fff51b88000 	C:\WINDOWS\SYSTEM32\DNSAPI.dll
0x00007fff51a60000 - 0x00007fff51a8d000 	C:\WINDOWS\SYSTEM32\IPHLPAPI.DLL
0x00007fff552e0000 - 0x00007fff552e9000 	C:\WINDOWS\System32\NSI.dll
0x00007fff23290000 - 0x00007fff232a1000 	C:\WINDOWS\System32\winrnr.dll
0x00007fff23270000 - 0x00007fff2328f000 	C:\WINDOWS\system32\wshbth.dll
0x00007fff23240000 - 0x00007fff23261000 	C:\WINDOWS\system32\nlansp_c.dll
0x00007fff40230000 - 0x00007fff4023a000 	C:\Windows\System32\rasadhlp.dll
0x00007fff4a780000 - 0x00007fff4a804000 	C:\WINDOWS\System32\fwpuclnt.dll
0x00007fff526d0000 - 0x00007fff526eb000 	C:\WINDOWS\SYSTEM32\CRYPTSP.dll
0x00007fff51f80000 - 0x00007fff51fb7000 	C:\WINDOWS\system32\rsaenh.dll
0x00007fff52540000 - 0x00007fff52568000 	C:\WINDOWS\SYSTEM32\USERENV.dll
0x00007fff526c0000 - 0x00007fff526cc000 	C:\WINDOWS\SYSTEM32\CRYPTBASE.dll
0x00007fff4cf70000 - 0x00007fff4cf89000 	C:\WINDOWS\SYSTEM32\dhcpcsvc6.DLL
0x00007fff4cb60000 - 0x00007fff4cb7f000 	C:\WINDOWS\SYSTEM32\dhcpcsvc.DLL
0x00007fff4c960000 - 0x00007fff4c970000 	D:\downApp\bin\verify.dll
0x00007fff40360000 - 0x00007fff4036e000 	D:\downApp\bin\sunmscapi.dll
0x00007fff52f70000 - 0x00007fff530d7000 	C:\WINDOWS\System32\CRYPT32.dll
0x00007fff528d0000 - 0x00007fff528fd000 	C:\WINDOWS\SYSTEM32\ncrypt.dll
0x00007fff52890000 - 0x00007fff528c7000 	C:\WINDOWS\SYSTEM32\NTASN1.dll
0x00007fff2d770000 - 0x00007fff2d778000 	C:\WINDOWS\system32\wshunix.dll

dbghelp: loaded successfully - version: 4.0.5 - missing functions: none
symbol engine: initialized successfully - sym options: 0x614 - pdb path: .;D:\downApp\bin;C:\WINDOWS\SYSTEM32;C:\WINDOWS\WinSxS\amd64_microsoft.windows.common-controls_6595b64144ccf1df_6.0.22621.5415_none_270d77d17387d7da;D:\downApp\bin\server

VM Arguments:
jvm_args: -Dcom.sun.management.jmxremote -Dcom.sun.management.jmxremote.port=56563 -Dcom.sun.management.jmxremote.authenticate=false -Dcom.sun.management.jmxremote.ssl=false -Dspring.jmx.enabled=true -Djava.rmi.server.hostname=localhost -Dspring.application.admin.enabled=true -Dspring.boot.project.name=jobhunter-lms -XX:+ShowCodeDetailsInExceptionMessages -Dmanagement.endpoints.jmx.exposure.include=* 
java_command: vn.doan.lms.LMSApplication
java_class_path (initial): D:\java\vscodejava\doan\be\new\lms\bin\main;D:\java\vscodejava\doan\be\new\lms\bin\test;D:\java\vscodejava\doan\be\new\lms\bin\default;C:\Users\ASUS\.gradle\caches\modules-2\files-2.1\org.springframework.boot\spring-boot-starter-actuator\3.2.4\a26cd0ab56f912d2aa44504042af06f15d3d1a80\spring-boot-starter-actuator-3.2.4.jar;C:\Users\ASUS\.gradle\caches\modules-2\files-2.1\org.springframework.boot\spring-boot-starter-data-jpa\3.2.4\d8c5f393d9b18d96021b3e02d80e4356c5cbe0f7\spring-boot-starter-data-jpa-3.2.4.jar;C:\Users\ASUS\.gradle\caches\modules-2\files-2.1\org.springframework.boot\spring-boot-starter-security\3.2.4\a1b9f09832c42c6c079be67bf3e7989c54a338ff\spring-boot-starter-security-3.2.4.jar;C:\Users\ASUS\.gradle\caches\modules-2\files-2.1\org.springframework.boot\spring-boot-starter-thymeleaf\3.2.4\db900acbd0bbeb7a8682fe6aeb477d17fe501ac1\spring-boot-starter-thymeleaf-3.2.4.jar;C:\Users\ASUS\.gradle\caches\modules-2\files-2.1\org.springframework.boot\spring-boot-starter-validation\3.2.4\5f43697d1f24a19414bcaec3733dab5b6c24d1da\spring-boot-starter-validation-3.2.4.jar;C:\Users\ASUS\.gradle\caches\modules-2\files-2.1\org.springframework.boot\spring-boot-starter-web\3.2.4\a74df12b71060da7c8e87f9a8c2ef4ea43fc8017\spring-boot-starter-web-3.2.4.jar;C:\Users\ASUS\.gradle\caches\modules-2\files-2.1\org.modelmapper\modelmapper\3.1.1\6636e94590e9d98e5e7db7e4fafcc15e9390e18d\modelmapper-3.1.1.jar;C:\Users\ASUS\.gradle\caches\modules-2\files-2.1\com.cloudinary\cloudinary-http44\1.37.0\21dcbe47daf03c1856278793f15c9680636516e5\cloudinary-http44-1.37.0.jar;C:\Users\ASUS\.gradle\caches\modules-2\files-2.1\commons-io\commons-io\2.11.0\a2503f302b11ebde7ebc3df41daebe0e4eea3689\commons-io-2.11.0.jar;C:\Users\ASUS\.gradle\caches\modules-2\files-2.1\org.thymeleaf.extras\thymeleaf-extras-springsecurity6\3.1.2.RELEASE\574c188eb147191e2f162419e9fc780fcf3256d7\thymeleaf-extras-springsecurity6-3.1.2.RELEASE.jar;C:\Users\ASUS\.gradle\caches\modules-2\files-2.1\or
Launcher Type: SUN_STANDARD

[Global flags]
     intx CICompilerCount                          = 4                                         {product} {ergonomic}
     uint ConcGCThreads                            = 2                                         {product} {ergonomic}
     uint G1ConcRefinementThreads                  = 8                                         {product} {ergonomic}
   size_t G1HeapRegionSize                         = 1048576                                   {product} {ergonomic}
    uintx GCDrainStackTargetSize                   = 64                                        {product} {ergonomic}
   size_t InitialHeapSize                          = 130023424                                 {product} {ergonomic}
     bool ManagementServer                         = true                                      {product} {command line}
   size_t MarkStackSize                            = 4194304                                   {product} {ergonomic}
   size_t MaxHeapSize                              = 2067791872                                {product} {ergonomic}
   size_t MaxNewSize                               = 1240465408                                {product} {ergonomic}
   size_t MinHeapDeltaBytes                        = 1048576                                   {product} {ergonomic}
   size_t MinHeapSize                              = 8388608                                   {product} {ergonomic}
    uintx NonNMethodCodeHeapSize                   = 5839372                                {pd product} {ergonomic}
    uintx NonProfiledCodeHeapSize                  = 122909434                              {pd product} {ergonomic}
    uintx ProfiledCodeHeapSize                     = 122909434                              {pd product} {ergonomic}
    uintx ReservedCodeCacheSize                    = 251658240                              {pd product} {ergonomic}
     bool SegmentedCodeCache                       = true                                      {product} {ergonomic}
     bool ShowCodeDetailsInExceptionMessages       = true                                   {manageable} {command line}
   size_t SoftMaxHeapSize                          = 2067791872                             {manageable} {ergonomic}
     bool UseCompressedClassPointers               = true                           {product lp64_product} {ergonomic}
     bool UseCompressedOops                        = true                           {product lp64_product} {ergonomic}
     bool UseG1GC                                  = true                                      {product} {ergonomic}
     bool UseLargePagesIndividualAllocation        = false                                  {pd product} {ergonomic}

Logging:
Log output configuration:
 #0: stdout all=warning uptime,level,tags
 #1: stderr all=off uptime,level,tags

Environment Variables:
JAVA_HOME=D:\downApp
PATH=C:\Program Files\Common Files\Oracle\Java\javapath;D:\downApp\Scripts\;D:\downApp\;C:\Program Files\Microsoft MPI\Bin\;C:\Program Files (x86)\Common Files\Oracle\Java\javapath;C:\Windows\system32;C:\Windows;C:\Windows\System32\Wbem;C:\Windows\System32\WindowsPowerShell\v1.0\;C:\Windows\System32\OpenSSH\;C:\Program Files (x86)\NVIDIA Corporation\PhysX\Common;C:\Program Files\NVIDIA Corporation\NVIDIA NvDLISR;C:\WINDOWS\system32;C:\WINDOWS;C:\WINDOWS\System32\Wbem;C:\WINDOWS\System32\WindowsPowerShell\v1.0\;C:\WINDOWS\System32\OpenSSH\;C:\MinGW\bin;C:\Program Files\dotnet\;C:\Program Files\Microsoft SQL Server\150\Tools\Binn\;C:\Program Files\Microsoft SQL Server\Client SDK\ODBC\170\Tools\Binn\;C:\Program Files (x86)\Microsoft SQL Server\150\Tools\Binn\;C:\Program Files\Microsoft SQL Server\150\DTS\Binn\;C:\Program Files\Azure Data Studio\bin;C:\WINDOWS\system32;C:\WINDOWS;C:\WINDOWS\System32\Wbem;C:\WINDOWS\System32\WindowsPowerShell\v1.0\;C:\WINDOWS\System32\OpenSSH\;C:\laragon\bin\php\php-8.1.10-Win32-vs16-x64;D:\Git\Git\cmd;D:\laragon\laragon\bin\php\php-8.1.10-Win32-vs16-x64;D:\laragon\laragon;C:\Program Files (x86)\Microsoft SQL Server\160\Tools\Binn\;C:\Program Files\Microsoft SQL Server\160\Tools\Binn\;C:\Program Files\Microsoft SQL Server\160\DTS\Binn\;C:\Program Files\Java\apache-maven-3.9.9\bin;C:\Program Files\MySQL\MySQL Shell 8.0\bin\;C:\Users\ASUS\AppData\Local\Programs\Python\Python312\Scripts\;C:\Users\ASUS\AppData\Local\Programs\Python\Python312\;C:\Users\ASUS\AppData\Local\Programs\Python\Python311\Scripts\;C:\Users\ASUS\AppData\Local\Programs\Python\Python311\;D:\python\Scripts\;D:\python\;C:\Users\ASUS\AppData\Local\Microsoft\WindowsApps;D:\Microsoft VS Code\bin;C:\Program Files (x86)\Dev-Cpp\MinGW64\bin;C:\msys64\mingw64\bin;C:\Users\ASUS\.dotnet\tools;C:\Program Files\Azure Data Studio\bin;C:\Users\ASUS\AppData\Local\JetBrains\Toolbox\scripts;C:\Users\ASUS\AppData\Roaming\Composer\vendor\bin;C:\Users\ASUS\AppData\Local\Microsoft\WindowsApps;D:
USERNAME=ASUS
LANG=en_US.UTF-8
OS=Windows_NT
PROCESSOR_IDENTIFIER=Intel64 Family 6 Model 140 Stepping 1, GenuineIntel



---------------  S Y S T E M  ---------------

OS:
 Windows 11 , 64 bit Build 22621 (10.0.22621.5415)
OS uptime: 9 days 1:49 hours
Hyper-V role detected

CPU: total 8 (initial active 8) (4 cores per cpu, 2 threads per core) family 6 model 140 stepping 1 microcode 0x86, cx8, cmov, fxsr, ht, mmx, 3dnowpref, sse, sse2, sse3, ssse3, sse4.1, sse4.2, popcnt, lzcnt, tsc, tscinvbit, avx, avx2, aes, erms, clmul, bmi1, bmi2, adx, avx512f, avx512dq, avx512cd, avx512bw, avx512vl, sha, fma, vzeroupper, avx512_vpopcntdq, avx512_vpclmulqdq, avx512_vaes, avx512_vnni, clflush, clflushopt, clwb, avx512_vbmi2, avx512_vbmi, hv

Memory: 4k page, system-wide physical 7883M (242M free)
TotalPageFile size 28638M (AvailPageFile size 27M)
current process WorkingSet (physical memory assigned to process): 494M, peak: 559M
current process commit charge ("private bytes"): 630M, peak: 822M

vm_info: Java HotSpot(TM) 64-Bit Server VM (17.0.9+11-LTS-201) for windows-amd64 JRE (17.0.9+11-LTS-201), built on Oct 10 2023 23:16:06 by "mach5one" with MS VC++ 17.1 (VS2022)

END.
