#
# There is insufficient memory for the Java Runtime Environment to continue.
# Native memory allocation (mmap) failed to map 53477376 bytes for G1 virtual space
# Possible reasons:
#   The system is out of physical RAM or swap space
#   The process is running with CompressedOops enabled, and the Java Heap may be blocking the growth of the native heap
# Possible solutions:
#   Reduce memory load on the system
#   Increase physical memory or swap space
#   Check if swap backing store is full
#   Decrease Java heap size (-Xmx/-Xms)
#   Decrease number of Java threads
#   Decrease Java thread stack sizes (-Xss)
#   Set larger code cache with -XX:ReservedCodeCacheSize=
#   JVM is running with Unscaled Compressed Oops mode in which the Java heap is
#     placed in the first 4GB address space. The Java Heap base address is the
#     maximum limit for the native heap growth. Please use -XX:HeapBaseMinAddress
#     to set the Java Heap base and to place the Java Heap above 4GB virtual address.
# This output file may be truncated or incomplete.
#
#  Out of Memory Error (os_windows.cpp:3552), pid=27184, tid=21252
#
# JRE version: Java(TM) SE Runtime Environment (17.0.9+11) (build 17.0.9+11-LTS-201)
# Java VM: Java HotSpot(TM) 64-Bit Server VM (17.0.9+11-LTS-201, mixed mode, emulated-client, sharing, tiered, compressed oops, compressed class ptrs, g1 gc, windows-amd64)
# No core dump will be written. Minidumps are not enabled by default on client versions of Windows
#

---------------  S U M M A R Y ------------

Command Line: -XX:TieredStopAtLevel=1 -Dfile.encoding=windows-1258 -Duser.country=US -Duser.language=en -Duser.variant vn.doan.lms.LMSApplication

Host: 11th Gen Intel(R) Core(TM) i7-11370H @ 3.30GHz, 8 cores, 7G,  Windows 11 , 64 bit Build 22621 (10.0.22621.5415)
Time: Wed Jun 25 11:01:41 2025 SE Asia Standard Time elapsed time: 9.415182 seconds (0d 0h 0m 9s)

---------------  T H R E A D  ---------------

Current thread (0x000001a45774c520):  VMThread "VM Thread" [stack: 0x000000247b000000,0x000000247b100000] [id=21252]

Stack: [0x000000247b000000,0x000000247b100000]
Native frames: (J=compiled Java code, j=interpreted, Vv=VM code, C=native code)
V  [jvm.dll+0x678a4a]
V  [jvm.dll+0x7d9cfd]
V  [jvm.dll+0x7db60e]
V  [jvm.dll+0x7dbc73]
V  [jvm.dll+0x245e1f]
V  [jvm.dll+0x6758f9]
V  [jvm.dll+0x66a2a2]
V  [jvm.dll+0x303686]
V  [jvm.dll+0x30ac06]
V  [jvm.dll+0x35a48e]
V  [jvm.dll+0x35a6bf]
V  [jvm.dll+0x2da678]
V  [jvm.dll+0x2d8a85]
V  [jvm.dll+0x2d808c]
V  [jvm.dll+0x31b97b]
V  [jvm.dll+0x7e048b]
V  [jvm.dll+0x7e11c4]
V  [jvm.dll+0x7e16dd]
V  [jvm.dll+0x7e1ab4]
V  [jvm.dll+0x7e1b80]
V  [jvm.dll+0x78998a]
V  [jvm.dll+0x677875]
C  [ucrtbase.dll+0x29333]
C  [KERNEL32.DLL+0x1259d]
C  [ntdll.dll+0x5af78]

VM_Operation (0x000000247bff98b0): G1CollectForAllocation, mode: safepoint, requested by thread 0x000001a45c53ec90


---------------  P R O C E S S  ---------------

Threads class SMR info:
_java_thread_list=0x000001a45dbcfda0, length=22, elements={
0x000001a443a4c640, 0x000001a457751300, 0x000001a457751cc0, 0x000001a457766c10,
0x000001a4577675d0, 0x000001a457767f90, 0x000001a45776a960, 0x000001a45776b3d0,
0x000001a45776bdd0, 0x000001a4579bf780, 0x000001a4579c1cb0, 0x000001a4579ebb70,
0x000001a4579ee4a0, 0x000001a45c53e7b0, 0x000001a45c53ec90, 0x000001a45ca122e0,
0x000001a45d238780, 0x000001a45d782a00, 0x000001a45d760010, 0x000001a45cc4aa40,
0x000001a45cc4c390, 0x000001a45cc4c8a0
}

Java Threads: ( => current thread )
  0x000001a443a4c640 JavaThread "main" [_thread_blocked, id=25664, stack(0x000000247aa00000,0x000000247ab00000)]
  0x000001a457751300 JavaThread "Reference Handler" daemon [_thread_blocked, id=26952, stack(0x000000247b100000,0x000000247b200000)]
  0x000001a457751cc0 JavaThread "Finalizer" daemon [_thread_blocked, id=2448, stack(0x000000247b200000,0x000000247b300000)]
  0x000001a457766c10 JavaThread "Signal Dispatcher" daemon [_thread_blocked, id=7596, stack(0x000000247b300000,0x000000247b400000)]
  0x000001a4577675d0 JavaThread "Attach Listener" daemon [_thread_blocked, id=4708, stack(0x000000247b400000,0x000000247b500000)]
  0x000001a457767f90 JavaThread "Service Thread" daemon [_thread_blocked, id=31392, stack(0x000000247b500000,0x000000247b600000)]
  0x000001a45776a960 JavaThread "Monitor Deflation Thread" daemon [_thread_blocked, id=20248, stack(0x000000247b600000,0x000000247b700000)]
  0x000001a45776b3d0 JavaThread "C1 CompilerThread0" daemon [_thread_blocked, id=10944, stack(0x000000247b700000,0x000000247b800000)]
  0x000001a45776bdd0 JavaThread "Sweeper thread" daemon [_thread_blocked, id=26540, stack(0x000000247b800000,0x000000247b900000)]
  0x000001a4579bf780 JavaThread "C1 CompilerThread1" daemon [_thread_blocked, id=8864, stack(0x000000247b900000,0x000000247ba00000)]
  0x000001a4579c1cb0 JavaThread "C1 CompilerThread2" daemon [_thread_blocked, id=32100, stack(0x000000247ba00000,0x000000247bb00000)]
  0x000001a4579ebb70 JavaThread "Notification Thread" daemon [_thread_blocked, id=33624, stack(0x000000247bb00000,0x000000247bc00000)]
  0x000001a4579ee4a0 JavaThread "Common-Cleaner" daemon [_thread_blocked, id=20384, stack(0x000000247bd00000,0x000000247be00000)]
  0x000001a45c53e7b0 JavaThread "Thread-0" [_thread_blocked, id=28304, stack(0x000000247be00000,0x000000247bf00000)]
  0x000001a45c53ec90 JavaThread "restartedMain" [_thread_blocked, id=6484, stack(0x000000247bf00000,0x000000247c000000)]
  0x000001a45ca122e0 JavaThread "C1 CompilerThread3" daemon [_thread_blocked, id=20936, stack(0x000000247c800000,0x000000247c900000)]
  0x000001a45d238780 JavaThread "Catalina-utility-1" [_thread_blocked, id=5992, stack(0x000000247c900000,0x000000247ca00000)]
  0x000001a45d782a00 JavaThread "Catalina-utility-2" [_thread_blocked, id=12672, stack(0x000000247ca00000,0x000000247cb00000)]
  0x000001a45d760010 JavaThread "container-0" [_thread_blocked, id=33316, stack(0x000000247cb00000,0x000000247cc00000)]
  0x000001a45cc4aa40 JavaThread "mysql-cj-abandoned-connection-cleanup" daemon [_thread_blocked, id=20700, stack(0x000000247cc00000,0x000000247cd00000)]
  0x000001a45cc4c390 JavaThread "HikariPool-1 housekeeper" daemon [_thread_blocked, id=9584, stack(0x000000247ce00000,0x000000247cf00000)]
  0x000001a45cc4c8a0 JavaThread "HikariPool-1 connection adder" daemon [_thread_blocked, id=26128, stack(0x000000247cf00000,0x000000247d000000)]

Other Threads:
=>0x000001a45774c520 VMThread "VM Thread" [stack: 0x000000247b000000,0x000000247b100000] [id=21252]
  0x000001a4579ec050 WatcherThread [stack: 0x000000247bc00000,0x000000247bd00000] [id=12328]
  0x000001a443aa5c30 GCTaskThread "GC Thread#0" [stack: 0x000000247ab00000,0x000000247ac00000] [id=26392]
  0x000001a45c545330 GCTaskThread "GC Thread#1" [stack: 0x000000247c000000,0x000000247c100000] [id=12596]
  0x000001a45c5455f0 GCTaskThread "GC Thread#2" [stack: 0x000000247c100000,0x000000247c200000] [id=12972]
  0x000001a45c545ac0 GCTaskThread "GC Thread#3" [stack: 0x000000247c200000,0x000000247c300000] [id=12980]
  0x000001a45c547030 GCTaskThread "GC Thread#4" [stack: 0x000000247c300000,0x000000247c400000] [id=17468]
  0x000001a45c547870 GCTaskThread "GC Thread#5" [stack: 0x000000247c400000,0x000000247c500000] [id=10372]
  0x000001a45c5480b0 GCTaskThread "GC Thread#6" [stack: 0x000000247c600000,0x000000247c700000] [id=13504]
  0x000001a45c547b30 GCTaskThread "GC Thread#7" [stack: 0x000000247c700000,0x000000247c800000] [id=3812]
  0x000001a443ab6200 ConcurrentGCThread "G1 Main Marker" [stack: 0x000000247ac00000,0x000000247ad00000] [id=21376]
  0x000001a443ab6c10 ConcurrentGCThread "G1 Conc#0" [stack: 0x000000247ad00000,0x000000247ae00000] [id=34788]
  0x000001a45c548370 ConcurrentGCThread "G1 Conc#1" [stack: 0x000000247c500000,0x000000247c600000] [id=31676]
  0x000001a443afdbe0 ConcurrentGCThread "G1 Refine#0" [stack: 0x000000247ae00000,0x000000247af00000] [id=32712]
  0x000001a45df7f250 ConcurrentGCThread "G1 Refine#1" [stack: 0x000000247d000000,0x000000247d100000] [id=19592]
  0x000001a443afe610 ConcurrentGCThread "G1 Service" [stack: 0x000000247af00000,0x000000247b000000] [id=28836]

Threads with active compile tasks:

VM state: at safepoint (normal execution)

VM Mutex/Monitor currently owned by a thread:  ([mutex/lock_event])
[0x000001a443a49fa0] Threads_lock - owner thread: 0x000001a45774c520
[0x000001a443a48b60] Heap_lock - owner thread: 0x000001a45c53ec90

Heap address: 0x0000000084c00000, size: 1972 MB, Compressed Oops mode: 32-bit

CDS archive(s) mapped at: [0x000001a400000000-0x000001a400bd0000-0x000001a400bd0000), size 12386304, SharedBaseAddress: 0x000001a400000000, ArchiveRelocationMode: 1.
Compressed class space mapped at: 0x000001a401000000-0x000001a441000000, reserved size: 1073741824
Narrow klass base: 0x000001a400000000, Narrow klass shift: 0, Narrow klass range: 0x100000000

GC Precious Log:
 CPUs: 8 total, 8 available
 Memory: 7883M
 Large Page Support: Disabled
 NUMA Support: Disabled
 Compressed Oops: Enabled (32-bit)
 Heap Region Size: 1M
 Heap Min Capacity: 8M
 Heap Initial Capacity: 124M
 Heap Max Capacity: 1972M
 Pre-touch: Disabled
 Parallel Workers: 8
 Concurrent Workers: 2
 Concurrent Refinement Workers: 8
 Periodic GC: Disabled

Heap:
 garbage-first heap   total 126976K, used 55827K [0x0000000084c00000, 0x0000000100000000)
  region size 1024K, 1 young (1024K), 1 survivors (1024K)
 Metaspace       used 75324K, committed 75968K, reserved 1114112K
  class space    used 11088K, committed 11392K, reserved 1048576K

Heap Regions: E=young(eden), S=young(survivor), O=old, HS=humongous(starts), HC=humongous(continues), CS=collection set, F=free, OA=open archive, CA=closed archive, TAMS=top-at-mark-start (previous, next)
|   0|0x0000000084c00000, 0x0000000084d00000, 0x0000000084d00000|100%|HS|  |TAMS 0x0000000084d00000, 0x0000000084c00000| Complete 
|   1|0x0000000084d00000, 0x0000000084e00000, 0x0000000084e00000|100%| O|  |TAMS 0x0000000084e00000, 0x0000000084d00000| Untracked 
|   2|0x0000000084e00000, 0x0000000084f00000, 0x0000000084f00000|100%| O|  |TAMS 0x0000000084f00000, 0x0000000084e00000| Untracked 
|   3|0x0000000084f00000, 0x0000000085000000, 0x0000000085000000|100%| O|  |TAMS 0x0000000085000000, 0x0000000084f00000| Untracked 
|   4|0x0000000085000000, 0x0000000085100000, 0x0000000085100000|100%| O|  |TAMS 0x0000000085100000, 0x0000000085000000| Untracked 
|   5|0x0000000085100000, 0x0000000085200000, 0x0000000085200000|100%| O|  |TAMS 0x0000000085200000, 0x0000000085100000| Untracked 
|   6|0x0000000085200000, 0x0000000085300000, 0x0000000085300000|100%| O|  |TAMS 0x0000000085300000, 0x0000000085200000| Untracked 
|   7|0x0000000085300000, 0x0000000085400000, 0x0000000085400000|100%| O|  |TAMS 0x0000000085400000, 0x0000000085300000| Untracked 
|   8|0x0000000085400000, 0x0000000085500000, 0x0000000085500000|100%| O|  |TAMS 0x0000000085500000, 0x0000000085400000| Untracked 
|   9|0x0000000085500000, 0x0000000085600000, 0x0000000085600000|100%| O|  |TAMS 0x0000000085600000, 0x0000000085500000| Untracked 
|  10|0x0000000085600000, 0x0000000085700000, 0x0000000085700000|100%| O|  |TAMS 0x0000000085700000, 0x0000000085600000| Untracked 
|  11|0x0000000085700000, 0x0000000085800000, 0x0000000085800000|100%| O|  |TAMS 0x0000000085800000, 0x0000000085700000| Untracked 
|  12|0x0000000085800000, 0x0000000085900000, 0x0000000085900000|100%| O|  |TAMS 0x0000000085900000, 0x0000000085800000| Untracked 
|  13|0x0000000085900000, 0x0000000085a00000, 0x0000000085a00000|100%| O|  |TAMS 0x0000000085a00000, 0x0000000085900000| Untracked 
|  14|0x0000000085a00000, 0x0000000085b00000, 0x0000000085b00000|100%| O|  |TAMS 0x0000000085b00000, 0x0000000085a00000| Untracked 
|  15|0x0000000085b00000, 0x0000000085b78000, 0x0000000085c00000| 46%| O|  |TAMS 0x0000000085b78000, 0x0000000085b00000| Untracked 
|  16|0x0000000085c00000, 0x0000000085d00000, 0x0000000085d00000|100%| O|  |TAMS 0x0000000085d00000, 0x0000000085c00000| Untracked 
|  17|0x0000000085d00000, 0x0000000085e00000, 0x0000000085e00000|100%| O|  |TAMS 0x0000000085e00000, 0x0000000085d00000| Untracked 
|  18|0x0000000085e00000, 0x0000000085f00000, 0x0000000085f00000|100%| O|  |TAMS 0x0000000085f00000, 0x0000000085e00000| Untracked 
|  19|0x0000000085f00000, 0x0000000086000000, 0x0000000086000000|100%| O|  |TAMS 0x0000000086000000, 0x0000000085f00000| Untracked 
|  20|0x0000000086000000, 0x0000000086100000, 0x0000000086100000|100%| O|  |TAMS 0x0000000086100000, 0x0000000086000000| Untracked 
|  21|0x0000000086100000, 0x0000000086200000, 0x0000000086200000|100%| O|  |TAMS 0x0000000086200000, 0x0000000086100000| Untracked 
|  22|0x0000000086200000, 0x0000000086300000, 0x0000000086300000|100%| O|  |TAMS 0x0000000086300000, 0x0000000086200000| Untracked 
|  23|0x0000000086300000, 0x0000000086400000, 0x0000000086400000|100%| O|  |TAMS 0x0000000086400000, 0x0000000086300000| Untracked 
|  24|0x0000000086400000, 0x0000000086500000, 0x0000000086500000|100%| O|  |TAMS 0x0000000086500000, 0x0000000086400000| Untracked 
|  25|0x0000000086500000, 0x0000000086600000, 0x0000000086600000|100%| O|  |TAMS 0x0000000086600000, 0x0000000086500000| Untracked 
|  26|0x0000000086600000, 0x0000000086700000, 0x0000000086700000|100%| O|  |TAMS 0x0000000086700000, 0x0000000086600000| Untracked 
|  27|0x0000000086700000, 0x0000000086800000, 0x0000000086800000|100%| O|  |TAMS 0x0000000086800000, 0x0000000086700000| Untracked 
|  28|0x0000000086800000, 0x0000000086900000, 0x0000000086900000|100%| O|  |TAMS 0x0000000086900000, 0x0000000086800000| Untracked 
|  29|0x0000000086900000, 0x0000000086a00000, 0x0000000086a00000|100%| O|  |TAMS 0x0000000086a00000, 0x0000000086900000| Untracked 
|  30|0x0000000086a00000, 0x0000000086b00000, 0x0000000086b00000|100%| O|  |TAMS 0x0000000086b00000, 0x0000000086a00000| Untracked 
|  31|0x0000000086b00000, 0x0000000086c00000, 0x0000000086c00000|100%| O|  |TAMS 0x0000000086c00000, 0x0000000086b00000| Untracked 
|  32|0x0000000086c00000, 0x0000000086d00000, 0x0000000086d00000|100%| O|  |TAMS 0x0000000086d00000, 0x0000000086c00000| Untracked 
|  33|0x0000000086d00000, 0x0000000086e00000, 0x0000000086e00000|100%| O|  |TAMS 0x0000000086e00000, 0x0000000086d00000| Untracked 
|  34|0x0000000086e00000, 0x0000000086f00000, 0x0000000086f00000|100%| O|  |TAMS 0x0000000086f00000, 0x0000000086e00000| Untracked 
|  35|0x0000000086f00000, 0x0000000087000000, 0x0000000087000000|100%| O|  |TAMS 0x0000000087000000, 0x0000000086f00000| Untracked 
|  36|0x0000000087000000, 0x0000000087100000, 0x0000000087100000|100%| O|  |TAMS 0x0000000087100000, 0x0000000087000000| Untracked 
|  37|0x0000000087100000, 0x0000000087200000, 0x0000000087200000|100%| O|  |TAMS 0x0000000087200000, 0x0000000087100000| Untracked 
|  38|0x0000000087200000, 0x0000000087300000, 0x0000000087300000|100%| O|  |TAMS 0x0000000087300000, 0x0000000087200000| Untracked 
|  39|0x0000000087300000, 0x0000000087400000, 0x0000000087400000|100%| O|  |TAMS 0x0000000087400000, 0x0000000087300000| Untracked 
|  40|0x0000000087400000, 0x0000000087500000, 0x0000000087500000|100%| O|  |TAMS 0x0000000087500000, 0x0000000087400000| Untracked 
|  41|0x0000000087500000, 0x0000000087600000, 0x0000000087600000|100%| O|  |TAMS 0x0000000087600000, 0x0000000087500000| Untracked 
|  42|0x0000000087600000, 0x0000000087600000, 0x0000000087700000|  0%| F|  |TAMS 0x0000000087600000, 0x0000000087600000| Untracked 
|  43|0x0000000087700000, 0x0000000087700000, 0x0000000087800000|  0%| F|  |TAMS 0x0000000087700000, 0x0000000087700000| Untracked 
|  44|0x0000000087800000, 0x0000000087800000, 0x0000000087900000|  0%| F|  |TAMS 0x0000000087800000, 0x0000000087800000| Untracked 
|  45|0x0000000087900000, 0x0000000087900000, 0x0000000087a00000|  0%| F|  |TAMS 0x0000000087900000, 0x0000000087900000| Untracked 
|  46|0x0000000087a00000, 0x0000000087b00000, 0x0000000087b00000|100%| O|  |TAMS 0x0000000087b00000, 0x0000000087a00000| Untracked 
|  47|0x0000000087b00000, 0x0000000087c00000, 0x0000000087c00000|100%| O|  |TAMS 0x0000000087c00000, 0x0000000087b00000| Untracked 
|  48|0x0000000087c00000, 0x0000000087d00000, 0x0000000087d00000|100%| O|  |TAMS 0x0000000087d00000, 0x0000000087c00000| Untracked 
|  49|0x0000000087d00000, 0x0000000087d00000, 0x0000000087e00000|  0%| F|  |TAMS 0x0000000087d00000, 0x0000000087d00000| Untracked 
|  50|0x0000000087e00000, 0x0000000087f00000, 0x0000000087f00000|100%| O|  |TAMS 0x0000000087f00000, 0x0000000087e00000| Untracked 
|  51|0x0000000087f00000, 0x0000000087f00000, 0x0000000088000000|  0%| F|  |TAMS 0x0000000087f00000, 0x0000000087f00000| Untracked 
|  52|0x0000000088000000, 0x0000000088100000, 0x0000000088100000|100%| O|  |TAMS 0x0000000088000000, 0x0000000088000000| Untracked 
|  53|0x0000000088100000, 0x0000000088100000, 0x0000000088200000|  0%| F|  |TAMS 0x0000000088100000, 0x0000000088100000| Untracked 
|  54|0x0000000088200000, 0x0000000088300000, 0x0000000088300000|100%| O|  |TAMS 0x0000000088300000, 0x0000000088200000| Untracked 
|  55|0x0000000088300000, 0x0000000088400000, 0x0000000088400000|100%| O|  |TAMS 0x0000000088300000, 0x0000000088300000| Untracked 
|  56|0x0000000088400000, 0x0000000088500000, 0x0000000088500000|100%| O|  |TAMS 0x0000000088500000, 0x0000000088400000| Untracked 
|  57|0x0000000088500000, 0x0000000088600000, 0x0000000088600000|100%| O|  |TAMS 0x000000008852a800, 0x0000000088500000| Untracked 
|  58|0x0000000088600000, 0x0000000088700000, 0x0000000088700000|100%| O|  |TAMS 0x0000000088600000, 0x0000000088600000| Untracked 
|  59|0x0000000088700000, 0x0000000088800000, 0x0000000088800000|100%| O|  |TAMS 0x0000000088700000, 0x0000000088700000| Untracked 
|  60|0x0000000088800000, 0x0000000088900000, 0x0000000088900000|100%| O|  |TAMS 0x0000000088800000, 0x0000000088800000| Untracked 
|  61|0x0000000088900000, 0x000000008897de00, 0x0000000088a00000| 49%| O|  |TAMS 0x0000000088900000, 0x0000000088900000| Untracked 
|  62|0x0000000088a00000, 0x0000000088a00000, 0x0000000088b00000|  0%| F|  |TAMS 0x0000000088a00000, 0x0000000088a00000| Untracked 
|  63|0x0000000088b00000, 0x0000000088b00000, 0x0000000088c00000|  0%| F|  |TAMS 0x0000000088b00000, 0x0000000088b00000| Untracked 
|  64|0x0000000088c00000, 0x0000000088c00000, 0x0000000088d00000|  0%| F|  |TAMS 0x0000000088c00000, 0x0000000088c00000| Untracked 
|  65|0x0000000088d00000, 0x0000000088d00000, 0x0000000088e00000|  0%| F|  |TAMS 0x0000000088d00000, 0x0000000088d00000| Untracked 
|  66|0x0000000088e00000, 0x0000000088e00000, 0x0000000088f00000|  0%| F|  |TAMS 0x0000000088e00000, 0x0000000088e00000| Untracked 
|  67|0x0000000088f00000, 0x0000000088f00000, 0x0000000089000000|  0%| F|  |TAMS 0x0000000088f00000, 0x0000000088f00000| Untracked 
|  68|0x0000000089000000, 0x0000000089000000, 0x0000000089100000|  0%| F|  |TAMS 0x0000000089000000, 0x0000000089000000| Untracked 
|  69|0x0000000089100000, 0x0000000089100000, 0x0000000089200000|  0%| F|  |TAMS 0x0000000089100000, 0x0000000089100000| Untracked 
|  70|0x0000000089200000, 0x0000000089200000, 0x0000000089300000|  0%| F|  |TAMS 0x0000000089200000, 0x0000000089200000| Untracked 
|  71|0x0000000089300000, 0x0000000089300000, 0x0000000089400000|  0%| F|  |TAMS 0x0000000089300000, 0x0000000089300000| Untracked 
|  72|0x0000000089400000, 0x0000000089400000, 0x0000000089500000|  0%| F|  |TAMS 0x0000000089400000, 0x0000000089400000| Untracked 
|  73|0x0000000089500000, 0x0000000089500000, 0x0000000089600000|  0%| F|  |TAMS 0x0000000089500000, 0x0000000089500000| Untracked 
|  74|0x0000000089600000, 0x0000000089600000, 0x0000000089700000|  0%| F|  |TAMS 0x0000000089600000, 0x0000000089600000| Untracked 
|  75|0x0000000089700000, 0x0000000089700000, 0x0000000089800000|  0%| F|  |TAMS 0x0000000089700000, 0x0000000089700000| Untracked 
|  76|0x0000000089800000, 0x0000000089800000, 0x0000000089900000|  0%| F|  |TAMS 0x0000000089800000, 0x0000000089800000| Untracked 
|  77|0x0000000089900000, 0x0000000089900000, 0x0000000089a00000|  0%| F|  |TAMS 0x0000000089900000, 0x0000000089900000| Untracked 
|  78|0x0000000089a00000, 0x0000000089a00000, 0x0000000089b00000|  0%| F|  |TAMS 0x0000000089a00000, 0x0000000089a00000| Untracked 
|  79|0x0000000089b00000, 0x0000000089b00000, 0x0000000089c00000|  0%| F|  |TAMS 0x0000000089b00000, 0x0000000089b00000| Untracked 
|  80|0x0000000089c00000, 0x0000000089c00000, 0x0000000089d00000|  0%| F|  |TAMS 0x0000000089c00000, 0x0000000089c00000| Untracked 
|  81|0x0000000089d00000, 0x0000000089d00000, 0x0000000089e00000|  0%| F|  |TAMS 0x0000000089d00000, 0x0000000089d00000| Untracked 
|  82|0x0000000089e00000, 0x0000000089e00000, 0x0000000089f00000|  0%| F|  |TAMS 0x0000000089e00000, 0x0000000089e00000| Untracked 
|  83|0x0000000089f00000, 0x0000000089f00000, 0x000000008a000000|  0%| F|  |TAMS 0x0000000089f00000, 0x0000000089f00000| Untracked 
|  84|0x000000008a000000, 0x000000008a000000, 0x000000008a100000|  0%| F|  |TAMS 0x000000008a000000, 0x000000008a000000| Untracked 
|  85|0x000000008a100000, 0x000000008a100000, 0x000000008a200000|  0%| F|  |TAMS 0x000000008a100000, 0x000000008a100000| Untracked 
|  86|0x000000008a200000, 0x000000008a200000, 0x000000008a300000|  0%| F|  |TAMS 0x000000008a200000, 0x000000008a200000| Untracked 
|  87|0x000000008a300000, 0x000000008a300000, 0x000000008a400000|  0%| F|  |TAMS 0x000000008a300000, 0x000000008a300000| Untracked 
|  88|0x000000008a400000, 0x000000008a400000, 0x000000008a500000|  0%| F|  |TAMS 0x000000008a400000, 0x000000008a400000| Untracked 
|  89|0x000000008a500000, 0x000000008a500000, 0x000000008a600000|  0%| F|  |TAMS 0x000000008a500000, 0x000000008a500000| Untracked 
|  90|0x000000008a600000, 0x000000008a600000, 0x000000008a700000|  0%| F|  |TAMS 0x000000008a600000, 0x000000008a600000| Untracked 
|  91|0x000000008a700000, 0x000000008a700000, 0x000000008a800000|  0%| F|  |TAMS 0x000000008a700000, 0x000000008a700000| Untracked 
|  92|0x000000008a800000, 0x000000008a800000, 0x000000008a900000|  0%| F|  |TAMS 0x000000008a800000, 0x000000008a800000| Untracked 
|  93|0x000000008a900000, 0x000000008a900000, 0x000000008aa00000|  0%| F|  |TAMS 0x000000008a900000, 0x000000008a900000| Untracked 
|  94|0x000000008aa00000, 0x000000008aa00000, 0x000000008ab00000|  0%| F|  |TAMS 0x000000008aa00000, 0x000000008aa00000| Untracked 
|  95|0x000000008ab00000, 0x000000008ab00000, 0x000000008ac00000|  0%| F|  |TAMS 0x000000008ab00000, 0x000000008ab00000| Untracked 
|  96|0x000000008ac00000, 0x000000008ac00000, 0x000000008ad00000|  0%| F|  |TAMS 0x000000008ac00000, 0x000000008ac00000| Untracked 
|  97|0x000000008ad00000, 0x000000008ad00000, 0x000000008ae00000|  0%| F|  |TAMS 0x000000008ad00000, 0x000000008ad00000| Untracked 
|  98|0x000000008ae00000, 0x000000008ae00000, 0x000000008af00000|  0%| F|  |TAMS 0x000000008ae00000, 0x000000008ae00000| Untracked 
|  99|0x000000008af00000, 0x000000008af00000, 0x000000008b000000|  0%| F|  |TAMS 0x000000008af00000, 0x000000008af00000| Untracked 
| 100|0x000000008b000000, 0x000000008b000000, 0x000000008b100000|  0%| F|  |TAMS 0x000000008b000000, 0x000000008b000000| Untracked 
| 101|0x000000008b100000, 0x000000008b100000, 0x000000008b200000|  0%| F|  |TAMS 0x000000008b100000, 0x000000008b100000| Untracked 
| 102|0x000000008b200000, 0x000000008b200000, 0x000000008b300000|  0%| F|  |TAMS 0x000000008b200000, 0x000000008b200000| Untracked 
| 103|0x000000008b300000, 0x000000008b300000, 0x000000008b400000|  0%| F|  |TAMS 0x000000008b300000, 0x000000008b300000| Untracked 
| 104|0x000000008b400000, 0x000000008b400000, 0x000000008b500000|  0%| F|  |TAMS 0x000000008b400000, 0x000000008b400000| Untracked 
| 105|0x000000008b500000, 0x000000008b500000, 0x000000008b600000|  0%| F|  |TAMS 0x000000008b500000, 0x000000008b500000| Untracked 
| 106|0x000000008b600000, 0x000000008b600000, 0x000000008b700000|  0%| F|  |TAMS 0x000000008b600000, 0x000000008b600000| Untracked 
| 107|0x000000008b700000, 0x000000008b700000, 0x000000008b800000|  0%| F|  |TAMS 0x000000008b700000, 0x000000008b700000| Untracked 
| 108|0x000000008b800000, 0x000000008b800000, 0x000000008b900000|  0%| F|  |TAMS 0x000000008b800000, 0x000000008b800000| Untracked 
| 109|0x000000008b900000, 0x000000008b900000, 0x000000008ba00000|  0%| F|  |TAMS 0x000000008b900000, 0x000000008b900000| Untracked 
| 110|0x000000008ba00000, 0x000000008ba8f080, 0x000000008bb00000| 55%| S|CS|TAMS 0x000000008ba00000, 0x000000008ba00000| Complete 
| 111|0x000000008bb00000, 0x000000008bb00000, 0x000000008bc00000|  0%| F|  |TAMS 0x000000008bb00000, 0x000000008bb00000| Untracked 
| 112|0x000000008bc00000, 0x000000008bc00000, 0x000000008bd00000|  0%| F|  |TAMS 0x000000008bc00000, 0x000000008bc00000| Untracked 
| 113|0x000000008bd00000, 0x000000008bd00000, 0x000000008be00000|  0%| F|  |TAMS 0x000000008bd00000, 0x000000008bd00000| Untracked 
| 114|0x000000008be00000, 0x000000008be00000, 0x000000008bf00000|  0%| F|  |TAMS 0x000000008be00000, 0x000000008be00000| Untracked 
| 115|0x000000008bf00000, 0x000000008bf00000, 0x000000008c000000|  0%| F|  |TAMS 0x000000008bf00000, 0x000000008bf00000| Untracked 
| 116|0x000000008c000000, 0x000000008c000000, 0x000000008c100000|  0%| F|  |TAMS 0x000000008c000000, 0x000000008c000000| Untracked 
| 117|0x000000008c100000, 0x000000008c100000, 0x000000008c200000|  0%| F|  |TAMS 0x000000008c100000, 0x000000008c100000| Untracked 
| 118|0x000000008c200000, 0x000000008c200000, 0x000000008c300000|  0%| F|  |TAMS 0x000000008c200000, 0x000000008c200000| Untracked 
| 119|0x000000008c300000, 0x000000008c300000, 0x000000008c400000|  0%| F|  |TAMS 0x000000008c300000, 0x000000008c300000| Untracked 
| 120|0x000000008c400000, 0x000000008c400000, 0x000000008c500000|  0%| F|  |TAMS 0x000000008c400000, 0x000000008c400000| Untracked 
| 121|0x000000008c500000, 0x000000008c500000, 0x000000008c600000|  0%| F|  |TAMS 0x000000008c500000, 0x000000008c500000| Untracked 
| 122|0x000000008c600000, 0x000000008c600000, 0x000000008c700000|  0%| F|  |TAMS 0x000000008c600000, 0x000000008c600000| Untracked 
| 123|0x000000008c700000, 0x000000008c700000, 0x000000008c800000|  0%| F|  |TAMS 0x000000008c700000, 0x000000008c700000| Untracked 

Card table byte_map: [0x000001a450760000,0x000001a450b40000] _byte_map_base: 0x000001a45033a000

Marking Bits (Prev, Next): (CMBitMap*) 0x000001a443aa6290, (CMBitMap*) 0x000001a443aa6250
 Prev Bits: [0x000001a452df0000, 0x000001a454cc0000)
 Next Bits: [0x000001a450f20000, 0x000001a452df0000)

Polling page: 0x000001a44ca80000

Metaspace:

Usage:
  Non-class:     62.73 MB used.
      Class:     10.83 MB used.
       Both:     73.56 MB used.

Virtual space:
  Non-class space:       64.00 MB reserved,      63.06 MB ( 99%) committed,  1 nodes.
      Class space:        1.00 GB reserved,      11.12 MB (  1%) committed,  1 nodes.
             Both:        1.06 GB reserved,      74.19 MB (  7%) committed. 

Chunk freelists:
   Non-Class:  864.00 KB
       Class:  4.70 MB
        Both:  5.55 MB

MaxMetaspaceSize: unlimited
CompressedClassSpaceSize: 1.00 GB
Initial GC threshold: 21.00 MB
Current GC threshold: 121.81 MB
CDS: on
MetaspaceReclaimPolicy: balanced
 - commit_granule_bytes: 65536.
 - commit_granule_words: 8192.
 - virtual_space_node_default_size: 8388608.
 - enlarge_chunks_in_place: 1.
 - new_chunks_are_fully_committed: 0.
 - uncommit_free_chunks: 1.
 - use_allocation_guard: 0.
 - handle_deallocations: 1.


Internal statistics:

num_allocs_failed_limit: 9.
num_arena_births: 898.
num_arena_deaths: 6.
num_vsnodes_births: 2.
num_vsnodes_deaths: 0.
num_space_committed: 1187.
num_space_uncommitted: 0.
num_chunks_returned_to_freelist: 18.
num_chunks_taken_from_freelist: 3746.
num_chunk_merges: 9.
num_chunk_splits: 2685.
num_chunks_enlarged: 2055.
num_inconsistent_stats: 0.

CodeCache: size=49152Kb used=17201Kb max_used=17201Kb free=31950Kb
 bounds [0x000001a44caa0000, 0x000001a44db70000, 0x000001a44faa0000]
 total_blobs=9757 nmethods=9058 adapters=622
 compilation: enabled
              stopped_count=0, restarted_count=0
 full_count=0

Compilation events (20 events):
Event: 9.351 Thread 0x000001a45776b3d0 9049   !   1       jdk.proxy2.$Proxy55::annotationType (29 bytes)
Event: 9.351 Thread 0x000001a45776b3d0 nmethod 9049 0x000001a44db69390 code [0x000001a44db69540, 0x000001a44db69758]
Event: 9.359 Thread 0x000001a45776b3d0 9050       1       org.springframework.beans.factory.config.DependencyDescriptor::<init> (83 bytes)
Event: 9.359 Thread 0x000001a45ca122e0 9051       1       org.springframework.beans.factory.InjectionPoint::<init> (47 bytes)
Event: 9.359 Thread 0x000001a45776b3d0 nmethod 9050 0x000001a44db69890 code [0x000001a44db69a40, 0x000001a44db69d48]
Event: 9.359 Thread 0x000001a45ca122e0 nmethod 9051 0x000001a44db69e10 code [0x000001a44db69fc0, 0x000001a44db6a268]
Event: 9.360 Thread 0x000001a45ca122e0 9052       1       sun.reflect.generics.scope.AbstractScope::lookup (66 bytes)
Event: 9.360 Thread 0x000001a45ca122e0 nmethod 9052 0x000001a44db6a390 code [0x000001a44db6a580, 0x000001a44db6a848]
Event: 9.369 Thread 0x000001a45776b3d0 9053   !   1       jdk.proxy2.$Proxy37::annotationType (29 bytes)
Event: 9.369 Thread 0x000001a45776b3d0 nmethod 9053 0x000001a44db6aa90 code [0x000001a44db6ac40, 0x000001a44db6ae58]
Event: 9.383 Thread 0x000001a45776b3d0 9054   !   1       jdk.proxy2.$Proxy74::annotationType (29 bytes)
Event: 9.384 Thread 0x000001a45776b3d0 nmethod 9054 0x000001a44db6af90 code [0x000001a44db6b140, 0x000001a44db6b358]
Event: 9.385 Thread 0x000001a45776b3d0 9055       1       java.util.Spliterators::spliterator (16 bytes)
Event: 9.385 Thread 0x000001a45ca122e0 9056       1       java.util.Spliterators$IteratorSpliterator::<init> (39 bytes)
Event: 9.385 Thread 0x000001a45ca122e0 nmethod 9056 0x000001a44db6b490 code [0x000001a44db6b620, 0x000001a44db6b778]
Event: 9.385 Thread 0x000001a45776b3d0 nmethod 9055 0x000001a44db6b810 code [0x000001a44db6b9c0, 0x000001a44db6bbf8]
Event: 9.407 Thread 0x000001a4579bf780 9057   !   1       jdk.proxy2.$Proxy73::annotationType (29 bytes)
Event: 9.407 Thread 0x000001a4579bf780 nmethod 9057 0x000001a44db6bd10 code [0x000001a44db6bec0, 0x000001a44db6c0d8]
Event: 9.408 Thread 0x000001a45776b3d0 9058   !   1       jdk.proxy2.$Proxy88::annotationType (29 bytes)
Event: 9.408 Thread 0x000001a45776b3d0 nmethod 9058 0x000001a44db6c210 code [0x000001a44db6c3c0, 0x000001a44db6c5d8]

GC Heap History (20 events):
Event: 7.724 GC heap after
{Heap after GC invocations=23 (full 0):
 garbage-first heap   total 95232K, used 39576K [0x0000000084c00000, 0x0000000100000000)
  region size 1024K, 3 young (3072K), 3 survivors (3072K)
 Metaspace       used 69445K, committed 70080K, reserved 1114112K
  class space    used 10222K, committed 10560K, reserved 1048576K
}
Event: 7.955 GC heap before
{Heap before GC invocations=24 (full 0):
 garbage-first heap   total 95232K, used 74392K [0x0000000084c00000, 0x0000000100000000)
  region size 1024K, 38 young (38912K), 3 survivors (3072K)
 Metaspace       used 70953K, committed 71552K, reserved 1114112K
  class space    used 10452K, committed 10752K, reserved 1048576K
}
Event: 7.958 GC heap after
{Heap after GC invocations=25 (full 0):
 garbage-first heap   total 95232K, used 40489K [0x0000000084c00000, 0x0000000100000000)
  region size 1024K, 2 young (2048K), 2 survivors (2048K)
 Metaspace       used 70953K, committed 71552K, reserved 1114112K
  class space    used 10452K, committed 10752K, reserved 1048576K
}
Event: 8.073 GC heap before
{Heap before GC invocations=25 (full 0):
 garbage-first heap   total 95232K, used 76329K [0x0000000084c00000, 0x0000000100000000)
  region size 1024K, 37 young (37888K), 2 survivors (2048K)
 Metaspace       used 71046K, committed 71616K, reserved 1114112K
  class space    used 10465K, committed 10752K, reserved 1048576K
}
Event: 8.076 GC heap after
{Heap after GC invocations=26 (full 0):
 garbage-first heap   total 95232K, used 41212K [0x0000000084c00000, 0x0000000100000000)
  region size 1024K, 3 young (3072K), 3 survivors (3072K)
 Metaspace       used 71046K, committed 71616K, reserved 1114112K
  class space    used 10465K, committed 10752K, reserved 1048576K
}
Event: 8.239 GC heap before
{Heap before GC invocations=26 (full 0):
 garbage-first heap   total 95232K, used 77052K [0x0000000084c00000, 0x0000000100000000)
  region size 1024K, 38 young (38912K), 3 survivors (3072K)
 Metaspace       used 71226K, committed 71872K, reserved 1114112K
  class space    used 10486K, committed 10816K, reserved 1048576K
}
Event: 8.242 GC heap after
{Heap after GC invocations=27 (full 0):
 garbage-first heap   total 95232K, used 41829K [0x0000000084c00000, 0x0000000100000000)
  region size 1024K, 4 young (4096K), 4 survivors (4096K)
 Metaspace       used 71226K, committed 71872K, reserved 1114112K
  class space    used 10486K, committed 10816K, reserved 1048576K
}
Event: 8.424 GC heap before
{Heap before GC invocations=27 (full 0):
 garbage-first heap   total 95232K, used 77669K [0x0000000084c00000, 0x0000000100000000)
  region size 1024K, 39 young (39936K), 4 survivors (4096K)
 Metaspace       used 71705K, committed 72384K, reserved 1114112K
  class space    used 10535K, committed 10880K, reserved 1048576K
}
Event: 8.427 GC heap after
{Heap after GC invocations=28 (full 0):
 garbage-first heap   total 95232K, used 42593K [0x0000000084c00000, 0x0000000100000000)
  region size 1024K, 4 young (4096K), 4 survivors (4096K)
 Metaspace       used 71705K, committed 72384K, reserved 1114112K
  class space    used 10535K, committed 10880K, reserved 1048576K
}
Event: 8.489 GC heap before
{Heap before GC invocations=28 (full 0):
 garbage-first heap   total 95232K, used 78433K [0x0000000084c00000, 0x0000000100000000)
  region size 1024K, 39 young (39936K), 4 survivors (4096K)
 Metaspace       used 71726K, committed 72448K, reserved 1114112K
  class space    used 10538K, committed 10880K, reserved 1048576K
}
Event: 8.494 GC heap after
{Heap after GC invocations=29 (full 0):
 garbage-first heap   total 114688K, used 45436K [0x0000000084c00000, 0x0000000100000000)
  region size 1024K, 5 young (5120K), 5 survivors (5120K)
 Metaspace       used 71726K, committed 72448K, reserved 1114112K
  class space    used 10538K, committed 10880K, reserved 1048576K
}
Event: 8.588 GC heap before
{Heap before GC invocations=29 (full 0):
 garbage-first heap   total 114688K, used 94588K [0x0000000084c00000, 0x0000000100000000)
  region size 1024K, 53 young (54272K), 5 survivors (5120K)
 Metaspace       used 71727K, committed 72448K, reserved 1114112K
  class space    used 10538K, committed 10880K, reserved 1048576K
}
Event: 8.598 GC heap after
{Heap after GC invocations=30 (full 0):
 garbage-first heap   total 114688K, used 56406K [0x0000000084c00000, 0x0000000100000000)
  region size 1024K, 7 young (7168K), 7 survivors (7168K)
 Metaspace       used 71727K, committed 72448K, reserved 1114112K
  class space    used 10538K, committed 10880K, reserved 1048576K
}
Event: 8.801 GC heap before
{Heap before GC invocations=30 (full 0):
 garbage-first heap   total 114688K, used 90198K [0x0000000084c00000, 0x0000000100000000)
  region size 1024K, 40 young (40960K), 7 survivors (7168K)
 Metaspace       used 72647K, committed 73280K, reserved 1114112K
  class space    used 10674K, committed 11008K, reserved 1048576K
}
Event: 8.807 GC heap after
{Heap after GC invocations=31 (full 0):
 garbage-first heap   total 114688K, used 59655K [0x0000000084c00000, 0x0000000100000000)
  region size 1024K, 3 young (3072K), 3 survivors (3072K)
 Metaspace       used 72647K, committed 73280K, reserved 1114112K
  class space    used 10674K, committed 11008K, reserved 1048576K
}
Event: 9.026 GC heap before
{Heap before GC invocations=31 (full 0):
 garbage-first heap   total 114688K, used 91399K [0x0000000084c00000, 0x0000000100000000)
  region size 1024K, 34 young (34816K), 3 survivors (3072K)
 Metaspace       used 73714K, committed 74368K, reserved 1114112K
  class space    used 10829K, committed 11136K, reserved 1048576K
}
Event: 9.030 GC heap after
{Heap after GC invocations=32 (full 0):
 garbage-first heap   total 114688K, used 60223K [0x0000000084c00000, 0x0000000100000000)
  region size 1024K, 4 young (4096K), 4 survivors (4096K)
 Metaspace       used 73714K, committed 74368K, reserved 1114112K
  class space    used 10829K, committed 11136K, reserved 1048576K
}
Event: 9.397 GC heap before
{Heap before GC invocations=33 (full 0):
 garbage-first heap   total 114688K, used 90943K [0x0000000084c00000, 0x0000000100000000)
  region size 1024K, 35 young (35840K), 4 survivors (4096K)
 Metaspace       used 75324K, committed 75968K, reserved 1114112K
  class space    used 11088K, committed 11392K, reserved 1048576K
}
Event: 9.401 GC heap after
{Heap after GC invocations=34 (full 0):
 garbage-first heap   total 114688K, used 61122K [0x0000000084c00000, 0x0000000100000000)
  region size 1024K, 4 young (4096K), 4 survivors (4096K)
 Metaspace       used 75324K, committed 75968K, reserved 1114112K
  class space    used 11088K, committed 11392K, reserved 1048576K
}
Event: 9.408 GC heap before
{Heap before GC invocations=34 (full 0):
 garbage-first heap   total 114688K, used 62146K [0x0000000084c00000, 0x0000000100000000)
  region size 1024K, 5 young (5120K), 4 survivors (4096K)
 Metaspace       used 75324K, committed 75968K, reserved 1114112K
  class space    used 11088K, committed 11392K, reserved 1048576K
}

Deoptimization events (20 events):
Event: 1.061 Thread 0x000001a45c53ec90 DEOPT PACKING pc=0x000001a44cf46d99 sp=0x000000247bffca90
Event: 1.061 Thread 0x000001a45c53ec90 DEOPT UNPACKING pc=0x000001a44caf66e3 sp=0x000000247bffbf70 mode 3
Event: 1.226 Thread 0x000001a45c53ec90 DEOPT PACKING pc=0x000001a44cfbc1d5 sp=0x000000247bffcf70
Event: 1.226 Thread 0x000001a45c53ec90 DEOPT UNPACKING pc=0x000001a44caf66e3 sp=0x000000247bffc418 mode 3
Event: 2.644 Thread 0x000001a45c53ec90 DEOPT PACKING pc=0x000001a44d335e19 sp=0x000000247bffd550
Event: 2.644 Thread 0x000001a45c53ec90 DEOPT UNPACKING pc=0x000001a44caf66e3 sp=0x000000247bffca30 mode 3
Event: 3.022 Thread 0x000001a45c53ec90 DEOPT PACKING pc=0x000001a44d39c542 sp=0x000000247bffd3b0
Event: 3.022 Thread 0x000001a45c53ec90 DEOPT UNPACKING pc=0x000001a44caf66e3 sp=0x000000247bffc948 mode 0
Event: 3.983 Thread 0x000001a45c53ec90 DEOPT PACKING pc=0x000001a44d44a91d sp=0x000000247bffbef0
Event: 3.983 Thread 0x000001a45c53ec90 DEOPT UNPACKING pc=0x000001a44caf66e3 sp=0x000000247bffb458 mode 3
Event: 4.005 Thread 0x000001a45c53ec90 DEOPT PACKING pc=0x000001a44cf53201 sp=0x000000247bffdf50
Event: 4.005 Thread 0x000001a45c53ec90 DEOPT UNPACKING pc=0x000001a44caf66e3 sp=0x000000247bffd3e0 mode 3
Event: 4.005 Thread 0x000001a45d782a00 DEOPT PACKING pc=0x000001a44cf4c197 sp=0x000000247caff290
Event: 4.005 Thread 0x000001a45d782a00 DEOPT UNPACKING pc=0x000001a44caf66e3 sp=0x000000247cafe6e8 mode 3
Event: 6.884 Thread 0x000001a45c53ec90 DEOPT PACKING pc=0x000001a44d0bde22 sp=0x000000247bffc710
Event: 6.884 Thread 0x000001a45c53ec90 DEOPT UNPACKING pc=0x000001a44caf66e3 sp=0x000000247bffbc18 mode 3
Event: 6.884 Thread 0x000001a45c53ec90 DEOPT PACKING pc=0x000001a44d0ae615 sp=0x000000247bffc6d0
Event: 6.884 Thread 0x000001a45c53ec90 DEOPT UNPACKING pc=0x000001a44caf66e3 sp=0x000000247bffbc18 mode 3
Event: 7.096 Thread 0x000001a45c53ec90 DEOPT PACKING pc=0x000001a44cfa2ca4 sp=0x000000247bffbb30
Event: 7.096 Thread 0x000001a45c53ec90 DEOPT UNPACKING pc=0x000001a44caf66e3 sp=0x000000247bffb088 mode 0

Classes unloaded (3 events):
Event: 9.080 Thread 0x000001a45774c520 Unloading class 0x000001a401ab1800 'jdk/internal/reflect/GeneratedSerializationConstructorAccessor3'
Event: 9.080 Thread 0x000001a45774c520 Unloading class 0x000001a401ab1000 'jdk/internal/reflect/GeneratedSerializationConstructorAccessor2'
Event: 9.080 Thread 0x000001a45774c520 Unloading class 0x000001a401aa9000 'jdk/internal/reflect/GeneratedSerializationConstructorAccessor1'

Classes redefined (0 events):
No events

Internal exceptions (20 events):
Event: 7.385 Thread 0x000001a45c53ec90 Exception <a 'java/lang/reflect/InvocationTargetException'{0x000000008afa4d10}> (0x000000008afa4d10) 
thrown [s\open\src\hotspot\share\runtime\reflection.cpp, line 1121]
Event: 7.387 Thread 0x000001a45c53ec90 Exception <a 'java/lang/reflect/InvocationTargetException'{0x000000008afb62d0}> (0x000000008afb62d0) 
thrown [s\open\src\hotspot\share\runtime\reflection.cpp, line 1121]
Event: 7.407 Thread 0x000001a45c53ec90 Exception <a 'java/lang/reflect/InvocationTargetException'{0x000000008aea5930}> (0x000000008aea5930) 
thrown [s\open\src\hotspot\share\runtime\reflection.cpp, line 1121]
Event: 7.412 Thread 0x000001a45c53ec90 Exception <a 'java/lang/reflect/InvocationTargetException'{0x000000008aec8e60}> (0x000000008aec8e60) 
thrown [s\open\src\hotspot\share\runtime\reflection.cpp, line 1121]
Event: 7.413 Thread 0x000001a45c53ec90 Exception <a 'java/lang/reflect/InvocationTargetException'{0x000000008aed3500}> (0x000000008aed3500) 
thrown [s\open\src\hotspot\share\runtime\reflection.cpp, line 1121]
Event: 7.599 Thread 0x000001a45c53ec90 Exception <a 'java/lang/reflect/InvocationTargetException'{0x00000000883a5608}> (0x00000000883a5608) 
thrown [s\open\src\hotspot\share\runtime\reflection.cpp, line 1121]
Event: 7.816 Thread 0x000001a45c53ec90 Exception <a 'java/lang/reflect/InvocationTargetException'{0x000000008a0671c0}> (0x000000008a0671c0) 
thrown [s\open\src\hotspot\share\runtime\reflection.cpp, line 1121]
Event: 7.818 Thread 0x000001a45c53ec90 Exception <a 'java/lang/reflect/InvocationTargetException'{0x000000008a07ba10}> (0x000000008a07ba10) 
thrown [s\open\src\hotspot\share\runtime\reflection.cpp, line 1121]
Event: 7.819 Thread 0x000001a45c53ec90 Exception <a 'java/lang/reflect/InvocationTargetException'{0x000000008a086538}> (0x000000008a086538) 
thrown [s\open\src\hotspot\share\runtime\reflection.cpp, line 1121]
Event: 7.820 Thread 0x000001a45c53ec90 Exception <a 'java/lang/reflect/InvocationTargetException'{0x000000008a092c38}> (0x000000008a092c38) 
thrown [s\open\src\hotspot\share\runtime\reflection.cpp, line 1121]
Event: 7.821 Thread 0x000001a45c53ec90 Exception <a 'java/lang/reflect/InvocationTargetException'{0x000000008a09e918}> (0x000000008a09e918) 
thrown [s\open\src\hotspot\share\runtime\reflection.cpp, line 1121]
Event: 7.825 Thread 0x000001a45c53ec90 Exception <a 'java/lang/reflect/InvocationTargetException'{0x000000008a0e9818}> (0x000000008a0e9818) 
thrown [s\open\src\hotspot\share\runtime\reflection.cpp, line 1121]
Event: 8.707 Thread 0x000001a45c53ec90 Exception <a 'java/lang/NoSuchMethodError'{0x000000008a5ef8e0}: 'java.lang.Object java.lang.invoke.Invokers$Holder.invoker(java.lang.Object, java.lang.Object, java.lang.Object, java.lang.Object)'> (0x000000008a5ef8e0) 
thrown [s\open\src\hotspot\share\interpreter\linkResolver.cpp, line 759]
Event: 8.708 Thread 0x000001a45c53ec90 Exception <a 'java/lang/NoSuchMethodError'{0x000000008a5f9270}: 'int java.lang.invoke.DirectMethodHandle$Holder.invokeSpecial(java.lang.Object, java.lang.Object, java.lang.Object, int)'> (0x000000008a5f9270) 
thrown [s\open\src\hotspot\share\interpreter\linkResolver.cpp, line 759]
Event: 8.709 Thread 0x000001a45c53ec90 Exception <a 'java/lang/NoSuchMethodError'{0x000000008a40b780}: 'java.lang.Object java.lang.invoke.DirectMethodHandle$Holder.invokeStatic(java.lang.Object, java.lang.Object, java.lang.Object, java.lang.Object, int)'> (0x000000008a40b780) 
thrown [s\open\src\hotspot\share\interpreter\linkResolver.cpp, line 759]
Event: 8.709 Thread 0x000001a45c53ec90 Exception <a 'java/lang/NoSuchMethodError'{0x000000008a4161b0}: 'void java.lang.invoke.DelegatingMethodHandle$Holder.reinvoke_L(java.lang.Object, java.lang.Object, int)'> (0x000000008a4161b0) 
thrown [s\open\src\hotspot\share\interpreter\linkResolver.cpp, line 759]
Event: 8.709 Thread 0x000001a45c53ec90 Exception <a 'java/lang/NoSuchMethodError'{0x000000008a424068}: 'java.lang.Object java.lang.invoke.Invokers$Holder.invokeExact_MT(java.lang.Object, java.lang.Object, java.lang.Object, java.lang.Object)'> (0x000000008a424068) 
thrown [s\open\src\hotspot\share\interpreter\linkResolver.cpp, line 759]
Event: 9.286 Thread 0x000001a45c53ec90 Exception <a 'java/lang/IncompatibleClassChangeError'{0x000000008a8e6480}: Found class java.lang.Object, but interface was expected> (0x000000008a8e6480) 
thrown [s\open\src\hotspot\share\interpreter\linkResolver.cpp, line 826]
Event: 9.334 Thread 0x000001a45c53ec90 Exception <a 'java/lang/NoSuchMethodError'{0x000000008a3a4240}: 'java.lang.Object java.lang.invoke.DirectMethodHandle$Holder.newInvokeSpecial(java.lang.Object, java.lang.Object, java.lang.Object, java.lang.Object, java.lang.Object, java.lang.Object, java.lang.Object, java.lang.Object, java.lang.Object)'> (0x000000008a3a4240) 
thrown [s\open\src\hotspot\share\interpreter\linkResolver.cpp, line 759]
Event: 9.334 Thread 0x000001a45c53ec90 Exception <a 'java/lang/NoSuchMethodError'{0x000000008a3a9488}: 'java.lang.Object java.lang.invoke.Invokers$Holder.linkToTargetMethod(java.lang.Object, java.lang.Object, java.lang.Object, java.lang.Object, java.lang.Object, java.lang.Object, java.lang.Object, java.lang.Object, java.lang.Object)'> (0x000000008a3a9488) 
thrown [s\open\src\hotspot\share\interpreter\linkResolver.cpp, line 759]

VM Operations (20 events):
Event: 8.807 Executing VM operation: G1CollectForAllocation done
Event: 9.006 Executing VM operation: HandshakeAllThreads
Event: 9.006 Executing VM operation: HandshakeAllThreads done
Event: 9.026 Executing VM operation: G1CollectForAllocation
Event: 9.030 Executing VM operation: G1CollectForAllocation done
Event: 9.079 Executing VM operation: G1Concurrent
Event: 9.094 Executing VM operation: G1Concurrent done
Event: 9.113 Executing VM operation: G1Concurrent
Event: 9.113 Executing VM operation: G1Concurrent done
Event: 9.178 Executing VM operation: HandshakeAllThreads
Event: 9.178 Executing VM operation: HandshakeAllThreads done
Event: 9.198 Executing VM operation: HandshakeAllThreads
Event: 9.198 Executing VM operation: HandshakeAllThreads done
Event: 9.198 Executing VM operation: HandshakeAllThreads
Event: 9.199 Executing VM operation: HandshakeAllThreads done
Event: 9.387 Executing VM operation: HandshakeAllThreads
Event: 9.387 Executing VM operation: HandshakeAllThreads done
Event: 9.397 Executing VM operation: G1CollectForAllocation
Event: 9.401 Executing VM operation: G1CollectForAllocation done
Event: 9.408 Executing VM operation: G1CollectForAllocation

Events (20 events):
Event: 9.003 loading class java/util/Base64
Event: 9.003 loading class java/util/Base64 done
Event: 9.003 loading class java/util/Base64$Encoder
Event: 9.003 loading class java/util/Base64$Encoder done
Event: 9.005 loading class java/nio/StringCharBuffer
Event: 9.005 loading class java/nio/StringCharBuffer done
Event: 9.006 loading class javax/crypto/SecretKeyFactory
Event: 9.007 loading class javax/crypto/SecretKeyFactory done
Event: 9.007 loading class com/sun/crypto/provider/PBKDF2Core$HmacSHA256
Event: 9.007 loading class com/sun/crypto/provider/PBKDF2Core
Event: 9.008 loading class javax/crypto/SecretKeyFactorySpi
Event: 9.008 loading class javax/crypto/SecretKeyFactorySpi done
Event: 9.008 loading class com/sun/crypto/provider/PBKDF2Core done
Event: 9.008 loading class com/sun/crypto/provider/PBKDF2Core$HmacSHA256 done
Event: 9.211 loading class sun/reflect/annotation/AnnotatedTypeFactory$AnnotatedArrayTypeImpl
Event: 9.212 loading class sun/reflect/annotation/AnnotatedTypeFactory$AnnotatedArrayTypeImpl done
Event: 9.373 loading class java/util/EnumMap$EntryIterator$Entry
Event: 9.373 loading class java/util/EnumMap$EntryIterator$Entry done
Event: 9.379 loading class sun/reflect/annotation/AnnotationSupport
Event: 9.380 loading class sun/reflect/annotation/AnnotationSupport done


Dynamic libraries:
0x00007ff6f1b60000 - 0x00007ff6f1b70000 	D:\downApp\bin\java.exe
0x00007fff55e50000 - 0x00007fff56067000 	C:\WINDOWS\SYSTEM32\ntdll.dll
0x00007fff54e70000 - 0x00007fff54f34000 	C:\WINDOWS\System32\KERNEL32.DLL
0x00007fff53350000 - 0x00007fff53722000 	C:\WINDOWS\System32\KERNELBASE.dll
0x00007fff53730000 - 0x00007fff53841000 	C:\WINDOWS\System32\ucrtbase.dll
0x00007fff360c0000 - 0x00007fff360db000 	D:\downApp\bin\VCRUNTIME140.dll
0x00007fff416e0000 - 0x00007fff416f9000 	D:\downApp\bin\jli.dll
0x00007fff54db0000 - 0x00007fff54e61000 	C:\WINDOWS\System32\ADVAPI32.dll
0x00007fff55b10000 - 0x00007fff55bb7000 	C:\WINDOWS\System32\msvcrt.dll
0x00007fff543c0000 - 0x00007fff54468000 	C:\WINDOWS\System32\sechost.dll
0x00007fff538d0000 - 0x00007fff538f8000 	C:\WINDOWS\System32\bcrypt.dll
0x00007fff54f40000 - 0x00007fff55054000 	C:\WINDOWS\System32\RPCRT4.dll
0x00007fff55950000 - 0x00007fff55b01000 	C:\WINDOWS\System32\USER32.dll
0x00007fff52f40000 - 0x00007fff52f66000 	C:\WINDOWS\System32\win32u.dll
0x00007fff408a0000 - 0x00007fff40b3b000 	C:\WINDOWS\WinSxS\amd64_microsoft.windows.common-controls_6595b64144ccf1df_6.0.22621.5415_none_270d77d17387d7da\COMCTL32.dll
0x00007fff55d90000 - 0x00007fff55db9000 	C:\WINDOWS\System32\GDI32.dll
0x00007fff530e0000 - 0x00007fff53203000 	C:\WINDOWS\System32\gdi32full.dll
0x00007fff539c0000 - 0x00007fff53a5a000 	C:\WINDOWS\System32\msvcp_win.dll
0x00007fff4cb50000 - 0x00007fff4cb5a000 	C:\WINDOWS\SYSTEM32\VERSION.dll
0x00007fff55dc0000 - 0x00007fff55df1000 	C:\WINDOWS\System32\IMM32.DLL
0x00007fff360b0000 - 0x00007fff360bc000 	D:\downApp\bin\vcruntime140_1.dll
0x00007fff360e0000 - 0x00007fff3616e000 	D:\downApp\bin\msvcp140.dll
0x00007ffe9bb30000 - 0x00007ffe9c711000 	D:\downApp\bin\server\jvm.dll
0x00007fff55e00000 - 0x00007fff55e08000 	C:\WINDOWS\System32\PSAPI.DLL
0x00007fff4c9a0000 - 0x00007fff4c9a9000 	C:\WINDOWS\SYSTEM32\WSOCK32.dll
0x00007fff46600000 - 0x00007fff46634000 	C:\WINDOWS\SYSTEM32\WINMM.dll
0x00007fff55400000 - 0x00007fff55471000 	C:\WINDOWS\System32\WS2_32.dll
0x00007fff52020000 - 0x00007fff52038000 	C:\WINDOWS\SYSTEM32\kernel.appcore.dll
0x00007fff4cf50000 - 0x00007fff4cf5a000 	D:\downApp\bin\jimage.dll
0x00007fff50940000 - 0x00007fff50b73000 	C:\WINDOWS\SYSTEM32\DBGHELP.DLL
0x00007fff54010000 - 0x00007fff543a3000 	C:\WINDOWS\System32\combase.dll
0x00007fff55060000 - 0x00007fff55137000 	C:\WINDOWS\System32\OLEAUT32.dll
0x00007fff35af0000 - 0x00007fff35b22000 	C:\WINDOWS\SYSTEM32\dbgcore.DLL
0x00007fff53a60000 - 0x00007fff53adb000 	C:\WINDOWS\System32\bcryptPrimitives.dll
0x00007fff40750000 - 0x00007fff40775000 	D:\downApp\bin\java.dll
0x00007ffeffff0000 - 0x00007fff000c7000 	D:\downApp\bin\jsvml.dll
0x00007fff54500000 - 0x00007fff54da2000 	C:\WINDOWS\System32\SHELL32.dll
0x00007fff53210000 - 0x00007fff5334f000 	C:\WINDOWS\System32\wintypes.dll
0x00007fff50e20000 - 0x00007fff5173e000 	C:\WINDOWS\SYSTEM32\windows.storage.dll
0x00007fff55530000 - 0x00007fff5563b000 	C:\WINDOWS\System32\SHCORE.dll
0x00007fff55640000 - 0x00007fff556a9000 	C:\WINDOWS\System32\shlwapi.dll
0x00007fff52e70000 - 0x00007fff52e9b000 	C:\WINDOWS\SYSTEM32\profapi.dll
0x00007fff40670000 - 0x00007fff40689000 	D:\downApp\bin\net.dll
0x00007fff4c200000 - 0x00007fff4c32c000 	C:\WINDOWS\SYSTEM32\WINHTTP.dll
0x00007fff52490000 - 0x00007fff524f9000 	C:\WINDOWS\system32\mswsock.dll
0x00007fff40650000 - 0x00007fff40666000 	D:\downApp\bin\nio.dll
0x00007fff40630000 - 0x00007fff40648000 	D:\downApp\bin\zip.dll
0x00007fff4c960000 - 0x00007fff4c970000 	D:\downApp\bin\verify.dll
0x00007fff424e0000 - 0x00007fff424ea000 	D:\downApp\bin\management.dll
0x00007fff420e0000 - 0x00007fff420eb000 	D:\downApp\bin\management_ext.dll
0x00007fff41b10000 - 0x00007fff41b1e000 	D:\downApp\bin\sunmscapi.dll
0x00007fff52f70000 - 0x00007fff530d7000 	C:\WINDOWS\System32\CRYPT32.dll
0x00007fff528d0000 - 0x00007fff528fd000 	C:\WINDOWS\SYSTEM32\ncrypt.dll
0x00007fff52890000 - 0x00007fff528c7000 	C:\WINDOWS\SYSTEM32\NTASN1.dll
0x00007fff526d0000 - 0x00007fff526eb000 	C:\WINDOWS\SYSTEM32\CRYPTSP.dll
0x00007fff51f80000 - 0x00007fff51fb7000 	C:\WINDOWS\system32\rsaenh.dll
0x00007fff52540000 - 0x00007fff52568000 	C:\WINDOWS\SYSTEM32\USERENV.dll
0x00007fff526c0000 - 0x00007fff526cc000 	C:\WINDOWS\SYSTEM32\CRYPTBASE.dll
0x00007fff51a60000 - 0x00007fff51a8d000 	C:\WINDOWS\SYSTEM32\IPHLPAPI.DLL
0x00007fff552e0000 - 0x00007fff552e9000 	C:\WINDOWS\System32\NSI.dll
0x00007fff4cf70000 - 0x00007fff4cf89000 	C:\WINDOWS\SYSTEM32\dhcpcsvc6.DLL
0x00007fff4cb60000 - 0x00007fff4cb7f000 	C:\WINDOWS\SYSTEM32\dhcpcsvc.DLL
0x00007fff51a90000 - 0x00007fff51b88000 	C:\WINDOWS\SYSTEM32\DNSAPI.dll
0x00007fff40230000 - 0x00007fff4023a000 	C:\Windows\System32\rasadhlp.dll
0x00007fff4a780000 - 0x00007fff4a804000 	C:\WINDOWS\System32\fwpuclnt.dll

dbghelp: loaded successfully - version: 4.0.5 - missing functions: none
symbol engine: initialized successfully - sym options: 0x614 - pdb path: .;D:\downApp\bin;C:\WINDOWS\SYSTEM32;C:\WINDOWS\WinSxS\amd64_microsoft.windows.common-controls_6595b64144ccf1df_6.0.22621.5415_none_270d77d17387d7da;D:\downApp\bin\server

VM Arguments:
jvm_args: -XX:TieredStopAtLevel=1 -Dfile.encoding=windows-1258 -Duser.country=US -Duser.language=en -Duser.variant 
java_command: vn.doan.lms.LMSApplication
java_class_path (initial): D:\java\vscodejava\doan\be\new\lms\build\classes\java\main;D:\java\vscodejava\doan\be\new\lms\build\resources\main;C:\Users\ASUS\.gradle\caches\modules-2\files-2.1\org.springframework.boot\spring-boot-devtools\3.2.4\ccd261700a4ff8e8f629a4d267f0b4f53ca17897\spring-boot-devtools-3.2.4.jar;C:\Users\ASUS\.gradle\caches\modules-2\files-2.1\org.modelmapper\modelmapper\3.1.1\6636e94590e9d98e5e7db7e4fafcc15e9390e18d\modelmapper-3.1.1.jar;C:\Users\ASUS\.gradle\caches\modules-2\files-2.1\com.cloudinary\cloudinary-http44\1.37.0\21dcbe47daf03c1856278793f15c9680636516e5\cloudinary-http44-1.37.0.jar;C:\Users\ASUS\.gradle\caches\modules-2\files-2.1\commons-io\commons-io\2.11.0\a2503f302b11ebde7ebc3df41daebe0e4eea3689\commons-io-2.11.0.jar;C:\Users\ASUS\.gradle\caches\modules-2\files-2.1\org.thymeleaf.extras\thymeleaf-extras-springsecurity6\3.1.2.RELEASE\574c188eb147191e2f162419e9fc780fcf3256d7\thymeleaf-extras-springsecurity6-3.1.2.RELEASE.jar;C:\Users\ASUS\.gradle\caches\modules-2\files-2.1\com.mysql\mysql-connector-j\8.3.0\1cc7fa5d61f4bbc113531a4ba6d85d41cf3d57e1\mysql-connector-j-8.3.0.jar;C:\Users\ASUS\.gradle\caches\modules-2\files-2.1\org.springframework.boot\spring-boot-actuator-autoconfigure\3.2.4\fc5d94aa9b147786d60379f7365cb4bf6766cdad\spring-boot-actuator-autoconfigure-3.2.4.jar;C:\Users\ASUS\.gradle\caches\modules-2\files-2.1\org.springframework.boot\spring-boot-autoconfigure\3.2.4\b3f481aff8f0775f44d78399c804a8c52d75b971\spring-boot-autoconfigure-3.2.4.jar;C:\Users\ASUS\.gradle\caches\modules-2\files-2.1\org.springframework.boot\spring-boot-actuator\3.2.4\9921454129e42a4c6806240885ed763eb874cd24\spring-boot-actuator-3.2.4.jar;C:\Users\ASUS\.gradle\caches\modules-2\files-2.1\org.springframework.boot\spring-boot\3.2.4\ccb7cbb30dcf1d91dbbf20a3219a457eead46601\spring-boot-3.2.4.jar;C:\Users\ASUS\.gradle\caches\modules-2\files-2.1\io.micrometer\micrometer-jakarta9\1.12.4\354b0798834e415a64f16125e27a1a7e5dc0aee4\micrometer-jakarta9-1.12.4.jar;C:
Launcher Type: SUN_STANDARD

[Global flags]
     intx CICompilerCount                          = 4                                         {product} {ergonomic}
     uint ConcGCThreads                            = 2                                         {product} {ergonomic}
     uint G1ConcRefinementThreads                  = 8                                         {product} {ergonomic}
   size_t G1HeapRegionSize                         = 1048576                                   {product} {ergonomic}
    uintx GCDrainStackTargetSize                   = 64                                        {product} {ergonomic}
   size_t InitialHeapSize                          = 130023424                                 {product} {ergonomic}
   size_t MarkStackSize                            = 4194304                                   {product} {ergonomic}
   size_t MaxHeapSize                              = 2067791872                                {product} {ergonomic}
   size_t MaxNewSize                               = 1240465408                                {product} {ergonomic}
   size_t MinHeapDeltaBytes                        = 1048576                                   {product} {ergonomic}
   size_t MinHeapSize                              = 8388608                                   {product} {ergonomic}
    uintx NonProfiledCodeHeapSize                  = 0                                      {pd product} {ergonomic}
     bool ProfileInterpreter                       = false                                  {pd product} {command line}
    uintx ProfiledCodeHeapSize                     = 0                                      {pd product} {ergonomic}
   size_t SoftMaxHeapSize                          = 2067791872                             {manageable} {ergonomic}
     intx TieredStopAtLevel                        = 1                                         {product} {command line}
     bool UseCompressedClassPointers               = true                           {product lp64_product} {ergonomic}
     bool UseCompressedOops                        = true                           {product lp64_product} {ergonomic}
     bool UseG1GC                                  = true                                      {product} {ergonomic}
     bool UseLargePagesIndividualAllocation        = false                                  {pd product} {ergonomic}

Logging:
Log output configuration:
 #0: stdout all=warning uptime,level,tags
 #1: stderr all=off uptime,level,tags

Environment Variables:
JAVA_HOME=D:\downApp
CLASSPATH=D:\java\vscodejava\doan\be\new\lms\\gradle\wrapper\gradle-wrapper.jar
PATH=C:\Program Files\Common Files\Oracle\Java\javapath;D:\downApp\Scripts\;D:\downApp\;C:\Program Files\Microsoft MPI\Bin\;C:\Program Files (x86)\Common Files\Oracle\Java\javapath;C:\Windows\system32;C:\Windows;C:\Windows\System32\Wbem;C:\Windows\System32\WindowsPowerShell\v1.0\;C:\Windows\System32\OpenSSH\;C:\Program Files (x86)\NVIDIA Corporation\PhysX\Common;C:\Program Files\NVIDIA Corporation\NVIDIA NvDLISR;C:\WINDOWS\system32;C:\WINDOWS;C:\WINDOWS\System32\Wbem;C:\WINDOWS\System32\WindowsPowerShell\v1.0\;C:\WINDOWS\System32\OpenSSH\;C:\MinGW\bin;C:\Program Files\dotnet\;C:\Program Files\Microsoft SQL Server\150\Tools\Binn\;C:\Program Files\Microsoft SQL Server\Client SDK\ODBC\170\Tools\Binn\;C:\Program Files (x86)\Microsoft SQL Server\150\Tools\Binn\;C:\Program Files\Microsoft SQL Server\150\DTS\Binn\;C:\Program Files\Azure Data Studio\bin;C:\WINDOWS\system32;C:\WINDOWS;C:\WINDOWS\System32\Wbem;C:\WINDOWS\System32\WindowsPowerShell\v1.0\;C:\WINDOWS\System32\OpenSSH\;C:\laragon\bin\php\php-8.1.10-Win32-vs16-x64;D:\Git\Git\cmd;D:\laragon\laragon\bin\php\php-8.1.10-Win32-vs16-x64;D:\laragon\laragon;C:\Program Files (x86)\Microsoft SQL Server\160\Tools\Binn\;C:\Program Files\Microsoft SQL Server\160\Tools\Binn\;C:\Program Files\Microsoft SQL Server\160\DTS\Binn\;C:\Program Files\Java\apache-maven-3.9.9\bin;C:\Program Files\MySQL\MySQL Shell 8.0\bin\;C:\Users\ASUS\AppData\Local\Programs\Python\Python312\Scripts\;C:\Users\ASUS\AppData\Local\Programs\Python\Python312\;C:\Users\ASUS\AppData\Local\Programs\Python\Python311\Scripts\;C:\Users\ASUS\AppData\Local\Programs\Python\Python311\;D:\python\Scripts\;D:\python\;C:\Users\ASUS\AppData\Local\Microsoft\WindowsApps;D:\Microsoft VS Code\bin;C:\Program Files (x86)\Dev-Cpp\MinGW64\bin;C:\msys64\mingw64\bin;C:\Users\ASUS\.dotnet\tools;C:\Program Files\Azure Data Studio\bin;C:\Users\ASUS\AppData\Local\JetBrains\Toolbox\scripts;C:\Users\ASUS\AppData\Roaming\Composer\vendor\bin;C:\Users\ASUS\AppData\Local\Microsoft\WindowsApps;D:
USERNAME=ASUS
LANG=en_US.UTF-8
OS=Windows_NT
PROCESSOR_IDENTIFIER=Intel64 Family 6 Model 140 Stepping 1, GenuineIntel



---------------  S Y S T E M  ---------------

OS:
 Windows 11 , 64 bit Build 22621 (10.0.22621.5415)
OS uptime: 9 days 1:51 hours
Hyper-V role detected

CPU: total 8 (initial active 8) (4 cores per cpu, 2 threads per core) family 6 model 140 stepping 1 microcode 0x86, cx8, cmov, fxsr, ht, mmx, 3dnowpref, sse, sse2, sse3, ssse3, sse4.1, sse4.2, popcnt, lzcnt, tsc, tscinvbit, avx, avx2, aes, erms, clmul, bmi1, bmi2, adx, avx512f, avx512dq, avx512cd, avx512bw, avx512vl, sha, fma, vzeroupper, avx512_vpopcntdq, avx512_vpclmulqdq, avx512_vaes, avx512_vnni, clflush, clflushopt, clwb, avx512_vbmi2, avx512_vbmi, hv

Memory: 4k page, system-wide physical 7883M (438M free)
TotalPageFile size 28638M (AvailPageFile size 21M)
current process WorkingSet (physical memory assigned to process): 279M, peak: 279M
current process commit charge ("private bytes"): 334M, peak: 384M

vm_info: Java HotSpot(TM) 64-Bit Server VM (17.0.9+11-LTS-201) for windows-amd64 JRE (17.0.9+11-LTS-201), built on Oct 10 2023 23:16:06 by "mach5one" with MS VC++ 17.1 (VS2022)

END.
