#
# There is insufficient memory for the Java Runtime Environment to continue.
# Native memory allocation (malloc) failed to allocate 1725136 bytes for Chunk::new
# Possible reasons:
#   The system is out of physical RAM or swap space
#   The process is running with CompressedOops enabled, and the Java Heap may be blocking the growth of the native heap
# Possible solutions:
#   Reduce memory load on the system
#   Increase physical memory or swap space
#   Check if swap backing store is full
#   Decrease Java heap size (-Xmx/-Xms)
#   Decrease number of Java threads
#   Decrease Java thread stack sizes (-Xss)
#   Set larger code cache with -XX:ReservedCodeCacheSize=
#   JVM is running with Unscaled Compressed Oops mode in which the Java heap is
#     placed in the first 4GB address space. The Java Heap base address is the
#     maximum limit for the native heap growth. Please use -XX:HeapBaseMinAddress
#     to set the Java Heap base and to place the Java Heap above 4GB virtual address.
# This output file may be truncated or incomplete.
#
#  Out of Memory Error (arena.cpp:189), pid=10072, tid=14548
#
# JRE version: Java(TM) SE Runtime Environment (17.0.9+11) (build 17.0.9+11-LTS-201)
# Java VM: Java HotSpot(TM) 64-Bit Server VM (17.0.9+11-LTS-201, mixed mode, sharing, tiered, compressed oops, compressed class ptrs, g1 gc, windows-amd64)
# No core dump will be written. Minidumps are not enabled by default on client versions of Windows
#

---------------  S U M M A R Y ------------

Command Line: -XX:MaxMetaspaceSize=128m -XX:+UseG1GC --add-opens=java.base/java.util=ALL-UNNAMED --add-opens=java.base/java.lang=ALL-UNNAMED --add-opens=java.base/java.lang.invoke=ALL-UNNAMED --add-opens=java.prefs/java.util.prefs=ALL-UNNAMED --add-opens=java.base/java.nio.charset=ALL-UNNAMED --add-opens=java.base/java.net=ALL-UNNAMED --add-opens=java.base/java.util.concurrent.atomic=ALL-UNNAMED -Xmx256m -Dfile.encoding=utf8 -Duser.country=US -Duser.language=en -Duser.variant -javaagent:C:\Users\ASUS\.gradle\wrapper\dists\gradle-8.7-bin\bhs2wmbdwecv87pi65oeuq5iu\gradle-8.7\lib\agents\gradle-instrumentation-agent-8.7.jar org.gradle.launcher.daemon.bootstrap.GradleDaemon 8.7

Host: 11th Gen Intel(R) Core(TM) i7-11370H @ 3.30GHz, 8 cores, 7G,  Windows 11 , 64 bit Build 22621 (10.0.22621.5415)
Time: Sun Jun 29 16:38:30 2025 SE Asia Standard Time elapsed time: 5.410833 seconds (0d 0h 0m 5s)

---------------  T H R E A D  ---------------

Current thread (0x000001afac4479e0):  JavaThread "C2 CompilerThread0" daemon [_thread_in_native, id=14548, stack(0x0000007963600000,0x0000007963700000)]


Current CompileTask:
C2:   5410 3964       4       groovyjarjarantlr4.v4.runtime.atn.PredictionContext::getCachedContext (297 bytes)

Stack: [0x0000007963600000,0x0000007963700000]
Native frames: (J=compiled Java code, j=interpreted, Vv=VM code, C=native code)
V  [jvm.dll+0x678a4a]
V  [jvm.dll+0x7d9cfd]
V  [jvm.dll+0x7db60e]
V  [jvm.dll+0x7dbc73]
V  [jvm.dll+0x245e1f]
V  [jvm.dll+0xaaafb]
V  [jvm.dll+0xab09c]
V  [jvm.dll+0x36232f]
V  [jvm.dll+0x32ca01]
V  [jvm.dll+0x32be9a]
V  [jvm.dll+0x21812f]
V  [jvm.dll+0x217561]
V  [jvm.dll+0x1a3bc0]
V  [jvm.dll+0x2272de]
V  [jvm.dll+0x22548b]
V  [jvm.dll+0x78f58c]
V  [jvm.dll+0x78998a]
V  [jvm.dll+0x677875]
C  [ucrtbase.dll+0x29333]
C  [KERNEL32.DLL+0x1259d]
C  [ntdll.dll+0x5af78]


---------------  P R O C E S S  ---------------

Threads class SMR info:
_java_thread_list=0x000001afbbe991e0, length=34, elements={
0x000001af925580d0, 0x000001afac42e090, 0x000001afac42eb60, 0x000001afac43f180,
0x000001afac441b60, 0x000001afac446460, 0x000001afac446d30, 0x000001afac4479e0,
0x000001afac454be0, 0x000001afac4554f0, 0x000001afac695cb0, 0x000001afac78bd80,
0x000001afba8b7cc0, 0x000001afb9e141e0, 0x000001afbb662aa0, 0x000001afba0899f0,
0x000001afba31f030, 0x000001afba9b35f0, 0x000001afba8aa5a0, 0x000001afb9ab9010,
0x000001afb9abb380, 0x000001afb9aba450, 0x000001afb9aba960, 0x000001afb9ab9a30,
0x000001afb9ab9520, 0x000001afbab58ad0, 0x000001afb9abae70, 0x000001afb9abb890,
0x000001afb9abbda0, 0x000001afb9abc2b0, 0x000001afb9abc7c0, 0x000001afbb25a450,
0x000001afbb259f40, 0x000001afbb25a960
}

Java Threads: ( => current thread )
  0x000001af925580d0 JavaThread "main" [_thread_blocked, id=14684, stack(0x0000007962900000,0x0000007962a00000)]
  0x000001afac42e090 JavaThread "Reference Handler" daemon [_thread_blocked, id=6196, stack(0x0000007963000000,0x0000007963100000)]
  0x000001afac42eb60 JavaThread "Finalizer" daemon [_thread_blocked, id=20284, stack(0x0000007963100000,0x0000007963200000)]
  0x000001afac43f180 JavaThread "Signal Dispatcher" daemon [_thread_blocked, id=7600, stack(0x0000007963200000,0x0000007963300000)]
  0x000001afac441b60 JavaThread "Attach Listener" daemon [_thread_blocked, id=11156, stack(0x0000007963300000,0x0000007963400000)]
  0x000001afac446460 JavaThread "Service Thread" daemon [_thread_blocked, id=8216, stack(0x0000007963400000,0x0000007963500000)]
  0x000001afac446d30 JavaThread "Monitor Deflation Thread" daemon [_thread_blocked, id=14140, stack(0x0000007963500000,0x0000007963600000)]
=>0x000001afac4479e0 JavaThread "C2 CompilerThread0" daemon [_thread_in_native, id=14548, stack(0x0000007963600000,0x0000007963700000)]
  0x000001afac454be0 JavaThread "C1 CompilerThread0" daemon [_thread_in_native, id=24380, stack(0x0000007963700000,0x0000007963800000)]
  0x000001afac4554f0 JavaThread "Sweeper thread" daemon [_thread_blocked, id=20976, stack(0x0000007963800000,0x0000007963900000)]
  0x000001afac695cb0 JavaThread "Common-Cleaner" daemon [_thread_blocked, id=16084, stack(0x0000007963900000,0x0000007963a00000)]
  0x000001afac78bd80 JavaThread "Notification Thread" daemon [_thread_blocked, id=13800, stack(0x0000007963a00000,0x0000007963b00000)]
  0x000001afba8b7cc0 JavaThread "Daemon health stats" [_thread_blocked, id=604, stack(0x0000007964100000,0x0000007964200000)]
  0x000001afb9e141e0 JavaThread "Incoming local TCP Connector on port 64589" [_thread_in_native, id=21032, stack(0x0000007964200000,0x0000007964300000)]
  0x000001afbb662aa0 JavaThread "Daemon periodic checks" [_thread_blocked, id=25260, stack(0x0000007964300000,0x0000007964400000)]
  0x000001afba0899f0 JavaThread "Daemon" [_thread_blocked, id=17752, stack(0x0000007964400000,0x0000007964500000)]
  0x000001afba31f030 JavaThread "Handler for socket connection from /127.0.0.1:64589 to /127.0.0.1:64590" [_thread_in_native, id=16048, stack(0x0000007964500000,0x0000007964600000)]
  0x000001afba9b35f0 JavaThread "Cancel handler" [_thread_blocked, id=5724, stack(0x0000007964600000,0x0000007964700000)]
  0x000001afba8aa5a0 JavaThread "Daemon worker" [_thread_in_vm, id=24752, stack(0x0000007964700000,0x0000007964800000)]
  0x000001afb9ab9010 JavaThread "Asynchronous log dispatcher for DefaultDaemonConnection: socket connection from /127.0.0.1:64589 to /127.0.0.1:64590" [_thread_blocked, id=2340, stack(0x0000007964800000,0x0000007964900000)]
  0x000001afb9abb380 JavaThread "Stdin handler" [_thread_blocked, id=6148, stack(0x0000007964900000,0x0000007964a00000)]
  0x000001afb9aba450 JavaThread "Daemon client event forwarder" [_thread_blocked, id=14536, stack(0x0000007964a00000,0x0000007964b00000)]
  0x000001afb9aba960 JavaThread "Cache worker for journal cache (C:\Users\ASUS\.gradle\caches\journal-1)" [_thread_blocked, id=18120, stack(0x0000007964b00000,0x0000007964c00000)]
  0x000001afb9ab9a30 JavaThread "File lock request listener" [_thread_in_native, id=16092, stack(0x0000007964c00000,0x0000007964d00000)]
  0x000001afb9ab9520 JavaThread "Cache worker for file hash cache (C:\Users\ASUS\.gradle\caches\8.7\fileHashes)" [_thread_blocked, id=9512, stack(0x0000007964f00000,0x0000007965000000)]
  0x000001afbab58ad0 JavaThread "C2 CompilerThread1" daemon [_thread_in_native, id=612, stack(0x0000007965000000,0x0000007965100000)]
  0x000001afb9abae70 JavaThread "Cache worker for file hash cache (D:\java\vscodejava\doan\be\new\lms\.gradle\8.7\fileHashes)" [_thread_blocked, id=21656, stack(0x0000007965100000,0x0000007965200000)]
  0x000001afb9abb890 JavaThread "File watcher server" daemon [_thread_in_native, id=7180, stack(0x0000007965200000,0x0000007965300000)]
  0x000001afb9abbda0 JavaThread "File watcher consumer" daemon [_thread_blocked, id=25520, stack(0x0000007965300000,0x0000007965400000)]
  0x000001afb9abc2b0 JavaThread "Cache worker for checksums cache (D:\java\vscodejava\doan\be\new\lms\.gradle\8.7\checksums)" [_thread_blocked, id=25540, stack(0x0000007965500000,0x0000007965600000)]
  0x000001afb9abc7c0 JavaThread "Cache worker for cache directory md-supplier (C:\Users\ASUS\.gradle\caches\8.7\md-supplier)" [_thread_blocked, id=22812, stack(0x0000007965600000,0x0000007965700000)]
  0x000001afbb25a450 JavaThread "Cache worker for cache directory md-rule (C:\Users\ASUS\.gradle\caches\8.7\md-rule)" [_thread_blocked, id=19560, stack(0x0000007965700000,0x0000007965800000)]
  0x000001afbb259f40 JavaThread "Cache worker for file content cache (C:\Users\ASUS\.gradle\caches\8.7\fileContent)" [_thread_blocked, id=8624, stack(0x0000007965800000,0x0000007965900000)]
  0x000001afbb25a960 JavaThread "jar transforms" [_thread_blocked, id=8680, stack(0x0000007965900000,0x0000007965a00000)]

Other Threads:
  0x000001afac4296d0 VMThread "VM Thread" [stack: 0x0000007962f00000,0x0000007963000000] [id=24532]
  0x000001af925a2e90 WatcherThread [stack: 0x0000007963b00000,0x0000007963c00000] [id=16920]
  0x000001af9257d430 GCTaskThread "GC Thread#0" [stack: 0x0000007962a00000,0x0000007962b00000] [id=18296]
  0x000001afb9b70600 GCTaskThread "GC Thread#1" [stack: 0x0000007963d00000,0x0000007963e00000] [id=22196]
  0x000001afb96df060 GCTaskThread "GC Thread#2" [stack: 0x0000007963e00000,0x0000007963f00000] [id=14764]
  0x000001afb9beac40 GCTaskThread "GC Thread#3" [stack: 0x0000007963f00000,0x0000007964000000] [id=16980]
  0x000001afb96166e0 GCTaskThread "GC Thread#4" [stack: 0x0000007964000000,0x0000007964100000] [id=1988]
  0x000001afbb799c90 GCTaskThread "GC Thread#5" [stack: 0x0000007963c00000,0x0000007963d00000] [id=11720]
  0x000001afbafeafa0 GCTaskThread "GC Thread#6" [stack: 0x0000007964d00000,0x0000007964e00000] [id=18648]
  0x000001afbbb56830 GCTaskThread "GC Thread#7" [stack: 0x0000007964e00000,0x0000007964f00000] [id=19004]
  0x000001af92580290 ConcurrentGCThread "G1 Main Marker" [stack: 0x0000007962b00000,0x0000007962c00000] [id=19748]
  0x000001af92580bb0 ConcurrentGCThread "G1 Conc#0" [stack: 0x0000007962c00000,0x0000007962d00000] [id=21712]
  0x000001afbce06f90 ConcurrentGCThread "G1 Conc#1" [stack: 0x0000007965400000,0x0000007965500000] [id=2604]
  0x000001af9260c590 ConcurrentGCThread "G1 Refine#0" [stack: 0x0000007962d00000,0x0000007962e00000] [id=24580]
  0x000001af9260ced0 ConcurrentGCThread "G1 Service" [stack: 0x0000007962e00000,0x0000007962f00000] [id=23988]

Threads with active compile tasks:
C2 CompilerThread0     5428 3964       4       groovyjarjarantlr4.v4.runtime.atn.PredictionContext::getCachedContext (297 bytes)
C2 CompilerThread1     5428 4497   !   4       java.net.URLClassLoader::findClass (47 bytes)

VM state: not at safepoint (normal execution)

VM Mutex/Monitor currently owned by a thread: None

Heap address: 0x00000000f0000000, size: 256 MB, Compressed Oops mode: 32-bit

CDS archive(s) mapped at: [0x000001afad000000-0x000001afadbd0000-0x000001afadbd0000), size 12386304, SharedBaseAddress: 0x000001afad000000, ArchiveRelocationMode: 1.
Compressed class space mapped at: 0x000001afae000000-0x000001afb5000000, reserved size: 117440512
Narrow klass base: 0x000001afad000000, Narrow klass shift: 0, Narrow klass range: 0x100000000

GC Precious Log:
 CPUs: 8 total, 8 available
 Memory: 7883M
 Large Page Support: Disabled
 NUMA Support: Disabled
 Compressed Oops: Enabled (32-bit)
 Heap Region Size: 1M
 Heap Min Capacity: 8M
 Heap Initial Capacity: 124M
 Heap Max Capacity: 256M
 Pre-touch: Disabled
 Parallel Workers: 8
 Concurrent Workers: 2
 Concurrent Refinement Workers: 8
 Periodic GC: Disabled

Heap:
 garbage-first heap   total 86016K, used 42558K [0x00000000f0000000, 0x0000000100000000)
  region size 1024K, 14 young (14336K), 3 survivors (3072K)
 Metaspace       used 36861K, committed 37312K, reserved 180224K
  class space    used 5285K, committed 5504K, reserved 114688K

Heap Regions: E=young(eden), S=young(survivor), O=old, HS=humongous(starts), HC=humongous(continues), CS=collection set, F=free, OA=open archive, CA=closed archive, TAMS=top-at-mark-start (previous, next)
|   0|0x00000000f0000000, 0x00000000f0100000, 0x00000000f0100000|100%|HS|  |TAMS 0x00000000f0100000, 0x00000000f0000000| Complete 
|   1|0x00000000f0100000, 0x00000000f0200000, 0x00000000f0200000|100%|HC|  |TAMS 0x00000000f0200000, 0x00000000f0100000| Complete 
|   2|0x00000000f0200000, 0x00000000f0300000, 0x00000000f0300000|100%|HC|  |TAMS 0x00000000f0300000, 0x00000000f0200000| Complete 
|   3|0x00000000f0300000, 0x00000000f0400000, 0x00000000f0400000|100%|HC|  |TAMS 0x00000000f0400000, 0x00000000f0300000| Complete 
|   4|0x00000000f0400000, 0x00000000f0500000, 0x00000000f0500000|100%| O|  |TAMS 0x00000000f0500000, 0x00000000f0400000| Untracked 
|   5|0x00000000f0500000, 0x00000000f0600000, 0x00000000f0600000|100%| O|  |TAMS 0x00000000f0600000, 0x00000000f0500000| Untracked 
|   6|0x00000000f0600000, 0x00000000f0700000, 0x00000000f0700000|100%| O|  |TAMS 0x00000000f0700000, 0x00000000f0600000| Untracked 
|   7|0x00000000f0700000, 0x00000000f0800000, 0x00000000f0800000|100%| O|  |TAMS 0x00000000f0800000, 0x00000000f0700000| Untracked 
|   8|0x00000000f0800000, 0x00000000f0900000, 0x00000000f0900000|100%| O|  |TAMS 0x00000000f0900000, 0x00000000f0800000| Untracked 
|   9|0x00000000f0900000, 0x00000000f0a00000, 0x00000000f0a00000|100%| O|  |TAMS 0x00000000f0a00000, 0x00000000f0900000| Untracked 
|  10|0x00000000f0a00000, 0x00000000f0b00000, 0x00000000f0b00000|100%| O|  |TAMS 0x00000000f0b00000, 0x00000000f0a00000| Untracked 
|  11|0x00000000f0b00000, 0x00000000f0c00000, 0x00000000f0c00000|100%| O|  |TAMS 0x00000000f0c00000, 0x00000000f0b00000| Untracked 
|  12|0x00000000f0c00000, 0x00000000f0d00000, 0x00000000f0d00000|100%| O|  |TAMS 0x00000000f0d00000, 0x00000000f0c00000| Untracked 
|  13|0x00000000f0d00000, 0x00000000f0e00000, 0x00000000f0e00000|100%| O|  |TAMS 0x00000000f0e00000, 0x00000000f0d00000| Untracked 
|  14|0x00000000f0e00000, 0x00000000f0f00000, 0x00000000f0f00000|100%| O|  |TAMS 0x00000000f0f00000, 0x00000000f0e00000| Untracked 
|  15|0x00000000f0f00000, 0x00000000f1000000, 0x00000000f1000000|100%| O|  |TAMS 0x00000000f1000000, 0x00000000f0f00000| Untracked 
|  16|0x00000000f1000000, 0x00000000f1100000, 0x00000000f1100000|100%| O|  |TAMS 0x00000000f1100000, 0x00000000f1000000| Untracked 
|  17|0x00000000f1100000, 0x00000000f1200000, 0x00000000f1200000|100%| O|  |TAMS 0x00000000f1200000, 0x00000000f1100000| Untracked 
|  18|0x00000000f1200000, 0x00000000f1300000, 0x00000000f1300000|100%| O|  |TAMS 0x00000000f1300000, 0x00000000f1200000| Untracked 
|  19|0x00000000f1300000, 0x00000000f1363800, 0x00000000f1400000| 38%| O|  |TAMS 0x00000000f1363800, 0x00000000f1300000| Untracked 
|  20|0x00000000f1400000, 0x00000000f1500000, 0x00000000f1500000|100%| O|  |TAMS 0x00000000f1500000, 0x00000000f1400000| Untracked 
|  21|0x00000000f1500000, 0x00000000f1600000, 0x00000000f1600000|100%| O|  |TAMS 0x00000000f1600000, 0x00000000f1500000| Untracked 
|  22|0x00000000f1600000, 0x00000000f1700000, 0x00000000f1700000|100%| O|  |TAMS 0x00000000f1700000, 0x00000000f1600000| Untracked 
|  23|0x00000000f1700000, 0x00000000f1800000, 0x00000000f1800000|100%| O|  |TAMS 0x00000000f1800000, 0x00000000f1700000| Untracked 
|  24|0x00000000f1800000, 0x00000000f1900000, 0x00000000f1900000|100%| O|  |TAMS 0x00000000f1900000, 0x00000000f1800000| Untracked 
|  25|0x00000000f1900000, 0x00000000f1a00000, 0x00000000f1a00000|100%| O|  |TAMS 0x00000000f1a00000, 0x00000000f1900000| Untracked 
|  26|0x00000000f1a00000, 0x00000000f1b00000, 0x00000000f1b00000|100%| O|  |TAMS 0x00000000f1b00000, 0x00000000f1a00000| Untracked 
|  27|0x00000000f1b00000, 0x00000000f1c00000, 0x00000000f1c00000|100%| O|  |TAMS 0x00000000f1b62000, 0x00000000f1b00000| Untracked 
|  28|0x00000000f1c00000, 0x00000000f1d00000, 0x00000000f1d00000|100%| O|  |TAMS 0x00000000f1c00000, 0x00000000f1c00000| Untracked 
|  29|0x00000000f1d00000, 0x00000000f1d50200, 0x00000000f1e00000| 31%| O|  |TAMS 0x00000000f1d00000, 0x00000000f1d00000| Untracked 
|  30|0x00000000f1e00000, 0x00000000f1e00000, 0x00000000f1f00000|  0%| F|  |TAMS 0x00000000f1e00000, 0x00000000f1e00000| Untracked 
|  31|0x00000000f1f00000, 0x00000000f1f00000, 0x00000000f2000000|  0%| F|  |TAMS 0x00000000f1f00000, 0x00000000f1f00000| Untracked 
|  32|0x00000000f2000000, 0x00000000f2000000, 0x00000000f2100000|  0%| F|  |TAMS 0x00000000f2000000, 0x00000000f2000000| Untracked 
|  33|0x00000000f2100000, 0x00000000f2100000, 0x00000000f2200000|  0%| F|  |TAMS 0x00000000f2100000, 0x00000000f2100000| Untracked 
|  34|0x00000000f2200000, 0x00000000f2200000, 0x00000000f2300000|  0%| F|  |TAMS 0x00000000f2200000, 0x00000000f2200000| Untracked 
|  35|0x00000000f2300000, 0x00000000f2300000, 0x00000000f2400000|  0%| F|  |TAMS 0x00000000f2300000, 0x00000000f2300000| Untracked 
|  36|0x00000000f2400000, 0x00000000f2400000, 0x00000000f2500000|  0%| F|  |TAMS 0x00000000f2400000, 0x00000000f2400000| Untracked 
|  37|0x00000000f2500000, 0x00000000f2500000, 0x00000000f2600000|  0%| F|  |TAMS 0x00000000f2500000, 0x00000000f2500000| Untracked 
|  38|0x00000000f2600000, 0x00000000f2600000, 0x00000000f2700000|  0%| F|  |TAMS 0x00000000f2600000, 0x00000000f2600000| Untracked 
|  39|0x00000000f2700000, 0x00000000f2700000, 0x00000000f2800000|  0%| F|  |TAMS 0x00000000f2700000, 0x00000000f2700000| Untracked 
|  40|0x00000000f2800000, 0x00000000f2800000, 0x00000000f2900000|  0%| F|  |TAMS 0x00000000f2800000, 0x00000000f2800000| Untracked 
|  41|0x00000000f2900000, 0x00000000f2900000, 0x00000000f2a00000|  0%| F|  |TAMS 0x00000000f2900000, 0x00000000f2900000| Untracked 
|  42|0x00000000f2a00000, 0x00000000f2a00000, 0x00000000f2b00000|  0%| F|  |TAMS 0x00000000f2a00000, 0x00000000f2a00000| Untracked 
|  43|0x00000000f2b00000, 0x00000000f2b00000, 0x00000000f2c00000|  0%| F|  |TAMS 0x00000000f2b00000, 0x00000000f2b00000| Untracked 
|  44|0x00000000f2c00000, 0x00000000f2c00000, 0x00000000f2d00000|  0%| F|  |TAMS 0x00000000f2c00000, 0x00000000f2c00000| Untracked 
|  45|0x00000000f2d00000, 0x00000000f2d00000, 0x00000000f2e00000|  0%| F|  |TAMS 0x00000000f2d00000, 0x00000000f2d00000| Untracked 
|  46|0x00000000f2e00000, 0x00000000f2e00000, 0x00000000f2f00000|  0%| F|  |TAMS 0x00000000f2e00000, 0x00000000f2e00000| Untracked 
|  47|0x00000000f2f00000, 0x00000000f2f00000, 0x00000000f3000000|  0%| F|  |TAMS 0x00000000f2f00000, 0x00000000f2f00000| Untracked 
|  48|0x00000000f3000000, 0x00000000f3000000, 0x00000000f3100000|  0%| F|  |TAMS 0x00000000f3000000, 0x00000000f3000000| Untracked 
|  49|0x00000000f3100000, 0x00000000f3100000, 0x00000000f3200000|  0%| F|  |TAMS 0x00000000f3100000, 0x00000000f3100000| Untracked 
|  50|0x00000000f3200000, 0x00000000f3200000, 0x00000000f3300000|  0%| F|  |TAMS 0x00000000f3200000, 0x00000000f3200000| Untracked 
|  51|0x00000000f3300000, 0x00000000f3300000, 0x00000000f3400000|  0%| F|  |TAMS 0x00000000f3300000, 0x00000000f3300000| Untracked 
|  52|0x00000000f3400000, 0x00000000f3400000, 0x00000000f3500000|  0%| F|  |TAMS 0x00000000f3400000, 0x00000000f3400000| Untracked 
|  53|0x00000000f3500000, 0x00000000f3500000, 0x00000000f3600000|  0%| F|  |TAMS 0x00000000f3500000, 0x00000000f3500000| Untracked 
|  54|0x00000000f3600000, 0x00000000f3600000, 0x00000000f3700000|  0%| F|  |TAMS 0x00000000f3600000, 0x00000000f3600000| Untracked 
|  55|0x00000000f3700000, 0x00000000f3700000, 0x00000000f3800000|  0%| F|  |TAMS 0x00000000f3700000, 0x00000000f3700000| Untracked 
|  56|0x00000000f3800000, 0x00000000f3800000, 0x00000000f3900000|  0%| F|  |TAMS 0x00000000f3800000, 0x00000000f3800000| Untracked 
|  57|0x00000000f3900000, 0x00000000f3900000, 0x00000000f3a00000|  0%| F|  |TAMS 0x00000000f3900000, 0x00000000f3900000| Untracked 
|  58|0x00000000f3a00000, 0x00000000f3a00000, 0x00000000f3b00000|  0%| F|  |TAMS 0x00000000f3a00000, 0x00000000f3a00000| Untracked 
|  59|0x00000000f3b00000, 0x00000000f3b00000, 0x00000000f3c00000|  0%| F|  |TAMS 0x00000000f3b00000, 0x00000000f3b00000| Untracked 
|  60|0x00000000f3c00000, 0x00000000f3c00000, 0x00000000f3d00000|  0%| F|  |TAMS 0x00000000f3c00000, 0x00000000f3c00000| Untracked 
|  61|0x00000000f3d00000, 0x00000000f3d00000, 0x00000000f3e00000|  0%| F|  |TAMS 0x00000000f3d00000, 0x00000000f3d00000| Untracked 
|  62|0x00000000f3e00000, 0x00000000f3e00000, 0x00000000f3f00000|  0%| F|  |TAMS 0x00000000f3e00000, 0x00000000f3e00000| Untracked 
|  63|0x00000000f3f00000, 0x00000000f3f00000, 0x00000000f4000000|  0%| F|  |TAMS 0x00000000f3f00000, 0x00000000f3f00000| Untracked 
|  64|0x00000000f4000000, 0x00000000f4000000, 0x00000000f4100000|  0%| F|  |TAMS 0x00000000f4000000, 0x00000000f4000000| Untracked 
|  65|0x00000000f4100000, 0x00000000f4100000, 0x00000000f4200000|  0%| F|  |TAMS 0x00000000f4100000, 0x00000000f4100000| Untracked 
|  66|0x00000000f4200000, 0x00000000f4200000, 0x00000000f4300000|  0%| F|  |TAMS 0x00000000f4200000, 0x00000000f4200000| Untracked 
|  67|0x00000000f4300000, 0x00000000f4300000, 0x00000000f4400000|  0%| F|  |TAMS 0x00000000f4300000, 0x00000000f4300000| Untracked 
|  68|0x00000000f4400000, 0x00000000f4400000, 0x00000000f4500000|  0%| F|  |TAMS 0x00000000f4400000, 0x00000000f4400000| Untracked 
|  69|0x00000000f4500000, 0x00000000f4500000, 0x00000000f4600000|  0%| F|  |TAMS 0x00000000f4500000, 0x00000000f4500000| Untracked 
|  70|0x00000000f4600000, 0x00000000f469bb20, 0x00000000f4700000| 60%| E|  |TAMS 0x00000000f4600000, 0x00000000f4600000| Complete 
|  71|0x00000000f4700000, 0x00000000f4800000, 0x00000000f4800000|100%| E|CS|TAMS 0x00000000f4700000, 0x00000000f4700000| Complete 
|  72|0x00000000f4800000, 0x00000000f4900000, 0x00000000f4900000|100%| E|CS|TAMS 0x00000000f4800000, 0x00000000f4800000| Complete 
|  73|0x00000000f4900000, 0x00000000f4a00000, 0x00000000f4a00000|100%| E|CS|TAMS 0x00000000f4900000, 0x00000000f4900000| Complete 
|  74|0x00000000f4a00000, 0x00000000f4b00000, 0x00000000f4b00000|100%| E|CS|TAMS 0x00000000f4a00000, 0x00000000f4a00000| Complete 
|  75|0x00000000f4b00000, 0x00000000f4c00000, 0x00000000f4c00000|100%| E|CS|TAMS 0x00000000f4b00000, 0x00000000f4b00000| Complete 
|  76|0x00000000f4c00000, 0x00000000f4d00000, 0x00000000f4d00000|100%| E|CS|TAMS 0x00000000f4c00000, 0x00000000f4c00000| Complete 
|  77|0x00000000f4d00000, 0x00000000f4e00000, 0x00000000f4e00000|100%| E|CS|TAMS 0x00000000f4d00000, 0x00000000f4d00000| Complete 
|  78|0x00000000f4e00000, 0x00000000f4edbe10, 0x00000000f4f00000| 85%| S|CS|TAMS 0x00000000f4e00000, 0x00000000f4e00000| Complete 
|  79|0x00000000f4f00000, 0x00000000f5000000, 0x00000000f5000000|100%| S|CS|TAMS 0x00000000f4f00000, 0x00000000f4f00000| Complete 
|  80|0x00000000f5000000, 0x00000000f5100000, 0x00000000f5100000|100%| S|CS|TAMS 0x00000000f5000000, 0x00000000f5000000| Complete 
|  81|0x00000000f5100000, 0x00000000f5200000, 0x00000000f5200000|100%| E|CS|TAMS 0x00000000f5100000, 0x00000000f5100000| Complete 
|  82|0x00000000f5200000, 0x00000000f5300000, 0x00000000f5300000|100%| E|CS|TAMS 0x00000000f5200000, 0x00000000f5200000| Complete 
| 123|0x00000000f7b00000, 0x00000000f7c00000, 0x00000000f7c00000|100%| E|CS|TAMS 0x00000000f7b00000, 0x00000000f7b00000| Complete 

Card table byte_map: [0x000001afa9110000,0x000001afa9190000] _byte_map_base: 0x000001afa8990000

Marking Bits (Prev, Next): (CMBitMap*) 0x000001af9257d960, (CMBitMap*) 0x000001af9257d9a0
 Prev Bits: [0x000001afa9210000, 0x000001afa9610000)
 Next Bits: [0x000001afa9610000, 0x000001afa9a10000)

Polling page: 0x000001af91d10000

Metaspace:

Usage:
  Non-class:     30.85 MB used.
      Class:      5.16 MB used.
       Both:     36.01 MB used.

Virtual space:
  Non-class space:       64.00 MB reserved,      31.06 MB ( 49%) committed,  1 nodes.
      Class space:      112.00 MB reserved,       5.38 MB (  5%) committed,  1 nodes.
             Both:      176.00 MB reserved,      36.44 MB ( 21%) committed. 

Chunk freelists:
   Non-Class:  992.00 KB
       Class:  10.55 MB
        Both:  11.52 MB

MaxMetaspaceSize: 128.00 MB
CompressedClassSpaceSize: 112.00 MB
Initial GC threshold: 21.00 MB
Current GC threshold: 59.06 MB
CDS: on
MetaspaceReclaimPolicy: balanced
 - commit_granule_bytes: 65536.
 - commit_granule_words: 8192.
 - virtual_space_node_default_size: 8388608.
 - enlarge_chunks_in_place: 1.
 - new_chunks_are_fully_committed: 0.
 - uncommit_free_chunks: 1.
 - use_allocation_guard: 0.
 - handle_deallocations: 1.


Internal statistics:

num_allocs_failed_limit: 6.
num_arena_births: 362.
num_arena_deaths: 0.
num_vsnodes_births: 2.
num_vsnodes_deaths: 0.
num_space_committed: 583.
num_space_uncommitted: 0.
num_chunks_returned_to_freelist: 6.
num_chunks_taken_from_freelist: 1760.
num_chunk_merges: 6.
num_chunk_splits: 1184.
num_chunks_enlarged: 865.
num_inconsistent_stats: 0.

CodeHeap 'non-profiled nmethods': size=120000Kb used=2429Kb max_used=2429Kb free=117570Kb
 bounds [0x000001afa18b0000, 0x000001afa1b20000, 0x000001afa8de0000]
CodeHeap 'profiled nmethods': size=120000Kb used=9573Kb max_used=9573Kb free=110426Kb
 bounds [0x000001af99de0000, 0x000001af9a740000, 0x000001afa1310000]
CodeHeap 'non-nmethods': size=5760Kb used=1624Kb max_used=1659Kb free=4135Kb
 bounds [0x000001afa1310000, 0x000001afa1580000, 0x000001afa18b0000]
 total_blobs=5410 nmethods=4728 adapters=593
 compilation: enabled
              stopped_count=0, restarted_count=0
 full_count=0

Compilation events (20 events):
Event: 5.392 Thread 0x000001afac454be0 4772       2       java.lang.reflect.AccessibleObject::isAccessChecked (25 bytes)
Event: 5.393 Thread 0x000001afac454be0 nmethod 4772 0x000001af9a72f410 code [0x000001af9a72f5c0, 0x000001af9a72f7a8]
Event: 5.398 Thread 0x000001afac454be0 4774       2       org.codehaus.groovy.reflection.CachedMethod::compareToCachedMethod (160 bytes)
Event: 5.400 Thread 0x000001afac454be0 nmethod 4774 0x000001af9a72f890 code [0x000001af9a72fb20, 0x000001af9a730188]
Event: 5.400 Thread 0x000001afac454be0 4776       3       org.codehaus.groovy.util.LazyReference::get (44 bytes)
Event: 5.400 Thread 0x000001afac454be0 nmethod 4776 0x000001af9a730810 code [0x000001af9a730a00, 0x000001af9a730e08]
Event: 5.400 Thread 0x000001afac454be0 4775       2       java.lang.Class::privateGetPublicMethods (224 bytes)
Event: 5.401 Thread 0x000001afac454be0 nmethod 4775 0x000001af9a730f90 code [0x000001af9a7311e0, 0x000001af9a731918]
Event: 5.401 Thread 0x000001afac454be0 4773       2       org.codehaus.groovy.reflection.CachedMethod::compareTo (25 bytes)
Event: 5.401 Thread 0x000001afac454be0 nmethod 4773 0x000001af9a731e90 code [0x000001af9a732040, 0x000001af9a732258]
Event: 5.401 Thread 0x000001afac454be0 4777       1       java.lang.ClassValue$Version::promise (5 bytes)
Event: 5.401 Thread 0x000001afac454be0 nmethod 4777 0x000001afa1b0ec10 code [0x000001afa1b0eda0, 0x000001afa1b0ee78]
Event: 5.402 Thread 0x000001afac454be0 4778       3       java.util.Spliterators::spliterator (25 bytes)
Event: 5.402 Thread 0x000001afac454be0 nmethod 4778 0x000001af9a732390 code [0x000001af9a732560, 0x000001af9a732998]
Event: 5.406 Thread 0x000001afac454be0 4779       1       org.codehaus.groovy.util.ManagedConcurrentLinkedQueue::access$000 (5 bytes)
Event: 5.406 Thread 0x000001afac454be0 nmethod 4779 0x000001afa1b0ef10 code [0x000001afa1b0f0a0, 0x000001afa1b0f158]
Event: 5.406 Thread 0x000001afac454be0 4780       1       org.codehaus.groovy.reflection.ClassInfo::access$200 (5 bytes)
Event: 5.406 Thread 0x000001afac454be0 nmethod 4780 0x000001afa1b0f210 code [0x000001afa1b0f3a0, 0x000001afa1b0f458]
Event: 5.406 Thread 0x000001afac454be0 4781       2       org.codehaus.groovy.reflection.ReflectionCache::isAssignableFrom (13 bytes)
Event: 5.407 Thread 0x000001afac454be0 nmethod 4781 0x000001af9a732b90 code [0x000001af9a732d40, 0x000001af9a732e88]

GC Heap History (18 events):
Event: 0.617 GC heap before
{Heap before GC invocations=0 (full 0):
 garbage-first heap   total 126976K, used 26624K [0x00000000f0000000, 0x0000000100000000)
  region size 1024K, 23 young (23552K), 0 survivors (0K)
 Metaspace       used 2936K, committed 3136K, reserved 180224K
  class space    used 373K, committed 448K, reserved 114688K
}
Event: 0.626 GC heap after
{Heap after GC invocations=1 (full 0):
 garbage-first heap   total 126976K, used 11008K [0x00000000f0000000, 0x0000000100000000)
  region size 1024K, 3 young (3072K), 3 survivors (3072K)
 Metaspace       used 2936K, committed 3136K, reserved 180224K
  class space    used 373K, committed 448K, reserved 114688K
}
Event: 1.090 GC heap before
{Heap before GC invocations=1 (full 0):
 garbage-first heap   total 126976K, used 37632K [0x00000000f0000000, 0x0000000100000000)
  region size 1024K, 29 young (29696K), 3 survivors (3072K)
 Metaspace       used 4002K, committed 4160K, reserved 180224K
  class space    used 492K, committed 576K, reserved 114688K
}
Event: 1.095 GC heap after
{Heap after GC invocations=2 (full 0):
 garbage-first heap   total 126976K, used 11623K [0x00000000f0000000, 0x0000000100000000)
  region size 1024K, 1 young (1024K), 1 survivors (1024K)
 Metaspace       used 4002K, committed 4160K, reserved 180224K
  class space    used 492K, committed 576K, reserved 114688K
}
Event: 2.607 GC heap before
{Heap before GC invocations=2 (full 0):
 garbage-first heap   total 126976K, used 77159K [0x00000000f0000000, 0x0000000100000000)
  region size 1024K, 64 young (65536K), 1 survivors (1024K)
 Metaspace       used 13736K, committed 14080K, reserved 180224K
  class space    used 1901K, committed 2048K, reserved 114688K
}
Event: 2.615 GC heap after
{Heap after GC invocations=3 (full 0):
 garbage-first heap   total 126976K, used 20004K [0x00000000f0000000, 0x0000000100000000)
  region size 1024K, 8 young (8192K), 8 survivors (8192K)
 Metaspace       used 13736K, committed 14080K, reserved 180224K
  class space    used 1901K, committed 2048K, reserved 114688K
}
Event: 3.462 GC heap before
{Heap before GC invocations=3 (full 0):
 garbage-first heap   total 126976K, used 74276K [0x00000000f0000000, 0x0000000100000000)
  region size 1024K, 62 young (63488K), 8 survivors (8192K)
 Metaspace       used 21184K, committed 21504K, reserved 180224K
  class space    used 3119K, committed 3264K, reserved 114688K
}
Event: 3.472 GC heap after
{Heap after GC invocations=4 (full 0):
 garbage-first heap   total 126976K, used 23116K [0x00000000f0000000, 0x0000000100000000)
  region size 1024K, 4 young (4096K), 4 survivors (4096K)
 Metaspace       used 21184K, committed 21504K, reserved 180224K
  class space    used 3119K, committed 3264K, reserved 114688K
}
Event: 4.161 GC heap before
{Heap before GC invocations=5 (full 0):
 garbage-first heap   total 86016K, used 69196K [0x00000000f0000000, 0x0000000100000000)
  region size 1024K, 50 young (51200K), 4 survivors (4096K)
 Metaspace       used 27274K, committed 27648K, reserved 180224K
  class space    used 4036K, committed 4224K, reserved 114688K
}
Event: 4.165 GC heap after
{Heap after GC invocations=6 (full 0):
 garbage-first heap   total 86016K, used 25053K [0x00000000f0000000, 0x0000000100000000)
  region size 1024K, 6 young (6144K), 6 survivors (6144K)
 Metaspace       used 27274K, committed 27648K, reserved 180224K
  class space    used 4036K, committed 4224K, reserved 114688K
}
Event: 4.450 GC heap before
{Heap before GC invocations=6 (full 0):
 garbage-first heap   total 86016K, used 61917K [0x00000000f0000000, 0x0000000100000000)
  region size 1024K, 43 young (44032K), 6 survivors (6144K)
 Metaspace       used 31478K, committed 31808K, reserved 180224K
  class space    used 4643K, committed 4800K, reserved 114688K
}
Event: 4.457 GC heap after
{Heap after GC invocations=7 (full 0):
 garbage-first heap   total 86016K, used 27728K [0x00000000f0000000, 0x0000000100000000)
  region size 1024K, 5 young (5120K), 5 survivors (5120K)
 Metaspace       used 31478K, committed 31808K, reserved 180224K
  class space    used 4643K, committed 4800K, reserved 114688K
}
Event: 4.653 GC heap before
{Heap before GC invocations=7 (full 0):
 garbage-first heap   total 86016K, used 64592K [0x00000000f0000000, 0x0000000100000000)
  region size 1024K, 41 young (41984K), 5 survivors (5120K)
 Metaspace       used 32228K, committed 32576K, reserved 180224K
  class space    used 4714K, committed 4864K, reserved 114688K
}
Event: 4.660 GC heap after
{Heap after GC invocations=8 (full 0):
 garbage-first heap   total 86016K, used 29713K [0x00000000f0000000, 0x0000000100000000)
  region size 1024K, 5 young (5120K), 5 survivors (5120K)
 Metaspace       used 32228K, committed 32576K, reserved 180224K
  class space    used 4714K, committed 4864K, reserved 114688K
}
Event: 5.159 GC heap before
{Heap before GC invocations=8 (full 0):
 garbage-first heap   total 86016K, used 65553K [0x00000000f0000000, 0x0000000100000000)
  region size 1024K, 40 young (40960K), 5 survivors (5120K)
 Metaspace       used 35295K, committed 35584K, reserved 180224K
  class space    used 5100K, committed 5248K, reserved 114688K
}
Event: 5.164 GC heap after
{Heap after GC invocations=9 (full 0):
 garbage-first heap   total 86016K, used 31836K [0x00000000f0000000, 0x0000000100000000)
  region size 1024K, 5 young (5120K), 5 survivors (5120K)
 Metaspace       used 35295K, committed 35584K, reserved 180224K
  class space    used 5100K, committed 5248K, reserved 114688K
}
Event: 5.186 GC heap before
{Heap before GC invocations=9 (full 0):
 garbage-first heap   total 86016K, used 33884K [0x00000000f0000000, 0x0000000100000000)
  region size 1024K, 8 young (8192K), 5 survivors (5120K)
 Metaspace       used 35664K, committed 36096K, reserved 180224K
  class space    used 5126K, committed 5376K, reserved 114688K
}
Event: 5.190 GC heap after
{Heap after GC invocations=10 (full 0):
 garbage-first heap   total 86016K, used 32318K [0x00000000f0000000, 0x0000000100000000)
  region size 1024K, 3 young (3072K), 3 survivors (3072K)
 Metaspace       used 35664K, committed 36096K, reserved 180224K
  class space    used 5126K, committed 5376K, reserved 114688K
}

Deoptimization events (20 events):
Event: 5.138 Thread 0x000001afba8aa5a0 Uncommon trap: trap_request=0xffffffde fr.pc=0x000001afa18bb424 relative=0x00000000000001a4
Event: 5.138 Thread 0x000001afba8aa5a0 Uncommon trap: reason=class_check action=maybe_recompile pc=0x000001afa18bb424 method=java.lang.String.equals(Ljava/lang/Object;)Z @ 8 c2
Event: 5.138 Thread 0x000001afba8aa5a0 DEOPT PACKING pc=0x000001afa18bb424 sp=0x00000079647f8050
Event: 5.138 Thread 0x000001afba8aa5a0 DEOPT UNPACKING pc=0x000001afa1365ba3 sp=0x00000079647f7fe8 mode 2
Event: 5.172 Thread 0x000001afba8aa5a0 Uncommon trap: trap_request=0xffffffde fr.pc=0x000001afa18bb424 relative=0x00000000000001a4
Event: 5.172 Thread 0x000001afba8aa5a0 Uncommon trap: reason=class_check action=maybe_recompile pc=0x000001afa18bb424 method=java.lang.String.equals(Ljava/lang/Object;)Z @ 8 c2
Event: 5.172 Thread 0x000001afba8aa5a0 DEOPT PACKING pc=0x000001afa18bb424 sp=0x00000079647f80b0
Event: 5.172 Thread 0x000001afba8aa5a0 DEOPT UNPACKING pc=0x000001afa1365ba3 sp=0x00000079647f8048 mode 2
Event: 5.230 Thread 0x000001afba8aa5a0 Uncommon trap: trap_request=0xffffff45 fr.pc=0x000001afa1ab1a38 relative=0x0000000000000938
Event: 5.230 Thread 0x000001afba8aa5a0 Uncommon trap: reason=unstable_if action=reinterpret pc=0x000001afa1ab1a38 method=java.lang.ClassLoader.checkCerts(Ljava/lang/String;Ljava/security/CodeSource;)V @ 9 c2
Event: 5.230 Thread 0x000001afba8aa5a0 DEOPT PACKING pc=0x000001afa1ab1a38 sp=0x00000079647f7cb0
Event: 5.230 Thread 0x000001afba8aa5a0 DEOPT UNPACKING pc=0x000001afa1365ba3 sp=0x00000079647f7c10 mode 2
Event: 5.230 Thread 0x000001afba8aa5a0 Uncommon trap: trap_request=0xffffff45 fr.pc=0x000001afa1ab5380 relative=0x0000000000001140
Event: 5.230 Thread 0x000001afba8aa5a0 Uncommon trap: reason=unstable_if action=reinterpret pc=0x000001afa1ab5380 method=java.lang.Class.getPackageName()Ljava/lang/String; @ 55 c2
Event: 5.230 Thread 0x000001afba8aa5a0 DEOPT PACKING pc=0x000001afa1ab5380 sp=0x00000079647f7cb0
Event: 5.230 Thread 0x000001afba8aa5a0 DEOPT UNPACKING pc=0x000001afa1365ba3 sp=0x00000079647f7c10 mode 2
Event: 5.258 Thread 0x000001afba8aa5a0 Uncommon trap: trap_request=0xffffff45 fr.pc=0x000001afa1a1f7f0 relative=0x0000000000000730
Event: 5.258 Thread 0x000001afba8aa5a0 Uncommon trap: reason=unstable_if action=reinterpret pc=0x000001afa1a1f7f0 method=java.lang.Class.getPackageName()Ljava/lang/String; @ 55 c2
Event: 5.258 Thread 0x000001afba8aa5a0 DEOPT PACKING pc=0x000001afa1a1f7f0 sp=0x00000079647f7c40
Event: 5.258 Thread 0x000001afba8aa5a0 DEOPT UNPACKING pc=0x000001afa1365ba3 sp=0x00000079647f7c08 mode 2

Classes unloaded (0 events):
No events

Classes redefined (0 events):
No events

Internal exceptions (20 events):
Event: 4.101 Thread 0x000001afba8aa5a0 Exception <a 'java/lang/NoSuchMethodError'{0x00000000f2707980}: 'int java.lang.invoke.DirectMethodHandle$Holder.invokeInterface(java.lang.Object, java.lang.Object)'> (0x00000000f2707980) 
thrown [s\open\src\hotspot\share\interpreter\linkResolver.cpp, line 759]
Event: 4.111 Thread 0x000001afba8aa5a0 Exception <a 'java/lang/IncompatibleClassChangeError'{0x00000000f27bd5d8}: Found class java.lang.Object, but interface was expected> (0x00000000f27bd5d8) 
thrown [s\open\src\hotspot\share\interpreter\linkResolver.cpp, line 826]
Event: 4.117 Thread 0x000001afba8aa5a0 Exception <a 'java/lang/NoSuchMethodError'{0x00000000f2662d10}: 'void java.lang.invoke.DirectMethodHandle$Holder.invokeStatic(java.lang.Object, java.lang.Object, java.lang.Object, java.lang.Object, java.lang.Object, java.lang.Object)'> (0x00000000f2662d10) 
thrown [s\open\src\hotspot\share\interpreter\linkResolver.cpp, line 759]
Event: 4.193 Thread 0x000001afba8aa5a0 Exception <a 'java/lang/NoSuchMethodError'{0x00000000f51f5838}: 'void java.lang.invoke.DirectMethodHandle$Holder.invokeStaticInit(java.lang.Object, java.lang.Object, java.lang.Object)'> (0x00000000f51f5838) 
thrown [s\open\src\hotspot\share\interpreter\linkResolver.cpp, line 759]
Event: 4.194 Thread 0x000001afba8aa5a0 Exception <a 'java/lang/NoSuchMethodError'{0x00000000f51fcf80}: 'void java.lang.invoke.DirectMethodHandle$Holder.invokeStaticInit(java.lang.Object, java.lang.Object, java.lang.Object, java.lang.Object)'> (0x00000000f51fcf80) 
thrown [s\open\src\hotspot\share\interpreter\linkResolver.cpp, line 759]
Event: 4.195 Thread 0x000001afba8aa5a0 Exception <a 'java/lang/NoSuchMethodError'{0x00000000f501fc60}: 'void java.lang.invoke.DirectMethodHandle$Holder.invokeStaticInit(java.lang.Object, java.lang.Object, java.lang.Object, java.lang.Object, java.lang.Object)'> (0x00000000f501fc60) 
thrown [s\open\src\hotspot\share\interpreter\linkResolver.cpp, line 759]
Event: 4.334 Thread 0x000001afba8aa5a0 Exception <a 'java/lang/NoSuchMethodError'{0x00000000f3a66ca8}: 'void java.lang.invoke.DirectMethodHandle$Holder.invokeVirtual(java.lang.Object, java.lang.Object)'> (0x00000000f3a66ca8) 
thrown [s\open\src\hotspot\share\interpreter\linkResolver.cpp, line 759]
Event: 4.765 Thread 0x000001afba8aa5a0 Exception <a 'sun/nio/fs/WindowsException'{0x00000000f480ade0}> (0x00000000f480ade0) 
thrown [s\open\src\hotspot\share\prims\jni.cpp, line 516]
Event: 4.765 Thread 0x000001afba8aa5a0 Exception <a 'sun/nio/fs/WindowsException'{0x00000000f480c440}> (0x00000000f480c440) 
thrown [s\open\src\hotspot\share\prims\jni.cpp, line 516]
Event: 4.782 Thread 0x000001afba8aa5a0 Exception <a 'sun/nio/fs/WindowsException'{0x00000000f48ea0f0}> (0x00000000f48ea0f0) 
thrown [s\open\src\hotspot\share\prims\jni.cpp, line 516]
Event: 4.783 Thread 0x000001afba8aa5a0 Exception <a 'sun/nio/fs/WindowsException'{0x00000000f48ea370}> (0x00000000f48ea370) 
thrown [s\open\src\hotspot\share\prims\jni.cpp, line 516]
Event: 4.813 Thread 0x000001afba8aa5a0 Exception <a 'java/lang/NoSuchMethodError'{0x00000000f46711a8}: 'java.lang.Object java.lang.invoke.DirectMethodHandle$Holder.invokeVirtual(java.lang.Object, java.lang.Object, int)'> (0x00000000f46711a8) 
thrown [s\open\src\hotspot\share\interpreter\linkResolver.cpp, line 759]
Event: 4.862 Thread 0x000001afba8aa5a0 Exception <a 'java/lang/NoSuchMethodError'{0x00000000f4566af8}: 'java.lang.Object java.lang.invoke.DirectMethodHandle$Holder.newInvokeSpecial(java.lang.Object, java.lang.Object, int, java.lang.Object)'> (0x00000000f4566af8) 
thrown [s\open\src\hotspot\share\interpreter\linkResolver.cpp, line 759]
Event: 4.862 Thread 0x000001afba8aa5a0 Exception <a 'java/lang/NoSuchMethodError'{0x00000000f456b3e0}: 'java.lang.Object java.lang.invoke.DirectMethodHandle$Holder.invokeSpecial(java.lang.Object, java.lang.Object, java.lang.Object, int, java.lang.Object)'> (0x00000000f456b3e0) 
thrown [s\open\src\hotspot\share\interpreter\linkResolver.cpp, line 759]
Event: 4.877 Thread 0x000001afbb25a960 Exception <a 'sun/nio/fs/WindowsException'{0x00000000f441fc28}> (0x00000000f441fc28) 
thrown [s\open\src\hotspot\share\prims\jni.cpp, line 516]
Event: 4.877 Thread 0x000001afbb25a960 Exception <a 'sun/nio/fs/WindowsException'{0x00000000f4420208}> (0x00000000f4420208) 
thrown [s\open\src\hotspot\share\prims\jni.cpp, line 516]
Event: 4.878 Thread 0x000001afbb25a960 Exception <a 'sun/nio/fs/WindowsException'{0x00000000f442de78}> (0x00000000f442de78) 
thrown [s\open\src\hotspot\share\prims\jni.cpp, line 516]
Event: 4.879 Thread 0x000001afbb25a960 Exception <a 'sun/nio/fs/WindowsException'{0x00000000f442dfe8}> (0x00000000f442dfe8) 
thrown [s\open\src\hotspot\share\prims\jni.cpp, line 516]
Event: 4.923 Thread 0x000001afba8aa5a0 Exception <a 'java/lang/NoSuchMethodError'{0x00000000f42d81e0}: 'void java.lang.invoke.DirectMethodHandle$Holder.invokeSpecialIFC(java.lang.Object, java.lang.Object, java.lang.Object)'> (0x00000000f42d81e0) 
thrown [s\open\src\hotspot\share\interpreter\linkResolver.cpp, line 759]
Event: 5.370 Thread 0x000001afba8aa5a0 Exception <a 'java/lang/NoSuchMethodError'{0x00000000f49579b0}: 'int java.lang.invoke.DirectMethodHandle$Holder.invokeStaticInit(java.lang.Object, java.lang.Object, java.lang.Object, java.lang.Object)'> (0x00000000f49579b0) 
thrown [s\open\src\hotspot\share\interpreter\linkResolver.cpp, line 759]

VM Operations (20 events):
Event: 5.153 Executing VM operation: HandshakeAllThreads
Event: 5.153 Executing VM operation: HandshakeAllThreads done
Event: 5.159 Executing VM operation: HandshakeAllThreads
Event: 5.159 Executing VM operation: HandshakeAllThreads done
Event: 5.159 Executing VM operation: G1CollectForAllocation
Event: 5.164 Executing VM operation: G1CollectForAllocation done
Event: 5.186 Executing VM operation: CollectForMetadataAllocation
Event: 5.190 Executing VM operation: CollectForMetadataAllocation done
Event: 5.209 Executing VM operation: G1Concurrent
Event: 5.211 Executing VM operation: G1Concurrent done
Event: 5.215 Executing VM operation: HandshakeAllThreads
Event: 5.216 Executing VM operation: HandshakeAllThreads done
Event: 5.219 Executing VM operation: G1Concurrent
Event: 5.219 Executing VM operation: G1Concurrent done
Event: 5.276 Executing VM operation: HandshakeAllThreads
Event: 5.277 Executing VM operation: HandshakeAllThreads done
Event: 5.346 Executing VM operation: HandshakeAllThreads
Event: 5.346 Executing VM operation: HandshakeAllThreads done
Event: 5.350 Executing VM operation: HandshakeAllThreads
Event: 5.350 Executing VM operation: HandshakeAllThreads done

Events (20 events):
Event: 5.388 loading class java/lang/ProcessHandle$Info
Event: 5.388 loading class java/lang/ProcessHandle$Info done
Event: 5.389 loading class java/lang/ProcessHandle
Event: 5.389 loading class java/lang/ProcessHandle done
Event: 5.394 loading class java/util/OptionalDouble
Event: 5.395 loading class java/util/OptionalDouble done
Event: 5.395 loading class java/util/OptionalLong
Event: 5.395 loading class java/util/OptionalLong done
Event: 5.395 loading class java/util/stream/LongStream
Event: 5.396 loading class java/util/stream/LongStream done
Event: 5.396 loading class java/util/stream/DoubleStream
Event: 5.397 loading class java/util/stream/DoubleStream done
Event: 5.397 loading class java/util/function/LongPredicate
Event: 5.397 loading class java/util/function/LongPredicate done
Event: 5.397 loading class java/util/function/DoublePredicate
Event: 5.398 loading class java/util/function/DoublePredicate done
Event: 5.398 loading class java/util/function/DoubleFunction
Event: 5.398 loading class java/util/function/DoubleFunction done
Event: 5.407 loading class java/lang/Enum$EnumDesc
Event: 5.407 loading class java/lang/Enum$EnumDesc done


Dynamic libraries:
0x00007ff76cf80000 - 0x00007ff76cf90000 	D:\downApp\bin\java.exe
0x00007ff8ed190000 - 0x00007ff8ed3a7000 	C:\WINDOWS\SYSTEM32\ntdll.dll
0x00007ff8ec620000 - 0x00007ff8ec6e4000 	C:\WINDOWS\System32\KERNEL32.DLL
0x00007ff8ea580000 - 0x00007ff8ea952000 	C:\WINDOWS\System32\KERNELBASE.dll
0x00007ff8eac80000 - 0x00007ff8ead91000 	C:\WINDOWS\System32\ucrtbase.dll
0x00007ff8cb950000 - 0x00007ff8cb96b000 	D:\downApp\bin\VCRUNTIME140.dll
0x00007ff8d23e0000 - 0x00007ff8d23f9000 	D:\downApp\bin\jli.dll
0x00007ff8ec490000 - 0x00007ff8ec541000 	C:\WINDOWS\System32\ADVAPI32.dll
0x00007ff8eaf00000 - 0x00007ff8eafa7000 	C:\WINDOWS\System32\msvcrt.dll
0x00007ff8ec550000 - 0x00007ff8ec5f8000 	C:\WINDOWS\System32\sechost.dll
0x00007ff8eaaa0000 - 0x00007ff8eaac8000 	C:\WINDOWS\System32\bcrypt.dll
0x00007ff8ed030000 - 0x00007ff8ed144000 	C:\WINDOWS\System32\RPCRT4.dll
0x00007ff8ec9a0000 - 0x00007ff8ecb51000 	C:\WINDOWS\System32\USER32.dll
0x00007ff8ea3f0000 - 0x00007ff8ea416000 	C:\WINDOWS\System32\win32u.dll
0x00007ff8dcfa0000 - 0x00007ff8dd23b000 	C:\WINDOWS\WinSxS\amd64_microsoft.windows.common-controls_6595b64144ccf1df_6.0.22621.5415_none_270d77d17387d7da\COMCTL32.dll
0x00007ff8ec6f0000 - 0x00007ff8ec719000 	C:\WINDOWS\System32\GDI32.dll
0x00007ff8eab50000 - 0x00007ff8eac73000 	C:\WINDOWS\System32\gdi32full.dll
0x00007ff8ea420000 - 0x00007ff8ea4ba000 	C:\WINDOWS\System32\msvcp_win.dll
0x00007ff8e0510000 - 0x00007ff8e051a000 	C:\WINDOWS\SYSTEM32\VERSION.dll
0x00007ff8ecff0000 - 0x00007ff8ed021000 	C:\WINDOWS\System32\IMM32.DLL
0x00007ff8cb940000 - 0x00007ff8cb94c000 	D:\downApp\bin\vcruntime140_1.dll
0x00007ff8cb970000 - 0x00007ff8cb9fe000 	D:\downApp\bin\msvcp140.dll
0x00007ff84d4b0000 - 0x00007ff84e091000 	D:\downApp\bin\server\jvm.dll
0x00007ff8ec720000 - 0x00007ff8ec728000 	C:\WINDOWS\System32\PSAPI.DLL
0x00007ff8e07c0000 - 0x00007ff8e07c9000 	C:\WINDOWS\SYSTEM32\WSOCK32.dll
0x00007ff8ddc90000 - 0x00007ff8ddcc4000 	C:\WINDOWS\SYSTEM32\WINMM.dll
0x00007ff8ec8d0000 - 0x00007ff8ec941000 	C:\WINDOWS\System32\WS2_32.dll
0x00007ff8e9300000 - 0x00007ff8e9318000 	C:\WINDOWS\SYSTEM32\kernel.appcore.dll
0x00007ff8e17f0000 - 0x00007ff8e17fa000 	D:\downApp\bin\jimage.dll
0x00007ff8e7c80000 - 0x00007ff8e7eb3000 	C:\WINDOWS\SYSTEM32\DBGHELP.DLL
0x00007ff8ecb60000 - 0x00007ff8ecef3000 	C:\WINDOWS\System32\combase.dll
0x00007ff8eae20000 - 0x00007ff8eaef7000 	C:\WINDOWS\System32\OLEAUT32.dll
0x00007ff8cb700000 - 0x00007ff8cb732000 	C:\WINDOWS\SYSTEM32\dbgcore.DLL
0x00007ff8eada0000 - 0x00007ff8eae1b000 	C:\WINDOWS\System32\bcryptPrimitives.dll
0x00007ff8c99a0000 - 0x00007ff8c99ae000 	D:\downApp\bin\instrument.dll
0x00007ff8c2ff0000 - 0x00007ff8c3015000 	D:\downApp\bin\java.dll
0x00007ff8a54a0000 - 0x00007ff8a5577000 	D:\downApp\bin\jsvml.dll
0x00007ff8eafb0000 - 0x00007ff8eb852000 	C:\WINDOWS\System32\SHELL32.dll
0x00007ff8ea960000 - 0x00007ff8eaa9f000 	C:\WINDOWS\System32\wintypes.dll
0x00007ff8e8160000 - 0x00007ff8e8a7e000 	C:\WINDOWS\SYSTEM32\windows.storage.dll
0x00007ff8ec7c0000 - 0x00007ff8ec8cb000 	C:\WINDOWS\System32\SHCORE.dll
0x00007ff8ecf80000 - 0x00007ff8ecfe9000 	C:\WINDOWS\System32\shlwapi.dll
0x00007ff8ea1b0000 - 0x00007ff8ea1db000 	C:\WINDOWS\SYSTEM32\profapi.dll
0x00007ff8c6350000 - 0x00007ff8c6368000 	D:\downApp\bin\zip.dll
0x00007ff8c8780000 - 0x00007ff8c8799000 	D:\downApp\bin\net.dll
0x00007ff8e3190000 - 0x00007ff8e32bc000 	C:\WINDOWS\SYSTEM32\WINHTTP.dll
0x00007ff8e97d0000 - 0x00007ff8e9839000 	C:\WINDOWS\system32\mswsock.dll
0x00007ff8c74a0000 - 0x00007ff8c74b6000 	D:\downApp\bin\nio.dll
0x00007ff8d5070000 - 0x00007ff8d5080000 	D:\downApp\bin\verify.dll
0x00007ff8be3c0000 - 0x00007ff8be3e7000 	C:\Users\ASUS\.gradle\native\c067742578af261105cb4f569cf0c3c89f3d7b1fecec35dd04571415982c5e48\windows-amd64\native-platform.dll
0x00007ff891ae0000 - 0x00007ff891c24000 	C:\Users\ASUS\.gradle\native\38dada09dfb8b06ba9b0570ebf7e218e3eb74d4ef43ca46872605cf95ebc2f47\windows-amd64\native-platform-file-events.dll
0x00007ff8cc840000 - 0x00007ff8cc84a000 	D:\downApp\bin\management.dll
0x00007ff8cb630000 - 0x00007ff8cb63b000 	D:\downApp\bin\management_ext.dll
0x00007ff8e9a10000 - 0x00007ff8e9a2b000 	C:\WINDOWS\SYSTEM32\CRYPTSP.dll
0x00007ff8e92c0000 - 0x00007ff8e92f7000 	C:\WINDOWS\system32\rsaenh.dll
0x00007ff8e9880000 - 0x00007ff8e98a8000 	C:\WINDOWS\SYSTEM32\USERENV.dll
0x00007ff8e9a00000 - 0x00007ff8e9a0c000 	C:\WINDOWS\SYSTEM32\CRYPTBASE.dll
0x00007ff8e8da0000 - 0x00007ff8e8dcd000 	C:\WINDOWS\SYSTEM32\IPHLPAPI.DLL
0x00007ff8ebc40000 - 0x00007ff8ebc49000 	C:\WINDOWS\System32\NSI.dll
0x00007ff8e35f0000 - 0x00007ff8e3609000 	C:\WINDOWS\SYSTEM32\dhcpcsvc6.DLL
0x00007ff8e2f60000 - 0x00007ff8e2f7f000 	C:\WINDOWS\SYSTEM32\dhcpcsvc.DLL
0x00007ff8e8dd0000 - 0x00007ff8e8ec8000 	C:\WINDOWS\SYSTEM32\DNSAPI.dll
0x00007ff8cd4f0000 - 0x00007ff8cd4fe000 	D:\downApp\bin\sunmscapi.dll
0x00007ff8ea280000 - 0x00007ff8ea3e7000 	C:\WINDOWS\System32\CRYPT32.dll
0x00007ff8e9c10000 - 0x00007ff8e9c3d000 	C:\WINDOWS\SYSTEM32\ncrypt.dll
0x00007ff8e9bd0000 - 0x00007ff8e9c07000 	C:\WINDOWS\SYSTEM32\NTASN1.dll
0x00007ff887cf0000 - 0x00007ff887cf8000 	C:\WINDOWS\system32\wshunix.dll

dbghelp: loaded successfully - version: 4.0.5 - missing functions: none
symbol engine: initialized successfully - sym options: 0x614 - pdb path: .;D:\downApp\bin;C:\WINDOWS\SYSTEM32;C:\WINDOWS\WinSxS\amd64_microsoft.windows.common-controls_6595b64144ccf1df_6.0.22621.5415_none_270d77d17387d7da;D:\downApp\bin\server;C:\Users\ASUS\.gradle\native\c067742578af261105cb4f569cf0c3c89f3d7b1fecec35dd04571415982c5e48\windows-amd64;C:\Users\ASUS\.gradle\native\38dada09dfb8b06ba9b0570ebf7e218e3eb74d4ef43ca46872605cf95ebc2f47\windows-amd64

VM Arguments:
jvm_args: -XX:MaxMetaspaceSize=128m -XX:+UseG1GC --add-opens=java.base/java.util=ALL-UNNAMED --add-opens=java.base/java.lang=ALL-UNNAMED --add-opens=java.base/java.lang.invoke=ALL-UNNAMED --add-opens=java.prefs/java.util.prefs=ALL-UNNAMED --add-opens=java.base/java.nio.charset=ALL-UNNAMED --add-opens=java.base/java.net=ALL-UNNAMED --add-opens=java.base/java.util.concurrent.atomic=ALL-UNNAMED -Xmx256m -Dfile.encoding=utf8 -Duser.country=US -Duser.language=en -Duser.variant -javaagent:C:\Users\ASUS\.gradle\wrapper\dists\gradle-8.7-bin\bhs2wmbdwecv87pi65oeuq5iu\gradle-8.7\lib\agents\gradle-instrumentation-agent-8.7.jar 
java_command: org.gradle.launcher.daemon.bootstrap.GradleDaemon 8.7
java_class_path (initial): C:\Users\ASUS\.gradle\wrapper\dists\gradle-8.7-bin\bhs2wmbdwecv87pi65oeuq5iu\gradle-8.7\lib\gradle-launcher-8.7.jar
Launcher Type: SUN_STANDARD

[Global flags]
     intx CICompilerCount                          = 4                                         {product} {ergonomic}
   size_t CompressedClassSpaceSize                 = 117440512                                 {product} {ergonomic}
     uint ConcGCThreads                            = 2                                         {product} {ergonomic}
     uint G1ConcRefinementThreads                  = 8                                         {product} {ergonomic}
   size_t G1HeapRegionSize                         = 1048576                                   {product} {ergonomic}
    uintx GCDrainStackTargetSize                   = 64                                        {product} {ergonomic}
   size_t InitialHeapSize                          = 130023424                                 {product} {ergonomic}
   size_t MarkStackSize                            = 4194304                                   {product} {ergonomic}
   size_t MaxHeapSize                              = 268435456                                 {product} {command line}
   size_t MaxMetaspaceSize                         = 134217728                                 {product} {command line}
   size_t MaxNewSize                               = 160432128                                 {product} {ergonomic}
   size_t MinHeapDeltaBytes                        = 1048576                                   {product} {ergonomic}
   size_t MinHeapSize                              = 8388608                                   {product} {ergonomic}
    uintx NonNMethodCodeHeapSize                   = 5839372                                {pd product} {ergonomic}
    uintx NonProfiledCodeHeapSize                  = 122909434                              {pd product} {ergonomic}
    uintx ProfiledCodeHeapSize                     = 122909434                              {pd product} {ergonomic}
    uintx ReservedCodeCacheSize                    = 251658240                              {pd product} {ergonomic}
     bool SegmentedCodeCache                       = true                                      {product} {ergonomic}
   size_t SoftMaxHeapSize                          = 268435456                              {manageable} {ergonomic}
     bool UseCompressedClassPointers               = true                           {product lp64_product} {ergonomic}
     bool UseCompressedOops                        = true                           {product lp64_product} {ergonomic}
     bool UseG1GC                                  = true                                      {product} {command line}
     bool UseLargePagesIndividualAllocation        = false                                  {pd product} {ergonomic}

Logging:
Log output configuration:
 #0: stdout all=warning uptime,level,tags
 #1: stderr all=off uptime,level,tags

Environment Variables:
JAVA_HOME=D:\downApp
PATH=C:\Program Files\Common Files\Oracle\Java\javapath;D:\downApp\Scripts\;D:\downApp\;C:\Program Files\Microsoft MPI\Bin\;C:\Program Files (x86)\Common Files\Oracle\Java\javapath;C:\Windows\system32;C:\Windows;C:\Windows\System32\Wbem;C:\Windows\System32\WindowsPowerShell\v1.0\;C:\Windows\System32\OpenSSH\;C:\Program Files (x86)\NVIDIA Corporation\PhysX\Common;C:\Program Files\NVIDIA Corporation\NVIDIA NvDLISR;C:\WINDOWS\system32;C:\WINDOWS;C:\WINDOWS\System32\Wbem;C:\WINDOWS\System32\WindowsPowerShell\v1.0\;C:\WINDOWS\System32\OpenSSH\;C:\MinGW\bin;C:\Program Files\dotnet\;C:\Program Files\Microsoft SQL Server\150\Tools\Binn\;C:\Program Files\Microsoft SQL Server\Client SDK\ODBC\170\Tools\Binn\;C:\Program Files (x86)\Microsoft SQL Server\150\Tools\Binn\;C:\Program Files\Microsoft SQL Server\150\DTS\Binn\;C:\Program Files\Azure Data Studio\bin;C:\WINDOWS\system32;C:\WINDOWS;C:\WINDOWS\System32\Wbem;C:\WINDOWS\System32\WindowsPowerShell\v1.0\;C:\WINDOWS\System32\OpenSSH\;C:\laragon\bin\php\php-8.1.10-Win32-vs16-x64;D:\Git\Git\cmd;D:\laragon\laragon\bin\php\php-8.1.10-Win32-vs16-x64;D:\laragon\laragon;C:\Program Files (x86)\Microsoft SQL Server\160\Tools\Binn\;C:\Program Files\Microsoft SQL Server\160\Tools\Binn\;C:\Program Files\Microsoft SQL Server\160\DTS\Binn\;C:\Program Files\Java\apache-maven-3.9.9\bin;C:\Program Files\MySQL\MySQL Shell 8.0\bin\;C:\Users\ASUS\AppData\Local\Programs\Python\Python312\Scripts\;C:\Users\ASUS\AppData\Local\Programs\Python\Python312\;C:\Users\ASUS\AppData\Local\Programs\Python\Python311\Scripts\;C:\Users\ASUS\AppData\Local\Programs\Python\Python311\;D:\python\Scripts\;D:\python\;C:\Users\ASUS\AppData\Local\Microsoft\WindowsApps;D:\Microsoft VS Code\bin;C:\Program Files (x86)\Dev-Cpp\MinGW64\bin;C:\msys64\mingw64\bin;C:\Users\ASUS\.dotnet\tools;C:\Program Files\Azure Data Studio\bin;C:\Users\ASUS\AppData\Local\JetBrains\Toolbox\scripts;C:\Users\ASUS\AppData\Roaming\Composer\vendor\bin;C:\Users\ASUS\AppData\Local\Microsoft\WindowsApps;D:
USERNAME=ASUS
OS=Windows_NT
PROCESSOR_IDENTIFIER=Intel64 Family 6 Model 140 Stepping 1, GenuineIntel



---------------  S Y S T E M  ---------------

OS:
 Windows 11 , 64 bit Build 22621 (10.0.22621.5415)
OS uptime: 0 days 22:48 hours
Hyper-V role detected

CPU: total 8 (initial active 8) (4 cores per cpu, 2 threads per core) family 6 model 140 stepping 1 microcode 0x86, cx8, cmov, fxsr, ht, mmx, 3dnowpref, sse, sse2, sse3, ssse3, sse4.1, sse4.2, popcnt, lzcnt, tsc, tscinvbit, avx, avx2, aes, erms, clmul, bmi1, bmi2, adx, avx512f, avx512dq, avx512cd, avx512bw, avx512vl, sha, fma, vzeroupper, avx512_vpopcntdq, avx512_vpclmulqdq, avx512_vaes, avx512_vnni, clflush, clflushopt, clwb, avx512_vbmi2, avx512_vbmi, hv

Memory: 4k page, system-wide physical 7883M (336M free)
TotalPageFile size 28638M (AvailPageFile size 19M)
current process WorkingSet (physical memory assigned to process): 243M, peak: 243M
current process commit charge ("private bytes"): 283M, peak: 301M

vm_info: Java HotSpot(TM) 64-Bit Server VM (17.0.9+11-LTS-201) for windows-amd64 JRE (17.0.9+11-LTS-201), built on Oct 10 2023 23:16:06 by "mach5one" with MS VC++ 17.1 (VS2022)

END.
